<?xml version="1.0" encoding="UTF-8"?>
<testsuite xmlns:xsi="http://www.w3.org/2001/XMLSchema-instance" xsi:noNamespaceSchemaLocation="https://maven.apache.org/surefire/maven-surefire-plugin/xsd/surefire-test-report-3.0.xsd" version="3.0" name="org.jsoup.integration.ConnectTest" time="2.562" tests="44" errors="0" skipped="0" failures="0">
  <properties>
    <property name="awt.toolkit" value="sun.awt.X11.XToolkit"/>
    <property name="file.encoding.pkg" value="sun.io"/>
    <property name="java.specification.version" value="1.8"/>
    <property name="sun.cpu.isalist" value=""/>
    <property name="sun.jnu.encoding" value="ANSI_X3.4-1968"/>
    <property name="java.class.path" value="/home/ubuntu/hw2/jsoup/target/test-classes:/home/ubuntu/hw2/jsoup/target/generated-classes/cobertura:/home/ubuntu/.m2/repository/org/junit/jupiter/junit-jupiter/5.8.1/junit-jupiter-5.8.1.jar:/home/ubuntu/.m2/repository/org/junit/jupiter/junit-jupiter-api/5.8.1/junit-jupiter-api-5.8.1.jar:/home/ubuntu/.m2/repository/org/opentest4j/opentest4j/1.2.0/opentest4j-1.2.0.jar:/home/ubuntu/.m2/repository/org/junit/platform/junit-platform-commons/1.8.1/junit-platform-commons-1.8.1.jar:/home/ubuntu/.m2/repository/org/apiguardian/apiguardian-api/1.1.2/apiguardian-api-1.1.2.jar:/home/ubuntu/.m2/repository/org/junit/jupiter/junit-jupiter-params/5.8.1/junit-jupiter-params-5.8.1.jar:/home/ubuntu/.m2/repository/org/junit/jupiter/junit-jupiter-engine/5.8.1/junit-jupiter-engine-5.8.1.jar:/home/ubuntu/.m2/repository/org/junit/platform/junit-platform-engine/1.8.1/junit-platform-engine-1.8.1.jar:/home/ubuntu/.m2/repository/com/google/code/gson/gson/2.8.8/gson-2.8.8.jar:/home/ubuntu/.m2/repository/org/eclipse/jetty/jetty-server/9.4.43.v20210629/jetty-server-9.4.43.v20210629.jar:/home/ubuntu/.m2/repository/javax/servlet/javax.servlet-api/3.1.0/javax.servlet-api-3.1.0.jar:/home/ubuntu/.m2/repository/org/eclipse/jetty/jetty-http/9.4.43.v20210629/jetty-http-9.4.43.v20210629.jar:/home/ubuntu/.m2/repository/org/eclipse/jetty/jetty-util/9.4.43.v20210629/jetty-util-9.4.43.v20210629.jar:/home/ubuntu/.m2/repository/org/eclipse/jetty/jetty-io/9.4.43.v20210629/jetty-io-9.4.43.v20210629.jar:/home/ubuntu/.m2/repository/org/eclipse/jetty/jetty-servlet/9.4.43.v20210629/jetty-servlet-9.4.43.v20210629.jar:/home/ubuntu/.m2/repository/org/eclipse/jetty/jetty-security/9.4.43.v20210629/jetty-security-9.4.43.v20210629.jar:/home/ubuntu/.m2/repository/org/eclipse/jetty/jetty-util-ajax/9.4.43.v20210629/jetty-util-ajax-9.4.43.v20210629.jar:/home/ubuntu/.m2/repository/com/google/code/findbugs/jsr305/3.0.2/jsr305-3.0.2.jar:/home/ubuntu/.m2/repository/net/sourceforge/cobertura/cobertura/2.1.1/cobertura-2.1.1.jar:/home/ubuntu/.m2/repository/jaxen/jaxen/1.1.4/jaxen-1.1.4.jar:/home/ubuntu/.m2/repository/org/apache/ant/ant/1.8.3/ant-1.8.3.jar:/home/ubuntu/.m2/repository/org/apache/ant/ant-launcher/1.8.3/ant-launcher-1.8.3.jar:/home/ubuntu/.m2/repository/org/apache/ant/ant-junit/1.8.3/ant-junit-1.8.3.jar:/home/ubuntu/.m2/repository/org/mortbay/jetty/servlet-api-2.5/6.1.14/servlet-api-2.5-6.1.14.jar:/home/ubuntu/.m2/repository/org/mortbay/jetty/jetty/6.1.14/jetty-6.1.14.jar:/home/ubuntu/.m2/repository/org/mortbay/jetty/jetty-util/6.1.14/jetty-util-6.1.14.jar:/usr/lib/jvm/java-8-openjdk-amd64/jre/../lib/tools.jar:/home/ubuntu/.m2/repository/org/slf4j/slf4j-api/1.7.5/slf4j-api-1.7.5.jar:/home/ubuntu/.m2/repository/ch/qos/logback/logback-classic/1.0.13/logback-classic-1.0.13.jar:/home/ubuntu/.m2/repository/ch/qos/logback/logback-core/1.0.13/logback-core-1.0.13.jar:/home/ubuntu/.m2/repository/junit/junit/4.11/junit-4.11.jar:/home/ubuntu/.m2/repository/org/hamcrest/hamcrest-core/1.3/hamcrest-core-1.3.jar:/home/ubuntu/.m2/repository/org/apache/commons/commons-lang3/3.3.2/commons-lang3-3.3.2.jar:"/>
    <property name="java.vm.vendor" value="Private Build"/>
    <property name="sun.arch.data.model" value="64"/>
    <property name="java.vendor.url" value="http://java.oracle.com/"/>
    <property name="user.timezone" value="Etc/UTC"/>
    <property name="java.vm.specification.version" value="1.8"/>
    <property name="os.name" value="Linux"/>
    <property name="user.country" value="US"/>
    <property name="sun.java.launcher" value="SUN_STANDARD"/>
    <property name="sun.boot.library.path" value="/usr/lib/jvm/java-8-openjdk-amd64/jre/lib/amd64"/>
    <property name="sun.java.command" value="/home/ubuntu/hw2/jsoup/target/surefire/surefirebooter4701075921476652133.jar /home/ubuntu/hw2/jsoup/target/surefire 2021-09-28T06-03-17_693-jvmRun1 surefire1794840511097801536tmp surefire_0704956775821110536tmp"/>
    <property name="surefire.test.class.path" value="/home/ubuntu/hw2/jsoup/target/test-classes:/home/ubuntu/hw2/jsoup/target/generated-classes/cobertura:/home/ubuntu/.m2/repository/org/junit/jupiter/junit-jupiter/5.8.1/junit-jupiter-5.8.1.jar:/home/ubuntu/.m2/repository/org/junit/jupiter/junit-jupiter-api/5.8.1/junit-jupiter-api-5.8.1.jar:/home/ubuntu/.m2/repository/org/opentest4j/opentest4j/1.2.0/opentest4j-1.2.0.jar:/home/ubuntu/.m2/repository/org/junit/platform/junit-platform-commons/1.8.1/junit-platform-commons-1.8.1.jar:/home/ubuntu/.m2/repository/org/apiguardian/apiguardian-api/1.1.2/apiguardian-api-1.1.2.jar:/home/ubuntu/.m2/repository/org/junit/jupiter/junit-jupiter-params/5.8.1/junit-jupiter-params-5.8.1.jar:/home/ubuntu/.m2/repository/org/junit/jupiter/junit-jupiter-engine/5.8.1/junit-jupiter-engine-5.8.1.jar:/home/ubuntu/.m2/repository/org/junit/platform/junit-platform-engine/1.8.1/junit-platform-engine-1.8.1.jar:/home/ubuntu/.m2/repository/com/google/code/gson/gson/2.8.8/gson-2.8.8.jar:/home/ubuntu/.m2/repository/org/eclipse/jetty/jetty-server/9.4.43.v20210629/jetty-server-9.4.43.v20210629.jar:/home/ubuntu/.m2/repository/javax/servlet/javax.servlet-api/3.1.0/javax.servlet-api-3.1.0.jar:/home/ubuntu/.m2/repository/org/eclipse/jetty/jetty-http/9.4.43.v20210629/jetty-http-9.4.43.v20210629.jar:/home/ubuntu/.m2/repository/org/eclipse/jetty/jetty-util/9.4.43.v20210629/jetty-util-9.4.43.v20210629.jar:/home/ubuntu/.m2/repository/org/eclipse/jetty/jetty-io/9.4.43.v20210629/jetty-io-9.4.43.v20210629.jar:/home/ubuntu/.m2/repository/org/eclipse/jetty/jetty-servlet/9.4.43.v20210629/jetty-servlet-9.4.43.v20210629.jar:/home/ubuntu/.m2/repository/org/eclipse/jetty/jetty-security/9.4.43.v20210629/jetty-security-9.4.43.v20210629.jar:/home/ubuntu/.m2/repository/org/eclipse/jetty/jetty-util-ajax/9.4.43.v20210629/jetty-util-ajax-9.4.43.v20210629.jar:/home/ubuntu/.m2/repository/com/google/code/findbugs/jsr305/3.0.2/jsr305-3.0.2.jar:/home/ubuntu/.m2/repository/net/sourceforge/cobertura/cobertura/2.1.1/cobertura-2.1.1.jar:/home/ubuntu/.m2/repository/jaxen/jaxen/1.1.4/jaxen-1.1.4.jar:/home/ubuntu/.m2/repository/org/apache/ant/ant/1.8.3/ant-1.8.3.jar:/home/ubuntu/.m2/repository/org/apache/ant/ant-launcher/1.8.3/ant-launcher-1.8.3.jar:/home/ubuntu/.m2/repository/org/apache/ant/ant-junit/1.8.3/ant-junit-1.8.3.jar:/home/ubuntu/.m2/repository/org/mortbay/jetty/servlet-api-2.5/6.1.14/servlet-api-2.5-6.1.14.jar:/home/ubuntu/.m2/repository/org/mortbay/jetty/jetty/6.1.14/jetty-6.1.14.jar:/home/ubuntu/.m2/repository/org/mortbay/jetty/jetty-util/6.1.14/jetty-util-6.1.14.jar:/usr/lib/jvm/java-8-openjdk-amd64/jre/../lib/tools.jar:/home/ubuntu/.m2/repository/org/slf4j/slf4j-api/1.7.5/slf4j-api-1.7.5.jar:/home/ubuntu/.m2/repository/ch/qos/logback/logback-classic/1.0.13/logback-classic-1.0.13.jar:/home/ubuntu/.m2/repository/ch/qos/logback/logback-core/1.0.13/logback-core-1.0.13.jar:/home/ubuntu/.m2/repository/junit/junit/4.11/junit-4.11.jar:/home/ubuntu/.m2/repository/org/hamcrest/hamcrest-core/1.3/hamcrest-core-1.3.jar:/home/ubuntu/.m2/repository/org/apache/commons/commons-lang3/3.3.2/commons-lang3-3.3.2.jar:"/>
    <property name="sun.cpu.endian" value="little"/>
    <property name="user.home" value="/home/ubuntu"/>
    <property name="user.language" value="en"/>
    <property name="java.specification.vendor" value="Oracle Corporation"/>
    <property name="java.home" value="/usr/lib/jvm/java-8-openjdk-amd64/jre"/>
    <property name="basedir" value="/home/ubuntu/hw2/jsoup"/>
    <property name="file.separator" value="/"/>
    <property name="line.separator" value="&#10;"/>
    <property name="java.vm.specification.vendor" value="Oracle Corporation"/>
    <property name="java.specification.name" value="Java Platform API Specification"/>
    <property name="java.awt.graphicsenv" value="sun.awt.X11GraphicsEnvironment"/>
    <property name="surefire.real.class.path" value="/home/ubuntu/hw2/jsoup/target/surefire/surefirebooter4701075921476652133.jar"/>
    <property name="sun.boot.class.path" value="/usr/lib/jvm/java-8-openjdk-amd64/jre/lib/resources.jar:/usr/lib/jvm/java-8-openjdk-amd64/jre/lib/rt.jar:/usr/lib/jvm/java-8-openjdk-amd64/jre/lib/sunrsasign.jar:/usr/lib/jvm/java-8-openjdk-amd64/jre/lib/jsse.jar:/usr/lib/jvm/java-8-openjdk-amd64/jre/lib/jce.jar:/usr/lib/jvm/java-8-openjdk-amd64/jre/lib/charsets.jar:/usr/lib/jvm/java-8-openjdk-amd64/jre/lib/jfr.jar:/usr/lib/jvm/java-8-openjdk-amd64/jre/classes"/>
    <property name="sun.management.compiler" value="HotSpot 64-Bit Tiered Compilers"/>
    <property name="java.runtime.version" value="1.8.0_292-8u292-b10-0ubuntu1~16.04.1-b10"/>
    <property name="user.name" value="ubuntu"/>
    <property name="path.separator" value=":"/>
    <property name="os.version" value="4.4.0-1128-aws"/>
    <property name="java.endorsed.dirs" value="/usr/lib/jvm/java-8-openjdk-amd64/jre/lib/endorsed"/>
    <property name="java.runtime.name" value="OpenJDK Runtime Environment"/>
    <property name="file.encoding" value="ANSI_X3.4-1968"/>
    <property name="sun.net.http.allowRestrictedHeaders" value="true"/>
    <property name="java.vm.name" value="OpenJDK 64-Bit Server VM"/>
    <property name="localRepository" value="/home/ubuntu/.m2/repository"/>
    <property name="java.vendor.url.bug" value="http://bugreport.sun.com/bugreport/"/>
    <property name="jetty.git.hash" value="526006ecfa3af7f1a27ef3a288e2bef7ea9dd7e8"/>
    <property name="java.io.tmpdir" value="/tmp"/>
    <property name="java.version" value="1.8.0_292"/>
    <property name="user.dir" value="/home/ubuntu/hw2/jsoup"/>
    <property name="os.arch" value="amd64"/>
    <property name="java.vm.specification.name" value="Java Virtual Machine Specification"/>
    <property name="java.awt.printerjob" value="sun.print.PSPrinterJob"/>
    <property name="sun.os.patch.level" value="unknown"/>
    <property name="java.library.path" value="/usr/java/packages/lib/amd64:/usr/lib/x86_64-linux-gnu/jni:/lib/x86_64-linux-gnu:/usr/lib/x86_64-linux-gnu:/usr/lib/jni:/lib:/usr/lib"/>
    <property name="java.vm.info" value="mixed mode"/>
    <property name="java.vendor" value="Private Build"/>
    <property name="java.vm.version" value="25.292-b10"/>
    <property name="java.ext.dirs" value="/usr/lib/jvm/java-8-openjdk-amd64/jre/lib/ext:/usr/java/packages/lib/ext"/>
    <property name="sun.io.unicode.encoding" value="UnicodeLittle"/>
    <property name="java.class.version" value="52.0"/>
  </properties>
  <testcase name="multipleParsesOkAfterBufferUp" classname="org.jsoup.integration.ConnectTest" time="0.018">
    <system-out><![CDATA[[DEBUG] Selector sun.nio.ch.EPollSelectorImpl@36abfb12 woken up from select, 1/1/1 selected
[DEBUG] Selector sun.nio.ch.EPollSelectorImpl@36abfb12 processing 1 keys, 0 updates
[DEBUG] selected 1 sun.nio.ch.SelectionKeyImpl@4654c5b9 SocketChannelEndPoint@7c84d6a0{l=/127.0.0.1:35372,r=/127.0.0.1:60186,OPEN,fill=FI,flush=-,to=2817/30000}{io=1/1,kio=1,kro=1}->HttpConnection@60cb21a2[p=HttpParser{s=START,0 of -1},g=HttpGenerator@3ae636a6{s=START}]=>HttpChannelOverHttp@16e68720{s=HttpChannelState@25abfa74{s=IDLE rs=BLOCKING os=OPEN is=IDLE awp=false se=false i=true al=0},r=3,c=false/false,a=IDLE,uri=null,age=0} 
[DEBUG] onSelected 1->0 r=true w=false for SocketChannelEndPoint@7c84d6a0{l=/127.0.0.1:35372,r=/127.0.0.1:60186,OPEN,fill=FI,flush=-,to=2817/30000}{io=1/0,kio=1,kro=1}->HttpConnection@60cb21a2[p=HttpParser{s=START,0 of -1},g=HttpGenerator@3ae636a6{s=START}]=>HttpChannelOverHttp@16e68720{s=HttpChannelState@25abfa74{s=IDLE rs=BLOCKING os=OPEN is=IDLE awp=false se=false i=true al=0},r=3,c=false/false,a=IDLE,uri=null,age=0}
[DEBUG] task CEP:SocketChannelEndPoint@7c84d6a0{l=/127.0.0.1:35372,r=/127.0.0.1:60186,OPEN,fill=FI,flush=-,to=2817/30000}{io=1/0,kio=1,kro=1}->HttpConnection@60cb21a2[p=HttpParser{s=START,0 of -1},g=HttpGenerator@3ae636a6{s=START}]=>HttpChannelOverHttp@16e68720{s=HttpChannelState@25abfa74{s=IDLE rs=BLOCKING os=OPEN is=IDLE awp=false se=false i=true al=0},r=3,c=false/false,a=IDLE,uri=null,age=0}:runFillable:BLOCKING
[DEBUG] ReservedThreadExecutor@278bb07e{s=1/1,p=0} tryExecute EatWhatYouKill@63b1d4fa/SelectorProducer@4c4d27c8/PRODUCING/p=false/QueuedThreadPool[qtp638486177]@260e86a1{STARTED,8<=8<=200,i=5,r=-1,q=0}[ReservedThreadExecutor@278bb07e{s=1/1,p=0}][pc=0,pic=0,pec=1,epc=1]@2021-09-28T06:03:30.376Z
[DEBUG] ReservedThreadExecutor@278bb07e{s=0/1,p=0}@209ee91a offer EatWhatYouKill@63b1d4fa/SelectorProducer@4c4d27c8/PRODUCING/p=false/QueuedThreadPool[qtp638486177]@260e86a1{STARTED,8<=8<=200,i=5,r=-1,q=0}[ReservedThreadExecutor@278bb07e{s=0/1,p=0}][pc=0,pic=0,pec=1,epc=1]@2021-09-28T06:03:30.376Z
[DEBUG] ReservedThreadExecutor@278bb07e{s=0/1,p=1} startReservedThread p=1
[DEBUG] run ReservedThreadExecutor@278bb07e{s=0/1,p=1}@6ed97d30 in QueuedThreadPool[qtp638486177]@260e86a1{STARTED,8<=8<=200,i=4,r=-1,q=0}[ReservedThreadExecutor@278bb07e{s=0/1,p=1}]
[DEBUG] ReservedThreadExecutor@278bb07e{s=1/1,p=1}@6ed97d30 started
[DEBUG] ReservedThreadExecutor@278bb07e{s=1/1,p=0}@6ed97d30 waiting
[DEBUG] queue ReservedThreadExecutor@278bb07e{s=1/1,p=0}@6ed97d30 startThread=0
[DEBUG] ReservedThreadExecutor@278bb07e{s=0/1,p=1}@209ee91a task=EatWhatYouKill@63b1d4fa/SelectorProducer@4c4d27c8/IDLE/p=true/QueuedThreadPool[qtp638486177]@260e86a1{STARTED,8<=8<=200,i=4,r=-1,q=0}[ReservedThreadExecutor@278bb07e{s=1/1,p=0}][pc=0,pic=0,pec=1,epc=1]@2021-09-28T06:03:30.377Z
[DEBUG] EatWhatYouKill@63b1d4fa/SelectorProducer@4c4d27c8/IDLE/p=true/QueuedThreadPool[qtp638486177]@260e86a1{STARTED,8<=8<=200,i=4,r=-1,q=0}[ReservedThreadExecutor@278bb07e{s=1/1,p=0}][pc=0,pic=0,pec=1,epc=1]@2021-09-28T06:03:30.377Z tryProduce true
[DEBUG] updateable 0
[DEBUG] updates 0
[DEBUG] Key interests updated 1 -> 0 on SocketChannelEndPoint@7c84d6a0{l=/127.0.0.1:35372,r=/127.0.0.1:60186,OPEN,fill=FI,flush=-,to=2818/30000}{io=0/0,kio=0,kro=1}->HttpConnection@60cb21a2[p=HttpParser{s=START,0 of -1},g=HttpGenerator@3ae636a6{s=START}]=>HttpChannelOverHttp@16e68720{s=HttpChannelState@25abfa74{s=IDLE rs=BLOCKING os=OPEN is=IDLE awp=false se=false i=true al=0},r=3,c=false/false,a=IDLE,uri=null,age=0}
[DEBUG] Selector sun.nio.ch.EPollSelectorImpl@36abfb12 waiting with 1 keys
[DEBUG] EatWhatYouKill@63b1d4fa/SelectorProducer@4c4d27c8/PRODUCING/p=false/QueuedThreadPool[qtp638486177]@260e86a1{STARTED,8<=8<=200,i=4,r=-1,q=0}[ReservedThreadExecutor@278bb07e{s=1/1,p=0}][pc=0,pic=0,pec=1,epc=1]@2021-09-28T06:03:30.377Z m=EXECUTE_PRODUCE_CONSUME t=CEP:SocketChannelEndPoint@7c84d6a0{l=/127.0.0.1:35372,r=/127.0.0.1:60186,OPEN,fill=FI,flush=-,to=2819/30000}{io=0/0,kio=0,kro=1}->HttpConnection@60cb21a2[p=HttpParser{s=START,0 of -1},g=HttpGenerator@3ae636a6{s=START}]=>HttpChannelOverHttp@16e68720{s=HttpChannelState@25abfa74{s=IDLE rs=BLOCKING os=OPEN is=IDLE awp=false se=false i=true al=0},r=3,c=false/false,a=IDLE,uri=null,age=0}:runFillable:BLOCKING/BLOCKING
[DEBUG] fillable FillInterest@6258fb58{AC.ReadCB@60cb21a2{HttpConnection@60cb21a2::SocketChannelEndPoint@7c84d6a0{l=/127.0.0.1:35372,r=/127.0.0.1:60186,OPEN,fill=FI,flush=-,to=2819/30000}{io=0/0,kio=0,kro=1}->HttpConnection@60cb21a2[p=HttpParser{s=START,0 of -1},g=HttpGenerator@3ae636a6{s=START}]=>HttpChannelOverHttp@16e68720{s=HttpChannelState@25abfa74{s=IDLE rs=BLOCKING os=OPEN is=IDLE awp=false se=false i=true al=0},r=3,c=false/false,a=IDLE,uri=null,age=0}}}
[DEBUG] HttpConnection@60cb21a2::SocketChannelEndPoint@7c84d6a0{l=/127.0.0.1:35372,r=/127.0.0.1:60186,OPEN,fill=-,flush=-,to=2819/30000}{io=0/0,kio=0,kro=1}->HttpConnection@60cb21a2[p=HttpParser{s=START,0 of -1},g=HttpGenerator@3ae636a6{s=START}]=>HttpChannelOverHttp@16e68720{s=HttpChannelState@25abfa74{s=IDLE rs=BLOCKING os=OPEN is=IDLE awp=false se=false i=true al=0},r=3,c=false/false,a=IDLE,uri=null,age=0} onFillable enter HttpChannelState@25abfa74{s=IDLE rs=BLOCKING os=OPEN is=IDLE awp=false se=false i=true al=0} null
[DEBUG] filled 290 HeapByteBuffer@460916c[p=0,l=290,c=8192,r=290]={<<<GET /EchoServlet HTTP/1.1...nection: keep-alive\r\n\r\n>>>host:3537...\x00\x00\x00\x00\x00\x00\x00}
[DEBUG] HttpConnection@60cb21a2::SocketChannelEndPoint@7c84d6a0{l=/127.0.0.1:35372,r=/127.0.0.1:60186,OPEN,fill=-,flush=-,to=0/30000}{io=0/0,kio=0,kro=1}->HttpConnection@60cb21a2[p=HttpParser{s=START,0 of -1},g=HttpGenerator@3ae636a6{s=START}]=>HttpChannelOverHttp@16e68720{s=HttpChannelState@25abfa74{s=IDLE rs=BLOCKING os=OPEN is=IDLE awp=false se=false i=true al=0},r=3,c=false/false,a=IDLE,uri=null,age=0} filled 290 HeapByteBuffer@460916c[p=0,l=290,c=8192,r=290]={<<<GET /EchoServlet HTTP/1.1...nection: keep-alive\r\n\r\n>>>host:3537...\x00\x00\x00\x00\x00\x00\x00}
[DEBUG] HttpConnection@60cb21a2::SocketChannelEndPoint@7c84d6a0{l=/127.0.0.1:35372,r=/127.0.0.1:60186,OPEN,fill=-,flush=-,to=0/30000}{io=0/0,kio=0,kro=1}->HttpConnection@60cb21a2[p=HttpParser{s=START,0 of -1},g=HttpGenerator@3ae636a6{s=START}]=>HttpChannelOverHttp@16e68720{s=HttpChannelState@25abfa74{s=IDLE rs=BLOCKING os=OPEN is=IDLE awp=false se=false i=true al=0},r=3,c=false/false,a=IDLE,uri=null,age=0} parse HeapByteBuffer@460916c[p=0,l=290,c=8192,r=290]={<<<GET /EchoServlet HTTP/1.1...nection: keep-alive\r\n\r\n>>>host:3537...\x00\x00\x00\x00\x00\x00\x00} {}
[DEBUG] parseNext s=START HeapByteBuffer@460916c[p=0,l=290,c=8192,r=290]={<<<GET /EchoServlet HTTP/1.1...nection: keep-alive\r\n\r\n>>>host:3537...\x00\x00\x00\x00\x00\x00\x00}
[DEBUG] START --> SPACE1
[DEBUG] SPACE1 --> URI
[DEBUG] URI --> SPACE2
[DEBUG] SPACE2 --> REQUEST_VERSION
[DEBUG] REQUEST_VERSION --> HEADER
[DEBUG] HEADER:Accept-Encoding: gzip --> IN_VALUE
[DEBUG] HEADER:Accept-Encoding: gzip --> FIELD
[DEBUG] HEADER:User-Agent: Mozilla/5.0 (Windows NT 10.0; Win64; x64) AppleWebKit/537.36 (KHTML, like Gecko) Chrome/79.0.3945.130 Safari/537.36 --> IN_VALUE
[DEBUG] HEADER:User-Agent: Mozilla/5.0 (Windows NT 10.0; Win64; x64) AppleWebKit/537.36 (KHTML, like Gecko) Chrome/79.0.3945.130 Safari/537.36 --> FIELD
[DEBUG] HEADER:Host: localhost:35372 --> IN_VALUE
[DEBUG] HEADER:Host: localhost:35372 --> FIELD
[DEBUG] HEADER:Accept: text/html, image/gif, image/jpeg, *; q=.2, */*; q=.2 --> IN_VALUE
[DEBUG] HEADER:Accept: text/html, image/gif, image/jpeg, *; q=.2, */*; q=.2 --> FIELD
[DEBUG] HEADER:Connection: keep-alive --> IN_VALUE
[DEBUG] HEADER:Connection: keep-alive --> FIELD
[DEBUG] HEADER --> CONTENT
[DEBUG] REQUEST for //localhost:35372/EchoServlet on HttpChannelOverHttp@16e68720{s=HttpChannelState@25abfa74{s=IDLE rs=BLOCKING os=OPEN is=IDLE awp=false se=false i=true al=0},r=4,c=false/false,a=IDLE,uri=//localhost:35372/EchoServlet,age=0}
GET //localhost:35372/EchoServlet HTTP/1.1
Accept-Encoding: gzip
User-Agent: Mozilla/5.0 (Windows NT 10.0; Win64; x64) AppleWebKit/537.36 (KHTML, like Gecko) Chrome/79.0.3945.130 Safari/537.36
Host: localhost:35372
Accept: text/html, image/gif, image/jpeg, *; q=.2, */*; q=.2
Connection: keep-alive


[DEBUG] HttpConnection@60cb21a2::SocketChannelEndPoint@7c84d6a0{l=/127.0.0.1:35372,r=/127.0.0.1:60186,OPEN,fill=-,flush=-,to=1/30000}{io=0/0,kio=0,kro=1}->HttpConnection@60cb21a2[p=HttpParser{s=CONTENT,0 of -1},g=HttpGenerator@3ae636a6{s=START}]=>HttpChannelOverHttp@16e68720{s=HttpChannelState@25abfa74{s=IDLE rs=BLOCKING os=OPEN is=IDLE awp=false se=false i=true al=0},r=4,c=false/false,a=IDLE,uri=//localhost:35372/EchoServlet,age=0} parsed true HttpParser{s=CONTENT,0 of -1}
[DEBUG] releaseRequestBuffer HttpConnection@60cb21a2::SocketChannelEndPoint@7c84d6a0{l=/127.0.0.1:35372,r=/127.0.0.1:60186,OPEN,fill=-,flush=-,to=2/30000}{io=0/0,kio=0,kro=1}->HttpConnection@60cb21a2[p=HttpParser{s=CONTENT,0 of -1},g=HttpGenerator@3ae636a6{s=START}]=>HttpChannelOverHttp@16e68720{s=HttpChannelState@25abfa74{s=IDLE rs=BLOCKING os=OPEN is=IDLE awp=false se=false i=true al=0},r=4,c=false/false,a=IDLE,uri=//localhost:35372/EchoServlet,age=0}
[DEBUG] handle //localhost:35372/EchoServlet HttpChannelOverHttp@16e68720{s=HttpChannelState@25abfa74{s=IDLE rs=BLOCKING os=OPEN is=IDLE awp=false se=false i=true al=0},r=4,c=false/false,a=IDLE,uri=//localhost:35372/EchoServlet,age=0} 
[DEBUG] handling HttpChannelState@25abfa74{s=IDLE rs=BLOCKING os=OPEN is=IDLE awp=false se=false i=true al=0}
[DEBUG] action DISPATCH HttpChannelOverHttp@16e68720{s=HttpChannelState@25abfa74{s=HANDLING rs=BLOCKING os=OPEN is=IDLE awp=false se=false i=true al=0},r=4,c=false/false,a=HANDLING,uri=//localhost:35372/EchoServlet,age=0}
[DEBUG] REQUEST GET /EchoServlet on HttpChannelOverHttp@16e68720{s=HttpChannelState@25abfa74{s=HANDLING rs=BLOCKING os=OPEN is=IDLE awp=false se=false i=true al=0},r=4,c=false/false,a=HANDLING,uri=//localhost:35372/EchoServlet,age=0}
[DEBUG] servlet null|/EchoServlet|null -> org.jsoup.integration.servlets.EchoServlet-60d1a32f==org.jsoup.integration.servlets.EchoServlet@1f7ecb09{jsp=null,order=-1,inst=true,async=true,src=EMBEDDED:null,STARTED}
[DEBUG] chain=null
[DEBUG] write(array HeapByteBuffer@fe2aa30[p=0,l=235,c=512,r=235]={<<<<title>Webserver Environm...\n    <table border="0">>>>\x00\x00\x00\x00\x00\x00\x00\x00\x00...\x00\x00\x00\x00\x00\x00\x00})
[DEBUG] write(array) s=OPEN,api=BLOCKING,sc=false,e=null aggregated !flush DirectByteBuffer@7c27fa39[p=0,l=235,c=32768,r=235]={<<<<title>Webserver Environm...\n    <table border="0">>>><tr><th>M...\x00\x00\x00\x00\x00\x00\x00}
[DEBUG] write(array HeapByteBuffer@4ae025a8[p=0,l=36,c=512,r=36]={<<<<tr><th>Method</th><td>GET</td></tr>>>>es</title...\x00\x00\x00\x00\x00\x00\x00})
[DEBUG] write(array) s=OPEN,api=BLOCKING,sc=false,e=null aggregated !flush DirectByteBuffer@7c27fa39[p=0,l=271,c=32768,r=271]={<<<<title>Webserver Environm...d</th><td>GET</td></tr>>>>>\n<tr><th...\x00\x00\x00\x00\x00\x00\x00}
[DEBUG] write(array HeapByteBuffer@19a3fd75[p=0,l=1,c=512,r=1]={<<<\n>>>tr><th>Me...\x00\x00\x00\x00\x00\x00\x00})
[DEBUG] write(array) s=OPEN,api=BLOCKING,sc=false,e=null aggregated !flush DirectByteBuffer@7c27fa39[p=0,l=272,c=32768,r=272]={<<<<title>Webserver Environm...</th><td>GET</td></tr>\n>>>\n<tr><th>...\x00\x00\x00\x00\x00\x00\x00}
[DEBUG] write(array HeapByteBuffer@7be0e865[p=0,l=50,c=512,r=50]={<<<<tr><th>Request URI</th><...>/EchoServlet</td></tr>>>> <style t...\x00\x00\x00\x00\x00\x00\x00})
[DEBUG] write(array) s=OPEN,api=BLOCKING,sc=false,e=null aggregated !flush DirectByteBuffer@7c27fa39[p=0,l=322,c=32768,r=322]={<<<<title>Webserver Environm...>/EchoServlet</td></tr>>>>>\n<tr><th...\x00\x00\x00\x00\x00\x00\x00}
[DEBUG] write(array HeapByteBuffer@61496e03[p=0,l=1,c=512,r=1]={<<<\n>>>tr><th>Re...\x00\x00\x00\x00\x00\x00\x00})
[DEBUG] write(array) s=OPEN,api=BLOCKING,sc=false,e=null aggregated !flush DirectByteBuffer@7c27fa39[p=0,l=323,c=32768,r=323]={<<<<title>Webserver Environm.../EchoServlet</td></tr>\n>>>\n<tr><th>...\x00\x00\x00\x00\x00\x00\x00}
[DEBUG] write(array HeapByteBuffer@2acfdae7[p=0,l=39,c=512,r=39]={<<<<tr><th>Query String</th><td></td></tr>>>>t</td></t...\x00\x00\x00\x00\x00\x00\x00})
[DEBUG] write(array) s=OPEN,api=BLOCKING,sc=false,e=null aggregated !flush DirectByteBuffer@7c27fa39[p=0,l=362,c=32768,r=362]={<<<<title>Webserver Environm...ring</th><td></td></tr>>>>>\n<tr><th...\x00\x00\x00\x00\x00\x00\x00}
[DEBUG] write(array HeapByteBuffer@2c81d29e[p=0,l=1,c=512,r=1]={<<<\n>>>tr><th>Qu...\x00\x00\x00\x00\x00\x00\x00})
[DEBUG] write(array) s=OPEN,api=BLOCKING,sc=false,e=null aggregated !flush DirectByteBuffer@7c27fa39[p=0,l=363,c=32768,r=363]={<<<<title>Webserver Environm...ing</th><td></td></tr>\n>>>\n<tr><th>...\x00\x00\x00\x00\x00\x00\x00}
[DEBUG] write(array HeapByteBuffer@50dea4ab[p=0,l=85,c=512,r=85]={<<<<tr><th>Accept</th><td>te....2, */*; q=.2</td></tr>>>>, td, th ...\x00\x00\x00\x00\x00\x00\x00})
[DEBUG] write(array) s=OPEN,api=BLOCKING,sc=false,e=null aggregated !flush DirectByteBuffer@7c27fa39[p=0,l=448,c=32768,r=448]={<<<<title>Webserver Environm....2, */*; q=.2</td></tr>>>>xt/html, ...\x00\x00\x00\x00\x00\x00\x00}
[DEBUG] write(array HeapByteBuffer@7a4de1c5[p=0,l=1,c=512,r=1]={<<<\n>>>tr><th>Ac...\x00\x00\x00\x00\x00\x00\x00})
[DEBUG] write(array) s=OPEN,api=BLOCKING,sc=false,e=null aggregated !flush DirectByteBuffer@7c27fa39[p=0,l=449,c=32768,r=449]={<<<<title>Webserver Environm...2, */*; q=.2</td></tr>\n>>>t/html, i...\x00\x00\x00\x00\x00\x00\x00}
[DEBUG] write(array HeapByteBuffer@2e810489[p=0,l=152,c=512,r=152]={<<<<tr><th>User-Agent</th><t...Safari/537.36</td></tr>>>>      th ...\x00\x00\x00\x00\x00\x00\x00})
[DEBUG] write(array) s=OPEN,api=BLOCKING,sc=false,e=null aggregated !flush DirectByteBuffer@7c27fa39[p=0,l=601,c=32768,r=601]={<<<<title>Webserver Environm...Safari/537.36</td></tr>>>>ML, like ...\x00\x00\x00\x00\x00\x00\x00}
[DEBUG] write(array HeapByteBuffer@c3636e5[p=0,l=1,c=512,r=1]={<<<\n>>>tr><th>Us...\x00\x00\x00\x00\x00\x00\x00})
[DEBUG] write(array) s=OPEN,api=BLOCKING,sc=false,e=null aggregated !flush DirectByteBuffer@7c27fa39[p=0,l=602,c=32768,r=602]={<<<<title>Webserver Environm...afari/537.36</td></tr>\n>>>L, like G...\x00\x00\x00\x00\x00\x00\x00}
[DEBUG] write(array HeapByteBuffer@29682034[p=0,l=47,c=512,r=47]={<<<<tr><th>Connection</th><td>keep-alive</td></tr>>>> NT 10.0;...\x00\x00\x00\x00\x00\x00\x00})
[DEBUG] write(array) s=OPEN,api=BLOCKING,sc=false,e=null aggregated !flush DirectByteBuffer@7c27fa39[p=0,l=649,c=32768,r=649]={<<<<title>Webserver Environm...td>keep-alive</td></tr>>>>36</td></...\x00\x00\x00\x00\x00\x00\x00}
[DEBUG] write(array HeapByteBuffer@3cbeaf15[p=0,l=1,c=512,r=1]={<<<\n>>>tr><th>Co...\x00\x00\x00\x00\x00\x00\x00})
[DEBUG] write(array) s=OPEN,api=BLOCKING,sc=false,e=null aggregated !flush DirectByteBuffer@7c27fa39[p=0,l=650,c=32768,r=650]={<<<<title>Webserver Environm...d>keep-alive</td></tr>\n>>>6</td></t...\x00\x00\x00\x00\x00\x00\x00}
[DEBUG] write(array HeapByteBuffer@1a3d5147[p=0,l=46,c=512,r=46]={<<<<tr><th>Host</th><td>localhost:35372</td></tr>>>>> NT 10.0...\x00\x00\x00\x00\x00\x00\x00})
[DEBUG] write(array) s=OPEN,api=BLOCKING,sc=false,e=null aggregated !flush DirectByteBuffer@7c27fa39[p=0,l=696,c=32768,r=696]={<<<<title>Webserver Environm...calhost:35372</td></tr>>>>ive</td><...\x00\x00\x00\x00\x00\x00\x00}
[DEBUG] write(array HeapByteBuffer@2781ddfb[p=0,l=1,c=512,r=1]={<<<\n>>>tr><th>Ho...\x00\x00\x00\x00\x00\x00\x00})
[DEBUG] write(array) s=OPEN,api=BLOCKING,sc=false,e=null aggregated !flush DirectByteBuffer@7c27fa39[p=0,l=697,c=32768,r=697]={<<<<title>Webserver Environm...alhost:35372</td></tr>\n>>>ve</td></...\x00\x00\x00\x00\x00\x00\x00}
[DEBUG] write(array HeapByteBuffer@4f8020bf[p=0,l=46,c=512,r=46]={<<<<tr><th>Accept-Encoding</th><td>gzip</td></tr>>>>> NT 10.0...\x00\x00\x00\x00\x00\x00\x00})
[DEBUG] write(array) s=OPEN,api=BLOCKING,sc=false,e=null aggregated !flush DirectByteBuffer@7c27fa39[p=0,l=743,c=32768,r=743]={<<<<title>Webserver Environm...</th><td>gzip</td></tr>>>>372</td><...\x00\x00\x00\x00\x00\x00\x00}
[DEBUG] write(array HeapByteBuffer@60ff85d[p=0,l=1,c=512,r=1]={<<<\n>>>tr><th>Ac...\x00\x00\x00\x00\x00\x00\x00})
[DEBUG] write(array) s=OPEN,api=BLOCKING,sc=false,e=null aggregated !flush DirectByteBuffer@7c27fa39[p=0,l=744,c=32768,r=744]={<<<<title>Webserver Environm.../th><td>gzip</td></tr>\n>>>72</td></...\x00\x00\x00\x00\x00\x00\x00}
[DEBUG] filled 0 HeapByteBuffer@460916c[p=0,l=0,c=8192,r=0]={<<<>>>GET /Echo...\x00\x00\x00\x00\x00\x00\x00}
[DEBUG] filled 0 HeapByteBuffer@460916c[p=0,l=0,c=8192,r=0]={<<<>>>GET /Echo...\x00\x00\x00\x00\x00\x00\x00}
[DEBUG] HttpConnection@60cb21a2::SocketChannelEndPoint@7c84d6a0{l=/127.0.0.1:35372,r=/127.0.0.1:60186,OPEN,fill=-,flush=-,to=4/30000}{io=0/0,kio=0,kro=1}->HttpConnection@60cb21a2[p=HttpParser{s=CONTENT,0 of -1},g=HttpGenerator@3ae636a6{s=START}]=>HttpChannelOverHttp@16e68720{s=HttpChannelState@25abfa74{s=HANDLING rs=BLOCKING os=OPEN is=IDLE awp=false se=false i=true al=0},r=4,c=false/false,a=HANDLING,uri=//localhost:35372/EchoServlet,age=2} filled 0 HeapByteBuffer@460916c[p=0,l=0,c=8192,r=0]={<<<>>>GET /Echo...\x00\x00\x00\x00\x00\x00\x00}
[DEBUG] HttpConnection@60cb21a2::SocketChannelEndPoint@7c84d6a0{l=/127.0.0.1:35372,r=/127.0.0.1:60186,OPEN,fill=-,flush=-,to=4/30000}{io=0/0,kio=0,kro=1}->HttpConnection@60cb21a2[p=HttpParser{s=CONTENT,0 of -1},g=HttpGenerator@3ae636a6{s=START}]=>HttpChannelOverHttp@16e68720{s=HttpChannelState@25abfa74{s=HANDLING rs=BLOCKING os=OPEN is=IDLE awp=false se=false i=true al=0},r=4,c=false/false,a=HANDLING,uri=//localhost:35372/EchoServlet,age=3} parse HeapByteBuffer@460916c[p=0,l=0,c=8192,r=0]={<<<>>>GET /Echo...\x00\x00\x00\x00\x00\x00\x00} {}
[DEBUG] parseNext s=CONTENT HeapByteBuffer@460916c[p=0,l=0,c=8192,r=0]={<<<>>>GET /Echo...\x00\x00\x00\x00\x00\x00\x00}
[DEBUG] CONTENT --> CONTENT_END
[DEBUG] onContentComplete HttpChannelOverHttp@16e68720{s=HttpChannelState@25abfa74{s=HANDLING rs=BLOCKING os=OPEN is=IDLE awp=false se=false i=true al=0},r=4,c=false/false,a=HANDLING,uri=//localhost:35372/EchoServlet,age=3}
[DEBUG] CONTENT_END --> END
[DEBUG] onRequestComplete HttpChannelOverHttp@16e68720{s=HttpChannelState@25abfa74{s=HANDLING rs=BLOCKING os=OPEN is=IDLE awp=false se=false i=true al=0},r=4,c=false/false,a=HANDLING,uri=//localhost:35372/EchoServlet,age=3}
[DEBUG] HttpInputOverHTTP@7dbf978e[c=0,q=0,[0]=null,s=STREAM] addContent EOF
[DEBUG] HttpConnection@60cb21a2::SocketChannelEndPoint@7c84d6a0{l=/127.0.0.1:35372,r=/127.0.0.1:60186,OPEN,fill=-,flush=-,to=4/30000}{io=0/0,kio=0,kro=1}->HttpConnection@60cb21a2[p=HttpParser{s=END,0 of -1},g=HttpGenerator@3ae636a6{s=START}]=>HttpChannelOverHttp@16e68720{s=HttpChannelState@25abfa74{s=HANDLING rs=BLOCKING os=OPEN is=IDLE awp=false se=false i=true al=0},r=4,c=false/false,a=HANDLING,uri=//localhost:35372/EchoServlet,age=3} parsed false HttpParser{s=END,0 of -1}
[DEBUG] releaseRequestBuffer HttpConnection@60cb21a2::SocketChannelEndPoint@7c84d6a0{l=/127.0.0.1:35372,r=/127.0.0.1:60186,OPEN,fill=-,flush=-,to=7/30000}{io=0/0,kio=0,kro=1}->HttpConnection@60cb21a2[p=HttpParser{s=END,0 of -1},g=HttpGenerator@3ae636a6{s=START}]=>HttpChannelOverHttp@16e68720{s=HttpChannelState@25abfa74{s=HANDLING rs=BLOCKING os=OPEN is=IDLE awp=false se=false i=true al=0},r=4,c=false/false,a=HANDLING,uri=//localhost:35372/EchoServlet,age=6}
[DEBUG] onEof HttpChannelState@25abfa74{s=HANDLING rs=BLOCKING os=OPEN is=IDLE awp=false se=false i=true al=0}
[DEBUG] write(array HeapByteBuffer@76c836b2[p=0,l=8,c=512,r=8]={<<<</table>>>>Accept-En...\x00\x00\x00\x00\x00\x00\x00})
[DEBUG] write(array) s=OPEN,api=BLOCKING,sc=false,e=null aggregated !flush DirectByteBuffer@7c27fa39[p=0,l=752,c=32768,r=752]={<<<<title>Webserver Environm...gzip</td></tr>\n</table>>>>/tr>\n<tr>...\x00\x00\x00\x00\x00\x00\x00}
[DEBUG] write(array HeapByteBuffer@5f0f4395[p=0,l=1,c=512,r=1]={<<<\n>>>/table>Ac...\x00\x00\x00\x00\x00\x00\x00})
[DEBUG] write(array) s=OPEN,api=BLOCKING,sc=false,e=null aggregated !flush DirectByteBuffer@7c27fa39[p=0,l=753,c=32768,r=753]={<<<<title>Webserver Environm...zip</td></tr>\n</table>\n>>>tr>\n<tr><...\x00\x00\x00\x00\x00\x00\x00}
[DEBUG] handled=true async=false committed=false on HttpChannelOverHttp@16e68720{s=HttpChannelState@25abfa74{s=HANDLING rs=BLOCKING os=OPEN is=READY awp=false se=false i=true al=0},r=4,c=false/false,a=HANDLING,uri=//localhost:35372/EchoServlet,age=6}
[DEBUG] unhandle HttpChannelState@25abfa74{s=HANDLING rs=BLOCKING os=OPEN is=READY awp=false se=false i=true al=0}
[DEBUG] nextAction(false) COMPLETE HttpChannelState@25abfa74{s=HANDLING rs=COMPLETING os=OPEN is=READY awp=false se=false i=false al=0}
[DEBUG] action COMPLETE HttpChannelOverHttp@16e68720{s=HttpChannelState@25abfa74{s=HANDLING rs=COMPLETING os=OPEN is=READY awp=false se=false i=false al=0},r=4,c=false/false,a=HANDLING,uri=//localhost:35372/EchoServlet,age=6}
[DEBUG] complete(org.eclipse.jetty.util.Callback$3@11441513) s=CLOSING,api=BLOCKED,sc=false,e=null s=false e=null, c=DirectByteBuffer@7c27fa39[p=0,l=753,c=32768,r=753]={<<<<title>Webserver Environm...zip</td></tr>\n</table>\n>>>tr>\n<tr><...\x00\x00\x00\x00\x00\x00\x00}
[DEBUG] sendResponse info=null content=DirectByteBuffer@7c27fa39[p=0,l=753,c=32768,r=753]={<<<<title>Webserver Environm...zip</td></tr>\n</table>\n>>>tr>\n<tr><...\x00\x00\x00\x00\x00\x00\x00} complete=true committing=true callback=org.eclipse.jetty.server.HttpOutput$WriteCompleteCB@6870da76
[DEBUG] COMMIT for /EchoServlet on HttpChannelOverHttp@16e68720{s=HttpChannelState@25abfa74{s=HANDLING rs=COMPLETING os=COMMITTED is=READY awp=false se=false i=false al=0},r=4,c=false/false,a=HANDLING,uri=//localhost:35372/EchoServlet,age=6}
200 null HTTP/1.1
Date: Tue, 28 Sep 2021 06:03:30 GMT
Content-Type: text/html;charset=utf-8
Cache-Control: no-cache
Cache-Control: no-store


[DEBUG] generate: NEED_HEADER for SendCallback@6024692f[PROCESSING][i=HTTP/1.1{s=200,h=4,cl=-1},cb=org.eclipse.jetty.server.HttpChannel$SendCallback@5fba0c6c] (null,[p=0,l=753,c=32768,r=753],true)@START
[DEBUG] generateHeaders HTTP/1.1{s=200,h=4,cl=-1} last=true content=DirectByteBuffer@7c27fa39[p=0,l=753,c=32768,r=753]={<<<<title>Webserver Environm...zip</td></tr>\n</table>\n>>>tr>\n<tr><...\x00\x00\x00\x00\x00\x00\x00}
[DEBUG] Date: Tue, 28 Sep 2021 06:03:30 GMT
Content-Type: text/html;charset=utf-8
Cache-Control: no-cache
Cache-Control: no-store


[DEBUG] CONTENT_LENGTH
[DEBUG] generate: FLUSH for SendCallback@6024692f[PROCESSING][i=HTTP/1.1{s=200,h=4,cl=-1},cb=org.eclipse.jetty.server.HttpChannel$SendCallback@5fba0c6c] ([p=0,l=199,c=8192,r=199],[p=0,l=753,c=32768,r=753],true)@COMPLETING
[DEBUG] write: WriteFlusher@66c907f8{IDLE}->null [HeapByteBuffer@460916c[p=0,l=199,c=8192,r=199]={<<<HTTP/1.1 200 OK\r\nDate: Tu...y(9.4.43.v20210629)\r\n\r\n>>>2\r\nAccept...\x00\x00\x00\x00\x00\x00\x00},DirectByteBuffer@7c27fa39[p=0,l=753,c=32768,r=753]={<<<<title>Webserver Environm...zip</td></tr>\n</table>\n>>>tr>\n<tr><...\x00\x00\x00\x00\x00\x00\x00}]
[DEBUG] update WriteFlusher@66c907f8{WRITING}->null:IDLE-->WRITING
]]></system-out>
  </testcase>
  <testcase name="handlesWrongContentLengthDuringBufferedRead" classname="org.jsoup.integration.ConnectTest" time="0.021">
    <system-out><![CDATA[[DEBUG] starting org.jsoup.integration.servlets.InterruptedServlet-1f86099a==org.jsoup.integration.servlets.InterruptedServlet@b675065f{jsp=null,order=-1,inst=false,async=true,src=EMBEDDED:null,STOPPED}
[DEBUG] STARTED @10924ms org.jsoup.integration.servlets.InterruptedServlet-1f86099a==org.jsoup.integration.servlets.InterruptedServlet@b675065f{jsp=null,order=-1,inst=false,async=true,src=EMBEDDED:null,STARTED}
[DEBUG] ServletHandler@2eced48b{STARTED} added {org.jsoup.integration.servlets.InterruptedServlet-1f86099a==org.jsoup.integration.servlets.InterruptedServlet@b675065f{jsp=null,order=-1,inst=false,async=true,src=EMBEDDED:null,STARTED},UNMANAGED}
[DEBUG] ServletHandler@2eced48b{STARTED} added {[/InterruptedServlet/*]=>org.jsoup.integration.servlets.InterruptedServlet-1f86099a,POJO}
[DEBUG] Path=/InterruptedServlet/*[EMBEDDED:null] mapped to servlet=org.jsoup.integration.servlets.InterruptedServlet-1f86099a[EMBEDDED:null]
[DEBUG] Added MappedResource[pathSpec=ServletPathSpec@bf5e7dac{/InterruptedServlet/*},resource=org.jsoup.integration.servlets.InterruptedServlet-1f86099a==org.jsoup.integration.servlets.InterruptedServlet@b675065f{jsp=null,order=-1,inst=false,async=true,src=EMBEDDED:null,STARTED}] to PathMappings[size=1]
[DEBUG] Path=/EchoServlet/*[EMBEDDED:null] mapped to servlet=org.jsoup.integration.servlets.EchoServlet-60d1a32f[EMBEDDED:null]
[DEBUG] Added MappedResource[pathSpec=ServletPathSpec@8f86de6b{/EchoServlet/*},resource=org.jsoup.integration.servlets.EchoServlet-60d1a32f==org.jsoup.integration.servlets.EchoServlet@1f7ecb09{jsp=null,order=-1,inst=true,async=true,src=EMBEDDED:null,STARTED}] to PathMappings[size=2]
[DEBUG] Path=/FileServlet/*[EMBEDDED:null] mapped to servlet=org.jsoup.integration.servlets.FileServlet-60dce7ea[EMBEDDED:null]
[DEBUG] Added MappedResource[pathSpec=ServletPathSpec@74e824f4{/FileServlet/*},resource=org.jsoup.integration.servlets.FileServlet-60dce7ea==org.jsoup.integration.servlets.FileServlet@c786463a{jsp=null,order=-1,inst=true,async=true,src=EMBEDDED:null,STARTED}] to PathMappings[size=3]
[DEBUG] Path=/CookieServlet/*[EMBEDDED:null] mapped to servlet=org.jsoup.integration.servlets.CookieServlet-22b53226[EMBEDDED:null]
[DEBUG] Added MappedResource[pathSpec=ServletPathSpec@5e4054cc{/CookieServlet/*},resource=org.jsoup.integration.servlets.CookieServlet-22b53226==org.jsoup.integration.servlets.CookieServlet@50417851{jsp=null,order=-1,inst=true,async=true,src=EMBEDDED:null,STARTED}] to PathMappings[size=4]
[DEBUG] Path=/[EMBEDDED:null] mapped to servlet=org.eclipse.jetty.servlet.ServletHandler$Default404Servlet-2974f221[EMBEDDED:null]
[DEBUG] Added MappedResource[pathSpec=ServletPathSpec@4e{/},resource=org.eclipse.jetty.servlet.ServletHandler$Default404Servlet-2974f221==org.eclipse.jetty.servlet.ServletHandler$Default404Servlet@cf4d2ec3{jsp=null,order=-1,inst=false,async=true,src=EMBEDDED:null,STARTED}] to PathMappings[size=5]
[DEBUG] filterNameMap={}
[DEBUG] pathFilters=null
[DEBUG] servletFilterMap=null
[DEBUG] servletPathMap=PathMappings[size=5]
[DEBUG] servletNameMap={org.jsoup.integration.servlets.CookieServlet-22b53226=org.jsoup.integration.servlets.CookieServlet-22b53226==org.jsoup.integration.servlets.CookieServlet@50417851{jsp=null,order=-1,inst=true,async=true,src=EMBEDDED:null,STARTED}, org.jsoup.integration.servlets.EchoServlet-60d1a32f=org.jsoup.integration.servlets.EchoServlet-60d1a32f==org.jsoup.integration.servlets.EchoServlet@1f7ecb09{jsp=null,order=-1,inst=true,async=true,src=EMBEDDED:null,STARTED}, org.jsoup.integration.servlets.InterruptedServlet-1f86099a=org.jsoup.integration.servlets.InterruptedServlet-1f86099a==org.jsoup.integration.servlets.InterruptedServlet@b675065f{jsp=null,order=-1,inst=false,async=true,src=EMBEDDED:null,STARTED}, org.jsoup.integration.servlets.FileServlet-60dce7ea=org.jsoup.integration.servlets.FileServlet-60dce7ea==org.jsoup.integration.servlets.FileServlet@c786463a{jsp=null,order=-1,inst=true,async=true,src=EMBEDDED:null,STARTED}, org.eclipse.jetty.servlet.ServletHandler$Default404Servlet-2974f221=org.eclipse.jetty.servlet.ServletHandler$Default404Servlet-2974f221==org.eclipse.jetty.servlet.ServletHandler$Default404Servlet@cf4d2ec3{jsp=null,order=-1,inst=false,async=true,src=EMBEDDED:null,STARTED}}
[DEBUG] flushed 952 SocketChannelEndPoint@7c84d6a0{l=/127.0.0.1:35372,r=/127.0.0.1:60186,OPEN,fill=-,flush=W,to=16/30000}{io=0/0,kio=0,kro=1}->HttpConnection@60cb21a2[p=HttpParser{s=END,0 of -1},g=HttpGenerator@3ae636a6{s=COMPLETING}]=>HttpChannelOverHttp@16e68720{s=HttpChannelState@25abfa74{s=HANDLING rs=COMPLETING os=COMMITTED is=READY awp=false se=false i=false al=0},r=4,c=false/false,a=HANDLING,uri=//localhost:35372/EchoServlet,age=14}
[DEBUG] Flushed=true written=952 remaining=0 WriteFlusher@66c907f8{WRITING}->null
[DEBUG] update WriteFlusher@66c907f8{IDLE}->null:WRITING-->IDLE
[DEBUG] generate: DONE for SendCallback@6024692f[PROCESSING][i=HTTP/1.1{s=200,h=4,cl=-1},cb=org.eclipse.jetty.server.HttpChannel$SendCallback@5fba0c6c] ([p=199,l=199,c=8192,r=0],[p=753,l=753,c=32768,r=0],true)@END
[DEBUG] onWriteComplete(true,null) s=CLOSING,api=BLOCKED,sc=false,e=null->s=CLOSED,api=BLOCKING,sc=false,e=null c=null cb=org.eclipse.jetty.util.Callback$3@11441513 w=false
[DEBUG] completed HttpChannelState@25abfa74{s=HANDLING rs=COMPLETING os=COMPLETED is=READY awp=false se=false i=false al=0}
[DEBUG] unhandle HttpChannelState@25abfa74{s=HANDLING rs=COMPLETED os=COMPLETED is=READY awp=false se=false i=false al=0}
[DEBUG] nextAction(false) TERMINATED HttpChannelState@25abfa74{s=IDLE rs=COMPLETED os=COMPLETED is=READY awp=false se=false i=false al=0}
[DEBUG] action TERMINATED HttpChannelOverHttp@16e68720{s=HttpChannelState@25abfa74{s=IDLE rs=COMPLETED os=COMPLETED is=READY awp=false se=false i=false al=0},r=4,c=true/true,a=IDLE,uri=//localhost:35372/EchoServlet,age=15}
[DEBUG] onCompleted for /EchoServlet written=753
[DEBUG] recycle HttpChannelState@25abfa74{s=IDLE rs=COMPLETED os=COMPLETED is=READY awp=false se=false i=false al=0}
[DEBUG] reset HttpParser{s=END,0 of -1}
[DEBUG] END --> START
[DEBUG] !handle TERMINATED HttpChannelOverHttp@16e68720{s=HttpChannelState@25abfa74{s=IDLE rs=BLOCKING os=OPEN is=IDLE awp=false se=false i=true al=0},r=4,c=false/false,a=IDLE,uri=null,age=0}
[DEBUG] filled 297 HeapByteBuffer@460916c[p=0,l=297,c=8192,r=297]={<<<GET /InterruptedServlet H...nection: keep-alive\r\n\r\n>>>372\r\nAcce...\x00\x00\x00\x00\x00\x00\x00}
[DEBUG] HttpConnection@60cb21a2::SocketChannelEndPoint@7c84d6a0{l=/127.0.0.1:35372,r=/127.0.0.1:60186,OPEN,fill=-,flush=-,to=0/30000}{io=0/0,kio=0,kro=1}->HttpConnection@60cb21a2[p=HttpParser{s=START,0 of -1},g=HttpGenerator@3ae636a6{s=START}]=>HttpChannelOverHttp@16e68720{s=HttpChannelState@25abfa74{s=IDLE rs=BLOCKING os=OPEN is=IDLE awp=false se=false i=true al=0},r=4,c=false/false,a=IDLE,uri=null,age=0} filled 297 HeapByteBuffer@460916c[p=0,l=297,c=8192,r=297]={<<<GET /InterruptedServlet H...nection: keep-alive\r\n\r\n>>>372\r\nAcce...\x00\x00\x00\x00\x00\x00\x00}
[DEBUG] HttpConnection@60cb21a2::SocketChannelEndPoint@7c84d6a0{l=/127.0.0.1:35372,r=/127.0.0.1:60186,OPEN,fill=-,flush=-,to=2/30000}{io=0/0,kio=0,kro=1}->HttpConnection@60cb21a2[p=HttpParser{s=START,0 of -1},g=HttpGenerator@3ae636a6{s=START}]=>HttpChannelOverHttp@16e68720{s=HttpChannelState@25abfa74{s=IDLE rs=BLOCKING os=OPEN is=IDLE awp=false se=false i=true al=0},r=4,c=false/false,a=IDLE,uri=null,age=0} parse HeapByteBuffer@460916c[p=0,l=297,c=8192,r=297]={<<<GET /InterruptedServlet H...nection: keep-alive\r\n\r\n>>>372\r\nAcce...\x00\x00\x00\x00\x00\x00\x00} {}
[DEBUG] parseNext s=START HeapByteBuffer@460916c[p=0,l=297,c=8192,r=297]={<<<GET /InterruptedServlet H...nection: keep-alive\r\n\r\n>>>372\r\nAcce...\x00\x00\x00\x00\x00\x00\x00}
[DEBUG] START --> SPACE1
[DEBUG] SPACE1 --> URI
[DEBUG] URI --> SPACE2
[DEBUG] SPACE2 --> REQUEST_VERSION
[DEBUG] REQUEST_VERSION --> HEADER
[DEBUG] HEADER:Accept-Encoding: gzip --> IN_VALUE
[DEBUG] HEADER:Accept-Encoding: gzip --> FIELD
[DEBUG] HEADER:User-Agent: Mozilla/5.0 (Windows NT 10.0; Win64; x64) AppleWebKit/537.36 (KHTML, like Gecko) Chrome/79.0.3945.130 Safari/537.36 --> IN_VALUE
[DEBUG] HEADER:User-Agent: Mozilla/5.0 (Windows NT 10.0; Win64; x64) AppleWebKit/537.36 (KHTML, like Gecko) Chrome/79.0.3945.130 Safari/537.36 --> FIELD
[DEBUG] HEADER:Host: localhost:35372 --> IN_VALUE
[DEBUG] HEADER:Host: localhost:35372 --> FIELD
[DEBUG] HEADER:Accept: text/html, image/gif, image/jpeg, *; q=.2, */*; q=.2 --> IN_VALUE
[DEBUG] HEADER:Accept: text/html, image/gif, image/jpeg, *; q=.2, */*; q=.2 --> FIELD
[DEBUG] HEADER:Connection: keep-alive --> IN_VALUE
[DEBUG] HEADER:Connection: keep-alive --> FIELD
[DEBUG] HEADER --> CONTENT
[DEBUG] REQUEST for //localhost:35372/InterruptedServlet on HttpChannelOverHttp@16e68720{s=HttpChannelState@25abfa74{s=IDLE rs=BLOCKING os=OPEN is=IDLE awp=false se=false i=true al=0},r=5,c=false/false,a=IDLE,uri=//localhost:35372/InterruptedServlet,age=0}
GET //localhost:35372/InterruptedServlet HTTP/1.1
Accept-Encoding: gzip
User-Agent: Mozilla/5.0 (Windows NT 10.0; Win64; x64) AppleWebKit/537.36 (KHTML, like Gecko) Chrome/79.0.3945.130 Safari/537.36
Host: localhost:35372
Accept: text/html, image/gif, image/jpeg, *; q=.2, */*; q=.2
Connection: keep-alive


[DEBUG] HttpConnection@60cb21a2::SocketChannelEndPoint@7c84d6a0{l=/127.0.0.1:35372,r=/127.0.0.1:60186,OPEN,fill=-,flush=-,to=3/30000}{io=0/0,kio=0,kro=1}->HttpConnection@60cb21a2[p=HttpParser{s=CONTENT,0 of -1},g=HttpGenerator@3ae636a6{s=START}]=>HttpChannelOverHttp@16e68720{s=HttpChannelState@25abfa74{s=IDLE rs=BLOCKING os=OPEN is=IDLE awp=false se=false i=true al=0},r=5,c=false/false,a=IDLE,uri=//localhost:35372/InterruptedServlet,age=0} parsed true HttpParser{s=CONTENT,0 of -1}
[DEBUG] releaseRequestBuffer HttpConnection@60cb21a2::SocketChannelEndPoint@7c84d6a0{l=/127.0.0.1:35372,r=/127.0.0.1:60186,OPEN,fill=-,flush=-,to=3/30000}{io=0/0,kio=0,kro=1}->HttpConnection@60cb21a2[p=HttpParser{s=CONTENT,0 of -1},g=HttpGenerator@3ae636a6{s=START}]=>HttpChannelOverHttp@16e68720{s=HttpChannelState@25abfa74{s=IDLE rs=BLOCKING os=OPEN is=IDLE awp=false se=false i=true al=0},r=5,c=false/false,a=IDLE,uri=//localhost:35372/InterruptedServlet,age=0}
[DEBUG] handle //localhost:35372/InterruptedServlet HttpChannelOverHttp@16e68720{s=HttpChannelState@25abfa74{s=IDLE rs=BLOCKING os=OPEN is=IDLE awp=false se=false i=true al=0},r=5,c=false/false,a=IDLE,uri=//localhost:35372/InterruptedServlet,age=1} 
[DEBUG] handling HttpChannelState@25abfa74{s=IDLE rs=BLOCKING os=OPEN is=IDLE awp=false se=false i=true al=0}
[DEBUG] action DISPATCH HttpChannelOverHttp@16e68720{s=HttpChannelState@25abfa74{s=HANDLING rs=BLOCKING os=OPEN is=IDLE awp=false se=false i=true al=0},r=5,c=false/false,a=HANDLING,uri=//localhost:35372/InterruptedServlet,age=1}
[DEBUG] REQUEST GET /InterruptedServlet on HttpChannelOverHttp@16e68720{s=HttpChannelState@25abfa74{s=HANDLING rs=BLOCKING os=OPEN is=IDLE awp=false se=false i=true al=0},r=5,c=false/false,a=HANDLING,uri=//localhost:35372/InterruptedServlet,age=1}
[DEBUG] servlet null|/InterruptedServlet|null -> org.jsoup.integration.servlets.InterruptedServlet-1f86099a==org.jsoup.integration.servlets.InterruptedServlet@b675065f{jsp=null,order=-1,inst=false,async=true,src=EMBEDDED:null,STARTED}
[DEBUG] chain=null
[DEBUG] Servlet.init null for org.jsoup.integration.servlets.InterruptedServlet-1f86099a
[DEBUG] write(array HeapByteBuffer@7a8cefe5[p=0,l=512,c=512,r=512]={<<<<title>Something</title>A... of data. \nA suitable a>>>})
[DEBUG] write(array) s=OPEN,api=BLOCKING,sc=false,e=null aggregated !flush DirectByteBuffer@7c27fa39[p=0,l=512,c=32768,r=512]={<<<<title>Something</title>A... of data. \nA suitable a>>> x64) App...\x00\x00\x00\x00\x00\x00\x00}
[DEBUG] write(array HeapByteBuffer@4bd1912a[p=0,l=512,c=512,r=512]={<<<mount of data. \nA suitabl.... \nA suitable amount of>>>})
[DEBUG] write(array) s=OPEN,api=BLOCKING,sc=false,e=null aggregated !flush DirectByteBuffer@7c27fa39[p=0,l=1024,c=32768,r=1024]={<<<<title>Something</title>A.... \nA suitable amount of>>>/tr>\n<tr>...\x00\x00\x00\x00\x00\x00\x00}
[DEBUG] write(array HeapByteBuffer@259c514c[p=0,l=512,c=512,r=512]={<<< data. \nA suitable amount...table amount of data. \n>>>})
[DEBUG] write(array) s=OPEN,api=BLOCKING,sc=false,e=null aggregated !flush DirectByteBuffer@7c27fa39[p=0,l=1536,c=32768,r=1536]={<<<<title>Something</title>A...table amount of data. \n>>>\x00\x00\x00\x00\x00\x00\x00\x00\x00...\x00\x00\x00\x00\x00\x00\x00}
[DEBUG] write(array HeapByteBuffer@2a4af0ff[p=0,l=512,c=512,r=512]={<<<A suitable amount of data...ount of data. \nA suitab>>>})
[DEBUG] write(array) s=OPEN,api=BLOCKING,sc=false,e=null aggregated !flush DirectByteBuffer@7c27fa39[p=0,l=2048,c=32768,r=2048]={<<<<title>Something</title>A...ount of data. \nA suitab>>>\x00\x00\x00\x00\x00\x00\x00\x00\x00...\x00\x00\x00\x00\x00\x00\x00}
[DEBUG] write(array HeapByteBuffer@3724d194[p=0,l=512,c=512,r=512]={<<<le amount of data. \nA sui...data. \nA suitable amoun>>>})
[DEBUG] write(array) s=OPEN,api=BLOCKING,sc=false,e=null aggregated !flush DirectByteBuffer@7c27fa39[p=0,l=2560,c=32768,r=2560]={<<<<title>Something</title>A...data. \nA suitable amoun>>>\x00\x00\x00\x00\x00\x00\x00\x00\x00...\x00\x00\x00\x00\x00\x00\x00}
[DEBUG] write(array HeapByteBuffer@70bb4e9b[p=0,l=512,c=512,r=512]={<<<t of data. \nA suitable am... suitable amount of dat>>>})
[DEBUG] write(array) s=OPEN,api=BLOCKING,sc=false,e=null aggregated !flush DirectByteBuffer@7c27fa39[p=0,l=3072,c=32768,r=3072]={<<<<title>Something</title>A... suitable amount of dat>>>\x00\x00\x00\x00\x00\x00\x00\x00\x00...\x00\x00\x00\x00\x00\x00\x00}
[DEBUG] write(array HeapByteBuffer@37ea77f1[p=0,l=512,c=512,r=512]={<<<a. \nA suitable amount of ...e amount of data. \nA su>>>})
[DEBUG] write(array) s=OPEN,api=BLOCKING,sc=false,e=null aggregated !flush DirectByteBuffer@7c27fa39[p=0,l=3584,c=32768,r=3584]={<<<<title>Something</title>A...e amount of data. \nA su>>>\x00\x00\x00\x00\x00\x00\x00\x00\x00...\x00\x00\x00\x00\x00\x00\x00}
[DEBUG] write(array HeapByteBuffer@4adaa4fb[p=0,l=512,c=512,r=512]={<<<itable amount of data. \nA... of data. \nA suitable a>>>})
[DEBUG] write(array) s=OPEN,api=BLOCKING,sc=false,e=null aggregated !flush DirectByteBuffer@7c27fa39[p=0,l=4096,c=32768,r=4096]={<<<<title>Something</title>A... of data. \nA suitable a>>>\x00\x00\x00\x00\x00\x00\x00\x00\x00...\x00\x00\x00\x00\x00\x00\x00}
[DEBUG] write(array HeapByteBuffer@5b637445[p=0,l=512,c=512,r=512]={<<<mount of data. \nA suitabl.... \nA suitable amount of>>>})
[DEBUG] write(array) s=OPEN,api=BLOCKING,sc=false,e=null aggregated !flush DirectByteBuffer@7c27fa39[p=0,l=4608,c=32768,r=4608]={<<<<title>Something</title>A.... \nA suitable amount of>>>\x00\x00\x00\x00\x00\x00\x00\x00\x00...\x00\x00\x00\x00\x00\x00\x00}
[DEBUG] write(array HeapByteBuffer@71862624[p=0,l=512,c=512,r=512]={<<< data. \nA suitable amount...table amount of data. \n>>>})
[DEBUG] write(array) s=OPEN,api=BLOCKING,sc=false,e=null aggregated !flush DirectByteBuffer@7c27fa39[p=0,l=5120,c=32768,r=5120]={<<<<title>Something</title>A...table amount of data. \n>>>\x00\x00\x00\x00\x00\x00\x00\x00\x00...\x00\x00\x00\x00\x00\x00\x00}
[DEBUG] write(array HeapByteBuffer@1537821a[p=0,l=512,c=512,r=512]={<<<A suitable amount of data...ount of data. \nA suitab>>>})
[DEBUG] write(array) s=OPEN,api=BLOCKING,sc=false,e=null aggregated !flush DirectByteBuffer@7c27fa39[p=0,l=5632,c=32768,r=5632]={<<<<title>Something</title>A...ount of data. \nA suitab>>>\x00\x00\x00\x00\x00\x00\x00\x00\x00...\x00\x00\x00\x00\x00\x00\x00}
[DEBUG] write(array HeapByteBuffer@a55113b[p=0,l=512,c=512,r=512]={<<<le amount of data. \nA sui...data. \nA suitable amoun>>>})
[DEBUG] write(array) s=OPEN,api=BLOCKING,sc=false,e=null aggregated !flush DirectByteBuffer@7c27fa39[p=0,l=6144,c=32768,r=6144]={<<<<title>Something</title>A...data. \nA suitable amoun>>>\x00\x00\x00\x00\x00\x00\x00\x00\x00...\x00\x00\x00\x00\x00\x00\x00}
[DEBUG] write(array HeapByteBuffer@4ad48d68[p=0,l=512,c=512,r=512]={<<<t of data. \nA suitable am... suitable amount of dat>>>})
[DEBUG] write(array) s=OPEN,api=BLOCKING,sc=false,e=null aggregated !flush DirectByteBuffer@7c27fa39[p=0,l=6656,c=32768,r=6656]={<<<<title>Something</title>A... suitable amount of dat>>>\x00\x00\x00\x00\x00\x00\x00\x00\x00...\x00\x00\x00\x00\x00\x00\x00}
[DEBUG] write(array HeapByteBuffer@a233510[p=0,l=512,c=512,r=512]={<<<a. \nA suitable amount of ...e amount of data. \nA su>>>})
[DEBUG] write(array) s=OPEN,api=BLOCKING,sc=false,e=null aggregated !flush DirectByteBuffer@7c27fa39[p=0,l=7168,c=32768,r=7168]={<<<<title>Something</title>A...e amount of data. \nA su>>>\x00\x00\x00\x00\x00\x00\x00\x00\x00...\x00\x00\x00\x00\x00\x00\x00}
[DEBUG] write(array HeapByteBuffer@232d411c[p=0,l=512,c=512,r=512]={<<<itable amount of data. \nA... of data. \nA suitable a>>>})
[DEBUG] write(array) s=OPEN,api=BLOCKING,sc=false,e=null aggregated !flush DirectByteBuffer@7c27fa39[p=0,l=7680,c=32768,r=7680]={<<<<title>Something</title>A... of data. \nA suitable a>>>\x00\x00\x00\x00\x00\x00\x00\x00\x00...\x00\x00\x00\x00\x00\x00\x00}
[DEBUG] write(array HeapByteBuffer@153508b[p=0,l=512,c=512,r=512]={<<<mount of data. \nA suitabl.... \nA suitable amount of>>>})
[DEBUG] write(array) s=OPEN,api=BLOCKING,sc=false,e=null aggregated !flush DirectByteBuffer@7c27fa39[p=0,l=8192,c=32768,r=8192]={<<<<title>Something</title>A.... \nA suitable amount of>>>\x00\x00\x00\x00\x00\x00\x00\x00\x00...\x00\x00\x00\x00\x00\x00\x00}
[DEBUG] write(array HeapByteBuffer@6f023204[p=0,l=512,c=512,r=512]={<<< data. \nA suitable amount...table amount of data. \n>>>})
[DEBUG] write(array) s=OPEN,api=BLOCKING,sc=false,e=null aggregated !flush DirectByteBuffer@7c27fa39[p=0,l=8704,c=32768,r=8704]={<<<<title>Something</title>A...table amount of data. \n>>>\x00\x00\x00\x00\x00\x00\x00\x00\x00...\x00\x00\x00\x00\x00\x00\x00}
[DEBUG] write(array HeapByteBuffer@7c9a0141[p=0,l=512,c=512,r=512]={<<<A suitable amount of data...ount of data. \nA suitab>>>})
[DEBUG] write(array) s=OPEN,api=BLOCKING,sc=false,e=null aggregated !flush DirectByteBuffer@7c27fa39[p=0,l=9216,c=32768,r=9216]={<<<<title>Something</title>A...ount of data. \nA suitab>>>\x00\x00\x00\x00\x00\x00\x00\x00\x00...\x00\x00\x00\x00\x00\x00\x00}
[DEBUG] write(array HeapByteBuffer@35f68a6f[p=0,l=512,c=512,r=512]={<<<le amount of data. \nA sui...data. \nA suitable amoun>>>})
[DEBUG] write(array) s=OPEN,api=BLOCKING,sc=false,e=null aggregated !flush DirectByteBuffer@7c27fa39[p=0,l=9728,c=32768,r=9728]={<<<<title>Something</title>A...data. \nA suitable amoun>>>\x00\x00\x00\x00\x00\x00\x00\x00\x00...\x00\x00\x00\x00\x00\x00\x00}
[DEBUG] write(array HeapByteBuffer@2e3a5352[p=0,l=512,c=512,r=512]={<<<t of data. \nA suitable am... suitable amount of dat>>>})
[DEBUG] write(array) s=OPEN,api=BLOCKING,sc=false,e=null aggregated !flush DirectByteBuffer@7c27fa39[p=0,l=10240,c=32768,r=10240]={<<<<title>Something</title>A... suitable amount of dat>>>\x00\x00\x00\x00\x00\x00\x00\x00\x00...\x00\x00\x00\x00\x00\x00\x00}
[DEBUG] write(array HeapByteBuffer@50d6d683[p=0,l=512,c=512,r=512]={<<<a. \nA suitable amount of ...e amount of data. \nA su>>>})
[DEBUG] write(array) s=OPEN,api=BLOCKING,sc=false,e=null aggregated !flush DirectByteBuffer@7c27fa39[p=0,l=10752,c=32768,r=10752]={<<<<title>Something</title>A...e amount of data. \nA su>>>\x00\x00\x00\x00\x00\x00\x00\x00\x00...\x00\x00\x00\x00\x00\x00\x00}
[DEBUG] write(array HeapByteBuffer@7cea45d1[p=0,l=512,c=512,r=512]={<<<itable amount of data. \nA... of data. \nA suitable a>>>})
[DEBUG] write(array) s=OPEN,api=BLOCKING,sc=false,e=null aggregated !flush DirectByteBuffer@7c27fa39[p=0,l=11264,c=32768,r=11264]={<<<<title>Something</title>A... of data. \nA suitable a>>>\x00\x00\x00\x00\x00\x00\x00\x00\x00...\x00\x00\x00\x00\x00\x00\x00}
[DEBUG] write(array HeapByteBuffer@7dce0dd1[p=0,l=512,c=512,r=512]={<<<mount of data. \nA suitabl.... \nA suitable amount of>>>})
[DEBUG] write(array) s=OPEN,api=BLOCKING,sc=false,e=null aggregated !flush DirectByteBuffer@7c27fa39[p=0,l=11776,c=32768,r=11776]={<<<<title>Something</title>A.... \nA suitable amount of>>>\x00\x00\x00\x00\x00\x00\x00\x00\x00...\x00\x00\x00\x00\x00\x00\x00}
[DEBUG] write(array HeapByteBuffer@19261f9[p=0,l=512,c=512,r=512]={<<< data. \nA suitable amount...table amount of data. \n>>>})
[DEBUG] write(array) s=OPEN,api=BLOCKING,sc=false,e=null aggregated !flush DirectByteBuffer@7c27fa39[p=0,l=12288,c=32768,r=12288]={<<<<title>Something</title>A...table amount of data. \n>>>\x00\x00\x00\x00\x00\x00\x00\x00\x00...\x00\x00\x00\x00\x00\x00\x00}
[DEBUG] write(array HeapByteBuffer@6716dd86[p=0,l=512,c=512,r=512]={<<<A suitable amount of data...ount of data. \nA suitab>>>})
[DEBUG] write(array) s=OPEN,api=BLOCKING,sc=false,e=null aggregated !flush DirectByteBuffer@7c27fa39[p=0,l=12800,c=32768,r=12800]={<<<<title>Something</title>A...ount of data. \nA suitab>>>\x00\x00\x00\x00\x00\x00\x00\x00\x00...\x00\x00\x00\x00\x00\x00\x00}
[DEBUG] write(array HeapByteBuffer@497cd878[p=0,l=512,c=512,r=512]={<<<le amount of data. \nA sui...data. \nA suitable amoun>>>})
[DEBUG] write(array) s=OPEN,api=BLOCKING,sc=false,e=null aggregated !flush DirectByteBuffer@7c27fa39[p=0,l=13312,c=32768,r=13312]={<<<<title>Something</title>A...data. \nA suitable amoun>>>\x00\x00\x00\x00\x00\x00\x00\x00\x00...\x00\x00\x00\x00\x00\x00\x00}
[DEBUG] write(array HeapByteBuffer@44d1e403[p=0,l=512,c=512,r=512]={<<<t of data. \nA suitable am... suitable amount of dat>>>})
[DEBUG] write(array) s=OPEN,api=BLOCKING,sc=false,e=null aggregated !flush DirectByteBuffer@7c27fa39[p=0,l=13824,c=32768,r=13824]={<<<<title>Something</title>A... suitable amount of dat>>>\x00\x00\x00\x00\x00\x00\x00\x00\x00...\x00\x00\x00\x00\x00\x00\x00}
[DEBUG] write(array HeapByteBuffer@565ec8c9[p=0,l=512,c=512,r=512]={<<<a. \nA suitable amount of ...e amount of data. \nA su>>>})
[DEBUG] write(array) s=OPEN,api=BLOCKING,sc=false,e=null aggregated !flush DirectByteBuffer@7c27fa39[p=0,l=14336,c=32768,r=14336]={<<<<title>Something</title>A...e amount of data. \nA su>>>\x00\x00\x00\x00\x00\x00\x00\x00\x00...\x00\x00\x00\x00\x00\x00\x00}
[DEBUG] write(array HeapByteBuffer@775c569[p=0,l=512,c=512,r=512]={<<<itable amount of data. \nA... of data. \nA suitable a>>>})
[DEBUG] write(array) s=OPEN,api=BLOCKING,sc=false,e=null aggregated !flush DirectByteBuffer@7c27fa39[p=0,l=14848,c=32768,r=14848]={<<<<title>Something</title>A... of data. \nA suitable a>>>\x00\x00\x00\x00\x00\x00\x00\x00\x00...\x00\x00\x00\x00\x00\x00\x00}
[DEBUG] write(array HeapByteBuffer@28e562e7[p=0,l=512,c=512,r=512]={<<<mount of data. \nA suitabl.... \nA suitable amount of>>>})
[DEBUG] write(array) s=OPEN,api=BLOCKING,sc=false,e=null aggregated !flush DirectByteBuffer@7c27fa39[p=0,l=15360,c=32768,r=15360]={<<<<title>Something</title>A.... \nA suitable amount of>>>\x00\x00\x00\x00\x00\x00\x00\x00\x00...\x00\x00\x00\x00\x00\x00\x00}
[DEBUG] write(array HeapByteBuffer@635f6a04[p=0,l=512,c=512,r=512]={<<< data. \nA suitable amount...table amount of data. \n>>>})
[DEBUG] write(array) s=OPEN,api=BLOCKING,sc=false,e=null aggregated !flush DirectByteBuffer@7c27fa39[p=0,l=15872,c=32768,r=15872]={<<<<title>Something</title>A...table amount of data. \n>>>\x00\x00\x00\x00\x00\x00\x00\x00\x00...\x00\x00\x00\x00\x00\x00\x00}
[DEBUG] write(array HeapByteBuffer@4367fe26[p=0,l=512,c=512,r=512]={<<<A suitable amount of data...ount of data. \nA suitab>>>})
[DEBUG] write(array) s=OPEN,api=BLOCKING,sc=false,e=null aggregated !flush DirectByteBuffer@7c27fa39[p=0,l=16384,c=32768,r=16384]={<<<<title>Something</title>A...ount of data. \nA suitab>>>\x00\x00\x00\x00\x00\x00\x00\x00\x00...\x00\x00\x00\x00\x00\x00\x00}
[DEBUG] write(array HeapByteBuffer@6a9025ae[p=0,l=512,c=512,r=512]={<<<le amount of data. \nA sui...data. \nA suitable amoun>>>})
[DEBUG] write(array) s=CLOSING,api=BLOCKED,sc=false,e=null last=true agg=true flush=true async=false, len=0 DirectByteBuffer@7c27fa39[p=0,l=16896,c=32768,r=16896]={<<<<title>Something</title>A...data. \nA suitable amoun>>>\x00\x00\x00\x00\x00\x00\x00\x00\x00...\x00\x00\x00\x00\x00\x00\x00}
[DEBUG] sendResponse info=null content=DirectByteBuffer@7c27fa39[p=0,l=16896,c=32768,r=16896]={<<<<title>Something</title>A...data. \nA suitable amoun>>>\x00\x00\x00\x00\x00\x00\x00\x00\x00...\x00\x00\x00\x00\x00\x00\x00} complete=true committing=true callback=Blocker@5e862982{null}
[DEBUG] COMMIT for /InterruptedServlet on HttpChannelOverHttp@16e68720{s=HttpChannelState@25abfa74{s=HANDLING rs=BLOCKING os=COMMITTED is=IDLE awp=false se=false i=true al=0},r=5,c=false/false,a=HANDLING,uri=//localhost:35372/InterruptedServlet,age=14}
200 null HTTP/1.1
Date: Tue, 28 Sep 2021 06:03:30 GMT
Content-Type: text/html;charset=utf-8
Content-Length: 16399


[DEBUG] generate: NEED_HEADER for SendCallback@6024692f[PROCESSING][i=HTTP/1.1{s=200,h=3,cl=16399},cb=org.eclipse.jetty.server.HttpChannel$SendCallback@69619041] (null,[p=0,l=16896,c=32768,r=16896],true)@START
[DEBUG] generateHeaders HTTP/1.1{s=200,h=3,cl=16399} last=true content=DirectByteBuffer@7c27fa39[p=0,l=16896,c=32768,r=16896]={<<<<title>Something</title>A...data. \nA suitable amoun>>>\x00\x00\x00\x00\x00\x00\x00\x00\x00...\x00\x00\x00\x00\x00\x00\x00}
[DEBUG] Date: Tue, 28 Sep 2021 06:03:30 GMT
Content-Type: text/html;charset=utf-8
Content-Length: 16399


[DEBUG] CONTENT_LENGTH
[DEBUG] generate: FLUSH for SendCallback@6024692f[PROCESSING][i=HTTP/1.1{s=200,h=3,cl=16399},cb=org.eclipse.jetty.server.HttpChannel$SendCallback@69619041] ([p=0,l=151,c=8192,r=151],[p=0,l=16896,c=32768,r=16896],true)@COMPLETING
[DEBUG] write: WriteFlusher@66c907f8{IDLE}->null [HeapByteBuffer@460916c[p=0,l=151,c=8192,r=151]={<<<HTTP/1.1 200 OK\r\nDate: Tu...y(9.4.43.v20210629)\r\n\r\n>>>hrome/79....\x00\x00\x00\x00\x00\x00\x00},DirectByteBuffer@7c27fa39[p=0,l=16896,c=32768,r=16896]={<<<<title>Something</title>A...data. \nA suitable amoun>>>\x00\x00\x00\x00\x00\x00\x00\x00\x00...\x00\x00\x00\x00\x00\x00\x00}]
[DEBUG] update WriteFlusher@66c907f8{WRITING}->null:IDLE-->WRITING
]]></system-out>
  </testcase>
  <testcase name="multiCookieSet" classname="org.jsoup.integration.ConnectTest" time="0.078">
    <system-out><![CDATA[[DEBUG] starting org.jsoup.integration.servlets.RedirectServlet-77bb0ab5==org.jsoup.integration.servlets.RedirectServlet@f84cd177{jsp=null,order=-1,inst=false,async=true,src=EMBEDDED:null,STOPPED}
[DEBUG] STARTED @10948ms org.jsoup.integration.servlets.RedirectServlet-77bb0ab5==org.jsoup.integration.servlets.RedirectServlet@f84cd177{jsp=null,order=-1,inst=false,async=true,src=EMBEDDED:null,STARTED}
[DEBUG] ServletHandler@2eced48b{STARTED} added {org.jsoup.integration.servlets.RedirectServlet-77bb0ab5==org.jsoup.integration.servlets.RedirectServlet@f84cd177{jsp=null,order=-1,inst=false,async=true,src=EMBEDDED:null,STARTED},UNMANAGED}
[DEBUG] ServletHandler@2eced48b{STARTED} added {[/RedirectServlet/*]=>org.jsoup.integration.servlets.RedirectServlet-77bb0ab5,POJO}
[DEBUG] Path=/InterruptedServlet/*[EMBEDDED:null] mapped to servlet=org.jsoup.integration.servlets.InterruptedServlet-1f86099a[EMBEDDED:null]
[DEBUG] Added MappedResource[pathSpec=ServletPathSpec@bf5e7dac{/InterruptedServlet/*},resource=org.jsoup.integration.servlets.InterruptedServlet-1f86099a==org.jsoup.integration.servlets.InterruptedServlet@b675065f{jsp=null,order=-1,inst=true,async=true,src=EMBEDDED:null,STARTED}] to PathMappings[size=1]
[DEBUG] Path=/RedirectServlet/*[EMBEDDED:null] mapped to servlet=org.jsoup.integration.servlets.RedirectServlet-77bb0ab5[EMBEDDED:null]
[DEBUG] Added MappedResource[pathSpec=ServletPathSpec@9a9d5e14{/RedirectServlet/*},resource=org.jsoup.integration.servlets.RedirectServlet-77bb0ab5==org.jsoup.integration.servlets.RedirectServlet@f84cd177{jsp=null,order=-1,inst=false,async=true,src=EMBEDDED:null,STARTED}] to PathMappings[size=2]
[DEBUG] Path=/EchoServlet/*[EMBEDDED:null] mapped to servlet=org.jsoup.integration.servlets.EchoServlet-60d1a32f[EMBEDDED:null]
[DEBUG] Added MappedResource[pathSpec=ServletPathSpec@8f86de6b{/EchoServlet/*},resource=org.jsoup.integration.servlets.EchoServlet-60d1a32f==org.jsoup.integration.servlets.EchoServlet@1f7ecb09{jsp=null,order=-1,inst=true,async=true,src=EMBEDDED:null,STARTED}] to PathMappings[size=3]
[DEBUG] Path=/FileServlet/*[EMBEDDED:null] mapped to servlet=org.jsoup.integration.servlets.FileServlet-60dce7ea[EMBEDDED:null]
[DEBUG] Added MappedResource[pathSpec=ServletPathSpec@74e824f4{/FileServlet/*},resource=org.jsoup.integration.servlets.FileServlet-60dce7ea==org.jsoup.integration.servlets.FileServlet@c786463a{jsp=null,order=-1,inst=true,async=true,src=EMBEDDED:null,STARTED}] to PathMappings[size=4]
[DEBUG] Path=/CookieServlet/*[EMBEDDED:null] mapped to servlet=org.jsoup.integration.servlets.CookieServlet-22b53226[EMBEDDED:null]
[DEBUG] Added MappedResource[pathSpec=ServletPathSpec@5e4054cc{/CookieServlet/*},resource=org.jsoup.integration.servlets.CookieServlet-22b53226==org.jsoup.integration.servlets.CookieServlet@50417851{jsp=null,order=-1,inst=true,async=true,src=EMBEDDED:null,STARTED}] to PathMappings[size=5]
[DEBUG] Path=/[EMBEDDED:null] mapped to servlet=org.eclipse.jetty.servlet.ServletHandler$Default404Servlet-2974f221[EMBEDDED:null]
[DEBUG] Added MappedResource[pathSpec=ServletPathSpec@4e{/},resource=org.eclipse.jetty.servlet.ServletHandler$Default404Servlet-2974f221==org.eclipse.jetty.servlet.ServletHandler$Default404Servlet@cf4d2ec3{jsp=null,order=-1,inst=false,async=true,src=EMBEDDED:null,STARTED}] to PathMappings[size=6]
[DEBUG] filterNameMap={}
[DEBUG] pathFilters=null
[DEBUG] servletFilterMap=null
[DEBUG] servletPathMap=PathMappings[size=6]
[DEBUG] servletNameMap={org.jsoup.integration.servlets.CookieServlet-22b53226=org.jsoup.integration.servlets.CookieServlet-22b53226==org.jsoup.integration.servlets.CookieServlet@50417851{jsp=null,order=-1,inst=true,async=true,src=EMBEDDED:null,STARTED}, org.jsoup.integration.servlets.EchoServlet-60d1a32f=org.jsoup.integration.servlets.EchoServlet-60d1a32f==org.jsoup.integration.servlets.EchoServlet@1f7ecb09{jsp=null,order=-1,inst=true,async=true,src=EMBEDDED:null,STARTED}, org.jsoup.integration.servlets.InterruptedServlet-1f86099a=org.jsoup.integration.servlets.InterruptedServlet-1f86099a==org.jsoup.integration.servlets.InterruptedServlet@b675065f{jsp=null,order=-1,inst=true,async=true,src=EMBEDDED:null,STARTED}, org.jsoup.integration.servlets.RedirectServlet-77bb0ab5=org.jsoup.integration.servlets.RedirectServlet-77bb0ab5==org.jsoup.integration.servlets.RedirectServlet@f84cd177{jsp=null,order=-1,inst=false,async=true,src=EMBEDDED:null,STARTED}, org.jsoup.integration.servlets.FileServlet-60dce7ea=org.jsoup.integration.servlets.FileServlet-60dce7ea==org.jsoup.integration.servlets.FileServlet@c786463a{jsp=null,order=-1,inst=true,async=true,src=EMBEDDED:null,STARTED}, org.eclipse.jetty.servlet.ServletHandler$Default404Servlet-2974f221=org.eclipse.jetty.servlet.ServletHandler$Default404Servlet-2974f221==org.eclipse.jetty.servlet.ServletHandler$Default404Servlet@cf4d2ec3{jsp=null,order=-1,inst=false,async=true,src=EMBEDDED:null,STARTED}}
[DEBUG] flushed 17047 SocketChannelEndPoint@7c84d6a0{l=/127.0.0.1:35372,r=/127.0.0.1:60186,OPEN,fill=-,flush=W,to=23/30000}{io=0/0,kio=0,kro=1}->HttpConnection@60cb21a2[p=HttpParser{s=CONTENT,0 of -1},g=HttpGenerator@3ae636a6{s=COMPLETING}]=>HttpChannelOverHttp@16e68720{s=HttpChannelState@25abfa74{s=HANDLING rs=BLOCKING os=COMMITTED is=IDLE awp=false se=false i=true al=0},r=5,c=false/false,a=HANDLING,uri=//localhost:35372/InterruptedServlet,age=21}
[DEBUG] Flushed=true written=17047 remaining=0 WriteFlusher@66c907f8{WRITING}->null
[DEBUG] update WriteFlusher@66c907f8{IDLE}->null:WRITING-->IDLE
[DEBUG] generate: DONE for SendCallback@6024692f[PROCESSING][i=HTTP/1.1{s=200,h=3,cl=16399},cb=org.eclipse.jetty.server.HttpChannel$SendCallback@69619041] ([p=151,l=151,c=8192,r=0],[p=16896,l=16896,c=32768,r=0],true)@END
[DEBUG] sendResponse info=null content=HeapByteBuffer@13dae45a[p=0,l=0,c=0,r=0]={<<<>>>} complete=true committing=false callback=Blocker@5e862982{null}
[DEBUG] generate: DONE for SendCallback@6024692f[PROCESSING][i=null,cb=org.eclipse.jetty.server.HttpChannel$SendCallback@71f6c823] (null,[p=0,l=0,c=0,r=0],true)@END
[DEBUG] onWriteComplete(true,null) s=CLOSING,api=BLOCKED,sc=false,e=null->s=CLOSED,api=BLOCKING,sc=false,e=null c=null cb=null w=false
[DEBUG] write(array HeapByteBuffer@d1c9ef5[p=0,l=512,c=512,r=512]={<<<t of data. \nA suitable am... suitable amount of dat>>>})
[DEBUG] 
org.eclipse.jetty.io.EofException: Closed
	at org.eclipse.jetty.server.HttpOutput.checkWritable(HttpOutput.java:769) ~[jetty-server-9.4.43.v20210629.jar:9.4.43.v20210629]
	at org.eclipse.jetty.server.HttpOutput.write(HttpOutput.java:793) ~[jetty-server-9.4.43.v20210629.jar:9.4.43.v20210629]
	at java.io.ByteArrayOutputStream.writeTo(ByteArrayOutputStream.java:167) ~[na:1.8.0_292]
	at org.eclipse.jetty.server.Utf8HttpWriter.write(Utf8HttpWriter.java:177) ~[jetty-server-9.4.43.v20210629.jar:9.4.43.v20210629]
	at org.eclipse.jetty.server.HttpWriter.write(HttpWriter.java:73) ~[jetty-server-9.4.43.v20210629.jar:9.4.43.v20210629]
	at org.eclipse.jetty.server.HttpWriter.write(HttpWriter.java:67) ~[jetty-server-9.4.43.v20210629.jar:9.4.43.v20210629]
	at org.eclipse.jetty.server.ResponseWriter.write(ResponseWriter.java:242) [jetty-server-9.4.43.v20210629.jar:9.4.43.v20210629]
	at org.eclipse.jetty.server.ResponseWriter.write(ResponseWriter.java:259) [jetty-server-9.4.43.v20210629.jar:9.4.43.v20210629]
	at org.jsoup.integration.servlets.InterruptedServlet.doGet(InterruptedServlet.java:34) [test-classes/:na]
	at javax.servlet.http.HttpServlet.service(HttpServlet.java:687) [javax.servlet-api-3.1.0.jar:3.1.0]
	at javax.servlet.http.HttpServlet.service(HttpServlet.java:790) [javax.servlet-api-3.1.0.jar:3.1.0]
	at org.eclipse.jetty.servlet.ServletHolder.handle(ServletHolder.java:799) [jetty-servlet-9.4.43.v20210629.jar:9.4.43.v20210629]
	at org.eclipse.jetty.servlet.ServletHandler.doHandle(ServletHandler.java:550) [jetty-servlet-9.4.43.v20210629.jar:9.4.43.v20210629]
	at org.eclipse.jetty.server.handler.ScopedHandler.nextScope(ScopedHandler.java:190) [jetty-server-9.4.43.v20210629.jar:9.4.43.v20210629]
	at org.eclipse.jetty.servlet.ServletHandler.doScope(ServletHandler.java:501) [jetty-servlet-9.4.43.v20210629.jar:9.4.43.v20210629]
	at org.eclipse.jetty.server.handler.ScopedHandler.handle(ScopedHandler.java:141) [jetty-server-9.4.43.v20210629.jar:9.4.43.v20210629]
	at org.eclipse.jetty.server.handler.HandlerWrapper.handle(HandlerWrapper.java:127) [jetty-server-9.4.43.v20210629.jar:9.4.43.v20210629]
	at org.eclipse.jetty.server.Server.handle(Server.java:516) [jetty-server-9.4.43.v20210629.jar:9.4.43.v20210629]
	at org.eclipse.jetty.server.HttpChannel.lambda$handle$1(HttpChannel.java:388) [jetty-server-9.4.43.v20210629.jar:9.4.43.v20210629]
	at org.eclipse.jetty.server.HttpChannel.dispatch(HttpChannel.java:633) [jetty-server-9.4.43.v20210629.jar:9.4.43.v20210629]
	at org.eclipse.jetty.server.HttpChannel.handle(HttpChannel.java:380) [jetty-server-9.4.43.v20210629.jar:9.4.43.v20210629]
	at org.eclipse.jetty.server.HttpConnection.onFillable(HttpConnection.java:277) ~[jetty-server-9.4.43.v20210629.jar:9.4.43.v20210629]
	at org.eclipse.jetty.io.AbstractConnection$ReadCallback.succeeded(AbstractConnection.java:311) ~[jetty-io-9.4.43.v20210629.jar:9.4.43.v20210629]
	at org.eclipse.jetty.io.FillInterest.fillable(FillInterest.java:105) ~[jetty-io-9.4.43.v20210629.jar:9.4.43.v20210629]
	at org.eclipse.jetty.io.ChannelEndPoint$1.run(ChannelEndPoint.java:104) ~[jetty-io-9.4.43.v20210629.jar:9.4.43.v20210629]
	at org.eclipse.jetty.util.thread.strategy.EatWhatYouKill.runTask(EatWhatYouKill.java:338) ~[jetty-util-9.4.43.v20210629.jar:9.4.43.v20210629]
	at org.eclipse.jetty.util.thread.strategy.EatWhatYouKill.doProduce(EatWhatYouKill.java:315) ~[jetty-util-9.4.43.v20210629.jar:9.4.43.v20210629]
	at org.eclipse.jetty.util.thread.strategy.EatWhatYouKill.tryProduce(EatWhatYouKill.java:173) ~[jetty-util-9.4.43.v20210629.jar:9.4.43.v20210629]
	at org.eclipse.jetty.util.thread.strategy.EatWhatYouKill.run(EatWhatYouKill.java:131) ~[jetty-util-9.4.43.v20210629.jar:9.4.43.v20210629]
	at org.eclipse.jetty.util.thread.ReservedThreadExecutor$ReservedThread.run(ReservedThreadExecutor.java:386) ~[jetty-util-9.4.43.v20210629.jar:9.4.43.v20210629]
	at org.eclipse.jetty.util.thread.QueuedThreadPool.runJob(QueuedThreadPool.java:883) ~[jetty-util-9.4.43.v20210629.jar:9.4.43.v20210629]
	at org.eclipse.jetty.util.thread.QueuedThreadPool$Runner.run(QueuedThreadPool.java:1034) ~[jetty-util-9.4.43.v20210629.jar:9.4.43.v20210629]
	at java.lang.Thread.run(Thread.java:748) ~[na:1.8.0_292]
[DEBUG] handled=true async=false committed=true on HttpChannelOverHttp@16e68720{s=HttpChannelState@25abfa74{s=HANDLING rs=BLOCKING os=COMPLETED is=IDLE awp=false se=false i=true al=0},r=5,c=false/true,a=HANDLING,uri=//localhost:35372/InterruptedServlet,age=32}
[DEBUG] unhandle HttpChannelState@25abfa74{s=HANDLING rs=BLOCKING os=COMPLETED is=IDLE awp=false se=false i=true al=0}
[DEBUG] nextAction(false) COMPLETE HttpChannelState@25abfa74{s=HANDLING rs=COMPLETING os=COMPLETED is=IDLE awp=false se=false i=false al=0}
[DEBUG] action COMPLETE HttpChannelOverHttp@16e68720{s=HttpChannelState@25abfa74{s=HANDLING rs=COMPLETING os=COMPLETED is=IDLE awp=false se=false i=false al=0},r=5,c=false/true,a=HANDLING,uri=//localhost:35372/InterruptedServlet,age=32}
[DEBUG] complete(org.eclipse.jetty.util.Callback$3@7acf06a5) s=CLOSED,api=BLOCKING,sc=false,e=null s=true e=null, c=null
[DEBUG] completed HttpChannelState@25abfa74{s=HANDLING rs=COMPLETING os=COMPLETED is=IDLE awp=false se=false i=false al=0}
[DEBUG] unhandle HttpChannelState@25abfa74{s=HANDLING rs=COMPLETED os=COMPLETED is=IDLE awp=false se=false i=false al=0}
[DEBUG] nextAction(false) TERMINATED HttpChannelState@25abfa74{s=IDLE rs=COMPLETED os=COMPLETED is=IDLE awp=false se=false i=false al=0}
[DEBUG] action TERMINATED HttpChannelOverHttp@16e68720{s=HttpChannelState@25abfa74{s=IDLE rs=COMPLETED os=COMPLETED is=IDLE awp=false se=false i=false al=0},r=5,c=true/true,a=IDLE,uri=//localhost:35372/InterruptedServlet,age=32}
[DEBUG] onCompleted for /InterruptedServlet written=16896
[DEBUG] filled 368 HeapByteBuffer@460916c[p=0,l=368,c=8192,r=368]={<<<GET /RedirectServlet?code...nection: keep-alive\r\n\r\n>>>ection: k...\x00\x00\x00\x00\x00\x00\x00}
[DEBUG] HttpConnection@60cb21a2::SocketChannelEndPoint@7c84d6a0{l=/127.0.0.1:35372,r=/127.0.0.1:60186,OPEN,fill=-,flush=-,to=0/30000}{io=0/0,kio=0,kro=1}->HttpConnection@60cb21a2[p=HttpParser{s=CONTENT,0 of -1},g=HttpGenerator@3ae636a6{s=END}]=>HttpChannelOverHttp@16e68720{s=HttpChannelState@25abfa74{s=IDLE rs=COMPLETED os=COMPLETED is=IDLE awp=false se=false i=false al=0},r=5,c=true/true,a=IDLE,uri=//localhost:35372/InterruptedServlet,age=32} filled 368 HeapByteBuffer@460916c[p=0,l=368,c=8192,r=368]={<<<GET /RedirectServlet?code...nection: keep-alive\r\n\r\n>>>ection: k...\x00\x00\x00\x00\x00\x00\x00}
[DEBUG] HttpConnection@60cb21a2::SocketChannelEndPoint@7c84d6a0{l=/127.0.0.1:35372,r=/127.0.0.1:60186,OPEN,fill=-,flush=-,to=0/30000}{io=0/0,kio=0,kro=1}->HttpConnection@60cb21a2[p=HttpParser{s=CONTENT,0 of -1},g=HttpGenerator@3ae636a6{s=END}]=>HttpChannelOverHttp@16e68720{s=HttpChannelState@25abfa74{s=IDLE rs=COMPLETED os=COMPLETED is=IDLE awp=false se=false i=false al=0},r=5,c=true/true,a=IDLE,uri=//localhost:35372/InterruptedServlet,age=33} parse HeapByteBuffer@460916c[p=0,l=368,c=8192,r=368]={<<<GET /RedirectServlet?code...nection: keep-alive\r\n\r\n>>>ection: k...\x00\x00\x00\x00\x00\x00\x00} {}
[DEBUG] parseNext s=CONTENT HeapByteBuffer@460916c[p=0,l=368,c=8192,r=368]={<<<GET /RedirectServlet?code...nection: keep-alive\r\n\r\n>>>ection: k...\x00\x00\x00\x00\x00\x00\x00}
[DEBUG] CONTENT --> CONTENT_END
[DEBUG] onContentComplete HttpChannelOverHttp@16e68720{s=HttpChannelState@25abfa74{s=IDLE rs=COMPLETED os=COMPLETED is=IDLE awp=false se=false i=false al=0},r=5,c=true/true,a=IDLE,uri=//localhost:35372/InterruptedServlet,age=33}
[DEBUG] CONTENT_END --> END
[DEBUG] onRequestComplete HttpChannelOverHttp@16e68720{s=HttpChannelState@25abfa74{s=IDLE rs=COMPLETED os=COMPLETED is=IDLE awp=false se=false i=false al=0},r=5,c=true/true,a=IDLE,uri=//localhost:35372/InterruptedServlet,age=33}
[DEBUG] HttpInputOverHTTP@7dbf978e[c=0,q=0,[0]=null,s=STREAM] addContent EOF
[DEBUG] HttpConnection@60cb21a2::SocketChannelEndPoint@7c84d6a0{l=/127.0.0.1:35372,r=/127.0.0.1:60186,OPEN,fill=-,flush=-,to=0/30000}{io=0/0,kio=0,kro=1}->HttpConnection@60cb21a2[p=HttpParser{s=END,0 of -1},g=HttpGenerator@3ae636a6{s=END}]=>HttpChannelOverHttp@16e68720{s=HttpChannelState@25abfa74{s=IDLE rs=COMPLETED os=COMPLETED is=IDLE awp=false se=false i=false al=0},r=5,c=true/true,a=IDLE,uri=//localhost:35372/InterruptedServlet,age=33} parsed false HttpParser{s=END,0 of -1}
[DEBUG] recycle HttpChannelState@25abfa74{s=IDLE rs=COMPLETED os=COMPLETED is=IDLE awp=false se=false i=false al=0}
[DEBUG] reset HttpParser{s=END,0 of -1}
[DEBUG] END --> START
[DEBUG] !handle TERMINATED HttpChannelOverHttp@16e68720{s=HttpChannelState@25abfa74{s=IDLE rs=BLOCKING os=OPEN is=IDLE awp=false se=false i=true al=0},r=5,c=false/false,a=IDLE,uri=null,age=0}
[DEBUG] HttpConnection@60cb21a2::SocketChannelEndPoint@7c84d6a0{l=/127.0.0.1:35372,r=/127.0.0.1:60186,OPEN,fill=-,flush=-,to=0/30000}{io=0/0,kio=0,kro=1}->HttpConnection@60cb21a2[p=HttpParser{s=START,0 of -1},g=HttpGenerator@3ae636a6{s=START}]=>HttpChannelOverHttp@16e68720{s=HttpChannelState@25abfa74{s=IDLE rs=BLOCKING os=OPEN is=IDLE awp=false se=false i=true al=0},r=5,c=false/false,a=IDLE,uri=null,age=0} parse HeapByteBuffer@460916c[p=0,l=368,c=8192,r=368]={<<<GET /RedirectServlet?code...nection: keep-alive\r\n\r\n>>>ection: k...\x00\x00\x00\x00\x00\x00\x00} {}
[DEBUG] parseNext s=START HeapByteBuffer@460916c[p=0,l=368,c=8192,r=368]={<<<GET /RedirectServlet?code...nection: keep-alive\r\n\r\n>>>ection: k...\x00\x00\x00\x00\x00\x00\x00}
[DEBUG] START --> SPACE1
[DEBUG] SPACE1 --> URI
[DEBUG] URI --> SPACE2
[DEBUG] SPACE2 --> REQUEST_VERSION
[DEBUG] REQUEST_VERSION --> HEADER
[DEBUG] HEADER:Accept-Encoding: gzip --> IN_VALUE
[DEBUG] HEADER:Accept-Encoding: gzip --> FIELD
[DEBUG] HEADER:User-Agent: Mozilla/5.0 (Windows NT 10.0; Win64; x64) AppleWebKit/537.36 (KHTML, like Gecko) Chrome/79.0.3945.130 Safari/537.36 --> IN_VALUE
[DEBUG] HEADER:User-Agent: Mozilla/5.0 (Windows NT 10.0; Win64; x64) AppleWebKit/537.36 (KHTML, like Gecko) Chrome/79.0.3945.130 Safari/537.36 --> FIELD
[DEBUG] HEADER:Host: localhost:35372 --> IN_VALUE
[DEBUG] HEADER:Host: localhost:35372 --> FIELD
[DEBUG] HEADER:Accept: text/html, image/gif, image/jpeg, *; q=.2, */*; q=.2 --> IN_VALUE
[DEBUG] HEADER:Accept: text/html, image/gif, image/jpeg, *; q=.2, */*; q=.2 --> FIELD
[DEBUG] HEADER:Connection: keep-alive --> IN_VALUE
[DEBUG] HEADER:Connection: keep-alive --> FIELD
[DEBUG] HEADER --> CONTENT
[DEBUG] REQUEST for //localhost:35372/RedirectServlet?code=302&setCookies=true&loc=http%3A%2F%2Flocalhost%3A35372%2FEchoServlet on HttpChannelOverHttp@16e68720{s=HttpChannelState@25abfa74{s=IDLE rs=BLOCKING os=OPEN is=IDLE awp=false se=false i=true al=0},r=6,c=false/false,a=IDLE,uri=//localhost:35372/RedirectServlet?code=302&setCookies=true&loc=http%3A%2F%2Flocalhost%3A35372%2FEchoServlet,age=0}
GET //localhost:35372/RedirectServlet?code=302&setCookies=true&loc=http%3A%2F%2Flocalhost%3A35372%2FEchoServlet HTTP/1.1
Accept-Encoding: gzip
User-Agent: Mozilla/5.0 (Windows NT 10.0; Win64; x64) AppleWebKit/537.36 (KHTML, like Gecko) Chrome/79.0.3945.130 Safari/537.36
Host: localhost:35372
Accept: text/html, image/gif, image/jpeg, *; q=.2, */*; q=.2
Connection: keep-alive


[DEBUG] HttpConnection@60cb21a2::SocketChannelEndPoint@7c84d6a0{l=/127.0.0.1:35372,r=/127.0.0.1:60186,OPEN,fill=-,flush=-,to=1/30000}{io=0/0,kio=0,kro=1}->HttpConnection@60cb21a2[p=HttpParser{s=CONTENT,0 of -1},g=HttpGenerator@3ae636a6{s=START}]=>HttpChannelOverHttp@16e68720{s=HttpChannelState@25abfa74{s=IDLE rs=BLOCKING os=OPEN is=IDLE awp=false se=false i=true al=0},r=6,c=false/false,a=IDLE,uri=//localhost:35372/RedirectServlet?code=302&setCookies=true&loc=http%3A%2F%2Flocalhost%3A35372%2FEchoServlet,age=0} parsed true HttpParser{s=CONTENT,0 of -1}
[DEBUG] releaseRequestBuffer HttpConnection@60cb21a2::SocketChannelEndPoint@7c84d6a0{l=/127.0.0.1:35372,r=/127.0.0.1:60186,OPEN,fill=-,flush=-,to=1/30000}{io=0/0,kio=0,kro=1}->HttpConnection@60cb21a2[p=HttpParser{s=CONTENT,0 of -1},g=HttpGenerator@3ae636a6{s=START}]=>HttpChannelOverHttp@16e68720{s=HttpChannelState@25abfa74{s=IDLE rs=BLOCKING os=OPEN is=IDLE awp=false se=false i=true al=0},r=6,c=false/false,a=IDLE,uri=//localhost:35372/RedirectServlet?code=302&setCookies=true&loc=http%3A%2F%2Flocalhost%3A35372%2FEchoServlet,age=0}
[DEBUG] handle //localhost:35372/RedirectServlet?code=302&setCookies=true&loc=http%3A%2F%2Flocalhost%3A35372%2FEchoServlet HttpChannelOverHttp@16e68720{s=HttpChannelState@25abfa74{s=IDLE rs=BLOCKING os=OPEN is=IDLE awp=false se=false i=true al=0},r=6,c=false/false,a=IDLE,uri=//localhost:35372/RedirectServlet?code=302&setCookies=true&loc=http%3A%2F%2Flocalhost%3A35372%2FEchoServlet,age=0} 
[DEBUG] handling HttpChannelState@25abfa74{s=IDLE rs=BLOCKING os=OPEN is=IDLE awp=false se=false i=true al=0}
[DEBUG] action DISPATCH HttpChannelOverHttp@16e68720{s=HttpChannelState@25abfa74{s=HANDLING rs=BLOCKING os=OPEN is=IDLE awp=false se=false i=true al=0},r=6,c=false/false,a=HANDLING,uri=//localhost:35372/RedirectServlet?code=302&setCookies=true&loc=http%3A%2F%2Flocalhost%3A35372%2FEchoServlet,age=0}
[DEBUG] REQUEST GET /RedirectServlet on HttpChannelOverHttp@16e68720{s=HttpChannelState@25abfa74{s=HANDLING rs=BLOCKING os=OPEN is=IDLE awp=false se=false i=true al=0},r=6,c=false/false,a=HANDLING,uri=//localhost:35372/RedirectServlet?code=302&setCookies=true&loc=http%3A%2F%2Flocalhost%3A35372%2FEchoServlet,age=0}
[DEBUG] servlet null|/RedirectServlet|null -> org.jsoup.integration.servlets.RedirectServlet-77bb0ab5==org.jsoup.integration.servlets.RedirectServlet@f84cd177{jsp=null,order=-1,inst=false,async=true,src=EMBEDDED:null,STARTED}
[DEBUG] chain=null
[DEBUG] Servlet.init null for org.jsoup.integration.servlets.RedirectServlet-77bb0ab5
[DEBUG] handled=true async=false committed=false on HttpChannelOverHttp@16e68720{s=HttpChannelState@25abfa74{s=HANDLING rs=BLOCKING os=OPEN is=IDLE awp=false se=false i=true al=0},r=6,c=false/false,a=HANDLING,uri=//localhost:35372/RedirectServlet?code=302&setCookies=true&loc=http%3A%2F%2Flocalhost%3A35372%2FEchoServlet,age=1}
[DEBUG] unhandle HttpChannelState@25abfa74{s=HANDLING rs=BLOCKING os=OPEN is=IDLE awp=false se=false i=true al=0}
[DEBUG] nextAction(false) COMPLETE HttpChannelState@25abfa74{s=HANDLING rs=COMPLETING os=OPEN is=IDLE awp=false se=false i=false al=0}
[DEBUG] action COMPLETE HttpChannelOverHttp@16e68720{s=HttpChannelState@25abfa74{s=HANDLING rs=COMPLETING os=OPEN is=IDLE awp=false se=false i=false al=0},r=6,c=false/false,a=HANDLING,uri=//localhost:35372/RedirectServlet?code=302&setCookies=true&loc=http%3A%2F%2Flocalhost%3A35372%2FEchoServlet,age=1}
[DEBUG] filled 0 HeapByteBuffer@460916c[p=0,l=0,c=8192,r=0]={<<<>>>GET /Redi...\x00\x00\x00\x00\x00\x00\x00}
[DEBUG] filled 0 HeapByteBuffer@460916c[p=0,l=0,c=8192,r=0]={<<<>>>GET /Redi...\x00\x00\x00\x00\x00\x00\x00}
[DEBUG] HttpConnection@60cb21a2::SocketChannelEndPoint@7c84d6a0{l=/127.0.0.1:35372,r=/127.0.0.1:60186,OPEN,fill=-,flush=-,to=2/30000}{io=0/0,kio=0,kro=1}->HttpConnection@60cb21a2[p=HttpParser{s=CONTENT,0 of -1},g=HttpGenerator@3ae636a6{s=START}]=>HttpChannelOverHttp@16e68720{s=HttpChannelState@25abfa74{s=HANDLING rs=COMPLETING os=OPEN is=IDLE awp=false se=false i=false al=0},r=6,c=false/false,a=HANDLING,uri=//localhost:35372/RedirectServlet?code=302&setCookies=true&loc=http%3A%2F%2Flocalhost%3A35372%2FEchoServlet,age=1} filled 0 HeapByteBuffer@460916c[p=0,l=0,c=8192,r=0]={<<<>>>GET /Redi...\x00\x00\x00\x00\x00\x00\x00}
[DEBUG] HttpConnection@60cb21a2::SocketChannelEndPoint@7c84d6a0{l=/127.0.0.1:35372,r=/127.0.0.1:60186,OPEN,fill=-,flush=-,to=3/30000}{io=0/0,kio=0,kro=1}->HttpConnection@60cb21a2[p=HttpParser{s=CONTENT,0 of -1},g=HttpGenerator@3ae636a6{s=START}]=>HttpChannelOverHttp@16e68720{s=HttpChannelState@25abfa74{s=HANDLING rs=COMPLETING os=OPEN is=IDLE awp=false se=false i=false al=0},r=6,c=false/false,a=HANDLING,uri=//localhost:35372/RedirectServlet?code=302&setCookies=true&loc=http%3A%2F%2Flocalhost%3A35372%2FEchoServlet,age=1} parse HeapByteBuffer@460916c[p=0,l=0,c=8192,r=0]={<<<>>>GET /Redi...\x00\x00\x00\x00\x00\x00\x00} {}
[DEBUG] parseNext s=CONTENT HeapByteBuffer@460916c[p=0,l=0,c=8192,r=0]={<<<>>>GET /Redi...\x00\x00\x00\x00\x00\x00\x00}
[DEBUG] CONTENT --> CONTENT_END
[DEBUG] onContentComplete HttpChannelOverHttp@16e68720{s=HttpChannelState@25abfa74{s=HANDLING rs=COMPLETING os=OPEN is=IDLE awp=false se=false i=false al=0},r=6,c=false/false,a=HANDLING,uri=//localhost:35372/RedirectServlet?code=302&setCookies=true&loc=http%3A%2F%2Flocalhost%3A35372%2FEchoServlet,age=2}
[DEBUG] CONTENT_END --> END
[DEBUG] onRequestComplete HttpChannelOverHttp@16e68720{s=HttpChannelState@25abfa74{s=HANDLING rs=COMPLETING os=OPEN is=IDLE awp=false se=false i=false al=0},r=6,c=false/false,a=HANDLING,uri=//localhost:35372/RedirectServlet?code=302&setCookies=true&loc=http%3A%2F%2Flocalhost%3A35372%2FEchoServlet,age=2}
[DEBUG] HttpInputOverHTTP@7dbf978e[c=0,q=0,[0]=null,s=STREAM] addContent EOF
[DEBUG] HttpConnection@60cb21a2::SocketChannelEndPoint@7c84d6a0{l=/127.0.0.1:35372,r=/127.0.0.1:60186,OPEN,fill=-,flush=-,to=3/30000}{io=0/0,kio=0,kro=1}->HttpConnection@60cb21a2[p=HttpParser{s=END,0 of -1},g=HttpGenerator@3ae636a6{s=START}]=>HttpChannelOverHttp@16e68720{s=HttpChannelState@25abfa74{s=HANDLING rs=COMPLETING os=OPEN is=IDLE awp=false se=false i=false al=0},r=6,c=false/false,a=HANDLING,uri=//localhost:35372/RedirectServlet?code=302&setCookies=true&loc=http%3A%2F%2Flocalhost%3A35372%2FEchoServlet,age=2} parsed false HttpParser{s=END,0 of -1}
[DEBUG] releaseRequestBuffer HttpConnection@60cb21a2::SocketChannelEndPoint@7c84d6a0{l=/127.0.0.1:35372,r=/127.0.0.1:60186,OPEN,fill=-,flush=-,to=3/30000}{io=0/0,kio=0,kro=1}->HttpConnection@60cb21a2[p=HttpParser{s=END,0 of -1},g=HttpGenerator@3ae636a6{s=START}]=>HttpChannelOverHttp@16e68720{s=HttpChannelState@25abfa74{s=HANDLING rs=COMPLETING os=OPEN is=IDLE awp=false se=false i=false al=0},r=6,c=false/false,a=HANDLING,uri=//localhost:35372/RedirectServlet?code=302&setCookies=true&loc=http%3A%2F%2Flocalhost%3A35372%2FEchoServlet,age=2}
[DEBUG] complete(org.eclipse.jetty.util.Callback$3@13853ff7) s=CLOSING,api=BLOCKED,sc=false,e=null s=false e=null, c=HeapByteBuffer@13dae45a[p=0,l=0,c=0,r=0]={<<<>>>}
[DEBUG] sendResponse info=null content=HeapByteBuffer@13dae45a[p=0,l=0,c=0,r=0]={<<<>>>} complete=true committing=true callback=org.eclipse.jetty.server.HttpOutput$WriteCompleteCB@60e069ec
[DEBUG] COMMIT for /RedirectServlet on HttpChannelOverHttp@16e68720{s=HttpChannelState@25abfa74{s=HANDLING rs=COMPLETING os=COMMITTED is=IDLE awp=false se=false i=false al=0},r=6,c=false/false,a=HANDLING,uri=//localhost:35372/RedirectServlet?code=302&setCookies=true&loc=http%3A%2F%2Flocalhost%3A35372%2FEchoServlet,age=2}
302 null HTTP/1.1
Date: Tue, 28 Sep 2021 06:03:30 GMT
Set-Cookie: token=asdfg123
Expires: Thu, 01 Jan 1970 00:00:00 GMT
Set-Cookie: uid=jhy
Location: http://localhost:35372/EchoServlet


[DEBUG] generate: NEED_HEADER for SendCallback@6024692f[PROCESSING][i=HTTP/1.1{s=302,h=5,cl=-1},cb=org.eclipse.jetty.server.HttpChannel$SendCallback@44468ad9] (null,[p=0,l=0,c=0,r=0],true)@START
[DEBUG] generateHeaders HTTP/1.1{s=302,h=5,cl=-1} last=true content=HeapByteBuffer@13dae45a[p=0,l=0,c=0,r=0]={<<<>>>}
[DEBUG] Date: Tue, 28 Sep 2021 06:03:30 GMT
Set-Cookie: token=asdfg123
Expires: Thu, 01 Jan 1970 00:00:00 GMT
Set-Cookie: uid=jhy
Location: http://localhost:35372/EchoServlet


[DEBUG] CONTENT_LENGTH
[DEBUG] generate: FLUSH for SendCallback@6024692f[PROCESSING][i=HTTP/1.1{s=302,h=5,cl=-1},cb=org.eclipse.jetty.server.HttpChannel$SendCallback@44468ad9] ([p=0,l=246,c=8192,r=246],[p=0,l=0,c=0,r=0],true)@COMPLETING
[DEBUG] write: WriteFlusher@66c907f8{IDLE}->null [HeapByteBuffer@460916c[p=0,l=246,c=8192,r=246]={<<<HTTP/1.1 302 Found\r\nDate:...y(9.4.43.v20210629)\r\n\r\n>>>ri/537.36...\x00\x00\x00\x00\x00\x00\x00}]
[DEBUG] update WriteFlusher@66c907f8{WRITING}->null:IDLE-->WRITING
[DEBUG] flushed 246 SocketChannelEndPoint@7c84d6a0{l=/127.0.0.1:35372,r=/127.0.0.1:60186,OPEN,fill=-,flush=W,to=6/30000}{io=0/0,kio=0,kro=1}->HttpConnection@60cb21a2[p=HttpParser{s=END,0 of -1},g=HttpGenerator@3ae636a6{s=COMPLETING}]=>HttpChannelOverHttp@16e68720{s=HttpChannelState@25abfa74{s=HANDLING rs=COMPLETING os=COMMITTED is=IDLE awp=false se=false i=false al=0},r=6,c=false/false,a=HANDLING,uri=//localhost:35372/RedirectServlet?code=302&setCookies=true&loc=http%3A%2F%2Flocalhost%3A35372%2FEchoServlet,age=4}
[DEBUG] Flushed=true written=246 remaining=0 WriteFlusher@66c907f8{WRITING}->null
[DEBUG] update WriteFlusher@66c907f8{IDLE}->null:WRITING-->IDLE
[DEBUG] generate: DONE for SendCallback@6024692f[PROCESSING][i=HTTP/1.1{s=302,h=5,cl=-1},cb=org.eclipse.jetty.server.HttpChannel$SendCallback@44468ad9] ([p=246,l=246,c=8192,r=0],[p=0,l=0,c=0,r=0],true)@END
[DEBUG] onWriteComplete(true,null) s=CLOSING,api=BLOCKED,sc=false,e=null->s=CLOSED,api=BLOCKING,sc=false,e=null c=null cb=org.eclipse.jetty.util.Callback$3@13853ff7 w=false
[DEBUG] completed HttpChannelState@25abfa74{s=HANDLING rs=COMPLETING os=COMPLETED is=IDLE awp=false se=false i=false al=0}
[DEBUG] unhandle HttpChannelState@25abfa74{s=HANDLING rs=COMPLETED os=COMPLETED is=IDLE awp=false se=false i=false al=0}
[DEBUG] nextAction(false) TERMINATED HttpChannelState@25abfa74{s=IDLE rs=COMPLETED os=COMPLETED is=IDLE awp=false se=false i=false al=0}
[DEBUG] action TERMINATED HttpChannelOverHttp@16e68720{s=HttpChannelState@25abfa74{s=IDLE rs=COMPLETED os=COMPLETED is=IDLE awp=false se=false i=false al=0},r=6,c=true/true,a=IDLE,uri=//localhost:35372/RedirectServlet?code=302&setCookies=true&loc=http%3A%2F%2Flocalhost%3A35372%2FEchoServlet,age=5}
[DEBUG] onCompleted for /RedirectServlet written=0
[DEBUG] recycle HttpChannelState@25abfa74{s=IDLE rs=COMPLETED os=COMPLETED is=IDLE awp=false se=false i=false al=0}
[DEBUG] reset HttpParser{s=END,0 of -1}
[DEBUG] END --> START
[DEBUG] !handle TERMINATED HttpChannelOverHttp@16e68720{s=HttpChannelState@25abfa74{s=IDLE rs=BLOCKING os=OPEN is=IDLE awp=false se=false i=true al=0},r=6,c=false/false,a=IDLE,uri=null,age=0}
[DEBUG] filled 323 HeapByteBuffer@460916c[p=0,l=323,c=8192,r=323]={<<<GET /EchoServlet HTTP/1.1...nection: keep-alive\r\n\r\n>>>; q=.2, *...\x00\x00\x00\x00\x00\x00\x00}
[DEBUG] HttpConnection@60cb21a2::SocketChannelEndPoint@7c84d6a0{l=/127.0.0.1:35372,r=/127.0.0.1:60186,OPEN,fill=-,flush=-,to=0/30000}{io=0/0,kio=0,kro=1}->HttpConnection@60cb21a2[p=HttpParser{s=START,0 of -1},g=HttpGenerator@3ae636a6{s=START}]=>HttpChannelOverHttp@16e68720{s=HttpChannelState@25abfa74{s=IDLE rs=BLOCKING os=OPEN is=IDLE awp=false se=false i=true al=0},r=6,c=false/false,a=IDLE,uri=null,age=0} filled 323 HeapByteBuffer@460916c[p=0,l=323,c=8192,r=323]={<<<GET /EchoServlet HTTP/1.1...nection: keep-alive\r\n\r\n>>>; q=.2, *...\x00\x00\x00\x00\x00\x00\x00}
[DEBUG] HttpConnection@60cb21a2::SocketChannelEndPoint@7c84d6a0{l=/127.0.0.1:35372,r=/127.0.0.1:60186,OPEN,fill=-,flush=-,to=0/30000}{io=0/0,kio=0,kro=1}->HttpConnection@60cb21a2[p=HttpParser{s=START,0 of -1},g=HttpGenerator@3ae636a6{s=START}]=>HttpChannelOverHttp@16e68720{s=HttpChannelState@25abfa74{s=IDLE rs=BLOCKING os=OPEN is=IDLE awp=false se=false i=true al=0},r=6,c=false/false,a=IDLE,uri=null,age=0} parse HeapByteBuffer@460916c[p=0,l=323,c=8192,r=323]={<<<GET /EchoServlet HTTP/1.1...nection: keep-alive\r\n\r\n>>>; q=.2, *...\x00\x00\x00\x00\x00\x00\x00} {}
[DEBUG] parseNext s=START HeapByteBuffer@460916c[p=0,l=323,c=8192,r=323]={<<<GET /EchoServlet HTTP/1.1...nection: keep-alive\r\n\r\n>>>; q=.2, *...\x00\x00\x00\x00\x00\x00\x00}
[DEBUG] START --> SPACE1
[DEBUG] SPACE1 --> URI
[DEBUG] URI --> SPACE2
[DEBUG] SPACE2 --> REQUEST_VERSION
[DEBUG] REQUEST_VERSION --> HEADER
[DEBUG] HEADER:Cookie --> VALUE
[DEBUG] HEADER:Cookie --> IN_VALUE
[DEBUG] HEADER:Cookie --> FIELD
[DEBUG] HEADER:Accept-Encoding: gzip --> IN_VALUE
[DEBUG] HEADER:Accept-Encoding: gzip --> FIELD
[DEBUG] HEADER:User-Agent: Mozilla/5.0 (Windows NT 10.0; Win64; x64) AppleWebKit/537.36 (KHTML, like Gecko) Chrome/79.0.3945.130 Safari/537.36 --> IN_VALUE
[DEBUG] HEADER:User-Agent: Mozilla/5.0 (Windows NT 10.0; Win64; x64) AppleWebKit/537.36 (KHTML, like Gecko) Chrome/79.0.3945.130 Safari/537.36 --> FIELD
[DEBUG] HEADER:Host: localhost:35372 --> IN_VALUE
[DEBUG] HEADER:Host: localhost:35372 --> FIELD
[DEBUG] HEADER:Accept: text/html, image/gif, image/jpeg, *; q=.2, */*; q=.2 --> IN_VALUE
[DEBUG] HEADER:Accept: text/html, image/gif, image/jpeg, *; q=.2, */*; q=.2 --> FIELD
[DEBUG] HEADER:Connection: keep-alive --> IN_VALUE
[DEBUG] HEADER:Connection: keep-alive --> FIELD
[DEBUG] HEADER --> CONTENT
[DEBUG] REQUEST for //localhost:35372/EchoServlet on HttpChannelOverHttp@16e68720{s=HttpChannelState@25abfa74{s=IDLE rs=BLOCKING os=OPEN is=IDLE awp=false se=false i=true al=0},r=7,c=false/false,a=IDLE,uri=//localhost:35372/EchoServlet,age=0}
GET //localhost:35372/EchoServlet HTTP/1.1
Cookie: token=asdfg123; uid=jhy
Accept-Encoding: gzip
User-Agent: Mozilla/5.0 (Windows NT 10.0; Win64; x64) AppleWebKit/537.36 (KHTML, like Gecko) Chrome/79.0.3945.130 Safari/537.36
Host: localhost:35372
Accept: text/html, image/gif, image/jpeg, *; q=.2, */*; q=.2
Connection: keep-alive


[DEBUG] HttpConnection@60cb21a2::SocketChannelEndPoint@7c84d6a0{l=/127.0.0.1:35372,r=/127.0.0.1:60186,OPEN,fill=-,flush=-,to=0/30000}{io=0/0,kio=0,kro=1}->HttpConnection@60cb21a2[p=HttpParser{s=CONTENT,0 of -1},g=HttpGenerator@3ae636a6{s=START}]=>HttpChannelOverHttp@16e68720{s=HttpChannelState@25abfa74{s=IDLE rs=BLOCKING os=OPEN is=IDLE awp=false se=false i=true al=0},r=7,c=false/false,a=IDLE,uri=//localhost:35372/EchoServlet,age=0} parsed true HttpParser{s=CONTENT,0 of -1}
[DEBUG] releaseRequestBuffer HttpConnection@60cb21a2::SocketChannelEndPoint@7c84d6a0{l=/127.0.0.1:35372,r=/127.0.0.1:60186,OPEN,fill=-,flush=-,to=0/30000}{io=0/0,kio=0,kro=1}->HttpConnection@60cb21a2[p=HttpParser{s=CONTENT,0 of -1},g=HttpGenerator@3ae636a6{s=START}]=>HttpChannelOverHttp@16e68720{s=HttpChannelState@25abfa74{s=IDLE rs=BLOCKING os=OPEN is=IDLE awp=false se=false i=true al=0},r=7,c=false/false,a=IDLE,uri=//localhost:35372/EchoServlet,age=0}
[DEBUG] handle //localhost:35372/EchoServlet HttpChannelOverHttp@16e68720{s=HttpChannelState@25abfa74{s=IDLE rs=BLOCKING os=OPEN is=IDLE awp=false se=false i=true al=0},r=7,c=false/false,a=IDLE,uri=//localhost:35372/EchoServlet,age=0} 
[DEBUG] handling HttpChannelState@25abfa74{s=IDLE rs=BLOCKING os=OPEN is=IDLE awp=false se=false i=true al=0}
[DEBUG] action DISPATCH HttpChannelOverHttp@16e68720{s=HttpChannelState@25abfa74{s=HANDLING rs=BLOCKING os=OPEN is=IDLE awp=false se=false i=true al=0},r=7,c=false/false,a=HANDLING,uri=//localhost:35372/EchoServlet,age=1}
[DEBUG] REQUEST GET /EchoServlet on HttpChannelOverHttp@16e68720{s=HttpChannelState@25abfa74{s=HANDLING rs=BLOCKING os=OPEN is=IDLE awp=false se=false i=true al=0},r=7,c=false/false,a=HANDLING,uri=//localhost:35372/EchoServlet,age=1}
[DEBUG] servlet null|/EchoServlet|null -> org.jsoup.integration.servlets.EchoServlet-60d1a32f==org.jsoup.integration.servlets.EchoServlet@1f7ecb09{jsp=null,order=-1,inst=true,async=true,src=EMBEDDED:null,STARTED}
[DEBUG] chain=null
[DEBUG] write(array HeapByteBuffer@463e56da[p=0,l=235,c=512,r=235]={<<<<title>Webserver Environm...\n    <table border="0">>>>\nA suitab... of dat})
[DEBUG] write(array) s=OPEN,api=BLOCKING,sc=false,e=null aggregated !flush DirectByteBuffer@7c27fa39[p=0,l=235,c=32768,r=235]={<<<<title>Webserver Environm...\n    <table border="0">>>>nt of dat...\x00\x00\x00\x00\x00\x00\x00}
[DEBUG] write(array HeapByteBuffer@7cfeb36d[p=0,l=36,c=512,r=36]={<<<<tr><th>Method</th><td>GET</td></tr>>>>es</title... of dat})
[DEBUG] write(array) s=OPEN,api=BLOCKING,sc=false,e=null aggregated !flush DirectByteBuffer@7c27fa39[p=0,l=271,c=32768,r=271]={<<<<title>Webserver Environm...d</th><td>GET</td></tr>>>>ta. \nA su...\x00\x00\x00\x00\x00\x00\x00}
[DEBUG] write(array HeapByteBuffer@1fb21a17[p=0,l=1,c=512,r=1]={<<<\n>>>tr><th>Me... of dat})
[DEBUG] write(array) s=OPEN,api=BLOCKING,sc=false,e=null aggregated !flush DirectByteBuffer@7c27fa39[p=0,l=272,c=32768,r=272]={<<<<title>Webserver Environm...</th><td>GET</td></tr>\n>>>a. \nA sui...\x00\x00\x00\x00\x00\x00\x00}
[DEBUG] write(array HeapByteBuffer@6fd25b7a[p=0,l=50,c=512,r=50]={<<<<tr><th>Request URI</th><...>/EchoServlet</td></tr>>>> <style t... of dat})
[DEBUG] write(array) s=OPEN,api=BLOCKING,sc=false,e=null aggregated !flush DirectByteBuffer@7c27fa39[p=0,l=322,c=32768,r=322]={<<<<title>Webserver Environm...>/EchoServlet</td></tr>>>>of data. ...\x00\x00\x00\x00\x00\x00\x00}
[DEBUG] write(array HeapByteBuffer@5b6e48dc[p=0,l=1,c=512,r=1]={<<<\n>>>tr><th>Re... of dat})
[DEBUG] write(array) s=OPEN,api=BLOCKING,sc=false,e=null aggregated !flush DirectByteBuffer@7c27fa39[p=0,l=323,c=32768,r=323]={<<<<title>Webserver Environm.../EchoServlet</td></tr>\n>>>f data. \n...\x00\x00\x00\x00\x00\x00\x00}
[DEBUG] write(array HeapByteBuffer@5282ed07[p=0,l=39,c=512,r=39]={<<<<tr><th>Query String</th><td></td></tr>>>>t</td></t... of dat})
[DEBUG] write(array) s=OPEN,api=BLOCKING,sc=false,e=null aggregated !flush DirectByteBuffer@7c27fa39[p=0,l=362,c=32768,r=362]={<<<<title>Webserver Environm...ring</th><td></td></tr>>>>suitable ...\x00\x00\x00\x00\x00\x00\x00}
[DEBUG] write(array HeapByteBuffer@5def27e2[p=0,l=1,c=512,r=1]={<<<\n>>>tr><th>Qu... of dat})
[DEBUG] write(array) s=OPEN,api=BLOCKING,sc=false,e=null aggregated !flush DirectByteBuffer@7c27fa39[p=0,l=363,c=32768,r=363]={<<<<title>Webserver Environm...ing</th><td></td></tr>\n>>>uitable a...\x00\x00\x00\x00\x00\x00\x00}
[DEBUG] write(array HeapByteBuffer@209baeae[p=0,l=56,c=512,r=56]={<<<<tr><th>Cookie</th><td>to...g123; uid=jhy</td></tr>>>>e type="t... of dat})
[DEBUG] write(array) s=OPEN,api=BLOCKING,sc=false,e=null aggregated !flush DirectByteBuffer@7c27fa39[p=0,l=419,c=32768,r=419]={<<<<title>Webserver Environm...g123; uid=jhy</td></tr>>>>uitable a...\x00\x00\x00\x00\x00\x00\x00}
[DEBUG] write(array HeapByteBuffer@91a2ac9[p=0,l=1,c=512,r=1]={<<<\n>>>tr><th>Co... of dat})
[DEBUG] write(array) s=OPEN,api=BLOCKING,sc=false,e=null aggregated !flush DirectByteBuffer@7c27fa39[p=0,l=420,c=32768,r=420]={<<<<title>Webserver Environm...123; uid=jhy</td></tr>\n>>>itable am...\x00\x00\x00\x00\x00\x00\x00}
[DEBUG] write(array HeapByteBuffer@4cb50438[p=0,l=85,c=512,r=85]={<<<<tr><th>Accept</th><td>te....2, */*; q=.2</td></tr>>>>, td, th ... of dat})
[DEBUG] write(array) s=OPEN,api=BLOCKING,sc=false,e=null aggregated !flush DirectByteBuffer@7c27fa39[p=0,l=505,c=32768,r=505]={<<<<title>Webserver Environm....2, */*; q=.2</td></tr>>>>table amo...\x00\x00\x00\x00\x00\x00\x00}
[DEBUG] write(array HeapByteBuffer@6841fa7b[p=0,l=1,c=512,r=1]={<<<\n>>>tr><th>Ac... of dat})
[DEBUG] write(array) s=OPEN,api=BLOCKING,sc=false,e=null aggregated !flush DirectByteBuffer@7c27fa39[p=0,l=506,c=32768,r=506]={<<<<title>Webserver Environm...2, */*; q=.2</td></tr>\n>>>able amou...\x00\x00\x00\x00\x00\x00\x00}
[DEBUG] write(array HeapByteBuffer@1552d703[p=0,l=152,c=512,r=152]={<<<<tr><th>User-Agent</th><t...Safari/537.36</td></tr>>>>      th ... of dat})
[DEBUG] write(array) s=OPEN,api=BLOCKING,sc=false,e=null aggregated !flush DirectByteBuffer@7c27fa39[p=0,l=658,c=32768,r=658]={<<<<title>Webserver Environm...Safari/537.36</td></tr>>>>of data. ...\x00\x00\x00\x00\x00\x00\x00}
[DEBUG] write(array HeapByteBuffer@4d46fb02[p=0,l=1,c=512,r=1]={<<<\n>>>tr><th>Us... of dat})
[DEBUG] write(array) s=OPEN,api=BLOCKING,sc=false,e=null aggregated !flush DirectByteBuffer@7c27fa39[p=0,l=659,c=32768,r=659]={<<<<title>Webserver Environm...afari/537.36</td></tr>\n>>>f data. \n...\x00\x00\x00\x00\x00\x00\x00}
[DEBUG] write(array HeapByteBuffer@29b6a256[p=0,l=47,c=512,r=47]={<<<<tr><th>Connection</th><td>keep-alive</td></tr>>>> NT 10.0;... of dat})
[DEBUG] write(array) s=OPEN,api=BLOCKING,sc=false,e=null aggregated !flush DirectByteBuffer@7c27fa39[p=0,l=706,c=32768,r=706]={<<<<title>Webserver Environm...td>keep-alive</td></tr>>>> amount o...\x00\x00\x00\x00\x00\x00\x00}
[DEBUG] write(array HeapByteBuffer@4ec31739[p=0,l=1,c=512,r=1]={<<<\n>>>tr><th>Co... of dat})
[DEBUG] write(array) s=OPEN,api=BLOCKING,sc=false,e=null aggregated !flush DirectByteBuffer@7c27fa39[p=0,l=707,c=32768,r=707]={<<<<title>Webserver Environm...d>keep-alive</td></tr>\n>>>amount of...\x00\x00\x00\x00\x00\x00\x00}
[DEBUG] write(array HeapByteBuffer@4daa2b2d[p=0,l=46,c=512,r=46]={<<<<tr><th>Host</th><td>localhost:35372</td></tr>>>>> NT 10.0... of dat})
[DEBUG] write(array) s=OPEN,api=BLOCKING,sc=false,e=null aggregated !flush DirectByteBuffer@7c27fa39[p=0,l=753,c=32768,r=753]={<<<<title>Webserver Environm...calhost:35372</td></tr>>>> suitable...\x00\x00\x00\x00\x00\x00\x00}
[DEBUG] write(array HeapByteBuffer@374e5771[p=0,l=1,c=512,r=1]={<<<\n>>>tr><th>Ho... of dat})
[DEBUG] write(array) s=OPEN,api=BLOCKING,sc=false,e=null aggregated !flush DirectByteBuffer@7c27fa39[p=0,l=754,c=32768,r=754]={<<<<title>Webserver Environm...alhost:35372</td></tr>\n>>>suitable ...\x00\x00\x00\x00\x00\x00\x00}
[DEBUG] write(array HeapByteBuffer@2b76e7dc[p=0,l=46,c=512,r=46]={<<<<tr><th>Accept-Encoding</th><td>gzip</td></tr>>>>> NT 10.0... of dat})
[DEBUG] write(array) s=OPEN,api=BLOCKING,sc=false,e=null aggregated !flush DirectByteBuffer@7c27fa39[p=0,l=800,c=32768,r=800]={<<<<title>Webserver Environm...</th><td>gzip</td></tr>>>> data. \nA...\x00\x00\x00\x00\x00\x00\x00}
[DEBUG] write(array HeapByteBuffer@7dda5754[p=0,l=1,c=512,r=1]={<<<\n>>>tr><th>Ac... of dat})
[DEBUG] write(array) s=OPEN,api=BLOCKING,sc=false,e=null aggregated !flush DirectByteBuffer@7c27fa39[p=0,l=801,c=32768,r=801]={<<<<title>Webserver Environm.../th><td>gzip</td></tr>\n>>>data. \nA ...\x00\x00\x00\x00\x00\x00\x00}
[DEBUG] write(array HeapByteBuffer@6135e881[p=0,l=48,c=512,r=48]={<<<<tr><th>Cookie: token</th><td>asdfg123</td></tr>>>>NT 10.0; ... of dat})
[DEBUG] write(array) s=OPEN,api=BLOCKING,sc=false,e=null aggregated !flush DirectByteBuffer@7c27fa39[p=0,l=849,c=32768,r=849]={<<<<title>Webserver Environm...><td>asdfg123</td></tr>>>>ount of d...\x00\x00\x00\x00\x00\x00\x00}
[DEBUG] write(array HeapByteBuffer@2485ce09[p=0,l=1,c=512,r=1]={<<<\n>>>tr><th>Co... of dat})
[DEBUG] write(array) s=OPEN,api=BLOCKING,sc=false,e=null aggregated !flush DirectByteBuffer@7c27fa39[p=0,l=850,c=32768,r=850]={<<<<title>Webserver Environm...<td>asdfg123</td></tr>\n>>>unt of da...\x00\x00\x00\x00\x00\x00\x00}
[DEBUG] write(array HeapByteBuffer@38d18542[p=0,l=41,c=512,r=41]={<<<<tr><th>Cookie: uid</th><td>jhy</td></tr>>>>d></tr>NT... of dat})
[DEBUG] write(array) s=OPEN,api=BLOCKING,sc=false,e=null aggregated !flush DirectByteBuffer@7c27fa39[p=0,l=891,c=32768,r=891]={<<<<title>Webserver Environm...d</th><td>jhy</td></tr>>>>\nA suitab...\x00\x00\x00\x00\x00\x00\x00}
[DEBUG] write(array HeapByteBuffer@171e15fb[p=0,l=1,c=512,r=1]={<<<\n>>>tr><th>Co... of dat})
[DEBUG] write(array) s=OPEN,api=BLOCKING,sc=false,e=null aggregated !flush DirectByteBuffer@7c27fa39[p=0,l=892,c=32768,r=892]={<<<<title>Webserver Environm...</th><td>jhy</td></tr>\n>>>A suitabl...\x00\x00\x00\x00\x00\x00\x00}
[DEBUG] filled 0 HeapByteBuffer@460916c[p=0,l=0,c=8192,r=0]={<<<>>>GET /Echo...\x00\x00\x00\x00\x00\x00\x00}
[DEBUG] filled 0 HeapByteBuffer@460916c[p=0,l=0,c=8192,r=0]={<<<>>>GET /Echo...\x00\x00\x00\x00\x00\x00\x00}
[DEBUG] HttpConnection@60cb21a2::SocketChannelEndPoint@7c84d6a0{l=/127.0.0.1:35372,r=/127.0.0.1:60186,OPEN,fill=-,flush=-,to=17/30000}{io=0/0,kio=0,kro=1}->HttpConnection@60cb21a2[p=HttpParser{s=CONTENT,0 of -1},g=HttpGenerator@3ae636a6{s=START}]=>HttpChannelOverHttp@16e68720{s=HttpChannelState@25abfa74{s=HANDLING rs=BLOCKING os=OPEN is=IDLE awp=false se=false i=true al=0},r=7,c=false/false,a=HANDLING,uri=//localhost:35372/EchoServlet,age=17} filled 0 HeapByteBuffer@460916c[p=0,l=0,c=8192,r=0]={<<<>>>GET /Echo...\x00\x00\x00\x00\x00\x00\x00}
[DEBUG] HttpConnection@60cb21a2::SocketChannelEndPoint@7c84d6a0{l=/127.0.0.1:35372,r=/127.0.0.1:60186,OPEN,fill=-,flush=-,to=17/30000}{io=0/0,kio=0,kro=1}->HttpConnection@60cb21a2[p=HttpParser{s=CONTENT,0 of -1},g=HttpGenerator@3ae636a6{s=START}]=>HttpChannelOverHttp@16e68720{s=HttpChannelState@25abfa74{s=HANDLING rs=BLOCKING os=OPEN is=IDLE awp=false se=false i=true al=0},r=7,c=false/false,a=HANDLING,uri=//localhost:35372/EchoServlet,age=17} parse HeapByteBuffer@460916c[p=0,l=0,c=8192,r=0]={<<<>>>GET /Echo...\x00\x00\x00\x00\x00\x00\x00} {}
[DEBUG] parseNext s=CONTENT HeapByteBuffer@460916c[p=0,l=0,c=8192,r=0]={<<<>>>GET /Echo...\x00\x00\x00\x00\x00\x00\x00}
[DEBUG] CONTENT --> CONTENT_END
[DEBUG] onContentComplete HttpChannelOverHttp@16e68720{s=HttpChannelState@25abfa74{s=HANDLING rs=BLOCKING os=OPEN is=IDLE awp=false se=false i=true al=0},r=7,c=false/false,a=HANDLING,uri=//localhost:35372/EchoServlet,age=17}
[DEBUG] CONTENT_END --> END
[DEBUG] onRequestComplete HttpChannelOverHttp@16e68720{s=HttpChannelState@25abfa74{s=HANDLING rs=BLOCKING os=OPEN is=IDLE awp=false se=false i=true al=0},r=7,c=false/false,a=HANDLING,uri=//localhost:35372/EchoServlet,age=17}
[DEBUG] HttpInputOverHTTP@7dbf978e[c=0,q=0,[0]=null,s=STREAM] addContent EOF
[DEBUG] HttpConnection@60cb21a2::SocketChannelEndPoint@7c84d6a0{l=/127.0.0.1:35372,r=/127.0.0.1:60186,OPEN,fill=-,flush=-,to=17/30000}{io=0/0,kio=0,kro=1}->HttpConnection@60cb21a2[p=HttpParser{s=END,0 of -1},g=HttpGenerator@3ae636a6{s=START}]=>HttpChannelOverHttp@16e68720{s=HttpChannelState@25abfa74{s=HANDLING rs=BLOCKING os=OPEN is=IDLE awp=false se=false i=true al=0},r=7,c=false/false,a=HANDLING,uri=//localhost:35372/EchoServlet,age=17} parsed false HttpParser{s=END,0 of -1}
[DEBUG] releaseRequestBuffer HttpConnection@60cb21a2::SocketChannelEndPoint@7c84d6a0{l=/127.0.0.1:35372,r=/127.0.0.1:60186,OPEN,fill=-,flush=-,to=17/30000}{io=0/0,kio=0,kro=1}->HttpConnection@60cb21a2[p=HttpParser{s=END,0 of -1},g=HttpGenerator@3ae636a6{s=START}]=>HttpChannelOverHttp@16e68720{s=HttpChannelState@25abfa74{s=HANDLING rs=BLOCKING os=OPEN is=IDLE awp=false se=false i=true al=0},r=7,c=false/false,a=HANDLING,uri=//localhost:35372/EchoServlet,age=17}
[DEBUG] onEof HttpChannelState@25abfa74{s=HANDLING rs=BLOCKING os=OPEN is=IDLE awp=false se=false i=true al=0}
[DEBUG] write(array HeapByteBuffer@59a19679[p=0,l=8,c=512,r=8]={<<<</table>>>>Cookie: u... of dat})
[DEBUG] write(array) s=OPEN,api=BLOCKING,sc=false,e=null aggregated !flush DirectByteBuffer@7c27fa39[p=0,l=900,c=32768,r=900]={<<<<title>Webserver Environm...>jhy</td></tr>\n</table>>>>le amount...\x00\x00\x00\x00\x00\x00\x00}
[DEBUG] write(array HeapByteBuffer@535eeec2[p=0,l=1,c=512,r=1]={<<<\n>>>/table>Co... of dat})
[DEBUG] write(array) s=OPEN,api=BLOCKING,sc=false,e=null aggregated !flush DirectByteBuffer@7c27fa39[p=0,l=901,c=32768,r=901]={<<<<title>Webserver Environm...jhy</td></tr>\n</table>\n>>>e amount ...\x00\x00\x00\x00\x00\x00\x00}
[DEBUG] handled=true async=false committed=false on HttpChannelOverHttp@16e68720{s=HttpChannelState@25abfa74{s=HANDLING rs=BLOCKING os=OPEN is=READY awp=false se=false i=true al=0},r=7,c=false/false,a=HANDLING,uri=//localhost:35372/EchoServlet,age=18}
[DEBUG] unhandle HttpChannelState@25abfa74{s=HANDLING rs=BLOCKING os=OPEN is=READY awp=false se=false i=true al=0}
[DEBUG] nextAction(false) COMPLETE HttpChannelState@25abfa74{s=HANDLING rs=COMPLETING os=OPEN is=READY awp=false se=false i=false al=0}
[DEBUG] action COMPLETE HttpChannelOverHttp@16e68720{s=HttpChannelState@25abfa74{s=HANDLING rs=COMPLETING os=OPEN is=READY awp=false se=false i=false al=0},r=7,c=false/false,a=HANDLING,uri=//localhost:35372/EchoServlet,age=18}
[DEBUG] complete(org.eclipse.jetty.util.Callback$3@67118a7e) s=CLOSING,api=BLOCKED,sc=false,e=null s=false e=null, c=DirectByteBuffer@7c27fa39[p=0,l=901,c=32768,r=901]={<<<<title>Webserver Environm...jhy</td></tr>\n</table>\n>>>e amount ...\x00\x00\x00\x00\x00\x00\x00}
[DEBUG] sendResponse info=null content=DirectByteBuffer@7c27fa39[p=0,l=901,c=32768,r=901]={<<<<title>Webserver Environm...jhy</td></tr>\n</table>\n>>>e amount ...\x00\x00\x00\x00\x00\x00\x00} complete=true committing=true callback=org.eclipse.jetty.server.HttpOutput$WriteCompleteCB@c7eaaa
[DEBUG] COMMIT for /EchoServlet on HttpChannelOverHttp@16e68720{s=HttpChannelState@25abfa74{s=HANDLING rs=COMPLETING os=COMMITTED is=READY awp=false se=false i=false al=0},r=7,c=false/false,a=HANDLING,uri=//localhost:35372/EchoServlet,age=18}
200 null HTTP/1.1
Date: Tue, 28 Sep 2021 06:03:30 GMT
Content-Type: text/html;charset=utf-8
Cache-Control: no-cache
Cache-Control: no-store


[DEBUG] generate: NEED_HEADER for SendCallback@6024692f[PROCESSING][i=HTTP/1.1{s=200,h=4,cl=-1},cb=org.eclipse.jetty.server.HttpChannel$SendCallback@5580b695] (null,[p=0,l=901,c=32768,r=901],true)@START
[DEBUG] generateHeaders HTTP/1.1{s=200,h=4,cl=-1} last=true content=DirectByteBuffer@7c27fa39[p=0,l=901,c=32768,r=901]={<<<<title>Webserver Environm...jhy</td></tr>\n</table>\n>>>e amount ...\x00\x00\x00\x00\x00\x00\x00}
[DEBUG] Date: Tue, 28 Sep 2021 06:03:30 GMT
Content-Type: text/html;charset=utf-8
Cache-Control: no-cache
Cache-Control: no-store


[DEBUG] CONTENT_LENGTH
[DEBUG] generate: FLUSH for SendCallback@6024692f[PROCESSING][i=HTTP/1.1{s=200,h=4,cl=-1},cb=org.eclipse.jetty.server.HttpChannel$SendCallback@5580b695] ([p=0,l=199,c=8192,r=199],[p=0,l=901,c=32768,r=901],true)@COMPLETING
[DEBUG] write: WriteFlusher@66c907f8{IDLE}->null [HeapByteBuffer@460916c[p=0,l=199,c=8192,r=199]={<<<HTTP/1.1 200 OK\r\nDate: Tu...y(9.4.43.v20210629)\r\n\r\n>>>fari/537....\x00\x00\x00\x00\x00\x00\x00},DirectByteBuffer@7c27fa39[p=0,l=901,c=32768,r=901]={<<<<title>Webserver Environm...jhy</td></tr>\n</table>\n>>>e amount ...\x00\x00\x00\x00\x00\x00\x00}]
[DEBUG] update WriteFlusher@66c907f8{WRITING}->null:IDLE-->WRITING
[DEBUG] Queued change lazy=false Accept@79321ab2[java.nio.channels.SocketChannel[connected local=/127.0.0.1:35372 remote=/127.0.0.1:60188]] on ManagedSelector@72cf2de5{STARTED} id=0 keys=1 selected=0 updates=0
[DEBUG] Wakeup on submit ManagedSelector@72cf2de5{STARTED} id=0 keys=1 selected=0 updates=1
[DEBUG] Selector sun.nio.ch.EPollSelectorImpl@36abfb12 woken with none selected
[DEBUG] Selector sun.nio.ch.EPollSelectorImpl@36abfb12 woken up from select, 0/0/1 selected
[DEBUG] Selector sun.nio.ch.EPollSelectorImpl@36abfb12 processing 0 keys, 1 updates
[DEBUG] updateable 1
[DEBUG] update Accept@79321ab2[java.nio.channels.SocketChannel[connected local=/127.0.0.1:35372 remote=/127.0.0.1:60188]]
[DEBUG] queue Accept@79321ab2[java.nio.channels.SocketChannel[connected local=/127.0.0.1:35372 remote=/127.0.0.1:60188]] startThread=0
[DEBUG] updates 0
[DEBUG] Selector sun.nio.ch.EPollSelectorImpl@36abfb12 waiting with 2 keys
[DEBUG] run Accept@79321ab2[java.nio.channels.SocketChannel[connected local=/127.0.0.1:35372 remote=/127.0.0.1:60188]] in QueuedThreadPool[qtp638486177]@260e86a1{STARTED,8<=8<=200,i=3,r=-1,q=0}[ReservedThreadExecutor@278bb07e{s=1/1,p=0}]
[DEBUG] SocketChannelEndPoint@61fd9662{l=/127.0.0.1:35372,r=/127.0.0.1:60188,OPEN,fill=-,flush=-,to=0/30000}{io=0/0,kio=0,kro=0}-><null> idle timeout check, elapsed: 0 ms, remaining: 30000 ms
[DEBUG] new HttpChannelOverHttp@6f3a742d{s=HttpChannelState@6b05fd12{s=IDLE rs=BLOCKING os=OPEN is=IDLE awp=false se=false i=true al=0},r=0,c=false/false,a=IDLE,uri=null,age=0} -> SocketChannelEndPoint@61fd9662{l=/127.0.0.1:35372,r=/127.0.0.1:60188,OPEN,fill=-,flush=-,to=0/30000}{io=0/0,kio=0,kro=0}-><null>,null,HttpChannelState@6b05fd12{s=IDLE rs=BLOCKING os=OPEN is=IDLE awp=false se=false i=true al=0}
[DEBUG] New HTTP Connection HttpConnection@2e077e16::SocketChannelEndPoint@61fd9662{l=/127.0.0.1:35372,r=/127.0.0.1:60188,OPEN,fill=-,flush=-,to=0/30000}{io=0/0,kio=0,kro=0}-><null>
[DEBUG] Queued change lazy=true org.eclipse.jetty.io.ManagedSelector$$Lambda$478/2084879914@2344b332 on ManagedSelector@72cf2de5{STARTED} id=0 keys=2 selected=0 updates=0
[DEBUG] onOpen SocketChannelEndPoint@61fd9662{l=/127.0.0.1:35372,r=/127.0.0.1:60188,OPEN,fill=-,flush=-,to=0/30000}{io=0/0,kio=0,kro=0}->HttpConnection@2e077e16[p=HttpParser{s=START,0 of -1},g=HttpGenerator@1f63306b{s=START}]=>HttpChannelOverHttp@6f3a742d{s=HttpChannelState@6b05fd12{s=IDLE rs=BLOCKING os=OPEN is=IDLE awp=false se=false i=true al=0},r=0,c=false/false,a=IDLE,uri=null,age=0}
[DEBUG] onOpen HttpConnection@2e077e16::SocketChannelEndPoint@61fd9662{l=/127.0.0.1:35372,r=/127.0.0.1:60188,OPEN,fill=-,flush=-,to=0/30000}{io=0/0,kio=0,kro=0}->HttpConnection@2e077e16[p=HttpParser{s=START,0 of -1},g=HttpGenerator@1f63306b{s=START}]=>HttpChannelOverHttp@6f3a742d{s=HttpChannelState@6b05fd12{s=IDLE rs=BLOCKING os=OPEN is=IDLE awp=false se=false i=true al=0},r=0,c=false/false,a=IDLE,uri=null,age=0}
[DEBUG] fillInterested HttpConnection@2e077e16::SocketChannelEndPoint@61fd9662{l=/127.0.0.1:35372,r=/127.0.0.1:60188,OPEN,fill=-,flush=-,to=0/30000}{io=0/0,kio=0,kro=0}->HttpConnection@2e077e16[p=HttpParser{s=START,0 of -1},g=HttpGenerator@1f63306b{s=START}]=>HttpChannelOverHttp@6f3a742d{s=HttpChannelState@6b05fd12{s=IDLE rs=BLOCKING os=OPEN is=IDLE awp=false se=false i=true al=0},r=0,c=false/false,a=IDLE,uri=null,age=0}
[DEBUG] interested FillInterest@5bcaa3f8{AC.ReadCB@2e077e16{HttpConnection@2e077e16::SocketChannelEndPoint@61fd9662{l=/127.0.0.1:35372,r=/127.0.0.1:60188,OPEN,fill=FI,flush=-,to=0/30000}{io=0/0,kio=0,kro=0}->HttpConnection@2e077e16[p=HttpParser{s=START,0 of -1},g=HttpGenerator@1f63306b{s=START}]=>HttpChannelOverHttp@6f3a742d{s=HttpChannelState@6b05fd12{s=IDLE rs=BLOCKING os=OPEN is=IDLE awp=false se=false i=true al=0},r=0,c=false/false,a=IDLE,uri=null,age=0}}}
[DEBUG] changeInterests p=false 0->1 for SocketChannelEndPoint@61fd9662{l=/127.0.0.1:35372,r=/127.0.0.1:60188,OPEN,fill=FI,flush=-,to=0/30000}{io=0/1,kio=0,kro=0}->HttpConnection@2e077e16[p=HttpParser{s=START,0 of -1},g=HttpGenerator@1f63306b{s=START}]=>HttpChannelOverHttp@6f3a742d{s=HttpChannelState@6b05fd12{s=IDLE rs=BLOCKING os=OPEN is=IDLE awp=false se=false i=true al=0},r=0,c=false/false,a=IDLE,uri=null,age=0}
[DEBUG] Queued change lazy=false org.eclipse.jetty.io.ChannelEndPoint$$Lambda$475/336675676@4e288159 on ManagedSelector@72cf2de5{STARTED} id=0 keys=2 selected=0 updates=1
[DEBUG] Wakeup on submit ManagedSelector@72cf2de5{STARTED} id=0 keys=2 selected=0 updates=2
[DEBUG] Selector sun.nio.ch.EPollSelectorImpl@36abfb12 woken with none selected
[DEBUG] Selector sun.nio.ch.EPollSelectorImpl@36abfb12 woken up from select, 0/0/2 selected
[DEBUG] Selector sun.nio.ch.EPollSelectorImpl@36abfb12 processing 0 keys, 2 updates
[DEBUG] updateable 2
[DEBUG] update org.eclipse.jetty.io.ManagedSelector$$Lambda$478/2084879914@2344b332
[DEBUG] update org.eclipse.jetty.io.ChannelEndPoint$$Lambda$475/336675676@4e288159
[DEBUG] Key interests updated 0 -> 1 on SocketChannelEndPoint@61fd9662{l=/127.0.0.1:35372,r=/127.0.0.1:60188,OPEN,fill=FI,flush=-,to=0/30000}{io=1/1,kio=1,kro=0}->HttpConnection@2e077e16[p=HttpParser{s=START,0 of -1},g=HttpGenerator@1f63306b{s=START}]=>HttpChannelOverHttp@6f3a742d{s=HttpChannelState@6b05fd12{s=IDLE rs=BLOCKING os=OPEN is=IDLE awp=false se=false i=true al=0},r=0,c=false/false,a=IDLE,uri=null,age=0}
[DEBUG] updates 0
[DEBUG] Selector sun.nio.ch.EPollSelectorImpl@36abfb12 waiting with 2 keys
[DEBUG] Selector sun.nio.ch.EPollSelectorImpl@36abfb12 woken up from select, 1/1/2 selected
[DEBUG] Selector sun.nio.ch.EPollSelectorImpl@36abfb12 processing 1 keys, 0 updates
[DEBUG] selected 1 sun.nio.ch.SelectionKeyImpl@2e590379 SocketChannelEndPoint@61fd9662{l=/127.0.0.1:35372,r=/127.0.0.1:60188,OPEN,fill=FI,flush=-,to=0/30000}{io=1/1,kio=1,kro=1}->HttpConnection@2e077e16[p=HttpParser{s=START,0 of -1},g=HttpGenerator@1f63306b{s=START}]=>HttpChannelOverHttp@6f3a742d{s=HttpChannelState@6b05fd12{s=IDLE rs=BLOCKING os=OPEN is=IDLE awp=false se=false i=true al=0},r=0,c=false/false,a=IDLE,uri=null,age=0} 
[DEBUG] onSelected 1->0 r=true w=false for SocketChannelEndPoint@61fd9662{l=/127.0.0.1:35372,r=/127.0.0.1:60188,OPEN,fill=FI,flush=-,to=1/30000}{io=1/0,kio=1,kro=1}->HttpConnection@2e077e16[p=HttpParser{s=START,0 of -1},g=HttpGenerator@1f63306b{s=START}]=>HttpChannelOverHttp@6f3a742d{s=HttpChannelState@6b05fd12{s=IDLE rs=BLOCKING os=OPEN is=IDLE awp=false se=false i=true al=0},r=0,c=false/false,a=IDLE,uri=null,age=0}
[DEBUG] task CEP:SocketChannelEndPoint@61fd9662{l=/127.0.0.1:35372,r=/127.0.0.1:60188,OPEN,fill=FI,flush=-,to=1/30000}{io=1/0,kio=1,kro=1}->HttpConnection@2e077e16[p=HttpParser{s=START,0 of -1},g=HttpGenerator@1f63306b{s=START}]=>HttpChannelOverHttp@6f3a742d{s=HttpChannelState@6b05fd12{s=IDLE rs=BLOCKING os=OPEN is=IDLE awp=false se=false i=true al=0},r=0,c=false/false,a=IDLE,uri=null,age=0}:runFillable:BLOCKING
[DEBUG] ReservedThreadExecutor@278bb07e{s=1/1,p=0} tryExecute EatWhatYouKill@63b1d4fa/SelectorProducer@4c4d27c8/PRODUCING/p=false/QueuedThreadPool[qtp638486177]@260e86a1{STARTED,8<=8<=200,i=3,r=-1,q=0}[ReservedThreadExecutor@278bb07e{s=1/1,p=0}][pc=0,pic=0,pec=1,epc=2]@2021-09-28T06:03:30.462Z
[DEBUG] ReservedThreadExecutor@278bb07e{s=0/1,p=0}@6ed97d30 offer EatWhatYouKill@63b1d4fa/SelectorProducer@4c4d27c8/PRODUCING/p=false/QueuedThreadPool[qtp638486177]@260e86a1{STARTED,8<=8<=200,i=3,r=-1,q=0}[ReservedThreadExecutor@278bb07e{s=0/1,p=0}][pc=0,pic=0,pec=1,epc=2]@2021-09-28T06:03:30.462Z
[DEBUG] Created SocketChannelEndPoint@61fd9662{l=/127.0.0.1:35372,r=/127.0.0.1:60188,OPEN,fill=FI,flush=-,to=2/30000}{io=1/0,kio=1,kro=1}->HttpConnection@2e077e16[p=HttpParser{s=START,0 of -1},g=HttpGenerator@1f63306b{s=START}]=>HttpChannelOverHttp@6f3a742d{s=HttpChannelState@6b05fd12{s=IDLE rs=BLOCKING os=OPEN is=IDLE awp=false se=false i=true al=0},r=0,c=false/false,a=IDLE,uri=null,age=0}
[DEBUG] ran Accept@79321ab2[java.nio.channels.SocketChannel[connected local=/127.0.0.1:35372 remote=/127.0.0.1:60188]] in QueuedThreadPool[qtp638486177]@260e86a1{STARTED,8<=8<=200,i=3,r=-1,q=0}[ReservedThreadExecutor@278bb07e{s=0/1,p=0}]
[DEBUG] ReservedThreadExecutor@278bb07e{s=0/1,p=1} startReservedThread p=1
[DEBUG] run ReservedThreadExecutor@278bb07e{s=0/1,p=1}@5ad36b3a in QueuedThreadPool[qtp638486177]@260e86a1{STARTED,8<=8<=200,i=3,r=-1,q=0}[ReservedThreadExecutor@278bb07e{s=0/1,p=1}]
[DEBUG] ReservedThreadExecutor@278bb07e{s=1/1,p=1}@5ad36b3a started
[DEBUG] ReservedThreadExecutor@278bb07e{s=1/1,p=0}@5ad36b3a waiting
[DEBUG] queue ReservedThreadExecutor@278bb07e{s=1/1,p=0}@5ad36b3a startThread=0
[DEBUG] ReservedThreadExecutor@278bb07e{s=0/1,p=0}@6ed97d30 task=EatWhatYouKill@63b1d4fa/SelectorProducer@4c4d27c8/IDLE/p=true/QueuedThreadPool[qtp638486177]@260e86a1{STARTED,8<=8<=200,i=3,r=-1,q=0}[ReservedThreadExecutor@278bb07e{s=1/1,p=0}][pc=0,pic=0,pec=1,epc=2]@2021-09-28T06:03:30.463Z
[DEBUG] EatWhatYouKill@63b1d4fa/SelectorProducer@4c4d27c8/IDLE/p=true/QueuedThreadPool[qtp638486177]@260e86a1{STARTED,8<=8<=200,i=3,r=-1,q=0}[ReservedThreadExecutor@278bb07e{s=1/1,p=0}][pc=0,pic=0,pec=1,epc=2]@2021-09-28T06:03:30.463Z tryProduce true
[DEBUG] updateable 0
[DEBUG] updates 0
[DEBUG] Key interests updated 1 -> 0 on SocketChannelEndPoint@61fd9662{l=/127.0.0.1:35372,r=/127.0.0.1:60188,OPEN,fill=FI,flush=-,to=2/30000}{io=0/0,kio=0,kro=1}->HttpConnection@2e077e16[p=HttpParser{s=START,0 of -1},g=HttpGenerator@1f63306b{s=START}]=>HttpChannelOverHttp@6f3a742d{s=HttpChannelState@6b05fd12{s=IDLE rs=BLOCKING os=OPEN is=IDLE awp=false se=false i=true al=0},r=0,c=false/false,a=IDLE,uri=null,age=0}
[DEBUG] Selector sun.nio.ch.EPollSelectorImpl@36abfb12 waiting with 2 keys
[DEBUG] EatWhatYouKill@63b1d4fa/SelectorProducer@4c4d27c8/PRODUCING/p=false/QueuedThreadPool[qtp638486177]@260e86a1{STARTED,8<=8<=200,i=3,r=-1,q=0}[ReservedThreadExecutor@278bb07e{s=1/1,p=0}][pc=0,pic=0,pec=1,epc=2]@2021-09-28T06:03:30.463Z m=EXECUTE_PRODUCE_CONSUME t=CEP:SocketChannelEndPoint@61fd9662{l=/127.0.0.1:35372,r=/127.0.0.1:60188,OPEN,fill=FI,flush=-,to=3/30000}{io=0/0,kio=0,kro=1}->HttpConnection@2e077e16[p=HttpParser{s=START,0 of -1},g=HttpGenerator@1f63306b{s=START}]=>HttpChannelOverHttp@6f3a742d{s=HttpChannelState@6b05fd12{s=IDLE rs=BLOCKING os=OPEN is=IDLE awp=false se=false i=true al=0},r=0,c=false/false,a=IDLE,uri=null,age=0}:runFillable:BLOCKING/BLOCKING
[DEBUG] fillable FillInterest@5bcaa3f8{AC.ReadCB@2e077e16{HttpConnection@2e077e16::SocketChannelEndPoint@61fd9662{l=/127.0.0.1:35372,r=/127.0.0.1:60188,OPEN,fill=FI,flush=-,to=3/30000}{io=0/0,kio=0,kro=1}->HttpConnection@2e077e16[p=HttpParser{s=START,0 of -1},g=HttpGenerator@1f63306b{s=START}]=>HttpChannelOverHttp@6f3a742d{s=HttpChannelState@6b05fd12{s=IDLE rs=BLOCKING os=OPEN is=IDLE awp=false se=false i=true al=0},r=0,c=false/false,a=IDLE,uri=null,age=0}}}
[DEBUG] HttpConnection@2e077e16::SocketChannelEndPoint@61fd9662{l=/127.0.0.1:35372,r=/127.0.0.1:60188,OPEN,fill=-,flush=-,to=3/30000}{io=0/0,kio=0,kro=1}->HttpConnection@2e077e16[p=HttpParser{s=START,0 of -1},g=HttpGenerator@1f63306b{s=START}]=>HttpChannelOverHttp@6f3a742d{s=HttpChannelState@6b05fd12{s=IDLE rs=BLOCKING os=OPEN is=IDLE awp=false se=false i=true al=0},r=0,c=false/false,a=IDLE,uri=null,age=0} onFillable enter HttpChannelState@6b05fd12{s=IDLE rs=BLOCKING os=OPEN is=IDLE awp=false se=false i=true al=0} null
[DEBUG] filled 323 HeapByteBuffer@2a66826a[p=0,l=323,c=8192,r=323]={<<<GET /EchoServlet HTTP/1.1...nection: keep-alive\r\n\r\n>>>\x00\x00\x00\x00\x00\x00\x00\x00\x00...\x00\x00\x00\x00\x00\x00\x00}
[DEBUG] HttpConnection@2e077e16::SocketChannelEndPoint@61fd9662{l=/127.0.0.1:35372,r=/127.0.0.1:60188,OPEN,fill=-,flush=-,to=0/30000}{io=0/0,kio=0,kro=1}->HttpConnection@2e077e16[p=HttpParser{s=START,0 of -1},g=HttpGenerator@1f63306b{s=START}]=>HttpChannelOverHttp@6f3a742d{s=HttpChannelState@6b05fd12{s=IDLE rs=BLOCKING os=OPEN is=IDLE awp=false se=false i=true al=0},r=0,c=false/false,a=IDLE,uri=null,age=0} filled 323 HeapByteBuffer@2a66826a[p=0,l=323,c=8192,r=323]={<<<GET /EchoServlet HTTP/1.1...nection: keep-alive\r\n\r\n>>>\x00\x00\x00\x00\x00\x00\x00\x00\x00...\x00\x00\x00\x00\x00\x00\x00}
[DEBUG] HttpConnection@2e077e16::SocketChannelEndPoint@61fd9662{l=/127.0.0.1:35372,r=/127.0.0.1:60188,OPEN,fill=-,flush=-,to=0/30000}{io=0/0,kio=0,kro=1}->HttpConnection@2e077e16[p=HttpParser{s=START,0 of -1},g=HttpGenerator@1f63306b{s=START}]=>HttpChannelOverHttp@6f3a742d{s=HttpChannelState@6b05fd12{s=IDLE rs=BLOCKING os=OPEN is=IDLE awp=false se=false i=true al=0},r=0,c=false/false,a=IDLE,uri=null,age=0} parse HeapByteBuffer@2a66826a[p=0,l=323,c=8192,r=323]={<<<GET /EchoServlet HTTP/1.1...nection: keep-alive\r\n\r\n>>>\x00\x00\x00\x00\x00\x00\x00\x00\x00...\x00\x00\x00\x00\x00\x00\x00} {}
[DEBUG] parseNext s=START HeapByteBuffer@2a66826a[p=0,l=323,c=8192,r=323]={<<<GET /EchoServlet HTTP/1.1...nection: keep-alive\r\n\r\n>>>\x00\x00\x00\x00\x00\x00\x00\x00\x00...\x00\x00\x00\x00\x00\x00\x00}
[DEBUG] START --> SPACE1
[DEBUG] SPACE1 --> URI
[DEBUG] URI --> SPACE2
[DEBUG] SPACE2 --> REQUEST_VERSION
[DEBUG] REQUEST_VERSION --> HEADER
[DEBUG] HEADER:Cookie --> VALUE
[DEBUG] HEADER:Cookie --> IN_VALUE
[DEBUG] HEADER:Cookie --> FIELD
[DEBUG] HEADER:Accept-Encoding: gzip --> IN_VALUE
[DEBUG] HEADER:Accept-Encoding: gzip --> FIELD
[DEBUG] HEADER:User-Agent --> VALUE
[DEBUG] HEADER:User-Agent --> IN_VALUE
[DEBUG] HEADER:User-Agent --> FIELD
[DEBUG] HEADER:Host --> VALUE
[DEBUG] HEADER:Host --> IN_VALUE
[DEBUG] HEADER:Host --> FIELD
[DEBUG] HEADER:Accept --> VALUE
[DEBUG] HEADER:Accept --> IN_VALUE
[DEBUG] HEADER:Accept --> FIELD
[DEBUG] HEADER:Connection: keep-alive --> IN_VALUE
[DEBUG] HEADER:Connection: keep-alive --> FIELD
[DEBUG] HEADER --> CONTENT
[DEBUG] REQUEST for //localhost:35372/EchoServlet on HttpChannelOverHttp@6f3a742d{s=HttpChannelState@6b05fd12{s=IDLE rs=BLOCKING os=OPEN is=IDLE awp=false se=false i=true al=0},r=1,c=false/false,a=IDLE,uri=//localhost:35372/EchoServlet,age=0}
GET //localhost:35372/EchoServlet HTTP/1.1
Cookie: token=asdfg123; uid=jhy
Accept-Encoding: gzip
User-Agent: Mozilla/5.0 (Windows NT 10.0; Win64; x64) AppleWebKit/537.36 (KHTML, like Gecko) Chrome/79.0.3945.130 Safari/537.36
Host: localhost:35372
Accept: text/html, image/gif, image/jpeg, *; q=.2, */*; q=.2
Connection: keep-alive


[DEBUG] HttpConnection@2e077e16::SocketChannelEndPoint@61fd9662{l=/127.0.0.1:35372,r=/127.0.0.1:60188,OPEN,fill=-,flush=-,to=0/30000}{io=0/0,kio=0,kro=1}->HttpConnection@2e077e16[p=HttpParser{s=CONTENT,0 of -1},g=HttpGenerator@1f63306b{s=START}]=>HttpChannelOverHttp@6f3a742d{s=HttpChannelState@6b05fd12{s=IDLE rs=BLOCKING os=OPEN is=IDLE awp=false se=false i=true al=0},r=1,c=false/false,a=IDLE,uri=//localhost:35372/EchoServlet,age=0} parsed true HttpParser{s=CONTENT,0 of -1}
[DEBUG] releaseRequestBuffer HttpConnection@2e077e16::SocketChannelEndPoint@61fd9662{l=/127.0.0.1:35372,r=/127.0.0.1:60188,OPEN,fill=-,flush=-,to=1/30000}{io=0/0,kio=0,kro=1}->HttpConnection@2e077e16[p=HttpParser{s=CONTENT,0 of -1},g=HttpGenerator@1f63306b{s=START}]=>HttpChannelOverHttp@6f3a742d{s=HttpChannelState@6b05fd12{s=IDLE rs=BLOCKING os=OPEN is=IDLE awp=false se=false i=true al=0},r=1,c=false/false,a=IDLE,uri=//localhost:35372/EchoServlet,age=0}
[DEBUG] handle //localhost:35372/EchoServlet HttpChannelOverHttp@6f3a742d{s=HttpChannelState@6b05fd12{s=IDLE rs=BLOCKING os=OPEN is=IDLE awp=false se=false i=true al=0},r=1,c=false/false,a=IDLE,uri=//localhost:35372/EchoServlet,age=0} 
[DEBUG] handling HttpChannelState@6b05fd12{s=IDLE rs=BLOCKING os=OPEN is=IDLE awp=false se=false i=true al=0}
[DEBUG] action DISPATCH HttpChannelOverHttp@6f3a742d{s=HttpChannelState@6b05fd12{s=HANDLING rs=BLOCKING os=OPEN is=IDLE awp=false se=false i=true al=0},r=1,c=false/false,a=HANDLING,uri=//localhost:35372/EchoServlet,age=0}
[DEBUG] REQUEST GET /EchoServlet on HttpChannelOverHttp@6f3a742d{s=HttpChannelState@6b05fd12{s=HANDLING rs=BLOCKING os=OPEN is=IDLE awp=false se=false i=true al=0},r=1,c=false/false,a=HANDLING,uri=//localhost:35372/EchoServlet,age=0}
[DEBUG] servlet null|/EchoServlet|null -> org.jsoup.integration.servlets.EchoServlet-60d1a32f==org.jsoup.integration.servlets.EchoServlet@1f7ecb09{jsp=null,order=-1,inst=true,async=true,src=EMBEDDED:null,STARTED}
[DEBUG] chain=null
[DEBUG] write(array HeapByteBuffer@6f640942[p=0,l=235,c=512,r=235]={<<<<title>Webserver Environm...\n    <table border="0">>>>\x00\x00\x00\x00\x00\x00\x00\x00\x00...\x00\x00\x00\x00\x00\x00\x00})
[DEBUG] flushed 1100 SocketChannelEndPoint@7c84d6a0{l=/127.0.0.1:35372,r=/127.0.0.1:60186,OPEN,fill=-,flush=W,to=27/30000}{io=0/0,kio=0,kro=1}->HttpConnection@60cb21a2[p=HttpParser{s=END,0 of -1},g=HttpGenerator@3ae636a6{s=COMPLETING}]=>HttpChannelOverHttp@16e68720{s=HttpChannelState@25abfa74{s=HANDLING rs=COMPLETING os=COMMITTED is=READY awp=false se=false i=false al=0},r=7,c=false/false,a=HANDLING,uri=//localhost:35372/EchoServlet,age=27}
[DEBUG] Flushed=true written=1100 remaining=0 WriteFlusher@66c907f8{WRITING}->null
[DEBUG] update WriteFlusher@66c907f8{IDLE}->null:WRITING-->IDLE
[DEBUG] generate: DONE for SendCallback@6024692f[PROCESSING][i=HTTP/1.1{s=200,h=4,cl=-1},cb=org.eclipse.jetty.server.HttpChannel$SendCallback@5580b695] ([p=199,l=199,c=8192,r=0],[p=901,l=901,c=32768,r=0],true)@END
[DEBUG] onWriteComplete(true,null) s=CLOSING,api=BLOCKED,sc=false,e=null->s=CLOSED,api=BLOCKING,sc=false,e=null c=null cb=org.eclipse.jetty.util.Callback$3@67118a7e w=false
[DEBUG] completed HttpChannelState@25abfa74{s=HANDLING rs=COMPLETING os=COMPLETED is=READY awp=false se=false i=false al=0}
[DEBUG] unhandle HttpChannelState@25abfa74{s=HANDLING rs=COMPLETED os=COMPLETED is=READY awp=false se=false i=false al=0}
[DEBUG] nextAction(false) TERMINATED HttpChannelState@25abfa74{s=IDLE rs=COMPLETED os=COMPLETED is=READY awp=false se=false i=false al=0}
[DEBUG] action TERMINATED HttpChannelOverHttp@16e68720{s=HttpChannelState@25abfa74{s=IDLE rs=COMPLETED os=COMPLETED is=READY awp=false se=false i=false al=0},r=7,c=true/true,a=IDLE,uri=//localhost:35372/EchoServlet,age=27}
[DEBUG] onCompleted for /EchoServlet written=901
[DEBUG] recycle HttpChannelState@25abfa74{s=IDLE rs=COMPLETED os=COMPLETED is=READY awp=false se=false i=false al=0}
[DEBUG] reset HttpParser{s=END,0 of -1}
[DEBUG] END --> START
[DEBUG] !handle TERMINATED HttpChannelOverHttp@16e68720{s=HttpChannelState@25abfa74{s=IDLE rs=BLOCKING os=OPEN is=IDLE awp=false se=false i=true al=0},r=7,c=false/false,a=IDLE,uri=null,age=0}
[DEBUG] filled 0 HeapByteBuffer@2a66826a[p=0,l=0,c=8192,r=0]={<<<>>>GET /Echo...\x00\x00\x00\x00\x00\x00\x00}
[DEBUG] filled 0 HeapByteBuffer@2a66826a[p=0,l=0,c=8192,r=0]={<<<>>>GET /Echo...\x00\x00\x00\x00\x00\x00\x00}
[DEBUG] HttpConnection@60cb21a2::SocketChannelEndPoint@7c84d6a0{l=/127.0.0.1:35372,r=/127.0.0.1:60186,OPEN,fill=-,flush=-,to=0/30000}{io=0/0,kio=0,kro=1}->HttpConnection@60cb21a2[p=HttpParser{s=START,0 of -1},g=HttpGenerator@3ae636a6{s=START}]=>HttpChannelOverHttp@16e68720{s=HttpChannelState@25abfa74{s=IDLE rs=BLOCKING os=OPEN is=IDLE awp=false se=false i=true al=0},r=7,c=false/false,a=IDLE,uri=null,age=0} filled 0 HeapByteBuffer@2a66826a[p=0,l=0,c=8192,r=0]={<<<>>>GET /Echo...\x00\x00\x00\x00\x00\x00\x00}
[DEBUG] HttpConnection@60cb21a2::SocketChannelEndPoint@7c84d6a0{l=/127.0.0.1:35372,r=/127.0.0.1:60186,OPEN,fill=-,flush=-,to=0/30000}{io=0/0,kio=0,kro=1}->HttpConnection@60cb21a2[p=HttpParser{s=START,0 of -1},g=HttpGenerator@3ae636a6{s=START}]=>HttpChannelOverHttp@16e68720{s=HttpChannelState@25abfa74{s=IDLE rs=BLOCKING os=OPEN is=IDLE awp=false se=false i=true al=0},r=7,c=false/false,a=IDLE,uri=null,age=0} parse HeapByteBuffer@2a66826a[p=0,l=0,c=8192,r=0]={<<<>>>GET /Echo...\x00\x00\x00\x00\x00\x00\x00} {}
[DEBUG] parseNext s=START HeapByteBuffer@2a66826a[p=0,l=0,c=8192,r=0]={<<<>>>GET /Echo...\x00\x00\x00\x00\x00\x00\x00}
[DEBUG] HttpConnection@60cb21a2::SocketChannelEndPoint@7c84d6a0{l=/127.0.0.1:35372,r=/127.0.0.1:60186,OPEN,fill=-,flush=-,to=0/30000}{io=0/0,kio=0,kro=1}->HttpConnection@60cb21a2[p=HttpParser{s=START,0 of -1},g=HttpGenerator@3ae636a6{s=START}]=>HttpChannelOverHttp@16e68720{s=HttpChannelState@25abfa74{s=IDLE rs=BLOCKING os=OPEN is=IDLE awp=false se=false i=true al=0},r=7,c=false/false,a=IDLE,uri=null,age=0} parsed false HttpParser{s=START,0 of -1}
[DEBUG] releaseRequestBuffer HttpConnection@60cb21a2::SocketChannelEndPoint@7c84d6a0{l=/127.0.0.1:35372,r=/127.0.0.1:60186,OPEN,fill=-,flush=-,to=0/30000}{io=0/0,kio=0,kro=1}->HttpConnection@60cb21a2[p=HttpParser{s=START,0 of -1},g=HttpGenerator@3ae636a6{s=START}]=>HttpChannelOverHttp@16e68720{s=HttpChannelState@25abfa74{s=IDLE rs=BLOCKING os=OPEN is=IDLE awp=false se=false i=true al=0},r=7,c=false/false,a=IDLE,uri=null,age=0}
[DEBUG] fillInterested HttpConnection@60cb21a2::SocketChannelEndPoint@7c84d6a0{l=/127.0.0.1:35372,r=/127.0.0.1:60186,OPEN,fill=-,flush=-,to=1/30000}{io=0/0,kio=0,kro=1}->HttpConnection@60cb21a2[p=HttpParser{s=START,0 of -1},g=HttpGenerator@3ae636a6{s=START}]=>HttpChannelOverHttp@16e68720{s=HttpChannelState@25abfa74{s=IDLE rs=BLOCKING os=OPEN is=IDLE awp=false se=false i=true al=0},r=7,c=false/false,a=IDLE,uri=null,age=0}
[DEBUG] interested FillInterest@6258fb58{AC.ReadCB@60cb21a2{HttpConnection@60cb21a2::SocketChannelEndPoint@7c84d6a0{l=/127.0.0.1:35372,r=/127.0.0.1:60186,OPEN,fill=FI,flush=-,to=0/30000}{io=0/0,kio=0,kro=1}->HttpConnection@60cb21a2[p=HttpParser{s=START,0 of -1},g=HttpGenerator@3ae636a6{s=START}]=>HttpChannelOverHttp@16e68720{s=HttpChannelState@25abfa74{s=IDLE rs=BLOCKING os=OPEN is=IDLE awp=false se=false i=true al=0},r=7,c=false/false,a=IDLE,uri=null,age=0}}}
[DEBUG] changeInterests p=false 0->1 for SocketChannelEndPoint@7c84d6a0{l=/127.0.0.1:35372,r=/127.0.0.1:60186,OPEN,fill=FI,flush=-,to=0/30000}{io=0/1,kio=0,kro=1}->HttpConnection@60cb21a2[p=HttpParser{s=START,0 of -1},g=HttpGenerator@3ae636a6{s=START}]=>HttpChannelOverHttp@16e68720{s=HttpChannelState@25abfa74{s=IDLE rs=BLOCKING os=OPEN is=IDLE awp=false se=false i=true al=0},r=7,c=false/false,a=IDLE,uri=null,age=0}
[DEBUG] write(array) s=OPEN,api=BLOCKING,sc=false,e=null aggregated !flush DirectByteBuffer@38e5eb8d[p=0,l=235,c=32768,r=235]={<<<<title>Webserver Environm...\n    <table border="0">>>>\x00\x00\x00\x00\x00\x00\x00\x00\x00...\x00\x00\x00\x00\x00\x00\x00}
[DEBUG] write(array HeapByteBuffer@5e416523[p=0,l=36,c=512,r=36]={<<<<tr><th>Method</th><td>GET</td></tr>>>>es</title...\x00\x00\x00\x00\x00\x00\x00})
[DEBUG] write(array) s=OPEN,api=BLOCKING,sc=false,e=null aggregated !flush DirectByteBuffer@38e5eb8d[p=0,l=271,c=32768,r=271]={<<<<title>Webserver Environm...d</th><td>GET</td></tr>>>>\x00\x00\x00\x00\x00\x00\x00\x00\x00...\x00\x00\x00\x00\x00\x00\x00}
[DEBUG] write(array HeapByteBuffer@402ad953[p=0,l=1,c=512,r=1]={<<<\n>>>tr><th>Me...\x00\x00\x00\x00\x00\x00\x00})
[DEBUG] write(array) s=OPEN,api=BLOCKING,sc=false,e=null aggregated !flush DirectByteBuffer@38e5eb8d[p=0,l=272,c=32768,r=272]={<<<<title>Webserver Environm...</th><td>GET</td></tr>\n>>>\x00\x00\x00\x00\x00\x00\x00\x00\x00...\x00\x00\x00\x00\x00\x00\x00}
[DEBUG] write(array HeapByteBuffer@f4bf60d[p=0,l=50,c=512,r=50]={<<<<tr><th>Request URI</th><...>/EchoServlet</td></tr>>>> <style t...\x00\x00\x00\x00\x00\x00\x00})
[DEBUG] write(array) s=OPEN,api=BLOCKING,sc=false,e=null aggregated !flush DirectByteBuffer@38e5eb8d[p=0,l=322,c=32768,r=322]={<<<<title>Webserver Environm...>/EchoServlet</td></tr>>>>\x00\x00\x00\x00\x00\x00\x00\x00\x00...\x00\x00\x00\x00\x00\x00\x00}
[DEBUG] write(array HeapByteBuffer@18e5ddea[p=0,l=1,c=512,r=1]={<<<\n>>>tr><th>Re...\x00\x00\x00\x00\x00\x00\x00})
[DEBUG] write(array) s=OPEN,api=BLOCKING,sc=false,e=null aggregated !flush DirectByteBuffer@38e5eb8d[p=0,l=323,c=32768,r=323]={<<<<title>Webserver Environm.../EchoServlet</td></tr>\n>>>\x00\x00\x00\x00\x00\x00\x00\x00\x00...\x00\x00\x00\x00\x00\x00\x00}
[DEBUG] write(array HeapByteBuffer@4d58dba8[p=0,l=39,c=512,r=39]={<<<<tr><th>Query String</th><td></td></tr>>>>t</td></t...\x00\x00\x00\x00\x00\x00\x00})
[DEBUG] write(array) s=OPEN,api=BLOCKING,sc=false,e=null aggregated !flush DirectByteBuffer@38e5eb8d[p=0,l=362,c=32768,r=362]={<<<<title>Webserver Environm...ring</th><td></td></tr>>>>\x00\x00\x00\x00\x00\x00\x00\x00\x00...\x00\x00\x00\x00\x00\x00\x00}
[DEBUG] write(array HeapByteBuffer@5b2e7311[p=0,l=1,c=512,r=1]={<<<\n>>>tr><th>Qu...\x00\x00\x00\x00\x00\x00\x00})
[DEBUG] write(array) s=OPEN,api=BLOCKING,sc=false,e=null aggregated !flush DirectByteBuffer@38e5eb8d[p=0,l=363,c=32768,r=363]={<<<<title>Webserver Environm...ing</th><td></td></tr>\n>>>\x00\x00\x00\x00\x00\x00\x00\x00\x00...\x00\x00\x00\x00\x00\x00\x00}
[DEBUG] write(array HeapByteBuffer@b050de7[p=0,l=56,c=512,r=56]={<<<<tr><th>Cookie</th><td>to...g123; uid=jhy</td></tr>>>>e type="t...\x00\x00\x00\x00\x00\x00\x00})
[DEBUG] write(array) s=OPEN,api=BLOCKING,sc=false,e=null aggregated !flush DirectByteBuffer@38e5eb8d[p=0,l=419,c=32768,r=419]={<<<<title>Webserver Environm...g123; uid=jhy</td></tr>>>>\x00\x00\x00\x00\x00\x00\x00\x00\x00...\x00\x00\x00\x00\x00\x00\x00}
[DEBUG] write(array HeapByteBuffer@3db98be0[p=0,l=1,c=512,r=1]={<<<\n>>>tr><th>Co...\x00\x00\x00\x00\x00\x00\x00})
[DEBUG] write(array) s=OPEN,api=BLOCKING,sc=false,e=null aggregated !flush DirectByteBuffer@38e5eb8d[p=0,l=420,c=32768,r=420]={<<<<title>Webserver Environm...123; uid=jhy</td></tr>\n>>>\x00\x00\x00\x00\x00\x00\x00\x00\x00...\x00\x00\x00\x00\x00\x00\x00}
[DEBUG] write(array HeapByteBuffer@36b78264[p=0,l=85,c=512,r=85]={<<<<tr><th>Accept</th><td>te....2, */*; q=.2</td></tr>>>>, td, th ...\x00\x00\x00\x00\x00\x00\x00})
[DEBUG] write(array) s=OPEN,api=BLOCKING,sc=false,e=null aggregated !flush DirectByteBuffer@38e5eb8d[p=0,l=505,c=32768,r=505]={<<<<title>Webserver Environm....2, */*; q=.2</td></tr>>>>\x00\x00\x00\x00\x00\x00\x00\x00\x00...\x00\x00\x00\x00\x00\x00\x00}
[DEBUG] write(array HeapByteBuffer@1ea9c958[p=0,l=1,c=512,r=1]={<<<\n>>>tr><th>Ac...\x00\x00\x00\x00\x00\x00\x00})
[DEBUG] write(array) s=OPEN,api=BLOCKING,sc=false,e=null aggregated !flush DirectByteBuffer@38e5eb8d[p=0,l=506,c=32768,r=506]={<<<<title>Webserver Environm...2, */*; q=.2</td></tr>\n>>>\x00\x00\x00\x00\x00\x00\x00\x00\x00...\x00\x00\x00\x00\x00\x00\x00}
[DEBUG] write(array HeapByteBuffer@3de0855f[p=0,l=152,c=512,r=152]={<<<<tr><th>User-Agent</th><t...Safari/537.36</td></tr>>>>      th ...\x00\x00\x00\x00\x00\x00\x00})
[DEBUG] write(array) s=OPEN,api=BLOCKING,sc=false,e=null aggregated !flush DirectByteBuffer@38e5eb8d[p=0,l=658,c=32768,r=658]={<<<<title>Webserver Environm...Safari/537.36</td></tr>>>>\x00\x00\x00\x00\x00\x00\x00\x00\x00...\x00\x00\x00\x00\x00\x00\x00}
[DEBUG] write(array HeapByteBuffer@4c77ff88[p=0,l=1,c=512,r=1]={<<<\n>>>tr><th>Us...\x00\x00\x00\x00\x00\x00\x00})
[DEBUG] write(array) s=OPEN,api=BLOCKING,sc=false,e=null aggregated !flush DirectByteBuffer@38e5eb8d[p=0,l=659,c=32768,r=659]={<<<<title>Webserver Environm...afari/537.36</td></tr>\n>>>\x00\x00\x00\x00\x00\x00\x00\x00\x00...\x00\x00\x00\x00\x00\x00\x00}
[DEBUG] write(array HeapByteBuffer@4659e0c0[p=0,l=47,c=512,r=47]={<<<<tr><th>Connection</th><td>keep-alive</td></tr>>>> NT 10.0;...\x00\x00\x00\x00\x00\x00\x00})
[DEBUG] write(array) s=OPEN,api=BLOCKING,sc=false,e=null aggregated !flush DirectByteBuffer@38e5eb8d[p=0,l=706,c=32768,r=706]={<<<<title>Webserver Environm...td>keep-alive</td></tr>>>>\x00\x00\x00\x00\x00\x00\x00\x00\x00...\x00\x00\x00\x00\x00\x00\x00}
[DEBUG] write(array HeapByteBuffer@166a025a[p=0,l=1,c=512,r=1]={<<<\n>>>tr><th>Co...\x00\x00\x00\x00\x00\x00\x00})
[DEBUG] write(array) s=OPEN,api=BLOCKING,sc=false,e=null aggregated !flush DirectByteBuffer@38e5eb8d[p=0,l=707,c=32768,r=707]={<<<<title>Webserver Environm...d>keep-alive</td></tr>\n>>>\x00\x00\x00\x00\x00\x00\x00\x00\x00...\x00\x00\x00\x00\x00\x00\x00}
[DEBUG] write(array HeapByteBuffer@2f19a7b5[p=0,l=46,c=512,r=46]={<<<<tr><th>Host</th><td>localhost:35372</td></tr>>>>> NT 10.0...\x00\x00\x00\x00\x00\x00\x00})
[DEBUG] write(array) s=OPEN,api=BLOCKING,sc=false,e=null aggregated !flush DirectByteBuffer@38e5eb8d[p=0,l=753,c=32768,r=753]={<<<<title>Webserver Environm...calhost:35372</td></tr>>>>\x00\x00\x00\x00\x00\x00\x00\x00\x00...\x00\x00\x00\x00\x00\x00\x00}
[DEBUG] write(array HeapByteBuffer@5ce19661[p=0,l=1,c=512,r=1]={<<<\n>>>tr><th>Ho...\x00\x00\x00\x00\x00\x00\x00})
[DEBUG] write(array) s=OPEN,api=BLOCKING,sc=false,e=null aggregated !flush DirectByteBuffer@38e5eb8d[p=0,l=754,c=32768,r=754]={<<<<title>Webserver Environm...alhost:35372</td></tr>\n>>>\x00\x00\x00\x00\x00\x00\x00\x00\x00...\x00\x00\x00\x00\x00\x00\x00}
[DEBUG] write(array HeapByteBuffer@553722dd[p=0,l=46,c=512,r=46]={<<<<tr><th>Accept-Encoding</th><td>gzip</td></tr>>>>> NT 10.0...\x00\x00\x00\x00\x00\x00\x00})
[DEBUG] write(array) s=OPEN,api=BLOCKING,sc=false,e=null aggregated !flush DirectByteBuffer@38e5eb8d[p=0,l=800,c=32768,r=800]={<<<<title>Webserver Environm...</th><td>gzip</td></tr>>>>\x00\x00\x00\x00\x00\x00\x00\x00\x00...\x00\x00\x00\x00\x00\x00\x00}
[DEBUG] write(array HeapByteBuffer@138992f3[p=0,l=1,c=512,r=1]={<<<\n>>>tr><th>Ac...\x00\x00\x00\x00\x00\x00\x00})
[DEBUG] write(array) s=OPEN,api=BLOCKING,sc=false,e=null aggregated !flush DirectByteBuffer@38e5eb8d[p=0,l=801,c=32768,r=801]={<<<<title>Webserver Environm.../th><td>gzip</td></tr>\n>>>\x00\x00\x00\x00\x00\x00\x00\x00\x00...\x00\x00\x00\x00\x00\x00\x00}
[DEBUG] write(array HeapByteBuffer@714fbb38[p=0,l=48,c=512,r=48]={<<<<tr><th>Cookie: token</th><td>asdfg123</td></tr>>>>NT 10.0; ...\x00\x00\x00\x00\x00\x00\x00})
[DEBUG] write(array) s=OPEN,api=BLOCKING,sc=false,e=null aggregated !flush DirectByteBuffer@38e5eb8d[p=0,l=849,c=32768,r=849]={<<<<title>Webserver Environm...><td>asdfg123</td></tr>>>>\x00\x00\x00\x00\x00\x00\x00\x00\x00...\x00\x00\x00\x00\x00\x00\x00}
[DEBUG] write(array HeapByteBuffer@214d69ee[p=0,l=1,c=512,r=1]={<<<\n>>>tr><th>Co...\x00\x00\x00\x00\x00\x00\x00})
[DEBUG] write(array) s=OPEN,api=BLOCKING,sc=false,e=null aggregated !flush DirectByteBuffer@38e5eb8d[p=0,l=850,c=32768,r=850]={<<<<title>Webserver Environm...<td>asdfg123</td></tr>\n>>>\x00\x00\x00\x00\x00\x00\x00\x00\x00...\x00\x00\x00\x00\x00\x00\x00}
[DEBUG] write(array HeapByteBuffer@4d0096d0[p=0,l=41,c=512,r=41]={<<<<tr><th>Cookie: uid</th><td>jhy</td></tr>>>>d></tr>NT...\x00\x00\x00\x00\x00\x00\x00})
[DEBUG] Queued change lazy=false org.eclipse.jetty.io.ChannelEndPoint$$Lambda$475/336675676@3bb4acd7 on ManagedSelector@72cf2de5{STARTED} id=0 keys=2 selected=0 updates=0
[DEBUG] Wakeup on submit ManagedSelector@72cf2de5{STARTED} id=0 keys=2 selected=0 updates=1
[DEBUG] Selector sun.nio.ch.EPollSelectorImpl@36abfb12 woken with none selected
[DEBUG] Selector sun.nio.ch.EPollSelectorImpl@36abfb12 woken up from select, 0/0/2 selected
[DEBUG] Selector sun.nio.ch.EPollSelectorImpl@36abfb12 processing 0 keys, 1 updates
[DEBUG] updateable 1
[DEBUG] update org.eclipse.jetty.io.ChannelEndPoint$$Lambda$475/336675676@3bb4acd7
[DEBUG] Key interests updated 0 -> 1 on SocketChannelEndPoint@7c84d6a0{l=/127.0.0.1:35372,r=/127.0.0.1:60186,OPEN,fill=FI,flush=-,to=7/30000}{io=1/1,kio=1,kro=1}->HttpConnection@60cb21a2[p=HttpParser{s=START,0 of -1},g=HttpGenerator@3ae636a6{s=START}]=>HttpChannelOverHttp@16e68720{s=HttpChannelState@25abfa74{s=IDLE rs=BLOCKING os=OPEN is=IDLE awp=false se=false i=true al=0},r=7,c=false/false,a=IDLE,uri=null,age=0}
[DEBUG] updates 0
[DEBUG] Selector sun.nio.ch.EPollSelectorImpl@36abfb12 waiting with 2 keys
[DEBUG] HttpConnection@60cb21a2::SocketChannelEndPoint@7c84d6a0{l=/127.0.0.1:35372,r=/127.0.0.1:60186,OPEN,fill=FI,flush=-,to=7/30000}{io=1/1,kio=1,kro=1}->HttpConnection@60cb21a2[p=HttpParser{s=START,0 of -1},g=HttpGenerator@3ae636a6{s=START}]=>HttpChannelOverHttp@16e68720{s=HttpChannelState@25abfa74{s=IDLE rs=BLOCKING os=OPEN is=IDLE awp=false se=false i=true al=0},r=7,c=false/false,a=IDLE,uri=null,age=0} onFillable exit HttpChannelState@25abfa74{s=IDLE rs=BLOCKING os=OPEN is=IDLE awp=false se=false i=true al=0} null
[DEBUG] ReservedThreadExecutor@278bb07e{s=1/1,p=0}@51ac140 size 1 > capacity
[DEBUG] ran ReservedThreadExecutor@278bb07e{s=1/1,p=0}@51ac140 in QueuedThreadPool[qtp638486177]@260e86a1{STARTED,8<=8<=200,i=3,r=-1,q=0}[ReservedThreadExecutor@278bb07e{s=1/1,p=0}]
[DEBUG] write(array) s=OPEN,api=BLOCKING,sc=false,e=null aggregated !flush DirectByteBuffer@38e5eb8d[p=0,l=891,c=32768,r=891]={<<<<title>Webserver Environm...d</th><td>jhy</td></tr>>>>\x00\x00\x00\x00\x00\x00\x00\x00\x00...\x00\x00\x00\x00\x00\x00\x00}
[DEBUG] write(array HeapByteBuffer@12419b89[p=0,l=1,c=512,r=1]={<<<\n>>>tr><th>Co...\x00\x00\x00\x00\x00\x00\x00})
[DEBUG] write(array) s=OPEN,api=BLOCKING,sc=false,e=null aggregated !flush DirectByteBuffer@38e5eb8d[p=0,l=892,c=32768,r=892]={<<<<title>Webserver Environm...</th><td>jhy</td></tr>\n>>>\x00\x00\x00\x00\x00\x00\x00\x00\x00...\x00\x00\x00\x00\x00\x00\x00}
[DEBUG] filled 0 HeapByteBuffer@460916c[p=0,l=0,c=8192,r=0]={<<<>>>HTTP/1.1 ...\x00\x00\x00\x00\x00\x00\x00}
[DEBUG] filled 0 HeapByteBuffer@460916c[p=0,l=0,c=8192,r=0]={<<<>>>HTTP/1.1 ...\x00\x00\x00\x00\x00\x00\x00}
[DEBUG] HttpConnection@2e077e16::SocketChannelEndPoint@61fd9662{l=/127.0.0.1:35372,r=/127.0.0.1:60188,OPEN,fill=-,flush=-,to=23/30000}{io=0/0,kio=0,kro=1}->HttpConnection@2e077e16[p=HttpParser{s=CONTENT,0 of -1},g=HttpGenerator@1f63306b{s=START}]=>HttpChannelOverHttp@6f3a742d{s=HttpChannelState@6b05fd12{s=HANDLING rs=BLOCKING os=OPEN is=IDLE awp=false se=false i=true al=0},r=1,c=false/false,a=HANDLING,uri=//localhost:35372/EchoServlet,age=23} filled 0 HeapByteBuffer@460916c[p=0,l=0,c=8192,r=0]={<<<>>>HTTP/1.1 ...\x00\x00\x00\x00\x00\x00\x00}
[DEBUG] HttpConnection@2e077e16::SocketChannelEndPoint@61fd9662{l=/127.0.0.1:35372,r=/127.0.0.1:60188,OPEN,fill=-,flush=-,to=24/30000}{io=0/0,kio=0,kro=1}->HttpConnection@2e077e16[p=HttpParser{s=CONTENT,0 of -1},g=HttpGenerator@1f63306b{s=START}]=>HttpChannelOverHttp@6f3a742d{s=HttpChannelState@6b05fd12{s=HANDLING rs=BLOCKING os=OPEN is=IDLE awp=false se=false i=true al=0},r=1,c=false/false,a=HANDLING,uri=//localhost:35372/EchoServlet,age=23} parse HeapByteBuffer@460916c[p=0,l=0,c=8192,r=0]={<<<>>>HTTP/1.1 ...\x00\x00\x00\x00\x00\x00\x00} {}
[DEBUG] parseNext s=CONTENT HeapByteBuffer@460916c[p=0,l=0,c=8192,r=0]={<<<>>>HTTP/1.1 ...\x00\x00\x00\x00\x00\x00\x00}
[DEBUG] CONTENT --> CONTENT_END
[DEBUG] onContentComplete HttpChannelOverHttp@6f3a742d{s=HttpChannelState@6b05fd12{s=HANDLING rs=BLOCKING os=OPEN is=IDLE awp=false se=false i=true al=0},r=1,c=false/false,a=HANDLING,uri=//localhost:35372/EchoServlet,age=23}
[DEBUG] CONTENT_END --> END
[DEBUG] onRequestComplete HttpChannelOverHttp@6f3a742d{s=HttpChannelState@6b05fd12{s=HANDLING rs=BLOCKING os=OPEN is=IDLE awp=false se=false i=true al=0},r=1,c=false/false,a=HANDLING,uri=//localhost:35372/EchoServlet,age=23}
[DEBUG] HttpInputOverHTTP@1e5b6482[c=0,q=0,[0]=null,s=STREAM] addContent EOF
[DEBUG] HttpConnection@2e077e16::SocketChannelEndPoint@61fd9662{l=/127.0.0.1:35372,r=/127.0.0.1:60188,OPEN,fill=-,flush=-,to=24/30000}{io=0/0,kio=0,kro=1}->HttpConnection@2e077e16[p=HttpParser{s=END,0 of -1},g=HttpGenerator@1f63306b{s=START}]=>HttpChannelOverHttp@6f3a742d{s=HttpChannelState@6b05fd12{s=HANDLING rs=BLOCKING os=OPEN is=IDLE awp=false se=false i=true al=0},r=1,c=false/false,a=HANDLING,uri=//localhost:35372/EchoServlet,age=23} parsed false HttpParser{s=END,0 of -1}
[DEBUG] releaseRequestBuffer HttpConnection@2e077e16::SocketChannelEndPoint@61fd9662{l=/127.0.0.1:35372,r=/127.0.0.1:60188,OPEN,fill=-,flush=-,to=24/30000}{io=0/0,kio=0,kro=1}->HttpConnection@2e077e16[p=HttpParser{s=END,0 of -1},g=HttpGenerator@1f63306b{s=START}]=>HttpChannelOverHttp@6f3a742d{s=HttpChannelState@6b05fd12{s=HANDLING rs=BLOCKING os=OPEN is=IDLE awp=false se=false i=true al=0},r=1,c=false/false,a=HANDLING,uri=//localhost:35372/EchoServlet,age=24}
[DEBUG] onEof HttpChannelState@6b05fd12{s=HANDLING rs=BLOCKING os=OPEN is=IDLE awp=false se=false i=true al=0}
[DEBUG] write(array HeapByteBuffer@54937cbe[p=0,l=8,c=512,r=8]={<<<</table>>>>Cookie: u...\x00\x00\x00\x00\x00\x00\x00})
[DEBUG] write(array) s=OPEN,api=BLOCKING,sc=false,e=null aggregated !flush DirectByteBuffer@38e5eb8d[p=0,l=900,c=32768,r=900]={<<<<title>Webserver Environm...>jhy</td></tr>\n</table>>>>\x00\x00\x00\x00\x00\x00\x00\x00\x00...\x00\x00\x00\x00\x00\x00\x00}
[DEBUG] write(array HeapByteBuffer@1decc6ea[p=0,l=1,c=512,r=1]={<<<\n>>>/table>Co...\x00\x00\x00\x00\x00\x00\x00})
[DEBUG] write(array) s=OPEN,api=BLOCKING,sc=false,e=null aggregated !flush DirectByteBuffer@38e5eb8d[p=0,l=901,c=32768,r=901]={<<<<title>Webserver Environm...jhy</td></tr>\n</table>\n>>>\x00\x00\x00\x00\x00\x00\x00\x00\x00...\x00\x00\x00\x00\x00\x00\x00}
[DEBUG] handled=true async=false committed=false on HttpChannelOverHttp@6f3a742d{s=HttpChannelState@6b05fd12{s=HANDLING rs=BLOCKING os=OPEN is=READY awp=false se=false i=true al=0},r=1,c=false/false,a=HANDLING,uri=//localhost:35372/EchoServlet,age=24}
[DEBUG] unhandle HttpChannelState@6b05fd12{s=HANDLING rs=BLOCKING os=OPEN is=READY awp=false se=false i=true al=0}
[DEBUG] nextAction(false) COMPLETE HttpChannelState@6b05fd12{s=HANDLING rs=COMPLETING os=OPEN is=READY awp=false se=false i=false al=0}
[DEBUG] action COMPLETE HttpChannelOverHttp@6f3a742d{s=HttpChannelState@6b05fd12{s=HANDLING rs=COMPLETING os=OPEN is=READY awp=false se=false i=false al=0},r=1,c=false/false,a=HANDLING,uri=//localhost:35372/EchoServlet,age=24}
[DEBUG] complete(org.eclipse.jetty.util.Callback$3@3ef8b0d) s=CLOSING,api=BLOCKED,sc=false,e=null s=false e=null, c=DirectByteBuffer@38e5eb8d[p=0,l=901,c=32768,r=901]={<<<<title>Webserver Environm...jhy</td></tr>\n</table>\n>>>\x00\x00\x00\x00\x00\x00\x00\x00\x00...\x00\x00\x00\x00\x00\x00\x00}
[DEBUG] sendResponse info=null content=DirectByteBuffer@38e5eb8d[p=0,l=901,c=32768,r=901]={<<<<title>Webserver Environm...jhy</td></tr>\n</table>\n>>>\x00\x00\x00\x00\x00\x00\x00\x00\x00...\x00\x00\x00\x00\x00\x00\x00} complete=true committing=true callback=org.eclipse.jetty.server.HttpOutput$WriteCompleteCB@46559086
[DEBUG] COMMIT for /EchoServlet on HttpChannelOverHttp@6f3a742d{s=HttpChannelState@6b05fd12{s=HANDLING rs=COMPLETING os=COMMITTED is=READY awp=false se=false i=false al=0},r=1,c=false/false,a=HANDLING,uri=//localhost:35372/EchoServlet,age=24}
200 null HTTP/1.1
Date: Tue, 28 Sep 2021 06:03:30 GMT
Content-Type: text/html;charset=utf-8
Cache-Control: no-cache
Cache-Control: no-store


[DEBUG] generate: NEED_HEADER for SendCallback@96c627e[PROCESSING][i=HTTP/1.1{s=200,h=4,cl=-1},cb=org.eclipse.jetty.server.HttpChannel$SendCallback@72cc2e2f] (null,[p=0,l=901,c=32768,r=901],true)@START
[DEBUG] generateHeaders HTTP/1.1{s=200,h=4,cl=-1} last=true content=DirectByteBuffer@38e5eb8d[p=0,l=901,c=32768,r=901]={<<<<title>Webserver Environm...jhy</td></tr>\n</table>\n>>>\x00\x00\x00\x00\x00\x00\x00\x00\x00...\x00\x00\x00\x00\x00\x00\x00}
[DEBUG] Date: Tue, 28 Sep 2021 06:03:30 GMT
Content-Type: text/html;charset=utf-8
Cache-Control: no-cache
Cache-Control: no-store


[DEBUG] CONTENT_LENGTH
[DEBUG] generate: FLUSH for SendCallback@96c627e[PROCESSING][i=HTTP/1.1{s=200,h=4,cl=-1},cb=org.eclipse.jetty.server.HttpChannel$SendCallback@72cc2e2f] ([p=0,l=199,c=8192,r=199],[p=0,l=901,c=32768,r=901],true)@COMPLETING
[DEBUG] write: WriteFlusher@d847498{IDLE}->null [HeapByteBuffer@2a66826a[p=0,l=199,c=8192,r=199]={<<<HTTP/1.1 200 OK\r\nDate: Tu...y(9.4.43.v20210629)\r\n\r\n>>>fari/537....\x00\x00\x00\x00\x00\x00\x00},DirectByteBuffer@38e5eb8d[p=0,l=901,c=32768,r=901]={<<<<title>Webserver Environm...jhy</td></tr>\n</table>\n>>>\x00\x00\x00\x00\x00\x00\x00\x00\x00...\x00\x00\x00\x00\x00\x00\x00}]
[DEBUG] update WriteFlusher@d847498{WRITING}->null:IDLE-->WRITING
]]></system-out>
  </testcase>
  <testcase name="sendHeadRequest" classname="org.jsoup.integration.ConnectTest" time="0.011">
    <system-out><![CDATA[[DEBUG] flushed 1100 SocketChannelEndPoint@61fd9662{l=/127.0.0.1:35372,r=/127.0.0.1:60188,OPEN,fill=-,flush=W,to=29/30000}{io=0/0,kio=0,kro=1}->HttpConnection@2e077e16[p=HttpParser{s=END,0 of -1},g=HttpGenerator@1f63306b{s=COMPLETING}]=>HttpChannelOverHttp@6f3a742d{s=HttpChannelState@6b05fd12{s=HANDLING rs=COMPLETING os=COMMITTED is=READY awp=false se=false i=false al=0},r=1,c=false/false,a=HANDLING,uri=//localhost:35372/EchoServlet,age=28}
[DEBUG] Flushed=true written=1100 remaining=0 WriteFlusher@d847498{WRITING}->null
[DEBUG] update WriteFlusher@d847498{IDLE}->null:WRITING-->IDLE
[DEBUG] generate: DONE for SendCallback@96c627e[PROCESSING][i=HTTP/1.1{s=200,h=4,cl=-1},cb=org.eclipse.jetty.server.HttpChannel$SendCallback@72cc2e2f] ([p=199,l=199,c=8192,r=0],[p=901,l=901,c=32768,r=0],true)@END
[DEBUG] onWriteComplete(true,null) s=CLOSING,api=BLOCKED,sc=false,e=null->s=CLOSED,api=BLOCKING,sc=false,e=null c=null cb=org.eclipse.jetty.util.Callback$3@3ef8b0d w=false
[DEBUG] completed HttpChannelState@6b05fd12{s=HANDLING rs=COMPLETING os=COMPLETED is=READY awp=false se=false i=false al=0}
[DEBUG] unhandle HttpChannelState@6b05fd12{s=HANDLING rs=COMPLETED os=COMPLETED is=READY awp=false se=false i=false al=0}
[DEBUG] nextAction(false) TERMINATED HttpChannelState@6b05fd12{s=IDLE rs=COMPLETED os=COMPLETED is=READY awp=false se=false i=false al=0}
[DEBUG] action TERMINATED HttpChannelOverHttp@6f3a742d{s=HttpChannelState@6b05fd12{s=IDLE rs=COMPLETED os=COMPLETED is=READY awp=false se=false i=false al=0},r=1,c=true/true,a=IDLE,uri=//localhost:35372/EchoServlet,age=29}
[DEBUG] onCompleted for /EchoServlet written=901
[DEBUG] recycle HttpChannelState@6b05fd12{s=IDLE rs=COMPLETED os=COMPLETED is=READY awp=false se=false i=false al=0}
[DEBUG] reset HttpParser{s=END,0 of -1}
[DEBUG] END --> START
[DEBUG] !handle TERMINATED HttpChannelOverHttp@6f3a742d{s=HttpChannelState@6b05fd12{s=IDLE rs=BLOCKING os=OPEN is=IDLE awp=false se=false i=true al=0},r=1,c=false/false,a=IDLE,uri=null,age=0}
[DEBUG] filled 337 HeapByteBuffer@460916c[p=0,l=337,c=8192,r=337]={<<<HEAD /FileServlet/htmltes...nection: keep-alive\r\n\r\n>>>=.2\r\nConn...\x00\x00\x00\x00\x00\x00\x00}
[DEBUG] HttpConnection@2e077e16::SocketChannelEndPoint@61fd9662{l=/127.0.0.1:35372,r=/127.0.0.1:60188,OPEN,fill=-,flush=-,to=0/30000}{io=0/0,kio=0,kro=1}->HttpConnection@2e077e16[p=HttpParser{s=START,0 of -1},g=HttpGenerator@1f63306b{s=START}]=>HttpChannelOverHttp@6f3a742d{s=HttpChannelState@6b05fd12{s=IDLE rs=BLOCKING os=OPEN is=IDLE awp=false se=false i=true al=0},r=1,c=false/false,a=IDLE,uri=null,age=0} filled 337 HeapByteBuffer@460916c[p=0,l=337,c=8192,r=337]={<<<HEAD /FileServlet/htmltes...nection: keep-alive\r\n\r\n>>>=.2\r\nConn...\x00\x00\x00\x00\x00\x00\x00}
[DEBUG] HttpConnection@2e077e16::SocketChannelEndPoint@61fd9662{l=/127.0.0.1:35372,r=/127.0.0.1:60188,OPEN,fill=-,flush=-,to=0/30000}{io=0/0,kio=0,kro=1}->HttpConnection@2e077e16[p=HttpParser{s=START,0 of -1},g=HttpGenerator@1f63306b{s=START}]=>HttpChannelOverHttp@6f3a742d{s=HttpChannelState@6b05fd12{s=IDLE rs=BLOCKING os=OPEN is=IDLE awp=false se=false i=true al=0},r=1,c=false/false,a=IDLE,uri=null,age=0} parse HeapByteBuffer@460916c[p=0,l=337,c=8192,r=337]={<<<HEAD /FileServlet/htmltes...nection: keep-alive\r\n\r\n>>>=.2\r\nConn...\x00\x00\x00\x00\x00\x00\x00} {}
[DEBUG] parseNext s=START HeapByteBuffer@460916c[p=0,l=337,c=8192,r=337]={<<<HEAD /FileServlet/htmltes...nection: keep-alive\r\n\r\n>>>=.2\r\nConn...\x00\x00\x00\x00\x00\x00\x00}
[DEBUG] START --> SPACE1
[DEBUG] SPACE1 --> URI
[DEBUG] URI --> SPACE2
[DEBUG] SPACE2 --> REQUEST_VERSION
[DEBUG] REQUEST_VERSION --> HEADER
[DEBUG] HEADER:Accept-Encoding: gzip --> IN_VALUE
[DEBUG] HEADER:Accept-Encoding: gzip --> FIELD
[DEBUG] HEADER:User-Agent: Mozilla/5.0 (Windows NT 10.0; Win64; x64) AppleWebKit/537.36 (KHTML, like Gecko) Chrome/79.0.3945.130 Safari/537.36 --> IN_VALUE
[DEBUG] HEADER:User-Agent: Mozilla/5.0 (Windows NT 10.0; Win64; x64) AppleWebKit/537.36 (KHTML, like Gecko) Chrome/79.0.3945.130 Safari/537.36 --> FIELD
[DEBUG] HEADER:Host: localhost:35372 --> IN_VALUE
[DEBUG] HEADER:Host: localhost:35372 --> FIELD
[DEBUG] HEADER:Accept: text/html, image/gif, image/jpeg, *; q=.2, */*; q=.2 --> IN_VALUE
[DEBUG] HEADER:Accept: text/html, image/gif, image/jpeg, *; q=.2, */*; q=.2 --> FIELD
[DEBUG] HEADER:Connection: keep-alive --> IN_VALUE
[DEBUG] HEADER:Connection: keep-alive --> FIELD
[DEBUG] HEADER --> CONTENT
[DEBUG] REQUEST for //localhost:35372/FileServlet/htmltests/xml-test.xml?contentType=text%2Fxml on HttpChannelOverHttp@6f3a742d{s=HttpChannelState@6b05fd12{s=IDLE rs=BLOCKING os=OPEN is=IDLE awp=false se=false i=true al=0},r=2,c=false/false,a=IDLE,uri=//localhost:35372/FileServlet/htmltests/xml-test.xml?contentType=text%2Fxml,age=0}
HEAD //localhost:35372/FileServlet/htmltests/xml-test.xml?contentType=text%2Fxml HTTP/1.1
Accept-Encoding: gzip
User-Agent: Mozilla/5.0 (Windows NT 10.0; Win64; x64) AppleWebKit/537.36 (KHTML, like Gecko) Chrome/79.0.3945.130 Safari/537.36
Host: localhost:35372
Accept: text/html, image/gif, image/jpeg, *; q=.2, */*; q=.2
Connection: keep-alive


[DEBUG] HttpConnection@2e077e16::SocketChannelEndPoint@61fd9662{l=/127.0.0.1:35372,r=/127.0.0.1:60188,OPEN,fill=-,flush=-,to=1/30000}{io=0/0,kio=0,kro=1}->HttpConnection@2e077e16[p=HttpParser{s=CONTENT,0 of -1},g=HttpGenerator@1f63306b{s=START}]=>HttpChannelOverHttp@6f3a742d{s=HttpChannelState@6b05fd12{s=IDLE rs=BLOCKING os=OPEN is=IDLE awp=false se=false i=true al=0},r=2,c=false/false,a=IDLE,uri=//localhost:35372/FileServlet/htmltests/xml-test.xml?contentType=text%2Fxml,age=0} parsed true HttpParser{s=CONTENT,0 of -1}
[DEBUG] releaseRequestBuffer HttpConnection@2e077e16::SocketChannelEndPoint@61fd9662{l=/127.0.0.1:35372,r=/127.0.0.1:60188,OPEN,fill=-,flush=-,to=1/30000}{io=0/0,kio=0,kro=1}->HttpConnection@2e077e16[p=HttpParser{s=CONTENT,0 of -1},g=HttpGenerator@1f63306b{s=START}]=>HttpChannelOverHttp@6f3a742d{s=HttpChannelState@6b05fd12{s=IDLE rs=BLOCKING os=OPEN is=IDLE awp=false se=false i=true al=0},r=2,c=false/false,a=IDLE,uri=//localhost:35372/FileServlet/htmltests/xml-test.xml?contentType=text%2Fxml,age=1}
[DEBUG] handle //localhost:35372/FileServlet/htmltests/xml-test.xml?contentType=text%2Fxml HttpChannelOverHttp@6f3a742d{s=HttpChannelState@6b05fd12{s=IDLE rs=BLOCKING os=OPEN is=IDLE awp=false se=false i=true al=0},r=2,c=false/false,a=IDLE,uri=//localhost:35372/FileServlet/htmltests/xml-test.xml?contentType=text%2Fxml,age=1} 
[DEBUG] handling HttpChannelState@6b05fd12{s=IDLE rs=BLOCKING os=OPEN is=IDLE awp=false se=false i=true al=0}
[DEBUG] action DISPATCH HttpChannelOverHttp@6f3a742d{s=HttpChannelState@6b05fd12{s=HANDLING rs=BLOCKING os=OPEN is=IDLE awp=false se=false i=true al=0},r=2,c=false/false,a=HANDLING,uri=//localhost:35372/FileServlet/htmltests/xml-test.xml?contentType=text%2Fxml,age=1}
[DEBUG] REQUEST HEAD /FileServlet/htmltests/xml-test.xml on HttpChannelOverHttp@6f3a742d{s=HttpChannelState@6b05fd12{s=HANDLING rs=BLOCKING os=OPEN is=IDLE awp=false se=false i=true al=0},r=2,c=false/false,a=HANDLING,uri=//localhost:35372/FileServlet/htmltests/xml-test.xml?contentType=text%2Fxml,age=1}
[DEBUG] servlet null|/FileServlet|/htmltests/xml-test.xml -> org.jsoup.integration.servlets.FileServlet-60dce7ea==org.jsoup.integration.servlets.FileServlet@c786463a{jsp=null,order=-1,inst=true,async=true,src=EMBEDDED:null,STARTED}
[DEBUG] chain=null
[DEBUG] handled=true async=false committed=false on HttpChannelOverHttp@6f3a742d{s=HttpChannelState@6b05fd12{s=HANDLING rs=BLOCKING os=OPEN is=IDLE awp=false se=false i=true al=0},r=2,c=false/false,a=HANDLING,uri=//localhost:35372/FileServlet/htmltests/xml-test.xml?contentType=text%2Fxml,age=3}
[DEBUG] unhandle HttpChannelState@6b05fd12{s=HANDLING rs=BLOCKING os=OPEN is=IDLE awp=false se=false i=true al=0}
[DEBUG] nextAction(false) COMPLETE HttpChannelState@6b05fd12{s=HANDLING rs=COMPLETING os=OPEN is=IDLE awp=false se=false i=false al=0}
[DEBUG] action COMPLETE HttpChannelOverHttp@6f3a742d{s=HttpChannelState@6b05fd12{s=HANDLING rs=COMPLETING os=OPEN is=IDLE awp=false se=false i=false al=0},r=2,c=false/false,a=HANDLING,uri=//localhost:35372/FileServlet/htmltests/xml-test.xml?contentType=text%2Fxml,age=3}
[DEBUG] filled 0 HeapByteBuffer@2a66826a[p=0,l=0,c=8192,r=0]={<<<>>>HTTP/1.1 ...\x00\x00\x00\x00\x00\x00\x00}
[DEBUG] filled 0 HeapByteBuffer@2a66826a[p=0,l=0,c=8192,r=0]={<<<>>>HTTP/1.1 ...\x00\x00\x00\x00\x00\x00\x00}
[DEBUG] HttpConnection@2e077e16::SocketChannelEndPoint@61fd9662{l=/127.0.0.1:35372,r=/127.0.0.1:60188,OPEN,fill=-,flush=-,to=4/30000}{io=0/0,kio=0,kro=1}->HttpConnection@2e077e16[p=HttpParser{s=CONTENT,0 of -1},g=HttpGenerator@1f63306b{s=START}]=>HttpChannelOverHttp@6f3a742d{s=HttpChannelState@6b05fd12{s=HANDLING rs=COMPLETING os=OPEN is=IDLE awp=false se=false i=false al=0},r=2,c=false/false,a=HANDLING,uri=//localhost:35372/FileServlet/htmltests/xml-test.xml?contentType=text%2Fxml,age=3} filled 0 HeapByteBuffer@2a66826a[p=0,l=0,c=8192,r=0]={<<<>>>HTTP/1.1 ...\x00\x00\x00\x00\x00\x00\x00}
[DEBUG] HttpConnection@2e077e16::SocketChannelEndPoint@61fd9662{l=/127.0.0.1:35372,r=/127.0.0.1:60188,OPEN,fill=-,flush=-,to=4/30000}{io=0/0,kio=0,kro=1}->HttpConnection@2e077e16[p=HttpParser{s=CONTENT,0 of -1},g=HttpGenerator@1f63306b{s=START}]=>HttpChannelOverHttp@6f3a742d{s=HttpChannelState@6b05fd12{s=HANDLING rs=COMPLETING os=OPEN is=IDLE awp=false se=false i=false al=0},r=2,c=false/false,a=HANDLING,uri=//localhost:35372/FileServlet/htmltests/xml-test.xml?contentType=text%2Fxml,age=3} parse HeapByteBuffer@2a66826a[p=0,l=0,c=8192,r=0]={<<<>>>HTTP/1.1 ...\x00\x00\x00\x00\x00\x00\x00} {}
[DEBUG] parseNext s=CONTENT HeapByteBuffer@2a66826a[p=0,l=0,c=8192,r=0]={<<<>>>HTTP/1.1 ...\x00\x00\x00\x00\x00\x00\x00}
[DEBUG] CONTENT --> CONTENT_END
[DEBUG] onContentComplete HttpChannelOverHttp@6f3a742d{s=HttpChannelState@6b05fd12{s=HANDLING rs=COMPLETING os=OPEN is=IDLE awp=false se=false i=false al=0},r=2,c=false/false,a=HANDLING,uri=//localhost:35372/FileServlet/htmltests/xml-test.xml?contentType=text%2Fxml,age=3}
[DEBUG] CONTENT_END --> END
[DEBUG] onRequestComplete HttpChannelOverHttp@6f3a742d{s=HttpChannelState@6b05fd12{s=HANDLING rs=COMPLETING os=OPEN is=IDLE awp=false se=false i=false al=0},r=2,c=false/false,a=HANDLING,uri=//localhost:35372/FileServlet/htmltests/xml-test.xml?contentType=text%2Fxml,age=3}
[DEBUG] HttpInputOverHTTP@1e5b6482[c=0,q=0,[0]=null,s=STREAM] addContent EOF
[DEBUG] HttpConnection@2e077e16::SocketChannelEndPoint@61fd9662{l=/127.0.0.1:35372,r=/127.0.0.1:60188,OPEN,fill=-,flush=-,to=4/30000}{io=0/0,kio=0,kro=1}->HttpConnection@2e077e16[p=HttpParser{s=END,0 of -1},g=HttpGenerator@1f63306b{s=START}]=>HttpChannelOverHttp@6f3a742d{s=HttpChannelState@6b05fd12{s=HANDLING rs=COMPLETING os=OPEN is=IDLE awp=false se=false i=false al=0},r=2,c=false/false,a=HANDLING,uri=//localhost:35372/FileServlet/htmltests/xml-test.xml?contentType=text%2Fxml,age=3} parsed false HttpParser{s=END,0 of -1}
[DEBUG] releaseRequestBuffer HttpConnection@2e077e16::SocketChannelEndPoint@61fd9662{l=/127.0.0.1:35372,r=/127.0.0.1:60188,OPEN,fill=-,flush=-,to=4/30000}{io=0/0,kio=0,kro=1}->HttpConnection@2e077e16[p=HttpParser{s=END,0 of -1},g=HttpGenerator@1f63306b{s=START}]=>HttpChannelOverHttp@6f3a742d{s=HttpChannelState@6b05fd12{s=HANDLING rs=COMPLETING os=OPEN is=IDLE awp=false se=false i=false al=0},r=2,c=false/false,a=HANDLING,uri=//localhost:35372/FileServlet/htmltests/xml-test.xml?contentType=text%2Fxml,age=4}
[DEBUG] complete(org.eclipse.jetty.util.Callback$3@4b969c43) s=CLOSING,api=BLOCKED,sc=false,e=null s=false e=null, c=HeapByteBuffer@13dae45a[p=0,l=0,c=0,r=0]={<<<>>>}
[DEBUG] sendResponse info=null content=HeapByteBuffer@13dae45a[p=0,l=0,c=0,r=0]={<<<>>>} complete=true committing=true callback=org.eclipse.jetty.server.HttpOutput$WriteCompleteCB@2fb97e24
[DEBUG] COMMIT for /FileServlet/htmltests/xml-test.xml on HttpChannelOverHttp@6f3a742d{s=HttpChannelState@6b05fd12{s=HANDLING rs=COMPLETING os=COMMITTED is=IDLE awp=false se=false i=false al=0},r=2,c=false/false,a=HANDLING,uri=//localhost:35372/FileServlet/htmltests/xml-test.xml?contentType=text%2Fxml,age=7}
200 null HTTP/1.1
Date: Tue, 28 Sep 2021 06:03:30 GMT
Content-Type: text/xml
Content-Length: 45


[DEBUG] generate: NEED_HEADER for SendCallback@96c627e[PROCESSING][i=HTTP/1.1{s=200,h=3,cl=45},cb=org.eclipse.jetty.server.HttpChannel$SendCallback@57e1de08] (null,[p=0,l=0,c=0,r=0],true)@START
[DEBUG] generateHeaders HTTP/1.1{s=200,h=3,cl=45} last=true content=HeapByteBuffer@13dae45a[p=0,l=0,c=0,r=0]={<<<>>>}
[DEBUG] Date: Tue, 28 Sep 2021 06:03:30 GMT
Content-Type: text/xml
Content-Length: 45


[DEBUG] CONTENT_LENGTH
[DEBUG] generate: FLUSH for SendCallback@96c627e[PROCESSING][i=HTTP/1.1{s=200,h=3,cl=45},cb=org.eclipse.jetty.server.HttpChannel$SendCallback@57e1de08] ([p=0,l=133,c=8192,r=133],[p=0,l=0,c=0,r=0],true)@COMPLETING
[DEBUG] write: WriteFlusher@d847498{IDLE}->null [HeapByteBuffer@460916c[p=0,l=133,c=8192,r=133]={<<<HTTP/1.1 200 OK\r\nDate: Tu...y(9.4.43.v20210629)\r\n\r\n>>>10.0; Win...\x00\x00\x00\x00\x00\x00\x00}]
[DEBUG] update WriteFlusher@d847498{WRITING}->null:IDLE-->WRITING
]]></system-out>
  </testcase>
  <testcase name="fetchURIWithWhitespace" classname="org.jsoup.integration.ConnectTest" time="0.017">
    <system-out><![CDATA[[DEBUG] flushed 133 SocketChannelEndPoint@61fd9662{l=/127.0.0.1:35372,r=/127.0.0.1:60188,OPEN,fill=-,flush=W,to=13/30000}{io=0/0,kio=0,kro=1}->HttpConnection@2e077e16[p=HttpParser{s=END,0 of -1},g=HttpGenerator@1f63306b{s=COMPLETING}]=>HttpChannelOverHttp@6f3a742d{s=HttpChannelState@6b05fd12{s=HANDLING rs=COMPLETING os=COMMITTED is=IDLE awp=false se=false i=false al=0},r=2,c=false/false,a=HANDLING,uri=//localhost:35372/FileServlet/htmltests/xml-test.xml?contentType=text%2Fxml,age=12}
[DEBUG] Flushed=true written=133 remaining=0 WriteFlusher@d847498{WRITING}->null
[DEBUG] update WriteFlusher@d847498{IDLE}->null:WRITING-->IDLE
[DEBUG] generate: DONE for SendCallback@96c627e[PROCESSING][i=HTTP/1.1{s=200,h=3,cl=45},cb=org.eclipse.jetty.server.HttpChannel$SendCallback@57e1de08] ([p=133,l=133,c=8192,r=0],[p=0,l=0,c=0,r=0],true)@END
[DEBUG] onWriteComplete(true,null) s=CLOSING,api=BLOCKED,sc=false,e=null->s=CLOSED,api=BLOCKING,sc=false,e=null c=null cb=org.eclipse.jetty.util.Callback$3@4b969c43 w=false
[DEBUG] completed HttpChannelState@6b05fd12{s=HANDLING rs=COMPLETING os=COMPLETED is=IDLE awp=false se=false i=false al=0}
[DEBUG] unhandle HttpChannelState@6b05fd12{s=HANDLING rs=COMPLETED os=COMPLETED is=IDLE awp=false se=false i=false al=0}
[DEBUG] nextAction(false) TERMINATED HttpChannelState@6b05fd12{s=IDLE rs=COMPLETED os=COMPLETED is=IDLE awp=false se=false i=false al=0}
[DEBUG] action TERMINATED HttpChannelOverHttp@6f3a742d{s=HttpChannelState@6b05fd12{s=IDLE rs=COMPLETED os=COMPLETED is=IDLE awp=false se=false i=false al=0},r=2,c=true/true,a=IDLE,uri=//localhost:35372/FileServlet/htmltests/xml-test.xml?contentType=text%2Fxml,age=13}
[DEBUG] onCompleted for /FileServlet/htmltests/xml-test.xml written=0
[DEBUG] recycle HttpChannelState@6b05fd12{s=IDLE rs=COMPLETED os=COMPLETED is=IDLE awp=false se=false i=false al=0}
[DEBUG] reset HttpParser{s=END,0 of -1}
[DEBUG] END --> START
[DEBUG] !handle TERMINATED HttpChannelOverHttp@6f3a742d{s=HttpChannelState@6b05fd12{s=IDLE rs=BLOCKING os=OPEN is=IDLE awp=false se=false i=true al=0},r=2,c=false/false,a=IDLE,uri=null,age=0}
[DEBUG] filled 290 HeapByteBuffer@2a66826a[p=0,l=290,c=8192,r=290]={<<<GET /EchoServlet HTTP/1.1...nection: keep-alive\r\n\r\n>>> q=.2\r\nCo...\x00\x00\x00\x00\x00\x00\x00}
[DEBUG] HttpConnection@2e077e16::SocketChannelEndPoint@61fd9662{l=/127.0.0.1:35372,r=/127.0.0.1:60188,OPEN,fill=-,flush=-,to=0/30000}{io=0/0,kio=0,kro=1}->HttpConnection@2e077e16[p=HttpParser{s=START,0 of -1},g=HttpGenerator@1f63306b{s=START}]=>HttpChannelOverHttp@6f3a742d{s=HttpChannelState@6b05fd12{s=IDLE rs=BLOCKING os=OPEN is=IDLE awp=false se=false i=true al=0},r=2,c=false/false,a=IDLE,uri=null,age=0} filled 290 HeapByteBuffer@2a66826a[p=0,l=290,c=8192,r=290]={<<<GET /EchoServlet HTTP/1.1...nection: keep-alive\r\n\r\n>>> q=.2\r\nCo...\x00\x00\x00\x00\x00\x00\x00}
[DEBUG] HttpConnection@2e077e16::SocketChannelEndPoint@61fd9662{l=/127.0.0.1:35372,r=/127.0.0.1:60188,OPEN,fill=-,flush=-,to=0/30000}{io=0/0,kio=0,kro=1}->HttpConnection@2e077e16[p=HttpParser{s=START,0 of -1},g=HttpGenerator@1f63306b{s=START}]=>HttpChannelOverHttp@6f3a742d{s=HttpChannelState@6b05fd12{s=IDLE rs=BLOCKING os=OPEN is=IDLE awp=false se=false i=true al=0},r=2,c=false/false,a=IDLE,uri=null,age=0} parse HeapByteBuffer@2a66826a[p=0,l=290,c=8192,r=290]={<<<GET /EchoServlet HTTP/1.1...nection: keep-alive\r\n\r\n>>> q=.2\r\nCo...\x00\x00\x00\x00\x00\x00\x00} {}
[DEBUG] parseNext s=START HeapByteBuffer@2a66826a[p=0,l=290,c=8192,r=290]={<<<GET /EchoServlet HTTP/1.1...nection: keep-alive\r\n\r\n>>> q=.2\r\nCo...\x00\x00\x00\x00\x00\x00\x00}
[DEBUG] START --> SPACE1
[DEBUG] SPACE1 --> URI
[DEBUG] URI --> SPACE2
[DEBUG] SPACE2 --> REQUEST_VERSION
[DEBUG] REQUEST_VERSION --> HEADER
[DEBUG] HEADER:Accept-Encoding: gzip --> IN_VALUE
[DEBUG] HEADER:Accept-Encoding: gzip --> FIELD
[DEBUG] HEADER:User-Agent: Mozilla/5.0 (Windows NT 10.0; Win64; x64) AppleWebKit/537.36 (KHTML, like Gecko) Chrome/79.0.3945.130 Safari/537.36 --> IN_VALUE
[DEBUG] HEADER:User-Agent: Mozilla/5.0 (Windows NT 10.0; Win64; x64) AppleWebKit/537.36 (KHTML, like Gecko) Chrome/79.0.3945.130 Safari/537.36 --> FIELD
[DEBUG] HEADER:Host: localhost:35372 --> IN_VALUE
[DEBUG] HEADER:Host: localhost:35372 --> FIELD
[DEBUG] HEADER:Accept: text/html, image/gif, image/jpeg, *; q=.2, */*; q=.2 --> IN_VALUE
[DEBUG] HEADER:Accept: text/html, image/gif, image/jpeg, *; q=.2, */*; q=.2 --> FIELD
[DEBUG] HEADER:Connection: keep-alive --> IN_VALUE
[DEBUG] HEADER:Connection: keep-alive --> FIELD
[DEBUG] HEADER --> CONTENT
[DEBUG] REQUEST for //localhost:35372/EchoServlet on HttpChannelOverHttp@6f3a742d{s=HttpChannelState@6b05fd12{s=IDLE rs=BLOCKING os=OPEN is=IDLE awp=false se=false i=true al=0},r=3,c=false/false,a=IDLE,uri=//localhost:35372/EchoServlet,age=0}
GET //localhost:35372/EchoServlet HTTP/1.1
Accept-Encoding: gzip
User-Agent: Mozilla/5.0 (Windows NT 10.0; Win64; x64) AppleWebKit/537.36 (KHTML, like Gecko) Chrome/79.0.3945.130 Safari/537.36
Host: localhost:35372
Accept: text/html, image/gif, image/jpeg, *; q=.2, */*; q=.2
Connection: keep-alive


[DEBUG] HttpConnection@2e077e16::SocketChannelEndPoint@61fd9662{l=/127.0.0.1:35372,r=/127.0.0.1:60188,OPEN,fill=-,flush=-,to=0/30000}{io=0/0,kio=0,kro=1}->HttpConnection@2e077e16[p=HttpParser{s=CONTENT,0 of -1},g=HttpGenerator@1f63306b{s=START}]=>HttpChannelOverHttp@6f3a742d{s=HttpChannelState@6b05fd12{s=IDLE rs=BLOCKING os=OPEN is=IDLE awp=false se=false i=true al=0},r=3,c=false/false,a=IDLE,uri=//localhost:35372/EchoServlet,age=0} parsed true HttpParser{s=CONTENT,0 of -1}
[DEBUG] releaseRequestBuffer HttpConnection@2e077e16::SocketChannelEndPoint@61fd9662{l=/127.0.0.1:35372,r=/127.0.0.1:60188,OPEN,fill=-,flush=-,to=0/30000}{io=0/0,kio=0,kro=1}->HttpConnection@2e077e16[p=HttpParser{s=CONTENT,0 of -1},g=HttpGenerator@1f63306b{s=START}]=>HttpChannelOverHttp@6f3a742d{s=HttpChannelState@6b05fd12{s=IDLE rs=BLOCKING os=OPEN is=IDLE awp=false se=false i=true al=0},r=3,c=false/false,a=IDLE,uri=//localhost:35372/EchoServlet,age=0}
[DEBUG] handle //localhost:35372/EchoServlet HttpChannelOverHttp@6f3a742d{s=HttpChannelState@6b05fd12{s=IDLE rs=BLOCKING os=OPEN is=IDLE awp=false se=false i=true al=0},r=3,c=false/false,a=IDLE,uri=//localhost:35372/EchoServlet,age=6} 
[DEBUG] handling HttpChannelState@6b05fd12{s=IDLE rs=BLOCKING os=OPEN is=IDLE awp=false se=false i=true al=0}
[DEBUG] action DISPATCH HttpChannelOverHttp@6f3a742d{s=HttpChannelState@6b05fd12{s=HANDLING rs=BLOCKING os=OPEN is=IDLE awp=false se=false i=true al=0},r=3,c=false/false,a=HANDLING,uri=//localhost:35372/EchoServlet,age=6}
[DEBUG] REQUEST GET /EchoServlet on HttpChannelOverHttp@6f3a742d{s=HttpChannelState@6b05fd12{s=HANDLING rs=BLOCKING os=OPEN is=IDLE awp=false se=false i=true al=0},r=3,c=false/false,a=HANDLING,uri=//localhost:35372/EchoServlet,age=6}
[DEBUG] servlet null|/EchoServlet|null -> org.jsoup.integration.servlets.EchoServlet-60d1a32f==org.jsoup.integration.servlets.EchoServlet@1f7ecb09{jsp=null,order=-1,inst=true,async=true,src=EMBEDDED:null,STARTED}
[DEBUG] chain=null
[DEBUG] write(array HeapByteBuffer@37acee94[p=0,l=235,c=512,r=235]={<<<<title>Webserver Environm...\n    <table border="0">>>>\x00\x00\x00\x00\x00\x00\x00\x00\x00...\x00\x00\x00\x00\x00\x00\x00})
[DEBUG] write(array) s=OPEN,api=BLOCKING,sc=false,e=null aggregated !flush DirectByteBuffer@7c27fa39[p=0,l=235,c=32768,r=235]={<<<<title>Webserver Environm...\n    <table border="0">>>><tr><th>M...\x00\x00\x00\x00\x00\x00\x00}
[DEBUG] write(array HeapByteBuffer@482718a6[p=0,l=36,c=512,r=36]={<<<<tr><th>Method</th><td>GET</td></tr>>>>es</title...\x00\x00\x00\x00\x00\x00\x00})
[DEBUG] write(array) s=OPEN,api=BLOCKING,sc=false,e=null aggregated !flush DirectByteBuffer@7c27fa39[p=0,l=271,c=32768,r=271]={<<<<title>Webserver Environm...d</th><td>GET</td></tr>>>>\n<tr><th>...\x00\x00\x00\x00\x00\x00\x00}
[DEBUG] write(array HeapByteBuffer@2c0b17d8[p=0,l=1,c=512,r=1]={<<<\n>>>tr><th>Me...\x00\x00\x00\x00\x00\x00\x00})
[DEBUG] write(array) s=OPEN,api=BLOCKING,sc=false,e=null aggregated !flush DirectByteBuffer@7c27fa39[p=0,l=272,c=32768,r=272]={<<<<title>Webserver Environm...</th><td>GET</td></tr>\n>>><tr><th>R...\x00\x00\x00\x00\x00\x00\x00}
[DEBUG] write(array HeapByteBuffer@75c38dcf[p=0,l=50,c=512,r=50]={<<<<tr><th>Request URI</th><...>/EchoServlet</td></tr>>>> <style t...\x00\x00\x00\x00\x00\x00\x00})
[DEBUG] write(array) s=OPEN,api=BLOCKING,sc=false,e=null aggregated !flush DirectByteBuffer@7c27fa39[p=0,l=322,c=32768,r=322]={<<<<title>Webserver Environm...>/EchoServlet</td></tr>>>>\n<tr><th>...\x00\x00\x00\x00\x00\x00\x00}
[DEBUG] write(array HeapByteBuffer@254b15ad[p=0,l=1,c=512,r=1]={<<<\n>>>tr><th>Re...\x00\x00\x00\x00\x00\x00\x00})
[DEBUG] write(array) s=OPEN,api=BLOCKING,sc=false,e=null aggregated !flush DirectByteBuffer@7c27fa39[p=0,l=323,c=32768,r=323]={<<<<title>Webserver Environm.../EchoServlet</td></tr>\n>>><tr><th>Q...\x00\x00\x00\x00\x00\x00\x00}
[DEBUG] write(array HeapByteBuffer@5559db8a[p=0,l=39,c=512,r=39]={<<<<tr><th>Query String</th><td></td></tr>>>>t</td></t...\x00\x00\x00\x00\x00\x00\x00})
[DEBUG] write(array) s=OPEN,api=BLOCKING,sc=false,e=null aggregated !flush DirectByteBuffer@7c27fa39[p=0,l=362,c=32768,r=362]={<<<<title>Webserver Environm...ring</th><td></td></tr>>>>\n<tr><th>...\x00\x00\x00\x00\x00\x00\x00}
[DEBUG] write(array HeapByteBuffer@2118a32e[p=0,l=1,c=512,r=1]={<<<\n>>>tr><th>Qu...\x00\x00\x00\x00\x00\x00\x00})
[DEBUG] write(array) s=OPEN,api=BLOCKING,sc=false,e=null aggregated !flush DirectByteBuffer@7c27fa39[p=0,l=363,c=32768,r=363]={<<<<title>Webserver Environm...ing</th><td></td></tr>\n>>><tr><th>C...\x00\x00\x00\x00\x00\x00\x00}
[DEBUG] write(array HeapByteBuffer@48dcff37[p=0,l=85,c=512,r=85]={<<<<tr><th>Accept</th><td>te....2, */*; q=.2</td></tr>>>>, td, th ...\x00\x00\x00\x00\x00\x00\x00})
[DEBUG] write(array) s=OPEN,api=BLOCKING,sc=false,e=null aggregated !flush DirectByteBuffer@7c27fa39[p=0,l=448,c=32768,r=448]={<<<<title>Webserver Environm....2, */*; q=.2</td></tr>>>>html, ima...\x00\x00\x00\x00\x00\x00\x00}
[DEBUG] write(array HeapByteBuffer@35476dfc[p=0,l=1,c=512,r=1]={<<<\n>>>tr><th>Ac...\x00\x00\x00\x00\x00\x00\x00})
[DEBUG] write(array) s=OPEN,api=BLOCKING,sc=false,e=null aggregated !flush DirectByteBuffer@7c27fa39[p=0,l=449,c=32768,r=449]={<<<<title>Webserver Environm...2, */*; q=.2</td></tr>\n>>>tml, imag...\x00\x00\x00\x00\x00\x00\x00}
[DEBUG] write(array HeapByteBuffer@2ed96555[p=0,l=152,c=512,r=152]={<<<<tr><th>User-Agent</th><t...Safari/537.36</td></tr>>>>      th ...\x00\x00\x00\x00\x00\x00\x00})
[DEBUG] write(array) s=OPEN,api=BLOCKING,sc=false,e=null aggregated !flush DirectByteBuffer@7c27fa39[p=0,l=601,c=32768,r=601]={<<<<title>Webserver Environm...Safari/537.36</td></tr>>>> like Gec...\x00\x00\x00\x00\x00\x00\x00}
[DEBUG] write(array HeapByteBuffer@4a3cb273[p=0,l=1,c=512,r=1]={<<<\n>>>tr><th>Us...\x00\x00\x00\x00\x00\x00\x00})
[DEBUG] write(array) s=OPEN,api=BLOCKING,sc=false,e=null aggregated !flush DirectByteBuffer@7c27fa39[p=0,l=602,c=32768,r=602]={<<<<title>Webserver Environm...afari/537.36</td></tr>\n>>>like Geck...\x00\x00\x00\x00\x00\x00\x00}
[DEBUG] write(array HeapByteBuffer@65b6c944[p=0,l=47,c=512,r=47]={<<<<tr><th>Connection</th><td>keep-alive</td></tr>>>> NT 10.0;...\x00\x00\x00\x00\x00\x00\x00})
[DEBUG] write(array) s=OPEN,api=BLOCKING,sc=false,e=null aggregated !flush DirectByteBuffer@7c27fa39[p=0,l=649,c=32768,r=649]={<<<<title>Webserver Environm...td>keep-alive</td></tr>>>>/td></tr>...\x00\x00\x00\x00\x00\x00\x00}
[DEBUG] write(array HeapByteBuffer@6b906083[p=0,l=1,c=512,r=1]={<<<\n>>>tr><th>Co...\x00\x00\x00\x00\x00\x00\x00})
[DEBUG] write(array) s=OPEN,api=BLOCKING,sc=false,e=null aggregated !flush DirectByteBuffer@7c27fa39[p=0,l=650,c=32768,r=650]={<<<<title>Webserver Environm...d>keep-alive</td></tr>\n>>>td></tr>\n...\x00\x00\x00\x00\x00\x00\x00}
[DEBUG] write(array HeapByteBuffer@e865369[p=0,l=46,c=512,r=46]={<<<<tr><th>Host</th><td>localhost:35372</td></tr>>>>> NT 10.0...\x00\x00\x00\x00\x00\x00\x00})
[DEBUG] write(array) s=OPEN,api=BLOCKING,sc=false,e=null aggregated !flush DirectByteBuffer@7c27fa39[p=0,l=696,c=32768,r=696]={<<<<title>Webserver Environm...calhost:35372</td></tr>>>></td></tr...\x00\x00\x00\x00\x00\x00\x00}
[DEBUG] write(array HeapByteBuffer@2106c7e0[p=0,l=1,c=512,r=1]={<<<\n>>>tr><th>Ho...\x00\x00\x00\x00\x00\x00\x00})
[DEBUG] write(array) s=OPEN,api=BLOCKING,sc=false,e=null aggregated !flush DirectByteBuffer@7c27fa39[p=0,l=697,c=32768,r=697]={<<<<title>Webserver Environm...alhost:35372</td></tr>\n>>>/td></tr>...\x00\x00\x00\x00\x00\x00\x00}
[DEBUG] write(array HeapByteBuffer@7229c66d[p=0,l=46,c=512,r=46]={<<<<tr><th>Accept-Encoding</th><td>gzip</td></tr>>>>> NT 10.0...\x00\x00\x00\x00\x00\x00\x00})
[DEBUG] write(array) s=OPEN,api=BLOCKING,sc=false,e=null aggregated !flush DirectByteBuffer@7c27fa39[p=0,l=743,c=32768,r=743]={<<<<title>Webserver Environm...</th><td>gzip</td></tr>>>></td></tr...\x00\x00\x00\x00\x00\x00\x00}
[DEBUG] write(array HeapByteBuffer@1a5524d3[p=0,l=1,c=512,r=1]={<<<\n>>>tr><th>Ac...\x00\x00\x00\x00\x00\x00\x00})
[DEBUG] write(array) s=OPEN,api=BLOCKING,sc=false,e=null aggregated !flush DirectByteBuffer@7c27fa39[p=0,l=744,c=32768,r=744]={<<<<title>Webserver Environm.../th><td>gzip</td></tr>\n>>>/td></tr>...\x00\x00\x00\x00\x00\x00\x00}
[DEBUG] filled 0 HeapByteBuffer@460916c[p=0,l=0,c=8192,r=0]={<<<>>>HTTP/1.1 ...\x00\x00\x00\x00\x00\x00\x00}
[DEBUG] filled 0 HeapByteBuffer@460916c[p=0,l=0,c=8192,r=0]={<<<>>>HTTP/1.1 ...\x00\x00\x00\x00\x00\x00\x00}
[DEBUG] HttpConnection@2e077e16::SocketChannelEndPoint@61fd9662{l=/127.0.0.1:35372,r=/127.0.0.1:60188,OPEN,fill=-,flush=-,to=9/30000}{io=0/0,kio=0,kro=1}->HttpConnection@2e077e16[p=HttpParser{s=CONTENT,0 of -1},g=HttpGenerator@1f63306b{s=START}]=>HttpChannelOverHttp@6f3a742d{s=HttpChannelState@6b05fd12{s=HANDLING rs=BLOCKING os=OPEN is=IDLE awp=false se=false i=true al=0},r=3,c=false/false,a=HANDLING,uri=//localhost:35372/EchoServlet,age=9} filled 0 HeapByteBuffer@460916c[p=0,l=0,c=8192,r=0]={<<<>>>HTTP/1.1 ...\x00\x00\x00\x00\x00\x00\x00}
[DEBUG] HttpConnection@2e077e16::SocketChannelEndPoint@61fd9662{l=/127.0.0.1:35372,r=/127.0.0.1:60188,OPEN,fill=-,flush=-,to=9/30000}{io=0/0,kio=0,kro=1}->HttpConnection@2e077e16[p=HttpParser{s=CONTENT,0 of -1},g=HttpGenerator@1f63306b{s=START}]=>HttpChannelOverHttp@6f3a742d{s=HttpChannelState@6b05fd12{s=HANDLING rs=BLOCKING os=OPEN is=IDLE awp=false se=false i=true al=0},r=3,c=false/false,a=HANDLING,uri=//localhost:35372/EchoServlet,age=9} parse HeapByteBuffer@460916c[p=0,l=0,c=8192,r=0]={<<<>>>HTTP/1.1 ...\x00\x00\x00\x00\x00\x00\x00} {}
[DEBUG] parseNext s=CONTENT HeapByteBuffer@460916c[p=0,l=0,c=8192,r=0]={<<<>>>HTTP/1.1 ...\x00\x00\x00\x00\x00\x00\x00}
[DEBUG] CONTENT --> CONTENT_END
[DEBUG] onContentComplete HttpChannelOverHttp@6f3a742d{s=HttpChannelState@6b05fd12{s=HANDLING rs=BLOCKING os=OPEN is=IDLE awp=false se=false i=true al=0},r=3,c=false/false,a=HANDLING,uri=//localhost:35372/EchoServlet,age=9}
[DEBUG] CONTENT_END --> END
[DEBUG] onRequestComplete HttpChannelOverHttp@6f3a742d{s=HttpChannelState@6b05fd12{s=HANDLING rs=BLOCKING os=OPEN is=IDLE awp=false se=false i=true al=0},r=3,c=false/false,a=HANDLING,uri=//localhost:35372/EchoServlet,age=9}
[DEBUG] HttpInputOverHTTP@1e5b6482[c=0,q=0,[0]=null,s=STREAM] addContent EOF
[DEBUG] HttpConnection@2e077e16::SocketChannelEndPoint@61fd9662{l=/127.0.0.1:35372,r=/127.0.0.1:60188,OPEN,fill=-,flush=-,to=10/30000}{io=0/0,kio=0,kro=1}->HttpConnection@2e077e16[p=HttpParser{s=END,0 of -1},g=HttpGenerator@1f63306b{s=START}]=>HttpChannelOverHttp@6f3a742d{s=HttpChannelState@6b05fd12{s=HANDLING rs=BLOCKING os=OPEN is=IDLE awp=false se=false i=true al=0},r=3,c=false/false,a=HANDLING,uri=//localhost:35372/EchoServlet,age=9} parsed false HttpParser{s=END,0 of -1}
[DEBUG] releaseRequestBuffer HttpConnection@2e077e16::SocketChannelEndPoint@61fd9662{l=/127.0.0.1:35372,r=/127.0.0.1:60188,OPEN,fill=-,flush=-,to=10/30000}{io=0/0,kio=0,kro=1}->HttpConnection@2e077e16[p=HttpParser{s=END,0 of -1},g=HttpGenerator@1f63306b{s=START}]=>HttpChannelOverHttp@6f3a742d{s=HttpChannelState@6b05fd12{s=HANDLING rs=BLOCKING os=OPEN is=IDLE awp=false se=false i=true al=0},r=3,c=false/false,a=HANDLING,uri=//localhost:35372/EchoServlet,age=9}
[DEBUG] onEof HttpChannelState@6b05fd12{s=HANDLING rs=BLOCKING os=OPEN is=IDLE awp=false se=false i=true al=0}
[DEBUG] write(array HeapByteBuffer@26f431eb[p=0,l=8,c=512,r=8]={<<<</table>>>>Accept-En...\x00\x00\x00\x00\x00\x00\x00})
[DEBUG] write(array) s=OPEN,api=BLOCKING,sc=false,e=null aggregated !flush DirectByteBuffer@7c27fa39[p=0,l=752,c=32768,r=752]={<<<<title>Webserver Environm...gzip</td></tr>\n</table>>>>>\n<tr><th...\x00\x00\x00\x00\x00\x00\x00}
[DEBUG] write(array HeapByteBuffer@315acb12[p=0,l=1,c=512,r=1]={<<<\n>>>/table>Ac...\x00\x00\x00\x00\x00\x00\x00})
[DEBUG] write(array) s=OPEN,api=BLOCKING,sc=false,e=null aggregated !flush DirectByteBuffer@7c27fa39[p=0,l=753,c=32768,r=753]={<<<<title>Webserver Environm...zip</td></tr>\n</table>\n>>>\n<tr><th>...\x00\x00\x00\x00\x00\x00\x00}
[DEBUG] handled=true async=false committed=false on HttpChannelOverHttp@6f3a742d{s=HttpChannelState@6b05fd12{s=HANDLING rs=BLOCKING os=OPEN is=READY awp=false se=false i=true al=0},r=3,c=false/false,a=HANDLING,uri=//localhost:35372/EchoServlet,age=10}
[DEBUG] unhandle HttpChannelState@6b05fd12{s=HANDLING rs=BLOCKING os=OPEN is=READY awp=false se=false i=true al=0}
[DEBUG] nextAction(false) COMPLETE HttpChannelState@6b05fd12{s=HANDLING rs=COMPLETING os=OPEN is=READY awp=false se=false i=false al=0}
[DEBUG] action COMPLETE HttpChannelOverHttp@6f3a742d{s=HttpChannelState@6b05fd12{s=HANDLING rs=COMPLETING os=OPEN is=READY awp=false se=false i=false al=0},r=3,c=false/false,a=HANDLING,uri=//localhost:35372/EchoServlet,age=10}
[DEBUG] complete(org.eclipse.jetty.util.Callback$3@d7c69fa) s=CLOSING,api=BLOCKED,sc=false,e=null s=false e=null, c=DirectByteBuffer@7c27fa39[p=0,l=753,c=32768,r=753]={<<<<title>Webserver Environm...zip</td></tr>\n</table>\n>>>\n<tr><th>...\x00\x00\x00\x00\x00\x00\x00}
[DEBUG] sendResponse info=null content=DirectByteBuffer@7c27fa39[p=0,l=753,c=32768,r=753]={<<<<title>Webserver Environm...zip</td></tr>\n</table>\n>>>\n<tr><th>...\x00\x00\x00\x00\x00\x00\x00} complete=true committing=true callback=org.eclipse.jetty.server.HttpOutput$WriteCompleteCB@3e3cb73a
[DEBUG] COMMIT for /EchoServlet on HttpChannelOverHttp@6f3a742d{s=HttpChannelState@6b05fd12{s=HANDLING rs=COMPLETING os=COMMITTED is=READY awp=false se=false i=false al=0},r=3,c=false/false,a=HANDLING,uri=//localhost:35372/EchoServlet,age=10}
200 null HTTP/1.1
Date: Tue, 28 Sep 2021 06:03:30 GMT
Content-Type: text/html;charset=utf-8
Cache-Control: no-cache
Cache-Control: no-store


[DEBUG] generate: NEED_HEADER for SendCallback@96c627e[PROCESSING][i=HTTP/1.1{s=200,h=4,cl=-1},cb=org.eclipse.jetty.server.HttpChannel$SendCallback@39c0b27f] (null,[p=0,l=753,c=32768,r=753],true)@START
[DEBUG] generateHeaders HTTP/1.1{s=200,h=4,cl=-1} last=true content=DirectByteBuffer@7c27fa39[p=0,l=753,c=32768,r=753]={<<<<title>Webserver Environm...zip</td></tr>\n</table>\n>>>\n<tr><th>...\x00\x00\x00\x00\x00\x00\x00}
[DEBUG] Date: Tue, 28 Sep 2021 06:03:30 GMT
Content-Type: text/html;charset=utf-8
Cache-Control: no-cache
Cache-Control: no-store


[DEBUG] CONTENT_LENGTH
[DEBUG] generate: FLUSH for SendCallback@96c627e[PROCESSING][i=HTTP/1.1{s=200,h=4,cl=-1},cb=org.eclipse.jetty.server.HttpChannel$SendCallback@39c0b27f] ([p=0,l=199,c=8192,r=199],[p=0,l=753,c=32768,r=753],true)@COMPLETING
[DEBUG] write: WriteFlusher@d847498{IDLE}->null [HeapByteBuffer@2a66826a[p=0,l=199,c=8192,r=199]={<<<HTTP/1.1 200 OK\r\nDate: Tu...y(9.4.43.v20210629)\r\n\r\n>>>2\r\nAccept...\x00\x00\x00\x00\x00\x00\x00},DirectByteBuffer@7c27fa39[p=0,l=753,c=32768,r=753]={<<<<title>Webserver Environm...zip</td></tr>\n</table>\n>>>\n<tr><th>...\x00\x00\x00\x00\x00\x00\x00}]
[DEBUG] update WriteFlusher@d847498{WRITING}->null:IDLE-->WRITING
]]></system-out>
  </testcase>
  <testcase name="bodyAndBytesAvailableBeforeParse" classname="org.jsoup.integration.ConnectTest" time="0.031">
    <system-out><![CDATA[[DEBUG] flushed 952 SocketChannelEndPoint@61fd9662{l=/127.0.0.1:35372,r=/127.0.0.1:60188,OPEN,fill=-,flush=W,to=23/30000}{io=0/0,kio=0,kro=1}->HttpConnection@2e077e16[p=HttpParser{s=END,0 of -1},g=HttpGenerator@1f63306b{s=COMPLETING}]=>HttpChannelOverHttp@6f3a742d{s=HttpChannelState@6b05fd12{s=HANDLING rs=COMPLETING os=COMMITTED is=READY awp=false se=false i=false al=0},r=3,c=false/false,a=HANDLING,uri=//localhost:35372/EchoServlet,age=22}
[DEBUG] Flushed=true written=952 remaining=0 WriteFlusher@d847498{WRITING}->null
[DEBUG] update WriteFlusher@d847498{IDLE}->null:WRITING-->IDLE
[DEBUG] generate: DONE for SendCallback@96c627e[PROCESSING][i=HTTP/1.1{s=200,h=4,cl=-1},cb=org.eclipse.jetty.server.HttpChannel$SendCallback@39c0b27f] ([p=199,l=199,c=8192,r=0],[p=753,l=753,c=32768,r=0],true)@END
[DEBUG] onWriteComplete(true,null) s=CLOSING,api=BLOCKED,sc=false,e=null->s=CLOSED,api=BLOCKING,sc=false,e=null c=null cb=org.eclipse.jetty.util.Callback$3@d7c69fa w=false
[DEBUG] completed HttpChannelState@6b05fd12{s=HANDLING rs=COMPLETING os=COMPLETED is=READY awp=false se=false i=false al=0}
[DEBUG] unhandle HttpChannelState@6b05fd12{s=HANDLING rs=COMPLETED os=COMPLETED is=READY awp=false se=false i=false al=0}
[DEBUG] nextAction(false) TERMINATED HttpChannelState@6b05fd12{s=IDLE rs=COMPLETED os=COMPLETED is=READY awp=false se=false i=false al=0}
[DEBUG] action TERMINATED HttpChannelOverHttp@6f3a742d{s=HttpChannelState@6b05fd12{s=IDLE rs=COMPLETED os=COMPLETED is=READY awp=false se=false i=false al=0},r=3,c=true/true,a=IDLE,uri=//localhost:35372/EchoServlet,age=23}
[DEBUG] onCompleted for /EchoServlet written=753
[DEBUG] recycle HttpChannelState@6b05fd12{s=IDLE rs=COMPLETED os=COMPLETED is=READY awp=false se=false i=false al=0}
[DEBUG] reset HttpParser{s=END,0 of -1}
[DEBUG] END --> START
[DEBUG] !handle TERMINATED HttpChannelOverHttp@6f3a742d{s=HttpChannelState@6b05fd12{s=IDLE rs=BLOCKING os=OPEN is=IDLE awp=false se=false i=true al=0},r=3,c=false/false,a=IDLE,uri=null,age=0}
[DEBUG] filled 290 HeapByteBuffer@460916c[p=0,l=290,c=8192,r=290]={<<<GET /EchoServlet HTTP/1.1...nection: keep-alive\r\n\r\n>>> *; q=.2,...\x00\x00\x00\x00\x00\x00\x00}
[DEBUG] HttpConnection@2e077e16::SocketChannelEndPoint@61fd9662{l=/127.0.0.1:35372,r=/127.0.0.1:60188,OPEN,fill=-,flush=-,to=0/30000}{io=0/0,kio=0,kro=1}->HttpConnection@2e077e16[p=HttpParser{s=START,0 of -1},g=HttpGenerator@1f63306b{s=START}]=>HttpChannelOverHttp@6f3a742d{s=HttpChannelState@6b05fd12{s=IDLE rs=BLOCKING os=OPEN is=IDLE awp=false se=false i=true al=0},r=3,c=false/false,a=IDLE,uri=null,age=0} filled 290 HeapByteBuffer@460916c[p=0,l=290,c=8192,r=290]={<<<GET /EchoServlet HTTP/1.1...nection: keep-alive\r\n\r\n>>> *; q=.2,...\x00\x00\x00\x00\x00\x00\x00}
[DEBUG] HttpConnection@2e077e16::SocketChannelEndPoint@61fd9662{l=/127.0.0.1:35372,r=/127.0.0.1:60188,OPEN,fill=-,flush=-,to=0/30000}{io=0/0,kio=0,kro=1}->HttpConnection@2e077e16[p=HttpParser{s=START,0 of -1},g=HttpGenerator@1f63306b{s=START}]=>HttpChannelOverHttp@6f3a742d{s=HttpChannelState@6b05fd12{s=IDLE rs=BLOCKING os=OPEN is=IDLE awp=false se=false i=true al=0},r=3,c=false/false,a=IDLE,uri=null,age=0} parse HeapByteBuffer@460916c[p=0,l=290,c=8192,r=290]={<<<GET /EchoServlet HTTP/1.1...nection: keep-alive\r\n\r\n>>> *; q=.2,...\x00\x00\x00\x00\x00\x00\x00} {}
[DEBUG] parseNext s=START HeapByteBuffer@460916c[p=0,l=290,c=8192,r=290]={<<<GET /EchoServlet HTTP/1.1...nection: keep-alive\r\n\r\n>>> *; q=.2,...\x00\x00\x00\x00\x00\x00\x00}
[DEBUG] START --> SPACE1
[DEBUG] SPACE1 --> URI
[DEBUG] URI --> SPACE2
[DEBUG] SPACE2 --> REQUEST_VERSION
[DEBUG] REQUEST_VERSION --> HEADER
[DEBUG] HEADER:Accept-Encoding: gzip --> IN_VALUE
[DEBUG] HEADER:Accept-Encoding: gzip --> FIELD
[DEBUG] HEADER:User-Agent: Mozilla/5.0 (Windows NT 10.0; Win64; x64) AppleWebKit/537.36 (KHTML, like Gecko) Chrome/79.0.3945.130 Safari/537.36 --> IN_VALUE
[DEBUG] HEADER:User-Agent: Mozilla/5.0 (Windows NT 10.0; Win64; x64) AppleWebKit/537.36 (KHTML, like Gecko) Chrome/79.0.3945.130 Safari/537.36 --> FIELD
[DEBUG] HEADER:Host: localhost:35372 --> IN_VALUE
[DEBUG] HEADER:Host: localhost:35372 --> FIELD
[DEBUG] HEADER:Accept: text/html, image/gif, image/jpeg, *; q=.2, */*; q=.2 --> IN_VALUE
[DEBUG] HEADER:Accept: text/html, image/gif, image/jpeg, *; q=.2, */*; q=.2 --> FIELD
[DEBUG] HEADER:Connection: keep-alive --> IN_VALUE
[DEBUG] HEADER:Connection: keep-alive --> FIELD
[DEBUG] HEADER --> CONTENT
[DEBUG] REQUEST for //localhost:35372/EchoServlet on HttpChannelOverHttp@6f3a742d{s=HttpChannelState@6b05fd12{s=IDLE rs=BLOCKING os=OPEN is=IDLE awp=false se=false i=true al=0},r=4,c=false/false,a=IDLE,uri=//localhost:35372/EchoServlet,age=0}
GET //localhost:35372/EchoServlet HTTP/1.1
Accept-Encoding: gzip
User-Agent: Mozilla/5.0 (Windows NT 10.0; Win64; x64) AppleWebKit/537.36 (KHTML, like Gecko) Chrome/79.0.3945.130 Safari/537.36
Host: localhost:35372
Accept: text/html, image/gif, image/jpeg, *; q=.2, */*; q=.2
Connection: keep-alive


[DEBUG] HttpConnection@2e077e16::SocketChannelEndPoint@61fd9662{l=/127.0.0.1:35372,r=/127.0.0.1:60188,OPEN,fill=-,flush=-,to=1/30000}{io=0/0,kio=0,kro=1}->HttpConnection@2e077e16[p=HttpParser{s=CONTENT,0 of -1},g=HttpGenerator@1f63306b{s=START}]=>HttpChannelOverHttp@6f3a742d{s=HttpChannelState@6b05fd12{s=IDLE rs=BLOCKING os=OPEN is=IDLE awp=false se=false i=true al=0},r=4,c=false/false,a=IDLE,uri=//localhost:35372/EchoServlet,age=0} parsed true HttpParser{s=CONTENT,0 of -1}
[DEBUG] releaseRequestBuffer HttpConnection@2e077e16::SocketChannelEndPoint@61fd9662{l=/127.0.0.1:35372,r=/127.0.0.1:60188,OPEN,fill=-,flush=-,to=2/30000}{io=0/0,kio=0,kro=1}->HttpConnection@2e077e16[p=HttpParser{s=CONTENT,0 of -1},g=HttpGenerator@1f63306b{s=START}]=>HttpChannelOverHttp@6f3a742d{s=HttpChannelState@6b05fd12{s=IDLE rs=BLOCKING os=OPEN is=IDLE awp=false se=false i=true al=0},r=4,c=false/false,a=IDLE,uri=//localhost:35372/EchoServlet,age=0}
[DEBUG] handle //localhost:35372/EchoServlet HttpChannelOverHttp@6f3a742d{s=HttpChannelState@6b05fd12{s=IDLE rs=BLOCKING os=OPEN is=IDLE awp=false se=false i=true al=0},r=4,c=false/false,a=IDLE,uri=//localhost:35372/EchoServlet,age=0} 
[DEBUG] handling HttpChannelState@6b05fd12{s=IDLE rs=BLOCKING os=OPEN is=IDLE awp=false se=false i=true al=0}
[DEBUG] action DISPATCH HttpChannelOverHttp@6f3a742d{s=HttpChannelState@6b05fd12{s=HANDLING rs=BLOCKING os=OPEN is=IDLE awp=false se=false i=true al=0},r=4,c=false/false,a=HANDLING,uri=//localhost:35372/EchoServlet,age=0}
[DEBUG] REQUEST GET /EchoServlet on HttpChannelOverHttp@6f3a742d{s=HttpChannelState@6b05fd12{s=HANDLING rs=BLOCKING os=OPEN is=IDLE awp=false se=false i=true al=0},r=4,c=false/false,a=HANDLING,uri=//localhost:35372/EchoServlet,age=0}
[DEBUG] servlet null|/EchoServlet|null -> org.jsoup.integration.servlets.EchoServlet-60d1a32f==org.jsoup.integration.servlets.EchoServlet@1f7ecb09{jsp=null,order=-1,inst=true,async=true,src=EMBEDDED:null,STARTED}
[DEBUG] chain=null
[DEBUG] write(array HeapByteBuffer@5ea5ec0e[p=0,l=235,c=512,r=235]={<<<<title>Webserver Environm...\n    <table border="0">>>>\x00\x00\x00\x00\x00\x00\x00\x00\x00...\x00\x00\x00\x00\x00\x00\x00})
[DEBUG] write(array) s=OPEN,api=BLOCKING,sc=false,e=null aggregated !flush DirectByteBuffer@38e5eb8d[p=0,l=235,c=32768,r=235]={<<<<title>Webserver Environm...\n    <table border="0">>>><tr><th>M...\x00\x00\x00\x00\x00\x00\x00}
[DEBUG] write(array HeapByteBuffer@30f86d99[p=0,l=36,c=512,r=36]={<<<<tr><th>Method</th><td>GET</td></tr>>>>es</title...\x00\x00\x00\x00\x00\x00\x00})
[DEBUG] write(array) s=OPEN,api=BLOCKING,sc=false,e=null aggregated !flush DirectByteBuffer@38e5eb8d[p=0,l=271,c=32768,r=271]={<<<<title>Webserver Environm...d</th><td>GET</td></tr>>>>\n<tr><th>...\x00\x00\x00\x00\x00\x00\x00}
[DEBUG] write(array HeapByteBuffer@6b2689db[p=0,l=1,c=512,r=1]={<<<\n>>>tr><th>Me...\x00\x00\x00\x00\x00\x00\x00})
[DEBUG] write(array) s=OPEN,api=BLOCKING,sc=false,e=null aggregated !flush DirectByteBuffer@38e5eb8d[p=0,l=272,c=32768,r=272]={<<<<title>Webserver Environm...</th><td>GET</td></tr>\n>>><tr><th>R...\x00\x00\x00\x00\x00\x00\x00}
[DEBUG] write(array HeapByteBuffer@57499d8a[p=0,l=50,c=512,r=50]={<<<<tr><th>Request URI</th><...>/EchoServlet</td></tr>>>> <style t...\x00\x00\x00\x00\x00\x00\x00})
[DEBUG] write(array) s=OPEN,api=BLOCKING,sc=false,e=null aggregated !flush DirectByteBuffer@38e5eb8d[p=0,l=322,c=32768,r=322]={<<<<title>Webserver Environm...>/EchoServlet</td></tr>>>>\n<tr><th>...\x00\x00\x00\x00\x00\x00\x00}
[DEBUG] write(array HeapByteBuffer@26fdcef1[p=0,l=1,c=512,r=1]={<<<\n>>>tr><th>Re...\x00\x00\x00\x00\x00\x00\x00})
[DEBUG] write(array) s=OPEN,api=BLOCKING,sc=false,e=null aggregated !flush DirectByteBuffer@38e5eb8d[p=0,l=323,c=32768,r=323]={<<<<title>Webserver Environm.../EchoServlet</td></tr>\n>>><tr><th>Q...\x00\x00\x00\x00\x00\x00\x00}
[DEBUG] write(array HeapByteBuffer@559afb12[p=0,l=39,c=512,r=39]={<<<<tr><th>Query String</th><td></td></tr>>>>t</td></t...\x00\x00\x00\x00\x00\x00\x00})
[DEBUG] write(array) s=OPEN,api=BLOCKING,sc=false,e=null aggregated !flush DirectByteBuffer@38e5eb8d[p=0,l=362,c=32768,r=362]={<<<<title>Webserver Environm...ring</th><td></td></tr>>>>\n<tr><th>...\x00\x00\x00\x00\x00\x00\x00}
[DEBUG] write(array HeapByteBuffer@aadd82b[p=0,l=1,c=512,r=1]={<<<\n>>>tr><th>Qu...\x00\x00\x00\x00\x00\x00\x00})
[DEBUG] write(array) s=OPEN,api=BLOCKING,sc=false,e=null aggregated !flush DirectByteBuffer@38e5eb8d[p=0,l=363,c=32768,r=363]={<<<<title>Webserver Environm...ing</th><td></td></tr>\n>>><tr><th>C...\x00\x00\x00\x00\x00\x00\x00}
[DEBUG] write(array HeapByteBuffer@1113a139[p=0,l=85,c=512,r=85]={<<<<tr><th>Accept</th><td>te....2, */*; q=.2</td></tr>>>>, td, th ...\x00\x00\x00\x00\x00\x00\x00})
[DEBUG] write(array) s=OPEN,api=BLOCKING,sc=false,e=null aggregated !flush DirectByteBuffer@38e5eb8d[p=0,l=448,c=32768,r=448]={<<<<title>Webserver Environm....2, */*; q=.2</td></tr>>>>html, ima...\x00\x00\x00\x00\x00\x00\x00}
[DEBUG] write(array HeapByteBuffer@59517fac[p=0,l=1,c=512,r=1]={<<<\n>>>tr><th>Ac...\x00\x00\x00\x00\x00\x00\x00})
[DEBUG] write(array) s=OPEN,api=BLOCKING,sc=false,e=null aggregated !flush DirectByteBuffer@38e5eb8d[p=0,l=449,c=32768,r=449]={<<<<title>Webserver Environm...2, */*; q=.2</td></tr>\n>>>tml, imag...\x00\x00\x00\x00\x00\x00\x00}
[DEBUG] write(array HeapByteBuffer@5b115dff[p=0,l=152,c=512,r=152]={<<<<tr><th>User-Agent</th><t...Safari/537.36</td></tr>>>>      th ...\x00\x00\x00\x00\x00\x00\x00})
[DEBUG] write(array) s=OPEN,api=BLOCKING,sc=false,e=null aggregated !flush DirectByteBuffer@38e5eb8d[p=0,l=601,c=32768,r=601]={<<<<title>Webserver Environm...Safari/537.36</td></tr>>>> like Gec...\x00\x00\x00\x00\x00\x00\x00}
[DEBUG] write(array HeapByteBuffer@3f99ba36[p=0,l=1,c=512,r=1]={<<<\n>>>tr><th>Us...\x00\x00\x00\x00\x00\x00\x00})
[DEBUG] write(array) s=OPEN,api=BLOCKING,sc=false,e=null aggregated !flush DirectByteBuffer@38e5eb8d[p=0,l=602,c=32768,r=602]={<<<<title>Webserver Environm...afari/537.36</td></tr>\n>>>like Geck...\x00\x00\x00\x00\x00\x00\x00}
[DEBUG] write(array HeapByteBuffer@338fde95[p=0,l=47,c=512,r=47]={<<<<tr><th>Connection</th><td>keep-alive</td></tr>>>> NT 10.0;...\x00\x00\x00\x00\x00\x00\x00})
[DEBUG] write(array) s=OPEN,api=BLOCKING,sc=false,e=null aggregated !flush DirectByteBuffer@38e5eb8d[p=0,l=649,c=32768,r=649]={<<<<title>Webserver Environm...td>keep-alive</td></tr>>>>/td></tr>...\x00\x00\x00\x00\x00\x00\x00}
[DEBUG] write(array HeapByteBuffer@61f17b57[p=0,l=1,c=512,r=1]={<<<\n>>>tr><th>Co...\x00\x00\x00\x00\x00\x00\x00})
[DEBUG] write(array) s=OPEN,api=BLOCKING,sc=false,e=null aggregated !flush DirectByteBuffer@38e5eb8d[p=0,l=650,c=32768,r=650]={<<<<title>Webserver Environm...d>keep-alive</td></tr>\n>>>td></tr>\n...\x00\x00\x00\x00\x00\x00\x00}
[DEBUG] write(array HeapByteBuffer@30de2c33[p=0,l=46,c=512,r=46]={<<<<tr><th>Host</th><td>localhost:35372</td></tr>>>>> NT 10.0...\x00\x00\x00\x00\x00\x00\x00})
[DEBUG] write(array) s=OPEN,api=BLOCKING,sc=false,e=null aggregated !flush DirectByteBuffer@38e5eb8d[p=0,l=696,c=32768,r=696]={<<<<title>Webserver Environm...calhost:35372</td></tr>>>></td></tr...\x00\x00\x00\x00\x00\x00\x00}
[DEBUG] write(array HeapByteBuffer@42e47814[p=0,l=1,c=512,r=1]={<<<\n>>>tr><th>Ho...\x00\x00\x00\x00\x00\x00\x00})
[DEBUG] write(array) s=OPEN,api=BLOCKING,sc=false,e=null aggregated !flush DirectByteBuffer@38e5eb8d[p=0,l=697,c=32768,r=697]={<<<<title>Webserver Environm...alhost:35372</td></tr>\n>>>/td></tr>...\x00\x00\x00\x00\x00\x00\x00}
[DEBUG] write(array HeapByteBuffer@f526dab[p=0,l=46,c=512,r=46]={<<<<tr><th>Accept-Encoding</th><td>gzip</td></tr>>>>> NT 10.0...\x00\x00\x00\x00\x00\x00\x00})
[DEBUG] write(array) s=OPEN,api=BLOCKING,sc=false,e=null aggregated !flush DirectByteBuffer@38e5eb8d[p=0,l=743,c=32768,r=743]={<<<<title>Webserver Environm...</th><td>gzip</td></tr>>>></td></tr...\x00\x00\x00\x00\x00\x00\x00}
[DEBUG] write(array HeapByteBuffer@659384d5[p=0,l=1,c=512,r=1]={<<<\n>>>tr><th>Ac...\x00\x00\x00\x00\x00\x00\x00})
[DEBUG] write(array) s=OPEN,api=BLOCKING,sc=false,e=null aggregated !flush DirectByteBuffer@38e5eb8d[p=0,l=744,c=32768,r=744]={<<<<title>Webserver Environm.../th><td>gzip</td></tr>\n>>>/td></tr>...\x00\x00\x00\x00\x00\x00\x00}
[DEBUG] filled 0 HeapByteBuffer@2a66826a[p=0,l=0,c=8192,r=0]={<<<>>>HTTP/1.1 ...\x00\x00\x00\x00\x00\x00\x00}
[DEBUG] filled 0 HeapByteBuffer@2a66826a[p=0,l=0,c=8192,r=0]={<<<>>>HTTP/1.1 ...\x00\x00\x00\x00\x00\x00\x00}
[DEBUG] HttpConnection@2e077e16::SocketChannelEndPoint@61fd9662{l=/127.0.0.1:35372,r=/127.0.0.1:60188,OPEN,fill=-,flush=-,to=10/30000}{io=0/0,kio=0,kro=1}->HttpConnection@2e077e16[p=HttpParser{s=CONTENT,0 of -1},g=HttpGenerator@1f63306b{s=START}]=>HttpChannelOverHttp@6f3a742d{s=HttpChannelState@6b05fd12{s=HANDLING rs=BLOCKING os=OPEN is=IDLE awp=false se=false i=true al=0},r=4,c=false/false,a=HANDLING,uri=//localhost:35372/EchoServlet,age=9} filled 0 HeapByteBuffer@2a66826a[p=0,l=0,c=8192,r=0]={<<<>>>HTTP/1.1 ...\x00\x00\x00\x00\x00\x00\x00}
[DEBUG] HttpConnection@2e077e16::SocketChannelEndPoint@61fd9662{l=/127.0.0.1:35372,r=/127.0.0.1:60188,OPEN,fill=-,flush=-,to=10/30000}{io=0/0,kio=0,kro=1}->HttpConnection@2e077e16[p=HttpParser{s=CONTENT,0 of -1},g=HttpGenerator@1f63306b{s=START}]=>HttpChannelOverHttp@6f3a742d{s=HttpChannelState@6b05fd12{s=HANDLING rs=BLOCKING os=OPEN is=IDLE awp=false se=false i=true al=0},r=4,c=false/false,a=HANDLING,uri=//localhost:35372/EchoServlet,age=9} parse HeapByteBuffer@2a66826a[p=0,l=0,c=8192,r=0]={<<<>>>HTTP/1.1 ...\x00\x00\x00\x00\x00\x00\x00} {}
[DEBUG] parseNext s=CONTENT HeapByteBuffer@2a66826a[p=0,l=0,c=8192,r=0]={<<<>>>HTTP/1.1 ...\x00\x00\x00\x00\x00\x00\x00}
[DEBUG] CONTENT --> CONTENT_END
[DEBUG] onContentComplete HttpChannelOverHttp@6f3a742d{s=HttpChannelState@6b05fd12{s=HANDLING rs=BLOCKING os=OPEN is=IDLE awp=false se=false i=true al=0},r=4,c=false/false,a=HANDLING,uri=//localhost:35372/EchoServlet,age=9}
[DEBUG] CONTENT_END --> END
[DEBUG] onRequestComplete HttpChannelOverHttp@6f3a742d{s=HttpChannelState@6b05fd12{s=HANDLING rs=BLOCKING os=OPEN is=IDLE awp=false se=false i=true al=0},r=4,c=false/false,a=HANDLING,uri=//localhost:35372/EchoServlet,age=9}
[DEBUG] HttpInputOverHTTP@1e5b6482[c=0,q=0,[0]=null,s=STREAM] addContent EOF
[DEBUG] HttpConnection@2e077e16::SocketChannelEndPoint@61fd9662{l=/127.0.0.1:35372,r=/127.0.0.1:60188,OPEN,fill=-,flush=-,to=10/30000}{io=0/0,kio=0,kro=1}->HttpConnection@2e077e16[p=HttpParser{s=END,0 of -1},g=HttpGenerator@1f63306b{s=START}]=>HttpChannelOverHttp@6f3a742d{s=HttpChannelState@6b05fd12{s=HANDLING rs=BLOCKING os=OPEN is=IDLE awp=false se=false i=true al=0},r=4,c=false/false,a=HANDLING,uri=//localhost:35372/EchoServlet,age=9} parsed false HttpParser{s=END,0 of -1}
[DEBUG] releaseRequestBuffer HttpConnection@2e077e16::SocketChannelEndPoint@61fd9662{l=/127.0.0.1:35372,r=/127.0.0.1:60188,OPEN,fill=-,flush=-,to=11/30000}{io=0/0,kio=0,kro=1}->HttpConnection@2e077e16[p=HttpParser{s=END,0 of -1},g=HttpGenerator@1f63306b{s=START}]=>HttpChannelOverHttp@6f3a742d{s=HttpChannelState@6b05fd12{s=HANDLING rs=BLOCKING os=OPEN is=IDLE awp=false se=false i=true al=0},r=4,c=false/false,a=HANDLING,uri=//localhost:35372/EchoServlet,age=9}
[DEBUG] onEof HttpChannelState@6b05fd12{s=HANDLING rs=BLOCKING os=OPEN is=IDLE awp=false se=false i=true al=0}
[DEBUG] write(array HeapByteBuffer@246d93e0[p=0,l=8,c=512,r=8]={<<<</table>>>>Accept-En...\x00\x00\x00\x00\x00\x00\x00})
[DEBUG] write(array) s=OPEN,api=BLOCKING,sc=false,e=null aggregated !flush DirectByteBuffer@38e5eb8d[p=0,l=752,c=32768,r=752]={<<<<title>Webserver Environm...gzip</td></tr>\n</table>>>>>\n<tr><th...\x00\x00\x00\x00\x00\x00\x00}
[DEBUG] write(array HeapByteBuffer@45a87ba1[p=0,l=1,c=512,r=1]={<<<\n>>>/table>Ac...\x00\x00\x00\x00\x00\x00\x00})
[DEBUG] write(array) s=OPEN,api=BLOCKING,sc=false,e=null aggregated !flush DirectByteBuffer@38e5eb8d[p=0,l=753,c=32768,r=753]={<<<<title>Webserver Environm...zip</td></tr>\n</table>\n>>>\n<tr><th>...\x00\x00\x00\x00\x00\x00\x00}
[DEBUG] handled=true async=false committed=false on HttpChannelOverHttp@6f3a742d{s=HttpChannelState@6b05fd12{s=HANDLING rs=BLOCKING os=OPEN is=READY awp=false se=false i=true al=0},r=4,c=false/false,a=HANDLING,uri=//localhost:35372/EchoServlet,age=9}
[DEBUG] unhandle HttpChannelState@6b05fd12{s=HANDLING rs=BLOCKING os=OPEN is=READY awp=false se=false i=true al=0}
[DEBUG] nextAction(false) COMPLETE HttpChannelState@6b05fd12{s=HANDLING rs=COMPLETING os=OPEN is=READY awp=false se=false i=false al=0}
[DEBUG] action COMPLETE HttpChannelOverHttp@6f3a742d{s=HttpChannelState@6b05fd12{s=HANDLING rs=COMPLETING os=OPEN is=READY awp=false se=false i=false al=0},r=4,c=false/false,a=HANDLING,uri=//localhost:35372/EchoServlet,age=10}
[DEBUG] complete(org.eclipse.jetty.util.Callback$3@590b798a) s=CLOSING,api=BLOCKED,sc=false,e=null s=false e=null, c=DirectByteBuffer@38e5eb8d[p=0,l=753,c=32768,r=753]={<<<<title>Webserver Environm...zip</td></tr>\n</table>\n>>>\n<tr><th>...\x00\x00\x00\x00\x00\x00\x00}
[DEBUG] sendResponse info=null content=DirectByteBuffer@38e5eb8d[p=0,l=753,c=32768,r=753]={<<<<title>Webserver Environm...zip</td></tr>\n</table>\n>>>\n<tr><th>...\x00\x00\x00\x00\x00\x00\x00} complete=true committing=true callback=org.eclipse.jetty.server.HttpOutput$WriteCompleteCB@20c7fb52
[DEBUG] COMMIT for /EchoServlet on HttpChannelOverHttp@6f3a742d{s=HttpChannelState@6b05fd12{s=HANDLING rs=COMPLETING os=COMMITTED is=READY awp=false se=false i=false al=0},r=4,c=false/false,a=HANDLING,uri=//localhost:35372/EchoServlet,age=10}
200 null HTTP/1.1
Date: Tue, 28 Sep 2021 06:03:30 GMT
Content-Type: text/html;charset=utf-8
Cache-Control: no-cache
Cache-Control: no-store


[DEBUG] generate: NEED_HEADER for SendCallback@96c627e[PROCESSING][i=HTTP/1.1{s=200,h=4,cl=-1},cb=org.eclipse.jetty.server.HttpChannel$SendCallback@68fd8e39] (null,[p=0,l=753,c=32768,r=753],true)@START
[DEBUG] generateHeaders HTTP/1.1{s=200,h=4,cl=-1} last=true content=DirectByteBuffer@38e5eb8d[p=0,l=753,c=32768,r=753]={<<<<title>Webserver Environm...zip</td></tr>\n</table>\n>>>\n<tr><th>...\x00\x00\x00\x00\x00\x00\x00}
[DEBUG] Date: Tue, 28 Sep 2021 06:03:30 GMT
Content-Type: text/html;charset=utf-8
Cache-Control: no-cache
Cache-Control: no-store


[DEBUG] CONTENT_LENGTH
[DEBUG] generate: FLUSH for SendCallback@96c627e[PROCESSING][i=HTTP/1.1{s=200,h=4,cl=-1},cb=org.eclipse.jetty.server.HttpChannel$SendCallback@68fd8e39] ([p=0,l=199,c=8192,r=199],[p=0,l=753,c=32768,r=753],true)@COMPLETING
[DEBUG] write: WriteFlusher@d847498{IDLE}->null [HeapByteBuffer@460916c[p=0,l=199,c=8192,r=199]={<<<HTTP/1.1 200 OK\r\nDate: Tu...y(9.4.43.v20210629)\r\n\r\n>>>2\r\nAccept...\x00\x00\x00\x00\x00\x00\x00},DirectByteBuffer@38e5eb8d[p=0,l=753,c=32768,r=753]={<<<<title>Webserver Environm...zip</td></tr>\n</table>\n>>>\n<tr><th>...\x00\x00\x00\x00\x00\x00\x00}]
[DEBUG] update WriteFlusher@d847498{WRITING}->null:IDLE-->WRITING
]]></system-out>
  </testcase>
  <testcase name="postHtmlFile" classname="org.jsoup.integration.ConnectTest" time="0.109">
    <system-out><![CDATA[[DEBUG] flushed 952 SocketChannelEndPoint@61fd9662{l=/127.0.0.1:35372,r=/127.0.0.1:60188,OPEN,fill=-,flush=W,to=29/30000}{io=0/0,kio=0,kro=1}->HttpConnection@2e077e16[p=HttpParser{s=END,0 of -1},g=HttpGenerator@1f63306b{s=COMPLETING}]=>HttpChannelOverHttp@6f3a742d{s=HttpChannelState@6b05fd12{s=HANDLING rs=COMPLETING os=COMMITTED is=READY awp=false se=false i=false al=0},r=4,c=false/false,a=HANDLING,uri=//localhost:35372/EchoServlet,age=28}
[DEBUG] Flushed=true written=952 remaining=0 WriteFlusher@d847498{WRITING}->null
[DEBUG] update WriteFlusher@d847498{IDLE}->null:WRITING-->IDLE
[DEBUG] generate: DONE for SendCallback@96c627e[PROCESSING][i=HTTP/1.1{s=200,h=4,cl=-1},cb=org.eclipse.jetty.server.HttpChannel$SendCallback@68fd8e39] ([p=199,l=199,c=8192,r=0],[p=753,l=753,c=32768,r=0],true)@END
[DEBUG] onWriteComplete(true,null) s=CLOSING,api=BLOCKED,sc=false,e=null->s=CLOSED,api=BLOCKING,sc=false,e=null c=null cb=org.eclipse.jetty.util.Callback$3@590b798a w=false
[DEBUG] completed HttpChannelState@6b05fd12{s=HANDLING rs=COMPLETING os=COMPLETED is=READY awp=false se=false i=false al=0}
[DEBUG] unhandle HttpChannelState@6b05fd12{s=HANDLING rs=COMPLETED os=COMPLETED is=READY awp=false se=false i=false al=0}
[DEBUG] nextAction(false) TERMINATED HttpChannelState@6b05fd12{s=IDLE rs=COMPLETED os=COMPLETED is=READY awp=false se=false i=false al=0}
[DEBUG] action TERMINATED HttpChannelOverHttp@6f3a742d{s=HttpChannelState@6b05fd12{s=IDLE rs=COMPLETED os=COMPLETED is=READY awp=false se=false i=false al=0},r=4,c=true/true,a=IDLE,uri=//localhost:35372/EchoServlet,age=28}
[DEBUG] onCompleted for /EchoServlet written=753
[DEBUG] recycle HttpChannelState@6b05fd12{s=IDLE rs=COMPLETED os=COMPLETED is=READY awp=false se=false i=false al=0}
[DEBUG] reset HttpParser{s=END,0 of -1}
[DEBUG] END --> START
[DEBUG] !handle TERMINATED HttpChannelOverHttp@6f3a742d{s=HttpChannelState@6b05fd12{s=IDLE rs=BLOCKING os=OPEN is=IDLE awp=false se=false i=true al=0},r=4,c=false/false,a=IDLE,uri=null,age=0}
[DEBUG] filled 317 HeapByteBuffer@2a66826a[p=0,l=317,c=8192,r=317]={<<<GET /FileServlet/htmltest...nection: keep-alive\r\n\r\n>>>ve\r\n\r\n\x00\x00\x00...\x00\x00\x00\x00\x00\x00\x00}
[DEBUG] HttpConnection@2e077e16::SocketChannelEndPoint@61fd9662{l=/127.0.0.1:35372,r=/127.0.0.1:60188,OPEN,fill=-,flush=-,to=0/30000}{io=0/0,kio=0,kro=1}->HttpConnection@2e077e16[p=HttpParser{s=START,0 of -1},g=HttpGenerator@1f63306b{s=START}]=>HttpChannelOverHttp@6f3a742d{s=HttpChannelState@6b05fd12{s=IDLE rs=BLOCKING os=OPEN is=IDLE awp=false se=false i=true al=0},r=4,c=false/false,a=IDLE,uri=null,age=0} filled 317 HeapByteBuffer@2a66826a[p=0,l=317,c=8192,r=317]={<<<GET /FileServlet/htmltest...nection: keep-alive\r\n\r\n>>>ve\r\n\r\n\x00\x00\x00...\x00\x00\x00\x00\x00\x00\x00}
[DEBUG] HttpConnection@2e077e16::SocketChannelEndPoint@61fd9662{l=/127.0.0.1:35372,r=/127.0.0.1:60188,OPEN,fill=-,flush=-,to=1/30000}{io=0/0,kio=0,kro=1}->HttpConnection@2e077e16[p=HttpParser{s=START,0 of -1},g=HttpGenerator@1f63306b{s=START}]=>HttpChannelOverHttp@6f3a742d{s=HttpChannelState@6b05fd12{s=IDLE rs=BLOCKING os=OPEN is=IDLE awp=false se=false i=true al=0},r=4,c=false/false,a=IDLE,uri=null,age=0} parse HeapByteBuffer@2a66826a[p=0,l=317,c=8192,r=317]={<<<GET /FileServlet/htmltest...nection: keep-alive\r\n\r\n>>>ve\r\n\r\n\x00\x00\x00...\x00\x00\x00\x00\x00\x00\x00} {}
[DEBUG] parseNext s=START HeapByteBuffer@2a66826a[p=0,l=317,c=8192,r=317]={<<<GET /FileServlet/htmltest...nection: keep-alive\r\n\r\n>>>ve\r\n\r\n\x00\x00\x00...\x00\x00\x00\x00\x00\x00\x00}
[DEBUG] START --> SPACE1
[DEBUG] SPACE1 --> URI
[DEBUG] URI --> SPACE2
[DEBUG] SPACE2 --> REQUEST_VERSION
[DEBUG] REQUEST_VERSION --> HEADER
[DEBUG] HEADER:Accept-Encoding: gzip --> IN_VALUE
[DEBUG] HEADER:Accept-Encoding: gzip --> FIELD
[DEBUG] HEADER:User-Agent: Mozilla/5.0 (Windows NT 10.0; Win64; x64) AppleWebKit/537.36 (KHTML, like Gecko) Chrome/79.0.3945.130 Safari/537.36 --> IN_VALUE
[DEBUG] HEADER:User-Agent: Mozilla/5.0 (Windows NT 10.0; Win64; x64) AppleWebKit/537.36 (KHTML, like Gecko) Chrome/79.0.3945.130 Safari/537.36 --> FIELD
[DEBUG] HEADER:Host: localhost:35372 --> IN_VALUE
[DEBUG] HEADER:Host: localhost:35372 --> FIELD
[DEBUG] HEADER:Accept: text/html, image/gif, image/jpeg, *; q=.2, */*; q=.2 --> IN_VALUE
[DEBUG] HEADER:Accept: text/html, image/gif, image/jpeg, *; q=.2, */*; q=.2 --> FIELD
[DEBUG] HEADER:Connection: keep-alive --> IN_VALUE
[DEBUG] HEADER:Connection: keep-alive --> FIELD
[DEBUG] HEADER --> CONTENT
[DEBUG] REQUEST for //localhost:35372/FileServlet/htmltests/upload-form.html on HttpChannelOverHttp@6f3a742d{s=HttpChannelState@6b05fd12{s=IDLE rs=BLOCKING os=OPEN is=IDLE awp=false se=false i=true al=0},r=5,c=false/false,a=IDLE,uri=//localhost:35372/FileServlet/htmltests/upload-form.html,age=0}
GET //localhost:35372/FileServlet/htmltests/upload-form.html HTTP/1.1
Accept-Encoding: gzip
User-Agent: Mozilla/5.0 (Windows NT 10.0; Win64; x64) AppleWebKit/537.36 (KHTML, like Gecko) Chrome/79.0.3945.130 Safari/537.36
Host: localhost:35372
Accept: text/html, image/gif, image/jpeg, *; q=.2, */*; q=.2
Connection: keep-alive


[DEBUG] HttpConnection@2e077e16::SocketChannelEndPoint@61fd9662{l=/127.0.0.1:35372,r=/127.0.0.1:60188,OPEN,fill=-,flush=-,to=1/30000}{io=0/0,kio=0,kro=1}->HttpConnection@2e077e16[p=HttpParser{s=CONTENT,0 of -1},g=HttpGenerator@1f63306b{s=START}]=>HttpChannelOverHttp@6f3a742d{s=HttpChannelState@6b05fd12{s=IDLE rs=BLOCKING os=OPEN is=IDLE awp=false se=false i=true al=0},r=5,c=false/false,a=IDLE,uri=//localhost:35372/FileServlet/htmltests/upload-form.html,age=0} parsed true HttpParser{s=CONTENT,0 of -1}
[DEBUG] releaseRequestBuffer HttpConnection@2e077e16::SocketChannelEndPoint@61fd9662{l=/127.0.0.1:35372,r=/127.0.0.1:60188,OPEN,fill=-,flush=-,to=1/30000}{io=0/0,kio=0,kro=1}->HttpConnection@2e077e16[p=HttpParser{s=CONTENT,0 of -1},g=HttpGenerator@1f63306b{s=START}]=>HttpChannelOverHttp@6f3a742d{s=HttpChannelState@6b05fd12{s=IDLE rs=BLOCKING os=OPEN is=IDLE awp=false se=false i=true al=0},r=5,c=false/false,a=IDLE,uri=//localhost:35372/FileServlet/htmltests/upload-form.html,age=0}
[DEBUG] handle //localhost:35372/FileServlet/htmltests/upload-form.html HttpChannelOverHttp@6f3a742d{s=HttpChannelState@6b05fd12{s=IDLE rs=BLOCKING os=OPEN is=IDLE awp=false se=false i=true al=0},r=5,c=false/false,a=IDLE,uri=//localhost:35372/FileServlet/htmltests/upload-form.html,age=0} 
[DEBUG] handling HttpChannelState@6b05fd12{s=IDLE rs=BLOCKING os=OPEN is=IDLE awp=false se=false i=true al=0}
[DEBUG] action DISPATCH HttpChannelOverHttp@6f3a742d{s=HttpChannelState@6b05fd12{s=HANDLING rs=BLOCKING os=OPEN is=IDLE awp=false se=false i=true al=0},r=5,c=false/false,a=HANDLING,uri=//localhost:35372/FileServlet/htmltests/upload-form.html,age=0}
[DEBUG] REQUEST GET /FileServlet/htmltests/upload-form.html on HttpChannelOverHttp@6f3a742d{s=HttpChannelState@6b05fd12{s=HANDLING rs=BLOCKING os=OPEN is=IDLE awp=false se=false i=true al=0},r=5,c=false/false,a=HANDLING,uri=//localhost:35372/FileServlet/htmltests/upload-form.html,age=0}
[DEBUG] servlet null|/FileServlet|/htmltests/upload-form.html -> org.jsoup.integration.servlets.FileServlet-60dce7ea==org.jsoup.integration.servlets.FileServlet@c786463a{jsp=null,order=-1,inst=true,async=true,src=EMBEDDED:null,STARTED}
[DEBUG] chain=null
[DEBUG] write(array HeapByteBuffer@6e8e85f4[p=0,l=404,c=8192,r=404]={<<<<html>\n<head>\n  <title>Up...form>\n\n</body>\n</html>\n>>>\x00\x00\x00\x00\x00\x00\x00\x00\x00...\x00\x00\x00\x00\x00\x00\x00})
[DEBUG] write(array) s=OPEN,api=BLOCKING,sc=false,e=null aggregated !flush DirectByteBuffer@7c27fa39[p=0,l=404,c=32768,r=404]={<<<<html>\n<head>\n  <title>Up...form>\n\n</body>\n</html>\n>>>if, image...\x00\x00\x00\x00\x00\x00\x00}
[DEBUG] sendResponse info=null content=DirectByteBuffer@7c27fa39[p=0,l=404,c=32768,r=404]={<<<<html>\n<head>\n  <title>Up...form>\n\n</body>\n</html>\n>>>if, image...\x00\x00\x00\x00\x00\x00\x00} complete=false committing=true callback=Blocker@6ccb6686{null}
[DEBUG] COMMIT for /FileServlet/htmltests/upload-form.html on HttpChannelOverHttp@6f3a742d{s=HttpChannelState@6b05fd12{s=HANDLING rs=BLOCKING os=COMMITTED is=IDLE awp=false se=false i=true al=0},r=5,c=false/false,a=HANDLING,uri=//localhost:35372/FileServlet/htmltests/upload-form.html,age=1}
200 null HTTP/1.1
Date: Tue, 28 Sep 2021 06:03:30 GMT
Content-Type: text/html


[DEBUG] generate: NEED_HEADER for SendCallback@96c627e[PROCESSING][i=HTTP/1.1{s=200,h=2,cl=-1},cb=org.eclipse.jetty.server.HttpChannel$SendCallback@73490d26] (null,[p=0,l=404,c=32768,r=404],false)@START
[DEBUG] generateHeaders HTTP/1.1{s=200,h=2,cl=-1} last=false content=DirectByteBuffer@7c27fa39[p=0,l=404,c=32768,r=404]={<<<<html>\n<head>\n  <title>Up...form>\n\n</body>\n</html>\n>>>if, image...\x00\x00\x00\x00\x00\x00\x00}
[DEBUG] Date: Tue, 28 Sep 2021 06:03:30 GMT
Content-Type: text/html


[DEBUG] CHUNKED_CONTENT
[DEBUG] generate: FLUSH for SendCallback@96c627e[PROCESSING][i=HTTP/1.1{s=200,h=2,cl=-1},cb=org.eclipse.jetty.server.HttpChannel$SendCallback@73490d26] ([p=0,l=147,c=8192,r=147],[p=0,l=404,c=32768,r=404],false)@COMMITTED
[DEBUG] write: WriteFlusher@d847498{IDLE}->null [HeapByteBuffer@460916c[p=0,l=147,c=8192,r=147]={<<<HTTP/1.1 200 OK\r\nDate: Tu....43.v20210629)\r\n\r\n194\r\n>>>ent-Lengt...\x00\x00\x00\x00\x00\x00\x00},DirectByteBuffer@7c27fa39[p=0,l=404,c=32768,r=404]={<<<<html>\n<head>\n  <title>Up...form>\n\n</body>\n</html>\n>>>if, image...\x00\x00\x00\x00\x00\x00\x00}]
[DEBUG] update WriteFlusher@d847498{WRITING}->null:IDLE-->WRITING
[DEBUG] flushed 551 SocketChannelEndPoint@61fd9662{l=/127.0.0.1:35372,r=/127.0.0.1:60188,OPEN,fill=-,flush=W,to=7/30000}{io=0/0,kio=0,kro=1}->HttpConnection@2e077e16[p=HttpParser{s=CONTENT,0 of -1},g=HttpGenerator@1f63306b{s=COMMITTED}]=>HttpChannelOverHttp@6f3a742d{s=HttpChannelState@6b05fd12{s=HANDLING rs=BLOCKING os=COMMITTED is=IDLE awp=false se=false i=true al=0},r=5,c=false/false,a=HANDLING,uri=//localhost:35372/FileServlet/htmltests/upload-form.html,age=6}
[DEBUG] Flushed=true written=551 remaining=0 WriteFlusher@d847498{WRITING}->null
[DEBUG] update WriteFlusher@d847498{IDLE}->null:WRITING-->IDLE
[DEBUG] generate: DONE for SendCallback@96c627e[PROCESSING][i=HTTP/1.1{s=200,h=2,cl=-1},cb=org.eclipse.jetty.server.HttpChannel$SendCallback@73490d26] ([p=147,l=147,c=8192,r=0],[p=404,l=404,c=32768,r=0],false)@COMMITTED
[DEBUG] onWriteComplete(false,null) s=OPEN,api=BLOCKED,sc=false,e=null->s=OPEN,api=BLOCKING,sc=false,e=null c=null cb=null w=false
[DEBUG] handled=true async=false committed=true on HttpChannelOverHttp@6f3a742d{s=HttpChannelState@6b05fd12{s=HANDLING rs=BLOCKING os=COMMITTED is=IDLE awp=false se=false i=true al=0},r=5,c=false/false,a=HANDLING,uri=//localhost:35372/FileServlet/htmltests/upload-form.html,age=6}
[DEBUG] unhandle HttpChannelState@6b05fd12{s=HANDLING rs=BLOCKING os=COMMITTED is=IDLE awp=false se=false i=true al=0}
[DEBUG] nextAction(false) COMPLETE HttpChannelState@6b05fd12{s=HANDLING rs=COMPLETING os=COMMITTED is=IDLE awp=false se=false i=false al=0}
[DEBUG] action COMPLETE HttpChannelOverHttp@6f3a742d{s=HttpChannelState@6b05fd12{s=HANDLING rs=COMPLETING os=COMMITTED is=IDLE awp=false se=false i=false al=0},r=5,c=false/false,a=HANDLING,uri=//localhost:35372/FileServlet/htmltests/upload-form.html,age=6}
[DEBUG] complete(org.eclipse.jetty.util.Callback$3@7741c930) s=CLOSING,api=BLOCKED,sc=false,e=null s=false e=null, c=HeapByteBuffer@13dae45a[p=0,l=0,c=0,r=0]={<<<>>>}
[DEBUG] sendResponse info=null content=HeapByteBuffer@13dae45a[p=0,l=0,c=0,r=0]={<<<>>>} complete=true committing=false callback=org.eclipse.jetty.server.HttpOutput$WriteCompleteCB@6dfa5309
[DEBUG] generate: CONTINUE for SendCallback@96c627e[PROCESSING][i=null,cb=org.eclipse.jetty.server.HttpChannel$SendCallback@5ab2e766] (null,[p=0,l=0,c=0,r=0],true)@COMPLETING
[DEBUG] generate: NEED_CHUNK for SendCallback@96c627e[PROCESSING][i=null,cb=org.eclipse.jetty.server.HttpChannel$SendCallback@5ab2e766] (null,[p=0,l=0,c=0,r=0],true)@COMPLETING
[DEBUG] generate: FLUSH for SendCallback@96c627e[PROCESSING][i=null,cb=org.eclipse.jetty.server.HttpChannel$SendCallback@5ab2e766] (null,[p=0,l=0,c=0,r=0],true)@COMPLETING
[DEBUG] write: WriteFlusher@d847498{IDLE}->null [HeapByteBuffer@2ed6021b[p=0,l=7,c=1024,r=7]={<<<\r\n0\r\n\r\n>>>\x00\x00\x00\x00\x00\x00\x00\x00\x00...\x00\x00\x00\x00\x00\x00\x00}]
[DEBUG] update WriteFlusher@d847498{WRITING}->null:IDLE-->WRITING
[DEBUG] flushed 7 SocketChannelEndPoint@61fd9662{l=/127.0.0.1:35372,r=/127.0.0.1:60188,OPEN,fill=-,flush=W,to=1/30000}{io=0/0,kio=0,kro=1}->HttpConnection@2e077e16[p=HttpParser{s=CONTENT,0 of -1},g=HttpGenerator@1f63306b{s=COMPLETING}]=>HttpChannelOverHttp@6f3a742d{s=HttpChannelState@6b05fd12{s=HANDLING rs=COMPLETING os=COMMITTED is=IDLE awp=false se=false i=false al=0},r=5,c=false/false,a=HANDLING,uri=//localhost:35372/FileServlet/htmltests/upload-form.html,age=8}
[DEBUG] Flushed=true written=7 remaining=0 WriteFlusher@d847498{WRITING}->null
[DEBUG] update WriteFlusher@d847498{IDLE}->null:WRITING-->IDLE
[DEBUG] generate: DONE for SendCallback@96c627e[PROCESSING][i=null,cb=org.eclipse.jetty.server.HttpChannel$SendCallback@5ab2e766] (null,[p=0,l=0,c=0,r=0],true)@END
[DEBUG] onWriteComplete(true,null) s=CLOSING,api=BLOCKED,sc=false,e=null->s=CLOSED,api=BLOCKING,sc=false,e=null c=null cb=org.eclipse.jetty.util.Callback$3@7741c930 w=false
[DEBUG] completed HttpChannelState@6b05fd12{s=HANDLING rs=COMPLETING os=COMPLETED is=IDLE awp=false se=false i=false al=0}
[DEBUG] unhandle HttpChannelState@6b05fd12{s=HANDLING rs=COMPLETED os=COMPLETED is=IDLE awp=false se=false i=false al=0}
[DEBUG] nextAction(false) TERMINATED HttpChannelState@6b05fd12{s=IDLE rs=COMPLETED os=COMPLETED is=IDLE awp=false se=false i=false al=0}
[DEBUG] action TERMINATED HttpChannelOverHttp@6f3a742d{s=HttpChannelState@6b05fd12{s=IDLE rs=COMPLETED os=COMPLETED is=IDLE awp=false se=false i=false al=0},r=5,c=true/true,a=IDLE,uri=//localhost:35372/FileServlet/htmltests/upload-form.html,age=8}
[DEBUG] onCompleted for /FileServlet/htmltests/upload-form.html written=404
[DEBUG] filled 8192 HeapByteBuffer@2a66826a[p=0,l=8192,c=8192,r=8192]={<<<POST /EchoServlet HTTP/1...."\xCf\x1e\x91/\x8b\x05Y(\xC9\xF9\x8e7\xB1\xB5\x81\x86&h\xA0{\xC1\xC2>>>}
[DEBUG] HttpConnection@2e077e16::SocketChannelEndPoint@61fd9662{l=/127.0.0.1:35372,r=/127.0.0.1:60188,OPEN,fill=-,flush=-,to=0/30000}{io=0/0,kio=0,kro=1}->HttpConnection@2e077e16[p=HttpParser{s=CONTENT,0 of -1},g=HttpGenerator@1f63306b{s=END}]=>HttpChannelOverHttp@6f3a742d{s=HttpChannelState@6b05fd12{s=IDLE rs=COMPLETED os=COMPLETED is=IDLE awp=false se=false i=false al=0},r=5,c=true/true,a=IDLE,uri=//localhost:35372/FileServlet/htmltests/upload-form.html,age=8} filled 8192 HeapByteBuffer@2a66826a[p=0,l=8192,c=8192,r=8192]={<<<POST /EchoServlet HTTP/1...."\xCf\x1e\x91/\x8b\x05Y(\xC9\xF9\x8e7\xB1\xB5\x81\x86&h\xA0{\xC1\xC2>>>}
[DEBUG] HttpConnection@2e077e16::SocketChannelEndPoint@61fd9662{l=/127.0.0.1:35372,r=/127.0.0.1:60188,OPEN,fill=-,flush=-,to=0/30000}{io=0/0,kio=0,kro=1}->HttpConnection@2e077e16[p=HttpParser{s=CONTENT,0 of -1},g=HttpGenerator@1f63306b{s=END}]=>HttpChannelOverHttp@6f3a742d{s=HttpChannelState@6b05fd12{s=IDLE rs=COMPLETED os=COMPLETED is=IDLE awp=false se=false i=false al=0},r=5,c=true/true,a=IDLE,uri=//localhost:35372/FileServlet/htmltests/upload-form.html,age=8} parse HeapByteBuffer@2a66826a[p=0,l=8192,c=8192,r=8192]={<<<POST /EchoServlet HTTP/1...."\xCf\x1e\x91/\x8b\x05Y(\xC9\xF9\x8e7\xB1\xB5\x81\x86&h\xA0{\xC1\xC2>>>} {}
[DEBUG] parseNext s=CONTENT HeapByteBuffer@2a66826a[p=0,l=8192,c=8192,r=8192]={<<<POST /EchoServlet HTTP/1...."\xCf\x1e\x91/\x8b\x05Y(\xC9\xF9\x8e7\xB1\xB5\x81\x86&h\xA0{\xC1\xC2>>>}
[DEBUG] CONTENT --> CONTENT_END
[DEBUG] onContentComplete HttpChannelOverHttp@6f3a742d{s=HttpChannelState@6b05fd12{s=IDLE rs=COMPLETED os=COMPLETED is=IDLE awp=false se=false i=false al=0},r=5,c=true/true,a=IDLE,uri=//localhost:35372/FileServlet/htmltests/upload-form.html,age=8}
[DEBUG] CONTENT_END --> END
[DEBUG] onRequestComplete HttpChannelOverHttp@6f3a742d{s=HttpChannelState@6b05fd12{s=IDLE rs=COMPLETED os=COMPLETED is=IDLE awp=false se=false i=false al=0},r=5,c=true/true,a=IDLE,uri=//localhost:35372/FileServlet/htmltests/upload-form.html,age=8}
[DEBUG] HttpInputOverHTTP@1e5b6482[c=0,q=0,[0]=null,s=STREAM] addContent EOF
[DEBUG] HttpConnection@2e077e16::SocketChannelEndPoint@61fd9662{l=/127.0.0.1:35372,r=/127.0.0.1:60188,OPEN,fill=-,flush=-,to=0/30000}{io=0/0,kio=0,kro=1}->HttpConnection@2e077e16[p=HttpParser{s=END,0 of -1},g=HttpGenerator@1f63306b{s=END}]=>HttpChannelOverHttp@6f3a742d{s=HttpChannelState@6b05fd12{s=IDLE rs=COMPLETED os=COMPLETED is=IDLE awp=false se=false i=false al=0},r=5,c=true/true,a=IDLE,uri=//localhost:35372/FileServlet/htmltests/upload-form.html,age=9} parsed false HttpParser{s=END,0 of -1}
[DEBUG] recycle HttpChannelState@6b05fd12{s=IDLE rs=COMPLETED os=COMPLETED is=IDLE awp=false se=false i=false al=0}
[DEBUG] reset HttpParser{s=END,0 of -1}
[DEBUG] END --> START
[DEBUG] !handle TERMINATED HttpChannelOverHttp@6f3a742d{s=HttpChannelState@6b05fd12{s=IDLE rs=BLOCKING os=OPEN is=IDLE awp=false se=false i=true al=0},r=5,c=false/false,a=IDLE,uri=null,age=0}
[DEBUG] HttpConnection@2e077e16::SocketChannelEndPoint@61fd9662{l=/127.0.0.1:35372,r=/127.0.0.1:60188,OPEN,fill=-,flush=-,to=0/30000}{io=0/0,kio=0,kro=1}->HttpConnection@2e077e16[p=HttpParser{s=START,0 of -1},g=HttpGenerator@1f63306b{s=START}]=>HttpChannelOverHttp@6f3a742d{s=HttpChannelState@6b05fd12{s=IDLE rs=BLOCKING os=OPEN is=IDLE awp=false se=false i=true al=0},r=5,c=false/false,a=IDLE,uri=null,age=0} parse HeapByteBuffer@2a66826a[p=0,l=8192,c=8192,r=8192]={<<<POST /EchoServlet HTTP/1...."\xCf\x1e\x91/\x8b\x05Y(\xC9\xF9\x8e7\xB1\xB5\x81\x86&h\xA0{\xC1\xC2>>>} {}
[DEBUG] parseNext s=START HeapByteBuffer@2a66826a[p=0,l=8192,c=8192,r=8192]={<<<POST /EchoServlet HTTP/1...."\xCf\x1e\x91/\x8b\x05Y(\xC9\xF9\x8e7\xB1\xB5\x81\x86&h\xA0{\xC1\xC2>>>}
[DEBUG] START --> SPACE1
[DEBUG] SPACE1 --> URI
[DEBUG] URI --> SPACE2
[DEBUG] SPACE2 --> REQUEST_VERSION
[DEBUG] REQUEST_VERSION --> HEADER
[DEBUG] HEADER:Accept-Encoding: gzip --> IN_VALUE
[DEBUG] HEADER:Accept-Encoding: gzip --> FIELD
[DEBUG] HEADER:User-Agent: Mozilla/5.0 (Windows NT 10.0; Win64; x64) AppleWebKit/537.36 (KHTML, like Gecko) Chrome/79.0.3945.130 Safari/537.36 --> IN_VALUE
[DEBUG] HEADER:User-Agent: Mozilla/5.0 (Windows NT 10.0; Win64; x64) AppleWebKit/537.36 (KHTML, like Gecko) Chrome/79.0.3945.130 Safari/537.36 --> FIELD
[DEBUG] HEADER:Content-Type --> VALUE
[DEBUG] HEADER:Content-Type --> IN_VALUE
[DEBUG] HEADER:Content-Type --> FIELD
[DEBUG] HEADER:Host: localhost:35372 --> IN_VALUE
[DEBUG] HEADER:Host: localhost:35372 --> FIELD
[DEBUG] HEADER:Accept: text/html, image/gif, image/jpeg, *; q=.2, */*; q=.2 --> IN_VALUE
[DEBUG] HEADER:Accept: text/html, image/gif, image/jpeg, *; q=.2, */*; q=.2 --> FIELD
[DEBUG] HEADER:Connection: keep-alive --> IN_VALUE
[DEBUG] HEADER:Connection: keep-alive --> FIELD
[DEBUG] HEADER:Content-Length --> VALUE
[DEBUG] HEADER:Content-Length --> IN_VALUE
[DEBUG] HEADER:Content-Length --> FIELD
[DEBUG] HEADER --> CONTENT
[DEBUG] REQUEST for //localhost:35372/EchoServlet on HttpChannelOverHttp@6f3a742d{s=HttpChannelState@6b05fd12{s=IDLE rs=BLOCKING os=OPEN is=IDLE awp=false se=false i=true al=0},r=6,c=false/false,a=IDLE,uri=//localhost:35372/EchoServlet,age=0}
POST //localhost:35372/EchoServlet HTTP/1.1
Accept-Encoding: gzip
User-Agent: Mozilla/5.0 (Windows NT 10.0; Win64; x64) AppleWebKit/537.36 (KHTML, like Gecko) Chrome/79.0.3945.130 Safari/537.36
Content-Type: multipart/form-data; boundary=DHxJ8LSNR8LMBi-XeeCWTRXO5J-wdtNj
Host: localhost:35372
Accept: text/html, image/gif, image/jpeg, *; q=.2, */*; q=.2
Connection: keep-alive
Content-Length: 12491


[DEBUG] HttpConnection@2e077e16::SocketChannelEndPoint@61fd9662{l=/127.0.0.1:35372,r=/127.0.0.1:60188,OPEN,fill=-,flush=-,to=1/30000}{io=0/0,kio=0,kro=1}->HttpConnection@2e077e16[p=HttpParser{s=CONTENT,0 of 12491},g=HttpGenerator@1f63306b{s=START}]=>HttpChannelOverHttp@6f3a742d{s=HttpChannelState@6b05fd12{s=IDLE rs=BLOCKING os=OPEN is=IDLE awp=false se=false i=true al=0},r=6,c=false/false,a=IDLE,uri=//localhost:35372/EchoServlet,age=9} parsed true HttpParser{s=CONTENT,0 of 12491}
[DEBUG] handle //localhost:35372/EchoServlet HttpChannelOverHttp@6f3a742d{s=HttpChannelState@6b05fd12{s=IDLE rs=BLOCKING os=OPEN is=IDLE awp=false se=false i=true al=0},r=6,c=false/false,a=IDLE,uri=//localhost:35372/EchoServlet,age=9} 
[DEBUG] handling HttpChannelState@6b05fd12{s=IDLE rs=BLOCKING os=OPEN is=IDLE awp=false se=false i=true al=0}
[DEBUG] action DISPATCH HttpChannelOverHttp@6f3a742d{s=HttpChannelState@6b05fd12{s=HANDLING rs=BLOCKING os=OPEN is=IDLE awp=false se=false i=true al=0},r=6,c=false/false,a=HANDLING,uri=//localhost:35372/EchoServlet,age=9}
[DEBUG] REQUEST POST /EchoServlet on HttpChannelOverHttp@6f3a742d{s=HttpChannelState@6b05fd12{s=HANDLING rs=BLOCKING os=OPEN is=IDLE awp=false se=false i=true al=0},r=6,c=false/false,a=HANDLING,uri=//localhost:35372/EchoServlet,age=9}
[DEBUG] servlet null|/EchoServlet|null -> org.jsoup.integration.servlets.EchoServlet-60d1a32f==org.jsoup.integration.servlets.EchoServlet@1f7ecb09{jsp=null,order=-1,inst=true,async=true,src=EMBEDDED:null,STARTED}
[DEBUG] chain=null
[DEBUG] write(array HeapByteBuffer@444f18e5[p=0,l=235,c=512,r=235]={<<<<title>Webserver Environm...\n    <table border="0">>>>\x00\x00\x00\x00\x00\x00\x00\x00\x00...\x00\x00\x00\x00\x00\x00\x00})
[DEBUG] write(array) s=OPEN,api=BLOCKING,sc=false,e=null aggregated !flush DirectByteBuffer@38e5eb8d[p=0,l=235,c=32768,r=235]={<<<<title>Webserver Environm...\n    <table border="0">>>><tr><th>M...\x00\x00\x00\x00\x00\x00\x00}
[DEBUG] write(array HeapByteBuffer@19a92f8f[p=0,l=37,c=512,r=37]={<<<<tr><th>Method</th><td>POST</td></tr>>>>s</title>...\x00\x00\x00\x00\x00\x00\x00})
[DEBUG] write(array) s=OPEN,api=BLOCKING,sc=false,e=null aggregated !flush DirectByteBuffer@38e5eb8d[p=0,l=272,c=32768,r=272]={<<<<title>Webserver Environm...</th><td>POST</td></tr>>>><tr><th>R...\x00\x00\x00\x00\x00\x00\x00}
[DEBUG] write(array HeapByteBuffer@1096bce2[p=0,l=1,c=512,r=1]={<<<\n>>>tr><th>Me...\x00\x00\x00\x00\x00\x00\x00})
[DEBUG] write(array) s=OPEN,api=BLOCKING,sc=false,e=null aggregated !flush DirectByteBuffer@38e5eb8d[p=0,l=273,c=32768,r=273]={<<<<title>Webserver Environm.../th><td>POST</td></tr>\n>>>tr><th>Re...\x00\x00\x00\x00\x00\x00\x00}
[DEBUG] write(array HeapByteBuffer@7650ea3b[p=0,l=50,c=512,r=50]={<<<<tr><th>Request URI</th><...>/EchoServlet</td></tr>>>> <style t...\x00\x00\x00\x00\x00\x00\x00})
[DEBUG] write(array) s=OPEN,api=BLOCKING,sc=false,e=null aggregated !flush DirectByteBuffer@38e5eb8d[p=0,l=323,c=32768,r=323]={<<<<title>Webserver Environm...>/EchoServlet</td></tr>>>><tr><th>Q...\x00\x00\x00\x00\x00\x00\x00}
[DEBUG] write(array HeapByteBuffer@4ae44c24[p=0,l=1,c=512,r=1]={<<<\n>>>tr><th>Re...\x00\x00\x00\x00\x00\x00\x00})
[DEBUG] write(array) s=OPEN,api=BLOCKING,sc=false,e=null aggregated !flush DirectByteBuffer@38e5eb8d[p=0,l=324,c=32768,r=324]={<<<<title>Webserver Environm.../EchoServlet</td></tr>\n>>>tr><th>Qu...\x00\x00\x00\x00\x00\x00\x00}
[DEBUG] write(array HeapByteBuffer@1a61d7a0[p=0,l=39,c=512,r=39]={<<<<tr><th>Query String</th><td></td></tr>>>>t</td></t...\x00\x00\x00\x00\x00\x00\x00})
[DEBUG] write(array) s=OPEN,api=BLOCKING,sc=false,e=null aggregated !flush DirectByteBuffer@38e5eb8d[p=0,l=363,c=32768,r=363]={<<<<title>Webserver Environm...ring</th><td></td></tr>>>><tr><th>A...\x00\x00\x00\x00\x00\x00\x00}
[DEBUG] write(array HeapByteBuffer@3f3519a2[p=0,l=1,c=512,r=1]={<<<\n>>>tr><th>Qu...\x00\x00\x00\x00\x00\x00\x00})
[DEBUG] write(array) s=OPEN,api=BLOCKING,sc=false,e=null aggregated !flush DirectByteBuffer@38e5eb8d[p=0,l=364,c=32768,r=364]={<<<<title>Webserver Environm...ing</th><td></td></tr>\n>>>tr><th>Ac...\x00\x00\x00\x00\x00\x00\x00}
[DEBUG] write(array HeapByteBuffer@4e453d4d[p=0,l=85,c=512,r=85]={<<<<tr><th>Accept</th><td>te....2, */*; q=.2</td></tr>>>>, td, th ...\x00\x00\x00\x00\x00\x00\x00})
[DEBUG] write(array) s=OPEN,api=BLOCKING,sc=false,e=null aggregated !flush DirectByteBuffer@38e5eb8d[p=0,l=449,c=32768,r=449]={<<<<title>Webserver Environm....2, */*; q=.2</td></tr>>>><tr><th>U...\x00\x00\x00\x00\x00\x00\x00}
[DEBUG] write(array HeapByteBuffer@2628cdcd[p=0,l=1,c=512,r=1]={<<<\n>>>tr><th>Ac...\x00\x00\x00\x00\x00\x00\x00})
[DEBUG] write(array) s=OPEN,api=BLOCKING,sc=false,e=null aggregated !flush DirectByteBuffer@38e5eb8d[p=0,l=450,c=32768,r=450]={<<<<title>Webserver Environm...2, */*; q=.2</td></tr>\n>>>tr><th>Us...\x00\x00\x00\x00\x00\x00\x00}
[DEBUG] write(array HeapByteBuffer@3260c27f[p=0,l=152,c=512,r=152]={<<<<tr><th>User-Agent</th><t...Safari/537.36</td></tr>>>>      th ...\x00\x00\x00\x00\x00\x00\x00})
[DEBUG] write(array) s=OPEN,api=BLOCKING,sc=false,e=null aggregated !flush DirectByteBuffer@38e5eb8d[p=0,l=602,c=32768,r=602]={<<<<title>Webserver Environm...Safari/537.36</td></tr>>>><tr><th>C...\x00\x00\x00\x00\x00\x00\x00}
[DEBUG] write(array HeapByteBuffer@258f2598[p=0,l=1,c=512,r=1]={<<<\n>>>tr><th>Us...\x00\x00\x00\x00\x00\x00\x00})
[DEBUG] write(array) s=OPEN,api=BLOCKING,sc=false,e=null aggregated !flush DirectByteBuffer@38e5eb8d[p=0,l=603,c=32768,r=603]={<<<<title>Webserver Environm...afari/537.36</td></tr>\n>>>tr><th>Co...\x00\x00\x00\x00\x00\x00\x00}
[DEBUG] write(array HeapByteBuffer@42c7cb31[p=0,l=47,c=512,r=47]={<<<<tr><th>Connection</th><td>keep-alive</td></tr>>>> NT 10.0;...\x00\x00\x00\x00\x00\x00\x00})
[DEBUG] write(array) s=OPEN,api=BLOCKING,sc=false,e=null aggregated !flush DirectByteBuffer@38e5eb8d[p=0,l=650,c=32768,r=650]={<<<<title>Webserver Environm...td>keep-alive</td></tr>>>><tr><th>H...\x00\x00\x00\x00\x00\x00\x00}
[DEBUG] write(array HeapByteBuffer@22e12001[p=0,l=1,c=512,r=1]={<<<\n>>>tr><th>Co...\x00\x00\x00\x00\x00\x00\x00})
[DEBUG] write(array) s=OPEN,api=BLOCKING,sc=false,e=null aggregated !flush DirectByteBuffer@38e5eb8d[p=0,l=651,c=32768,r=651]={<<<<title>Webserver Environm...d>keep-alive</td></tr>\n>>>tr><th>Ho...\x00\x00\x00\x00\x00\x00\x00}
[DEBUG] write(array HeapByteBuffer@16266d18[p=0,l=46,c=512,r=46]={<<<<tr><th>Host</th><td>localhost:35372</td></tr>>>>> NT 10.0...\x00\x00\x00\x00\x00\x00\x00})
[DEBUG] write(array) s=OPEN,api=BLOCKING,sc=false,e=null aggregated !flush DirectByteBuffer@38e5eb8d[p=0,l=697,c=32768,r=697]={<<<<title>Webserver Environm...calhost:35372</td></tr>>>><tr><th>A...\x00\x00\x00\x00\x00\x00\x00}
[DEBUG] write(array HeapByteBuffer@4a5939a1[p=0,l=1,c=512,r=1]={<<<\n>>>tr><th>Ho...\x00\x00\x00\x00\x00\x00\x00})
[DEBUG] write(array) s=OPEN,api=BLOCKING,sc=false,e=null aggregated !flush DirectByteBuffer@38e5eb8d[p=0,l=698,c=32768,r=698]={<<<<title>Webserver Environm...alhost:35372</td></tr>\n>>>tr><th>Ac...\x00\x00\x00\x00\x00\x00\x00}
[DEBUG] write(array HeapByteBuffer@36bbed98[p=0,l=46,c=512,r=46]={<<<<tr><th>Accept-Encoding</th><td>gzip</td></tr>>>>> NT 10.0...\x00\x00\x00\x00\x00\x00\x00})
[DEBUG] write(array) s=OPEN,api=BLOCKING,sc=false,e=null aggregated !flush DirectByteBuffer@38e5eb8d[p=0,l=744,c=32768,r=744]={<<<<title>Webserver Environm...</th><td>gzip</td></tr>>>></table>\n...\x00\x00\x00\x00\x00\x00\x00}
[DEBUG] write(array HeapByteBuffer@1d712266[p=0,l=1,c=512,r=1]={<<<\n>>>tr><th>Ac...\x00\x00\x00\x00\x00\x00\x00})
[DEBUG] write(array) s=OPEN,api=BLOCKING,sc=false,e=null aggregated !flush DirectByteBuffer@38e5eb8d[p=0,l=745,c=32768,r=745]={<<<<title>Webserver Environm.../th><td>gzip</td></tr>\n>>>/table>\n\n...\x00\x00\x00\x00\x00\x00\x00}
[DEBUG] write(array HeapByteBuffer@389ac27d[p=0,l=46,c=512,r=46]={<<<<tr><th>Content-Length</th><td>12491</td></tr>>>>> NT 10.0...\x00\x00\x00\x00\x00\x00\x00})
[DEBUG] write(array) s=OPEN,api=BLOCKING,sc=false,e=null aggregated !flush DirectByteBuffer@38e5eb8d[p=0,l=791,c=32768,r=791]={<<<<title>Webserver Environm.../th><td>12491</td></tr>>>>/td></tr>...\x00\x00\x00\x00\x00\x00\x00}
[DEBUG] write(array HeapByteBuffer@3b8d70fe[p=0,l=1,c=512,r=1]={<<<\n>>>tr><th>Co...\x00\x00\x00\x00\x00\x00\x00})
[DEBUG] write(array) s=OPEN,api=BLOCKING,sc=false,e=null aggregated !flush DirectByteBuffer@38e5eb8d[p=0,l=792,c=32768,r=792]={<<<<title>Webserver Environm...th><td>12491</td></tr>\n>>>td></tr>\n...\x00\x00\x00\x00\x00\x00\x00}
[DEBUG] write(array HeapByteBuffer@52b38d3a[p=0,l=101,c=512,r=101]={<<<<tr><th>Content-Type</th>...WTRXO5J-wdtNj</td></tr>>>>Gecko) Ch...\x00\x00\x00\x00\x00\x00\x00})
[DEBUG] write(array) s=OPEN,api=BLOCKING,sc=false,e=null aggregated !flush DirectByteBuffer@38e5eb8d[p=0,l=893,c=32768,r=893]={<<<<title>Webserver Environm...WTRXO5J-wdtNj</td></tr>>>>/table>\n\x00...\x00\x00\x00\x00\x00\x00\x00}
[DEBUG] write(array HeapByteBuffer@4645e718[p=0,l=1,c=512,r=1]={<<<\n>>>tr><th>Co...\x00\x00\x00\x00\x00\x00\x00})
[DEBUG] write(array) s=OPEN,api=BLOCKING,sc=false,e=null aggregated !flush DirectByteBuffer@38e5eb8d[p=0,l=894,c=32768,r=894]={<<<<title>Webserver Environm...TRXO5J-wdtNj</td></tr>\n>>>table>\n\x00\x00...\x00\x00\x00\x00\x00\x00\x00}
[DEBUG] newMultiParts LEGACY Request(POST //localhost:35372/EchoServlet)@28a24c87
[DEBUG] HttpConnection@2e077e16::SocketChannelEndPoint@61fd9662{l=/127.0.0.1:35372,r=/127.0.0.1:60188,OPEN,fill=-,flush=-,to=32/30000}{io=0/0,kio=0,kro=1}->HttpConnection@2e077e16[p=HttpParser{s=CONTENT,0 of 12491},g=HttpGenerator@1f63306b{s=START}]=>HttpChannelOverHttp@6f3a742d{s=HttpChannelState@6b05fd12{s=HANDLING rs=BLOCKING os=OPEN is=IDLE awp=false se=false i=true al=0},r=6,c=false/false,a=HANDLING,uri=//localhost:35372/EchoServlet,age=32} parse HeapByteBuffer@2a66826a[p=392,l=8192,c=8192,r=7800]={POST /Ech...491\r\n\r\n<<<--DHxJ8LSNR8LMBi-XeeCWTRX..."\xCf\x1e\x91/\x8b\x05Y(\xC9\xF9\x8e7\xB1\xB5\x81\x86&h\xA0{\xC1\xC2>>>} {}
[DEBUG] parseNext s=CONTENT HeapByteBuffer@2a66826a[p=392,l=8192,c=8192,r=7800]={POST /Ech...491\r\n\r\n<<<--DHxJ8LSNR8LMBi-XeeCWTRX..."\xCf\x1e\x91/\x8b\x05Y(\xC9\xF9\x8e7\xB1\xB5\x81\x86&h\xA0{\xC1\xC2>>>}
[DEBUG] onContent HttpChannelOverHttp@6f3a742d{s=HttpChannelState@6b05fd12{s=HANDLING rs=BLOCKING os=OPEN is=IDLE awp=false se=false i=true al=0},r=6,c=false/false,a=HANDLING,uri=//localhost:35372/EchoServlet,age=32} Content@26234729{HeapByteBufferR@a93a81d[p=392,l=8192,c=8192,r=7800]={POST /Ech...491\r\n\r\n<<<--DHxJ8LSNR8LMBi-XeeCWTRX..."\xCf\x1e\x91/\x8b\x05Y(\xC9\xF9\x8e7\xB1\xB5\x81\x86&h\xA0{\xC1\xC2>>>}}
[DEBUG] HttpInputOverHTTP@1e5b6482[c=0,q=0,[0]=null,s=STREAM] addContent Content@26234729{HeapByteBufferR@a93a81d[p=392,l=8192,c=8192,r=7800]={POST /Ech...491\r\n\r\n<<<--DHxJ8LSNR8LMBi-XeeCWTRX..."\xCf\x1e\x91/\x8b\x05Y(\xC9\xF9\x8e7\xB1\xB5\x81\x86&h\xA0{\xC1\xC2>>>}}
[DEBUG] HttpConnection@2e077e16::SocketChannelEndPoint@61fd9662{l=/127.0.0.1:35372,r=/127.0.0.1:60188,OPEN,fill=-,flush=-,to=33/30000}{io=0/0,kio=0,kro=1}->HttpConnection@2e077e16[p=HttpParser{s=CONTENT,7800 of 12491},g=HttpGenerator@1f63306b{s=START}]=>HttpChannelOverHttp@6f3a742d{s=HttpChannelState@6b05fd12{s=HANDLING rs=BLOCKING os=OPEN is=IDLE awp=false se=false i=true al=0},r=6,c=false/false,a=HANDLING,uri=//localhost:35372/EchoServlet,age=32} parsed false HttpParser{s=CONTENT,7800 of 12491}
[DEBUG] HttpInputOverHTTP@1e5b6482[c=7800,q=0,[0]=null,s=STREAM] read 7800 from Content@26234729{HeapByteBufferR@a93a81d[p=8192,l=8192,c=8192,r=0]={POST /Ech...\x86&h\xA0{\xC1\xC2<<<>>>}}
[DEBUG] releaseRequestBuffer HttpConnection@2e077e16::SocketChannelEndPoint@61fd9662{l=/127.0.0.1:35372,r=/127.0.0.1:60188,OPEN,fill=-,flush=-,to=33/30000}{io=0/0,kio=0,kro=1}->HttpConnection@2e077e16[p=HttpParser{s=CONTENT,7800 of 12491},g=HttpGenerator@1f63306b{s=START}]=>HttpChannelOverHttp@6f3a742d{s=HttpChannelState@6b05fd12{s=HANDLING rs=BLOCKING os=OPEN is=IDLE awp=false se=false i=true al=0},r=6,c=false/false,a=HANDLING,uri=//localhost:35372/EchoServlet,age=32}
[DEBUG] filled 4691 HeapByteBuffer@460916c[p=0,l=4691,c=8192,r=4691]={<<<\x1f\xF8\xDe`\xA8-\x06\xFd\\/7\xA0[r\xA1\x817\x1a\x90u\x1c\xA0A[\xD3...MBi-XeeCWTRXO5J-wdtNj-->>>\x00\x00\x00\x00\x00\x00\x00\x00\x00...\x00\x00\x00\x00\x00\x00\x00}
[DEBUG] HttpConnection@2e077e16::SocketChannelEndPoint@61fd9662{l=/127.0.0.1:35372,r=/127.0.0.1:60188,OPEN,fill=-,flush=-,to=0/30000}{io=0/0,kio=0,kro=1}->HttpConnection@2e077e16[p=HttpParser{s=CONTENT,7800 of 12491},g=HttpGenerator@1f63306b{s=START}]=>HttpChannelOverHttp@6f3a742d{s=HttpChannelState@6b05fd12{s=HANDLING rs=BLOCKING os=OPEN is=IDLE awp=false se=false i=true al=0},r=6,c=false/false,a=HANDLING,uri=//localhost:35372/EchoServlet,age=47} filled 4691 HeapByteBuffer@460916c[p=0,l=4691,c=8192,r=4691]={<<<\x1f\xF8\xDe`\xA8-\x06\xFd\\/7\xA0[r\xA1\x817\x1a\x90u\x1c\xA0A[\xD3...MBi-XeeCWTRXO5J-wdtNj-->>>\x00\x00\x00\x00\x00\x00\x00\x00\x00...\x00\x00\x00\x00\x00\x00\x00}
[DEBUG] HttpConnection@2e077e16::SocketChannelEndPoint@61fd9662{l=/127.0.0.1:35372,r=/127.0.0.1:60188,OPEN,fill=-,flush=-,to=10/30000}{io=0/0,kio=0,kro=1}->HttpConnection@2e077e16[p=HttpParser{s=CONTENT,7800 of 12491},g=HttpGenerator@1f63306b{s=START}]=>HttpChannelOverHttp@6f3a742d{s=HttpChannelState@6b05fd12{s=HANDLING rs=BLOCKING os=OPEN is=IDLE awp=false se=false i=true al=0},r=6,c=false/false,a=HANDLING,uri=//localhost:35372/EchoServlet,age=57} parse HeapByteBuffer@460916c[p=0,l=4691,c=8192,r=4691]={<<<\x1f\xF8\xDe`\xA8-\x06\xFd\\/7\xA0[r\xA1\x817\x1a\x90u\x1c\xA0A[\xD3...MBi-XeeCWTRXO5J-wdtNj-->>>\x00\x00\x00\x00\x00\x00\x00\x00\x00...\x00\x00\x00\x00\x00\x00\x00} {}
[DEBUG] parseNext s=CONTENT HeapByteBuffer@460916c[p=0,l=4691,c=8192,r=4691]={<<<\x1f\xF8\xDe`\xA8-\x06\xFd\\/7\xA0[r\xA1\x817\x1a\x90u\x1c\xA0A[\xD3...MBi-XeeCWTRXO5J-wdtNj-->>>\x00\x00\x00\x00\x00\x00\x00\x00\x00...\x00\x00\x00\x00\x00\x00\x00}
[DEBUG] onContent HttpChannelOverHttp@6f3a742d{s=HttpChannelState@6b05fd12{s=HANDLING rs=BLOCKING os=OPEN is=IDLE awp=false se=false i=true al=0},r=6,c=false/false,a=HANDLING,uri=//localhost:35372/EchoServlet,age=57} Content@7a37601b{HeapByteBufferR@190eb703[p=0,l=4691,c=8192,r=4691]={<<<\x1f\xF8\xDe`\xA8-\x06\xFd\\/7\xA0[r\xA1\x817\x1a\x90u\x1c\xA0A[\xD3...MBi-XeeCWTRXO5J-wdtNj-->>>\x00\x00\x00\x00\x00\x00\x00\x00\x00...\x00\x00\x00\x00\x00\x00\x00}}
[DEBUG] HttpInputOverHTTP@1e5b6482[c=7800,q=0,[0]=null,s=STREAM] addContent Content@7a37601b{HeapByteBufferR@190eb703[p=0,l=4691,c=8192,r=4691]={<<<\x1f\xF8\xDe`\xA8-\x06\xFd\\/7\xA0[r\xA1\x817\x1a\x90u\x1c\xA0A[\xD3...MBi-XeeCWTRXO5J-wdtNj-->>>\x00\x00\x00\x00\x00\x00\x00\x00\x00...\x00\x00\x00\x00\x00\x00\x00}}
[DEBUG] CONTENT --> CONTENT_END
[DEBUG] onContentComplete HttpChannelOverHttp@6f3a742d{s=HttpChannelState@6b05fd12{s=HANDLING rs=BLOCKING os=OPEN is=IDLE awp=false se=false i=true al=0},r=6,c=false/false,a=HANDLING,uri=//localhost:35372/EchoServlet,age=57}
[DEBUG] CONTENT_END --> END
[DEBUG] onRequestComplete HttpChannelOverHttp@6f3a742d{s=HttpChannelState@6b05fd12{s=HANDLING rs=BLOCKING os=OPEN is=IDLE awp=false se=false i=true al=0},r=6,c=false/false,a=HANDLING,uri=//localhost:35372/EchoServlet,age=59}
[DEBUG] HttpInputOverHTTP@1e5b6482[c=7800,q=1,[0]=EOF,s=STREAM] addContent EOF
[DEBUG] HttpConnection@2e077e16::SocketChannelEndPoint@61fd9662{l=/127.0.0.1:35372,r=/127.0.0.1:60188,OPEN,fill=-,flush=-,to=12/30000}{io=0/0,kio=0,kro=1}->HttpConnection@2e077e16[p=HttpParser{s=END,12491 of 12491},g=HttpGenerator@1f63306b{s=START}]=>HttpChannelOverHttp@6f3a742d{s=HttpChannelState@6b05fd12{s=HANDLING rs=BLOCKING os=OPEN is=IDLE awp=false se=false i=true al=0},r=6,c=false/false,a=HANDLING,uri=//localhost:35372/EchoServlet,age=59} parsed false HttpParser{s=END,12491 of 12491}
[DEBUG] HttpInputOverHTTP@1e5b6482[c=8192,q=1,[0]=EOF,s=STREAM] read 392 from Content@7a37601b{HeapByteBufferR@190eb703[p=392,l=4691,c=8192,r=4299]={\x1f\xF8\xDe`\xA8-\x06\xFd\\...vOV\x95\xFa\xC1\xD7<<<\x9e=\xB5YOT\xD2W\xD8R\x17\xCa(\xF2tX\xF5\x8c6\x83q\xCf\x8e\x9a\x02...MBi-XeeCWTRXO5J-wdtNj-->>>\x00\x00\x00\x00\x00\x00\x00\x00\x00...\x00\x00\x00\x00\x00\x00\x00}}
[DEBUG] HttpInputOverHTTP@1e5b6482[c=12491,q=1,[0]=EOF,s=STREAM] read 4299 from Content@7a37601b{HeapByteBufferR@190eb703[p=4691,l=4691,c=8192,r=0]={\x1f\xF8\xDe`\xA8-\x06\xFd\\...wdtNj--<<<>>>\x00\x00\x00\x00\x00\x00\x00\x00\x00...\x00\x00\x00\x00\x00\x00\x00}}
[DEBUG] releaseRequestBuffer HttpConnection@2e077e16::SocketChannelEndPoint@61fd9662{l=/127.0.0.1:35372,r=/127.0.0.1:60188,OPEN,fill=-,flush=-,to=12/30000}{io=0/0,kio=0,kro=1}->HttpConnection@2e077e16[p=HttpParser{s=END,12491 of 12491},g=HttpGenerator@1f63306b{s=START}]=>HttpChannelOverHttp@6f3a742d{s=HttpChannelState@6b05fd12{s=HANDLING rs=BLOCKING os=OPEN is=IDLE awp=false se=false i=true al=0},r=6,c=false/false,a=HANDLING,uri=//localhost:35372/EchoServlet,age=60}
[DEBUG] onEof HttpChannelState@6b05fd12{s=HANDLING rs=BLOCKING os=OPEN is=IDLE awp=false se=false i=true al=0}
[DEBUG] onEof HttpChannelState@6b05fd12{s=HANDLING rs=BLOCKING os=OPEN is=READY awp=false se=false i=true al=0}
[DEBUG] write(array HeapByteBuffer@3a35206a[p=0,l=40,c=512,r=40]={<<<<tr><th>_function</th><td>tidy</td></tr>>>>orm-data;...\x00\x00\x00\x00\x00\x00\x00})
[DEBUG] write(array) s=OPEN,api=BLOCKING,sc=false,e=null aggregated !flush DirectByteBuffer@38e5eb8d[p=0,l=934,c=32768,r=934]={<<<<title>Webserver Environm...</th><td>tidy</td></tr>>>>\x00\x00\x00\x00\x00\x00\x00\x00\x00...\x00\x00\x00\x00\x00\x00\x00}
[DEBUG] write(array HeapByteBuffer@561d3ab8[p=0,l=1,c=512,r=1]={<<<\n>>>tr><th>_f...\x00\x00\x00\x00\x00\x00\x00})
[DEBUG] write(array) s=OPEN,api=BLOCKING,sc=false,e=null aggregated !flush DirectByteBuffer@38e5eb8d[p=0,l=935,c=32768,r=935]={<<<<title>Webserver Environm.../th><td>tidy</td></tr>\n>>>\x00\x00\x00\x00\x00\x00\x00\x00\x00...\x00\x00\x00\x00\x00\x00\x00}
[DEBUG] onEof HttpChannelState@6b05fd12{s=HANDLING rs=BLOCKING os=OPEN is=READY awp=false se=false i=true al=0}
[DEBUG] write(array HeapByteBuffer@39b488df[p=0,l=33,c=512,r=33]={<<<<tr><th>Parts</th><td>2</td></tr>>>>d></tr>or...\x00\x00\x00\x00\x00\x00\x00})
[DEBUG] write(array) s=OPEN,api=BLOCKING,sc=false,e=null aggregated !flush DirectByteBuffer@38e5eb8d[p=0,l=968,c=32768,r=968]={<<<<title>Webserver Environm...rts</th><td>2</td></tr>>>>\x00\x00\x00\x00\x00\x00\x00\x00\x00...\x00\x00\x00\x00\x00\x00\x00}
[DEBUG] write(array HeapByteBuffer@24913c68[p=0,l=1,c=512,r=1]={<<<\n>>>tr><th>Pa...\x00\x00\x00\x00\x00\x00\x00})
[DEBUG] write(array) s=OPEN,api=BLOCKING,sc=false,e=null aggregated !flush DirectByteBuffer@38e5eb8d[p=0,l=969,c=32768,r=969]={<<<<title>Webserver Environm...ts</th><td>2</td></tr>\n>>>\x00\x00\x00\x00\x00\x00\x00\x00\x00...\x00\x00\x00\x00\x00\x00\x00}
[DEBUG] write(array HeapByteBuffer@37346ee0[p=0,l=73,c=512,r=73]={<<<<tr><th>Part _file Conten.../octet-stream</td></tr>>>>-XeeCWTRX...\x00\x00\x00\x00\x00\x00\x00})
[DEBUG] write(array) s=OPEN,api=BLOCKING,sc=false,e=null aggregated !flush DirectByteBuffer@38e5eb8d[p=0,l=1042,c=32768,r=1042]={<<<<title>Webserver Environm.../octet-stream</td></tr>>>>\x00\x00\x00\x00\x00\x00\x00\x00\x00...\x00\x00\x00\x00\x00\x00\x00}
[DEBUG] write(array HeapByteBuffer@8435a44[p=0,l=1,c=512,r=1]={<<<\n>>>tr><th>Pa...\x00\x00\x00\x00\x00\x00\x00})
[DEBUG] write(array) s=OPEN,api=BLOCKING,sc=false,e=null aggregated !flush DirectByteBuffer@38e5eb8d[p=0,l=1043,c=32768,r=1043]={<<<<title>Webserver Environm...octet-stream</td></tr>\n>>>\x00\x00\x00\x00\x00\x00\x00\x00\x00...\x00\x00\x00\x00\x00\x00\x00}
[DEBUG] write(array HeapByteBuffer@15acc9e3[p=0,l=47,c=512,r=47]={<<<<tr><th>Part _file Name</th><td>_file</td></tr>>>>ion/octet...\x00\x00\x00\x00\x00\x00\x00})
[DEBUG] write(array) s=OPEN,api=BLOCKING,sc=false,e=null aggregated !flush DirectByteBuffer@38e5eb8d[p=0,l=1090,c=32768,r=1090]={<<<<title>Webserver Environm.../th><td>_file</td></tr>>>>\x00\x00\x00\x00\x00\x00\x00\x00\x00...\x00\x00\x00\x00\x00\x00\x00}
[DEBUG] write(array HeapByteBuffer@38f3d542[p=0,l=1,c=512,r=1]={<<<\n>>>tr><th>Pa...\x00\x00\x00\x00\x00\x00\x00})
[DEBUG] write(array) s=OPEN,api=BLOCKING,sc=false,e=null aggregated !flush DirectByteBuffer@38e5eb8d[p=0,l=1091,c=32768,r=1091]={<<<<title>Webserver Environm...th><td>_file</td></tr>\n>>>\x00\x00\x00\x00\x00\x00\x00\x00\x00...\x00\x00\x00\x00\x00\x00\x00}
[DEBUG] write(array HeapByteBuffer@2c24efd2[p=0,l=56,c=512,r=56]={<<<<tr><th>Part _file Filena...td>check.html</td></tr>>>>-stream</...\x00\x00\x00\x00\x00\x00\x00})
[DEBUG] write(array) s=OPEN,api=BLOCKING,sc=false,e=null aggregated !flush DirectByteBuffer@38e5eb8d[p=0,l=1147,c=32768,r=1147]={<<<<title>Webserver Environm...td>check.html</td></tr>>>>\x00\x00\x00\x00\x00\x00\x00\x00\x00...\x00\x00\x00\x00\x00\x00\x00}
[DEBUG] write(array HeapByteBuffer@3e270168[p=0,l=1,c=512,r=1]={<<<\n>>>tr><th>Pa...\x00\x00\x00\x00\x00\x00\x00})
[DEBUG] write(array) s=OPEN,api=BLOCKING,sc=false,e=null aggregated !flush DirectByteBuffer@38e5eb8d[p=0,l=1148,c=32768,r=1148]={<<<<title>Webserver Environm...d>check.html</td></tr>\n>>>\x00\x00\x00\x00\x00\x00\x00\x00\x00...\x00\x00\x00\x00\x00\x00\x00}
[DEBUG] write(array HeapByteBuffer@4d37249e[p=0,l=47,c=512,r=47]={<<<<tr><th>Part _file Size</th><td>12212</td></tr>>>>/td></tr>...\x00\x00\x00\x00\x00\x00\x00})
[DEBUG] write(array) s=OPEN,api=BLOCKING,sc=false,e=null aggregated !flush DirectByteBuffer@38e5eb8d[p=0,l=1195,c=32768,r=1195]={<<<<title>Webserver Environm.../th><td>12212</td></tr>>>>\x00\x00\x00\x00\x00\x00\x00\x00\x00...\x00\x00\x00\x00\x00\x00\x00}
[DEBUG] write(array HeapByteBuffer@6b48b1bf[p=0,l=1,c=512,r=1]={<<<\n>>>tr><th>Pa...\x00\x00\x00\x00\x00\x00\x00})
[DEBUG] write(array) s=OPEN,api=BLOCKING,sc=false,e=null aggregated !flush DirectByteBuffer@38e5eb8d[p=0,l=1196,c=32768,r=1196]={<<<<title>Webserver Environm...th><td>12212</td></tr>\n>>>\x00\x00\x00\x00\x00\x00\x00\x00\x00...\x00\x00\x00\x00\x00\x00\x00}
[DEBUG] write(array HeapByteBuffer@6019997b[p=0,l=53,c=512,r=53]={<<<<tr><th>Part _function Co...Type</th><td></td></tr>>>>tr>-strea...\x00\x00\x00\x00\x00\x00\x00})
[DEBUG] write(array) s=OPEN,api=BLOCKING,sc=false,e=null aggregated !flush DirectByteBuffer@38e5eb8d[p=0,l=1249,c=32768,r=1249]={<<<<title>Webserver Environm...Type</th><td></td></tr>>>>\x00\x00\x00\x00\x00\x00\x00\x00\x00...\x00\x00\x00\x00\x00\x00\x00}
[DEBUG] write(array HeapByteBuffer@66b3f851[p=0,l=1,c=512,r=1]={<<<\n>>>tr><th>Pa...\x00\x00\x00\x00\x00\x00\x00})
[DEBUG] write(array) s=OPEN,api=BLOCKING,sc=false,e=null aggregated !flush DirectByteBuffer@38e5eb8d[p=0,l=1250,c=32768,r=1250]={<<<<title>Webserver Environm...ype</th><td></td></tr>\n>>>\x00\x00\x00\x00\x00\x00\x00\x00\x00...\x00\x00\x00\x00\x00\x00\x00}
[DEBUG] write(array HeapByteBuffer@125423cd[p=0,l=55,c=512,r=55]={<<<<tr><th>Part _function Na...<td>_function</td></tr>>>>>-stream<...\x00\x00\x00\x00\x00\x00\x00})
[DEBUG] write(array) s=OPEN,api=BLOCKING,sc=false,e=null aggregated !flush DirectByteBuffer@38e5eb8d[p=0,l=1305,c=32768,r=1305]={<<<<title>Webserver Environm...<td>_function</td></tr>>>>\x00\x00\x00\x00\x00\x00\x00\x00\x00...\x00\x00\x00\x00\x00\x00\x00}
[DEBUG] write(array HeapByteBuffer@3cbfad71[p=0,l=1,c=512,r=1]={<<<\n>>>tr><th>Pa...\x00\x00\x00\x00\x00\x00\x00})
[DEBUG] write(array) s=OPEN,api=BLOCKING,sc=false,e=null aggregated !flush DirectByteBuffer@38e5eb8d[p=0,l=1306,c=32768,r=1306]={<<<<title>Webserver Environm...td>_function</td></tr>\n>>>\x00\x00\x00\x00\x00\x00\x00\x00\x00...\x00\x00\x00\x00\x00\x00\x00}
[DEBUG] write(array HeapByteBuffer@10c139dc[p=0,l=50,c=512,r=50]={<<<<tr><th>Part _function Fi...name</th><td></td></tr>>>></tr>>-st...\x00\x00\x00\x00\x00\x00\x00})
[DEBUG] write(array) s=OPEN,api=BLOCKING,sc=false,e=null aggregated !flush DirectByteBuffer@38e5eb8d[p=0,l=1356,c=32768,r=1356]={<<<<title>Webserver Environm...name</th><td></td></tr>>>>\x00\x00\x00\x00\x00\x00\x00\x00\x00...\x00\x00\x00\x00\x00\x00\x00}
[DEBUG] write(array HeapByteBuffer@69c92ae5[p=0,l=1,c=512,r=1]={<<<\n>>>tr><th>Pa...\x00\x00\x00\x00\x00\x00\x00})
[DEBUG] write(array) s=OPEN,api=BLOCKING,sc=false,e=null aggregated !flush DirectByteBuffer@38e5eb8d[p=0,l=1357,c=32768,r=1357]={<<<<title>Webserver Environm...ame</th><td></td></tr>\n>>>\x00\x00\x00\x00\x00\x00\x00\x00\x00...\x00\x00\x00\x00\x00\x00\x00}
[DEBUG] write(array HeapByteBuffer@5a30365a[p=0,l=47,c=512,r=47]={<<<<tr><th>Part _function Size</th><td>4</td></tr>>>>tr></tr>>...\x00\x00\x00\x00\x00\x00\x00})
[DEBUG] write(array) s=OPEN,api=BLOCKING,sc=false,e=null aggregated !flush DirectByteBuffer@38e5eb8d[p=0,l=1404,c=32768,r=1404]={<<<<title>Webserver Environm...ize</th><td>4</td></tr>>>>\x00\x00\x00\x00\x00\x00\x00\x00\x00...\x00\x00\x00\x00\x00\x00\x00}
[DEBUG] write(array HeapByteBuffer@1b25cc48[p=0,l=1,c=512,r=1]={<<<\n>>>tr><th>Pa...\x00\x00\x00\x00\x00\x00\x00})
[DEBUG] write(array) s=OPEN,api=BLOCKING,sc=false,e=null aggregated !flush DirectByteBuffer@38e5eb8d[p=0,l=1405,c=32768,r=1405]={<<<<title>Webserver Environm...ze</th><td>4</td></tr>\n>>>\x00\x00\x00\x00\x00\x00\x00\x00\x00...\x00\x00\x00\x00\x00\x00\x00}
[DEBUG] write(array HeapByteBuffer@2b30929[p=0,l=8,c=512,r=8]={<<<</table>>>>Part _fun...\x00\x00\x00\x00\x00\x00\x00})
[DEBUG] write(array) s=OPEN,api=BLOCKING,sc=false,e=null aggregated !flush DirectByteBuffer@38e5eb8d[p=0,l=1413,c=32768,r=1413]={<<<<title>Webserver Environm...td>4</td></tr>\n</table>>>>\x00\x00\x00\x00\x00\x00\x00\x00\x00...\x00\x00\x00\x00\x00\x00\x00}
[DEBUG] write(array HeapByteBuffer@228d9598[p=0,l=1,c=512,r=1]={<<<\n>>>/table>Pa...\x00\x00\x00\x00\x00\x00\x00})
[DEBUG] write(array) s=OPEN,api=BLOCKING,sc=false,e=null aggregated !flush DirectByteBuffer@38e5eb8d[p=0,l=1414,c=32768,r=1414]={<<<<title>Webserver Environm...d>4</td></tr>\n</table>\n>>>\x00\x00\x00\x00\x00\x00\x00\x00\x00...\x00\x00\x00\x00\x00\x00\x00}
[DEBUG] handled=true async=false committed=false on HttpChannelOverHttp@6f3a742d{s=HttpChannelState@6b05fd12{s=HANDLING rs=BLOCKING os=OPEN is=READY awp=false se=false i=true al=0},r=6,c=false/false,a=HANDLING,uri=//localhost:35372/EchoServlet,age=85}
[DEBUG] unhandle HttpChannelState@6b05fd12{s=HANDLING rs=BLOCKING os=OPEN is=READY awp=false se=false i=true al=0}
[DEBUG] nextAction(false) COMPLETE HttpChannelState@6b05fd12{s=HANDLING rs=COMPLETING os=OPEN is=READY awp=false se=false i=false al=0}
[DEBUG] action COMPLETE HttpChannelOverHttp@6f3a742d{s=HttpChannelState@6b05fd12{s=HANDLING rs=COMPLETING os=OPEN is=READY awp=false se=false i=false al=0},r=6,c=false/false,a=HANDLING,uri=//localhost:35372/EchoServlet,age=85}
[DEBUG] complete(org.eclipse.jetty.util.Callback$3@79d4e575) s=CLOSING,api=BLOCKED,sc=false,e=null s=false e=null, c=DirectByteBuffer@38e5eb8d[p=0,l=1414,c=32768,r=1414]={<<<<title>Webserver Environm...d>4</td></tr>\n</table>\n>>>\x00\x00\x00\x00\x00\x00\x00\x00\x00...\x00\x00\x00\x00\x00\x00\x00}
[DEBUG] sendResponse info=null content=DirectByteBuffer@38e5eb8d[p=0,l=1414,c=32768,r=1414]={<<<<title>Webserver Environm...d>4</td></tr>\n</table>\n>>>\x00\x00\x00\x00\x00\x00\x00\x00\x00...\x00\x00\x00\x00\x00\x00\x00} complete=true committing=true callback=org.eclipse.jetty.server.HttpOutput$WriteCompleteCB@4c26218b
[DEBUG] COMMIT for /EchoServlet on HttpChannelOverHttp@6f3a742d{s=HttpChannelState@6b05fd12{s=HANDLING rs=COMPLETING os=COMMITTED is=READY awp=false se=false i=false al=0},r=6,c=false/false,a=HANDLING,uri=//localhost:35372/EchoServlet,age=85}
200 null HTTP/1.1
Date: Tue, 28 Sep 2021 06:03:30 GMT
Content-Type: text/html;charset=utf-8
Cache-Control: no-cache
Cache-Control: no-store


[DEBUG] generate: NEED_HEADER for SendCallback@96c627e[PROCESSING][i=HTTP/1.1{s=200,h=4,cl=-1},cb=org.eclipse.jetty.server.HttpChannel$SendCallback@56468367] (null,[p=0,l=1414,c=32768,r=1414],true)@START
[DEBUG] generateHeaders HTTP/1.1{s=200,h=4,cl=-1} last=true content=DirectByteBuffer@38e5eb8d[p=0,l=1414,c=32768,r=1414]={<<<<title>Webserver Environm...d>4</td></tr>\n</table>\n>>>\x00\x00\x00\x00\x00\x00\x00\x00\x00...\x00\x00\x00\x00\x00\x00\x00}
[DEBUG] Date: Tue, 28 Sep 2021 06:03:30 GMT
Content-Type: text/html;charset=utf-8
Cache-Control: no-cache
Cache-Control: no-store


[DEBUG] CONTENT_LENGTH
[DEBUG] generate: FLUSH for SendCallback@96c627e[PROCESSING][i=HTTP/1.1{s=200,h=4,cl=-1},cb=org.eclipse.jetty.server.HttpChannel$SendCallback@56468367] ([p=0,l=200,c=8192,r=200],[p=0,l=1414,c=32768,r=1414],true)@COMPLETING
[DEBUG] write: WriteFlusher@d847498{IDLE}->null [HeapByteBuffer@2a66826a[p=0,l=200,c=8192,r=200]={<<<HTTP/1.1 200 OK\r\nDate: Tu...y(9.4.43.v20210629)\r\n\r\n>>>art/form-...\x86&h\xA0{\xC1\xC2},DirectByteBuffer@38e5eb8d[p=0,l=1414,c=32768,r=1414]={<<<<title>Webserver Environm...d>4</td></tr>\n</table>\n>>>\x00\x00\x00\x00\x00\x00\x00\x00\x00...\x00\x00\x00\x00\x00\x00\x00}]
[DEBUG] update WriteFlusher@d847498{WRITING}->null:IDLE-->WRITING
]]></system-out>
  </testcase>
  <testcase name="parseParseThrowsValidates" classname="org.jsoup.integration.ConnectTest" time="0.016">
    <system-out><![CDATA[[DEBUG] flushed 1614 SocketChannelEndPoint@61fd9662{l=/127.0.0.1:35372,r=/127.0.0.1:60188,OPEN,fill=-,flush=W,to=44/30000}{io=0/0,kio=0,kro=1}->HttpConnection@2e077e16[p=HttpParser{s=END,12491 of 12491},g=HttpGenerator@1f63306b{s=COMPLETING}]=>HttpChannelOverHttp@6f3a742d{s=HttpChannelState@6b05fd12{s=HANDLING rs=COMPLETING os=COMMITTED is=READY awp=false se=false i=false al=0},r=6,c=false/false,a=HANDLING,uri=//localhost:35372/EchoServlet,age=91}
[DEBUG] Flushed=true written=1614 remaining=0 WriteFlusher@d847498{WRITING}->null
[DEBUG] update WriteFlusher@d847498{IDLE}->null:WRITING-->IDLE
[DEBUG] generate: DONE for SendCallback@96c627e[PROCESSING][i=HTTP/1.1{s=200,h=4,cl=-1},cb=org.eclipse.jetty.server.HttpChannel$SendCallback@56468367] ([p=200,l=200,c=8192,r=0],[p=1414,l=1414,c=32768,r=0],true)@END
[DEBUG] onWriteComplete(true,null) s=CLOSING,api=BLOCKED,sc=false,e=null->s=CLOSED,api=BLOCKING,sc=false,e=null c=null cb=org.eclipse.jetty.util.Callback$3@79d4e575 w=false
[DEBUG] completed HttpChannelState@6b05fd12{s=HANDLING rs=COMPLETING os=COMPLETED is=READY awp=false se=false i=false al=0}
[DEBUG] unhandle HttpChannelState@6b05fd12{s=HANDLING rs=COMPLETED os=COMPLETED is=READY awp=false se=false i=false al=0}
[DEBUG] nextAction(false) TERMINATED HttpChannelState@6b05fd12{s=IDLE rs=COMPLETED os=COMPLETED is=READY awp=false se=false i=false al=0}
[DEBUG] action TERMINATED HttpChannelOverHttp@6f3a742d{s=HttpChannelState@6b05fd12{s=IDLE rs=COMPLETED os=COMPLETED is=READY awp=false se=false i=false al=0},r=6,c=true/true,a=IDLE,uri=//localhost:35372/EchoServlet,age=91}
[DEBUG] onCompleted for /EchoServlet written=1414
[DEBUG] recycle HttpChannelState@6b05fd12{s=IDLE rs=COMPLETED os=COMPLETED is=READY awp=false se=false i=false al=0}
[DEBUG] reset HttpParser{s=END,12491 of 12491}
[DEBUG] END --> START
[DEBUG] !handle TERMINATED HttpChannelOverHttp@6f3a742d{s=HttpChannelState@6b05fd12{s=IDLE rs=BLOCKING os=OPEN is=IDLE awp=false se=false i=true al=0},r=6,c=false/false,a=IDLE,uri=null,age=0}
[DEBUG] filled 290 HeapByteBuffer@460916c[p=0,l=290,c=8192,r=290]={<<<GET /EchoServlet HTTP/1.1...nection: keep-alive\r\n\r\n>>>\x15H\x9fM<\xF08+\x93...\x00\x00\x00\x00\x00\x00\x00}
[DEBUG] HttpConnection@2e077e16::SocketChannelEndPoint@61fd9662{l=/127.0.0.1:35372,r=/127.0.0.1:60188,OPEN,fill=-,flush=-,to=0/30000}{io=0/0,kio=0,kro=1}->HttpConnection@2e077e16[p=HttpParser{s=START,0 of -1},g=HttpGenerator@1f63306b{s=START}]=>HttpChannelOverHttp@6f3a742d{s=HttpChannelState@6b05fd12{s=IDLE rs=BLOCKING os=OPEN is=IDLE awp=false se=false i=true al=0},r=6,c=false/false,a=IDLE,uri=null,age=0} filled 290 HeapByteBuffer@460916c[p=0,l=290,c=8192,r=290]={<<<GET /EchoServlet HTTP/1.1...nection: keep-alive\r\n\r\n>>>\x15H\x9fM<\xF08+\x93...\x00\x00\x00\x00\x00\x00\x00}
[DEBUG] HttpConnection@2e077e16::SocketChannelEndPoint@61fd9662{l=/127.0.0.1:35372,r=/127.0.0.1:60188,OPEN,fill=-,flush=-,to=0/30000}{io=0/0,kio=0,kro=1}->HttpConnection@2e077e16[p=HttpParser{s=START,0 of -1},g=HttpGenerator@1f63306b{s=START}]=>HttpChannelOverHttp@6f3a742d{s=HttpChannelState@6b05fd12{s=IDLE rs=BLOCKING os=OPEN is=IDLE awp=false se=false i=true al=0},r=6,c=false/false,a=IDLE,uri=null,age=0} parse HeapByteBuffer@460916c[p=0,l=290,c=8192,r=290]={<<<GET /EchoServlet HTTP/1.1...nection: keep-alive\r\n\r\n>>>\x15H\x9fM<\xF08+\x93...\x00\x00\x00\x00\x00\x00\x00} {}
[DEBUG] parseNext s=START HeapByteBuffer@460916c[p=0,l=290,c=8192,r=290]={<<<GET /EchoServlet HTTP/1.1...nection: keep-alive\r\n\r\n>>>\x15H\x9fM<\xF08+\x93...\x00\x00\x00\x00\x00\x00\x00}
[DEBUG] START --> SPACE1
[DEBUG] SPACE1 --> URI
[DEBUG] URI --> SPACE2
[DEBUG] SPACE2 --> REQUEST_VERSION
[DEBUG] REQUEST_VERSION --> HEADER
[DEBUG] HEADER:Accept-Encoding: gzip --> IN_VALUE
[DEBUG] HEADER:Accept-Encoding: gzip --> FIELD
[DEBUG] HEADER:User-Agent: Mozilla/5.0 (Windows NT 10.0; Win64; x64) AppleWebKit/537.36 (KHTML, like Gecko) Chrome/79.0.3945.130 Safari/537.36 --> IN_VALUE
[DEBUG] HEADER:User-Agent: Mozilla/5.0 (Windows NT 10.0; Win64; x64) AppleWebKit/537.36 (KHTML, like Gecko) Chrome/79.0.3945.130 Safari/537.36 --> FIELD
[DEBUG] HEADER:Host: localhost:35372 --> IN_VALUE
[DEBUG] HEADER:Host: localhost:35372 --> FIELD
[DEBUG] HEADER:Accept: text/html, image/gif, image/jpeg, *; q=.2, */*; q=.2 --> IN_VALUE
[DEBUG] HEADER:Accept: text/html, image/gif, image/jpeg, *; q=.2, */*; q=.2 --> FIELD
[DEBUG] HEADER:Connection: keep-alive --> IN_VALUE
[DEBUG] HEADER:Connection: keep-alive --> FIELD
[DEBUG] HEADER --> CONTENT
[DEBUG] REQUEST for //localhost:35372/EchoServlet on HttpChannelOverHttp@6f3a742d{s=HttpChannelState@6b05fd12{s=IDLE rs=BLOCKING os=OPEN is=IDLE awp=false se=false i=true al=0},r=7,c=false/false,a=IDLE,uri=//localhost:35372/EchoServlet,age=0}
GET //localhost:35372/EchoServlet HTTP/1.1
Accept-Encoding: gzip
User-Agent: Mozilla/5.0 (Windows NT 10.0; Win64; x64) AppleWebKit/537.36 (KHTML, like Gecko) Chrome/79.0.3945.130 Safari/537.36
Host: localhost:35372
Accept: text/html, image/gif, image/jpeg, *; q=.2, */*; q=.2
Connection: keep-alive


[DEBUG] HttpConnection@2e077e16::SocketChannelEndPoint@61fd9662{l=/127.0.0.1:35372,r=/127.0.0.1:60188,OPEN,fill=-,flush=-,to=4/30000}{io=0/0,kio=0,kro=1}->HttpConnection@2e077e16[p=HttpParser{s=CONTENT,0 of -1},g=HttpGenerator@1f63306b{s=START}]=>HttpChannelOverHttp@6f3a742d{s=HttpChannelState@6b05fd12{s=IDLE rs=BLOCKING os=OPEN is=IDLE awp=false se=false i=true al=0},r=7,c=false/false,a=IDLE,uri=//localhost:35372/EchoServlet,age=0} parsed true HttpParser{s=CONTENT,0 of -1}
[DEBUG] releaseRequestBuffer HttpConnection@2e077e16::SocketChannelEndPoint@61fd9662{l=/127.0.0.1:35372,r=/127.0.0.1:60188,OPEN,fill=-,flush=-,to=5/30000}{io=0/0,kio=0,kro=1}->HttpConnection@2e077e16[p=HttpParser{s=CONTENT,0 of -1},g=HttpGenerator@1f63306b{s=START}]=>HttpChannelOverHttp@6f3a742d{s=HttpChannelState@6b05fd12{s=IDLE rs=BLOCKING os=OPEN is=IDLE awp=false se=false i=true al=0},r=7,c=false/false,a=IDLE,uri=//localhost:35372/EchoServlet,age=1}
[DEBUG] handle //localhost:35372/EchoServlet HttpChannelOverHttp@6f3a742d{s=HttpChannelState@6b05fd12{s=IDLE rs=BLOCKING os=OPEN is=IDLE awp=false se=false i=true al=0},r=7,c=false/false,a=IDLE,uri=//localhost:35372/EchoServlet,age=1} 
[DEBUG] handling HttpChannelState@6b05fd12{s=IDLE rs=BLOCKING os=OPEN is=IDLE awp=false se=false i=true al=0}
[DEBUG] action DISPATCH HttpChannelOverHttp@6f3a742d{s=HttpChannelState@6b05fd12{s=HANDLING rs=BLOCKING os=OPEN is=IDLE awp=false se=false i=true al=0},r=7,c=false/false,a=HANDLING,uri=//localhost:35372/EchoServlet,age=1}
[DEBUG] REQUEST GET /EchoServlet on HttpChannelOverHttp@6f3a742d{s=HttpChannelState@6b05fd12{s=HANDLING rs=BLOCKING os=OPEN is=IDLE awp=false se=false i=true al=0},r=7,c=false/false,a=HANDLING,uri=//localhost:35372/EchoServlet,age=1}
[DEBUG] servlet null|/EchoServlet|null -> org.jsoup.integration.servlets.EchoServlet-60d1a32f==org.jsoup.integration.servlets.EchoServlet@1f7ecb09{jsp=null,order=-1,inst=true,async=true,src=EMBEDDED:null,STARTED}
[DEBUG] chain=null
[DEBUG] write(array HeapByteBuffer@3b5f076c[p=0,l=235,c=512,r=235]={<<<<title>Webserver Environm...\n    <table border="0">>>>\x00\x00\x00\x00\x00\x00\x00\x00\x00...\x00\x00\x00\x00\x00\x00\x00})
[DEBUG] write(array) s=OPEN,api=BLOCKING,sc=false,e=null aggregated !flush DirectByteBuffer@7c27fa39[p=0,l=235,c=32768,r=235]={<<<<title>Webserver Environm...\n    <table border="0">>>>="_functi...\x00\x00\x00\x00\x00\x00\x00}
[DEBUG] write(array HeapByteBuffer@5960f6db[p=0,l=36,c=512,r=36]={<<<<tr><th>Method</th><td>GET</td></tr>>>>es</title...\x00\x00\x00\x00\x00\x00\x00})
[DEBUG] write(array) s=OPEN,api=BLOCKING,sc=false,e=null aggregated !flush DirectByteBuffer@7c27fa39[p=0,l=271,c=32768,r=271]={<<<<title>Webserver Environm...d</th><td>GET</td></tr>>>>for="_fil...\x00\x00\x00\x00\x00\x00\x00}
[DEBUG] write(array HeapByteBuffer@ef54278[p=0,l=1,c=512,r=1]={<<<\n>>>tr><th>Me...\x00\x00\x00\x00\x00\x00\x00})
[DEBUG] write(array) s=OPEN,api=BLOCKING,sc=false,e=null aggregated !flush DirectByteBuffer@7c27fa39[p=0,l=272,c=32768,r=272]={<<<<title>Webserver Environm...</th><td>GET</td></tr>\n>>>or="_file...\x00\x00\x00\x00\x00\x00\x00}
[DEBUG] write(array HeapByteBuffer@a9b0dcd[p=0,l=50,c=512,r=50]={<<<<tr><th>Request URI</th><...>/EchoServlet</td></tr>>>> <style t...\x00\x00\x00\x00\x00\x00\x00})
[DEBUG] write(array) s=OPEN,api=BLOCKING,sc=false,e=null aggregated !flush DirectByteBuffer@7c27fa39[p=0,l=322,c=32768,r=322]={<<<<title>Webserver Environm...>/EchoServlet</td></tr>>>>d="_file"...\x00\x00\x00\x00\x00\x00\x00}
[DEBUG] write(array HeapByteBuffer@49bc0f95[p=0,l=1,c=512,r=1]={<<<\n>>>tr><th>Re...\x00\x00\x00\x00\x00\x00\x00})
[DEBUG] write(array) s=OPEN,api=BLOCKING,sc=false,e=null aggregated !flush DirectByteBuffer@7c27fa39[p=0,l=323,c=32768,r=323]={<<<<title>Webserver Environm.../EchoServlet</td></tr>\n>>>="_file" ...\x00\x00\x00\x00\x00\x00\x00}
[DEBUG] write(array HeapByteBuffer@17b4fe57[p=0,l=39,c=512,r=39]={<<<<tr><th>Query String</th><td></td></tr>>>>t</td></t...\x00\x00\x00\x00\x00\x00\x00})
[DEBUG] write(array) s=OPEN,api=BLOCKING,sc=false,e=null aggregated !flush DirectByteBuffer@7c27fa39[p=0,l=362,c=32768,r=362]={<<<<title>Webserver Environm...ring</th><td></td></tr>>>>t type="s...\x00\x00\x00\x00\x00\x00\x00}
[DEBUG] write(array HeapByteBuffer@33f6885b[p=0,l=1,c=512,r=1]={<<<\n>>>tr><th>Qu...\x00\x00\x00\x00\x00\x00\x00})
[DEBUG] write(array) s=OPEN,api=BLOCKING,sc=false,e=null aggregated !flush DirectByteBuffer@7c27fa39[p=0,l=363,c=32768,r=363]={<<<<title>Webserver Environm...ing</th><td></td></tr>\n>>> type="su...\x00\x00\x00\x00\x00\x00\x00}
[DEBUG] write(array HeapByteBuffer@61d11e8d[p=0,l=85,c=512,r=85]={<<<<tr><th>Accept</th><td>te....2, */*; q=.2</td></tr>>>>, td, th ...\x00\x00\x00\x00\x00\x00\x00})
[DEBUG] write(array) s=OPEN,api=BLOCKING,sc=false,e=null aggregated !flush DirectByteBuffer@7c27fa39[p=0,l=448,c=32768,r=448]={<<<<title>Webserver Environm....2, */*; q=.2</td></tr>>>>\n<tr><th>...\x00\x00\x00\x00\x00\x00\x00}
[DEBUG] write(array HeapByteBuffer@48b86585[p=0,l=1,c=512,r=1]={<<<\n>>>tr><th>Ac...\x00\x00\x00\x00\x00\x00\x00})
[DEBUG] write(array) s=OPEN,api=BLOCKING,sc=false,e=null aggregated !flush DirectByteBuffer@7c27fa39[p=0,l=449,c=32768,r=449]={<<<<title>Webserver Environm...2, */*; q=.2</td></tr>\n>>><tr><th>U...\x00\x00\x00\x00\x00\x00\x00}
[DEBUG] write(array HeapByteBuffer@78ce6c83[p=0,l=152,c=512,r=152]={<<<<tr><th>User-Agent</th><t...Safari/537.36</td></tr>>>>      th ...\x00\x00\x00\x00\x00\x00\x00})
[DEBUG] write(array) s=OPEN,api=BLOCKING,sc=false,e=null aggregated !flush DirectByteBuffer@7c27fa39[p=0,l=601,c=32768,r=601]={<<<<title>Webserver Environm...Safari/537.36</td></tr>>>>\n<tr><th>...\x00\x00\x00\x00\x00\x00\x00}
[DEBUG] write(array HeapByteBuffer@7ffd8791[p=0,l=1,c=512,r=1]={<<<\n>>>tr><th>Us...\x00\x00\x00\x00\x00\x00\x00})
[DEBUG] write(array) s=OPEN,api=BLOCKING,sc=false,e=null aggregated !flush DirectByteBuffer@7c27fa39[p=0,l=602,c=32768,r=602]={<<<<title>Webserver Environm...afari/537.36</td></tr>\n>>><tr><th>C...\x00\x00\x00\x00\x00\x00\x00}
[DEBUG] write(array HeapByteBuffer@16b1cb95[p=0,l=47,c=512,r=47]={<<<<tr><th>Connection</th><td>keep-alive</td></tr>>>> NT 10.0;...\x00\x00\x00\x00\x00\x00\x00})
[DEBUG] write(array) s=OPEN,api=BLOCKING,sc=false,e=null aggregated !flush DirectByteBuffer@7c27fa39[p=0,l=649,c=32768,r=649]={<<<<title>Webserver Environm...td>keep-alive</td></tr>>>>\n<tr><th>...\x00\x00\x00\x00\x00\x00\x00}
[DEBUG] write(array HeapByteBuffer@1dae008b[p=0,l=1,c=512,r=1]={<<<\n>>>tr><th>Co...\x00\x00\x00\x00\x00\x00\x00})
[DEBUG] write(array) s=OPEN,api=BLOCKING,sc=false,e=null aggregated !flush DirectByteBuffer@7c27fa39[p=0,l=650,c=32768,r=650]={<<<<title>Webserver Environm...d>keep-alive</td></tr>\n>>><tr><th>H...\x00\x00\x00\x00\x00\x00\x00}
[DEBUG] write(array HeapByteBuffer@160fddc9[p=0,l=46,c=512,r=46]={<<<<tr><th>Host</th><td>localhost:35372</td></tr>>>>> NT 10.0...\x00\x00\x00\x00\x00\x00\x00})
[DEBUG] write(array) s=OPEN,api=BLOCKING,sc=false,e=null aggregated !flush DirectByteBuffer@7c27fa39[p=0,l=696,c=32768,r=696]={<<<<title>Webserver Environm...calhost:35372</td></tr>>>>\n<tr><th>...\x00\x00\x00\x00\x00\x00\x00}
[DEBUG] write(array HeapByteBuffer@5dd1196[p=0,l=1,c=512,r=1]={<<<\n>>>tr><th>Ho...\x00\x00\x00\x00\x00\x00\x00})
[DEBUG] write(array) s=OPEN,api=BLOCKING,sc=false,e=null aggregated !flush DirectByteBuffer@7c27fa39[p=0,l=697,c=32768,r=697]={<<<<title>Webserver Environm...alhost:35372</td></tr>\n>>><tr><th>A...\x00\x00\x00\x00\x00\x00\x00}
[DEBUG] write(array HeapByteBuffer@1d289fdb[p=0,l=46,c=512,r=46]={<<<<tr><th>Accept-Encoding</th><td>gzip</td></tr>>>>> NT 10.0...\x00\x00\x00\x00\x00\x00\x00})
[DEBUG] write(array) s=OPEN,api=BLOCKING,sc=false,e=null aggregated !flush DirectByteBuffer@7c27fa39[p=0,l=743,c=32768,r=743]={<<<<title>Webserver Environm...</th><td>gzip</td></tr>>>>\n</table>...\x00\x00\x00\x00\x00\x00\x00}
[DEBUG] write(array HeapByteBuffer@70ef6ead[p=0,l=1,c=512,r=1]={<<<\n>>>tr><th>Ac...\x00\x00\x00\x00\x00\x00\x00})
[DEBUG] write(array) s=OPEN,api=BLOCKING,sc=false,e=null aggregated !flush DirectByteBuffer@7c27fa39[p=0,l=744,c=32768,r=744]={<<<<title>Webserver Environm.../th><td>gzip</td></tr>\n>>></table>\n...\x00\x00\x00\x00\x00\x00\x00}
[DEBUG] filled 0 HeapByteBuffer@2a66826a[p=0,l=0,c=8192,r=0]={<<<>>>HTTP/1.1 ...\x86&h\xA0{\xC1\xC2}
[DEBUG] filled 0 HeapByteBuffer@2a66826a[p=0,l=0,c=8192,r=0]={<<<>>>HTTP/1.1 ...\x86&h\xA0{\xC1\xC2}
[DEBUG] HttpConnection@2e077e16::SocketChannelEndPoint@61fd9662{l=/127.0.0.1:35372,r=/127.0.0.1:60188,OPEN,fill=-,flush=-,to=7/30000}{io=0/0,kio=0,kro=1}->HttpConnection@2e077e16[p=HttpParser{s=CONTENT,0 of -1},g=HttpGenerator@1f63306b{s=START}]=>HttpChannelOverHttp@6f3a742d{s=HttpChannelState@6b05fd12{s=HANDLING rs=BLOCKING os=OPEN is=IDLE awp=false se=false i=true al=0},r=7,c=false/false,a=HANDLING,uri=//localhost:35372/EchoServlet,age=2} filled 0 HeapByteBuffer@2a66826a[p=0,l=0,c=8192,r=0]={<<<>>>HTTP/1.1 ...\x86&h\xA0{\xC1\xC2}
[DEBUG] HttpConnection@2e077e16::SocketChannelEndPoint@61fd9662{l=/127.0.0.1:35372,r=/127.0.0.1:60188,OPEN,fill=-,flush=-,to=7/30000}{io=0/0,kio=0,kro=1}->HttpConnection@2e077e16[p=HttpParser{s=CONTENT,0 of -1},g=HttpGenerator@1f63306b{s=START}]=>HttpChannelOverHttp@6f3a742d{s=HttpChannelState@6b05fd12{s=HANDLING rs=BLOCKING os=OPEN is=IDLE awp=false se=false i=true al=0},r=7,c=false/false,a=HANDLING,uri=//localhost:35372/EchoServlet,age=2} parse HeapByteBuffer@2a66826a[p=0,l=0,c=8192,r=0]={<<<>>>HTTP/1.1 ...\x86&h\xA0{\xC1\xC2} {}
[DEBUG] parseNext s=CONTENT HeapByteBuffer@2a66826a[p=0,l=0,c=8192,r=0]={<<<>>>HTTP/1.1 ...\x86&h\xA0{\xC1\xC2}
[DEBUG] CONTENT --> CONTENT_END
[DEBUG] onContentComplete HttpChannelOverHttp@6f3a742d{s=HttpChannelState@6b05fd12{s=HANDLING rs=BLOCKING os=OPEN is=IDLE awp=false se=false i=true al=0},r=7,c=false/false,a=HANDLING,uri=//localhost:35372/EchoServlet,age=3}
[DEBUG] CONTENT_END --> END
[DEBUG] onRequestComplete HttpChannelOverHttp@6f3a742d{s=HttpChannelState@6b05fd12{s=HANDLING rs=BLOCKING os=OPEN is=IDLE awp=false se=false i=true al=0},r=7,c=false/false,a=HANDLING,uri=//localhost:35372/EchoServlet,age=3}
[DEBUG] HttpInputOverHTTP@1e5b6482[c=0,q=0,[0]=null,s=STREAM] addContent EOF
[DEBUG] HttpConnection@2e077e16::SocketChannelEndPoint@61fd9662{l=/127.0.0.1:35372,r=/127.0.0.1:60188,OPEN,fill=-,flush=-,to=7/30000}{io=0/0,kio=0,kro=1}->HttpConnection@2e077e16[p=HttpParser{s=END,0 of -1},g=HttpGenerator@1f63306b{s=START}]=>HttpChannelOverHttp@6f3a742d{s=HttpChannelState@6b05fd12{s=HANDLING rs=BLOCKING os=OPEN is=IDLE awp=false se=false i=true al=0},r=7,c=false/false,a=HANDLING,uri=//localhost:35372/EchoServlet,age=3} parsed false HttpParser{s=END,0 of -1}
[DEBUG] releaseRequestBuffer HttpConnection@2e077e16::SocketChannelEndPoint@61fd9662{l=/127.0.0.1:35372,r=/127.0.0.1:60188,OPEN,fill=-,flush=-,to=7/30000}{io=0/0,kio=0,kro=1}->HttpConnection@2e077e16[p=HttpParser{s=END,0 of -1},g=HttpGenerator@1f63306b{s=START}]=>HttpChannelOverHttp@6f3a742d{s=HttpChannelState@6b05fd12{s=HANDLING rs=BLOCKING os=OPEN is=IDLE awp=false se=false i=true al=0},r=7,c=false/false,a=HANDLING,uri=//localhost:35372/EchoServlet,age=3}
[DEBUG] onEof HttpChannelState@6b05fd12{s=HANDLING rs=BLOCKING os=OPEN is=IDLE awp=false se=false i=true al=0}
[DEBUG] write(array HeapByteBuffer@186614ec[p=0,l=8,c=512,r=8]={<<<</table>>>>Accept-En...\x00\x00\x00\x00\x00\x00\x00})
[DEBUG] write(array) s=OPEN,api=BLOCKING,sc=false,e=null aggregated !flush DirectByteBuffer@7c27fa39[p=0,l=752,c=32768,r=752]={<<<<title>Webserver Environm...gzip</td></tr>\n</table>>>>\n\n<tr><th...\x00\x00\x00\x00\x00\x00\x00}
[DEBUG] write(array HeapByteBuffer@75dae7d7[p=0,l=1,c=512,r=1]={<<<\n>>>/table>Ac...\x00\x00\x00\x00\x00\x00\x00})
[DEBUG] write(array) s=OPEN,api=BLOCKING,sc=false,e=null aggregated !flush DirectByteBuffer@7c27fa39[p=0,l=753,c=32768,r=753]={<<<<title>Webserver Environm...zip</td></tr>\n</table>\n>>>\n<tr><th>...\x00\x00\x00\x00\x00\x00\x00}
[DEBUG] handled=true async=false committed=false on HttpChannelOverHttp@6f3a742d{s=HttpChannelState@6b05fd12{s=HANDLING rs=BLOCKING os=OPEN is=READY awp=false se=false i=true al=0},r=7,c=false/false,a=HANDLING,uri=//localhost:35372/EchoServlet,age=6}
[DEBUG] unhandle HttpChannelState@6b05fd12{s=HANDLING rs=BLOCKING os=OPEN is=READY awp=false se=false i=true al=0}
[DEBUG] nextAction(false) COMPLETE HttpChannelState@6b05fd12{s=HANDLING rs=COMPLETING os=OPEN is=READY awp=false se=false i=false al=0}
[DEBUG] action COMPLETE HttpChannelOverHttp@6f3a742d{s=HttpChannelState@6b05fd12{s=HANDLING rs=COMPLETING os=OPEN is=READY awp=false se=false i=false al=0},r=7,c=false/false,a=HANDLING,uri=//localhost:35372/EchoServlet,age=7}
[DEBUG] complete(org.eclipse.jetty.util.Callback$3@2c5568f0) s=CLOSING,api=BLOCKED,sc=false,e=null s=false e=null, c=DirectByteBuffer@7c27fa39[p=0,l=753,c=32768,r=753]={<<<<title>Webserver Environm...zip</td></tr>\n</table>\n>>>\n<tr><th>...\x00\x00\x00\x00\x00\x00\x00}
[DEBUG] sendResponse info=null content=DirectByteBuffer@7c27fa39[p=0,l=753,c=32768,r=753]={<<<<title>Webserver Environm...zip</td></tr>\n</table>\n>>>\n<tr><th>...\x00\x00\x00\x00\x00\x00\x00} complete=true committing=true callback=org.eclipse.jetty.server.HttpOutput$WriteCompleteCB@27c4e1d1
[DEBUG] COMMIT for /EchoServlet on HttpChannelOverHttp@6f3a742d{s=HttpChannelState@6b05fd12{s=HANDLING rs=COMPLETING os=COMMITTED is=READY awp=false se=false i=false al=0},r=7,c=false/false,a=HANDLING,uri=//localhost:35372/EchoServlet,age=7}
200 null HTTP/1.1
Date: Tue, 28 Sep 2021 06:03:30 GMT
Content-Type: text/html;charset=utf-8
Cache-Control: no-cache
Cache-Control: no-store


[DEBUG] generate: NEED_HEADER for SendCallback@96c627e[PROCESSING][i=HTTP/1.1{s=200,h=4,cl=-1},cb=org.eclipse.jetty.server.HttpChannel$SendCallback@f2d40b1] (null,[p=0,l=753,c=32768,r=753],true)@START
[DEBUG] generateHeaders HTTP/1.1{s=200,h=4,cl=-1} last=true content=DirectByteBuffer@7c27fa39[p=0,l=753,c=32768,r=753]={<<<<title>Webserver Environm...zip</td></tr>\n</table>\n>>>\n<tr><th>...\x00\x00\x00\x00\x00\x00\x00}
[DEBUG] Date: Tue, 28 Sep 2021 06:03:30 GMT
Content-Type: text/html;charset=utf-8
Cache-Control: no-cache
Cache-Control: no-store


[DEBUG] CONTENT_LENGTH
[DEBUG] generate: FLUSH for SendCallback@96c627e[PROCESSING][i=HTTP/1.1{s=200,h=4,cl=-1},cb=org.eclipse.jetty.server.HttpChannel$SendCallback@f2d40b1] ([p=0,l=199,c=8192,r=199],[p=0,l=753,c=32768,r=753],true)@COMPLETING
[DEBUG] write: WriteFlusher@d847498{IDLE}->null [HeapByteBuffer@460916c[p=0,l=199,c=8192,r=199]={<<<HTTP/1.1 200 OK\r\nDate: Tu...y(9.4.43.v20210629)\r\n\r\n>>>2\r\nAccept...\x00\x00\x00\x00\x00\x00\x00},DirectByteBuffer@7c27fa39[p=0,l=753,c=32768,r=753]={<<<<title>Webserver Environm...zip</td></tr>\n</table>\n>>>\n<tr><th>...\x00\x00\x00\x00\x00\x00\x00}]
[DEBUG] update WriteFlusher@d847498{WRITING}->null:IDLE-->WRITING
]]></system-out>
  </testcase>
  <testcase name="canFetchBinaryAsBytes" classname="org.jsoup.integration.ConnectTest" time="0.02">
    <system-out><![CDATA[[DEBUG] flushed 952 SocketChannelEndPoint@61fd9662{l=/127.0.0.1:35372,r=/127.0.0.1:60188,OPEN,fill=-,flush=W,to=20/30000}{io=0/0,kio=0,kro=1}->HttpConnection@2e077e16[p=HttpParser{s=END,0 of -1},g=HttpGenerator@1f63306b{s=COMPLETING}]=>HttpChannelOverHttp@6f3a742d{s=HttpChannelState@6b05fd12{s=HANDLING rs=COMPLETING os=COMMITTED is=READY awp=false se=false i=false al=0},r=7,c=false/false,a=HANDLING,uri=//localhost:35372/EchoServlet,age=16}
[DEBUG] Flushed=true written=952 remaining=0 WriteFlusher@d847498{WRITING}->null
[DEBUG] update WriteFlusher@d847498{IDLE}->null:WRITING-->IDLE
[DEBUG] generate: DONE for SendCallback@96c627e[PROCESSING][i=HTTP/1.1{s=200,h=4,cl=-1},cb=org.eclipse.jetty.server.HttpChannel$SendCallback@f2d40b1] ([p=199,l=199,c=8192,r=0],[p=753,l=753,c=32768,r=0],true)@END
[DEBUG] onWriteComplete(true,null) s=CLOSING,api=BLOCKED,sc=false,e=null->s=CLOSED,api=BLOCKING,sc=false,e=null c=null cb=org.eclipse.jetty.util.Callback$3@2c5568f0 w=false
[DEBUG] completed HttpChannelState@6b05fd12{s=HANDLING rs=COMPLETING os=COMPLETED is=READY awp=false se=false i=false al=0}
[DEBUG] unhandle HttpChannelState@6b05fd12{s=HANDLING rs=COMPLETED os=COMPLETED is=READY awp=false se=false i=false al=0}
[DEBUG] nextAction(false) TERMINATED HttpChannelState@6b05fd12{s=IDLE rs=COMPLETED os=COMPLETED is=READY awp=false se=false i=false al=0}
[DEBUG] action TERMINATED HttpChannelOverHttp@6f3a742d{s=HttpChannelState@6b05fd12{s=IDLE rs=COMPLETED os=COMPLETED is=READY awp=false se=false i=false al=0},r=7,c=true/true,a=IDLE,uri=//localhost:35372/EchoServlet,age=16}
[DEBUG] onCompleted for /EchoServlet written=753
[DEBUG] recycle HttpChannelState@6b05fd12{s=IDLE rs=COMPLETED os=COMPLETED is=READY awp=false se=false i=false al=0}
[DEBUG] reset HttpParser{s=END,0 of -1}
[DEBUG] END --> START
[DEBUG] !handle TERMINATED HttpChannelOverHttp@6f3a742d{s=HttpChannelState@6b05fd12{s=IDLE rs=BLOCKING os=OPEN is=IDLE awp=false se=false i=true al=0},r=7,c=false/false,a=IDLE,uri=null,age=0}
[DEBUG] filled 335 HeapByteBuffer@2a66826a[p=0,l=335,c=8192,r=335]={<<<GET /FileServlet/htmltest...nection: keep-alive\r\n\r\n>>>; q=.2\r\nC...\x86&h\xA0{\xC1\xC2}
[DEBUG] HttpConnection@2e077e16::SocketChannelEndPoint@61fd9662{l=/127.0.0.1:35372,r=/127.0.0.1:60188,OPEN,fill=-,flush=-,to=0/30000}{io=0/0,kio=0,kro=1}->HttpConnection@2e077e16[p=HttpParser{s=START,0 of -1},g=HttpGenerator@1f63306b{s=START}]=>HttpChannelOverHttp@6f3a742d{s=HttpChannelState@6b05fd12{s=IDLE rs=BLOCKING os=OPEN is=IDLE awp=false se=false i=true al=0},r=7,c=false/false,a=IDLE,uri=null,age=0} filled 335 HeapByteBuffer@2a66826a[p=0,l=335,c=8192,r=335]={<<<GET /FileServlet/htmltest...nection: keep-alive\r\n\r\n>>>; q=.2\r\nC...\x86&h\xA0{\xC1\xC2}
[DEBUG] HttpConnection@2e077e16::SocketChannelEndPoint@61fd9662{l=/127.0.0.1:35372,r=/127.0.0.1:60188,OPEN,fill=-,flush=-,to=0/30000}{io=0/0,kio=0,kro=1}->HttpConnection@2e077e16[p=HttpParser{s=START,0 of -1},g=HttpGenerator@1f63306b{s=START}]=>HttpChannelOverHttp@6f3a742d{s=HttpChannelState@6b05fd12{s=IDLE rs=BLOCKING os=OPEN is=IDLE awp=false se=false i=true al=0},r=7,c=false/false,a=IDLE,uri=null,age=0} parse HeapByteBuffer@2a66826a[p=0,l=335,c=8192,r=335]={<<<GET /FileServlet/htmltest...nection: keep-alive\r\n\r\n>>>; q=.2\r\nC...\x86&h\xA0{\xC1\xC2} {}
[DEBUG] parseNext s=START HeapByteBuffer@2a66826a[p=0,l=335,c=8192,r=335]={<<<GET /FileServlet/htmltest...nection: keep-alive\r\n\r\n>>>; q=.2\r\nC...\x86&h\xA0{\xC1\xC2}
[DEBUG] START --> SPACE1
[DEBUG] SPACE1 --> URI
[DEBUG] URI --> SPACE2
[DEBUG] SPACE2 --> REQUEST_VERSION
[DEBUG] REQUEST_VERSION --> HEADER
[DEBUG] HEADER:Accept-Encoding: gzip --> IN_VALUE
[DEBUG] HEADER:Accept-Encoding: gzip --> FIELD
[DEBUG] HEADER:User-Agent: Mozilla/5.0 (Windows NT 10.0; Win64; x64) AppleWebKit/537.36 (KHTML, like Gecko) Chrome/79.0.3945.130 Safari/537.36 --> IN_VALUE
[DEBUG] HEADER:User-Agent: Mozilla/5.0 (Windows NT 10.0; Win64; x64) AppleWebKit/537.36 (KHTML, like Gecko) Chrome/79.0.3945.130 Safari/537.36 --> FIELD
[DEBUG] HEADER:Host: localhost:35372 --> IN_VALUE
[DEBUG] HEADER:Host: localhost:35372 --> FIELD
[DEBUG] HEADER:Accept: text/html, image/gif, image/jpeg, *; q=.2, */*; q=.2 --> IN_VALUE
[DEBUG] HEADER:Accept: text/html, image/gif, image/jpeg, *; q=.2, */*; q=.2 --> FIELD
[DEBUG] HEADER:Connection: keep-alive --> IN_VALUE
[DEBUG] HEADER:Connection: keep-alive --> FIELD
[DEBUG] HEADER --> CONTENT
[DEBUG] REQUEST for //localhost:35372/FileServlet/htmltests/thumb.jpg?contentType=image%2Fjpeg on HttpChannelOverHttp@6f3a742d{s=HttpChannelState@6b05fd12{s=IDLE rs=BLOCKING os=OPEN is=IDLE awp=false se=false i=true al=0},r=8,c=false/false,a=IDLE,uri=//localhost:35372/FileServlet/htmltests/thumb.jpg?contentType=image%2Fjpeg,age=0}
GET //localhost:35372/FileServlet/htmltests/thumb.jpg?contentType=image%2Fjpeg HTTP/1.1
Accept-Encoding: gzip
User-Agent: Mozilla/5.0 (Windows NT 10.0; Win64; x64) AppleWebKit/537.36 (KHTML, like Gecko) Chrome/79.0.3945.130 Safari/537.36
Host: localhost:35372
Accept: text/html, image/gif, image/jpeg, *; q=.2, */*; q=.2
Connection: keep-alive


[DEBUG] HttpConnection@2e077e16::SocketChannelEndPoint@61fd9662{l=/127.0.0.1:35372,r=/127.0.0.1:60188,OPEN,fill=-,flush=-,to=0/30000}{io=0/0,kio=0,kro=1}->HttpConnection@2e077e16[p=HttpParser{s=CONTENT,0 of -1},g=HttpGenerator@1f63306b{s=START}]=>HttpChannelOverHttp@6f3a742d{s=HttpChannelState@6b05fd12{s=IDLE rs=BLOCKING os=OPEN is=IDLE awp=false se=false i=true al=0},r=8,c=false/false,a=IDLE,uri=//localhost:35372/FileServlet/htmltests/thumb.jpg?contentType=image%2Fjpeg,age=0} parsed true HttpParser{s=CONTENT,0 of -1}
[DEBUG] releaseRequestBuffer HttpConnection@2e077e16::SocketChannelEndPoint@61fd9662{l=/127.0.0.1:35372,r=/127.0.0.1:60188,OPEN,fill=-,flush=-,to=1/30000}{io=0/0,kio=0,kro=1}->HttpConnection@2e077e16[p=HttpParser{s=CONTENT,0 of -1},g=HttpGenerator@1f63306b{s=START}]=>HttpChannelOverHttp@6f3a742d{s=HttpChannelState@6b05fd12{s=IDLE rs=BLOCKING os=OPEN is=IDLE awp=false se=false i=true al=0},r=8,c=false/false,a=IDLE,uri=//localhost:35372/FileServlet/htmltests/thumb.jpg?contentType=image%2Fjpeg,age=0}
[DEBUG] handle //localhost:35372/FileServlet/htmltests/thumb.jpg?contentType=image%2Fjpeg HttpChannelOverHttp@6f3a742d{s=HttpChannelState@6b05fd12{s=IDLE rs=BLOCKING os=OPEN is=IDLE awp=false se=false i=true al=0},r=8,c=false/false,a=IDLE,uri=//localhost:35372/FileServlet/htmltests/thumb.jpg?contentType=image%2Fjpeg,age=0} 
[DEBUG] handling HttpChannelState@6b05fd12{s=IDLE rs=BLOCKING os=OPEN is=IDLE awp=false se=false i=true al=0}
[DEBUG] action DISPATCH HttpChannelOverHttp@6f3a742d{s=HttpChannelState@6b05fd12{s=HANDLING rs=BLOCKING os=OPEN is=IDLE awp=false se=false i=true al=0},r=8,c=false/false,a=HANDLING,uri=//localhost:35372/FileServlet/htmltests/thumb.jpg?contentType=image%2Fjpeg,age=1}
[DEBUG] REQUEST GET /FileServlet/htmltests/thumb.jpg on HttpChannelOverHttp@6f3a742d{s=HttpChannelState@6b05fd12{s=HANDLING rs=BLOCKING os=OPEN is=IDLE awp=false se=false i=true al=0},r=8,c=false/false,a=HANDLING,uri=//localhost:35372/FileServlet/htmltests/thumb.jpg?contentType=image%2Fjpeg,age=1}
[DEBUG] servlet null|/FileServlet|/htmltests/thumb.jpg -> org.jsoup.integration.servlets.FileServlet-60dce7ea==org.jsoup.integration.servlets.FileServlet@c786463a{jsp=null,order=-1,inst=true,async=true,src=EMBEDDED:null,STARTED}
[DEBUG] chain=null
[DEBUG] write(array HeapByteBuffer@2debeadc[p=0,l=1052,c=8192,r=1052]={<<<\xFf\xD8\xFf\xE0\x00\x10JFIF\x00\x01\x01\x00\x00\x01\x00\x01\x00\x00\xFf\xFe\x00;C...\xD4.\xB5\x1b\xC5\x9a@\x14$\x12\xB2$i\xD4*\x80z\x0f\xF1\xA0\x0f\xFf\xD9>>>\x00\x00\x00\x00\x00\x00\x00\x00\x00...\x00\x00\x00\x00\x00\x00\x00})
[DEBUG] write(array) s=OPEN,api=BLOCKING,sc=false,e=null aggregated !flush DirectByteBuffer@38e5eb8d[p=0,l=1052,c=32768,r=1052]={<<<\xFf\xD8\xFf\xE0\x00\x10JFIF\x00\x01\x01\x00\x00\x01\x00\x01\x00\x00\xFf\xFe\x00;C...\xD4.\xB5\x1b\xC5\x9a@\x14$\x12\xB2$i\xD4*\x80z\x0f\xF1\xA0\x0f\xFf\xD9>>>art _file...\x00\x00\x00\x00\x00\x00\x00}
[DEBUG] sendResponse info=null content=DirectByteBuffer@38e5eb8d[p=0,l=1052,c=32768,r=1052]={<<<\xFf\xD8\xFf\xE0\x00\x10JFIF\x00\x01\x01\x00\x00\x01\x00\x01\x00\x00\xFf\xFe\x00;C...\xD4.\xB5\x1b\xC5\x9a@\x14$\x12\xB2$i\xD4*\x80z\x0f\xF1\xA0\x0f\xFf\xD9>>>art _file...\x00\x00\x00\x00\x00\x00\x00} complete=false committing=true callback=Blocker@6ccb6686{null}
[DEBUG] COMMIT for /FileServlet/htmltests/thumb.jpg on HttpChannelOverHttp@6f3a742d{s=HttpChannelState@6b05fd12{s=HANDLING rs=BLOCKING os=COMMITTED is=IDLE awp=false se=false i=true al=0},r=8,c=false/false,a=HANDLING,uri=//localhost:35372/FileServlet/htmltests/thumb.jpg?contentType=image%2Fjpeg,age=1}
200 null HTTP/1.1
Date: Tue, 28 Sep 2021 06:03:30 GMT
Content-Type: image/jpeg


[DEBUG] generate: NEED_HEADER for SendCallback@96c627e[PROCESSING][i=HTTP/1.1{s=200,h=2,cl=-1},cb=org.eclipse.jetty.server.HttpChannel$SendCallback@2afe0579] (null,[p=0,l=1052,c=32768,r=1052],false)@START
[DEBUG] generateHeaders HTTP/1.1{s=200,h=2,cl=-1} last=false content=DirectByteBuffer@38e5eb8d[p=0,l=1052,c=32768,r=1052]={<<<\xFf\xD8\xFf\xE0\x00\x10JFIF\x00\x01\x01\x00\x00\x01\x00\x01\x00\x00\xFf\xFe\x00;C...\xD4.\xB5\x1b\xC5\x9a@\x14$\x12\xB2$i\xD4*\x80z\x0f\xF1\xA0\x0f\xFf\xD9>>>art _file...\x00\x00\x00\x00\x00\x00\x00}
[DEBUG] Date: Tue, 28 Sep 2021 06:03:30 GMT
Content-Type: image/jpeg


[DEBUG] CHUNKED_CONTENT
[DEBUG] generate: FLUSH for SendCallback@96c627e[PROCESSING][i=HTTP/1.1{s=200,h=2,cl=-1},cb=org.eclipse.jetty.server.HttpChannel$SendCallback@2afe0579] ([p=0,l=148,c=8192,r=148],[p=0,l=1052,c=32768,r=1052],false)@COMMITTED
[DEBUG] write: WriteFlusher@d847498{IDLE}->null [HeapByteBuffer@460916c[p=0,l=148,c=8192,r=148]={<<<HTTP/1.1 200 OK\r\nDate: Tu....43.v20210629)\r\n\r\n41C\r\n>>>nt-Length...\x00\x00\x00\x00\x00\x00\x00},DirectByteBuffer@38e5eb8d[p=0,l=1052,c=32768,r=1052]={<<<\xFf\xD8\xFf\xE0\x00\x10JFIF\x00\x01\x01\x00\x00\x01\x00\x01\x00\x00\xFf\xFe\x00;C...\xD4.\xB5\x1b\xC5\x9a@\x14$\x12\xB2$i\xD4*\x80z\x0f\xF1\xA0\x0f\xFf\xD9>>>art _file...\x00\x00\x00\x00\x00\x00\x00}]
[DEBUG] update WriteFlusher@d847498{WRITING}->null:IDLE-->WRITING
[DEBUG] flushed 1200 SocketChannelEndPoint@61fd9662{l=/127.0.0.1:35372,r=/127.0.0.1:60188,OPEN,fill=-,flush=W,to=4/30000}{io=0/0,kio=0,kro=1}->HttpConnection@2e077e16[p=HttpParser{s=CONTENT,0 of -1},g=HttpGenerator@1f63306b{s=COMMITTED}]=>HttpChannelOverHttp@6f3a742d{s=HttpChannelState@6b05fd12{s=HANDLING rs=BLOCKING os=COMMITTED is=IDLE awp=false se=false i=true al=0},r=8,c=false/false,a=HANDLING,uri=//localhost:35372/FileServlet/htmltests/thumb.jpg?contentType=image%2Fjpeg,age=4}
[DEBUG] Flushed=true written=1200 remaining=0 WriteFlusher@d847498{WRITING}->null
[DEBUG] update WriteFlusher@d847498{IDLE}->null:WRITING-->IDLE
[DEBUG] generate: DONE for SendCallback@96c627e[PROCESSING][i=HTTP/1.1{s=200,h=2,cl=-1},cb=org.eclipse.jetty.server.HttpChannel$SendCallback@2afe0579] ([p=148,l=148,c=8192,r=0],[p=1052,l=1052,c=32768,r=0],false)@COMMITTED
[DEBUG] onWriteComplete(false,null) s=OPEN,api=BLOCKED,sc=false,e=null->s=OPEN,api=BLOCKING,sc=false,e=null c=null cb=null w=false
[DEBUG] handled=true async=false committed=true on HttpChannelOverHttp@6f3a742d{s=HttpChannelState@6b05fd12{s=HANDLING rs=BLOCKING os=COMMITTED is=IDLE awp=false se=false i=true al=0},r=8,c=false/false,a=HANDLING,uri=//localhost:35372/FileServlet/htmltests/thumb.jpg?contentType=image%2Fjpeg,age=4}
[DEBUG] unhandle HttpChannelState@6b05fd12{s=HANDLING rs=BLOCKING os=COMMITTED is=IDLE awp=false se=false i=true al=0}
[DEBUG] nextAction(false) COMPLETE HttpChannelState@6b05fd12{s=HANDLING rs=COMPLETING os=COMMITTED is=IDLE awp=false se=false i=false al=0}
[DEBUG] action COMPLETE HttpChannelOverHttp@6f3a742d{s=HttpChannelState@6b05fd12{s=HANDLING rs=COMPLETING os=COMMITTED is=IDLE awp=false se=false i=false al=0},r=8,c=false/false,a=HANDLING,uri=//localhost:35372/FileServlet/htmltests/thumb.jpg?contentType=image%2Fjpeg,age=4}
[DEBUG] complete(org.eclipse.jetty.util.Callback$3@2ab4b39e) s=CLOSING,api=BLOCKED,sc=false,e=null s=false e=null, c=HeapByteBuffer@13dae45a[p=0,l=0,c=0,r=0]={<<<>>>}
[DEBUG] sendResponse info=null content=HeapByteBuffer@13dae45a[p=0,l=0,c=0,r=0]={<<<>>>} complete=true committing=false callback=org.eclipse.jetty.server.HttpOutput$WriteCompleteCB@4f7956b1
[DEBUG] generate: CONTINUE for SendCallback@96c627e[PROCESSING][i=null,cb=org.eclipse.jetty.server.HttpChannel$SendCallback@3d36f888] (null,[p=0,l=0,c=0,r=0],true)@COMPLETING
[DEBUG] generate: NEED_CHUNK for SendCallback@96c627e[PROCESSING][i=null,cb=org.eclipse.jetty.server.HttpChannel$SendCallback@3d36f888] (null,[p=0,l=0,c=0,r=0],true)@COMPLETING
[DEBUG] generate: FLUSH for SendCallback@96c627e[PROCESSING][i=null,cb=org.eclipse.jetty.server.HttpChannel$SendCallback@3d36f888] (null,[p=0,l=0,c=0,r=0],true)@COMPLETING
[DEBUG] write: WriteFlusher@d847498{IDLE}->null [HeapByteBuffer@2ed6021b[p=0,l=7,c=1024,r=7]={<<<\r\n0\r\n\r\n>>>\x00\x00\x00\x00\x00\x00\x00\x00\x00...\x00\x00\x00\x00\x00\x00\x00}]
[DEBUG] update WriteFlusher@d847498{WRITING}->null:IDLE-->WRITING
]]></system-out>
  </testcase>
  <testcase name="maxBodySize" classname="org.jsoup.integration.ConnectTest" time="0.373">
    <system-out><![CDATA[[DEBUG] flushed 7 SocketChannelEndPoint@61fd9662{l=/127.0.0.1:35372,r=/127.0.0.1:60188,OPEN,fill=-,flush=W,to=7/30000}{io=0/0,kio=0,kro=1}->HttpConnection@2e077e16[p=HttpParser{s=CONTENT,0 of -1},g=HttpGenerator@1f63306b{s=COMPLETING}]=>HttpChannelOverHttp@6f3a742d{s=HttpChannelState@6b05fd12{s=HANDLING rs=COMPLETING os=COMMITTED is=IDLE awp=false se=false i=false al=0},r=8,c=false/false,a=HANDLING,uri=//localhost:35372/FileServlet/htmltests/thumb.jpg?contentType=image%2Fjpeg,age=11}
[DEBUG] Flushed=true written=7 remaining=0 WriteFlusher@d847498{WRITING}->null
[DEBUG] update WriteFlusher@d847498{IDLE}->null:WRITING-->IDLE
[DEBUG] generate: DONE for SendCallback@96c627e[PROCESSING][i=null,cb=org.eclipse.jetty.server.HttpChannel$SendCallback@3d36f888] (null,[p=0,l=0,c=0,r=0],true)@END
[DEBUG] onWriteComplete(true,null) s=CLOSING,api=BLOCKED,sc=false,e=null->s=CLOSED,api=BLOCKING,sc=false,e=null c=null cb=org.eclipse.jetty.util.Callback$3@2ab4b39e w=false
[DEBUG] completed HttpChannelState@6b05fd12{s=HANDLING rs=COMPLETING os=COMPLETED is=IDLE awp=false se=false i=false al=0}
[DEBUG] unhandle HttpChannelState@6b05fd12{s=HANDLING rs=COMPLETED os=COMPLETED is=IDLE awp=false se=false i=false al=0}
[DEBUG] nextAction(false) TERMINATED HttpChannelState@6b05fd12{s=IDLE rs=COMPLETED os=COMPLETED is=IDLE awp=false se=false i=false al=0}
[DEBUG] action TERMINATED HttpChannelOverHttp@6f3a742d{s=HttpChannelState@6b05fd12{s=IDLE rs=COMPLETED os=COMPLETED is=IDLE awp=false se=false i=false al=0},r=8,c=true/true,a=IDLE,uri=//localhost:35372/FileServlet/htmltests/thumb.jpg?contentType=image%2Fjpeg,age=16}
[DEBUG] onCompleted for /FileServlet/htmltests/thumb.jpg written=1052
[DEBUG] filled 311 HeapByteBuffer@2a66826a[p=0,l=311,c=8192,r=311]={<<<GET /FileServlet/htmltest...nection: keep-alive\r\n\r\n>>>nnection:...\x86&h\xA0{\xC1\xC2}
[DEBUG] HttpConnection@2e077e16::SocketChannelEndPoint@61fd9662{l=/127.0.0.1:35372,r=/127.0.0.1:60188,OPEN,fill=-,flush=-,to=0/30000}{io=0/0,kio=0,kro=1}->HttpConnection@2e077e16[p=HttpParser{s=CONTENT,0 of -1},g=HttpGenerator@1f63306b{s=END}]=>HttpChannelOverHttp@6f3a742d{s=HttpChannelState@6b05fd12{s=IDLE rs=COMPLETED os=COMPLETED is=IDLE awp=false se=false i=false al=0},r=8,c=true/true,a=IDLE,uri=//localhost:35372/FileServlet/htmltests/thumb.jpg?contentType=image%2Fjpeg,age=16} filled 311 HeapByteBuffer@2a66826a[p=0,l=311,c=8192,r=311]={<<<GET /FileServlet/htmltest...nection: keep-alive\r\n\r\n>>>nnection:...\x86&h\xA0{\xC1\xC2}
[DEBUG] HttpConnection@2e077e16::SocketChannelEndPoint@61fd9662{l=/127.0.0.1:35372,r=/127.0.0.1:60188,OPEN,fill=-,flush=-,to=0/30000}{io=0/0,kio=0,kro=1}->HttpConnection@2e077e16[p=HttpParser{s=CONTENT,0 of -1},g=HttpGenerator@1f63306b{s=END}]=>HttpChannelOverHttp@6f3a742d{s=HttpChannelState@6b05fd12{s=IDLE rs=COMPLETED os=COMPLETED is=IDLE awp=false se=false i=false al=0},r=8,c=true/true,a=IDLE,uri=//localhost:35372/FileServlet/htmltests/thumb.jpg?contentType=image%2Fjpeg,age=16} parse HeapByteBuffer@2a66826a[p=0,l=311,c=8192,r=311]={<<<GET /FileServlet/htmltest...nection: keep-alive\r\n\r\n>>>nnection:...\x86&h\xA0{\xC1\xC2} {}
[DEBUG] parseNext s=CONTENT HeapByteBuffer@2a66826a[p=0,l=311,c=8192,r=311]={<<<GET /FileServlet/htmltest...nection: keep-alive\r\n\r\n>>>nnection:...\x86&h\xA0{\xC1\xC2}
[DEBUG] CONTENT --> CONTENT_END
[DEBUG] onContentComplete HttpChannelOverHttp@6f3a742d{s=HttpChannelState@6b05fd12{s=IDLE rs=COMPLETED os=COMPLETED is=IDLE awp=false se=false i=false al=0},r=8,c=true/true,a=IDLE,uri=//localhost:35372/FileServlet/htmltests/thumb.jpg?contentType=image%2Fjpeg,age=16}
[DEBUG] CONTENT_END --> END
[DEBUG] onRequestComplete HttpChannelOverHttp@6f3a742d{s=HttpChannelState@6b05fd12{s=IDLE rs=COMPLETED os=COMPLETED is=IDLE awp=false se=false i=false al=0},r=8,c=true/true,a=IDLE,uri=//localhost:35372/FileServlet/htmltests/thumb.jpg?contentType=image%2Fjpeg,age=16}
[DEBUG] HttpInputOverHTTP@1e5b6482[c=0,q=0,[0]=null,s=STREAM] addContent EOF
[DEBUG] HttpConnection@2e077e16::SocketChannelEndPoint@61fd9662{l=/127.0.0.1:35372,r=/127.0.0.1:60188,OPEN,fill=-,flush=-,to=0/30000}{io=0/0,kio=0,kro=1}->HttpConnection@2e077e16[p=HttpParser{s=END,0 of -1},g=HttpGenerator@1f63306b{s=END}]=>HttpChannelOverHttp@6f3a742d{s=HttpChannelState@6b05fd12{s=IDLE rs=COMPLETED os=COMPLETED is=IDLE awp=false se=false i=false al=0},r=8,c=true/true,a=IDLE,uri=//localhost:35372/FileServlet/htmltests/thumb.jpg?contentType=image%2Fjpeg,age=16} parsed false HttpParser{s=END,0 of -1}
[DEBUG] recycle HttpChannelState@6b05fd12{s=IDLE rs=COMPLETED os=COMPLETED is=IDLE awp=false se=false i=false al=0}
[DEBUG] reset HttpParser{s=END,0 of -1}
[DEBUG] END --> START
[DEBUG] !handle TERMINATED HttpChannelOverHttp@6f3a742d{s=HttpChannelState@6b05fd12{s=IDLE rs=BLOCKING os=OPEN is=IDLE awp=false se=false i=true al=0},r=8,c=false/false,a=IDLE,uri=null,age=0}
[DEBUG] HttpConnection@2e077e16::SocketChannelEndPoint@61fd9662{l=/127.0.0.1:35372,r=/127.0.0.1:60188,OPEN,fill=-,flush=-,to=0/30000}{io=0/0,kio=0,kro=1}->HttpConnection@2e077e16[p=HttpParser{s=START,0 of -1},g=HttpGenerator@1f63306b{s=START}]=>HttpChannelOverHttp@6f3a742d{s=HttpChannelState@6b05fd12{s=IDLE rs=BLOCKING os=OPEN is=IDLE awp=false se=false i=true al=0},r=8,c=false/false,a=IDLE,uri=null,age=0} parse HeapByteBuffer@2a66826a[p=0,l=311,c=8192,r=311]={<<<GET /FileServlet/htmltest...nection: keep-alive\r\n\r\n>>>nnection:...\x86&h\xA0{\xC1\xC2} {}
[DEBUG] parseNext s=START HeapByteBuffer@2a66826a[p=0,l=311,c=8192,r=311]={<<<GET /FileServlet/htmltest...nection: keep-alive\r\n\r\n>>>nnection:...\x86&h\xA0{\xC1\xC2}
[DEBUG] START --> SPACE1
[DEBUG] SPACE1 --> URI
[DEBUG] URI --> SPACE2
[DEBUG] SPACE2 --> REQUEST_VERSION
[DEBUG] REQUEST_VERSION --> HEADER
[DEBUG] HEADER:Accept-Encoding: gzip --> IN_VALUE
[DEBUG] HEADER:Accept-Encoding: gzip --> FIELD
[DEBUG] HEADER:User-Agent: Mozilla/5.0 (Windows NT 10.0; Win64; x64) AppleWebKit/537.36 (KHTML, like Gecko) Chrome/79.0.3945.130 Safari/537.36 --> IN_VALUE
[DEBUG] HEADER:User-Agent: Mozilla/5.0 (Windows NT 10.0; Win64; x64) AppleWebKit/537.36 (KHTML, like Gecko) Chrome/79.0.3945.130 Safari/537.36 --> FIELD
[DEBUG] HEADER:Host: localhost:35372 --> IN_VALUE
[DEBUG] HEADER:Host: localhost:35372 --> FIELD
[DEBUG] HEADER:Accept: text/html, image/gif, image/jpeg, *; q=.2, */*; q=.2 --> IN_VALUE
[DEBUG] HEADER:Accept: text/html, image/gif, image/jpeg, *; q=.2, */*; q=.2 --> FIELD
[DEBUG] HEADER:Connection: keep-alive --> IN_VALUE
[DEBUG] HEADER:Connection: keep-alive --> FIELD
[DEBUG] HEADER --> CONTENT
[DEBUG] REQUEST for //localhost:35372/FileServlet/htmltests/large.html on HttpChannelOverHttp@6f3a742d{s=HttpChannelState@6b05fd12{s=IDLE rs=BLOCKING os=OPEN is=IDLE awp=false se=false i=true al=0},r=9,c=false/false,a=IDLE,uri=//localhost:35372/FileServlet/htmltests/large.html,age=0}
GET //localhost:35372/FileServlet/htmltests/large.html HTTP/1.1
Accept-Encoding: gzip
User-Agent: Mozilla/5.0 (Windows NT 10.0; Win64; x64) AppleWebKit/537.36 (KHTML, like Gecko) Chrome/79.0.3945.130 Safari/537.36
Host: localhost:35372
Accept: text/html, image/gif, image/jpeg, *; q=.2, */*; q=.2
Connection: keep-alive


[DEBUG] HttpConnection@2e077e16::SocketChannelEndPoint@61fd9662{l=/127.0.0.1:35372,r=/127.0.0.1:60188,OPEN,fill=-,flush=-,to=2/30000}{io=0/0,kio=0,kro=1}->HttpConnection@2e077e16[p=HttpParser{s=CONTENT,0 of -1},g=HttpGenerator@1f63306b{s=START}]=>HttpChannelOverHttp@6f3a742d{s=HttpChannelState@6b05fd12{s=IDLE rs=BLOCKING os=OPEN is=IDLE awp=false se=false i=true al=0},r=9,c=false/false,a=IDLE,uri=//localhost:35372/FileServlet/htmltests/large.html,age=0} parsed true HttpParser{s=CONTENT,0 of -1}
[DEBUG] releaseRequestBuffer HttpConnection@2e077e16::SocketChannelEndPoint@61fd9662{l=/127.0.0.1:35372,r=/127.0.0.1:60188,OPEN,fill=-,flush=-,to=2/30000}{io=0/0,kio=0,kro=1}->HttpConnection@2e077e16[p=HttpParser{s=CONTENT,0 of -1},g=HttpGenerator@1f63306b{s=START}]=>HttpChannelOverHttp@6f3a742d{s=HttpChannelState@6b05fd12{s=IDLE rs=BLOCKING os=OPEN is=IDLE awp=false se=false i=true al=0},r=9,c=false/false,a=IDLE,uri=//localhost:35372/FileServlet/htmltests/large.html,age=1}
[DEBUG] handle //localhost:35372/FileServlet/htmltests/large.html HttpChannelOverHttp@6f3a742d{s=HttpChannelState@6b05fd12{s=IDLE rs=BLOCKING os=OPEN is=IDLE awp=false se=false i=true al=0},r=9,c=false/false,a=IDLE,uri=//localhost:35372/FileServlet/htmltests/large.html,age=1} 
[DEBUG] handling HttpChannelState@6b05fd12{s=IDLE rs=BLOCKING os=OPEN is=IDLE awp=false se=false i=true al=0}
[DEBUG] action DISPATCH HttpChannelOverHttp@6f3a742d{s=HttpChannelState@6b05fd12{s=HANDLING rs=BLOCKING os=OPEN is=IDLE awp=false se=false i=true al=0},r=9,c=false/false,a=HANDLING,uri=//localhost:35372/FileServlet/htmltests/large.html,age=1}
[DEBUG] REQUEST GET /FileServlet/htmltests/large.html on HttpChannelOverHttp@6f3a742d{s=HttpChannelState@6b05fd12{s=HANDLING rs=BLOCKING os=OPEN is=IDLE awp=false se=false i=true al=0},r=9,c=false/false,a=HANDLING,uri=//localhost:35372/FileServlet/htmltests/large.html,age=1}
[DEBUG] servlet null|/FileServlet|/htmltests/large.html -> org.jsoup.integration.servlets.FileServlet-60dce7ea==org.jsoup.integration.servlets.FileServlet@c786463a{jsp=null,order=-1,inst=true,async=true,src=EMBEDDED:null,STARTED}
[DEBUG] chain=null
[DEBUG] write(array HeapByteBuffer@67b9e79a[p=0,l=8192,c=8192,r=8192]={<<<<html><head><title>Large ...augue. Vestibulum tinci>>>})
[DEBUG] write(array) s=OPEN,api=BLOCKING,sc=false,e=null aggregated !flush DirectByteBuffer@7c27fa39[p=0,l=8192,c=32768,r=8192]={<<<<html><head><title>Large ...augue. Vestibulum tinci>>> data. \nA...\x00\x00\x00\x00\x00\x00\x00}
[DEBUG] write(array HeapByteBuffer@681e80b0[p=0,l=8192,c=8192,r=8192]={<<<dunt malesuada tellus. Ut... nostra, per inceptos h>>>})
[DEBUG] write(array) s=OPEN,api=BLOCKING,sc=false,e=null aggregated !flush DirectByteBuffer@7c27fa39[p=0,l=16384,c=32768,r=16384]={<<<<html><head><title>Large ... nostra, per inceptos h>>>le amount...\x00\x00\x00\x00\x00\x00\x00}
[DEBUG] write(array HeapByteBuffer@6dd78fdc[p=0,l=8192,c=8192,r=8192]={<<<imenaeos. Nam nec ante. S...nas aliquet mollis lect>>>})
[DEBUG] write(array) s=OPEN,api=BLOCKING,sc=false,e=null aggregated !flush DirectByteBuffer@7c27fa39[p=0,l=24576,c=32768,r=24576]={<<<<html><head><title>Large ...nas aliquet mollis lect>>>\x00\x00\x00\x00\x00\x00\x00\x00\x00...\x00\x00\x00\x00\x00\x00\x00}
[DEBUG] write(array HeapByteBuffer@67afd856[p=0,l=8192,c=8192,r=8192]={<<<us. Vivamus consectetuer ...s ultrices enim. Curabi>>>})
[DEBUG] write(array) s=OPEN,api=BLOCKED,sc=false,e=null last=false agg=true flush=true async=false, len=0 DirectByteBuffer@7c27fa39[p=0,l=32768,c=32768,r=32768]={<<<<html><head><title>Large ...s ultrices enim. Curabi>>>}
[DEBUG] sendResponse info=null content=DirectByteBuffer@7c27fa39[p=0,l=32768,c=32768,r=32768]={<<<<html><head><title>Large ...s ultrices enim. Curabi>>>} complete=false committing=true callback=Blocker@6ccb6686{null}
[DEBUG] COMMIT for /FileServlet/htmltests/large.html on HttpChannelOverHttp@6f3a742d{s=HttpChannelState@6b05fd12{s=HANDLING rs=BLOCKING os=COMMITTED is=IDLE awp=false se=false i=true al=0},r=9,c=false/false,a=HANDLING,uri=//localhost:35372/FileServlet/htmltests/large.html,age=2}
200 null HTTP/1.1
Date: Tue, 28 Sep 2021 06:03:30 GMT
Content-Type: text/html


[DEBUG] generate: NEED_HEADER for SendCallback@96c627e[PROCESSING][i=HTTP/1.1{s=200,h=2,cl=-1},cb=org.eclipse.jetty.server.HttpChannel$SendCallback@4f82660e] (null,[p=0,l=32768,c=32768,r=32768],false)@START
[DEBUG] generateHeaders HTTP/1.1{s=200,h=2,cl=-1} last=false content=DirectByteBuffer@7c27fa39[p=0,l=32768,c=32768,r=32768]={<<<<html><head><title>Large ...s ultrices enim. Curabi>>>}
[DEBUG] Date: Tue, 28 Sep 2021 06:03:30 GMT
Content-Type: text/html


[DEBUG] CHUNKED_CONTENT
[DEBUG] generate: FLUSH for SendCallback@96c627e[PROCESSING][i=HTTP/1.1{s=200,h=2,cl=-1},cb=org.eclipse.jetty.server.HttpChannel$SendCallback@4f82660e] ([p=0,l=148,c=8192,r=148],[p=0,l=32768,c=32768,r=32768],false)@COMMITTED
[DEBUG] write: WriteFlusher@d847498{IDLE}->null [HeapByteBuffer@460916c[p=0,l=148,c=8192,r=148]={<<<HTTP/1.1 200 OK\r\nDate: Tu...43.v20210629)\r\n\r\n8000\r\n>>>nt-Length...\x00\x00\x00\x00\x00\x00\x00},DirectByteBuffer@7c27fa39[p=0,l=32768,c=32768,r=32768]={<<<<html><head><title>Large ...s ultrices enim. Curabi>>>}]
[DEBUG] update WriteFlusher@d847498{WRITING}->null:IDLE-->WRITING
[DEBUG] Queued change lazy=false Accept@7d0d914c[java.nio.channels.SocketChannel[connected local=/127.0.0.1:35372 remote=/127.0.0.1:60190]] on ManagedSelector@72cf2de5{STARTED} id=0 keys=2 selected=0 updates=0
[DEBUG] Wakeup on submit ManagedSelector@72cf2de5{STARTED} id=0 keys=2 selected=0 updates=1
[DEBUG] Selector sun.nio.ch.EPollSelectorImpl@36abfb12 woken with none selected
[DEBUG] Selector sun.nio.ch.EPollSelectorImpl@36abfb12 woken up from select, 0/0/2 selected
[DEBUG] Selector sun.nio.ch.EPollSelectorImpl@36abfb12 processing 0 keys, 1 updates
[DEBUG] updateable 1
[DEBUG] update Accept@7d0d914c[java.nio.channels.SocketChannel[connected local=/127.0.0.1:35372 remote=/127.0.0.1:60190]]
[DEBUG] queue Accept@7d0d914c[java.nio.channels.SocketChannel[connected local=/127.0.0.1:35372 remote=/127.0.0.1:60190]] startThread=0
[DEBUG] updates 0
[DEBUG] Selector sun.nio.ch.EPollSelectorImpl@36abfb12 waiting with 3 keys
[DEBUG] run Accept@7d0d914c[java.nio.channels.SocketChannel[connected local=/127.0.0.1:35372 remote=/127.0.0.1:60190]] in QueuedThreadPool[qtp638486177]@260e86a1{STARTED,8<=8<=200,i=3,r=-1,q=0}[ReservedThreadExecutor@278bb07e{s=1/1,p=0}]
[DEBUG] SocketChannelEndPoint@3d491fad{l=/127.0.0.1:35372,r=/127.0.0.1:60190,OPEN,fill=-,flush=-,to=0/30000}{io=0/0,kio=0,kro=0}-><null> idle timeout check, elapsed: 0 ms, remaining: 30000 ms
[DEBUG] new HttpChannelOverHttp@36eb5f45{s=HttpChannelState@23232c72{s=IDLE rs=BLOCKING os=OPEN is=IDLE awp=false se=false i=true al=0},r=0,c=false/false,a=IDLE,uri=null,age=0} -> SocketChannelEndPoint@3d491fad{l=/127.0.0.1:35372,r=/127.0.0.1:60190,OPEN,fill=-,flush=-,to=0/30000}{io=0/0,kio=0,kro=0}-><null>,null,HttpChannelState@23232c72{s=IDLE rs=BLOCKING os=OPEN is=IDLE awp=false se=false i=true al=0}
[DEBUG] New HTTP Connection HttpConnection@3e7171e5::SocketChannelEndPoint@3d491fad{l=/127.0.0.1:35372,r=/127.0.0.1:60190,OPEN,fill=-,flush=-,to=0/30000}{io=0/0,kio=0,kro=0}-><null>
[DEBUG] Queued change lazy=true org.eclipse.jetty.io.ManagedSelector$$Lambda$478/2084879914@4b30b5f1 on ManagedSelector@72cf2de5{STARTED} id=0 keys=3 selected=0 updates=0
[DEBUG] onOpen SocketChannelEndPoint@3d491fad{l=/127.0.0.1:35372,r=/127.0.0.1:60190,OPEN,fill=-,flush=-,to=0/30000}{io=0/0,kio=0,kro=0}->HttpConnection@3e7171e5[p=HttpParser{s=START,0 of -1},g=HttpGenerator@274dcaa5{s=START}]=>HttpChannelOverHttp@36eb5f45{s=HttpChannelState@23232c72{s=IDLE rs=BLOCKING os=OPEN is=IDLE awp=false se=false i=true al=0},r=0,c=false/false,a=IDLE,uri=null,age=0}
[DEBUG] onOpen HttpConnection@3e7171e5::SocketChannelEndPoint@3d491fad{l=/127.0.0.1:35372,r=/127.0.0.1:60190,OPEN,fill=-,flush=-,to=0/30000}{io=0/0,kio=0,kro=0}->HttpConnection@3e7171e5[p=HttpParser{s=START,0 of -1},g=HttpGenerator@274dcaa5{s=START}]=>HttpChannelOverHttp@36eb5f45{s=HttpChannelState@23232c72{s=IDLE rs=BLOCKING os=OPEN is=IDLE awp=false se=false i=true al=0},r=0,c=false/false,a=IDLE,uri=null,age=0}
[DEBUG] fillInterested HttpConnection@3e7171e5::SocketChannelEndPoint@3d491fad{l=/127.0.0.1:35372,r=/127.0.0.1:60190,OPEN,fill=-,flush=-,to=0/30000}{io=0/0,kio=0,kro=0}->HttpConnection@3e7171e5[p=HttpParser{s=START,0 of -1},g=HttpGenerator@274dcaa5{s=START}]=>HttpChannelOverHttp@36eb5f45{s=HttpChannelState@23232c72{s=IDLE rs=BLOCKING os=OPEN is=IDLE awp=false se=false i=true al=0},r=0,c=false/false,a=IDLE,uri=null,age=0}
[DEBUG] interested FillInterest@1d372282{AC.ReadCB@3e7171e5{HttpConnection@3e7171e5::SocketChannelEndPoint@3d491fad{l=/127.0.0.1:35372,r=/127.0.0.1:60190,OPEN,fill=FI,flush=-,to=0/30000}{io=0/0,kio=0,kro=0}->HttpConnection@3e7171e5[p=HttpParser{s=START,0 of -1},g=HttpGenerator@274dcaa5{s=START}]=>HttpChannelOverHttp@36eb5f45{s=HttpChannelState@23232c72{s=IDLE rs=BLOCKING os=OPEN is=IDLE awp=false se=false i=true al=0},r=0,c=false/false,a=IDLE,uri=null,age=0}}}
[DEBUG] changeInterests p=false 0->1 for SocketChannelEndPoint@3d491fad{l=/127.0.0.1:35372,r=/127.0.0.1:60190,OPEN,fill=FI,flush=-,to=0/30000}{io=0/1,kio=0,kro=0}->HttpConnection@3e7171e5[p=HttpParser{s=START,0 of -1},g=HttpGenerator@274dcaa5{s=START}]=>HttpChannelOverHttp@36eb5f45{s=HttpChannelState@23232c72{s=IDLE rs=BLOCKING os=OPEN is=IDLE awp=false se=false i=true al=0},r=0,c=false/false,a=IDLE,uri=null,age=0}
[DEBUG] Queued change lazy=false org.eclipse.jetty.io.ChannelEndPoint$$Lambda$475/336675676@287c9698 on ManagedSelector@72cf2de5{STARTED} id=0 keys=3 selected=0 updates=1
[DEBUG] Wakeup on submit ManagedSelector@72cf2de5{STARTED} id=0 keys=3 selected=0 updates=2
[DEBUG] Created SocketChannelEndPoint@3d491fad{l=/127.0.0.1:35372,r=/127.0.0.1:60190,OPEN,fill=FI,flush=-,to=0/30000}{io=0/1,kio=0,kro=0}->HttpConnection@3e7171e5[p=HttpParser{s=START,0 of -1},g=HttpGenerator@274dcaa5{s=START}]=>HttpChannelOverHttp@36eb5f45{s=HttpChannelState@23232c72{s=IDLE rs=BLOCKING os=OPEN is=IDLE awp=false se=false i=true al=0},r=0,c=false/false,a=IDLE,uri=null,age=0}
[DEBUG] ran Accept@7d0d914c[java.nio.channels.SocketChannel[connected local=/127.0.0.1:35372 remote=/127.0.0.1:60190]] in QueuedThreadPool[qtp638486177]@260e86a1{STARTED,8<=8<=200,i=3,r=-1,q=0}[ReservedThreadExecutor@278bb07e{s=1/1,p=0}]
[DEBUG] Selector sun.nio.ch.EPollSelectorImpl@36abfb12 woken with none selected
[DEBUG] Selector sun.nio.ch.EPollSelectorImpl@36abfb12 woken up from select, 0/0/3 selected
[DEBUG] Selector sun.nio.ch.EPollSelectorImpl@36abfb12 processing 0 keys, 2 updates
[DEBUG] updateable 2
[DEBUG] update org.eclipse.jetty.io.ManagedSelector$$Lambda$478/2084879914@4b30b5f1
[DEBUG] update org.eclipse.jetty.io.ChannelEndPoint$$Lambda$475/336675676@287c9698
[DEBUG] Key interests updated 0 -> 1 on SocketChannelEndPoint@3d491fad{l=/127.0.0.1:35372,r=/127.0.0.1:60190,OPEN,fill=FI,flush=-,to=0/30000}{io=1/1,kio=1,kro=0}->HttpConnection@3e7171e5[p=HttpParser{s=START,0 of -1},g=HttpGenerator@274dcaa5{s=START}]=>HttpChannelOverHttp@36eb5f45{s=HttpChannelState@23232c72{s=IDLE rs=BLOCKING os=OPEN is=IDLE awp=false se=false i=true al=0},r=0,c=false/false,a=IDLE,uri=null,age=0}
[DEBUG] updates 0
[DEBUG] Selector sun.nio.ch.EPollSelectorImpl@36abfb12 waiting with 3 keys
[DEBUG] Selector sun.nio.ch.EPollSelectorImpl@36abfb12 woken up from select, 1/1/3 selected
[DEBUG] Selector sun.nio.ch.EPollSelectorImpl@36abfb12 processing 1 keys, 0 updates
[DEBUG] selected 1 sun.nio.ch.SelectionKeyImpl@601e9e9b SocketChannelEndPoint@3d491fad{l=/127.0.0.1:35372,r=/127.0.0.1:60190,OPEN,fill=FI,flush=-,to=0/30000}{io=1/1,kio=1,kro=1}->HttpConnection@3e7171e5[p=HttpParser{s=START,0 of -1},g=HttpGenerator@274dcaa5{s=START}]=>HttpChannelOverHttp@36eb5f45{s=HttpChannelState@23232c72{s=IDLE rs=BLOCKING os=OPEN is=IDLE awp=false se=false i=true al=0},r=0,c=false/false,a=IDLE,uri=null,age=0} 
[DEBUG] onSelected 1->0 r=true w=false for SocketChannelEndPoint@3d491fad{l=/127.0.0.1:35372,r=/127.0.0.1:60190,OPEN,fill=FI,flush=-,to=0/30000}{io=1/0,kio=1,kro=1}->HttpConnection@3e7171e5[p=HttpParser{s=START,0 of -1},g=HttpGenerator@274dcaa5{s=START}]=>HttpChannelOverHttp@36eb5f45{s=HttpChannelState@23232c72{s=IDLE rs=BLOCKING os=OPEN is=IDLE awp=false se=false i=true al=0},r=0,c=false/false,a=IDLE,uri=null,age=0}
[DEBUG] task CEP:SocketChannelEndPoint@3d491fad{l=/127.0.0.1:35372,r=/127.0.0.1:60190,OPEN,fill=FI,flush=-,to=1/30000}{io=1/0,kio=1,kro=1}->HttpConnection@3e7171e5[p=HttpParser{s=START,0 of -1},g=HttpGenerator@274dcaa5{s=START}]=>HttpChannelOverHttp@36eb5f45{s=HttpChannelState@23232c72{s=IDLE rs=BLOCKING os=OPEN is=IDLE awp=false se=false i=true al=0},r=0,c=false/false,a=IDLE,uri=null,age=0}:runFillable:BLOCKING
[DEBUG] ReservedThreadExecutor@278bb07e{s=1/1,p=0} tryExecute EatWhatYouKill@63b1d4fa/SelectorProducer@4c4d27c8/PRODUCING/p=false/QueuedThreadPool[qtp638486177]@260e86a1{STARTED,8<=8<=200,i=4,r=-1,q=0}[ReservedThreadExecutor@278bb07e{s=1/1,p=0}][pc=0,pic=0,pec=1,epc=3]@2021-09-28T06:03:30.713Z
[DEBUG] ReservedThreadExecutor@278bb07e{s=0/1,p=0}@5ad36b3a offer EatWhatYouKill@63b1d4fa/SelectorProducer@4c4d27c8/PRODUCING/p=false/QueuedThreadPool[qtp638486177]@260e86a1{STARTED,8<=8<=200,i=4,r=-1,q=0}[ReservedThreadExecutor@278bb07e{s=0/1,p=0}][pc=0,pic=0,pec=1,epc=3]@2021-09-28T06:03:30.714Z
[DEBUG] ReservedThreadExecutor@278bb07e{s=0/1,p=1} startReservedThread p=1
[DEBUG] run ReservedThreadExecutor@278bb07e{s=0/1,p=1}@674d569b in QueuedThreadPool[qtp638486177]@260e86a1{STARTED,8<=8<=200,i=3,r=-1,q=0}[ReservedThreadExecutor@278bb07e{s=0/1,p=1}]
[DEBUG] ReservedThreadExecutor@278bb07e{s=1/1,p=1}@674d569b started
[DEBUG] ReservedThreadExecutor@278bb07e{s=1/1,p=0}@674d569b waiting
[DEBUG] queue ReservedThreadExecutor@278bb07e{s=1/1,p=0}@674d569b startThread=0
[DEBUG] ReservedThreadExecutor@278bb07e{s=0/1,p=0}@5ad36b3a task=EatWhatYouKill@63b1d4fa/SelectorProducer@4c4d27c8/IDLE/p=true/QueuedThreadPool[qtp638486177]@260e86a1{STARTED,8<=8<=200,i=3,r=-1,q=0}[ReservedThreadExecutor@278bb07e{s=1/1,p=0}][pc=0,pic=0,pec=1,epc=3]@2021-09-28T06:03:30.714Z
[DEBUG] EatWhatYouKill@63b1d4fa/SelectorProducer@4c4d27c8/IDLE/p=true/QueuedThreadPool[qtp638486177]@260e86a1{STARTED,8<=8<=200,i=3,r=-1,q=0}[ReservedThreadExecutor@278bb07e{s=1/1,p=0}][pc=0,pic=0,pec=1,epc=3]@2021-09-28T06:03:30.714Z tryProduce true
[DEBUG] updateable 0
[DEBUG] updates 0
[DEBUG] Key interests updated 1 -> 0 on SocketChannelEndPoint@3d491fad{l=/127.0.0.1:35372,r=/127.0.0.1:60190,OPEN,fill=FI,flush=-,to=2/30000}{io=0/0,kio=0,kro=1}->HttpConnection@3e7171e5[p=HttpParser{s=START,0 of -1},g=HttpGenerator@274dcaa5{s=START}]=>HttpChannelOverHttp@36eb5f45{s=HttpChannelState@23232c72{s=IDLE rs=BLOCKING os=OPEN is=IDLE awp=false se=false i=true al=0},r=0,c=false/false,a=IDLE,uri=null,age=0}
[DEBUG] Selector sun.nio.ch.EPollSelectorImpl@36abfb12 waiting with 3 keys
[DEBUG] EatWhatYouKill@63b1d4fa/SelectorProducer@4c4d27c8/PRODUCING/p=false/QueuedThreadPool[qtp638486177]@260e86a1{STARTED,8<=8<=200,i=3,r=-1,q=0}[ReservedThreadExecutor@278bb07e{s=1/1,p=0}][pc=0,pic=0,pec=1,epc=3]@2021-09-28T06:03:30.715Z m=EXECUTE_PRODUCE_CONSUME t=CEP:SocketChannelEndPoint@3d491fad{l=/127.0.0.1:35372,r=/127.0.0.1:60190,OPEN,fill=FI,flush=-,to=2/30000}{io=0/0,kio=0,kro=1}->HttpConnection@3e7171e5[p=HttpParser{s=START,0 of -1},g=HttpGenerator@274dcaa5{s=START}]=>HttpChannelOverHttp@36eb5f45{s=HttpChannelState@23232c72{s=IDLE rs=BLOCKING os=OPEN is=IDLE awp=false se=false i=true al=0},r=0,c=false/false,a=IDLE,uri=null,age=0}:runFillable:BLOCKING/BLOCKING
[DEBUG] fillable FillInterest@1d372282{AC.ReadCB@3e7171e5{HttpConnection@3e7171e5::SocketChannelEndPoint@3d491fad{l=/127.0.0.1:35372,r=/127.0.0.1:60190,OPEN,fill=FI,flush=-,to=2/30000}{io=0/0,kio=0,kro=1}->HttpConnection@3e7171e5[p=HttpParser{s=START,0 of -1},g=HttpGenerator@274dcaa5{s=START}]=>HttpChannelOverHttp@36eb5f45{s=HttpChannelState@23232c72{s=IDLE rs=BLOCKING os=OPEN is=IDLE awp=false se=false i=true al=0},r=0,c=false/false,a=IDLE,uri=null,age=0}}}
[DEBUG] HttpConnection@3e7171e5::SocketChannelEndPoint@3d491fad{l=/127.0.0.1:35372,r=/127.0.0.1:60190,OPEN,fill=-,flush=-,to=2/30000}{io=0/0,kio=0,kro=1}->HttpConnection@3e7171e5[p=HttpParser{s=START,0 of -1},g=HttpGenerator@274dcaa5{s=START}]=>HttpChannelOverHttp@36eb5f45{s=HttpChannelState@23232c72{s=IDLE rs=BLOCKING os=OPEN is=IDLE awp=false se=false i=true al=0},r=0,c=false/false,a=IDLE,uri=null,age=0} onFillable enter HttpChannelState@23232c72{s=IDLE rs=BLOCKING os=OPEN is=IDLE awp=false se=false i=true al=0} null
[DEBUG] filled 311 HeapByteBuffer@2a66826a[p=0,l=311,c=8192,r=311]={<<<GET /FileServlet/htmltest...nection: keep-alive\r\n\r\n>>>nnection:...\x86&h\xA0{\xC1\xC2}
[DEBUG] HttpConnection@3e7171e5::SocketChannelEndPoint@3d491fad{l=/127.0.0.1:35372,r=/127.0.0.1:60190,OPEN,fill=-,flush=-,to=0/30000}{io=0/0,kio=0,kro=1}->HttpConnection@3e7171e5[p=HttpParser{s=START,0 of -1},g=HttpGenerator@274dcaa5{s=START}]=>HttpChannelOverHttp@36eb5f45{s=HttpChannelState@23232c72{s=IDLE rs=BLOCKING os=OPEN is=IDLE awp=false se=false i=true al=0},r=0,c=false/false,a=IDLE,uri=null,age=0} filled 311 HeapByteBuffer@2a66826a[p=0,l=311,c=8192,r=311]={<<<GET /FileServlet/htmltest...nection: keep-alive\r\n\r\n>>>nnection:...\x86&h\xA0{\xC1\xC2}
[DEBUG] HttpConnection@3e7171e5::SocketChannelEndPoint@3d491fad{l=/127.0.0.1:35372,r=/127.0.0.1:60190,OPEN,fill=-,flush=-,to=0/30000}{io=0/0,kio=0,kro=1}->HttpConnection@3e7171e5[p=HttpParser{s=START,0 of -1},g=HttpGenerator@274dcaa5{s=START}]=>HttpChannelOverHttp@36eb5f45{s=HttpChannelState@23232c72{s=IDLE rs=BLOCKING os=OPEN is=IDLE awp=false se=false i=true al=0},r=0,c=false/false,a=IDLE,uri=null,age=0} parse HeapByteBuffer@2a66826a[p=0,l=311,c=8192,r=311]={<<<GET /FileServlet/htmltest...nection: keep-alive\r\n\r\n>>>nnection:...\x86&h\xA0{\xC1\xC2} {}
[DEBUG] parseNext s=START HeapByteBuffer@2a66826a[p=0,l=311,c=8192,r=311]={<<<GET /FileServlet/htmltest...nection: keep-alive\r\n\r\n>>>nnection:...\x86&h\xA0{\xC1\xC2}
[DEBUG] START --> SPACE1
[DEBUG] SPACE1 --> URI
[DEBUG] URI --> SPACE2
[DEBUG] SPACE2 --> REQUEST_VERSION
[DEBUG] REQUEST_VERSION --> HEADER
[DEBUG] HEADER:Accept-Encoding: gzip --> IN_VALUE
[DEBUG] HEADER:Accept-Encoding: gzip --> FIELD
[DEBUG] HEADER:User-Agent --> VALUE
[DEBUG] HEADER:User-Agent --> IN_VALUE
[DEBUG] HEADER:User-Agent --> FIELD
[DEBUG] HEADER:Host --> VALUE
[DEBUG] HEADER:Host --> IN_VALUE
[DEBUG] HEADER:Host --> FIELD
[DEBUG] HEADER:Accept --> VALUE
[DEBUG] HEADER:Accept --> IN_VALUE
[DEBUG] HEADER:Accept --> FIELD
[DEBUG] HEADER:Connection: keep-alive --> IN_VALUE
[DEBUG] HEADER:Connection: keep-alive --> FIELD
[DEBUG] HEADER --> CONTENT
[DEBUG] REQUEST for //localhost:35372/FileServlet/htmltests/large.html on HttpChannelOverHttp@36eb5f45{s=HttpChannelState@23232c72{s=IDLE rs=BLOCKING os=OPEN is=IDLE awp=false se=false i=true al=0},r=1,c=false/false,a=IDLE,uri=//localhost:35372/FileServlet/htmltests/large.html,age=0}
GET //localhost:35372/FileServlet/htmltests/large.html HTTP/1.1
Accept-Encoding: gzip
User-Agent: Mozilla/5.0 (Windows NT 10.0; Win64; x64) AppleWebKit/537.36 (KHTML, like Gecko) Chrome/79.0.3945.130 Safari/537.36
Host: localhost:35372
Accept: text/html, image/gif, image/jpeg, *; q=.2, */*; q=.2
Connection: keep-alive


[DEBUG] HttpConnection@3e7171e5::SocketChannelEndPoint@3d491fad{l=/127.0.0.1:35372,r=/127.0.0.1:60190,OPEN,fill=-,flush=-,to=0/30000}{io=0/0,kio=0,kro=1}->HttpConnection@3e7171e5[p=HttpParser{s=CONTENT,0 of -1},g=HttpGenerator@274dcaa5{s=START}]=>HttpChannelOverHttp@36eb5f45{s=HttpChannelState@23232c72{s=IDLE rs=BLOCKING os=OPEN is=IDLE awp=false se=false i=true al=0},r=1,c=false/false,a=IDLE,uri=//localhost:35372/FileServlet/htmltests/large.html,age=0} parsed true HttpParser{s=CONTENT,0 of -1}
[DEBUG] releaseRequestBuffer HttpConnection@3e7171e5::SocketChannelEndPoint@3d491fad{l=/127.0.0.1:35372,r=/127.0.0.1:60190,OPEN,fill=-,flush=-,to=1/30000}{io=0/0,kio=0,kro=1}->HttpConnection@3e7171e5[p=HttpParser{s=CONTENT,0 of -1},g=HttpGenerator@274dcaa5{s=START}]=>HttpChannelOverHttp@36eb5f45{s=HttpChannelState@23232c72{s=IDLE rs=BLOCKING os=OPEN is=IDLE awp=false se=false i=true al=0},r=1,c=false/false,a=IDLE,uri=//localhost:35372/FileServlet/htmltests/large.html,age=0}
[DEBUG] handle //localhost:35372/FileServlet/htmltests/large.html HttpChannelOverHttp@36eb5f45{s=HttpChannelState@23232c72{s=IDLE rs=BLOCKING os=OPEN is=IDLE awp=false se=false i=true al=0},r=1,c=false/false,a=IDLE,uri=//localhost:35372/FileServlet/htmltests/large.html,age=0} 
[DEBUG] handling HttpChannelState@23232c72{s=IDLE rs=BLOCKING os=OPEN is=IDLE awp=false se=false i=true al=0}
[DEBUG] action DISPATCH HttpChannelOverHttp@36eb5f45{s=HttpChannelState@23232c72{s=HANDLING rs=BLOCKING os=OPEN is=IDLE awp=false se=false i=true al=0},r=1,c=false/false,a=HANDLING,uri=//localhost:35372/FileServlet/htmltests/large.html,age=0}
[DEBUG] REQUEST GET /FileServlet/htmltests/large.html on HttpChannelOverHttp@36eb5f45{s=HttpChannelState@23232c72{s=HANDLING rs=BLOCKING os=OPEN is=IDLE awp=false se=false i=true al=0},r=1,c=false/false,a=HANDLING,uri=//localhost:35372/FileServlet/htmltests/large.html,age=2}
[DEBUG] servlet null|/FileServlet|/htmltests/large.html -> org.jsoup.integration.servlets.FileServlet-60dce7ea==org.jsoup.integration.servlets.FileServlet@c786463a{jsp=null,order=-1,inst=true,async=true,src=EMBEDDED:null,STARTED}
[DEBUG] chain=null
[DEBUG] write(array HeapByteBuffer@64211640[p=0,l=8192,c=8192,r=8192]={<<<<html><head><title>Large ...augue. Vestibulum tinci>>>})
[DEBUG] write(array) s=OPEN,api=BLOCKING,sc=false,e=null aggregated !flush DirectByteBuffer@38e5eb8d[p=0,l=8192,c=32768,r=8192]={<<<<html><head><title>Large ...augue. Vestibulum tinci>>>\x00\x00\x00\x00\x00\x00\x00\x00\x00...\x00\x00\x00\x00\x00\x00\x00}
[DEBUG] write(array HeapByteBuffer@212394a0[p=0,l=8192,c=8192,r=8192]={<<<dunt malesuada tellus. Ut... nostra, per inceptos h>>>})
[DEBUG] write(array) s=OPEN,api=BLOCKING,sc=false,e=null aggregated !flush DirectByteBuffer@38e5eb8d[p=0,l=16384,c=32768,r=16384]={<<<<html><head><title>Large ... nostra, per inceptos h>>>\x00\x00\x00\x00\x00\x00\x00\x00\x00...\x00\x00\x00\x00\x00\x00\x00}
[DEBUG] write(array HeapByteBuffer@4365d49[p=0,l=8192,c=8192,r=8192]={<<<imenaeos. Nam nec ante. S...nas aliquet mollis lect>>>})
[DEBUG] write(array) s=OPEN,api=BLOCKING,sc=false,e=null aggregated !flush DirectByteBuffer@38e5eb8d[p=0,l=24576,c=32768,r=24576]={<<<<html><head><title>Large ...nas aliquet mollis lect>>>\x00\x00\x00\x00\x00\x00\x00\x00\x00...\x00\x00\x00\x00\x00\x00\x00}
[DEBUG] write(array HeapByteBuffer@1048f112[p=0,l=8192,c=8192,r=8192]={<<<us. Vivamus consectetuer ...s ultrices enim. Curabi>>>})
[DEBUG] write(array) s=OPEN,api=BLOCKED,sc=false,e=null last=false agg=true flush=true async=false, len=0 DirectByteBuffer@38e5eb8d[p=0,l=32768,c=32768,r=32768]={<<<<html><head><title>Large ...s ultrices enim. Curabi>>>}
[DEBUG] sendResponse info=null content=DirectByteBuffer@38e5eb8d[p=0,l=32768,c=32768,r=32768]={<<<<html><head><title>Large ...s ultrices enim. Curabi>>>} complete=false committing=true callback=Blocker@7cb7664d{null}
[DEBUG] COMMIT for /FileServlet/htmltests/large.html on HttpChannelOverHttp@36eb5f45{s=HttpChannelState@23232c72{s=HANDLING rs=BLOCKING os=COMMITTED is=IDLE awp=false se=false i=true al=0},r=1,c=false/false,a=HANDLING,uri=//localhost:35372/FileServlet/htmltests/large.html,age=3}
200 null HTTP/1.1
Date: Tue, 28 Sep 2021 06:03:30 GMT
Content-Type: text/html


[DEBUG] generate: NEED_HEADER for SendCallback@410c6bef[PROCESSING][i=HTTP/1.1{s=200,h=2,cl=-1},cb=org.eclipse.jetty.server.HttpChannel$SendCallback@7766ba92] (null,[p=0,l=32768,c=32768,r=32768],false)@START
[DEBUG] generateHeaders HTTP/1.1{s=200,h=2,cl=-1} last=false content=DirectByteBuffer@38e5eb8d[p=0,l=32768,c=32768,r=32768]={<<<<html><head><title>Large ...s ultrices enim. Curabi>>>}
[DEBUG] Date: Tue, 28 Sep 2021 06:03:30 GMT
Content-Type: text/html


[DEBUG] CHUNKED_CONTENT
[DEBUG] flushed 32916 SocketChannelEndPoint@61fd9662{l=/127.0.0.1:35372,r=/127.0.0.1:60188,OPEN,fill=-,flush=W,to=13/30000}{io=0/0,kio=0,kro=1}->HttpConnection@2e077e16[p=HttpParser{s=CONTENT,0 of -1},g=HttpGenerator@1f63306b{s=COMMITTED}]=>HttpChannelOverHttp@6f3a742d{s=HttpChannelState@6b05fd12{s=HANDLING rs=BLOCKING os=COMMITTED is=IDLE awp=false se=false i=true al=0},r=9,c=false/false,a=HANDLING,uri=//localhost:35372/FileServlet/htmltests/large.html,age=11}
[DEBUG] Flushed=true written=32916 remaining=0 WriteFlusher@d847498{WRITING}->null
[DEBUG] update WriteFlusher@d847498{IDLE}->null:WRITING-->IDLE
[DEBUG] generate: DONE for SendCallback@96c627e[PROCESSING][i=HTTP/1.1{s=200,h=2,cl=-1},cb=org.eclipse.jetty.server.HttpChannel$SendCallback@4f82660e] ([p=148,l=148,c=8192,r=0],[p=32768,l=32768,c=32768,r=0],false)@COMMITTED
[DEBUG] onWriteComplete(false,null) s=OPEN,api=BLOCKED,sc=false,e=null->s=OPEN,api=BLOCKING,sc=false,e=null c=null cb=null w=false
[DEBUG] write(array HeapByteBuffer@5385644e[p=0,l=8192,c=8192,r=8192]={<<<tur sit amet mauris. Morb...s ligula lacinia alique>>>})
[DEBUG] write(array) s=OPEN,api=BLOCKING,sc=false,e=null aggregated !flush DirectByteBuffer@7c27fa39[p=0,l=8192,c=32768,r=8192]={<<<tur sit amet mauris. Morb...s ligula lacinia alique>>>dunt male... Curabi}
[DEBUG] write(array HeapByteBuffer@27db88d[p=0,l=8192,c=8192,r=8192]={<<<t. Mauris ipsum. Nulla me...sectetuer risus et tort>>>})
[DEBUG] write(array) s=OPEN,api=BLOCKING,sc=false,e=null aggregated !flush DirectByteBuffer@7c27fa39[p=0,l=16384,c=32768,r=16384]={<<<tur sit amet mauris. Morb...sectetuer risus et tort>>>imenaeos.... Curabi}
[DEBUG] write(array HeapByteBuffer@1b09adfc[p=0,l=8192,c=8192,r=8192]={<<<or. Lorem ipsum dolor sit... Donec lacus nunc, vive>>>})
[DEBUG] write(array) s=OPEN,api=BLOCKING,sc=false,e=null aggregated !flush DirectByteBuffer@7c27fa39[p=0,l=24576,c=32768,r=24576]={<<<tur sit amet mauris. Morb... Donec lacus nunc, vive>>>us. Vivam... Curabi}
[DEBUG] write(array HeapByteBuffer@47671a85[p=0,l=8192,c=8192,r=8192]={<<<rra nec, blandit vel, ege... In scelerisque sem at >>>})
[DEBUG] write(array) s=OPEN,api=BLOCKED,sc=false,e=null last=false agg=true flush=true async=false, len=0 DirectByteBuffer@7c27fa39[p=0,l=32768,c=32768,r=32768]={<<<tur sit amet mauris. Morb... In scelerisque sem at >>>}
[DEBUG] sendResponse info=null content=DirectByteBuffer@7c27fa39[p=0,l=32768,c=32768,r=32768]={<<<tur sit amet mauris. Morb... In scelerisque sem at >>>} complete=false committing=false callback=Blocker@6ccb6686{null}
[DEBUG] generate: NEED_CHUNK for SendCallback@96c627e[PROCESSING][i=null,cb=org.eclipse.jetty.server.HttpChannel$SendCallback@3f38a133] (null,[p=0,l=32768,c=32768,r=32768],false)@COMMITTED
[DEBUG] generate: FLUSH for SendCallback@96c627e[PROCESSING][i=null,cb=org.eclipse.jetty.server.HttpChannel$SendCallback@3f38a133] (null,[p=0,l=32768,c=32768,r=32768],false)@COMMITTED
[DEBUG] write: WriteFlusher@d847498{IDLE}->null [HeapByteBuffer@2ed6021b[p=0,l=8,c=1024,r=8]={<<<\r\n8000\r\n>>>\x00\x00\x00\x00\x00\x00\x00\x00\x00...\x00\x00\x00\x00\x00\x00\x00},DirectByteBuffer@7c27fa39[p=0,l=32768,c=32768,r=32768]={<<<tur sit amet mauris. Morb... In scelerisque sem at >>>}]
[DEBUG] update WriteFlusher@d847498{WRITING}->null:IDLE-->WRITING
[DEBUG] flushed 32776 SocketChannelEndPoint@61fd9662{l=/127.0.0.1:35372,r=/127.0.0.1:60188,OPEN,fill=-,flush=W,to=10/30000}{io=0/0,kio=0,kro=1}->HttpConnection@2e077e16[p=HttpParser{s=CONTENT,0 of -1},g=HttpGenerator@1f63306b{s=COMMITTED}]=>HttpChannelOverHttp@6f3a742d{s=HttpChannelState@6b05fd12{s=HANDLING rs=BLOCKING os=COMMITTED is=IDLE awp=false se=false i=true al=0},r=9,c=false/false,a=HANDLING,uri=//localhost:35372/FileServlet/htmltests/large.html,age=21}
[DEBUG] Flushed=true written=32776 remaining=0 WriteFlusher@d847498{WRITING}->null
[DEBUG] update WriteFlusher@d847498{IDLE}->null:WRITING-->IDLE
[DEBUG] generate: DONE for SendCallback@96c627e[PROCESSING][i=null,cb=org.eclipse.jetty.server.HttpChannel$SendCallback@3f38a133] (null,[p=32768,l=32768,c=32768,r=0],false)@COMMITTED
[DEBUG] onWriteComplete(false,null) s=OPEN,api=BLOCKED,sc=false,e=null->s=OPEN,api=BLOCKING,sc=false,e=null c=null cb=null w=false
[DEBUG] write(array HeapByteBuffer@50eedf89[p=0,l=8192,c=8192,r=8192]={<<<dolor. Maecenas mattis. S...itor, cursus quis, aliq>>>})
[DEBUG] generate: FLUSH for SendCallback@410c6bef[PROCESSING][i=HTTP/1.1{s=200,h=2,cl=-1},cb=org.eclipse.jetty.server.HttpChannel$SendCallback@7766ba92] ([p=0,l=148,c=8192,r=148],[p=0,l=32768,c=32768,r=32768],false)@COMMITTED
[DEBUG] write: WriteFlusher@2071150d{IDLE}->null [HeapByteBuffer@2a66826a[p=0,l=148,c=8192,r=148]={<<<HTTP/1.1 200 OK\r\nDate: Tu...43.v20210629)\r\n\r\n8000\r\n>>>ML, like ...\x86&h\xA0{\xC1\xC2},DirectByteBuffer@38e5eb8d[p=0,l=32768,c=32768,r=32768]={<<<<html><head><title>Large ...s ultrices enim. Curabi>>>}]
[DEBUG] update WriteFlusher@2071150d{WRITING}->null:IDLE-->WRITING
[DEBUG] Queued change lazy=false Accept@380f1089[java.nio.channels.SocketChannel[connected local=/127.0.0.1:35372 remote=/127.0.0.1:60192]] on ManagedSelector@72cf2de5{STARTED} id=0 keys=3 selected=0 updates=0
[DEBUG] Wakeup on submit ManagedSelector@72cf2de5{STARTED} id=0 keys=3 selected=0 updates=1
[DEBUG] Selector sun.nio.ch.EPollSelectorImpl@36abfb12 woken with none selected
[DEBUG] Selector sun.nio.ch.EPollSelectorImpl@36abfb12 woken up from select, 0/0/3 selected
[DEBUG] Selector sun.nio.ch.EPollSelectorImpl@36abfb12 processing 0 keys, 1 updates
[DEBUG] updateable 1
[DEBUG] update Accept@380f1089[java.nio.channels.SocketChannel[connected local=/127.0.0.1:35372 remote=/127.0.0.1:60192]]
[DEBUG] queue Accept@380f1089[java.nio.channels.SocketChannel[connected local=/127.0.0.1:35372 remote=/127.0.0.1:60192]] startThread=0
[DEBUG] updates 0
[DEBUG] Selector sun.nio.ch.EPollSelectorImpl@36abfb12 waiting with 4 keys
[DEBUG] run Accept@380f1089[java.nio.channels.SocketChannel[connected local=/127.0.0.1:35372 remote=/127.0.0.1:60192]] in QueuedThreadPool[qtp638486177]@260e86a1{STARTED,8<=8<=200,i=2,r=-1,q=0}[ReservedThreadExecutor@278bb07e{s=1/1,p=0}]
[DEBUG] SocketChannelEndPoint@48f3668d{l=/127.0.0.1:35372,r=/127.0.0.1:60192,OPEN,fill=-,flush=-,to=0/30000}{io=0/0,kio=0,kro=0}-><null> idle timeout check, elapsed: 0 ms, remaining: 30000 ms
[DEBUG] new HttpChannelOverHttp@4e95f790{s=HttpChannelState@40ce48d9{s=IDLE rs=BLOCKING os=OPEN is=IDLE awp=false se=false i=true al=0},r=0,c=false/false,a=IDLE,uri=null,age=0} -> SocketChannelEndPoint@48f3668d{l=/127.0.0.1:35372,r=/127.0.0.1:60192,OPEN,fill=-,flush=-,to=0/30000}{io=0/0,kio=0,kro=0}-><null>,null,HttpChannelState@40ce48d9{s=IDLE rs=BLOCKING os=OPEN is=IDLE awp=false se=false i=true al=0}
[DEBUG] New HTTP Connection HttpConnection@4a663bd0::SocketChannelEndPoint@48f3668d{l=/127.0.0.1:35372,r=/127.0.0.1:60192,OPEN,fill=-,flush=-,to=0/30000}{io=0/0,kio=0,kro=0}-><null>
[DEBUG] Queued change lazy=true org.eclipse.jetty.io.ManagedSelector$$Lambda$478/2084879914@19f2fb1f on ManagedSelector@72cf2de5{STARTED} id=0 keys=4 selected=0 updates=0
[DEBUG] onOpen SocketChannelEndPoint@48f3668d{l=/127.0.0.1:35372,r=/127.0.0.1:60192,OPEN,fill=-,flush=-,to=0/30000}{io=0/0,kio=0,kro=0}->HttpConnection@4a663bd0[p=HttpParser{s=START,0 of -1},g=HttpGenerator@783aa6c6{s=START}]=>HttpChannelOverHttp@4e95f790{s=HttpChannelState@40ce48d9{s=IDLE rs=BLOCKING os=OPEN is=IDLE awp=false se=false i=true al=0},r=0,c=false/false,a=IDLE,uri=null,age=0}
[DEBUG] onOpen HttpConnection@4a663bd0::SocketChannelEndPoint@48f3668d{l=/127.0.0.1:35372,r=/127.0.0.1:60192,OPEN,fill=-,flush=-,to=0/30000}{io=0/0,kio=0,kro=0}->HttpConnection@4a663bd0[p=HttpParser{s=START,0 of -1},g=HttpGenerator@783aa6c6{s=START}]=>HttpChannelOverHttp@4e95f790{s=HttpChannelState@40ce48d9{s=IDLE rs=BLOCKING os=OPEN is=IDLE awp=false se=false i=true al=0},r=0,c=false/false,a=IDLE,uri=null,age=0}
[DEBUG] fillInterested HttpConnection@4a663bd0::SocketChannelEndPoint@48f3668d{l=/127.0.0.1:35372,r=/127.0.0.1:60192,OPEN,fill=-,flush=-,to=0/30000}{io=0/0,kio=0,kro=0}->HttpConnection@4a663bd0[p=HttpParser{s=START,0 of -1},g=HttpGenerator@783aa6c6{s=START}]=>HttpChannelOverHttp@4e95f790{s=HttpChannelState@40ce48d9{s=IDLE rs=BLOCKING os=OPEN is=IDLE awp=false se=false i=true al=0},r=0,c=false/false,a=IDLE,uri=null,age=0}
[DEBUG] interested FillInterest@4a00b198{AC.ReadCB@4a663bd0{HttpConnection@4a663bd0::SocketChannelEndPoint@48f3668d{l=/127.0.0.1:35372,r=/127.0.0.1:60192,OPEN,fill=FI,flush=-,to=0/30000}{io=0/0,kio=0,kro=0}->HttpConnection@4a663bd0[p=HttpParser{s=START,0 of -1},g=HttpGenerator@783aa6c6{s=START}]=>HttpChannelOverHttp@4e95f790{s=HttpChannelState@40ce48d9{s=IDLE rs=BLOCKING os=OPEN is=IDLE awp=false se=false i=true al=0},r=0,c=false/false,a=IDLE,uri=null,age=0}}}
[DEBUG] changeInterests p=false 0->1 for SocketChannelEndPoint@48f3668d{l=/127.0.0.1:35372,r=/127.0.0.1:60192,OPEN,fill=FI,flush=-,to=0/30000}{io=0/1,kio=0,kro=0}->HttpConnection@4a663bd0[p=HttpParser{s=START,0 of -1},g=HttpGenerator@783aa6c6{s=START}]=>HttpChannelOverHttp@4e95f790{s=HttpChannelState@40ce48d9{s=IDLE rs=BLOCKING os=OPEN is=IDLE awp=false se=false i=true al=0},r=0,c=false/false,a=IDLE,uri=null,age=0}
[DEBUG] Queued change lazy=false org.eclipse.jetty.io.ChannelEndPoint$$Lambda$475/336675676@31c3bbb3 on ManagedSelector@72cf2de5{STARTED} id=0 keys=4 selected=0 updates=1
[DEBUG] Wakeup on submit ManagedSelector@72cf2de5{STARTED} id=0 keys=4 selected=0 updates=2
[DEBUG] Created SocketChannelEndPoint@48f3668d{l=/127.0.0.1:35372,r=/127.0.0.1:60192,OPEN,fill=FI,flush=-,to=0/30000}{io=0/1,kio=0,kro=0}->HttpConnection@4a663bd0[p=HttpParser{s=START,0 of -1},g=HttpGenerator@783aa6c6{s=START}]=>HttpChannelOverHttp@4e95f790{s=HttpChannelState@40ce48d9{s=IDLE rs=BLOCKING os=OPEN is=IDLE awp=false se=false i=true al=0},r=0,c=false/false,a=IDLE,uri=null,age=0}
[DEBUG] ran Accept@380f1089[java.nio.channels.SocketChannel[connected local=/127.0.0.1:35372 remote=/127.0.0.1:60192]] in QueuedThreadPool[qtp638486177]@260e86a1{STARTED,8<=8<=200,i=2,r=-1,q=0}[ReservedThreadExecutor@278bb07e{s=1/1,p=0}]
[DEBUG] Selector sun.nio.ch.EPollSelectorImpl@36abfb12 woken with none selected
[DEBUG] Selector sun.nio.ch.EPollSelectorImpl@36abfb12 woken up from select, 0/0/4 selected
[DEBUG] Selector sun.nio.ch.EPollSelectorImpl@36abfb12 processing 0 keys, 2 updates
[DEBUG] updateable 2
[DEBUG] update org.eclipse.jetty.io.ManagedSelector$$Lambda$478/2084879914@19f2fb1f
[DEBUG] update org.eclipse.jetty.io.ChannelEndPoint$$Lambda$475/336675676@31c3bbb3
[DEBUG] Key interests updated 0 -> 1 on SocketChannelEndPoint@48f3668d{l=/127.0.0.1:35372,r=/127.0.0.1:60192,OPEN,fill=FI,flush=-,to=2/30000}{io=1/1,kio=1,kro=0}->HttpConnection@4a663bd0[p=HttpParser{s=START,0 of -1},g=HttpGenerator@783aa6c6{s=START}]=>HttpChannelOverHttp@4e95f790{s=HttpChannelState@40ce48d9{s=IDLE rs=BLOCKING os=OPEN is=IDLE awp=false se=false i=true al=0},r=0,c=false/false,a=IDLE,uri=null,age=0}
[DEBUG] updates 0
[DEBUG] Selector sun.nio.ch.EPollSelectorImpl@36abfb12 waiting with 4 keys
[DEBUG] Selector sun.nio.ch.EPollSelectorImpl@36abfb12 woken up from select, 1/1/4 selected
[DEBUG] Selector sun.nio.ch.EPollSelectorImpl@36abfb12 processing 1 keys, 0 updates
[DEBUG] selected 1 sun.nio.ch.SelectionKeyImpl@518b35c0 SocketChannelEndPoint@48f3668d{l=/127.0.0.1:35372,r=/127.0.0.1:60192,OPEN,fill=FI,flush=-,to=2/30000}{io=1/1,kio=1,kro=1}->HttpConnection@4a663bd0[p=HttpParser{s=START,0 of -1},g=HttpGenerator@783aa6c6{s=START}]=>HttpChannelOverHttp@4e95f790{s=HttpChannelState@40ce48d9{s=IDLE rs=BLOCKING os=OPEN is=IDLE awp=false se=false i=true al=0},r=0,c=false/false,a=IDLE,uri=null,age=0} 
[DEBUG] onSelected 1->0 r=true w=false for SocketChannelEndPoint@48f3668d{l=/127.0.0.1:35372,r=/127.0.0.1:60192,OPEN,fill=FI,flush=-,to=2/30000}{io=1/0,kio=1,kro=1}->HttpConnection@4a663bd0[p=HttpParser{s=START,0 of -1},g=HttpGenerator@783aa6c6{s=START}]=>HttpChannelOverHttp@4e95f790{s=HttpChannelState@40ce48d9{s=IDLE rs=BLOCKING os=OPEN is=IDLE awp=false se=false i=true al=0},r=0,c=false/false,a=IDLE,uri=null,age=0}
[DEBUG] task CEP:SocketChannelEndPoint@48f3668d{l=/127.0.0.1:35372,r=/127.0.0.1:60192,OPEN,fill=FI,flush=-,to=3/30000}{io=1/0,kio=1,kro=1}->HttpConnection@4a663bd0[p=HttpParser{s=START,0 of -1},g=HttpGenerator@783aa6c6{s=START}]=>HttpChannelOverHttp@4e95f790{s=HttpChannelState@40ce48d9{s=IDLE rs=BLOCKING os=OPEN is=IDLE awp=false se=false i=true al=0},r=0,c=false/false,a=IDLE,uri=null,age=0}:runFillable:BLOCKING
[DEBUG] ReservedThreadExecutor@278bb07e{s=1/1,p=0} tryExecute EatWhatYouKill@63b1d4fa/SelectorProducer@4c4d27c8/PRODUCING/p=false/QueuedThreadPool[qtp638486177]@260e86a1{STARTED,8<=8<=200,i=3,r=-1,q=0}[ReservedThreadExecutor@278bb07e{s=1/1,p=0}][pc=0,pic=0,pec=1,epc=4]@2021-09-28T06:03:30.735Z
[DEBUG] ReservedThreadExecutor@278bb07e{s=0/1,p=0}@674d569b offer EatWhatYouKill@63b1d4fa/SelectorProducer@4c4d27c8/PRODUCING/p=false/QueuedThreadPool[qtp638486177]@260e86a1{STARTED,8<=8<=200,i=3,r=-1,q=0}[ReservedThreadExecutor@278bb07e{s=0/1,p=0}][pc=0,pic=0,pec=1,epc=4]@2021-09-28T06:03:30.735Z
[DEBUG] ReservedThreadExecutor@278bb07e{s=0/1,p=1} startReservedThread p=1
[DEBUG] run ReservedThreadExecutor@278bb07e{s=0/1,p=1}@710c7a19 in QueuedThreadPool[qtp638486177]@260e86a1{STARTED,8<=8<=200,i=2,r=-1,q=0}[ReservedThreadExecutor@278bb07e{s=0/1,p=1}]
[DEBUG] ReservedThreadExecutor@278bb07e{s=1/1,p=1}@710c7a19 started
[DEBUG] ReservedThreadExecutor@278bb07e{s=1/1,p=0}@710c7a19 waiting
[DEBUG] queue ReservedThreadExecutor@278bb07e{s=1/1,p=0}@710c7a19 startThread=0
[DEBUG] ReservedThreadExecutor@278bb07e{s=0/1,p=0}@674d569b task=EatWhatYouKill@63b1d4fa/SelectorProducer@4c4d27c8/IDLE/p=true/QueuedThreadPool[qtp638486177]@260e86a1{STARTED,8<=8<=200,i=2,r=-1,q=0}[ReservedThreadExecutor@278bb07e{s=1/1,p=0}][pc=0,pic=0,pec=1,epc=4]@2021-09-28T06:03:30.736Z
[DEBUG] EatWhatYouKill@63b1d4fa/SelectorProducer@4c4d27c8/IDLE/p=true/QueuedThreadPool[qtp638486177]@260e86a1{STARTED,8<=8<=200,i=2,r=-1,q=0}[ReservedThreadExecutor@278bb07e{s=1/1,p=0}][pc=0,pic=0,pec=1,epc=4]@2021-09-28T06:03:30.736Z tryProduce true
[DEBUG] updateable 0
[DEBUG] updates 0
[DEBUG] Key interests updated 1 -> 0 on SocketChannelEndPoint@48f3668d{l=/127.0.0.1:35372,r=/127.0.0.1:60192,OPEN,fill=FI,flush=-,to=4/30000}{io=0/0,kio=0,kro=1}->HttpConnection@4a663bd0[p=HttpParser{s=START,0 of -1},g=HttpGenerator@783aa6c6{s=START}]=>HttpChannelOverHttp@4e95f790{s=HttpChannelState@40ce48d9{s=IDLE rs=BLOCKING os=OPEN is=IDLE awp=false se=false i=true al=0},r=0,c=false/false,a=IDLE,uri=null,age=0}
[DEBUG] Selector sun.nio.ch.EPollSelectorImpl@36abfb12 waiting with 4 keys
[DEBUG] EatWhatYouKill@63b1d4fa/SelectorProducer@4c4d27c8/PRODUCING/p=false/QueuedThreadPool[qtp638486177]@260e86a1{STARTED,8<=8<=200,i=2,r=-1,q=0}[ReservedThreadExecutor@278bb07e{s=1/1,p=0}][pc=0,pic=0,pec=1,epc=4]@2021-09-28T06:03:30.736Z m=EXECUTE_PRODUCE_CONSUME t=CEP:SocketChannelEndPoint@48f3668d{l=/127.0.0.1:35372,r=/127.0.0.1:60192,OPEN,fill=FI,flush=-,to=4/30000}{io=0/0,kio=0,kro=1}->HttpConnection@4a663bd0[p=HttpParser{s=START,0 of -1},g=HttpGenerator@783aa6c6{s=START}]=>HttpChannelOverHttp@4e95f790{s=HttpChannelState@40ce48d9{s=IDLE rs=BLOCKING os=OPEN is=IDLE awp=false se=false i=true al=0},r=0,c=false/false,a=IDLE,uri=null,age=0}:runFillable:BLOCKING/BLOCKING
[DEBUG] fillable FillInterest@4a00b198{AC.ReadCB@4a663bd0{HttpConnection@4a663bd0::SocketChannelEndPoint@48f3668d{l=/127.0.0.1:35372,r=/127.0.0.1:60192,OPEN,fill=FI,flush=-,to=4/30000}{io=0/0,kio=0,kro=1}->HttpConnection@4a663bd0[p=HttpParser{s=START,0 of -1},g=HttpGenerator@783aa6c6{s=START}]=>HttpChannelOverHttp@4e95f790{s=HttpChannelState@40ce48d9{s=IDLE rs=BLOCKING os=OPEN is=IDLE awp=false se=false i=true al=0},r=0,c=false/false,a=IDLE,uri=null,age=0}}}
[DEBUG] HttpConnection@4a663bd0::SocketChannelEndPoint@48f3668d{l=/127.0.0.1:35372,r=/127.0.0.1:60192,OPEN,fill=-,flush=-,to=4/30000}{io=0/0,kio=0,kro=1}->HttpConnection@4a663bd0[p=HttpParser{s=START,0 of -1},g=HttpGenerator@783aa6c6{s=START}]=>HttpChannelOverHttp@4e95f790{s=HttpChannelState@40ce48d9{s=IDLE rs=BLOCKING os=OPEN is=IDLE awp=false se=false i=true al=0},r=0,c=false/false,a=IDLE,uri=null,age=0} onFillable enter HttpChannelState@40ce48d9{s=IDLE rs=BLOCKING os=OPEN is=IDLE awp=false se=false i=true al=0} null
[DEBUG] filled 311 HeapByteBuffer@460916c[p=0,l=311,c=8192,r=311]={<<<GET /FileServlet/htmltest...nection: keep-alive\r\n\r\n>>>\x91s\xA2,\xE5c\xD8\xAe\xAe...\x00\x00\x00\x00\x00\x00\x00}
[DEBUG] HttpConnection@4a663bd0::SocketChannelEndPoint@48f3668d{l=/127.0.0.1:35372,r=/127.0.0.1:60192,OPEN,fill=-,flush=-,to=0/30000}{io=0/0,kio=0,kro=1}->HttpConnection@4a663bd0[p=HttpParser{s=START,0 of -1},g=HttpGenerator@783aa6c6{s=START}]=>HttpChannelOverHttp@4e95f790{s=HttpChannelState@40ce48d9{s=IDLE rs=BLOCKING os=OPEN is=IDLE awp=false se=false i=true al=0},r=0,c=false/false,a=IDLE,uri=null,age=0} filled 311 HeapByteBuffer@460916c[p=0,l=311,c=8192,r=311]={<<<GET /FileServlet/htmltest...nection: keep-alive\r\n\r\n>>>\x91s\xA2,\xE5c\xD8\xAe\xAe...\x00\x00\x00\x00\x00\x00\x00}
[DEBUG] HttpConnection@4a663bd0::SocketChannelEndPoint@48f3668d{l=/127.0.0.1:35372,r=/127.0.0.1:60192,OPEN,fill=-,flush=-,to=0/30000}{io=0/0,kio=0,kro=1}->HttpConnection@4a663bd0[p=HttpParser{s=START,0 of -1},g=HttpGenerator@783aa6c6{s=START}]=>HttpChannelOverHttp@4e95f790{s=HttpChannelState@40ce48d9{s=IDLE rs=BLOCKING os=OPEN is=IDLE awp=false se=false i=true al=0},r=0,c=false/false,a=IDLE,uri=null,age=0} parse HeapByteBuffer@460916c[p=0,l=311,c=8192,r=311]={<<<GET /FileServlet/htmltest...nection: keep-alive\r\n\r\n>>>\x91s\xA2,\xE5c\xD8\xAe\xAe...\x00\x00\x00\x00\x00\x00\x00} {}
[DEBUG] parseNext s=START HeapByteBuffer@460916c[p=0,l=311,c=8192,r=311]={<<<GET /FileServlet/htmltest...nection: keep-alive\r\n\r\n>>>\x91s\xA2,\xE5c\xD8\xAe\xAe...\x00\x00\x00\x00\x00\x00\x00}
[DEBUG] START --> SPACE1
[DEBUG] SPACE1 --> URI
[DEBUG] URI --> SPACE2
[DEBUG] SPACE2 --> REQUEST_VERSION
[DEBUG] REQUEST_VERSION --> HEADER
[DEBUG] HEADER:Accept-Encoding: gzip --> IN_VALUE
[DEBUG] HEADER:Accept-Encoding: gzip --> FIELD
[DEBUG] HEADER:User-Agent --> VALUE
[DEBUG] HEADER:User-Agent --> IN_VALUE
[DEBUG] HEADER:User-Agent --> FIELD
[DEBUG] HEADER:Host --> VALUE
[DEBUG] HEADER:Host --> IN_VALUE
[DEBUG] HEADER:Host --> FIELD
[DEBUG] HEADER:Accept --> VALUE
[DEBUG] HEADER:Accept --> IN_VALUE
[DEBUG] HEADER:Accept --> FIELD
[DEBUG] HEADER:Connection: keep-alive --> IN_VALUE
[DEBUG] HEADER:Connection: keep-alive --> FIELD
[DEBUG] HEADER --> CONTENT
[DEBUG] REQUEST for //localhost:35372/FileServlet/htmltests/large.html on HttpChannelOverHttp@4e95f790{s=HttpChannelState@40ce48d9{s=IDLE rs=BLOCKING os=OPEN is=IDLE awp=false se=false i=true al=0},r=1,c=false/false,a=IDLE,uri=//localhost:35372/FileServlet/htmltests/large.html,age=0}
GET //localhost:35372/FileServlet/htmltests/large.html HTTP/1.1
Accept-Encoding: gzip
User-Agent: Mozilla/5.0 (Windows NT 10.0; Win64; x64) AppleWebKit/537.36 (KHTML, like Gecko) Chrome/79.0.3945.130 Safari/537.36
Host: localhost:35372
Accept: text/html, image/gif, image/jpeg, *; q=.2, */*; q=.2
Connection: keep-alive


[DEBUG] HttpConnection@4a663bd0::SocketChannelEndPoint@48f3668d{l=/127.0.0.1:35372,r=/127.0.0.1:60192,OPEN,fill=-,flush=-,to=5/30000}{io=0/0,kio=0,kro=1}->HttpConnection@4a663bd0[p=HttpParser{s=CONTENT,0 of -1},g=HttpGenerator@783aa6c6{s=START}]=>HttpChannelOverHttp@4e95f790{s=HttpChannelState@40ce48d9{s=IDLE rs=BLOCKING os=OPEN is=IDLE awp=false se=false i=true al=0},r=1,c=false/false,a=IDLE,uri=//localhost:35372/FileServlet/htmltests/large.html,age=5} parsed true HttpParser{s=CONTENT,0 of -1}
[DEBUG] releaseRequestBuffer HttpConnection@4a663bd0::SocketChannelEndPoint@48f3668d{l=/127.0.0.1:35372,r=/127.0.0.1:60192,OPEN,fill=-,flush=-,to=5/30000}{io=0/0,kio=0,kro=1}->HttpConnection@4a663bd0[p=HttpParser{s=CONTENT,0 of -1},g=HttpGenerator@783aa6c6{s=START}]=>HttpChannelOverHttp@4e95f790{s=HttpChannelState@40ce48d9{s=IDLE rs=BLOCKING os=OPEN is=IDLE awp=false se=false i=true al=0},r=1,c=false/false,a=IDLE,uri=//localhost:35372/FileServlet/htmltests/large.html,age=5}
[DEBUG] handle //localhost:35372/FileServlet/htmltests/large.html HttpChannelOverHttp@4e95f790{s=HttpChannelState@40ce48d9{s=IDLE rs=BLOCKING os=OPEN is=IDLE awp=false se=false i=true al=0},r=1,c=false/false,a=IDLE,uri=//localhost:35372/FileServlet/htmltests/large.html,age=5} 
[DEBUG] handling HttpChannelState@40ce48d9{s=IDLE rs=BLOCKING os=OPEN is=IDLE awp=false se=false i=true al=0}
[DEBUG] action DISPATCH HttpChannelOverHttp@4e95f790{s=HttpChannelState@40ce48d9{s=HANDLING rs=BLOCKING os=OPEN is=IDLE awp=false se=false i=true al=0},r=1,c=false/false,a=HANDLING,uri=//localhost:35372/FileServlet/htmltests/large.html,age=5}
[DEBUG] REQUEST GET /FileServlet/htmltests/large.html on HttpChannelOverHttp@4e95f790{s=HttpChannelState@40ce48d9{s=HANDLING rs=BLOCKING os=OPEN is=IDLE awp=false se=false i=true al=0},r=1,c=false/false,a=HANDLING,uri=//localhost:35372/FileServlet/htmltests/large.html,age=5}
[DEBUG] servlet null|/FileServlet|/htmltests/large.html -> org.jsoup.integration.servlets.FileServlet-60dce7ea==org.jsoup.integration.servlets.FileServlet@c786463a{jsp=null,order=-1,inst=true,async=true,src=EMBEDDED:null,STARTED}
[DEBUG] chain=null
[DEBUG] write(array HeapByteBuffer@74ac8692[p=0,l=8192,c=8192,r=8192]={<<<<html><head><title>Large ...augue. Vestibulum tinci>>>})
[DEBUG] write(array) s=OPEN,api=BLOCKING,sc=false,e=null aggregated !flush DirectByteBuffer@6ae05ec4[p=0,l=8192,c=32768,r=8192]={<<<<html><head><title>Large ...augue. Vestibulum tinci>>>\x00\x00\x00\x00\x00\x00\x00\x00\x00...\x00\x00\x00\x00\x00\x00\x00}
[DEBUG] write(array HeapByteBuffer@2bab6219[p=0,l=8192,c=8192,r=8192]={<<<dunt malesuada tellus. Ut... nostra, per inceptos h>>>})
[DEBUG] write(array) s=OPEN,api=BLOCKING,sc=false,e=null aggregated !flush DirectByteBuffer@6ae05ec4[p=0,l=16384,c=32768,r=16384]={<<<<html><head><title>Large ... nostra, per inceptos h>>>\x00\x00\x00\x00\x00\x00\x00\x00\x00...\x00\x00\x00\x00\x00\x00\x00}
[DEBUG] write(array HeapByteBuffer@23866799[p=0,l=8192,c=8192,r=8192]={<<<imenaeos. Nam nec ante. S...nas aliquet mollis lect>>>})
[DEBUG] write(array) s=OPEN,api=BLOCKING,sc=false,e=null aggregated !flush DirectByteBuffer@6ae05ec4[p=0,l=24576,c=32768,r=24576]={<<<<html><head><title>Large ...nas aliquet mollis lect>>>\x00\x00\x00\x00\x00\x00\x00\x00\x00...\x00\x00\x00\x00\x00\x00\x00}
[DEBUG] write(array HeapByteBuffer@338efd6d[p=0,l=8192,c=8192,r=8192]={<<<us. Vivamus consectetuer ...s ultrices enim. Curabi>>>})
[DEBUG] write(array) s=OPEN,api=BLOCKED,sc=false,e=null last=false agg=true flush=true async=false, len=0 DirectByteBuffer@6ae05ec4[p=0,l=32768,c=32768,r=32768]={<<<<html><head><title>Large ...s ultrices enim. Curabi>>>}
[DEBUG] sendResponse info=null content=DirectByteBuffer@6ae05ec4[p=0,l=32768,c=32768,r=32768]={<<<<html><head><title>Large ...s ultrices enim. Curabi>>>} complete=false committing=true callback=Blocker@5bf093a6{null}
[DEBUG] COMMIT for /FileServlet/htmltests/large.html on HttpChannelOverHttp@4e95f790{s=HttpChannelState@40ce48d9{s=HANDLING rs=BLOCKING os=COMMITTED is=IDLE awp=false se=false i=true al=0},r=1,c=false/false,a=HANDLING,uri=//localhost:35372/FileServlet/htmltests/large.html,age=6}
200 null HTTP/1.1
Date: Tue, 28 Sep 2021 06:03:30 GMT
Content-Type: text/html


[DEBUG] generate: NEED_HEADER for SendCallback@2bbb896b[PROCESSING][i=HTTP/1.1{s=200,h=2,cl=-1},cb=org.eclipse.jetty.server.HttpChannel$SendCallback@3b91892a] (null,[p=0,l=32768,c=32768,r=32768],false)@START
[DEBUG] generateHeaders HTTP/1.1{s=200,h=2,cl=-1} last=false content=DirectByteBuffer@6ae05ec4[p=0,l=32768,c=32768,r=32768]={<<<<html><head><title>Large ...s ultrices enim. Curabi>>>}
[DEBUG] Date: Tue, 28 Sep 2021 06:03:30 GMT
Content-Type: text/html


[DEBUG] CHUNKED_CONTENT
[DEBUG] generate: FLUSH for SendCallback@2bbb896b[PROCESSING][i=HTTP/1.1{s=200,h=2,cl=-1},cb=org.eclipse.jetty.server.HttpChannel$SendCallback@3b91892a] ([p=0,l=148,c=8192,r=148],[p=0,l=32768,c=32768,r=32768],false)@COMMITTED
[DEBUG] write: WriteFlusher@7fb07ea0{IDLE}->null [HeapByteBuffer@460916c[p=0,l=148,c=8192,r=148]={<<<HTTP/1.1 200 OK\r\nDate: Tu...43.v20210629)\r\n\r\n8000\r\n>>>ML, like ...\x00\x00\x00\x00\x00\x00\x00},DirectByteBuffer@6ae05ec4[p=0,l=32768,c=32768,r=32768]={<<<<html><head><title>Large ...s ultrices enim. Curabi>>>}]
[DEBUG] update WriteFlusher@7fb07ea0{WRITING}->null:IDLE-->WRITING
[DEBUG] Queued change lazy=false Accept@607329ae[java.nio.channels.SocketChannel[connected local=/127.0.0.1:35372 remote=/127.0.0.1:60194]] on ManagedSelector@72cf2de5{STARTED} id=0 keys=4 selected=0 updates=0
[DEBUG] Wakeup on submit ManagedSelector@72cf2de5{STARTED} id=0 keys=4 selected=0 updates=1
[DEBUG] Selector sun.nio.ch.EPollSelectorImpl@36abfb12 woken with none selected
[DEBUG] Selector sun.nio.ch.EPollSelectorImpl@36abfb12 woken up from select, 0/0/4 selected
[DEBUG] Selector sun.nio.ch.EPollSelectorImpl@36abfb12 processing 0 keys, 1 updates
[DEBUG] updateable 1
[DEBUG] update Accept@607329ae[java.nio.channels.SocketChannel[connected local=/127.0.0.1:35372 remote=/127.0.0.1:60194]]
[DEBUG] queue Accept@607329ae[java.nio.channels.SocketChannel[connected local=/127.0.0.1:35372 remote=/127.0.0.1:60194]] startThread=0
[DEBUG] updates 0
[DEBUG] Selector sun.nio.ch.EPollSelectorImpl@36abfb12 waiting with 5 keys
[DEBUG] run Accept@607329ae[java.nio.channels.SocketChannel[connected local=/127.0.0.1:35372 remote=/127.0.0.1:60194]] in QueuedThreadPool[qtp638486177]@260e86a1{STARTED,8<=8<=200,i=1,r=-1,q=0}[ReservedThreadExecutor@278bb07e{s=1/1,p=0}]
[DEBUG] SocketChannelEndPoint@66ad315b{l=/127.0.0.1:35372,r=/127.0.0.1:60194,OPEN,fill=-,flush=-,to=0/30000}{io=0/0,kio=0,kro=0}-><null> idle timeout check, elapsed: 0 ms, remaining: 30000 ms
[DEBUG] new HttpChannelOverHttp@2f7cc7c9{s=HttpChannelState@b7bc396{s=IDLE rs=BLOCKING os=OPEN is=IDLE awp=false se=false i=true al=0},r=0,c=false/false,a=IDLE,uri=null,age=0} -> SocketChannelEndPoint@66ad315b{l=/127.0.0.1:35372,r=/127.0.0.1:60194,OPEN,fill=-,flush=-,to=0/30000}{io=0/0,kio=0,kro=0}-><null>,null,HttpChannelState@b7bc396{s=IDLE rs=BLOCKING os=OPEN is=IDLE awp=false se=false i=true al=0}
[DEBUG] New HTTP Connection HttpConnection@477f4c37::SocketChannelEndPoint@66ad315b{l=/127.0.0.1:35372,r=/127.0.0.1:60194,OPEN,fill=-,flush=-,to=0/30000}{io=0/0,kio=0,kro=0}-><null>
[DEBUG] Queued change lazy=true org.eclipse.jetty.io.ManagedSelector$$Lambda$478/2084879914@48578a6a on ManagedSelector@72cf2de5{STARTED} id=0 keys=5 selected=0 updates=0
[DEBUG] onOpen SocketChannelEndPoint@66ad315b{l=/127.0.0.1:35372,r=/127.0.0.1:60194,OPEN,fill=-,flush=-,to=0/30000}{io=0/0,kio=0,kro=0}->HttpConnection@477f4c37[p=HttpParser{s=START,0 of -1},g=HttpGenerator@15c4e26{s=START}]=>HttpChannelOverHttp@2f7cc7c9{s=HttpChannelState@b7bc396{s=IDLE rs=BLOCKING os=OPEN is=IDLE awp=false se=false i=true al=0},r=0,c=false/false,a=IDLE,uri=null,age=0}
[DEBUG] onOpen HttpConnection@477f4c37::SocketChannelEndPoint@66ad315b{l=/127.0.0.1:35372,r=/127.0.0.1:60194,OPEN,fill=-,flush=-,to=0/30000}{io=0/0,kio=0,kro=0}->HttpConnection@477f4c37[p=HttpParser{s=START,0 of -1},g=HttpGenerator@15c4e26{s=START}]=>HttpChannelOverHttp@2f7cc7c9{s=HttpChannelState@b7bc396{s=IDLE rs=BLOCKING os=OPEN is=IDLE awp=false se=false i=true al=0},r=0,c=false/false,a=IDLE,uri=null,age=0}
[DEBUG] fillInterested HttpConnection@477f4c37::SocketChannelEndPoint@66ad315b{l=/127.0.0.1:35372,r=/127.0.0.1:60194,OPEN,fill=-,flush=-,to=0/30000}{io=0/0,kio=0,kro=0}->HttpConnection@477f4c37[p=HttpParser{s=START,0 of -1},g=HttpGenerator@15c4e26{s=START}]=>HttpChannelOverHttp@2f7cc7c9{s=HttpChannelState@b7bc396{s=IDLE rs=BLOCKING os=OPEN is=IDLE awp=false se=false i=true al=0},r=0,c=false/false,a=IDLE,uri=null,age=0}
[DEBUG] interested FillInterest@546e5ae8{AC.ReadCB@477f4c37{HttpConnection@477f4c37::SocketChannelEndPoint@66ad315b{l=/127.0.0.1:35372,r=/127.0.0.1:60194,OPEN,fill=FI,flush=-,to=0/30000}{io=0/0,kio=0,kro=0}->HttpConnection@477f4c37[p=HttpParser{s=START,0 of -1},g=HttpGenerator@15c4e26{s=START}]=>HttpChannelOverHttp@2f7cc7c9{s=HttpChannelState@b7bc396{s=IDLE rs=BLOCKING os=OPEN is=IDLE awp=false se=false i=true al=0},r=0,c=false/false,a=IDLE,uri=null,age=0}}}
[DEBUG] changeInterests p=false 0->1 for SocketChannelEndPoint@66ad315b{l=/127.0.0.1:35372,r=/127.0.0.1:60194,OPEN,fill=FI,flush=-,to=0/30000}{io=0/1,kio=0,kro=0}->HttpConnection@477f4c37[p=HttpParser{s=START,0 of -1},g=HttpGenerator@15c4e26{s=START}]=>HttpChannelOverHttp@2f7cc7c9{s=HttpChannelState@b7bc396{s=IDLE rs=BLOCKING os=OPEN is=IDLE awp=false se=false i=true al=0},r=0,c=false/false,a=IDLE,uri=null,age=0}
[DEBUG] Queued change lazy=false org.eclipse.jetty.io.ChannelEndPoint$$Lambda$475/336675676@69cdbaa6 on ManagedSelector@72cf2de5{STARTED} id=0 keys=5 selected=0 updates=1
[DEBUG] Wakeup on submit ManagedSelector@72cf2de5{STARTED} id=0 keys=5 selected=0 updates=2
[DEBUG] Selector sun.nio.ch.EPollSelectorImpl@36abfb12 woken with none selected
[DEBUG] Selector sun.nio.ch.EPollSelectorImpl@36abfb12 woken up from select, 0/0/5 selected
[DEBUG] Selector sun.nio.ch.EPollSelectorImpl@36abfb12 processing 0 keys, 2 updates
[DEBUG] updateable 2
[DEBUG] update org.eclipse.jetty.io.ManagedSelector$$Lambda$478/2084879914@48578a6a
[DEBUG] update org.eclipse.jetty.io.ChannelEndPoint$$Lambda$475/336675676@69cdbaa6
[DEBUG] Key interests updated 0 -> 1 on SocketChannelEndPoint@66ad315b{l=/127.0.0.1:35372,r=/127.0.0.1:60194,OPEN,fill=FI,flush=-,to=0/30000}{io=1/1,kio=1,kro=0}->HttpConnection@477f4c37[p=HttpParser{s=START,0 of -1},g=HttpGenerator@15c4e26{s=START}]=>HttpChannelOverHttp@2f7cc7c9{s=HttpChannelState@b7bc396{s=IDLE rs=BLOCKING os=OPEN is=IDLE awp=false se=false i=true al=0},r=0,c=false/false,a=IDLE,uri=null,age=0}
[DEBUG] updates 0
[DEBUG] Selector sun.nio.ch.EPollSelectorImpl@36abfb12 waiting with 5 keys
[DEBUG] Created SocketChannelEndPoint@66ad315b{l=/127.0.0.1:35372,r=/127.0.0.1:60194,OPEN,fill=FI,flush=-,to=0/30000}{io=1/1,kio=1,kro=0}->HttpConnection@477f4c37[p=HttpParser{s=START,0 of -1},g=HttpGenerator@15c4e26{s=START}]=>HttpChannelOverHttp@2f7cc7c9{s=HttpChannelState@b7bc396{s=IDLE rs=BLOCKING os=OPEN is=IDLE awp=false se=false i=true al=0},r=0,c=false/false,a=IDLE,uri=null,age=0}
[DEBUG] ran Accept@607329ae[java.nio.channels.SocketChannel[connected local=/127.0.0.1:35372 remote=/127.0.0.1:60194]] in QueuedThreadPool[qtp638486177]@260e86a1{STARTED,8<=8<=200,i=1,r=-1,q=0}[ReservedThreadExecutor@278bb07e{s=1/1,p=0}]
[DEBUG] Selector sun.nio.ch.EPollSelectorImpl@36abfb12 woken up from select, 1/1/5 selected
[DEBUG] Selector sun.nio.ch.EPollSelectorImpl@36abfb12 processing 1 keys, 0 updates
[DEBUG] selected 1 sun.nio.ch.SelectionKeyImpl@782bf299 SocketChannelEndPoint@66ad315b{l=/127.0.0.1:35372,r=/127.0.0.1:60194,OPEN,fill=FI,flush=-,to=0/30000}{io=1/1,kio=1,kro=1}->HttpConnection@477f4c37[p=HttpParser{s=START,0 of -1},g=HttpGenerator@15c4e26{s=START}]=>HttpChannelOverHttp@2f7cc7c9{s=HttpChannelState@b7bc396{s=IDLE rs=BLOCKING os=OPEN is=IDLE awp=false se=false i=true al=0},r=0,c=false/false,a=IDLE,uri=null,age=0} 
[DEBUG] onSelected 1->0 r=true w=false for SocketChannelEndPoint@66ad315b{l=/127.0.0.1:35372,r=/127.0.0.1:60194,OPEN,fill=FI,flush=-,to=1/30000}{io=1/0,kio=1,kro=1}->HttpConnection@477f4c37[p=HttpParser{s=START,0 of -1},g=HttpGenerator@15c4e26{s=START}]=>HttpChannelOverHttp@2f7cc7c9{s=HttpChannelState@b7bc396{s=IDLE rs=BLOCKING os=OPEN is=IDLE awp=false se=false i=true al=0},r=0,c=false/false,a=IDLE,uri=null,age=0}
[DEBUG] task CEP:SocketChannelEndPoint@66ad315b{l=/127.0.0.1:35372,r=/127.0.0.1:60194,OPEN,fill=FI,flush=-,to=1/30000}{io=1/0,kio=1,kro=1}->HttpConnection@477f4c37[p=HttpParser{s=START,0 of -1},g=HttpGenerator@15c4e26{s=START}]=>HttpChannelOverHttp@2f7cc7c9{s=HttpChannelState@b7bc396{s=IDLE rs=BLOCKING os=OPEN is=IDLE awp=false se=false i=true al=0},r=0,c=false/false,a=IDLE,uri=null,age=0}:runFillable:BLOCKING
[DEBUG] ReservedThreadExecutor@278bb07e{s=1/1,p=0} tryExecute EatWhatYouKill@63b1d4fa/SelectorProducer@4c4d27c8/PRODUCING/p=false/QueuedThreadPool[qtp638486177]@260e86a1{STARTED,8<=8<=200,i=2,r=-1,q=0}[ReservedThreadExecutor@278bb07e{s=1/1,p=0}][pc=0,pic=0,pec=1,epc=5]@2021-09-28T06:03:30.747Z
[DEBUG] ReservedThreadExecutor@278bb07e{s=0/1,p=0}@710c7a19 offer EatWhatYouKill@63b1d4fa/SelectorProducer@4c4d27c8/PRODUCING/p=false/QueuedThreadPool[qtp638486177]@260e86a1{STARTED,8<=8<=200,i=2,r=-1,q=0}[ReservedThreadExecutor@278bb07e{s=0/1,p=0}][pc=0,pic=0,pec=1,epc=5]@2021-09-28T06:03:30.747Z
[DEBUG] ReservedThreadExecutor@278bb07e{s=0/1,p=1} startReservedThread p=1
[DEBUG] queue ReservedThreadExecutor@278bb07e{s=0/1,p=1}@66d97fb0 startThread=0
[DEBUG] ReservedThreadExecutor@278bb07e{s=0/1,p=0}@710c7a19 task=EatWhatYouKill@63b1d4fa/SelectorProducer@4c4d27c8/IDLE/p=true/QueuedThreadPool[qtp638486177]@260e86a1{STARTED,8<=8<=200,i=1,r=-1,q=0}[ReservedThreadExecutor@278bb07e{s=0/1,p=1}][pc=0,pic=0,pec=1,epc=5]@2021-09-28T06:03:30.747Z
[DEBUG] EatWhatYouKill@63b1d4fa/SelectorProducer@4c4d27c8/IDLE/p=true/QueuedThreadPool[qtp638486177]@260e86a1{STARTED,8<=8<=200,i=1,r=-1,q=0}[ReservedThreadExecutor@278bb07e{s=0/1,p=1}][pc=0,pic=0,pec=1,epc=5]@2021-09-28T06:03:30.747Z tryProduce true
[DEBUG] updateable 0
[DEBUG] updates 0
[DEBUG] Key interests updated 1 -> 0 on SocketChannelEndPoint@66ad315b{l=/127.0.0.1:35372,r=/127.0.0.1:60194,OPEN,fill=FI,flush=-,to=1/30000}{io=0/0,kio=0,kro=1}->HttpConnection@477f4c37[p=HttpParser{s=START,0 of -1},g=HttpGenerator@15c4e26{s=START}]=>HttpChannelOverHttp@2f7cc7c9{s=HttpChannelState@b7bc396{s=IDLE rs=BLOCKING os=OPEN is=IDLE awp=false se=false i=true al=0},r=0,c=false/false,a=IDLE,uri=null,age=0}
[DEBUG] Selector sun.nio.ch.EPollSelectorImpl@36abfb12 waiting with 5 keys
[DEBUG] EatWhatYouKill@63b1d4fa/SelectorProducer@4c4d27c8/PRODUCING/p=false/QueuedThreadPool[qtp638486177]@260e86a1{STARTED,8<=8<=200,i=1,r=-1,q=0}[ReservedThreadExecutor@278bb07e{s=0/1,p=1}][pc=0,pic=0,pec=1,epc=5]@2021-09-28T06:03:30.747Z m=EXECUTE_PRODUCE_CONSUME t=CEP:SocketChannelEndPoint@66ad315b{l=/127.0.0.1:35372,r=/127.0.0.1:60194,OPEN,fill=FI,flush=-,to=2/30000}{io=0/0,kio=0,kro=1}->HttpConnection@477f4c37[p=HttpParser{s=START,0 of -1},g=HttpGenerator@15c4e26{s=START}]=>HttpChannelOverHttp@2f7cc7c9{s=HttpChannelState@b7bc396{s=IDLE rs=BLOCKING os=OPEN is=IDLE awp=false se=false i=true al=0},r=0,c=false/false,a=IDLE,uri=null,age=0}:runFillable:BLOCKING/BLOCKING
[DEBUG] fillable FillInterest@546e5ae8{AC.ReadCB@477f4c37{HttpConnection@477f4c37::SocketChannelEndPoint@66ad315b{l=/127.0.0.1:35372,r=/127.0.0.1:60194,OPEN,fill=FI,flush=-,to=2/30000}{io=0/0,kio=0,kro=1}->HttpConnection@477f4c37[p=HttpParser{s=START,0 of -1},g=HttpGenerator@15c4e26{s=START}]=>HttpChannelOverHttp@2f7cc7c9{s=HttpChannelState@b7bc396{s=IDLE rs=BLOCKING os=OPEN is=IDLE awp=false se=false i=true al=0},r=0,c=false/false,a=IDLE,uri=null,age=0}}}
[DEBUG] HttpConnection@477f4c37::SocketChannelEndPoint@66ad315b{l=/127.0.0.1:35372,r=/127.0.0.1:60194,OPEN,fill=-,flush=-,to=2/30000}{io=0/0,kio=0,kro=1}->HttpConnection@477f4c37[p=HttpParser{s=START,0 of -1},g=HttpGenerator@15c4e26{s=START}]=>HttpChannelOverHttp@2f7cc7c9{s=HttpChannelState@b7bc396{s=IDLE rs=BLOCKING os=OPEN is=IDLE awp=false se=false i=true al=0},r=0,c=false/false,a=IDLE,uri=null,age=0} onFillable enter HttpChannelState@b7bc396{s=IDLE rs=BLOCKING os=OPEN is=IDLE awp=false se=false i=true al=0} null
[DEBUG] filled 311 HeapByteBuffer@1ef04a69[p=0,l=311,c=8192,r=311]={<<<GET /FileServlet/htmltest...nection: keep-alive\r\n\r\n>>>\x00\x00\x00\x00\x00\x00\x00\x00\x00...\x00\x00\x00\x00\x00\x00\x00}
[DEBUG] HttpConnection@477f4c37::SocketChannelEndPoint@66ad315b{l=/127.0.0.1:35372,r=/127.0.0.1:60194,OPEN,fill=-,flush=-,to=0/30000}{io=0/0,kio=0,kro=1}->HttpConnection@477f4c37[p=HttpParser{s=START,0 of -1},g=HttpGenerator@15c4e26{s=START}]=>HttpChannelOverHttp@2f7cc7c9{s=HttpChannelState@b7bc396{s=IDLE rs=BLOCKING os=OPEN is=IDLE awp=false se=false i=true al=0},r=0,c=false/false,a=IDLE,uri=null,age=0} filled 311 HeapByteBuffer@1ef04a69[p=0,l=311,c=8192,r=311]={<<<GET /FileServlet/htmltest...nection: keep-alive\r\n\r\n>>>\x00\x00\x00\x00\x00\x00\x00\x00\x00...\x00\x00\x00\x00\x00\x00\x00}
[DEBUG] HttpConnection@477f4c37::SocketChannelEndPoint@66ad315b{l=/127.0.0.1:35372,r=/127.0.0.1:60194,OPEN,fill=-,flush=-,to=0/30000}{io=0/0,kio=0,kro=1}->HttpConnection@477f4c37[p=HttpParser{s=START,0 of -1},g=HttpGenerator@15c4e26{s=START}]=>HttpChannelOverHttp@2f7cc7c9{s=HttpChannelState@b7bc396{s=IDLE rs=BLOCKING os=OPEN is=IDLE awp=false se=false i=true al=0},r=0,c=false/false,a=IDLE,uri=null,age=0} parse HeapByteBuffer@1ef04a69[p=0,l=311,c=8192,r=311]={<<<GET /FileServlet/htmltest...nection: keep-alive\r\n\r\n>>>\x00\x00\x00\x00\x00\x00\x00\x00\x00...\x00\x00\x00\x00\x00\x00\x00} {}
[DEBUG] parseNext s=START HeapByteBuffer@1ef04a69[p=0,l=311,c=8192,r=311]={<<<GET /FileServlet/htmltest...nection: keep-alive\r\n\r\n>>>\x00\x00\x00\x00\x00\x00\x00\x00\x00...\x00\x00\x00\x00\x00\x00\x00}
[DEBUG] START --> SPACE1
[DEBUG] SPACE1 --> URI
[DEBUG] URI --> SPACE2
[DEBUG] SPACE2 --> REQUEST_VERSION
[DEBUG] REQUEST_VERSION --> HEADER
[DEBUG] HEADER:Accept-Encoding: gzip --> IN_VALUE
[DEBUG] HEADER:Accept-Encoding: gzip --> FIELD
[DEBUG] HEADER:User-Agent --> VALUE
[DEBUG] HEADER:User-Agent --> IN_VALUE
[DEBUG] HEADER:User-Agent --> FIELD
[DEBUG] HEADER:Host --> VALUE
[DEBUG] HEADER:Host --> IN_VALUE
[DEBUG] HEADER:Host --> FIELD
[DEBUG] HEADER:Accept --> VALUE
[DEBUG] HEADER:Accept --> IN_VALUE
[DEBUG] HEADER:Accept --> FIELD
[DEBUG] HEADER:Connection: keep-alive --> IN_VALUE
[DEBUG] HEADER:Connection: keep-alive --> FIELD
[DEBUG] HEADER --> CONTENT
[DEBUG] REQUEST for //localhost:35372/FileServlet/htmltests/large.html on HttpChannelOverHttp@2f7cc7c9{s=HttpChannelState@b7bc396{s=IDLE rs=BLOCKING os=OPEN is=IDLE awp=false se=false i=true al=0},r=1,c=false/false,a=IDLE,uri=//localhost:35372/FileServlet/htmltests/large.html,age=0}
GET //localhost:35372/FileServlet/htmltests/large.html HTTP/1.1
Accept-Encoding: gzip
User-Agent: Mozilla/5.0 (Windows NT 10.0; Win64; x64) AppleWebKit/537.36 (KHTML, like Gecko) Chrome/79.0.3945.130 Safari/537.36
Host: localhost:35372
Accept: text/html, image/gif, image/jpeg, *; q=.2, */*; q=.2
Connection: keep-alive


[DEBUG] HttpConnection@477f4c37::SocketChannelEndPoint@66ad315b{l=/127.0.0.1:35372,r=/127.0.0.1:60194,OPEN,fill=-,flush=-,to=0/30000}{io=0/0,kio=0,kro=1}->HttpConnection@477f4c37[p=HttpParser{s=CONTENT,0 of -1},g=HttpGenerator@15c4e26{s=START}]=>HttpChannelOverHttp@2f7cc7c9{s=HttpChannelState@b7bc396{s=IDLE rs=BLOCKING os=OPEN is=IDLE awp=false se=false i=true al=0},r=1,c=false/false,a=IDLE,uri=//localhost:35372/FileServlet/htmltests/large.html,age=1} parsed true HttpParser{s=CONTENT,0 of -1}
[DEBUG] releaseRequestBuffer HttpConnection@477f4c37::SocketChannelEndPoint@66ad315b{l=/127.0.0.1:35372,r=/127.0.0.1:60194,OPEN,fill=-,flush=-,to=0/30000}{io=0/0,kio=0,kro=1}->HttpConnection@477f4c37[p=HttpParser{s=CONTENT,0 of -1},g=HttpGenerator@15c4e26{s=START}]=>HttpChannelOverHttp@2f7cc7c9{s=HttpChannelState@b7bc396{s=IDLE rs=BLOCKING os=OPEN is=IDLE awp=false se=false i=true al=0},r=1,c=false/false,a=IDLE,uri=//localhost:35372/FileServlet/htmltests/large.html,age=1}
[DEBUG] handle //localhost:35372/FileServlet/htmltests/large.html HttpChannelOverHttp@2f7cc7c9{s=HttpChannelState@b7bc396{s=IDLE rs=BLOCKING os=OPEN is=IDLE awp=false se=false i=true al=0},r=1,c=false/false,a=IDLE,uri=//localhost:35372/FileServlet/htmltests/large.html,age=1} 
[DEBUG] handling HttpChannelState@b7bc396{s=IDLE rs=BLOCKING os=OPEN is=IDLE awp=false se=false i=true al=0}
[DEBUG] action DISPATCH HttpChannelOverHttp@2f7cc7c9{s=HttpChannelState@b7bc396{s=HANDLING rs=BLOCKING os=OPEN is=IDLE awp=false se=false i=true al=0},r=1,c=false/false,a=HANDLING,uri=//localhost:35372/FileServlet/htmltests/large.html,age=1}
[DEBUG] REQUEST GET /FileServlet/htmltests/large.html on HttpChannelOverHttp@2f7cc7c9{s=HttpChannelState@b7bc396{s=HANDLING rs=BLOCKING os=OPEN is=IDLE awp=false se=false i=true al=0},r=1,c=false/false,a=HANDLING,uri=//localhost:35372/FileServlet/htmltests/large.html,age=1}
[DEBUG] servlet null|/FileServlet|/htmltests/large.html -> org.jsoup.integration.servlets.FileServlet-60dce7ea==org.jsoup.integration.servlets.FileServlet@c786463a{jsp=null,order=-1,inst=true,async=true,src=EMBEDDED:null,STARTED}
[DEBUG] chain=null
[DEBUG] write(array HeapByteBuffer@13843ea2[p=0,l=8192,c=8192,r=8192]={<<<<html><head><title>Large ...augue. Vestibulum tinci>>>})
[DEBUG] write(array) s=OPEN,api=BLOCKING,sc=false,e=null aggregated !flush DirectByteBuffer@341ca971[p=0,l=8192,c=32768,r=8192]={<<<<html><head><title>Large ...augue. Vestibulum tinci>>>\x00\x00\x00\x00\x00\x00\x00\x00\x00...\x00\x00\x00\x00\x00\x00\x00}
[DEBUG] write(array HeapByteBuffer@199564bd[p=0,l=8192,c=8192,r=8192]={<<<dunt malesuada tellus. Ut... nostra, per inceptos h>>>})
[DEBUG] write(array) s=OPEN,api=BLOCKING,sc=false,e=null aggregated !flush DirectByteBuffer@341ca971[p=0,l=16384,c=32768,r=16384]={<<<<html><head><title>Large ... nostra, per inceptos h>>>\x00\x00\x00\x00\x00\x00\x00\x00\x00...\x00\x00\x00\x00\x00\x00\x00}
[DEBUG] write(array HeapByteBuffer@5aac6e4[p=0,l=8192,c=8192,r=8192]={<<<imenaeos. Nam nec ante. S...nas aliquet mollis lect>>>})
[DEBUG] write(array) s=OPEN,api=BLOCKING,sc=false,e=null aggregated !flush DirectByteBuffer@341ca971[p=0,l=24576,c=32768,r=24576]={<<<<html><head><title>Large ...nas aliquet mollis lect>>>\x00\x00\x00\x00\x00\x00\x00\x00\x00...\x00\x00\x00\x00\x00\x00\x00}
[DEBUG] write(array HeapByteBuffer@376989dd[p=0,l=8192,c=8192,r=8192]={<<<us. Vivamus consectetuer ...s ultrices enim. Curabi>>>})
[DEBUG] write(array) s=OPEN,api=BLOCKED,sc=false,e=null last=false agg=true flush=true async=false, len=0 DirectByteBuffer@341ca971[p=0,l=32768,c=32768,r=32768]={<<<<html><head><title>Large ...s ultrices enim. Curabi>>>}
[DEBUG] run ReservedThreadExecutor@278bb07e{s=0/1,p=1}@66d97fb0 in QueuedThreadPool[qtp638486177]@260e86a1{STARTED,8<=8<=200,i=1,r=-1,q=0}[ReservedThreadExecutor@278bb07e{s=0/1,p=1}]
[DEBUG] ReservedThreadExecutor@278bb07e{s=1/1,p=1}@66d97fb0 started
[DEBUG] ReservedThreadExecutor@278bb07e{s=1/1,p=0}@66d97fb0 waiting
[DEBUG] flushed 32916 SocketChannelEndPoint@3d491fad{l=/127.0.0.1:35372,r=/127.0.0.1:60190,OPEN,fill=-,flush=W,to=34/30000}{io=0/0,kio=0,kro=1}->HttpConnection@3e7171e5[p=HttpParser{s=CONTENT,0 of -1},g=HttpGenerator@274dcaa5{s=COMMITTED}]=>HttpChannelOverHttp@36eb5f45{s=HttpChannelState@23232c72{s=HANDLING rs=BLOCKING os=COMMITTED is=IDLE awp=false se=false i=true al=0},r=1,c=false/false,a=HANDLING,uri=//localhost:35372/FileServlet/htmltests/large.html,age=34}
[DEBUG] Flushed=true written=32916 remaining=0 WriteFlusher@2071150d{WRITING}->null
[DEBUG] update WriteFlusher@2071150d{IDLE}->null:WRITING-->IDLE
[DEBUG] generate: DONE for SendCallback@410c6bef[PROCESSING][i=HTTP/1.1{s=200,h=2,cl=-1},cb=org.eclipse.jetty.server.HttpChannel$SendCallback@7766ba92] ([p=148,l=148,c=8192,r=0],[p=32768,l=32768,c=32768,r=0],false)@COMMITTED
[DEBUG] onWriteComplete(false,null) s=OPEN,api=BLOCKED,sc=false,e=null->s=OPEN,api=BLOCKING,sc=false,e=null c=null cb=null w=false
[DEBUG] write(array HeapByteBuffer@67b38a40[p=0,l=8192,c=8192,r=8192]={<<<tur sit amet mauris. Morb...s ligula lacinia alique>>>})
[DEBUG] write(array) s=OPEN,api=BLOCKING,sc=false,e=null aggregated !flush DirectByteBuffer@38e5eb8d[p=0,l=8192,c=32768,r=8192]={<<<tur sit amet mauris. Morb...s ligula lacinia alique>>>dunt male... Curabi}
[DEBUG] write(array HeapByteBuffer@4542d64a[p=0,l=8192,c=8192,r=8192]={<<<t. Mauris ipsum. Nulla me...sectetuer risus et tort>>>})
[DEBUG] write(array) s=OPEN,api=BLOCKING,sc=false,e=null aggregated !flush DirectByteBuffer@38e5eb8d[p=0,l=16384,c=32768,r=16384]={<<<tur sit amet mauris. Morb...sectetuer risus et tort>>>imenaeos.... Curabi}
[DEBUG] write(array HeapByteBuffer@7b2465a[p=0,l=8192,c=8192,r=8192]={<<<or. Lorem ipsum dolor sit... Donec lacus nunc, vive>>>})
[DEBUG] write(array) s=OPEN,api=BLOCKING,sc=false,e=null aggregated !flush DirectByteBuffer@38e5eb8d[p=0,l=24576,c=32768,r=24576]={<<<tur sit amet mauris. Morb... Donec lacus nunc, vive>>>us. Vivam... Curabi}
[DEBUG] write(array HeapByteBuffer@2f43e2dc[p=0,l=8192,c=8192,r=8192]={<<<rra nec, blandit vel, ege... In scelerisque sem at >>>})
[DEBUG] write(array) s=OPEN,api=BLOCKED,sc=false,e=null last=false agg=true flush=true async=false, len=0 DirectByteBuffer@38e5eb8d[p=0,l=32768,c=32768,r=32768]={<<<tur sit amet mauris. Morb... In scelerisque sem at >>>}
[DEBUG] sendResponse info=null content=DirectByteBuffer@38e5eb8d[p=0,l=32768,c=32768,r=32768]={<<<tur sit amet mauris. Morb... In scelerisque sem at >>>} complete=false committing=false callback=Blocker@7cb7664d{null}
[DEBUG] generate: NEED_CHUNK for SendCallback@410c6bef[PROCESSING][i=null,cb=org.eclipse.jetty.server.HttpChannel$SendCallback@54d98cfe] (null,[p=0,l=32768,c=32768,r=32768],false)@COMMITTED
[DEBUG] generate: FLUSH for SendCallback@410c6bef[PROCESSING][i=null,cb=org.eclipse.jetty.server.HttpChannel$SendCallback@54d98cfe] (null,[p=0,l=32768,c=32768,r=32768],false)@COMMITTED
[DEBUG] write: WriteFlusher@2071150d{IDLE}->null [HeapByteBuffer@2ed6021b[p=0,l=8,c=1024,r=8]={<<<\r\n8000\r\n>>>\x00\x00\x00\x00\x00\x00\x00\x00\x00...\x00\x00\x00\x00\x00\x00\x00},DirectByteBuffer@38e5eb8d[p=0,l=32768,c=32768,r=32768]={<<<tur sit amet mauris. Morb... In scelerisque sem at >>>}]
[DEBUG] update WriteFlusher@2071150d{WRITING}->null:IDLE-->WRITING
[DEBUG] flushed 32776 SocketChannelEndPoint@3d491fad{l=/127.0.0.1:35372,r=/127.0.0.1:60190,OPEN,fill=-,flush=W,to=0/30000}{io=0/0,kio=0,kro=1}->HttpConnection@3e7171e5[p=HttpParser{s=CONTENT,0 of -1},g=HttpGenerator@274dcaa5{s=COMMITTED}]=>HttpChannelOverHttp@36eb5f45{s=HttpChannelState@23232c72{s=HANDLING rs=BLOCKING os=COMMITTED is=IDLE awp=false se=false i=true al=0},r=1,c=false/false,a=HANDLING,uri=//localhost:35372/FileServlet/htmltests/large.html,age=35}
[DEBUG] Flushed=true written=32776 remaining=0 WriteFlusher@2071150d{WRITING}->null
[DEBUG] update WriteFlusher@2071150d{IDLE}->null:WRITING-->IDLE
[DEBUG] generate: DONE for SendCallback@410c6bef[PROCESSING][i=null,cb=org.eclipse.jetty.server.HttpChannel$SendCallback@54d98cfe] (null,[p=32768,l=32768,c=32768,r=0],false)@COMMITTED
[DEBUG] onWriteComplete(false,null) s=OPEN,api=BLOCKED,sc=false,e=null->s=OPEN,api=BLOCKING,sc=false,e=null c=null cb=null w=false
[DEBUG] write(array HeapByteBuffer@77af0a9[p=0,l=8192,c=8192,r=8192]={<<<dolor. Maecenas mattis. S...itor, cursus quis, aliq>>>})
[DEBUG] write(array) s=OPEN,api=BLOCKING,sc=false,e=null aggregated !flush DirectByteBuffer@38e5eb8d[p=0,l=8192,c=32768,r=8192]={<<<dolor. Maecenas mattis. S...itor, cursus quis, aliq>>>t. Mauris...sem at }
[DEBUG] write(array HeapByteBuffer@126fe68a[p=0,l=8192,c=8192,r=8192]={<<<uet eget, justo. Sed pret...m. Etiam ultrices. Susp>>>})
[DEBUG] write(array) s=OPEN,api=BLOCKING,sc=false,e=null aggregated !flush DirectByteBuffer@38e5eb8d[p=0,l=16384,c=32768,r=16384]={<<<dolor. Maecenas mattis. S...m. Etiam ultrices. Susp>>>or. Lorem...sem at }
[DEBUG] write(array HeapByteBuffer@220aa319[p=0,l=8192,c=8192,r=8192]={<<<endisse in justo eu magna...cinia nunc. </p>\n\n<p>Cu>>>})
[DEBUG] write(array) s=OPEN,api=BLOCKING,sc=false,e=null aggregated !flush DirectByteBuffer@38e5eb8d[p=0,l=24576,c=32768,r=24576]={<<<dolor. Maecenas mattis. S...cinia nunc. </p>\n\n<p>Cu>>>rra nec, ...sem at }
[DEBUG] write(array HeapByteBuffer@3a2c75da[p=0,l=8192,c=8192,r=8192]={<<<rabitur tortor. <i>Vestib... ac, ultricies eu, pede>>>})
[DEBUG] write(array) s=OPEN,api=BLOCKED,sc=false,e=null last=false agg=true flush=true async=false, len=0 DirectByteBuffer@38e5eb8d[p=0,l=32768,c=32768,r=32768]={<<<dolor. Maecenas mattis. S... ac, ultricies eu, pede>>>}
[DEBUG] sendResponse info=null content=DirectByteBuffer@38e5eb8d[p=0,l=32768,c=32768,r=32768]={<<<dolor. Maecenas mattis. S... ac, ultricies eu, pede>>>} complete=false committing=false callback=Blocker@7cb7664d{null}
[DEBUG] generate: NEED_CHUNK for SendCallback@410c6bef[PROCESSING][i=null,cb=org.eclipse.jetty.server.HttpChannel$SendCallback@6a03358e] (null,[p=0,l=32768,c=32768,r=32768],false)@COMMITTED
[DEBUG] generate: FLUSH for SendCallback@410c6bef[PROCESSING][i=null,cb=org.eclipse.jetty.server.HttpChannel$SendCallback@6a03358e] (null,[p=0,l=32768,c=32768,r=32768],false)@COMMITTED
[DEBUG] write: WriteFlusher@2071150d{IDLE}->null [HeapByteBuffer@2ed6021b[p=0,l=8,c=1024,r=8]={<<<\r\n8000\r\n>>>\x00\x00\x00\x00\x00\x00\x00\x00\x00...\x00\x00\x00\x00\x00\x00\x00},DirectByteBuffer@38e5eb8d[p=0,l=32768,c=32768,r=32768]={<<<dolor. Maecenas mattis. S... ac, ultricies eu, pede>>>}]
[DEBUG] update WriteFlusher@2071150d{WRITING}->null:IDLE-->WRITING
[DEBUG] flushed 32776 SocketChannelEndPoint@3d491fad{l=/127.0.0.1:35372,r=/127.0.0.1:60190,OPEN,fill=-,flush=W,to=10/30000}{io=0/0,kio=0,kro=1}->HttpConnection@3e7171e5[p=HttpParser{s=CONTENT,0 of -1},g=HttpGenerator@274dcaa5{s=COMMITTED}]=>HttpChannelOverHttp@36eb5f45{s=HttpChannelState@23232c72{s=HANDLING rs=BLOCKING os=COMMITTED is=IDLE awp=false se=false i=true al=0},r=1,c=false/false,a=HANDLING,uri=//localhost:35372/FileServlet/htmltests/large.html,age=45}
[DEBUG] Flushed=true written=32776 remaining=0 WriteFlusher@2071150d{WRITING}->null
[DEBUG] update WriteFlusher@2071150d{IDLE}->null:WRITING-->IDLE
[DEBUG] flushed 32916 SocketChannelEndPoint@48f3668d{l=/127.0.0.1:35372,r=/127.0.0.1:60192,OPEN,fill=-,flush=W,to=23/30000}{io=0/0,kio=0,kro=1}->HttpConnection@4a663bd0[p=HttpParser{s=CONTENT,0 of -1},g=HttpGenerator@783aa6c6{s=COMMITTED}]=>HttpChannelOverHttp@4e95f790{s=HttpChannelState@40ce48d9{s=HANDLING rs=BLOCKING os=COMMITTED is=IDLE awp=false se=false i=true al=0},r=1,c=false/false,a=HANDLING,uri=//localhost:35372/FileServlet/htmltests/large.html,age=23}
[DEBUG] Flushed=true written=32916 remaining=0 WriteFlusher@7fb07ea0{WRITING}->null
[DEBUG] update WriteFlusher@7fb07ea0{IDLE}->null:WRITING-->IDLE
[DEBUG] generate: DONE for SendCallback@2bbb896b[PROCESSING][i=HTTP/1.1{s=200,h=2,cl=-1},cb=org.eclipse.jetty.server.HttpChannel$SendCallback@3b91892a] ([p=148,l=148,c=8192,r=0],[p=32768,l=32768,c=32768,r=0],false)@COMMITTED
[DEBUG] onWriteComplete(false,null) s=OPEN,api=BLOCKED,sc=false,e=null->s=OPEN,api=BLOCKING,sc=false,e=null c=null cb=null w=false
[DEBUG] write(array HeapByteBuffer@2002bf53[p=0,l=8192,c=8192,r=8192]={<<<tur sit amet mauris. Morb...s ligula lacinia alique>>>})
[DEBUG] write(array) s=OPEN,api=BLOCKING,sc=false,e=null aggregated !flush DirectByteBuffer@6ae05ec4[p=0,l=8192,c=32768,r=8192]={<<<tur sit amet mauris. Morb...s ligula lacinia alique>>>dunt male... Curabi}
[DEBUG] write(array HeapByteBuffer@57858ae9[p=0,l=8192,c=8192,r=8192]={<<<t. Mauris ipsum. Nulla me...sectetuer risus et tort>>>})
[DEBUG] write(array) s=OPEN,api=BLOCKING,sc=false,e=null aggregated !flush DirectByteBuffer@6ae05ec4[p=0,l=16384,c=32768,r=16384]={<<<tur sit amet mauris. Morb...sectetuer risus et tort>>>imenaeos.... Curabi}
[DEBUG] write(array HeapByteBuffer@60ea91ea[p=0,l=8192,c=8192,r=8192]={<<<or. Lorem ipsum dolor sit... Donec lacus nunc, vive>>>})
[DEBUG] write(array) s=OPEN,api=BLOCKING,sc=false,e=null aggregated !flush DirectByteBuffer@6ae05ec4[p=0,l=24576,c=32768,r=24576]={<<<tur sit amet mauris. Morb... Donec lacus nunc, vive>>>us. Vivam... Curabi}
[DEBUG] write(array HeapByteBuffer@1c53a629[p=0,l=8192,c=8192,r=8192]={<<<rra nec, blandit vel, ege... In scelerisque sem at >>>})
[DEBUG] write(array) s=OPEN,api=BLOCKED,sc=false,e=null last=false agg=true flush=true async=false, len=0 DirectByteBuffer@6ae05ec4[p=0,l=32768,c=32768,r=32768]={<<<tur sit amet mauris. Morb... In scelerisque sem at >>>}
[DEBUG] sendResponse info=null content=DirectByteBuffer@6ae05ec4[p=0,l=32768,c=32768,r=32768]={<<<tur sit amet mauris. Morb... In scelerisque sem at >>>} complete=false committing=false callback=Blocker@5bf093a6{null}
[DEBUG] generate: NEED_CHUNK for SendCallback@2bbb896b[PROCESSING][i=null,cb=org.eclipse.jetty.server.HttpChannel$SendCallback@291e6ad7] (null,[p=0,l=32768,c=32768,r=32768],false)@COMMITTED
[DEBUG] generate: FLUSH for SendCallback@2bbb896b[PROCESSING][i=null,cb=org.eclipse.jetty.server.HttpChannel$SendCallback@291e6ad7] (null,[p=0,l=32768,c=32768,r=32768],false)@COMMITTED
[DEBUG] write: WriteFlusher@7fb07ea0{IDLE}->null [HeapByteBuffer@52377fdf[p=0,l=8,c=1024,r=8]={<<<\r\n8000\r\n>>>\x00\x00\x00\x00\x00\x00\x00\x00\x00...\x00\x00\x00\x00\x00\x00\x00},DirectByteBuffer@6ae05ec4[p=0,l=32768,c=32768,r=32768]={<<<tur sit amet mauris. Morb... In scelerisque sem at >>>}]
[DEBUG] update WriteFlusher@7fb07ea0{WRITING}->null:IDLE-->WRITING
[DEBUG] flushed 32776 SocketChannelEndPoint@48f3668d{l=/127.0.0.1:35372,r=/127.0.0.1:60192,OPEN,fill=-,flush=W,to=4/30000}{io=0/0,kio=0,kro=1}->HttpConnection@4a663bd0[p=HttpParser{s=CONTENT,0 of -1},g=HttpGenerator@783aa6c6{s=COMMITTED}]=>HttpChannelOverHttp@4e95f790{s=HttpChannelState@40ce48d9{s=HANDLING rs=BLOCKING os=COMMITTED is=IDLE awp=false se=false i=true al=0},r=1,c=false/false,a=HANDLING,uri=//localhost:35372/FileServlet/htmltests/large.html,age=29}
[DEBUG] Flushed=true written=32776 remaining=0 WriteFlusher@7fb07ea0{WRITING}->null
[DEBUG] update WriteFlusher@7fb07ea0{IDLE}->null:WRITING-->IDLE
[DEBUG] generate: DONE for SendCallback@2bbb896b[PROCESSING][i=null,cb=org.eclipse.jetty.server.HttpChannel$SendCallback@291e6ad7] (null,[p=32768,l=32768,c=32768,r=0],false)@COMMITTED
[DEBUG] onWriteComplete(false,null) s=OPEN,api=BLOCKED,sc=false,e=null->s=OPEN,api=BLOCKING,sc=false,e=null c=null cb=null w=false
[DEBUG] write(array HeapByteBuffer@6666c1b2[p=0,l=8192,c=8192,r=8192]={<<<dolor. Maecenas mattis. S...itor, cursus quis, aliq>>>})
[DEBUG] write(array) s=OPEN,api=BLOCKING,sc=false,e=null aggregated !flush DirectByteBuffer@6ae05ec4[p=0,l=8192,c=32768,r=8192]={<<<dolor. Maecenas mattis. S...itor, cursus quis, aliq>>>t. Mauris...sem at }
[DEBUG] write(array HeapByteBuffer@670551b9[p=0,l=8192,c=8192,r=8192]={<<<uet eget, justo. Sed pret...m. Etiam ultrices. Susp>>>})
[DEBUG] write(array) s=OPEN,api=BLOCKING,sc=false,e=null aggregated !flush DirectByteBuffer@6ae05ec4[p=0,l=16384,c=32768,r=16384]={<<<dolor. Maecenas mattis. S...m. Etiam ultrices. Susp>>>or. Lorem...sem at }
[DEBUG] write(array HeapByteBuffer@3d97d75c[p=0,l=8192,c=8192,r=8192]={<<<endisse in justo eu magna...cinia nunc. </p>\n\n<p>Cu>>>})
[DEBUG] write(array) s=OPEN,api=BLOCKING,sc=false,e=null aggregated !flush DirectByteBuffer@6ae05ec4[p=0,l=24576,c=32768,r=24576]={<<<dolor. Maecenas mattis. S...cinia nunc. </p>\n\n<p>Cu>>>rra nec, ...sem at }
[DEBUG] write(array HeapByteBuffer@54379eb6[p=0,l=8192,c=8192,r=8192]={<<<rabitur tortor. <i>Vestib... ac, ultricies eu, pede>>>})
[DEBUG] write(array) s=OPEN,api=BLOCKED,sc=false,e=null last=false agg=true flush=true async=false, len=0 DirectByteBuffer@6ae05ec4[p=0,l=32768,c=32768,r=32768]={<<<dolor. Maecenas mattis. S... ac, ultricies eu, pede>>>}
[DEBUG] sendResponse info=null content=DirectByteBuffer@6ae05ec4[p=0,l=32768,c=32768,r=32768]={<<<dolor. Maecenas mattis. S... ac, ultricies eu, pede>>>} complete=false committing=false callback=Blocker@5bf093a6{null}
[DEBUG] generate: NEED_CHUNK for SendCallback@2bbb896b[PROCESSING][i=null,cb=org.eclipse.jetty.server.HttpChannel$SendCallback@48caed3] (null,[p=0,l=32768,c=32768,r=32768],false)@COMMITTED
[DEBUG] generate: FLUSH for SendCallback@2bbb896b[PROCESSING][i=null,cb=org.eclipse.jetty.server.HttpChannel$SendCallback@48caed3] (null,[p=0,l=32768,c=32768,r=32768],false)@COMMITTED
[DEBUG] write: WriteFlusher@7fb07ea0{IDLE}->null [HeapByteBuffer@52377fdf[p=0,l=8,c=1024,r=8]={<<<\r\n8000\r\n>>>\x00\x00\x00\x00\x00\x00\x00\x00\x00...\x00\x00\x00\x00\x00\x00\x00},DirectByteBuffer@6ae05ec4[p=0,l=32768,c=32768,r=32768]={<<<dolor. Maecenas mattis. S... ac, ultricies eu, pede>>>}]
[DEBUG] update WriteFlusher@7fb07ea0{WRITING}->null:IDLE-->WRITING
[DEBUG] flushed 32776 SocketChannelEndPoint@48f3668d{l=/127.0.0.1:35372,r=/127.0.0.1:60192,OPEN,fill=-,flush=W,to=0/30000}{io=0/0,kio=0,kro=1}->HttpConnection@4a663bd0[p=HttpParser{s=CONTENT,0 of -1},g=HttpGenerator@783aa6c6{s=COMMITTED}]=>HttpChannelOverHttp@4e95f790{s=HttpChannelState@40ce48d9{s=HANDLING rs=BLOCKING os=COMMITTED is=IDLE awp=false se=false i=true al=0},r=1,c=false/false,a=HANDLING,uri=//localhost:35372/FileServlet/htmltests/large.html,age=30}
[DEBUG] Flushed=true written=32776 remaining=0 WriteFlusher@7fb07ea0{WRITING}->null
[DEBUG] update WriteFlusher@7fb07ea0{IDLE}->null:WRITING-->IDLE
[DEBUG] generate: DONE for SendCallback@2bbb896b[PROCESSING][i=null,cb=org.eclipse.jetty.server.HttpChannel$SendCallback@48caed3] (null,[p=32768,l=32768,c=32768,r=0],false)@COMMITTED
[DEBUG] onWriteComplete(false,null) s=OPEN,api=BLOCKED,sc=false,e=null->s=OPEN,api=BLOCKING,sc=false,e=null c=null cb=null w=false
[DEBUG] write(array HeapByteBuffer@49c9af62[p=0,l=8192,c=8192,r=8192]={<<<. <i>Praesent blandit dol...ae; Morbi lacinia moles>>>})
[DEBUG] write(array) s=OPEN,api=BLOCKING,sc=false,e=null aggregated !flush DirectByteBuffer@6ae05ec4[p=0,l=8192,c=32768,r=8192]={<<<. <i>Praesent blandit dol...ae; Morbi lacinia moles>>>uet eget,...u, pede}
[DEBUG] write(array HeapByteBuffer@4a67bc30[p=0,l=8192,c=8192,r=8192]={<<<tie dui. <b>Ut fringilla<...cinia aliquet. <b>Pelle>>>})
[DEBUG] write(array) s=OPEN,api=BLOCKING,sc=false,e=null aggregated !flush DirectByteBuffer@6ae05ec4[p=0,l=16384,c=32768,r=16384]={<<<. <i>Praesent blandit dol...cinia aliquet. <b>Pelle>>>endisse i...u, pede}
[DEBUG] write(array HeapByteBuffer@224d49e4[p=0,l=8192,c=8192,r=8192]={<<<ntesque nibh</b>. Mauris ...scipit sodales. Aenean >>>})
[DEBUG] write(array) s=OPEN,api=BLOCKING,sc=false,e=null aggregated !flush DirectByteBuffer@6ae05ec4[p=0,l=24576,c=32768,r=24576]={<<<. <i>Praesent blandit dol...scipit sodales. Aenean >>>rabitur t...u, pede}
[DEBUG] write(array HeapByteBuffer@43568148[p=0,l=8192,c=8192,r=8192]={<<<lectus elit, fermentum no... Sed lacinia, urna non >>>})
[DEBUG] write(array) s=OPEN,api=BLOCKED,sc=false,e=null last=false agg=true flush=true async=false, len=0 DirectByteBuffer@6ae05ec4[p=0,l=32768,c=32768,r=32768]={<<<. <i>Praesent blandit dol... Sed lacinia, urna non >>>}
[DEBUG] sendResponse info=null content=DirectByteBuffer@6ae05ec4[p=0,l=32768,c=32768,r=32768]={<<<. <i>Praesent blandit dol... Sed lacinia, urna non >>>} complete=false committing=false callback=Blocker@5bf093a6{null}
[DEBUG] generate: NEED_CHUNK for SendCallback@2bbb896b[PROCESSING][i=null,cb=org.eclipse.jetty.server.HttpChannel$SendCallback@47e094ff] (null,[p=0,l=32768,c=32768,r=32768],false)@COMMITTED
[DEBUG] generate: FLUSH for SendCallback@2bbb896b[PROCESSING][i=null,cb=org.eclipse.jetty.server.HttpChannel$SendCallback@47e094ff] (null,[p=0,l=32768,c=32768,r=32768],false)@COMMITTED
[DEBUG] write: WriteFlusher@7fb07ea0{IDLE}->null [HeapByteBuffer@52377fdf[p=0,l=8,c=1024,r=8]={<<<\r\n8000\r\n>>>\x00\x00\x00\x00\x00\x00\x00\x00\x00...\x00\x00\x00\x00\x00\x00\x00},DirectByteBuffer@6ae05ec4[p=0,l=32768,c=32768,r=32768]={<<<. <i>Praesent blandit dol... Sed lacinia, urna non >>>}]
[DEBUG] update WriteFlusher@7fb07ea0{WRITING}->null:IDLE-->WRITING
[DEBUG] flushed 32776 SocketChannelEndPoint@48f3668d{l=/127.0.0.1:35372,r=/127.0.0.1:60192,OPEN,fill=-,flush=W,to=0/30000}{io=0/0,kio=0,kro=1}->HttpConnection@4a663bd0[p=HttpParser{s=CONTENT,0 of -1},g=HttpGenerator@783aa6c6{s=COMMITTED}]=>HttpChannelOverHttp@4e95f790{s=HttpChannelState@40ce48d9{s=HANDLING rs=BLOCKING os=COMMITTED is=IDLE awp=false se=false i=true al=0},r=1,c=false/false,a=HANDLING,uri=//localhost:35372/FileServlet/htmltests/large.html,age=30}
[DEBUG] Flushed=true written=32776 remaining=0 WriteFlusher@7fb07ea0{WRITING}->null
[DEBUG] update WriteFlusher@7fb07ea0{IDLE}->null:WRITING-->IDLE
[DEBUG] generate: DONE for SendCallback@2bbb896b[PROCESSING][i=null,cb=org.eclipse.jetty.server.HttpChannel$SendCallback@47e094ff] (null,[p=32768,l=32768,c=32768,r=0],false)@COMMITTED
[DEBUG] onWriteComplete(false,null) s=OPEN,api=BLOCKED,sc=false,e=null->s=OPEN,api=BLOCKING,sc=false,e=null c=null cb=null w=false
[DEBUG] write(array HeapByteBuffer@3091360f[p=0,l=8192,c=8192,r=8192]={<<<tincidunt mattis, tortor ...si. Nulla quis sem at n>>>})
[DEBUG] write(array) s=OPEN,api=BLOCKING,sc=false,e=null aggregated !flush DirectByteBuffer@6ae05ec4[p=0,l=8192,c=32768,r=8192]={<<<tincidunt mattis, tortor ...si. Nulla quis sem at n>>>tie dui. ...na non }
[DEBUG] write(array HeapByteBuffer@78db5b90[p=0,l=8192,c=8192,r=8192]={<<<ibh elementum imperdiet. ...orbi in dui quis est pu>>>})
[DEBUG] write(array) s=OPEN,api=BLOCKING,sc=false,e=null aggregated !flush DirectByteBuffer@6ae05ec4[p=0,l=16384,c=32768,r=16384]={<<<tincidunt mattis, tortor ...orbi in dui quis est pu>>>ntesque n...na non }
[DEBUG] write(array HeapByteBuffer@ff0c902[p=0,l=8192,c=8192,r=8192]={<<<lvinar ullamcorper. Nulla...tetur adipiscing elit</>>>})
[DEBUG] write(array) s=OPEN,api=BLOCKING,sc=false,e=null aggregated !flush DirectByteBuffer@6ae05ec4[p=0,l=24576,c=32768,r=24576]={<<<tincidunt mattis, tortor ...tetur adipiscing elit</>>>lectus el...na non }
[DEBUG] write(array HeapByteBuffer@4c74e36f[p=0,l=8192,c=8192,r=8192]={<<<i>. Mauris ipsum. <b>Pell...aliquet eget, justo. </>>>})
[DEBUG] write(array) s=OPEN,api=BLOCKED,sc=false,e=null last=false agg=true flush=true async=false, len=0 DirectByteBuffer@6ae05ec4[p=0,l=32768,c=32768,r=32768]={<<<tincidunt mattis, tortor ...aliquet eget, justo. </>>>}
[DEBUG] sendResponse info=null content=DirectByteBuffer@6ae05ec4[p=0,l=32768,c=32768,r=32768]={<<<tincidunt mattis, tortor ...aliquet eget, justo. </>>>} complete=false committing=false callback=Blocker@5bf093a6{null}
[DEBUG] generate: NEED_CHUNK for SendCallback@2bbb896b[PROCESSING][i=null,cb=org.eclipse.jetty.server.HttpChannel$SendCallback@75ec95a0] (null,[p=0,l=32768,c=32768,r=32768],false)@COMMITTED
[DEBUG] generate: FLUSH for SendCallback@2bbb896b[PROCESSING][i=null,cb=org.eclipse.jetty.server.HttpChannel$SendCallback@75ec95a0] (null,[p=0,l=32768,c=32768,r=32768],false)@COMMITTED
[DEBUG] write: WriteFlusher@7fb07ea0{IDLE}->null [HeapByteBuffer@52377fdf[p=0,l=8,c=1024,r=8]={<<<\r\n8000\r\n>>>\x00\x00\x00\x00\x00\x00\x00\x00\x00...\x00\x00\x00\x00\x00\x00\x00},DirectByteBuffer@6ae05ec4[p=0,l=32768,c=32768,r=32768]={<<<tincidunt mattis, tortor ...aliquet eget, justo. </>>>}]
[DEBUG] update WriteFlusher@7fb07ea0{WRITING}->null:IDLE-->WRITING
[DEBUG] sendResponse info=null content=DirectByteBuffer@341ca971[p=0,l=32768,c=32768,r=32768]={<<<<html><head><title>Large ...s ultrices enim. Curabi>>>} complete=false committing=true callback=Blocker@666ff960{null}
[DEBUG] COMMIT for /FileServlet/htmltests/large.html on HttpChannelOverHttp@2f7cc7c9{s=HttpChannelState@b7bc396{s=HANDLING rs=BLOCKING os=COMMITTED is=IDLE awp=false se=false i=true al=0},r=1,c=false/false,a=HANDLING,uri=//localhost:35372/FileServlet/htmltests/large.html,age=20}
200 null HTTP/1.1
Date: Tue, 28 Sep 2021 06:03:30 GMT
Content-Type: text/html


[DEBUG] generate: NEED_HEADER for SendCallback@546dc99c[PROCESSING][i=HTTP/1.1{s=200,h=2,cl=-1},cb=org.eclipse.jetty.server.HttpChannel$SendCallback@723a813] (null,[p=0,l=32768,c=32768,r=32768],false)@START
[DEBUG] generateHeaders HTTP/1.1{s=200,h=2,cl=-1} last=false content=DirectByteBuffer@341ca971[p=0,l=32768,c=32768,r=32768]={<<<<html><head><title>Large ...s ultrices enim. Curabi>>>}
[DEBUG] Date: Tue, 28 Sep 2021 06:03:30 GMT
Content-Type: text/html


[DEBUG] CHUNKED_CONTENT
[DEBUG] generate: FLUSH for SendCallback@546dc99c[PROCESSING][i=HTTP/1.1{s=200,h=2,cl=-1},cb=org.eclipse.jetty.server.HttpChannel$SendCallback@723a813] ([p=0,l=148,c=8192,r=148],[p=0,l=32768,c=32768,r=32768],false)@COMMITTED
[DEBUG] write: WriteFlusher@7c7fee4b{IDLE}->null [HeapByteBuffer@1ef04a69[p=0,l=148,c=8192,r=148]={<<<HTTP/1.1 200 OK\r\nDate: Tu...43.v20210629)\r\n\r\n8000\r\n>>>ML, like ...\x00\x00\x00\x00\x00\x00\x00},DirectByteBuffer@341ca971[p=0,l=32768,c=32768,r=32768]={<<<<html><head><title>Large ...s ultrices enim. Curabi>>>}]
[DEBUG] update WriteFlusher@7c7fee4b{WRITING}->null:IDLE-->WRITING
[DEBUG] Queued change lazy=false Accept@97d4898[java.nio.channels.SocketChannel[connected local=/127.0.0.1:35372 remote=/127.0.0.1:60196]] on ManagedSelector@72cf2de5{STARTED} id=0 keys=5 selected=0 updates=0
[DEBUG] Wakeup on submit ManagedSelector@72cf2de5{STARTED} id=0 keys=5 selected=0 updates=1
[DEBUG] Selector sun.nio.ch.EPollSelectorImpl@36abfb12 woken with none selected
[DEBUG] Selector sun.nio.ch.EPollSelectorImpl@36abfb12 woken up from select, 0/0/5 selected
[DEBUG] Selector sun.nio.ch.EPollSelectorImpl@36abfb12 processing 0 keys, 1 updates
[DEBUG] updateable 1
[DEBUG] update Accept@97d4898[java.nio.channels.SocketChannel[connected local=/127.0.0.1:35372 remote=/127.0.0.1:60196]]
[DEBUG] queue Accept@97d4898[java.nio.channels.SocketChannel[connected local=/127.0.0.1:35372 remote=/127.0.0.1:60196]] startThread=0
[DEBUG] updates 0
[DEBUG] Selector sun.nio.ch.EPollSelectorImpl@36abfb12 waiting with 6 keys
[DEBUG] run Accept@97d4898[java.nio.channels.SocketChannel[connected local=/127.0.0.1:35372 remote=/127.0.0.1:60196]] in QueuedThreadPool[qtp638486177]@260e86a1{STARTED,8<=8<=200,i=0,r=-1,q=0}[ReservedThreadExecutor@278bb07e{s=1/1,p=0}]
[DEBUG] SocketChannelEndPoint@1d3d792f{l=/127.0.0.1:35372,r=/127.0.0.1:60196,OPEN,fill=-,flush=-,to=0/30000}{io=0/0,kio=0,kro=0}-><null> idle timeout check, elapsed: 0 ms, remaining: 30000 ms
[DEBUG] new HttpChannelOverHttp@7ef329d0{s=HttpChannelState@586c95fc{s=IDLE rs=BLOCKING os=OPEN is=IDLE awp=false se=false i=true al=0},r=0,c=false/false,a=IDLE,uri=null,age=0} -> SocketChannelEndPoint@1d3d792f{l=/127.0.0.1:35372,r=/127.0.0.1:60196,OPEN,fill=-,flush=-,to=0/30000}{io=0/0,kio=0,kro=0}-><null>,null,HttpChannelState@586c95fc{s=IDLE rs=BLOCKING os=OPEN is=IDLE awp=false se=false i=true al=0}
[DEBUG] New HTTP Connection HttpConnection@5cf01cdd::SocketChannelEndPoint@1d3d792f{l=/127.0.0.1:35372,r=/127.0.0.1:60196,OPEN,fill=-,flush=-,to=0/30000}{io=0/0,kio=0,kro=0}-><null>
[DEBUG] Queued change lazy=true org.eclipse.jetty.io.ManagedSelector$$Lambda$478/2084879914@2af2e26d on ManagedSelector@72cf2de5{STARTED} id=0 keys=6 selected=0 updates=0
[DEBUG] onOpen SocketChannelEndPoint@1d3d792f{l=/127.0.0.1:35372,r=/127.0.0.1:60196,OPEN,fill=-,flush=-,to=0/30000}{io=0/0,kio=0,kro=0}->HttpConnection@5cf01cdd[p=HttpParser{s=START,0 of -1},g=HttpGenerator@4d28e34a{s=START}]=>HttpChannelOverHttp@7ef329d0{s=HttpChannelState@586c95fc{s=IDLE rs=BLOCKING os=OPEN is=IDLE awp=false se=false i=true al=0},r=0,c=false/false,a=IDLE,uri=null,age=0}
[DEBUG] onOpen HttpConnection@5cf01cdd::SocketChannelEndPoint@1d3d792f{l=/127.0.0.1:35372,r=/127.0.0.1:60196,OPEN,fill=-,flush=-,to=0/30000}{io=0/0,kio=0,kro=0}->HttpConnection@5cf01cdd[p=HttpParser{s=START,0 of -1},g=HttpGenerator@4d28e34a{s=START}]=>HttpChannelOverHttp@7ef329d0{s=HttpChannelState@586c95fc{s=IDLE rs=BLOCKING os=OPEN is=IDLE awp=false se=false i=true al=0},r=0,c=false/false,a=IDLE,uri=null,age=0}
[DEBUG] fillInterested HttpConnection@5cf01cdd::SocketChannelEndPoint@1d3d792f{l=/127.0.0.1:35372,r=/127.0.0.1:60196,OPEN,fill=-,flush=-,to=0/30000}{io=0/0,kio=0,kro=0}->HttpConnection@5cf01cdd[p=HttpParser{s=START,0 of -1},g=HttpGenerator@4d28e34a{s=START}]=>HttpChannelOverHttp@7ef329d0{s=HttpChannelState@586c95fc{s=IDLE rs=BLOCKING os=OPEN is=IDLE awp=false se=false i=true al=0},r=0,c=false/false,a=IDLE,uri=null,age=0}
[DEBUG] interested FillInterest@71574c66{AC.ReadCB@5cf01cdd{HttpConnection@5cf01cdd::SocketChannelEndPoint@1d3d792f{l=/127.0.0.1:35372,r=/127.0.0.1:60196,OPEN,fill=FI,flush=-,to=0/30000}{io=0/0,kio=0,kro=0}->HttpConnection@5cf01cdd[p=HttpParser{s=START,0 of -1},g=HttpGenerator@4d28e34a{s=START}]=>HttpChannelOverHttp@7ef329d0{s=HttpChannelState@586c95fc{s=IDLE rs=BLOCKING os=OPEN is=IDLE awp=false se=false i=true al=0},r=0,c=false/false,a=IDLE,uri=null,age=0}}}
[DEBUG] changeInterests p=false 0->1 for SocketChannelEndPoint@1d3d792f{l=/127.0.0.1:35372,r=/127.0.0.1:60196,OPEN,fill=FI,flush=-,to=0/30000}{io=0/1,kio=0,kro=0}->HttpConnection@5cf01cdd[p=HttpParser{s=START,0 of -1},g=HttpGenerator@4d28e34a{s=START}]=>HttpChannelOverHttp@7ef329d0{s=HttpChannelState@586c95fc{s=IDLE rs=BLOCKING os=OPEN is=IDLE awp=false se=false i=true al=0},r=0,c=false/false,a=IDLE,uri=null,age=0}
[DEBUG] Queued change lazy=false org.eclipse.jetty.io.ChannelEndPoint$$Lambda$475/336675676@2d9da065 on ManagedSelector@72cf2de5{STARTED} id=0 keys=6 selected=0 updates=1
[DEBUG] Wakeup on submit ManagedSelector@72cf2de5{STARTED} id=0 keys=6 selected=0 updates=2
[DEBUG] Created SocketChannelEndPoint@1d3d792f{l=/127.0.0.1:35372,r=/127.0.0.1:60196,OPEN,fill=FI,flush=-,to=0/30000}{io=0/1,kio=0,kro=0}->HttpConnection@5cf01cdd[p=HttpParser{s=START,0 of -1},g=HttpGenerator@4d28e34a{s=START}]=>HttpChannelOverHttp@7ef329d0{s=HttpChannelState@586c95fc{s=IDLE rs=BLOCKING os=OPEN is=IDLE awp=false se=false i=true al=0},r=0,c=false/false,a=IDLE,uri=null,age=0}
[DEBUG] ran Accept@97d4898[java.nio.channels.SocketChannel[connected local=/127.0.0.1:35372 remote=/127.0.0.1:60196]] in QueuedThreadPool[qtp638486177]@260e86a1{STARTED,8<=8<=200,i=0,r=-1,q=0}[ReservedThreadExecutor@278bb07e{s=1/1,p=0}]
[DEBUG] Selector sun.nio.ch.EPollSelectorImpl@36abfb12 woken with none selected
[DEBUG] Selector sun.nio.ch.EPollSelectorImpl@36abfb12 woken up from select, 0/0/6 selected
[DEBUG] Selector sun.nio.ch.EPollSelectorImpl@36abfb12 processing 0 keys, 2 updates
[DEBUG] updateable 2
[DEBUG] update org.eclipse.jetty.io.ManagedSelector$$Lambda$478/2084879914@2af2e26d
[DEBUG] update org.eclipse.jetty.io.ChannelEndPoint$$Lambda$475/336675676@2d9da065
[DEBUG] Key interests updated 0 -> 1 on SocketChannelEndPoint@1d3d792f{l=/127.0.0.1:35372,r=/127.0.0.1:60196,OPEN,fill=FI,flush=-,to=0/30000}{io=1/1,kio=1,kro=0}->HttpConnection@5cf01cdd[p=HttpParser{s=START,0 of -1},g=HttpGenerator@4d28e34a{s=START}]=>HttpChannelOverHttp@7ef329d0{s=HttpChannelState@586c95fc{s=IDLE rs=BLOCKING os=OPEN is=IDLE awp=false se=false i=true al=0},r=0,c=false/false,a=IDLE,uri=null,age=0}
[DEBUG] updates 0
[DEBUG] Selector sun.nio.ch.EPollSelectorImpl@36abfb12 waiting with 6 keys
[DEBUG] Selector sun.nio.ch.EPollSelectorImpl@36abfb12 woken up from select, 1/1/6 selected
[DEBUG] Selector sun.nio.ch.EPollSelectorImpl@36abfb12 processing 1 keys, 0 updates
[DEBUG] selected 1 sun.nio.ch.SelectionKeyImpl@1a254c3c SocketChannelEndPoint@1d3d792f{l=/127.0.0.1:35372,r=/127.0.0.1:60196,OPEN,fill=FI,flush=-,to=0/30000}{io=1/1,kio=1,kro=1}->HttpConnection@5cf01cdd[p=HttpParser{s=START,0 of -1},g=HttpGenerator@4d28e34a{s=START}]=>HttpChannelOverHttp@7ef329d0{s=HttpChannelState@586c95fc{s=IDLE rs=BLOCKING os=OPEN is=IDLE awp=false se=false i=true al=0},r=0,c=false/false,a=IDLE,uri=null,age=0} 
[DEBUG] onSelected 1->0 r=true w=false for SocketChannelEndPoint@1d3d792f{l=/127.0.0.1:35372,r=/127.0.0.1:60196,OPEN,fill=FI,flush=-,to=0/30000}{io=1/0,kio=1,kro=1}->HttpConnection@5cf01cdd[p=HttpParser{s=START,0 of -1},g=HttpGenerator@4d28e34a{s=START}]=>HttpChannelOverHttp@7ef329d0{s=HttpChannelState@586c95fc{s=IDLE rs=BLOCKING os=OPEN is=IDLE awp=false se=false i=true al=0},r=0,c=false/false,a=IDLE,uri=null,age=0}
[DEBUG] task CEP:SocketChannelEndPoint@1d3d792f{l=/127.0.0.1:35372,r=/127.0.0.1:60196,OPEN,fill=FI,flush=-,to=1/30000}{io=1/0,kio=1,kro=1}->HttpConnection@5cf01cdd[p=HttpParser{s=START,0 of -1},g=HttpGenerator@4d28e34a{s=START}]=>HttpChannelOverHttp@7ef329d0{s=HttpChannelState@586c95fc{s=IDLE rs=BLOCKING os=OPEN is=IDLE awp=false se=false i=true al=0},r=0,c=false/false,a=IDLE,uri=null,age=0}:runFillable:BLOCKING
[DEBUG] ReservedThreadExecutor@278bb07e{s=1/1,p=0} tryExecute EatWhatYouKill@63b1d4fa/SelectorProducer@4c4d27c8/PRODUCING/p=false/QueuedThreadPool[qtp638486177]@260e86a1{STARTED,8<=8<=200,i=1,r=-1,q=0}[ReservedThreadExecutor@278bb07e{s=1/1,p=0}][pc=0,pic=0,pec=1,epc=6]@2021-09-28T06:03:30.772Z
[DEBUG] ReservedThreadExecutor@278bb07e{s=0/1,p=0}@66d97fb0 offer EatWhatYouKill@63b1d4fa/SelectorProducer@4c4d27c8/PRODUCING/p=false/QueuedThreadPool[qtp638486177]@260e86a1{STARTED,8<=8<=200,i=1,r=-1,q=0}[ReservedThreadExecutor@278bb07e{s=0/1,p=0}][pc=0,pic=0,pec=1,epc=6]@2021-09-28T06:03:30.772Z
[DEBUG] ReservedThreadExecutor@278bb07e{s=0/1,p=1} startReservedThread p=1
[DEBUG] queue ReservedThreadExecutor@278bb07e{s=0/1,p=1}@25086768 startThread=0
[DEBUG] ReservedThreadExecutor@278bb07e{s=0/1,p=0}@66d97fb0 task=EatWhatYouKill@63b1d4fa/SelectorProducer@4c4d27c8/IDLE/p=true/QueuedThreadPool[qtp638486177]@260e86a1{STARTED,8<=8<=200,i=0,r=-1,q=0}[ReservedThreadExecutor@278bb07e{s=0/1,p=1}][pc=0,pic=0,pec=1,epc=6]@2021-09-28T06:03:30.772Z
[DEBUG] EatWhatYouKill@63b1d4fa/SelectorProducer@4c4d27c8/IDLE/p=true/QueuedThreadPool[qtp638486177]@260e86a1{STARTED,8<=8<=200,i=0,r=-1,q=0}[ReservedThreadExecutor@278bb07e{s=0/1,p=1}][pc=0,pic=0,pec=1,epc=6]@2021-09-28T06:03:30.773Z tryProduce true
[DEBUG] updateable 0
[DEBUG] updates 0
[DEBUG] Key interests updated 1 -> 0 on SocketChannelEndPoint@1d3d792f{l=/127.0.0.1:35372,r=/127.0.0.1:60196,OPEN,fill=FI,flush=-,to=1/30000}{io=0/0,kio=0,kro=1}->HttpConnection@5cf01cdd[p=HttpParser{s=START,0 of -1},g=HttpGenerator@4d28e34a{s=START}]=>HttpChannelOverHttp@7ef329d0{s=HttpChannelState@586c95fc{s=IDLE rs=BLOCKING os=OPEN is=IDLE awp=false se=false i=true al=0},r=0,c=false/false,a=IDLE,uri=null,age=0}
[DEBUG] Selector sun.nio.ch.EPollSelectorImpl@36abfb12 waiting with 6 keys
[DEBUG] EatWhatYouKill@63b1d4fa/SelectorProducer@4c4d27c8/PRODUCING/p=false/QueuedThreadPool[qtp638486177]@260e86a1{STARTED,8<=8<=200,i=0,r=-1,q=0}[ReservedThreadExecutor@278bb07e{s=0/1,p=1}][pc=0,pic=0,pec=1,epc=6]@2021-09-28T06:03:30.773Z m=EXECUTE_PRODUCE_CONSUME t=CEP:SocketChannelEndPoint@1d3d792f{l=/127.0.0.1:35372,r=/127.0.0.1:60196,OPEN,fill=FI,flush=-,to=2/30000}{io=0/0,kio=0,kro=1}->HttpConnection@5cf01cdd[p=HttpParser{s=START,0 of -1},g=HttpGenerator@4d28e34a{s=START}]=>HttpChannelOverHttp@7ef329d0{s=HttpChannelState@586c95fc{s=IDLE rs=BLOCKING os=OPEN is=IDLE awp=false se=false i=true al=0},r=0,c=false/false,a=IDLE,uri=null,age=0}:runFillable:BLOCKING/BLOCKING
[DEBUG] fillable FillInterest@71574c66{AC.ReadCB@5cf01cdd{HttpConnection@5cf01cdd::SocketChannelEndPoint@1d3d792f{l=/127.0.0.1:35372,r=/127.0.0.1:60196,OPEN,fill=FI,flush=-,to=2/30000}{io=0/0,kio=0,kro=1}->HttpConnection@5cf01cdd[p=HttpParser{s=START,0 of -1},g=HttpGenerator@4d28e34a{s=START}]=>HttpChannelOverHttp@7ef329d0{s=HttpChannelState@586c95fc{s=IDLE rs=BLOCKING os=OPEN is=IDLE awp=false se=false i=true al=0},r=0,c=false/false,a=IDLE,uri=null,age=0}}}
[DEBUG] HttpConnection@5cf01cdd::SocketChannelEndPoint@1d3d792f{l=/127.0.0.1:35372,r=/127.0.0.1:60196,OPEN,fill=-,flush=-,to=2/30000}{io=0/0,kio=0,kro=1}->HttpConnection@5cf01cdd[p=HttpParser{s=START,0 of -1},g=HttpGenerator@4d28e34a{s=START}]=>HttpChannelOverHttp@7ef329d0{s=HttpChannelState@586c95fc{s=IDLE rs=BLOCKING os=OPEN is=IDLE awp=false se=false i=true al=0},r=0,c=false/false,a=IDLE,uri=null,age=0} onFillable enter HttpChannelState@586c95fc{s=IDLE rs=BLOCKING os=OPEN is=IDLE awp=false se=false i=true al=0} null
[DEBUG] filled 311 HeapByteBuffer@2a66826a[p=0,l=311,c=8192,r=311]={<<<GET /FileServlet/htmltest...nection: keep-alive\r\n\r\n>>>nnection:...\x86&h\xA0{\xC1\xC2}
[DEBUG] HttpConnection@5cf01cdd::SocketChannelEndPoint@1d3d792f{l=/127.0.0.1:35372,r=/127.0.0.1:60196,OPEN,fill=-,flush=-,to=0/30000}{io=0/0,kio=0,kro=1}->HttpConnection@5cf01cdd[p=HttpParser{s=START,0 of -1},g=HttpGenerator@4d28e34a{s=START}]=>HttpChannelOverHttp@7ef329d0{s=HttpChannelState@586c95fc{s=IDLE rs=BLOCKING os=OPEN is=IDLE awp=false se=false i=true al=0},r=0,c=false/false,a=IDLE,uri=null,age=0} filled 311 HeapByteBuffer@2a66826a[p=0,l=311,c=8192,r=311]={<<<GET /FileServlet/htmltest...nection: keep-alive\r\n\r\n>>>nnection:...\x86&h\xA0{\xC1\xC2}
[DEBUG] HttpConnection@5cf01cdd::SocketChannelEndPoint@1d3d792f{l=/127.0.0.1:35372,r=/127.0.0.1:60196,OPEN,fill=-,flush=-,to=0/30000}{io=0/0,kio=0,kro=1}->HttpConnection@5cf01cdd[p=HttpParser{s=START,0 of -1},g=HttpGenerator@4d28e34a{s=START}]=>HttpChannelOverHttp@7ef329d0{s=HttpChannelState@586c95fc{s=IDLE rs=BLOCKING os=OPEN is=IDLE awp=false se=false i=true al=0},r=0,c=false/false,a=IDLE,uri=null,age=0} parse HeapByteBuffer@2a66826a[p=0,l=311,c=8192,r=311]={<<<GET /FileServlet/htmltest...nection: keep-alive\r\n\r\n>>>nnection:...\x86&h\xA0{\xC1\xC2} {}
[DEBUG] parseNext s=START HeapByteBuffer@2a66826a[p=0,l=311,c=8192,r=311]={<<<GET /FileServlet/htmltest...nection: keep-alive\r\n\r\n>>>nnection:...\x86&h\xA0{\xC1\xC2}
[DEBUG] START --> SPACE1
[DEBUG] SPACE1 --> URI
[DEBUG] URI --> SPACE2
[DEBUG] SPACE2 --> REQUEST_VERSION
[DEBUG] REQUEST_VERSION --> HEADER
[DEBUG] HEADER:Accept-Encoding: gzip --> IN_VALUE
[DEBUG] HEADER:Accept-Encoding: gzip --> FIELD
[DEBUG] HEADER:User-Agent --> VALUE
[DEBUG] HEADER:User-Agent --> IN_VALUE
[DEBUG] HEADER:User-Agent --> FIELD
[DEBUG] HEADER:Host --> VALUE
[DEBUG] HEADER:Host --> IN_VALUE
[DEBUG] HEADER:Host --> FIELD
[DEBUG] HEADER:Accept --> VALUE
[DEBUG] HEADER:Accept --> IN_VALUE
[DEBUG] HEADER:Accept --> FIELD
[DEBUG] HEADER:Connection: keep-alive --> IN_VALUE
[DEBUG] HEADER:Connection: keep-alive --> FIELD
[DEBUG] HEADER --> CONTENT
[DEBUG] REQUEST for //localhost:35372/FileServlet/htmltests/large.html on HttpChannelOverHttp@7ef329d0{s=HttpChannelState@586c95fc{s=IDLE rs=BLOCKING os=OPEN is=IDLE awp=false se=false i=true al=0},r=1,c=false/false,a=IDLE,uri=//localhost:35372/FileServlet/htmltests/large.html,age=0}
GET //localhost:35372/FileServlet/htmltests/large.html HTTP/1.1
Accept-Encoding: gzip
User-Agent: Mozilla/5.0 (Windows NT 10.0; Win64; x64) AppleWebKit/537.36 (KHTML, like Gecko) Chrome/79.0.3945.130 Safari/537.36
Host: localhost:35372
Accept: text/html, image/gif, image/jpeg, *; q=.2, */*; q=.2
Connection: keep-alive


[DEBUG] HttpConnection@5cf01cdd::SocketChannelEndPoint@1d3d792f{l=/127.0.0.1:35372,r=/127.0.0.1:60196,OPEN,fill=-,flush=-,to=0/30000}{io=0/0,kio=0,kro=1}->HttpConnection@5cf01cdd[p=HttpParser{s=CONTENT,0 of -1},g=HttpGenerator@4d28e34a{s=START}]=>HttpChannelOverHttp@7ef329d0{s=HttpChannelState@586c95fc{s=IDLE rs=BLOCKING os=OPEN is=IDLE awp=false se=false i=true al=0},r=1,c=false/false,a=IDLE,uri=//localhost:35372/FileServlet/htmltests/large.html,age=0} parsed true HttpParser{s=CONTENT,0 of -1}
[DEBUG] releaseRequestBuffer HttpConnection@5cf01cdd::SocketChannelEndPoint@1d3d792f{l=/127.0.0.1:35372,r=/127.0.0.1:60196,OPEN,fill=-,flush=-,to=1/30000}{io=0/0,kio=0,kro=1}->HttpConnection@5cf01cdd[p=HttpParser{s=CONTENT,0 of -1},g=HttpGenerator@4d28e34a{s=START}]=>HttpChannelOverHttp@7ef329d0{s=HttpChannelState@586c95fc{s=IDLE rs=BLOCKING os=OPEN is=IDLE awp=false se=false i=true al=0},r=1,c=false/false,a=IDLE,uri=//localhost:35372/FileServlet/htmltests/large.html,age=0}
[DEBUG] handle //localhost:35372/FileServlet/htmltests/large.html HttpChannelOverHttp@7ef329d0{s=HttpChannelState@586c95fc{s=IDLE rs=BLOCKING os=OPEN is=IDLE awp=false se=false i=true al=0},r=1,c=false/false,a=IDLE,uri=//localhost:35372/FileServlet/htmltests/large.html,age=1} 
[DEBUG] handling HttpChannelState@586c95fc{s=IDLE rs=BLOCKING os=OPEN is=IDLE awp=false se=false i=true al=0}
[DEBUG] action DISPATCH HttpChannelOverHttp@7ef329d0{s=HttpChannelState@586c95fc{s=HANDLING rs=BLOCKING os=OPEN is=IDLE awp=false se=false i=true al=0},r=1,c=false/false,a=HANDLING,uri=//localhost:35372/FileServlet/htmltests/large.html,age=1}
[DEBUG] REQUEST GET /FileServlet/htmltests/large.html on HttpChannelOverHttp@7ef329d0{s=HttpChannelState@586c95fc{s=HANDLING rs=BLOCKING os=OPEN is=IDLE awp=false se=false i=true al=0},r=1,c=false/false,a=HANDLING,uri=//localhost:35372/FileServlet/htmltests/large.html,age=1}
[DEBUG] servlet null|/FileServlet|/htmltests/large.html -> org.jsoup.integration.servlets.FileServlet-60dce7ea==org.jsoup.integration.servlets.FileServlet@c786463a{jsp=null,order=-1,inst=true,async=true,src=EMBEDDED:null,STARTED}
[DEBUG] chain=null
[DEBUG] write(array HeapByteBuffer@75ec5942[p=0,l=8192,c=8192,r=8192]={<<<<html><head><title>Large ...augue. Vestibulum tinci>>>})
[DEBUG] write(array) s=OPEN,api=BLOCKING,sc=false,e=null aggregated !flush DirectByteBuffer@67223954[p=0,l=8192,c=32768,r=8192]={<<<<html><head><title>Large ...augue. Vestibulum tinci>>>\x00\x00\x00\x00\x00\x00\x00\x00\x00...\x00\x00\x00\x00\x00\x00\x00}
[DEBUG] write(array HeapByteBuffer@5756dd20[p=0,l=8192,c=8192,r=8192]={<<<dunt malesuada tellus. Ut... nostra, per inceptos h>>>})
[DEBUG] write(array) s=OPEN,api=BLOCKING,sc=false,e=null aggregated !flush DirectByteBuffer@67223954[p=0,l=16384,c=32768,r=16384]={<<<<html><head><title>Large ... nostra, per inceptos h>>>\x00\x00\x00\x00\x00\x00\x00\x00\x00...\x00\x00\x00\x00\x00\x00\x00}
[DEBUG] write(array HeapByteBuffer@3183c385[p=0,l=8192,c=8192,r=8192]={<<<imenaeos. Nam nec ante. S...nas aliquet mollis lect>>>})
[DEBUG] write(array) s=OPEN,api=BLOCKING,sc=false,e=null aggregated !flush DirectByteBuffer@67223954[p=0,l=24576,c=32768,r=24576]={<<<<html><head><title>Large ...nas aliquet mollis lect>>>\x00\x00\x00\x00\x00\x00\x00\x00\x00...\x00\x00\x00\x00\x00\x00\x00}
[DEBUG] write(array HeapByteBuffer@26b2babe[p=0,l=8192,c=8192,r=8192]={<<<us. Vivamus consectetuer ...s ultrices enim. Curabi>>>})
[DEBUG] write(array) s=OPEN,api=BLOCKED,sc=false,e=null last=false agg=true flush=true async=false, len=0 DirectByteBuffer@67223954[p=0,l=32768,c=32768,r=32768]={<<<<html><head><title>Large ...s ultrices enim. Curabi>>>}
[DEBUG] sendResponse info=null content=DirectByteBuffer@67223954[p=0,l=32768,c=32768,r=32768]={<<<<html><head><title>Large ...s ultrices enim. Curabi>>>} complete=false committing=true callback=Blocker@502cdfa5{null}
[DEBUG] COMMIT for /FileServlet/htmltests/large.html on HttpChannelOverHttp@7ef329d0{s=HttpChannelState@586c95fc{s=HANDLING rs=BLOCKING os=COMMITTED is=IDLE awp=false se=false i=true al=0},r=1,c=false/false,a=HANDLING,uri=//localhost:35372/FileServlet/htmltests/large.html,age=1}
200 null HTTP/1.1
Date: Tue, 28 Sep 2021 06:03:30 GMT
Content-Type: text/html


[DEBUG] generate: NEED_HEADER for SendCallback@3172a75d[PROCESSING][i=HTTP/1.1{s=200,h=2,cl=-1},cb=org.eclipse.jetty.server.HttpChannel$SendCallback@1e42d51d] (null,[p=0,l=32768,c=32768,r=32768],false)@START
[DEBUG] generateHeaders HTTP/1.1{s=200,h=2,cl=-1} last=false content=DirectByteBuffer@67223954[p=0,l=32768,c=32768,r=32768]={<<<<html><head><title>Large ...s ultrices enim. Curabi>>>}
[DEBUG] Date: Tue, 28 Sep 2021 06:03:30 GMT
Content-Type: text/html


[DEBUG] CHUNKED_CONTENT
[DEBUG] generate: FLUSH for SendCallback@3172a75d[PROCESSING][i=HTTP/1.1{s=200,h=2,cl=-1},cb=org.eclipse.jetty.server.HttpChannel$SendCallback@1e42d51d] ([p=0,l=148,c=8192,r=148],[p=0,l=32768,c=32768,r=32768],false)@COMMITTED
[DEBUG] write: WriteFlusher@2d16eb21{IDLE}->null [HeapByteBuffer@460916c[p=0,l=148,c=8192,r=148]={<<<HTTP/1.1 200 OK\r\nDate: Tu...43.v20210629)\r\n\r\n8000\r\n>>>ML, like ...\x00\x00\x00\x00\x00\x00\x00},DirectByteBuffer@67223954[p=0,l=32768,c=32768,r=32768]={<<<<html><head><title>Large ...s ultrices enim. Curabi>>>}]
[DEBUG] update WriteFlusher@2d16eb21{WRITING}->null:IDLE-->WRITING
[DEBUG] write(array) s=OPEN,api=BLOCKING,sc=false,e=null aggregated !flush DirectByteBuffer@7c27fa39[p=0,l=8192,c=32768,r=8192]={<<<dolor. Maecenas mattis. S...itor, cursus quis, aliq>>>t. Mauris...sem at }
[DEBUG] write(array HeapByteBuffer@65eee25[p=0,l=8192,c=8192,r=8192]={<<<uet eget, justo. Sed pret...m. Etiam ultrices. Susp>>>})
[DEBUG] write(array) s=OPEN,api=BLOCKING,sc=false,e=null aggregated !flush DirectByteBuffer@7c27fa39[p=0,l=16384,c=32768,r=16384]={<<<dolor. Maecenas mattis. S...m. Etiam ultrices. Susp>>>or. Lorem...sem at }
[DEBUG] write(array HeapByteBuffer@79926f59[p=0,l=8192,c=8192,r=8192]={<<<endisse in justo eu magna...cinia nunc. </p>\n\n<p>Cu>>>})
[DEBUG] write(array) s=OPEN,api=BLOCKING,sc=false,e=null aggregated !flush DirectByteBuffer@7c27fa39[p=0,l=24576,c=32768,r=24576]={<<<dolor. Maecenas mattis. S...cinia nunc. </p>\n\n<p>Cu>>>rra nec, ...sem at }
[DEBUG] write(array HeapByteBuffer@3d96861[p=0,l=8192,c=8192,r=8192]={<<<rabitur tortor. <i>Vestib... ac, ultricies eu, pede>>>})
[DEBUG] write(array) s=OPEN,api=BLOCKED,sc=false,e=null last=false agg=true flush=true async=false, len=0 DirectByteBuffer@7c27fa39[p=0,l=32768,c=32768,r=32768]={<<<dolor. Maecenas mattis. S... ac, ultricies eu, pede>>>}
[DEBUG] sendResponse info=null content=DirectByteBuffer@7c27fa39[p=0,l=32768,c=32768,r=32768]={<<<dolor. Maecenas mattis. S... ac, ultricies eu, pede>>>} complete=false committing=false callback=Blocker@6ccb6686{null}
[DEBUG] generate: NEED_CHUNK for SendCallback@96c627e[PROCESSING][i=null,cb=org.eclipse.jetty.server.HttpChannel$SendCallback@256ded04] (null,[p=0,l=32768,c=32768,r=32768],false)@COMMITTED
[DEBUG] generate: FLUSH for SendCallback@96c627e[PROCESSING][i=null,cb=org.eclipse.jetty.server.HttpChannel$SendCallback@256ded04] (null,[p=0,l=32768,c=32768,r=32768],false)@COMMITTED
[DEBUG] write: WriteFlusher@d847498{IDLE}->null [HeapByteBuffer@54b3104a[p=0,l=8,c=1024,r=8]={<<<\r\n8000\r\n>>>\x00\x00\x00\x00\x00\x00\x00\x00\x00...\x00\x00\x00\x00\x00\x00\x00},DirectByteBuffer@7c27fa39[p=0,l=32768,c=32768,r=32768]={<<<dolor. Maecenas mattis. S... ac, ultricies eu, pede>>>}]
[DEBUG] update WriteFlusher@d847498{WRITING}->null:IDLE-->WRITING
[DEBUG] flushed 32776 SocketChannelEndPoint@61fd9662{l=/127.0.0.1:35372,r=/127.0.0.1:60188,OPEN,fill=-,flush=W,to=48/30000}{io=0/0,kio=0,kro=1}->HttpConnection@2e077e16[p=HttpParser{s=CONTENT,0 of -1},g=HttpGenerator@1f63306b{s=COMMITTED}]=>HttpChannelOverHttp@6f3a742d{s=HttpChannelState@6b05fd12{s=HANDLING rs=BLOCKING os=COMMITTED is=IDLE awp=false se=false i=true al=0},r=9,c=false/false,a=HANDLING,uri=//localhost:35372/FileServlet/htmltests/large.html,age=70}
[DEBUG] Flushed=true written=32776 remaining=0 WriteFlusher@d847498{WRITING}->null
[DEBUG] update WriteFlusher@d847498{IDLE}->null:WRITING-->IDLE
[DEBUG] generate: DONE for SendCallback@96c627e[PROCESSING][i=null,cb=org.eclipse.jetty.server.HttpChannel$SendCallback@256ded04] (null,[p=32768,l=32768,c=32768,r=0],false)@COMMITTED
[DEBUG] onWriteComplete(false,null) s=OPEN,api=BLOCKED,sc=false,e=null->s=OPEN,api=BLOCKING,sc=false,e=null c=null cb=null w=false
[DEBUG] write(array HeapByteBuffer@3eb15522[p=0,l=8192,c=8192,r=8192]={<<<. <i>Praesent blandit dol...ae; Morbi lacinia moles>>>})
[DEBUG] write(array) s=OPEN,api=BLOCKING,sc=false,e=null aggregated !flush DirectByteBuffer@7c27fa39[p=0,l=8192,c=32768,r=8192]={<<<. <i>Praesent blandit dol...ae; Morbi lacinia moles>>>uet eget,...u, pede}
[DEBUG] write(array HeapByteBuffer@76e3b8f5[p=0,l=8192,c=8192,r=8192]={<<<tie dui. <b>Ut fringilla<...cinia aliquet. <b>Pelle>>>})
[DEBUG] write(array) s=OPEN,api=BLOCKING,sc=false,e=null aggregated !flush DirectByteBuffer@7c27fa39[p=0,l=16384,c=32768,r=16384]={<<<. <i>Praesent blandit dol...cinia aliquet. <b>Pelle>>>endisse i...u, pede}
[DEBUG] write(array HeapByteBuffer@3c2c7ee0[p=0,l=8192,c=8192,r=8192]={<<<ntesque nibh</b>. Mauris ...scipit sodales. Aenean >>>})
[DEBUG] write(array) s=OPEN,api=BLOCKING,sc=false,e=null aggregated !flush DirectByteBuffer@7c27fa39[p=0,l=24576,c=32768,r=24576]={<<<. <i>Praesent blandit dol...scipit sodales. Aenean >>>rabitur t...u, pede}
[DEBUG] write(array HeapByteBuffer@70d1186f[p=0,l=8192,c=8192,r=8192]={<<<lectus elit, fermentum no... Sed lacinia, urna non >>>})
[DEBUG] write(array) s=OPEN,api=BLOCKED,sc=false,e=null last=false agg=true flush=true async=false, len=0 DirectByteBuffer@7c27fa39[p=0,l=32768,c=32768,r=32768]={<<<. <i>Praesent blandit dol... Sed lacinia, urna non >>>}
[DEBUG] run ReservedThreadExecutor@278bb07e{s=0/1,p=1}@25086768 in QueuedThreadPool[qtp638486177]@260e86a1{STARTED,8<=8<=200,i=0,r=-1,q=0}[ReservedThreadExecutor@278bb07e{s=0/1,p=1}]
[DEBUG] ReservedThreadExecutor@278bb07e{s=1/1,p=1}@25086768 started
[DEBUG] ReservedThreadExecutor@278bb07e{s=1/1,p=0}@25086768 waiting
[DEBUG] sendResponse info=null content=DirectByteBuffer@7c27fa39[p=0,l=32768,c=32768,r=32768]={<<<. <i>Praesent blandit dol... Sed lacinia, urna non >>>} complete=false committing=false callback=Blocker@6ccb6686{null}
[DEBUG] generate: NEED_CHUNK for SendCallback@96c627e[PROCESSING][i=null,cb=org.eclipse.jetty.server.HttpChannel$SendCallback@44fd4b12] (null,[p=0,l=32768,c=32768,r=32768],false)@COMMITTED
[DEBUG] generate: FLUSH for SendCallback@96c627e[PROCESSING][i=null,cb=org.eclipse.jetty.server.HttpChannel$SendCallback@44fd4b12] (null,[p=0,l=32768,c=32768,r=32768],false)@COMMITTED
[DEBUG] write: WriteFlusher@d847498{IDLE}->null [HeapByteBuffer@54b3104a[p=0,l=8,c=1024,r=8]={<<<\r\n8000\r\n>>>\x00\x00\x00\x00\x00\x00\x00\x00\x00...\x00\x00\x00\x00\x00\x00\x00},DirectByteBuffer@7c27fa39[p=0,l=32768,c=32768,r=32768]={<<<. <i>Praesent blandit dol... Sed lacinia, urna non >>>}]
[DEBUG] update WriteFlusher@d847498{WRITING}->null:IDLE-->WRITING
[DEBUG] flushed 32776 SocketChannelEndPoint@61fd9662{l=/127.0.0.1:35372,r=/127.0.0.1:60188,OPEN,fill=-,flush=W,to=9/30000}{io=0/0,kio=0,kro=1}->HttpConnection@2e077e16[p=HttpParser{s=CONTENT,0 of -1},g=HttpGenerator@1f63306b{s=COMMITTED}]=>HttpChannelOverHttp@6f3a742d{s=HttpChannelState@6b05fd12{s=HANDLING rs=BLOCKING os=COMMITTED is=IDLE awp=false se=false i=true al=0},r=9,c=false/false,a=HANDLING,uri=//localhost:35372/FileServlet/htmltests/large.html,age=80}
[DEBUG] Flushed=true written=32776 remaining=0 WriteFlusher@d847498{WRITING}->null
[DEBUG] update WriteFlusher@d847498{IDLE}->null:WRITING-->IDLE
[DEBUG] generate: DONE for SendCallback@96c627e[PROCESSING][i=null,cb=org.eclipse.jetty.server.HttpChannel$SendCallback@44fd4b12] (null,[p=32768,l=32768,c=32768,r=0],false)@COMMITTED
[DEBUG] onWriteComplete(false,null) s=OPEN,api=BLOCKED,sc=false,e=null->s=OPEN,api=BLOCKING,sc=false,e=null c=null cb=null w=false
[DEBUG] write(array HeapByteBuffer@2fb27768[p=0,l=8192,c=8192,r=8192]={<<<tincidunt mattis, tortor ...si. Nulla quis sem at n>>>})
[DEBUG] write(array) s=OPEN,api=BLOCKING,sc=false,e=null aggregated !flush DirectByteBuffer@7c27fa39[p=0,l=8192,c=32768,r=8192]={<<<tincidunt mattis, tortor ...si. Nulla quis sem at n>>>tie dui. ...na non }
[DEBUG] write(array HeapByteBuffer@70b6d700[p=0,l=8192,c=8192,r=8192]={<<<ibh elementum imperdiet. ...orbi in dui quis est pu>>>})
[DEBUG] write(array) s=OPEN,api=BLOCKING,sc=false,e=null aggregated !flush DirectByteBuffer@7c27fa39[p=0,l=16384,c=32768,r=16384]={<<<tincidunt mattis, tortor ...orbi in dui quis est pu>>>ntesque n...na non }
[DEBUG] write(array HeapByteBuffer@85cbb19[p=0,l=8192,c=8192,r=8192]={<<<lvinar ullamcorper. Nulla...tetur adipiscing elit</>>>})
[DEBUG] write(array) s=OPEN,api=BLOCKING,sc=false,e=null aggregated !flush DirectByteBuffer@7c27fa39[p=0,l=24576,c=32768,r=24576]={<<<tincidunt mattis, tortor ...tetur adipiscing elit</>>>lectus el...na non }
[DEBUG] write(array HeapByteBuffer@2657c4db[p=0,l=8192,c=8192,r=8192]={<<<i>. Mauris ipsum. <b>Pell...aliquet eget, justo. </>>>})
[DEBUG] write(array) s=OPEN,api=BLOCKED,sc=false,e=null last=false agg=true flush=true async=false, len=0 DirectByteBuffer@7c27fa39[p=0,l=32768,c=32768,r=32768]={<<<tincidunt mattis, tortor ...aliquet eget, justo. </>>>}
[DEBUG] sendResponse info=null content=DirectByteBuffer@7c27fa39[p=0,l=32768,c=32768,r=32768]={<<<tincidunt mattis, tortor ...aliquet eget, justo. </>>>} complete=false committing=false callback=Blocker@6ccb6686{null}
[DEBUG] generate: NEED_CHUNK for SendCallback@96c627e[PROCESSING][i=null,cb=org.eclipse.jetty.server.HttpChannel$SendCallback@1ae2ee4e] (null,[p=0,l=32768,c=32768,r=32768],false)@COMMITTED
[DEBUG] generate: FLUSH for SendCallback@96c627e[PROCESSING][i=null,cb=org.eclipse.jetty.server.HttpChannel$SendCallback@1ae2ee4e] (null,[p=0,l=32768,c=32768,r=32768],false)@COMMITTED
[DEBUG] write: WriteFlusher@d847498{IDLE}->null [HeapByteBuffer@54b3104a[p=0,l=8,c=1024,r=8]={<<<\r\n8000\r\n>>>\x00\x00\x00\x00\x00\x00\x00\x00\x00...\x00\x00\x00\x00\x00\x00\x00},DirectByteBuffer@7c27fa39[p=0,l=32768,c=32768,r=32768]={<<<tincidunt mattis, tortor ...aliquet eget, justo. </>>>}]
[DEBUG] update WriteFlusher@d847498{WRITING}->null:IDLE-->WRITING
[DEBUG] flushed 32776 SocketChannelEndPoint@61fd9662{l=/127.0.0.1:35372,r=/127.0.0.1:60188,OPEN,fill=-,flush=W,to=0/30000}{io=0/0,kio=0,kro=1}->HttpConnection@2e077e16[p=HttpParser{s=CONTENT,0 of -1},g=HttpGenerator@1f63306b{s=COMMITTED}]=>HttpChannelOverHttp@6f3a742d{s=HttpChannelState@6b05fd12{s=HANDLING rs=BLOCKING os=COMMITTED is=IDLE awp=false se=false i=true al=0},r=9,c=false/false,a=HANDLING,uri=//localhost:35372/FileServlet/htmltests/large.html,age=81}
[DEBUG] Flushed=true written=32776 remaining=0 WriteFlusher@d847498{WRITING}->null
[DEBUG] update WriteFlusher@d847498{IDLE}->null:WRITING-->IDLE
[DEBUG] generate: DONE for SendCallback@96c627e[PROCESSING][i=null,cb=org.eclipse.jetty.server.HttpChannel$SendCallback@1ae2ee4e] (null,[p=32768,l=32768,c=32768,r=0],false)@COMMITTED
[DEBUG] onWriteComplete(false,null) s=OPEN,api=BLOCKED,sc=false,e=null->s=OPEN,api=BLOCKING,sc=false,e=null c=null cb=null w=false
[DEBUG] write(array HeapByteBuffer@5caa34c5[p=0,l=8192,c=8192,r=8192]={<<<p>\n\n<p>Sed pretium blandi...ulum sapien. Proin quam>>>})
[DEBUG] write(array) s=OPEN,api=BLOCKING,sc=false,e=null aggregated !flush DirectByteBuffer@7c27fa39[p=0,l=8192,c=32768,r=8192]={<<<p>\n\n<p>Sed pretium blandi...ulum sapien. Proin quam>>>ibh eleme...sto. </}
[DEBUG] generate: DONE for SendCallback@410c6bef[PROCESSING][i=null,cb=org.eclipse.jetty.server.HttpChannel$SendCallback@6a03358e] (null,[p=32768,l=32768,c=32768,r=0],false)@COMMITTED
[DEBUG] onWriteComplete(false,null) s=OPEN,api=BLOCKED,sc=false,e=null->s=OPEN,api=BLOCKING,sc=false,e=null c=null cb=null w=false
[DEBUG] write(array HeapByteBuffer@7b5c5f2[p=0,l=8192,c=8192,r=8192]={<<<. <i>Praesent blandit dol...ae; Morbi lacinia moles>>>})
[DEBUG] write(array) s=OPEN,api=BLOCKING,sc=false,e=null aggregated !flush DirectByteBuffer@38e5eb8d[p=0,l=8192,c=32768,r=8192]={<<<. <i>Praesent blandit dol...ae; Morbi lacinia moles>>>uet eget,...u, pede}
[DEBUG] write(array HeapByteBuffer@7050bc76[p=0,l=8192,c=8192,r=8192]={<<<tie dui. <b>Ut fringilla<...cinia aliquet. <b>Pelle>>>})
[DEBUG] write(array) s=OPEN,api=BLOCKING,sc=false,e=null aggregated !flush DirectByteBuffer@38e5eb8d[p=0,l=16384,c=32768,r=16384]={<<<. <i>Praesent blandit dol...cinia aliquet. <b>Pelle>>>endisse i...u, pede}
[DEBUG] write(array HeapByteBuffer@298b8503[p=0,l=8192,c=8192,r=8192]={<<<ntesque nibh</b>. Mauris ...scipit sodales. Aenean >>>})
[DEBUG] write(array) s=OPEN,api=BLOCKING,sc=false,e=null aggregated !flush DirectByteBuffer@38e5eb8d[p=0,l=24576,c=32768,r=24576]={<<<. <i>Praesent blandit dol...scipit sodales. Aenean >>>rabitur t...u, pede}
[DEBUG] write(array HeapByteBuffer@5ad77af9[p=0,l=8192,c=8192,r=8192]={<<<lectus elit, fermentum no... Sed lacinia, urna non >>>})
[DEBUG] write(array) s=OPEN,api=BLOCKED,sc=false,e=null last=false agg=true flush=true async=false, len=0 DirectByteBuffer@38e5eb8d[p=0,l=32768,c=32768,r=32768]={<<<. <i>Praesent blandit dol... Sed lacinia, urna non >>>}
[DEBUG] sendResponse info=null content=DirectByteBuffer@38e5eb8d[p=0,l=32768,c=32768,r=32768]={<<<. <i>Praesent blandit dol... Sed lacinia, urna non >>>} complete=false committing=false callback=Blocker@7cb7664d{null}
[DEBUG] generate: NEED_CHUNK for SendCallback@410c6bef[PROCESSING][i=null,cb=org.eclipse.jetty.server.HttpChannel$SendCallback@73e4be04] (null,[p=0,l=32768,c=32768,r=32768],false)@COMMITTED
[DEBUG] generate: FLUSH for SendCallback@410c6bef[PROCESSING][i=null,cb=org.eclipse.jetty.server.HttpChannel$SendCallback@73e4be04] (null,[p=0,l=32768,c=32768,r=32768],false)@COMMITTED
[DEBUG] write: WriteFlusher@2071150d{IDLE}->null [HeapByteBuffer@54b3104a[p=0,l=8,c=1024,r=8]={<<<\r\n8000\r\n>>>\x00\x00\x00\x00\x00\x00\x00\x00\x00...\x00\x00\x00\x00\x00\x00\x00},DirectByteBuffer@38e5eb8d[p=0,l=32768,c=32768,r=32768]={<<<. <i>Praesent blandit dol... Sed lacinia, urna non >>>}]
[DEBUG] update WriteFlusher@2071150d{WRITING}->null:IDLE-->WRITING
[DEBUG] flushed 32776 SocketChannelEndPoint@3d491fad{l=/127.0.0.1:35372,r=/127.0.0.1:60190,OPEN,fill=-,flush=W,to=29/30000}{io=0/0,kio=0,kro=1}->HttpConnection@3e7171e5[p=HttpParser{s=CONTENT,0 of -1},g=HttpGenerator@274dcaa5{s=COMMITTED}]=>HttpChannelOverHttp@36eb5f45{s=HttpChannelState@23232c72{s=HANDLING rs=BLOCKING os=COMMITTED is=IDLE awp=false se=false i=true al=0},r=1,c=false/false,a=HANDLING,uri=//localhost:35372/FileServlet/htmltests/large.html,age=74}
[DEBUG] Flushed=true written=32776 remaining=0 WriteFlusher@2071150d{WRITING}->null
[DEBUG] update WriteFlusher@2071150d{IDLE}->null:WRITING-->IDLE
[DEBUG] generate: DONE for SendCallback@410c6bef[PROCESSING][i=null,cb=org.eclipse.jetty.server.HttpChannel$SendCallback@73e4be04] (null,[p=32768,l=32768,c=32768,r=0],false)@COMMITTED
[DEBUG] onWriteComplete(false,null) s=OPEN,api=BLOCKED,sc=false,e=null->s=OPEN,api=BLOCKING,sc=false,e=null c=null cb=null w=false
[DEBUG] write(array HeapByteBuffer@6221f02[p=0,l=8192,c=8192,r=8192]={<<<tincidunt mattis, tortor ...si. Nulla quis sem at n>>>})
[DEBUG] write(array) s=OPEN,api=BLOCKING,sc=false,e=null aggregated !flush DirectByteBuffer@38e5eb8d[p=0,l=8192,c=32768,r=8192]={<<<tincidunt mattis, tortor ...si. Nulla quis sem at n>>>tie dui. ...na non }
[DEBUG] write(array HeapByteBuffer@73743158[p=0,l=8192,c=8192,r=8192]={<<<ibh elementum imperdiet. ...orbi in dui quis est pu>>>})
[DEBUG] write(array) s=OPEN,api=BLOCKING,sc=false,e=null aggregated !flush DirectByteBuffer@38e5eb8d[p=0,l=16384,c=32768,r=16384]={<<<tincidunt mattis, tortor ...orbi in dui quis est pu>>>ntesque n...na non }
[DEBUG] write(array HeapByteBuffer@12958d7d[p=0,l=8192,c=8192,r=8192]={<<<lvinar ullamcorper. Nulla...tetur adipiscing elit</>>>})
[DEBUG] write(array) s=OPEN,api=BLOCKING,sc=false,e=null aggregated !flush DirectByteBuffer@38e5eb8d[p=0,l=24576,c=32768,r=24576]={<<<tincidunt mattis, tortor ...tetur adipiscing elit</>>>lectus el...na non }
[DEBUG] write(array HeapByteBuffer@445715b5[p=0,l=8192,c=8192,r=8192]={<<<i>. Mauris ipsum. <b>Pell...aliquet eget, justo. </>>>})
[DEBUG] write(array) s=OPEN,api=BLOCKED,sc=false,e=null last=false agg=true flush=true async=false, len=0 DirectByteBuffer@38e5eb8d[p=0,l=32768,c=32768,r=32768]={<<<tincidunt mattis, tortor ...aliquet eget, justo. </>>>}
[DEBUG] sendResponse info=null content=DirectByteBuffer@38e5eb8d[p=0,l=32768,c=32768,r=32768]={<<<tincidunt mattis, tortor ...aliquet eget, justo. </>>>} complete=false committing=false callback=Blocker@7cb7664d{null}
[DEBUG] generate: NEED_CHUNK for SendCallback@410c6bef[PROCESSING][i=null,cb=org.eclipse.jetty.server.HttpChannel$SendCallback@521bc832] (null,[p=0,l=32768,c=32768,r=32768],false)@COMMITTED
[DEBUG] generate: FLUSH for SendCallback@410c6bef[PROCESSING][i=null,cb=org.eclipse.jetty.server.HttpChannel$SendCallback@521bc832] (null,[p=0,l=32768,c=32768,r=32768],false)@COMMITTED
[DEBUG] write: WriteFlusher@2071150d{IDLE}->null [HeapByteBuffer@2ed6021b[p=0,l=8,c=1024,r=8]={<<<\r\n8000\r\n>>>\x00\x00\x00\x00\x00\x00\x00\x00\x00...\x00\x00\x00\x00\x00\x00\x00},DirectByteBuffer@38e5eb8d[p=0,l=32768,c=32768,r=32768]={<<<tincidunt mattis, tortor ...aliquet eget, justo. </>>>}]
[DEBUG] update WriteFlusher@2071150d{WRITING}->null:IDLE-->WRITING
[DEBUG] flushed 32776 SocketChannelEndPoint@3d491fad{l=/127.0.0.1:35372,r=/127.0.0.1:60190,OPEN,fill=-,flush=W,to=0/30000}{io=0/0,kio=0,kro=1}->HttpConnection@3e7171e5[p=HttpParser{s=CONTENT,0 of -1},g=HttpGenerator@274dcaa5{s=COMMITTED}]=>HttpChannelOverHttp@36eb5f45{s=HttpChannelState@23232c72{s=HANDLING rs=BLOCKING os=COMMITTED is=IDLE awp=false se=false i=true al=0},r=1,c=false/false,a=HANDLING,uri=//localhost:35372/FileServlet/htmltests/large.html,age=75}
[DEBUG] Flushed=true written=32776 remaining=0 WriteFlusher@2071150d{WRITING}->null
[DEBUG] update WriteFlusher@2071150d{IDLE}->null:WRITING-->IDLE
[DEBUG] generate: DONE for SendCallback@410c6bef[PROCESSING][i=null,cb=org.eclipse.jetty.server.HttpChannel$SendCallback@521bc832] (null,[p=32768,l=32768,c=32768,r=0],false)@COMMITTED
[DEBUG] onWriteComplete(false,null) s=OPEN,api=BLOCKED,sc=false,e=null->s=OPEN,api=BLOCKING,sc=false,e=null c=null cb=null w=false
[DEBUG] write(array HeapByteBuffer@37ddd8[p=0,l=8192,c=8192,r=8192]={<<<p>\n\n<p>Sed pretium blandi...ulum sapien. Proin quam>>>})
[DEBUG] write(array) s=OPEN,api=BLOCKING,sc=false,e=null aggregated !flush DirectByteBuffer@38e5eb8d[p=0,l=8192,c=32768,r=8192]={<<<p>\n\n<p>Sed pretium blandi...ulum sapien. Proin quam>>>ibh eleme...sto. </}
[DEBUG] write(array HeapByteBuffer@3ef746c6[p=0,l=8192,c=8192,r=8192]={<<<. Etiam ultrices. Suspend...er conubia nostra, per >>>})
[DEBUG] write(array) s=OPEN,api=BLOCKING,sc=false,e=null aggregated !flush DirectByteBuffer@38e5eb8d[p=0,l=16384,c=32768,r=16384]={<<<p>\n\n<p>Sed pretium blandi...er conubia nostra, per >>>lvinar ul...sto. </}
[DEBUG] write(array HeapByteBuffer@42f10610[p=0,l=8192,c=8192,r=8192]={<<<inceptos himenaeos. </p>\n...>. Integer id quam. Mor>>>})
[DEBUG] write(array) s=OPEN,api=BLOCKING,sc=false,e=null aggregated !flush DirectByteBuffer@38e5eb8d[p=0,l=24576,c=32768,r=24576]={<<<p>\n\n<p>Sed pretium blandi...>. Integer id quam. Mor>>>i>. Mauri...sto. </}
[DEBUG] write(array HeapByteBuffer@4ea71c24[p=0,l=8192,c=8192,r=8192]={<<<bi mi. Quisque nisl felis...imperdiet. </p>\n\n<p>Ves>>>})
[DEBUG] write(array) s=OPEN,api=BLOCKED,sc=false,e=null last=false agg=true flush=true async=false, len=0 DirectByteBuffer@38e5eb8d[p=0,l=32768,c=32768,r=32768]={<<<p>\n\n<p>Sed pretium blandi...imperdiet. </p>\n\n<p>Ves>>>}
[DEBUG] sendResponse info=null content=DirectByteBuffer@38e5eb8d[p=0,l=32768,c=32768,r=32768]={<<<p>\n\n<p>Sed pretium blandi...imperdiet. </p>\n\n<p>Ves>>>} complete=false committing=false callback=Blocker@7cb7664d{null}
[DEBUG] generate: NEED_CHUNK for SendCallback@410c6bef[PROCESSING][i=null,cb=org.eclipse.jetty.server.HttpChannel$SendCallback@70c0c135] (null,[p=0,l=32768,c=32768,r=32768],false)@COMMITTED
[DEBUG] generate: FLUSH for SendCallback@410c6bef[PROCESSING][i=null,cb=org.eclipse.jetty.server.HttpChannel$SendCallback@70c0c135] (null,[p=0,l=32768,c=32768,r=32768],false)@COMMITTED
[DEBUG] write: WriteFlusher@2071150d{IDLE}->null [HeapByteBuffer@54b3104a[p=0,l=8,c=1024,r=8]={<<<\r\n8000\r\n>>>\x00\x00\x00\x00\x00\x00\x00\x00\x00...\x00\x00\x00\x00\x00\x00\x00},DirectByteBuffer@38e5eb8d[p=0,l=32768,c=32768,r=32768]={<<<p>\n\n<p>Sed pretium blandi...imperdiet. </p>\n\n<p>Ves>>>}]
[DEBUG] update WriteFlusher@2071150d{WRITING}->null:IDLE-->WRITING
[DEBUG] flushed 32776 SocketChannelEndPoint@3d491fad{l=/127.0.0.1:35372,r=/127.0.0.1:60190,OPEN,fill=-,flush=W,to=0/30000}{io=0/0,kio=0,kro=1}->HttpConnection@3e7171e5[p=HttpParser{s=CONTENT,0 of -1},g=HttpGenerator@274dcaa5{s=COMMITTED}]=>HttpChannelOverHttp@36eb5f45{s=HttpChannelState@23232c72{s=HANDLING rs=BLOCKING os=COMMITTED is=IDLE awp=false se=false i=true al=0},r=1,c=false/false,a=HANDLING,uri=//localhost:35372/FileServlet/htmltests/large.html,age=75}
[DEBUG] Flushed=true written=32776 remaining=0 WriteFlusher@2071150d{WRITING}->null
[DEBUG] update WriteFlusher@2071150d{IDLE}->null:WRITING-->IDLE
[DEBUG] generate: DONE for SendCallback@410c6bef[PROCESSING][i=null,cb=org.eclipse.jetty.server.HttpChannel$SendCallback@70c0c135] (null,[p=32768,l=32768,c=32768,r=0],false)@COMMITTED
[DEBUG] onWriteComplete(false,null) s=OPEN,api=BLOCKED,sc=false,e=null->s=OPEN,api=BLOCKING,sc=false,e=null c=null cb=null w=false
[DEBUG] write(array HeapByteBuffer@7485789d[p=0,l=8192,c=8192,r=8192]={<<<tibulum sapien. <b>Morbi ...torquent per conubia no>>>})
[DEBUG] write(array) s=OPEN,api=BLOCKING,sc=false,e=null aggregated !flush DirectByteBuffer@38e5eb8d[p=0,l=8192,c=32768,r=8192]={<<<tibulum sapien. <b>Morbi ...torquent per conubia no>>>. Etiam u...\n<p>Ves}
[DEBUG] write(array HeapByteBuffer@3e0e219b[p=0,l=8192,c=8192,r=8192]={<<<stra, per inceptos himena...a</i>. Vestibulum nisi >>>})
[DEBUG] write(array) s=OPEN,api=BLOCKING,sc=false,e=null aggregated !flush DirectByteBuffer@38e5eb8d[p=0,l=16384,c=32768,r=16384]={<<<tibulum sapien. <b>Morbi ...a</i>. Vestibulum nisi >>>inceptos ...\n<p>Ves}
[DEBUG] write(array HeapByteBuffer@48be4c42[p=0,l=8192,c=8192,r=8192]={<<<lectus, commodo ac, facil.../b>. Sed lectus. Intege>>>})
[DEBUG] write(array) s=OPEN,api=BLOCKING,sc=false,e=null aggregated !flush DirectByteBuffer@38e5eb8d[p=0,l=24576,c=32768,r=24576]={<<<tibulum sapien. <b>Morbi .../b>. Sed lectus. Intege>>>bi mi. Qu...\n<p>Ves}
[DEBUG] write(array HeapByteBuffer@3e01e509[p=0,l=8192,c=8192,r=8192]={<<<r euismod lacus luctus ma...ur sodales ligula in li>>>})
[DEBUG] write(array) s=OPEN,api=BLOCKED,sc=false,e=null last=false agg=true flush=true async=false, len=0 DirectByteBuffer@38e5eb8d[p=0,l=32768,c=32768,r=32768]={<<<tibulum sapien. <b>Morbi ...ur sodales ligula in li>>>}
[DEBUG] sendResponse info=null content=DirectByteBuffer@38e5eb8d[p=0,l=32768,c=32768,r=32768]={<<<tibulum sapien. <b>Morbi ...ur sodales ligula in li>>>} complete=false committing=false callback=Blocker@7cb7664d{null}
[DEBUG] generate: NEED_CHUNK for SendCallback@410c6bef[PROCESSING][i=null,cb=org.eclipse.jetty.server.HttpChannel$SendCallback@619f33c4] (null,[p=0,l=32768,c=32768,r=32768],false)@COMMITTED
[DEBUG] generate: FLUSH for SendCallback@410c6bef[PROCESSING][i=null,cb=org.eclipse.jetty.server.HttpChannel$SendCallback@619f33c4] (null,[p=0,l=32768,c=32768,r=32768],false)@COMMITTED
[DEBUG] write: WriteFlusher@2071150d{IDLE}->null [HeapByteBuffer@2ed6021b[p=0,l=8,c=1024,r=8]={<<<\r\n8000\r\n>>>\x00\x00\x00\x00\x00\x00\x00\x00\x00...\x00\x00\x00\x00\x00\x00\x00},DirectByteBuffer@38e5eb8d[p=0,l=32768,c=32768,r=32768]={<<<tibulum sapien. <b>Morbi ...ur sodales ligula in li>>>}]
[DEBUG] update WriteFlusher@2071150d{WRITING}->null:IDLE-->WRITING
[DEBUG] flushed 32776 SocketChannelEndPoint@3d491fad{l=/127.0.0.1:35372,r=/127.0.0.1:60190,OPEN,fill=-,flush=W,to=0/30000}{io=0/0,kio=0,kro=1}->HttpConnection@3e7171e5[p=HttpParser{s=CONTENT,0 of -1},g=HttpGenerator@274dcaa5{s=COMMITTED}]=>HttpChannelOverHttp@36eb5f45{s=HttpChannelState@23232c72{s=HANDLING rs=BLOCKING os=COMMITTED is=IDLE awp=false se=false i=true al=0},r=1,c=false/false,a=HANDLING,uri=//localhost:35372/FileServlet/htmltests/large.html,age=76}
[DEBUG] Flushed=true written=32776 remaining=0 WriteFlusher@2071150d{WRITING}->null
[DEBUG] update WriteFlusher@2071150d{IDLE}->null:WRITING-->IDLE
[DEBUG] generate: DONE for SendCallback@410c6bef[PROCESSING][i=null,cb=org.eclipse.jetty.server.HttpChannel$SendCallback@619f33c4] (null,[p=32768,l=32768,c=32768,r=0],false)@COMMITTED
[DEBUG] onWriteComplete(false,null) s=OPEN,api=BLOCKED,sc=false,e=null->s=OPEN,api=BLOCKING,sc=false,e=null c=null cb=null w=false
[DEBUG] write(array HeapByteBuffer@2e52d495[p=0,l=8192,c=8192,r=8192]={<<<bero. Sed dignissim lacin..., iaculis et, viverra v>>>})
[DEBUG] write(array) s=OPEN,api=BLOCKING,sc=false,e=null aggregated !flush DirectByteBuffer@38e5eb8d[p=0,l=8192,c=32768,r=8192]={<<<bero. Sed dignissim lacin..., iaculis et, viverra v>>>stra, per...a in li}
[DEBUG] write(array HeapByteBuffer@14345141[p=0,l=8192,c=8192,r=8192]={<<<itae, ligula. <i>Integer ...bulum ante ipsum primis>>>})
[DEBUG] write(array) s=OPEN,api=BLOCKING,sc=false,e=null aggregated !flush DirectByteBuffer@38e5eb8d[p=0,l=16384,c=32768,r=16384]={<<<bero. Sed dignissim lacin...bulum ante ipsum primis>>>lectus, c...a in li}
[DEBUG] write(array HeapByteBuffer@252cc763[p=0,l=8192,c=8192,r=8192]={<<< in faucibus orci luctus ...auris. Fusce nec tellus>>>})
[DEBUG] write(array) s=OPEN,api=BLOCKING,sc=false,e=null aggregated !flush DirectByteBuffer@38e5eb8d[p=0,l=24576,c=32768,r=24576]={<<<bero. Sed dignissim lacin...auris. Fusce nec tellus>>>r euismod...a in li}
[DEBUG] write(array HeapByteBuffer@3d35c111[p=0,l=8192,c=8192,r=8192]={<<< sed augue semper porta. ...ces sit amet, augue. Pr>>>})
[DEBUG] write(array) s=OPEN,api=BLOCKED,sc=false,e=null last=false agg=true flush=true async=false, len=0 DirectByteBuffer@38e5eb8d[p=0,l=32768,c=32768,r=32768]={<<<bero. Sed dignissim lacin...ces sit amet, augue. Pr>>>}
[DEBUG] sendResponse info=null content=DirectByteBuffer@38e5eb8d[p=0,l=32768,c=32768,r=32768]={<<<bero. Sed dignissim lacin...ces sit amet, augue. Pr>>>} complete=false committing=false callback=Blocker@7cb7664d{null}
[DEBUG] generate: NEED_CHUNK for SendCallback@410c6bef[PROCESSING][i=null,cb=org.eclipse.jetty.server.HttpChannel$SendCallback@57b5c5e] (null,[p=0,l=32768,c=32768,r=32768],false)@COMMITTED
[DEBUG] generate: FLUSH for SendCallback@410c6bef[PROCESSING][i=null,cb=org.eclipse.jetty.server.HttpChannel$SendCallback@57b5c5e] (null,[p=0,l=32768,c=32768,r=32768],false)@COMMITTED
[DEBUG] write: WriteFlusher@2071150d{IDLE}->null [HeapByteBuffer@54b3104a[p=0,l=8,c=1024,r=8]={<<<\r\n8000\r\n>>>\x00\x00\x00\x00\x00\x00\x00\x00\x00...\x00\x00\x00\x00\x00\x00\x00},DirectByteBuffer@38e5eb8d[p=0,l=32768,c=32768,r=32768]={<<<bero. Sed dignissim lacin...ces sit amet, augue. Pr>>>}]
[DEBUG] update WriteFlusher@2071150d{WRITING}->null:IDLE-->WRITING
[DEBUG] flushed 32776 SocketChannelEndPoint@3d491fad{l=/127.0.0.1:35372,r=/127.0.0.1:60190,OPEN,fill=-,flush=W,to=0/30000}{io=0/0,kio=0,kro=1}->HttpConnection@3e7171e5[p=HttpParser{s=CONTENT,0 of -1},g=HttpGenerator@274dcaa5{s=COMMITTED}]=>HttpChannelOverHttp@36eb5f45{s=HttpChannelState@23232c72{s=HANDLING rs=BLOCKING os=COMMITTED is=IDLE awp=false se=false i=true al=0},r=1,c=false/false,a=HANDLING,uri=//localhost:35372/FileServlet/htmltests/large.html,age=77}
[DEBUG] Flushed=true written=32776 remaining=0 WriteFlusher@2071150d{WRITING}->null
[DEBUG] update WriteFlusher@2071150d{IDLE}->null:WRITING-->IDLE
[DEBUG] generate: DONE for SendCallback@410c6bef[PROCESSING][i=null,cb=org.eclipse.jetty.server.HttpChannel$SendCallback@57b5c5e] (null,[p=32768,l=32768,c=32768,r=0],false)@COMMITTED
[DEBUG] onWriteComplete(false,null) s=OPEN,api=BLOCKED,sc=false,e=null->s=OPEN,api=BLOCKING,sc=false,e=null c=null cb=null w=false
[DEBUG] write(array HeapByteBuffer@33f3bbe9[p=0,l=8192,c=8192,r=8192]={<<<oin sodales libero eget a...uismod lacus luctus mag>>>})
[DEBUG] write(array) s=OPEN,api=BLOCKING,sc=false,e=null aggregated !flush DirectByteBuffer@38e5eb8d[p=0,l=8192,c=32768,r=8192]={<<<oin sodales libero eget a...uismod lacus luctus mag>>>itae, lig...gue. Pr}
[DEBUG] write(array HeapByteBuffer@7027752b[p=0,l=8192,c=8192,r=8192]={<<<na. Quisque cursus, metus...lass aptent taciti soci>>>})
[DEBUG] write(array) s=OPEN,api=BLOCKING,sc=false,e=null aggregated !flush DirectByteBuffer@38e5eb8d[p=0,l=16384,c=32768,r=16384]={<<<oin sodales libero eget a...lass aptent taciti soci>>> in fauci...gue. Pr}
[DEBUG] write(array HeapByteBuffer@63091f77[p=0,l=2207,c=8192,r=2207]={<<<osqu ad litora torquent p.... </p>\n\n</body></html>\n>>>nia nunc....ti soci})
[DEBUG] write(array) s=OPEN,api=BLOCKING,sc=false,e=null aggregated !flush DirectByteBuffer@38e5eb8d[p=0,l=18591,c=32768,r=18591]={<<<oin sodales libero eget a.... </p>\n\n</body></html>\n>>>erisque s...gue. Pr}
[DEBUG] sendResponse info=null content=DirectByteBuffer@38e5eb8d[p=0,l=18591,c=32768,r=18591]={<<<oin sodales libero eget a.... </p>\n\n</body></html>\n>>>erisque s...gue. Pr} complete=false committing=false callback=Blocker@7cb7664d{null}
[DEBUG] generate: NEED_CHUNK for SendCallback@410c6bef[PROCESSING][i=null,cb=org.eclipse.jetty.server.HttpChannel$SendCallback@3c4f36e4] (null,[p=0,l=18591,c=32768,r=18591],false)@COMMITTED
[DEBUG] generate: FLUSH for SendCallback@410c6bef[PROCESSING][i=null,cb=org.eclipse.jetty.server.HttpChannel$SendCallback@3c4f36e4] (null,[p=0,l=18591,c=32768,r=18591],false)@COMMITTED
[DEBUG] flushed 32916 SocketChannelEndPoint@66ad315b{l=/127.0.0.1:35372,r=/127.0.0.1:60194,OPEN,fill=-,flush=W,to=37/30000}{io=0/0,kio=0,kro=1}->HttpConnection@477f4c37[p=HttpParser{s=CONTENT,0 of -1},g=HttpGenerator@15c4e26{s=COMMITTED}]=>HttpChannelOverHttp@2f7cc7c9{s=HttpChannelState@b7bc396{s=HANDLING rs=BLOCKING os=COMMITTED is=IDLE awp=false se=false i=true al=0},r=1,c=false/false,a=HANDLING,uri=//localhost:35372/FileServlet/htmltests/large.html,age=37}
[DEBUG] Flushed=true written=32916 remaining=0 WriteFlusher@7c7fee4b{WRITING}->null
[DEBUG] update WriteFlusher@7c7fee4b{IDLE}->null:WRITING-->IDLE
[DEBUG] generate: DONE for SendCallback@546dc99c[PROCESSING][i=HTTP/1.1{s=200,h=2,cl=-1},cb=org.eclipse.jetty.server.HttpChannel$SendCallback@723a813] ([p=148,l=148,c=8192,r=0],[p=32768,l=32768,c=32768,r=0],false)@COMMITTED
[DEBUG] onWriteComplete(false,null) s=OPEN,api=BLOCKED,sc=false,e=null->s=OPEN,api=BLOCKING,sc=false,e=null c=null cb=null w=false
[DEBUG] write(array HeapByteBuffer@65c2bc5d[p=0,l=8192,c=8192,r=8192]={<<<tur sit amet mauris. Morb...s ligula lacinia alique>>>})
[DEBUG] write(array) s=OPEN,api=BLOCKING,sc=false,e=null aggregated !flush DirectByteBuffer@341ca971[p=0,l=8192,c=32768,r=8192]={<<<tur sit amet mauris. Morb...s ligula lacinia alique>>>dunt male... Curabi}
[DEBUG] write(array HeapByteBuffer@5f59b850[p=0,l=8192,c=8192,r=8192]={<<<t. Mauris ipsum. Nulla me...sectetuer risus et tort>>>})
[DEBUG] write(array) s=OPEN,api=BLOCKING,sc=false,e=null aggregated !flush DirectByteBuffer@341ca971[p=0,l=16384,c=32768,r=16384]={<<<tur sit amet mauris. Morb...sectetuer risus et tort>>>imenaeos.... Curabi}
[DEBUG] write(array HeapByteBuffer@4520f098[p=0,l=8192,c=8192,r=8192]={<<<or. Lorem ipsum dolor sit... Donec lacus nunc, vive>>>})
[DEBUG] write(array) s=OPEN,api=BLOCKING,sc=false,e=null aggregated !flush DirectByteBuffer@341ca971[p=0,l=24576,c=32768,r=24576]={<<<tur sit amet mauris. Morb... Donec lacus nunc, vive>>>us. Vivam... Curabi}
[DEBUG] write(array HeapByteBuffer@46ae53c1[p=0,l=8192,c=8192,r=8192]={<<<rra nec, blandit vel, ege... In scelerisque sem at >>>})
[DEBUG] write(array) s=OPEN,api=BLOCKED,sc=false,e=null last=false agg=true flush=true async=false, len=0 DirectByteBuffer@341ca971[p=0,l=32768,c=32768,r=32768]={<<<tur sit amet mauris. Morb... In scelerisque sem at >>>}
[DEBUG] sendResponse info=null content=DirectByteBuffer@341ca971[p=0,l=32768,c=32768,r=32768]={<<<tur sit amet mauris. Morb... In scelerisque sem at >>>} complete=false committing=false callback=Blocker@666ff960{null}
[DEBUG] generate: NEED_CHUNK for SendCallback@546dc99c[PROCESSING][i=null,cb=org.eclipse.jetty.server.HttpChannel$SendCallback@36fe2f1d] (null,[p=0,l=32768,c=32768,r=32768],false)@COMMITTED
[DEBUG] generate: FLUSH for SendCallback@546dc99c[PROCESSING][i=null,cb=org.eclipse.jetty.server.HttpChannel$SendCallback@36fe2f1d] (null,[p=0,l=32768,c=32768,r=32768],false)@COMMITTED
[DEBUG] write: WriteFlusher@7c7fee4b{IDLE}->null [HeapByteBuffer@54b3104a[p=0,l=8,c=1024,r=8]={<<<\r\n8000\r\n>>>\x00\x00\x00\x00\x00\x00\x00\x00\x00...\x00\x00\x00\x00\x00\x00\x00},DirectByteBuffer@341ca971[p=0,l=32768,c=32768,r=32768]={<<<tur sit amet mauris. Morb... In scelerisque sem at >>>}]
[DEBUG] update WriteFlusher@7c7fee4b{WRITING}->null:IDLE-->WRITING
[DEBUG] flushed 32776 SocketChannelEndPoint@66ad315b{l=/127.0.0.1:35372,r=/127.0.0.1:60194,OPEN,fill=-,flush=W,to=0/30000}{io=0/0,kio=0,kro=1}->HttpConnection@477f4c37[p=HttpParser{s=CONTENT,0 of -1},g=HttpGenerator@15c4e26{s=COMMITTED}]=>HttpChannelOverHttp@2f7cc7c9{s=HttpChannelState@b7bc396{s=HANDLING rs=BLOCKING os=COMMITTED is=IDLE awp=false se=false i=true al=0},r=1,c=false/false,a=HANDLING,uri=//localhost:35372/FileServlet/htmltests/large.html,age=58}
[DEBUG] Flushed=true written=32776 remaining=0 WriteFlusher@7c7fee4b{WRITING}->null
[DEBUG] update WriteFlusher@7c7fee4b{IDLE}->null:WRITING-->IDLE
[DEBUG] generate: DONE for SendCallback@546dc99c[PROCESSING][i=null,cb=org.eclipse.jetty.server.HttpChannel$SendCallback@36fe2f1d] (null,[p=32768,l=32768,c=32768,r=0],false)@COMMITTED
[DEBUG] onWriteComplete(false,null) s=OPEN,api=BLOCKED,sc=false,e=null->s=OPEN,api=BLOCKING,sc=false,e=null c=null cb=null w=false
[DEBUG] write(array HeapByteBuffer@24778aaa[p=0,l=8192,c=8192,r=8192]={<<<dolor. Maecenas mattis. S...itor, cursus quis, aliq>>>})
[DEBUG] write(array) s=OPEN,api=BLOCKING,sc=false,e=null aggregated !flush DirectByteBuffer@341ca971[p=0,l=8192,c=32768,r=8192]={<<<dolor. Maecenas mattis. S...itor, cursus quis, aliq>>>t. Mauris...sem at }
[DEBUG] write(array HeapByteBuffer@66111a8c[p=0,l=8192,c=8192,r=8192]={<<<uet eget, justo. Sed pret...m. Etiam ultrices. Susp>>>})
[DEBUG] write(array) s=OPEN,api=BLOCKING,sc=false,e=null aggregated !flush DirectByteBuffer@341ca971[p=0,l=16384,c=32768,r=16384]={<<<dolor. Maecenas mattis. S...m. Etiam ultrices. Susp>>>or. Lorem...sem at }
[DEBUG] write(array HeapByteBuffer@52156dd4[p=0,l=8192,c=8192,r=8192]={<<<endisse in justo eu magna...cinia nunc. </p>\n\n<p>Cu>>>})
[DEBUG] write(array) s=OPEN,api=BLOCKING,sc=false,e=null aggregated !flush DirectByteBuffer@341ca971[p=0,l=24576,c=32768,r=24576]={<<<dolor. Maecenas mattis. S...cinia nunc. </p>\n\n<p>Cu>>>rra nec, ...sem at }
[DEBUG] write(array HeapByteBuffer@1554364c[p=0,l=8192,c=8192,r=8192]={<<<rabitur tortor. <i>Vestib... ac, ultricies eu, pede>>>})
[DEBUG] write(array) s=OPEN,api=BLOCKED,sc=false,e=null last=false agg=true flush=true async=false, len=0 DirectByteBuffer@341ca971[p=0,l=32768,c=32768,r=32768]={<<<dolor. Maecenas mattis. S... ac, ultricies eu, pede>>>}
[DEBUG] sendResponse info=null content=DirectByteBuffer@341ca971[p=0,l=32768,c=32768,r=32768]={<<<dolor. Maecenas mattis. S... ac, ultricies eu, pede>>>} complete=false committing=false callback=Blocker@666ff960{null}
[DEBUG] generate: NEED_CHUNK for SendCallback@546dc99c[PROCESSING][i=null,cb=org.eclipse.jetty.server.HttpChannel$SendCallback@deecc96] (null,[p=0,l=32768,c=32768,r=32768],false)@COMMITTED
[DEBUG] generate: FLUSH for SendCallback@546dc99c[PROCESSING][i=null,cb=org.eclipse.jetty.server.HttpChannel$SendCallback@deecc96] (null,[p=0,l=32768,c=32768,r=32768],false)@COMMITTED
[DEBUG] write: WriteFlusher@7c7fee4b{IDLE}->null [HeapByteBuffer@54b3104a[p=0,l=8,c=1024,r=8]={<<<\r\n8000\r\n>>>\x00\x00\x00\x00\x00\x00\x00\x00\x00...\x00\x00\x00\x00\x00\x00\x00},DirectByteBuffer@341ca971[p=0,l=32768,c=32768,r=32768]={<<<dolor. Maecenas mattis. S... ac, ultricies eu, pede>>>}]
[DEBUG] update WriteFlusher@7c7fee4b{WRITING}->null:IDLE-->WRITING
[DEBUG] flushed 32776 SocketChannelEndPoint@66ad315b{l=/127.0.0.1:35372,r=/127.0.0.1:60194,OPEN,fill=-,flush=W,to=0/30000}{io=0/0,kio=0,kro=1}->HttpConnection@477f4c37[p=HttpParser{s=CONTENT,0 of -1},g=HttpGenerator@15c4e26{s=COMMITTED}]=>HttpChannelOverHttp@2f7cc7c9{s=HttpChannelState@b7bc396{s=HANDLING rs=BLOCKING os=COMMITTED is=IDLE awp=false se=false i=true al=0},r=1,c=false/false,a=HANDLING,uri=//localhost:35372/FileServlet/htmltests/large.html,age=59}
[DEBUG] Flushed=true written=32776 remaining=0 WriteFlusher@7c7fee4b{WRITING}->null
[DEBUG] update WriteFlusher@7c7fee4b{IDLE}->null:WRITING-->IDLE
[DEBUG] generate: DONE for SendCallback@546dc99c[PROCESSING][i=null,cb=org.eclipse.jetty.server.HttpChannel$SendCallback@deecc96] (null,[p=32768,l=32768,c=32768,r=0],false)@COMMITTED
[DEBUG] onWriteComplete(false,null) s=OPEN,api=BLOCKED,sc=false,e=null->s=OPEN,api=BLOCKING,sc=false,e=null c=null cb=null w=false
[DEBUG] write(array HeapByteBuffer@634562dd[p=0,l=8192,c=8192,r=8192]={<<<. <i>Praesent blandit dol...ae; Morbi lacinia moles>>>})
[DEBUG] write(array) s=OPEN,api=BLOCKING,sc=false,e=null aggregated !flush DirectByteBuffer@341ca971[p=0,l=8192,c=32768,r=8192]={<<<. <i>Praesent blandit dol...ae; Morbi lacinia moles>>>uet eget,...u, pede}
[DEBUG] flushed 32776 SocketChannelEndPoint@48f3668d{l=/127.0.0.1:35372,r=/127.0.0.1:60192,OPEN,fill=-,flush=W,to=0/30000}{io=0/0,kio=0,kro=1}->HttpConnection@4a663bd0[p=HttpParser{s=CONTENT,0 of -1},g=HttpGenerator@783aa6c6{s=COMMITTED}]=>HttpChannelOverHttp@4e95f790{s=HttpChannelState@40ce48d9{s=HANDLING rs=BLOCKING os=COMMITTED is=IDLE awp=false se=false i=true al=0},r=1,c=false/false,a=HANDLING,uri=//localhost:35372/FileServlet/htmltests/large.html,age=66}
[DEBUG] write(array HeapByteBuffer@31c3c83a[p=0,l=8192,c=8192,r=8192]={<<<. Etiam ultrices. Suspend...er conubia nostra, per >>>})
[DEBUG] write(array) s=OPEN,api=BLOCKING,sc=false,e=null aggregated !flush DirectByteBuffer@7c27fa39[p=0,l=16384,c=32768,r=16384]={<<<p>\n\n<p>Sed pretium blandi...er conubia nostra, per >>>lvinar ul...sto. </}
[DEBUG] write(array HeapByteBuffer@29aab3c5[p=0,l=8192,c=8192,r=8192]={<<<inceptos himenaeos. </p>\n...>. Integer id quam. Mor>>>})
[DEBUG] write(array) s=OPEN,api=BLOCKING,sc=false,e=null aggregated !flush DirectByteBuffer@7c27fa39[p=0,l=24576,c=32768,r=24576]={<<<p>\n\n<p>Sed pretium blandi...>. Integer id quam. Mor>>>i>. Mauri...sto. </}
[DEBUG] write(array HeapByteBuffer@2437a820[p=0,l=8192,c=8192,r=8192]={<<<bi mi. Quisque nisl felis...imperdiet. </p>\n\n<p>Ves>>>})
[DEBUG] write(array) s=OPEN,api=BLOCKED,sc=false,e=null last=false agg=true flush=true async=false, len=0 DirectByteBuffer@7c27fa39[p=0,l=32768,c=32768,r=32768]={<<<p>\n\n<p>Sed pretium blandi...imperdiet. </p>\n\n<p>Ves>>>}
[DEBUG] sendResponse info=null content=DirectByteBuffer@7c27fa39[p=0,l=32768,c=32768,r=32768]={<<<p>\n\n<p>Sed pretium blandi...imperdiet. </p>\n\n<p>Ves>>>} complete=false committing=false callback=Blocker@6ccb6686{null}
[DEBUG] generate: NEED_CHUNK for SendCallback@96c627e[PROCESSING][i=null,cb=org.eclipse.jetty.server.HttpChannel$SendCallback@2936ac7f] (null,[p=0,l=32768,c=32768,r=32768],false)@COMMITTED
[DEBUG] generate: FLUSH for SendCallback@96c627e[PROCESSING][i=null,cb=org.eclipse.jetty.server.HttpChannel$SendCallback@2936ac7f] (null,[p=0,l=32768,c=32768,r=32768],false)@COMMITTED
[DEBUG] write: WriteFlusher@d847498{IDLE}->null [HeapByteBuffer@54b3104a[p=0,l=8,c=1024,r=8]={<<<\r\n8000\r\n>>>\x00\x00\x00\x00\x00\x00\x00\x00\x00...\x00\x00\x00\x00\x00\x00\x00},DirectByteBuffer@7c27fa39[p=0,l=32768,c=32768,r=32768]={<<<p>\n\n<p>Sed pretium blandi...imperdiet. </p>\n\n<p>Ves>>>}]
[DEBUG] update WriteFlusher@d847498{WRITING}->null:IDLE-->WRITING
[DEBUG] flushed 32776 SocketChannelEndPoint@61fd9662{l=/127.0.0.1:35372,r=/127.0.0.1:60188,OPEN,fill=-,flush=W,to=19/30000}{io=0/0,kio=0,kro=1}->HttpConnection@2e077e16[p=HttpParser{s=CONTENT,0 of -1},g=HttpGenerator@1f63306b{s=COMMITTED}]=>HttpChannelOverHttp@6f3a742d{s=HttpChannelState@6b05fd12{s=HANDLING rs=BLOCKING os=COMMITTED is=IDLE awp=false se=false i=true al=0},r=9,c=false/false,a=HANDLING,uri=//localhost:35372/FileServlet/htmltests/large.html,age=100}
[DEBUG] Flushed=true written=32776 remaining=0 WriteFlusher@d847498{WRITING}->null
[DEBUG] update WriteFlusher@d847498{IDLE}->null:WRITING-->IDLE
[DEBUG] generate: DONE for SendCallback@96c627e[PROCESSING][i=null,cb=org.eclipse.jetty.server.HttpChannel$SendCallback@2936ac7f] (null,[p=32768,l=32768,c=32768,r=0],false)@COMMITTED
[DEBUG] onWriteComplete(false,null) s=OPEN,api=BLOCKED,sc=false,e=null->s=OPEN,api=BLOCKING,sc=false,e=null c=null cb=null w=false
[DEBUG] write(array HeapByteBuffer@61b237b[p=0,l=8192,c=8192,r=8192]={<<<tibulum sapien. <b>Morbi ...torquent per conubia no>>>})
[DEBUG] write(array) s=OPEN,api=BLOCKING,sc=false,e=null aggregated !flush DirectByteBuffer@7c27fa39[p=0,l=8192,c=32768,r=8192]={<<<tibulum sapien. <b>Morbi ...torquent per conubia no>>>. Etiam u...\n<p>Ves}
[DEBUG] write(array HeapByteBuffer@7ad38ce6[p=0,l=8192,c=8192,r=8192]={<<<stra, per inceptos himena...a</i>. Vestibulum nisi >>>})
[DEBUG] write(array) s=OPEN,api=BLOCKING,sc=false,e=null aggregated !flush DirectByteBuffer@7c27fa39[p=0,l=16384,c=32768,r=16384]={<<<tibulum sapien. <b>Morbi ...a</i>. Vestibulum nisi >>>inceptos ...\n<p>Ves}
[DEBUG] write(array HeapByteBuffer@63bc4d34[p=0,l=8192,c=8192,r=8192]={<<<lectus, commodo ac, facil.../b>. Sed lectus. Intege>>>})
[DEBUG] write(array) s=OPEN,api=BLOCKING,sc=false,e=null aggregated !flush DirectByteBuffer@7c27fa39[p=0,l=24576,c=32768,r=24576]={<<<tibulum sapien. <b>Morbi .../b>. Sed lectus. Intege>>>bi mi. Qu...\n<p>Ves}
[DEBUG] write(array HeapByteBuffer@7ff55068[p=0,l=8192,c=8192,r=8192]={<<<r euismod lacus luctus ma...ur sodales ligula in li>>>})
[DEBUG] write(array) s=OPEN,api=BLOCKED,sc=false,e=null last=false agg=true flush=true async=false, len=0 DirectByteBuffer@7c27fa39[p=0,l=32768,c=32768,r=32768]={<<<tibulum sapien. <b>Morbi ...ur sodales ligula in li>>>}
[DEBUG] sendResponse info=null content=DirectByteBuffer@7c27fa39[p=0,l=32768,c=32768,r=32768]={<<<tibulum sapien. <b>Morbi ...ur sodales ligula in li>>>} complete=false committing=false callback=Blocker@6ccb6686{null}
[DEBUG] generate: NEED_CHUNK for SendCallback@96c627e[PROCESSING][i=null,cb=org.eclipse.jetty.server.HttpChannel$SendCallback@202ab416] (null,[p=0,l=32768,c=32768,r=32768],false)@COMMITTED
[DEBUG] generate: FLUSH for SendCallback@96c627e[PROCESSING][i=null,cb=org.eclipse.jetty.server.HttpChannel$SendCallback@202ab416] (null,[p=0,l=32768,c=32768,r=32768],false)@COMMITTED
[DEBUG] write: WriteFlusher@d847498{IDLE}->null [HeapByteBuffer@54b3104a[p=0,l=8,c=1024,r=8]={<<<\r\n8000\r\n>>>\x00\x00\x00\x00\x00\x00\x00\x00\x00...\x00\x00\x00\x00\x00\x00\x00},DirectByteBuffer@7c27fa39[p=0,l=32768,c=32768,r=32768]={<<<tibulum sapien. <b>Morbi ...ur sodales ligula in li>>>}]
[DEBUG] update WriteFlusher@d847498{WRITING}->null:IDLE-->WRITING
[DEBUG] flushed 32776 SocketChannelEndPoint@61fd9662{l=/127.0.0.1:35372,r=/127.0.0.1:60188,OPEN,fill=-,flush=W,to=0/30000}{io=0/0,kio=0,kro=1}->HttpConnection@2e077e16[p=HttpParser{s=CONTENT,0 of -1},g=HttpGenerator@1f63306b{s=COMMITTED}]=>HttpChannelOverHttp@6f3a742d{s=HttpChannelState@6b05fd12{s=HANDLING rs=BLOCKING os=COMMITTED is=IDLE awp=false se=false i=true al=0},r=9,c=false/false,a=HANDLING,uri=//localhost:35372/FileServlet/htmltests/large.html,age=101}
[DEBUG] Flushed=true written=32776 remaining=0 WriteFlusher@d847498{WRITING}->null
[DEBUG] update WriteFlusher@d847498{IDLE}->null:WRITING-->IDLE
[DEBUG] generate: DONE for SendCallback@96c627e[PROCESSING][i=null,cb=org.eclipse.jetty.server.HttpChannel$SendCallback@202ab416] (null,[p=32768,l=32768,c=32768,r=0],false)@COMMITTED
[DEBUG] onWriteComplete(false,null) s=OPEN,api=BLOCKED,sc=false,e=null->s=OPEN,api=BLOCKING,sc=false,e=null c=null cb=null w=false
[DEBUG] write(array HeapByteBuffer@46f8b849[p=0,l=8192,c=8192,r=8192]={<<<bero. Sed dignissim lacin..., iaculis et, viverra v>>>})
[DEBUG] write(array) s=OPEN,api=BLOCKING,sc=false,e=null aggregated !flush DirectByteBuffer@7c27fa39[p=0,l=8192,c=32768,r=8192]={<<<bero. Sed dignissim lacin..., iaculis et, viverra v>>>stra, per...a in li}
[DEBUG] write(array HeapByteBuffer@472c884f[p=0,l=8192,c=8192,r=8192]={<<<itae, ligula. <i>Integer ...bulum ante ipsum primis>>>})
[DEBUG] write(array) s=OPEN,api=BLOCKING,sc=false,e=null aggregated !flush DirectByteBuffer@7c27fa39[p=0,l=16384,c=32768,r=16384]={<<<bero. Sed dignissim lacin...bulum ante ipsum primis>>>lectus, c...a in li}
[DEBUG] write(array HeapByteBuffer@120fe6d2[p=0,l=8192,c=8192,r=8192]={<<< in faucibus orci luctus ...auris. Fusce nec tellus>>>})
[DEBUG] write(array) s=OPEN,api=BLOCKING,sc=false,e=null aggregated !flush DirectByteBuffer@7c27fa39[p=0,l=24576,c=32768,r=24576]={<<<bero. Sed dignissim lacin...auris. Fusce nec tellus>>>r euismod...a in li}
[DEBUG] write(array HeapByteBuffer@67f06a81[p=0,l=8192,c=8192,r=8192]={<<< sed augue semper porta. ...ces sit amet, augue. Pr>>>})
[DEBUG] write(array) s=OPEN,api=BLOCKED,sc=false,e=null last=false agg=true flush=true async=false, len=0 DirectByteBuffer@7c27fa39[p=0,l=32768,c=32768,r=32768]={<<<bero. Sed dignissim lacin...ces sit amet, augue. Pr>>>}
[DEBUG] sendResponse info=null content=DirectByteBuffer@7c27fa39[p=0,l=32768,c=32768,r=32768]={<<<bero. Sed dignissim lacin...ces sit amet, augue. Pr>>>} complete=false committing=false callback=Blocker@6ccb6686{null}
[DEBUG] flushed 32916 SocketChannelEndPoint@1d3d792f{l=/127.0.0.1:35372,r=/127.0.0.1:60196,OPEN,fill=-,flush=W,to=23/30000}{io=0/0,kio=0,kro=1}->HttpConnection@5cf01cdd[p=HttpParser{s=CONTENT,0 of -1},g=HttpGenerator@4d28e34a{s=COMMITTED}]=>HttpChannelOverHttp@7ef329d0{s=HttpChannelState@586c95fc{s=HANDLING rs=BLOCKING os=COMMITTED is=IDLE awp=false se=false i=true al=0},r=1,c=false/false,a=HANDLING,uri=//localhost:35372/FileServlet/htmltests/large.html,age=23}
[DEBUG] Flushed=true written=32916 remaining=0 WriteFlusher@2d16eb21{WRITING}->null
[DEBUG] update WriteFlusher@2d16eb21{IDLE}->null:WRITING-->IDLE
[DEBUG] generate: DONE for SendCallback@3172a75d[PROCESSING][i=HTTP/1.1{s=200,h=2,cl=-1},cb=org.eclipse.jetty.server.HttpChannel$SendCallback@1e42d51d] ([p=148,l=148,c=8192,r=0],[p=32768,l=32768,c=32768,r=0],false)@COMMITTED
[DEBUG] onWriteComplete(false,null) s=OPEN,api=BLOCKED,sc=false,e=null->s=OPEN,api=BLOCKING,sc=false,e=null c=null cb=null w=false
[DEBUG] write(array HeapByteBuffer@1b71d8d1[p=0,l=8192,c=8192,r=8192]={<<<tur sit amet mauris. Morb...s ligula lacinia alique>>>})
[DEBUG] write(array) s=OPEN,api=BLOCKING,sc=false,e=null aggregated !flush DirectByteBuffer@67223954[p=0,l=8192,c=32768,r=8192]={<<<tur sit amet mauris. Morb...s ligula lacinia alique>>>dunt male... Curabi}
[DEBUG] write(array HeapByteBuffer@3f9ddcad[p=0,l=8192,c=8192,r=8192]={<<<t. Mauris ipsum. Nulla me...sectetuer risus et tort>>>})
[DEBUG] write(array) s=OPEN,api=BLOCKING,sc=false,e=null aggregated !flush DirectByteBuffer@67223954[p=0,l=16384,c=32768,r=16384]={<<<tur sit amet mauris. Morb...sectetuer risus et tort>>>imenaeos.... Curabi}
[DEBUG] write(array HeapByteBuffer@37ff1c7e[p=0,l=8192,c=8192,r=8192]={<<<or. Lorem ipsum dolor sit... Donec lacus nunc, vive>>>})
[DEBUG] write(array) s=OPEN,api=BLOCKING,sc=false,e=null aggregated !flush DirectByteBuffer@67223954[p=0,l=24576,c=32768,r=24576]={<<<tur sit amet mauris. Morb... Donec lacus nunc, vive>>>us. Vivam... Curabi}
[DEBUG] write(array HeapByteBuffer@2daab643[p=0,l=8192,c=8192,r=8192]={<<<rra nec, blandit vel, ege... In scelerisque sem at >>>})
[DEBUG] write(array) s=OPEN,api=BLOCKED,sc=false,e=null last=false agg=true flush=true async=false, len=0 DirectByteBuffer@67223954[p=0,l=32768,c=32768,r=32768]={<<<tur sit amet mauris. Morb... In scelerisque sem at >>>}
[DEBUG] sendResponse info=null content=DirectByteBuffer@67223954[p=0,l=32768,c=32768,r=32768]={<<<tur sit amet mauris. Morb... In scelerisque sem at >>>} complete=false committing=false callback=Blocker@502cdfa5{null}
[DEBUG] generate: NEED_CHUNK for SendCallback@3172a75d[PROCESSING][i=null,cb=org.eclipse.jetty.server.HttpChannel$SendCallback@38885477] (null,[p=0,l=32768,c=32768,r=32768],false)@COMMITTED
[DEBUG] generate: FLUSH for SendCallback@3172a75d[PROCESSING][i=null,cb=org.eclipse.jetty.server.HttpChannel$SendCallback@38885477] (null,[p=0,l=32768,c=32768,r=32768],false)@COMMITTED
[DEBUG] write: WriteFlusher@2d16eb21{IDLE}->null [HeapByteBuffer@54b3104a[p=0,l=8,c=1024,r=8]={<<<\r\n8000\r\n>>>\x00\x00\x00\x00\x00\x00\x00\x00\x00...\x00\x00\x00\x00\x00\x00\x00},DirectByteBuffer@67223954[p=0,l=32768,c=32768,r=32768]={<<<tur sit amet mauris. Morb... In scelerisque sem at >>>}]
[DEBUG] update WriteFlusher@2d16eb21{WRITING}->null:IDLE-->WRITING
[DEBUG] flushed 32776 SocketChannelEndPoint@1d3d792f{l=/127.0.0.1:35372,r=/127.0.0.1:60196,OPEN,fill=-,flush=W,to=0/30000}{io=0/0,kio=0,kro=1}->HttpConnection@5cf01cdd[p=HttpParser{s=CONTENT,0 of -1},g=HttpGenerator@4d28e34a{s=COMMITTED}]=>HttpChannelOverHttp@7ef329d0{s=HttpChannelState@586c95fc{s=HANDLING rs=BLOCKING os=COMMITTED is=IDLE awp=false se=false i=true al=0},r=1,c=false/false,a=HANDLING,uri=//localhost:35372/FileServlet/htmltests/large.html,age=41}
[DEBUG] Flushed=true written=32776 remaining=0 WriteFlusher@2d16eb21{WRITING}->null
[DEBUG] update WriteFlusher@2d16eb21{IDLE}->null:WRITING-->IDLE
[DEBUG] generate: DONE for SendCallback@3172a75d[PROCESSING][i=null,cb=org.eclipse.jetty.server.HttpChannel$SendCallback@38885477] (null,[p=32768,l=32768,c=32768,r=0],false)@COMMITTED
[DEBUG] onWriteComplete(false,null) s=OPEN,api=BLOCKED,sc=false,e=null->s=OPEN,api=BLOCKING,sc=false,e=null c=null cb=null w=false
[DEBUG] write(array HeapByteBuffer@69a18f7f[p=0,l=8192,c=8192,r=8192]={<<<dolor. Maecenas mattis. S...itor, cursus quis, aliq>>>})
[DEBUG] write(array) s=OPEN,api=BLOCKING,sc=false,e=null aggregated !flush DirectByteBuffer@67223954[p=0,l=8192,c=32768,r=8192]={<<<dolor. Maecenas mattis. S...itor, cursus quis, aliq>>>t. Mauris...sem at }
[DEBUG] write(array HeapByteBuffer@267262d9[p=0,l=8192,c=8192,r=8192]={<<<uet eget, justo. Sed pret...m. Etiam ultrices. Susp>>>})
[DEBUG] write(array) s=OPEN,api=BLOCKING,sc=false,e=null aggregated !flush DirectByteBuffer@67223954[p=0,l=16384,c=32768,r=16384]={<<<dolor. Maecenas mattis. S...m. Etiam ultrices. Susp>>>or. Lorem...sem at }
[DEBUG] write(array HeapByteBuffer@5e12d0fa[p=0,l=8192,c=8192,r=8192]={<<<endisse in justo eu magna...cinia nunc. </p>\n\n<p>Cu>>>})
[DEBUG] write(array) s=OPEN,api=BLOCKING,sc=false,e=null aggregated !flush DirectByteBuffer@67223954[p=0,l=24576,c=32768,r=24576]={<<<dolor. Maecenas mattis. S...cinia nunc. </p>\n\n<p>Cu>>>rra nec, ...sem at }
[DEBUG] write(array HeapByteBuffer@24c31ca3[p=0,l=8192,c=8192,r=8192]={<<<rabitur tortor. <i>Vestib... ac, ultricies eu, pede>>>})
[DEBUG] write(array) s=OPEN,api=BLOCKED,sc=false,e=null last=false agg=true flush=true async=false, len=0 DirectByteBuffer@67223954[p=0,l=32768,c=32768,r=32768]={<<<dolor. Maecenas mattis. S... ac, ultricies eu, pede>>>}
[DEBUG] sendResponse info=null content=DirectByteBuffer@67223954[p=0,l=32768,c=32768,r=32768]={<<<dolor. Maecenas mattis. S... ac, ultricies eu, pede>>>} complete=false committing=false callback=Blocker@502cdfa5{null}
[DEBUG] generate: NEED_CHUNK for SendCallback@3172a75d[PROCESSING][i=null,cb=org.eclipse.jetty.server.HttpChannel$SendCallback@41fca533] (null,[p=0,l=32768,c=32768,r=32768],false)@COMMITTED
[DEBUG] generate: FLUSH for SendCallback@3172a75d[PROCESSING][i=null,cb=org.eclipse.jetty.server.HttpChannel$SendCallback@41fca533] (null,[p=0,l=32768,c=32768,r=32768],false)@COMMITTED
[DEBUG] write: WriteFlusher@2d16eb21{IDLE}->null [HeapByteBuffer@54b3104a[p=0,l=8,c=1024,r=8]={<<<\r\n8000\r\n>>>\x00\x00\x00\x00\x00\x00\x00\x00\x00...\x00\x00\x00\x00\x00\x00\x00},DirectByteBuffer@67223954[p=0,l=32768,c=32768,r=32768]={<<<dolor. Maecenas mattis. S... ac, ultricies eu, pede>>>}]
[DEBUG] update WriteFlusher@2d16eb21{WRITING}->null:IDLE-->WRITING
[DEBUG] flushed 32776 SocketChannelEndPoint@1d3d792f{l=/127.0.0.1:35372,r=/127.0.0.1:60196,OPEN,fill=-,flush=W,to=0/30000}{io=0/0,kio=0,kro=1}->HttpConnection@5cf01cdd[p=HttpParser{s=CONTENT,0 of -1},g=HttpGenerator@4d28e34a{s=COMMITTED}]=>HttpChannelOverHttp@7ef329d0{s=HttpChannelState@586c95fc{s=HANDLING rs=BLOCKING os=COMMITTED is=IDLE awp=false se=false i=true al=0},r=1,c=false/false,a=HANDLING,uri=//localhost:35372/FileServlet/htmltests/large.html,age=41}
[DEBUG] Flushed=true written=32776 remaining=0 WriteFlusher@2d16eb21{WRITING}->null
[DEBUG] update WriteFlusher@2d16eb21{IDLE}->null:WRITING-->IDLE
[DEBUG] generate: DONE for SendCallback@3172a75d[PROCESSING][i=null,cb=org.eclipse.jetty.server.HttpChannel$SendCallback@41fca533] (null,[p=32768,l=32768,c=32768,r=0],false)@COMMITTED
[DEBUG] onWriteComplete(false,null) s=OPEN,api=BLOCKED,sc=false,e=null->s=OPEN,api=BLOCKING,sc=false,e=null c=null cb=null w=false
[DEBUG] write(array HeapByteBuffer@742d637f[p=0,l=8192,c=8192,r=8192]={<<<. <i>Praesent blandit dol...ae; Morbi lacinia moles>>>})
[DEBUG] write(array) s=OPEN,api=BLOCKING,sc=false,e=null aggregated !flush DirectByteBuffer@67223954[p=0,l=8192,c=32768,r=8192]={<<<. <i>Praesent blandit dol...ae; Morbi lacinia moles>>>uet eget,...u, pede}
[DEBUG] write(array HeapByteBuffer@3c70e800[p=0,l=8192,c=8192,r=8192]={<<<tie dui. <b>Ut fringilla<...cinia aliquet. <b>Pelle>>>})
[DEBUG] write(array) s=OPEN,api=BLOCKING,sc=false,e=null aggregated !flush DirectByteBuffer@67223954[p=0,l=16384,c=32768,r=16384]={<<<. <i>Praesent blandit dol...cinia aliquet. <b>Pelle>>>endisse i...u, pede}
[DEBUG] write(array HeapByteBuffer@eacd29[p=0,l=8192,c=8192,r=8192]={<<<ntesque nibh</b>. Mauris ...scipit sodales. Aenean >>>})
[DEBUG] write(array) s=OPEN,api=BLOCKING,sc=false,e=null aggregated !flush DirectByteBuffer@67223954[p=0,l=24576,c=32768,r=24576]={<<<. <i>Praesent blandit dol...scipit sodales. Aenean >>>rabitur t...u, pede}
[DEBUG] write(array HeapByteBuffer@249b353a[p=0,l=8192,c=8192,r=8192]={<<<lectus elit, fermentum no... Sed lacinia, urna non >>>})
[DEBUG] write(array) s=OPEN,api=BLOCKED,sc=false,e=null last=false agg=true flush=true async=false, len=0 DirectByteBuffer@67223954[p=0,l=32768,c=32768,r=32768]={<<<. <i>Praesent blandit dol... Sed lacinia, urna non >>>}
[DEBUG] sendResponse info=null content=DirectByteBuffer@67223954[p=0,l=32768,c=32768,r=32768]={<<<. <i>Praesent blandit dol... Sed lacinia, urna non >>>} complete=false committing=false callback=Blocker@502cdfa5{null}
[DEBUG] generate: NEED_CHUNK for SendCallback@3172a75d[PROCESSING][i=null,cb=org.eclipse.jetty.server.HttpChannel$SendCallback@3b329c4d] (null,[p=0,l=32768,c=32768,r=32768],false)@COMMITTED
[DEBUG] generate: FLUSH for SendCallback@3172a75d[PROCESSING][i=null,cb=org.eclipse.jetty.server.HttpChannel$SendCallback@3b329c4d] (null,[p=0,l=32768,c=32768,r=32768],false)@COMMITTED
[DEBUG] write: WriteFlusher@2d16eb21{IDLE}->null [HeapByteBuffer@54b3104a[p=0,l=8,c=1024,r=8]={<<<\r\n8000\r\n>>>\x00\x00\x00\x00\x00\x00\x00\x00\x00...\x00\x00\x00\x00\x00\x00\x00},DirectByteBuffer@67223954[p=0,l=32768,c=32768,r=32768]={<<<. <i>Praesent blandit dol... Sed lacinia, urna non >>>}]
[DEBUG] update WriteFlusher@2d16eb21{WRITING}->null:IDLE-->WRITING
[DEBUG] flushed 32776 SocketChannelEndPoint@1d3d792f{l=/127.0.0.1:35372,r=/127.0.0.1:60196,OPEN,fill=-,flush=W,to=0/30000}{io=0/0,kio=0,kro=1}->HttpConnection@5cf01cdd[p=HttpParser{s=CONTENT,0 of -1},g=HttpGenerator@4d28e34a{s=COMMITTED}]=>HttpChannelOverHttp@7ef329d0{s=HttpChannelState@586c95fc{s=HANDLING rs=BLOCKING os=COMMITTED is=IDLE awp=false se=false i=true al=0},r=1,c=false/false,a=HANDLING,uri=//localhost:35372/FileServlet/htmltests/large.html,age=42}
[DEBUG] Flushed=true written=32776 remaining=0 WriteFlusher@2d16eb21{WRITING}->null
[DEBUG] update WriteFlusher@2d16eb21{IDLE}->null:WRITING-->IDLE
[DEBUG] generate: DONE for SendCallback@3172a75d[PROCESSING][i=null,cb=org.eclipse.jetty.server.HttpChannel$SendCallback@3b329c4d] (null,[p=32768,l=32768,c=32768,r=0],false)@COMMITTED
[DEBUG] onWriteComplete(false,null) s=OPEN,api=BLOCKED,sc=false,e=null->s=OPEN,api=BLOCKING,sc=false,e=null c=null cb=null w=false
[DEBUG] write(array HeapByteBuffer@b953c3[p=0,l=8192,c=8192,r=8192]={<<<tincidunt mattis, tortor ...si. Nulla quis sem at n>>>})
[DEBUG] write(array) s=OPEN,api=BLOCKING,sc=false,e=null aggregated !flush DirectByteBuffer@67223954[p=0,l=8192,c=32768,r=8192]={<<<tincidunt mattis, tortor ...si. Nulla quis sem at n>>>tie dui. ...na non }
[DEBUG] write(array HeapByteBuffer@56ec5578[p=0,l=8192,c=8192,r=8192]={<<<ibh elementum imperdiet. ...orbi in dui quis est pu>>>})
[DEBUG] write(array) s=OPEN,api=BLOCKING,sc=false,e=null aggregated !flush DirectByteBuffer@67223954[p=0,l=16384,c=32768,r=16384]={<<<tincidunt mattis, tortor ...orbi in dui quis est pu>>>ntesque n...na non }
[DEBUG] write(array HeapByteBuffer@2b23987a[p=0,l=8192,c=8192,r=8192]={<<<lvinar ullamcorper. Nulla...tetur adipiscing elit</>>>})
[DEBUG] write(array) s=OPEN,api=BLOCKING,sc=false,e=null aggregated !flush DirectByteBuffer@67223954[p=0,l=24576,c=32768,r=24576]={<<<tincidunt mattis, tortor ...tetur adipiscing elit</>>>lectus el...na non }
[DEBUG] write(array HeapByteBuffer@4dcb9a7[p=0,l=8192,c=8192,r=8192]={<<<i>. Mauris ipsum. <b>Pell...aliquet eget, justo. </>>>})
[DEBUG] write(array) s=OPEN,api=BLOCKED,sc=false,e=null last=false agg=true flush=true async=false, len=0 DirectByteBuffer@67223954[p=0,l=32768,c=32768,r=32768]={<<<tincidunt mattis, tortor ...aliquet eget, justo. </>>>}
[DEBUG] sendResponse info=null content=DirectByteBuffer@67223954[p=0,l=32768,c=32768,r=32768]={<<<tincidunt mattis, tortor ...aliquet eget, justo. </>>>} complete=false committing=false callback=Blocker@502cdfa5{null}
[DEBUG] generate: NEED_CHUNK for SendCallback@3172a75d[PROCESSING][i=null,cb=org.eclipse.jetty.server.HttpChannel$SendCallback@4e31d5b4] (null,[p=0,l=32768,c=32768,r=32768],false)@COMMITTED
[DEBUG] generate: FLUSH for SendCallback@3172a75d[PROCESSING][i=null,cb=org.eclipse.jetty.server.HttpChannel$SendCallback@4e31d5b4] (null,[p=0,l=32768,c=32768,r=32768],false)@COMMITTED
[DEBUG] write: WriteFlusher@2d16eb21{IDLE}->null [HeapByteBuffer@54b3104a[p=0,l=8,c=1024,r=8]={<<<\r\n8000\r\n>>>\x00\x00\x00\x00\x00\x00\x00\x00\x00...\x00\x00\x00\x00\x00\x00\x00},DirectByteBuffer@67223954[p=0,l=32768,c=32768,r=32768]={<<<tincidunt mattis, tortor ...aliquet eget, justo. </>>>}]
[DEBUG] update WriteFlusher@2d16eb21{WRITING}->null:IDLE-->WRITING
[DEBUG] flushed 32776 SocketChannelEndPoint@1d3d792f{l=/127.0.0.1:35372,r=/127.0.0.1:60196,OPEN,fill=-,flush=W,to=0/30000}{io=0/0,kio=0,kro=1}->HttpConnection@5cf01cdd[p=HttpParser{s=CONTENT,0 of -1},g=HttpGenerator@4d28e34a{s=COMMITTED}]=>HttpChannelOverHttp@7ef329d0{s=HttpChannelState@586c95fc{s=HANDLING rs=BLOCKING os=COMMITTED is=IDLE awp=false se=false i=true al=0},r=1,c=false/false,a=HANDLING,uri=//localhost:35372/FileServlet/htmltests/large.html,age=43}
[DEBUG] Flushed=true written=32776 remaining=0 WriteFlusher@2d16eb21{WRITING}->null
[DEBUG] update WriteFlusher@2d16eb21{IDLE}->null:WRITING-->IDLE
[DEBUG] generate: DONE for SendCallback@3172a75d[PROCESSING][i=null,cb=org.eclipse.jetty.server.HttpChannel$SendCallback@4e31d5b4] (null,[p=32768,l=32768,c=32768,r=0],false)@COMMITTED
[DEBUG] onWriteComplete(false,null) s=OPEN,api=BLOCKED,sc=false,e=null->s=OPEN,api=BLOCKING,sc=false,e=null c=null cb=null w=false
[DEBUG] write(array HeapByteBuffer@7ac21e9f[p=0,l=8192,c=8192,r=8192]={<<<p>\n\n<p>Sed pretium blandi...ulum sapien. Proin quam>>>})
[DEBUG] write(array) s=OPEN,api=BLOCKING,sc=false,e=null aggregated !flush DirectByteBuffer@67223954[p=0,l=8192,c=32768,r=8192]={<<<p>\n\n<p>Sed pretium blandi...ulum sapien. Proin quam>>>ibh eleme...sto. </}
[DEBUG] write(array HeapByteBuffer@4d15b9f5[p=0,l=8192,c=8192,r=8192]={<<<. Etiam ultrices. Suspend...er conubia nostra, per >>>})
[DEBUG] write(array) s=OPEN,api=BLOCKING,sc=false,e=null aggregated !flush DirectByteBuffer@67223954[p=0,l=16384,c=32768,r=16384]={<<<p>\n\n<p>Sed pretium blandi...er conubia nostra, per >>>lvinar ul...sto. </}
[DEBUG] write(array HeapByteBuffer@2ce52071[p=0,l=8192,c=8192,r=8192]={<<<inceptos himenaeos. </p>\n...>. Integer id quam. Mor>>>})
[DEBUG] write(array) s=OPEN,api=BLOCKING,sc=false,e=null aggregated !flush DirectByteBuffer@67223954[p=0,l=24576,c=32768,r=24576]={<<<p>\n\n<p>Sed pretium blandi...>. Integer id quam. Mor>>>i>. Mauri...sto. </}
[DEBUG] write(array HeapByteBuffer@6c39dc2c[p=0,l=8192,c=8192,r=8192]={<<<bi mi. Quisque nisl felis...imperdiet. </p>\n\n<p>Ves>>>})
[DEBUG] write(array) s=OPEN,api=BLOCKED,sc=false,e=null last=false agg=true flush=true async=false, len=0 DirectByteBuffer@67223954[p=0,l=32768,c=32768,r=32768]={<<<p>\n\n<p>Sed pretium blandi...imperdiet. </p>\n\n<p>Ves>>>}
[DEBUG] sendResponse info=null content=DirectByteBuffer@67223954[p=0,l=32768,c=32768,r=32768]={<<<p>\n\n<p>Sed pretium blandi...imperdiet. </p>\n\n<p>Ves>>>} complete=false committing=false callback=Blocker@502cdfa5{null}
[DEBUG] generate: NEED_CHUNK for SendCallback@96c627e[PROCESSING][i=null,cb=org.eclipse.jetty.server.HttpChannel$SendCallback@6449acc6] (null,[p=0,l=32768,c=32768,r=32768],false)@COMMITTED
[DEBUG] generate: FLUSH for SendCallback@96c627e[PROCESSING][i=null,cb=org.eclipse.jetty.server.HttpChannel$SendCallback@6449acc6] (null,[p=0,l=32768,c=32768,r=32768],false)@COMMITTED
[DEBUG] write: WriteFlusher@d847498{IDLE}->null [HeapByteBuffer@54b3104a[p=0,l=8,c=1024,r=8]={<<<\r\n8000\r\n>>>\x00\x00\x00\x00\x00\x00\x00\x00\x00...\x00\x00\x00\x00\x00\x00\x00},DirectByteBuffer@7c27fa39[p=0,l=32768,c=32768,r=32768]={<<<bero. Sed dignissim lacin...ces sit amet, augue. Pr>>>}]
[DEBUG] update WriteFlusher@d847498{WRITING}->null:IDLE-->WRITING
[DEBUG] flushed 32776 SocketChannelEndPoint@61fd9662{l=/127.0.0.1:35372,r=/127.0.0.1:60188,OPEN,fill=-,flush=W,to=8/30000}{io=0/0,kio=0,kro=1}->HttpConnection@2e077e16[p=HttpParser{s=CONTENT,0 of -1},g=HttpGenerator@1f63306b{s=COMMITTED}]=>HttpChannelOverHttp@6f3a742d{s=HttpChannelState@6b05fd12{s=HANDLING rs=BLOCKING os=COMMITTED is=IDLE awp=false se=false i=true al=0},r=9,c=false/false,a=HANDLING,uri=//localhost:35372/FileServlet/htmltests/large.html,age=110}
[DEBUG] Flushed=true written=32776 remaining=0 WriteFlusher@d847498{WRITING}->null
[DEBUG] update WriteFlusher@d847498{IDLE}->null:WRITING-->IDLE
[DEBUG] generate: DONE for SendCallback@96c627e[PROCESSING][i=null,cb=org.eclipse.jetty.server.HttpChannel$SendCallback@6449acc6] (null,[p=32768,l=32768,c=32768,r=0],false)@COMMITTED
[DEBUG] onWriteComplete(false,null) s=OPEN,api=BLOCKED,sc=false,e=null->s=OPEN,api=BLOCKING,sc=false,e=null c=null cb=null w=false
[DEBUG] write(array HeapByteBuffer@47042ef0[p=0,l=8192,c=8192,r=8192]={<<<oin sodales libero eget a...uismod lacus luctus mag>>>})
[DEBUG] write(array) s=OPEN,api=BLOCKING,sc=false,e=null aggregated !flush DirectByteBuffer@7c27fa39[p=0,l=8192,c=32768,r=8192]={<<<oin sodales libero eget a...uismod lacus luctus mag>>>itae, lig...gue. Pr}
[DEBUG] write(array HeapByteBuffer@2a5079b4[p=0,l=8192,c=8192,r=8192]={<<<na. Quisque cursus, metus...lass aptent taciti soci>>>})
[DEBUG] write(array) s=OPEN,api=BLOCKING,sc=false,e=null aggregated !flush DirectByteBuffer@7c27fa39[p=0,l=16384,c=32768,r=16384]={<<<oin sodales libero eget a...lass aptent taciti soci>>> in fauci...gue. Pr}
[DEBUG] write(array HeapByteBuffer@4e10aa1d[p=0,l=2207,c=8192,r=2207]={<<<osqu ad litora torquent p.... </p>\n\n</body></html>\n>>>nia nunc....ti soci})
[DEBUG] write(array) s=OPEN,api=BLOCKING,sc=false,e=null aggregated !flush DirectByteBuffer@7c27fa39[p=0,l=18591,c=32768,r=18591]={<<<oin sodales libero eget a.... </p>\n\n</body></html>\n>>>erisque s...gue. Pr}
[DEBUG] sendResponse info=null content=DirectByteBuffer@7c27fa39[p=0,l=18591,c=32768,r=18591]={<<<oin sodales libero eget a.... </p>\n\n</body></html>\n>>>erisque s...gue. Pr} complete=false committing=false callback=Blocker@6ccb6686{null}
[DEBUG] generate: NEED_CHUNK for SendCallback@96c627e[PROCESSING][i=null,cb=org.eclipse.jetty.server.HttpChannel$SendCallback@67961085] (null,[p=0,l=18591,c=32768,r=18591],false)@COMMITTED
[DEBUG] generate: FLUSH for SendCallback@96c627e[PROCESSING][i=null,cb=org.eclipse.jetty.server.HttpChannel$SendCallback@67961085] (null,[p=0,l=18591,c=32768,r=18591],false)@COMMITTED
[DEBUG] write: WriteFlusher@d847498{IDLE}->null [HeapByteBuffer@54b3104a[p=0,l=8,c=1024,r=8]={<<<\r\n489F\r\n>>>\x00\x00\x00\x00\x00\x00\x00\x00\x00...\x00\x00\x00\x00\x00\x00\x00},DirectByteBuffer@7c27fa39[p=0,l=18591,c=32768,r=18591]={<<<oin sodales libero eget a.... </p>\n\n</body></html>\n>>>erisque s...gue. Pr}]
[DEBUG] update WriteFlusher@d847498{WRITING}->null:IDLE-->WRITING
[DEBUG] flushed 18599 SocketChannelEndPoint@61fd9662{l=/127.0.0.1:35372,r=/127.0.0.1:60188,OPEN,fill=-,flush=W,to=0/30000}{io=0/0,kio=0,kro=1}->HttpConnection@2e077e16[p=HttpParser{s=CONTENT,0 of -1},g=HttpGenerator@1f63306b{s=COMMITTED}]=>HttpChannelOverHttp@6f3a742d{s=HttpChannelState@6b05fd12{s=HANDLING rs=BLOCKING os=COMMITTED is=IDLE awp=false se=false i=true al=0},r=9,c=false/false,a=HANDLING,uri=//localhost:35372/FileServlet/htmltests/large.html,age=110}
[DEBUG] Flushed=true written=18599 remaining=0 WriteFlusher@d847498{WRITING}->null
[DEBUG] update WriteFlusher@d847498{IDLE}->null:WRITING-->IDLE
[DEBUG] generate: DONE for SendCallback@96c627e[PROCESSING][i=null,cb=org.eclipse.jetty.server.HttpChannel$SendCallback@67961085] (null,[p=18591,l=18591,c=32768,r=0],false)@COMMITTED
[DEBUG] onWriteComplete(false,null) s=OPEN,api=BLOCKED,sc=false,e=null->s=OPEN,api=BLOCKING,sc=false,e=null c=null cb=null w=false
[DEBUG] handled=true async=false committed=true on HttpChannelOverHttp@6f3a742d{s=HttpChannelState@6b05fd12{s=HANDLING rs=BLOCKING os=COMMITTED is=IDLE awp=false se=false i=true al=0},r=9,c=false/false,a=HANDLING,uri=//localhost:35372/FileServlet/htmltests/large.html,age=111}
[DEBUG] unhandle HttpChannelState@6b05fd12{s=HANDLING rs=BLOCKING os=COMMITTED is=IDLE awp=false se=false i=true al=0}
[DEBUG] nextAction(false) COMPLETE HttpChannelState@6b05fd12{s=HANDLING rs=COMPLETING os=COMMITTED is=IDLE awp=false se=false i=false al=0}
[DEBUG] action COMPLETE HttpChannelOverHttp@6f3a742d{s=HttpChannelState@6b05fd12{s=HANDLING rs=COMPLETING os=COMMITTED is=IDLE awp=false se=false i=false al=0},r=9,c=false/false,a=HANDLING,uri=//localhost:35372/FileServlet/htmltests/large.html,age=111}
[DEBUG] complete(org.eclipse.jetty.util.Callback$3@103d129) s=CLOSING,api=BLOCKED,sc=false,e=null s=false e=null, c=HeapByteBuffer@13dae45a[p=0,l=0,c=0,r=0]={<<<>>>}
[DEBUG] sendResponse info=null content=HeapByteBuffer@13dae45a[p=0,l=0,c=0,r=0]={<<<>>>} complete=true committing=false callback=org.eclipse.jetty.server.HttpOutput$WriteCompleteCB@28b79564
[DEBUG] generate: CONTINUE for SendCallback@96c627e[PROCESSING][i=null,cb=org.eclipse.jetty.server.HttpChannel$SendCallback@633c922d] (null,[p=0,l=0,c=0,r=0],true)@COMPLETING
[DEBUG] generate: NEED_CHUNK for SendCallback@96c627e[PROCESSING][i=null,cb=org.eclipse.jetty.server.HttpChannel$SendCallback@633c922d] (null,[p=0,l=0,c=0,r=0],true)@COMPLETING
[DEBUG] generate: FLUSH for SendCallback@96c627e[PROCESSING][i=null,cb=org.eclipse.jetty.server.HttpChannel$SendCallback@633c922d] (null,[p=0,l=0,c=0,r=0],true)@COMPLETING
[DEBUG] write: WriteFlusher@d847498{IDLE}->null [HeapByteBuffer@54b3104a[p=0,l=7,c=1024,r=7]={<<<\r\n0\r\n\r\n>>>\n\x00\x00\x00\x00\x00\x00\x00\x00...\x00\x00\x00\x00\x00\x00\x00}]
[DEBUG] update WriteFlusher@d847498{WRITING}->null:IDLE-->WRITING
[DEBUG] flushed 7 SocketChannelEndPoint@61fd9662{l=/127.0.0.1:35372,r=/127.0.0.1:60188,OPEN,fill=-,flush=W,to=0/30000}{io=0/0,kio=0,kro=1}->HttpConnection@2e077e16[p=HttpParser{s=CONTENT,0 of -1},g=HttpGenerator@1f63306b{s=COMPLETING}]=>HttpChannelOverHttp@6f3a742d{s=HttpChannelState@6b05fd12{s=HANDLING rs=COMPLETING os=COMMITTED is=IDLE awp=false se=false i=false al=0},r=9,c=false/false,a=HANDLING,uri=//localhost:35372/FileServlet/htmltests/large.html,age=111}
[DEBUG] Flushed=true written=7 remaining=0 WriteFlusher@d847498{WRITING}->null
[DEBUG] update WriteFlusher@d847498{IDLE}->null:WRITING-->IDLE
[DEBUG] generate: DONE for SendCallback@96c627e[PROCESSING][i=null,cb=org.eclipse.jetty.server.HttpChannel$SendCallback@633c922d] (null,[p=0,l=0,c=0,r=0],true)@END
[DEBUG] onWriteComplete(true,null) s=CLOSING,api=BLOCKED,sc=false,e=null->s=CLOSED,api=BLOCKING,sc=false,e=null c=null cb=org.eclipse.jetty.util.Callback$3@103d129 w=false
[DEBUG] completed HttpChannelState@6b05fd12{s=HANDLING rs=COMPLETING os=COMPLETED is=IDLE awp=false se=false i=false al=0}
[DEBUG] unhandle HttpChannelState@6b05fd12{s=HANDLING rs=COMPLETED os=COMPLETED is=IDLE awp=false se=false i=false al=0}
[DEBUG] nextAction(false) TERMINATED HttpChannelState@6b05fd12{s=IDLE rs=COMPLETED os=COMPLETED is=IDLE awp=false se=false i=false al=0}
[DEBUG] action TERMINATED HttpChannelOverHttp@6f3a742d{s=HttpChannelState@6b05fd12{s=IDLE rs=COMPLETED os=COMPLETED is=IDLE awp=false se=false i=false al=0},r=9,c=true/true,a=IDLE,uri=//localhost:35372/FileServlet/htmltests/large.html,age=111}
[DEBUG] onCompleted for /FileServlet/htmltests/large.html written=280735
[DEBUG] filled 0 HeapByteBuffer@2a66826a[p=0,l=0,c=8192,r=0]={<<<>>>GET /File...\x86&h\xA0{\xC1\xC2}
[DEBUG] filled 0 HeapByteBuffer@2a66826a[p=0,l=0,c=8192,r=0]={<<<>>>GET /File...\x86&h\xA0{\xC1\xC2}
[DEBUG] HttpConnection@2e077e16::SocketChannelEndPoint@61fd9662{l=/127.0.0.1:35372,r=/127.0.0.1:60188,OPEN,fill=-,flush=-,to=0/30000}{io=0/0,kio=0,kro=1}->HttpConnection@2e077e16[p=HttpParser{s=CONTENT,0 of -1},g=HttpGenerator@1f63306b{s=END}]=>HttpChannelOverHttp@6f3a742d{s=HttpChannelState@6b05fd12{s=IDLE rs=COMPLETED os=COMPLETED is=IDLE awp=false se=false i=false al=0},r=9,c=true/true,a=IDLE,uri=//localhost:35372/FileServlet/htmltests/large.html,age=112} filled 0 HeapByteBuffer@2a66826a[p=0,l=0,c=8192,r=0]={<<<>>>GET /File...\x86&h\xA0{\xC1\xC2}
[DEBUG] HttpConnection@2e077e16::SocketChannelEndPoint@61fd9662{l=/127.0.0.1:35372,r=/127.0.0.1:60188,OPEN,fill=-,flush=-,to=0/30000}{io=0/0,kio=0,kro=1}->HttpConnection@2e077e16[p=HttpParser{s=CONTENT,0 of -1},g=HttpGenerator@1f63306b{s=END}]=>HttpChannelOverHttp@6f3a742d{s=HttpChannelState@6b05fd12{s=IDLE rs=COMPLETED os=COMPLETED is=IDLE awp=false se=false i=false al=0},r=9,c=true/true,a=IDLE,uri=//localhost:35372/FileServlet/htmltests/large.html,age=112} parse HeapByteBuffer@2a66826a[p=0,l=0,c=8192,r=0]={<<<>>>GET /File...\x86&h\xA0{\xC1\xC2} {}
[DEBUG] parseNext s=CONTENT HeapByteBuffer@2a66826a[p=0,l=0,c=8192,r=0]={<<<>>>GET /File...\x86&h\xA0{\xC1\xC2}
[DEBUG] CONTENT --> CONTENT_END
[DEBUG] onContentComplete HttpChannelOverHttp@6f3a742d{s=HttpChannelState@6b05fd12{s=IDLE rs=COMPLETED os=COMPLETED is=IDLE awp=false se=false i=false al=0},r=9,c=true/true,a=IDLE,uri=//localhost:35372/FileServlet/htmltests/large.html,age=112}
[DEBUG] CONTENT_END --> END
[DEBUG] onRequestComplete HttpChannelOverHttp@6f3a742d{s=HttpChannelState@6b05fd12{s=IDLE rs=COMPLETED os=COMPLETED is=IDLE awp=false se=false i=false al=0},r=9,c=true/true,a=IDLE,uri=//localhost:35372/FileServlet/htmltests/large.html,age=112}
[DEBUG] HttpInputOverHTTP@1e5b6482[c=0,q=0,[0]=null,s=STREAM] addContent EOF
[DEBUG] HttpConnection@2e077e16::SocketChannelEndPoint@61fd9662{l=/127.0.0.1:35372,r=/127.0.0.1:60188,OPEN,fill=-,flush=-,to=0/30000}{io=0/0,kio=0,kro=1}->HttpConnection@2e077e16[p=HttpParser{s=END,0 of -1},g=HttpGenerator@1f63306b{s=END}]=>HttpChannelOverHttp@6f3a742d{s=HttpChannelState@6b05fd12{s=IDLE rs=COMPLETED os=COMPLETED is=IDLE awp=false se=false i=false al=0},r=9,c=true/true,a=IDLE,uri=//localhost:35372/FileServlet/htmltests/large.html,age=112} parsed false HttpParser{s=END,0 of -1}
[DEBUG] releaseRequestBuffer HttpConnection@2e077e16::SocketChannelEndPoint@61fd9662{l=/127.0.0.1:35372,r=/127.0.0.1:60188,OPEN,fill=-,flush=-,to=0/30000}{io=0/0,kio=0,kro=1}->HttpConnection@2e077e16[p=HttpParser{s=END,0 of -1},g=HttpGenerator@1f63306b{s=END}]=>HttpChannelOverHttp@6f3a742d{s=HttpChannelState@6b05fd12{s=IDLE rs=COMPLETED os=COMPLETED is=IDLE awp=false se=false i=false al=0},r=9,c=true/true,a=IDLE,uri=//localhost:35372/FileServlet/htmltests/large.html,age=112}
[DEBUG] recycle HttpChannelState@6b05fd12{s=IDLE rs=COMPLETED os=COMPLETED is=IDLE awp=false se=false i=false al=0}
[DEBUG] reset HttpParser{s=END,0 of -1}
[DEBUG] END --> START
[DEBUG] !handle TERMINATED HttpChannelOverHttp@6f3a742d{s=HttpChannelState@6b05fd12{s=IDLE rs=BLOCKING os=OPEN is=IDLE awp=false se=false i=true al=0},r=9,c=false/false,a=IDLE,uri=null,age=0}
[DEBUG] filled 0 HeapByteBuffer@1ef04a69[p=0,l=0,c=8192,r=0]={<<<>>>HTTP/1.1 ...\x00\x00\x00\x00\x00\x00\x00}
[DEBUG] filled 0 HeapByteBuffer@1ef04a69[p=0,l=0,c=8192,r=0]={<<<>>>HTTP/1.1 ...\x00\x00\x00\x00\x00\x00\x00}
[DEBUG] HttpConnection@2e077e16::SocketChannelEndPoint@61fd9662{l=/127.0.0.1:35372,r=/127.0.0.1:60188,OPEN,fill=-,flush=-,to=1/30000}{io=0/0,kio=0,kro=1}->HttpConnection@2e077e16[p=HttpParser{s=START,0 of -1},g=HttpGenerator@1f63306b{s=START}]=>HttpChannelOverHttp@6f3a742d{s=HttpChannelState@6b05fd12{s=IDLE rs=BLOCKING os=OPEN is=IDLE awp=false se=false i=true al=0},r=9,c=false/false,a=IDLE,uri=null,age=0} filled 0 HeapByteBuffer@1ef04a69[p=0,l=0,c=8192,r=0]={<<<>>>HTTP/1.1 ...\x00\x00\x00\x00\x00\x00\x00}
[DEBUG] HttpConnection@2e077e16::SocketChannelEndPoint@61fd9662{l=/127.0.0.1:35372,r=/127.0.0.1:60188,OPEN,fill=-,flush=-,to=1/30000}{io=0/0,kio=0,kro=1}->HttpConnection@2e077e16[p=HttpParser{s=START,0 of -1},g=HttpGenerator@1f63306b{s=START}]=>HttpChannelOverHttp@6f3a742d{s=HttpChannelState@6b05fd12{s=IDLE rs=BLOCKING os=OPEN is=IDLE awp=false se=false i=true al=0},r=9,c=false/false,a=IDLE,uri=null,age=0} parse HeapByteBuffer@1ef04a69[p=0,l=0,c=8192,r=0]={<<<>>>HTTP/1.1 ...\x00\x00\x00\x00\x00\x00\x00} {}
[DEBUG] parseNext s=START HeapByteBuffer@1ef04a69[p=0,l=0,c=8192,r=0]={<<<>>>HTTP/1.1 ...\x00\x00\x00\x00\x00\x00\x00}
[DEBUG] HttpConnection@2e077e16::SocketChannelEndPoint@61fd9662{l=/127.0.0.1:35372,r=/127.0.0.1:60188,OPEN,fill=-,flush=-,to=1/30000}{io=0/0,kio=0,kro=1}->HttpConnection@2e077e16[p=HttpParser{s=START,0 of -1},g=HttpGenerator@1f63306b{s=START}]=>HttpChannelOverHttp@6f3a742d{s=HttpChannelState@6b05fd12{s=IDLE rs=BLOCKING os=OPEN is=IDLE awp=false se=false i=true al=0},r=9,c=false/false,a=IDLE,uri=null,age=0} parsed false HttpParser{s=START,0 of -1}
[DEBUG] releaseRequestBuffer HttpConnection@2e077e16::SocketChannelEndPoint@61fd9662{l=/127.0.0.1:35372,r=/127.0.0.1:60188,OPEN,fill=-,flush=-,to=1/30000}{io=0/0,kio=0,kro=1}->HttpConnection@2e077e16[p=HttpParser{s=START,0 of -1},g=HttpGenerator@1f63306b{s=START}]=>HttpChannelOverHttp@6f3a742d{s=HttpChannelState@6b05fd12{s=IDLE rs=BLOCKING os=OPEN is=IDLE awp=false se=false i=true al=0},r=9,c=false/false,a=IDLE,uri=null,age=0}
[DEBUG] fillInterested HttpConnection@2e077e16::SocketChannelEndPoint@61fd9662{l=/127.0.0.1:35372,r=/127.0.0.1:60188,OPEN,fill=-,flush=-,to=1/30000}{io=0/0,kio=0,kro=1}->HttpConnection@2e077e16[p=HttpParser{s=START,0 of -1},g=HttpGenerator@1f63306b{s=START}]=>HttpChannelOverHttp@6f3a742d{s=HttpChannelState@6b05fd12{s=IDLE rs=BLOCKING os=OPEN is=IDLE awp=false se=false i=true al=0},r=9,c=false/false,a=IDLE,uri=null,age=0}
[DEBUG] interested FillInterest@5bcaa3f8{AC.ReadCB@2e077e16{HttpConnection@2e077e16::SocketChannelEndPoint@61fd9662{l=/127.0.0.1:35372,r=/127.0.0.1:60188,OPEN,fill=FI,flush=-,to=0/30000}{io=0/0,kio=0,kro=1}->HttpConnection@2e077e16[p=HttpParser{s=START,0 of -1},g=HttpGenerator@1f63306b{s=START}]=>HttpChannelOverHttp@6f3a742d{s=HttpChannelState@6b05fd12{s=IDLE rs=BLOCKING os=OPEN is=IDLE awp=false se=false i=true al=0},r=9,c=false/false,a=IDLE,uri=null,age=0}}}
[DEBUG] changeInterests p=false 0->1 for SocketChannelEndPoint@61fd9662{l=/127.0.0.1:35372,r=/127.0.0.1:60188,OPEN,fill=FI,flush=-,to=0/30000}{io=0/1,kio=0,kro=1}->HttpConnection@2e077e16[p=HttpParser{s=START,0 of -1},g=HttpGenerator@1f63306b{s=START}]=>HttpChannelOverHttp@6f3a742d{s=HttpChannelState@6b05fd12{s=IDLE rs=BLOCKING os=OPEN is=IDLE awp=false se=false i=true al=0},r=9,c=false/false,a=IDLE,uri=null,age=0}
[DEBUG] Queued change lazy=false org.eclipse.jetty.io.ChannelEndPoint$$Lambda$475/336675676@4e288159 on ManagedSelector@72cf2de5{STARTED} id=0 keys=6 selected=0 updates=0
[DEBUG] Wakeup on submit ManagedSelector@72cf2de5{STARTED} id=0 keys=6 selected=0 updates=1
[DEBUG] Flushed=true written=32776 remaining=0 WriteFlusher@7fb07ea0{WRITING}->null
[DEBUG] update WriteFlusher@7fb07ea0{IDLE}->null:WRITING-->IDLE
[DEBUG] generate: DONE for SendCallback@2bbb896b[PROCESSING][i=null,cb=org.eclipse.jetty.server.HttpChannel$SendCallback@75ec95a0] (null,[p=32768,l=32768,c=32768,r=0],false)@COMMITTED
[DEBUG] onWriteComplete(false,null) s=OPEN,api=BLOCKED,sc=false,e=null->s=OPEN,api=BLOCKING,sc=false,e=null c=null cb=null w=false
[DEBUG] write(array HeapByteBuffer@57494756[p=0,l=8192,c=8192,r=8192]={<<<p>\n\n<p>Sed pretium blandi...ulum sapien. Proin quam>>>})
[DEBUG] write(array) s=OPEN,api=BLOCKING,sc=false,e=null aggregated !flush DirectByteBuffer@6ae05ec4[p=0,l=8192,c=32768,r=8192]={<<<p>\n\n<p>Sed pretium blandi...ulum sapien. Proin quam>>>ibh eleme...sto. </}
[DEBUG] write(array HeapByteBuffer@5e783c64[p=0,l=8192,c=8192,r=8192]={<<<. Etiam ultrices. Suspend...er conubia nostra, per >>>})
[DEBUG] write(array) s=OPEN,api=BLOCKING,sc=false,e=null aggregated !flush DirectByteBuffer@6ae05ec4[p=0,l=16384,c=32768,r=16384]={<<<p>\n\n<p>Sed pretium blandi...er conubia nostra, per >>>lvinar ul...sto. </}
[DEBUG] write(array HeapByteBuffer@357cc35f[p=0,l=8192,c=8192,r=8192]={<<<inceptos himenaeos. </p>\n...>. Integer id quam. Mor>>>})
[DEBUG] write(array) s=OPEN,api=BLOCKING,sc=false,e=null aggregated !flush DirectByteBuffer@6ae05ec4[p=0,l=24576,c=32768,r=24576]={<<<p>\n\n<p>Sed pretium blandi...>. Integer id quam. Mor>>>i>. Mauri...sto. </}
[DEBUG] write(array HeapByteBuffer@242c11c5[p=0,l=8192,c=8192,r=8192]={<<<bi mi. Quisque nisl felis...imperdiet. </p>\n\n<p>Ves>>>})
[DEBUG] write(array) s=OPEN,api=BLOCKED,sc=false,e=null last=false agg=true flush=true async=false, len=0 DirectByteBuffer@6ae05ec4[p=0,l=32768,c=32768,r=32768]={<<<p>\n\n<p>Sed pretium blandi...imperdiet. </p>\n\n<p>Ves>>>}
[DEBUG] sendResponse info=null content=DirectByteBuffer@6ae05ec4[p=0,l=32768,c=32768,r=32768]={<<<p>\n\n<p>Sed pretium blandi...imperdiet. </p>\n\n<p>Ves>>>} complete=false committing=false callback=Blocker@5bf093a6{null}
[DEBUG] generate: NEED_CHUNK for SendCallback@2bbb896b[PROCESSING][i=null,cb=org.eclipse.jetty.server.HttpChannel$SendCallback@39c291e1] (null,[p=0,l=32768,c=32768,r=32768],false)@COMMITTED
[DEBUG] generate: FLUSH for SendCallback@2bbb896b[PROCESSING][i=null,cb=org.eclipse.jetty.server.HttpChannel$SendCallback@39c291e1] (null,[p=0,l=32768,c=32768,r=32768],false)@COMMITTED
[DEBUG] write: WriteFlusher@7fb07ea0{IDLE}->null [HeapByteBuffer@54b3104a[p=0,l=8,c=1024,r=8]={<<<\r\n8000\r\n>>>\x00\x00\x00\x00\x00\x00\x00\x00\x00...\x00\x00\x00\x00\x00\x00\x00},DirectByteBuffer@6ae05ec4[p=0,l=32768,c=32768,r=32768]={<<<p>\n\n<p>Sed pretium blandi...imperdiet. </p>\n\n<p>Ves>>>}]
[DEBUG] update WriteFlusher@7fb07ea0{WRITING}->null:IDLE-->WRITING
[DEBUG] flushed 32776 SocketChannelEndPoint@48f3668d{l=/127.0.0.1:35372,r=/127.0.0.1:60192,OPEN,fill=-,flush=W,to=0/30000}{io=0/0,kio=0,kro=1}->HttpConnection@4a663bd0[p=HttpParser{s=CONTENT,0 of -1},g=HttpGenerator@783aa6c6{s=COMMITTED}]=>HttpChannelOverHttp@4e95f790{s=HttpChannelState@40ce48d9{s=HANDLING rs=BLOCKING os=COMMITTED is=IDLE awp=false se=false i=true al=0},r=1,c=false/false,a=HANDLING,uri=//localhost:35372/FileServlet/htmltests/large.html,age=90}
[DEBUG] Flushed=true written=32776 remaining=0 WriteFlusher@7fb07ea0{WRITING}->null
[DEBUG] update WriteFlusher@7fb07ea0{IDLE}->null:WRITING-->IDLE
[DEBUG] generate: DONE for SendCallback@2bbb896b[PROCESSING][i=null,cb=org.eclipse.jetty.server.HttpChannel$SendCallback@39c291e1] (null,[p=32768,l=32768,c=32768,r=0],false)@COMMITTED
[DEBUG] onWriteComplete(false,null) s=OPEN,api=BLOCKED,sc=false,e=null->s=OPEN,api=BLOCKING,sc=false,e=null c=null cb=null w=false
[DEBUG] write(array HeapByteBuffer@26c601a1[p=0,l=8192,c=8192,r=8192]={<<<tibulum sapien. <b>Morbi ...torquent per conubia no>>>})
[DEBUG] write(array) s=OPEN,api=BLOCKING,sc=false,e=null aggregated !flush DirectByteBuffer@6ae05ec4[p=0,l=8192,c=32768,r=8192]={<<<tibulum sapien. <b>Morbi ...torquent per conubia no>>>. Etiam u...\n<p>Ves}
[DEBUG] write(array HeapByteBuffer@7573581d[p=0,l=8192,c=8192,r=8192]={<<<stra, per inceptos himena...a</i>. Vestibulum nisi >>>})
[DEBUG] write(array) s=OPEN,api=BLOCKING,sc=false,e=null aggregated !flush DirectByteBuffer@6ae05ec4[p=0,l=16384,c=32768,r=16384]={<<<tibulum sapien. <b>Morbi ...a</i>. Vestibulum nisi >>>inceptos ...\n<p>Ves}
[DEBUG] write(array HeapByteBuffer@3195dd4f[p=0,l=8192,c=8192,r=8192]={<<<lectus, commodo ac, facil.../b>. Sed lectus. Intege>>>})
[DEBUG] write(array) s=OPEN,api=BLOCKING,sc=false,e=null aggregated !flush DirectByteBuffer@6ae05ec4[p=0,l=24576,c=32768,r=24576]={<<<tibulum sapien. <b>Morbi .../b>. Sed lectus. Intege>>>bi mi. Qu...\n<p>Ves}
[DEBUG] write(array HeapByteBuffer@1c751f05[p=0,l=8192,c=8192,r=8192]={<<<r euismod lacus luctus ma...ur sodales ligula in li>>>})
[DEBUG] write(array) s=OPEN,api=BLOCKED,sc=false,e=null last=false agg=true flush=true async=false, len=0 DirectByteBuffer@6ae05ec4[p=0,l=32768,c=32768,r=32768]={<<<tibulum sapien. <b>Morbi ...ur sodales ligula in li>>>}
[DEBUG] sendResponse info=null content=DirectByteBuffer@6ae05ec4[p=0,l=32768,c=32768,r=32768]={<<<tibulum sapien. <b>Morbi ...ur sodales ligula in li>>>} complete=false committing=false callback=Blocker@5bf093a6{null}
[DEBUG] generate: NEED_CHUNK for SendCallback@2bbb896b[PROCESSING][i=null,cb=org.eclipse.jetty.server.HttpChannel$SendCallback@aa8de23] (null,[p=0,l=32768,c=32768,r=32768],false)@COMMITTED
[DEBUG] generate: FLUSH for SendCallback@2bbb896b[PROCESSING][i=null,cb=org.eclipse.jetty.server.HttpChannel$SendCallback@aa8de23] (null,[p=0,l=32768,c=32768,r=32768],false)@COMMITTED
[DEBUG] write: WriteFlusher@7fb07ea0{IDLE}->null [HeapByteBuffer@52377fdf[p=0,l=8,c=1024,r=8]={<<<\r\n8000\r\n>>>\x00\x00\x00\x00\x00\x00\x00\x00\x00...\x00\x00\x00\x00\x00\x00\x00},DirectByteBuffer@6ae05ec4[p=0,l=32768,c=32768,r=32768]={<<<tibulum sapien. <b>Morbi ...ur sodales ligula in li>>>}]
[DEBUG] update WriteFlusher@7fb07ea0{WRITING}->null:IDLE-->WRITING
[DEBUG] flushed 32776 SocketChannelEndPoint@48f3668d{l=/127.0.0.1:35372,r=/127.0.0.1:60192,OPEN,fill=-,flush=W,to=0/30000}{io=0/0,kio=0,kro=1}->HttpConnection@4a663bd0[p=HttpParser{s=CONTENT,0 of -1},g=HttpGenerator@783aa6c6{s=COMMITTED}]=>HttpChannelOverHttp@4e95f790{s=HttpChannelState@40ce48d9{s=HANDLING rs=BLOCKING os=COMMITTED is=IDLE awp=false se=false i=true al=0},r=1,c=false/false,a=HANDLING,uri=//localhost:35372/FileServlet/htmltests/large.html,age=91}
[DEBUG] Flushed=true written=32776 remaining=0 WriteFlusher@7fb07ea0{WRITING}->null
[DEBUG] update WriteFlusher@7fb07ea0{IDLE}->null:WRITING-->IDLE
[DEBUG] generate: DONE for SendCallback@2bbb896b[PROCESSING][i=null,cb=org.eclipse.jetty.server.HttpChannel$SendCallback@aa8de23] (null,[p=32768,l=32768,c=32768,r=0],false)@COMMITTED
[DEBUG] onWriteComplete(false,null) s=OPEN,api=BLOCKED,sc=false,e=null->s=OPEN,api=BLOCKING,sc=false,e=null c=null cb=null w=false
[DEBUG] write(array HeapByteBuffer@6574dcdb[p=0,l=8192,c=8192,r=8192]={<<<bero. Sed dignissim lacin..., iaculis et, viverra v>>>})
[DEBUG] write(array) s=OPEN,api=BLOCKING,sc=false,e=null aggregated !flush DirectByteBuffer@6ae05ec4[p=0,l=8192,c=32768,r=8192]={<<<bero. Sed dignissim lacin..., iaculis et, viverra v>>>stra, per...a in li}
[DEBUG] write(array HeapByteBuffer@7a140a9f[p=0,l=8192,c=8192,r=8192]={<<<itae, ligula. <i>Integer ...bulum ante ipsum primis>>>})
[DEBUG] write(array) s=OPEN,api=BLOCKING,sc=false,e=null aggregated !flush DirectByteBuffer@6ae05ec4[p=0,l=16384,c=32768,r=16384]={<<<bero. Sed dignissim lacin...bulum ante ipsum primis>>>lectus, c...a in li}
[DEBUG] write(array HeapByteBuffer@4e2dbfef[p=0,l=8192,c=8192,r=8192]={<<< in faucibus orci luctus ...auris. Fusce nec tellus>>>})
[DEBUG] write(array) s=OPEN,api=BLOCKING,sc=false,e=null aggregated !flush DirectByteBuffer@6ae05ec4[p=0,l=24576,c=32768,r=24576]={<<<bero. Sed dignissim lacin...auris. Fusce nec tellus>>>r euismod...a in li}
[DEBUG] write(array HeapByteBuffer@23839cf[p=0,l=8192,c=8192,r=8192]={<<< sed augue semper porta. ...ces sit amet, augue. Pr>>>})
[DEBUG] write(array) s=OPEN,api=BLOCKED,sc=false,e=null last=false agg=true flush=true async=false, len=0 DirectByteBuffer@6ae05ec4[p=0,l=32768,c=32768,r=32768]={<<<bero. Sed dignissim lacin...ces sit amet, augue. Pr>>>}
[DEBUG] sendResponse info=null content=DirectByteBuffer@6ae05ec4[p=0,l=32768,c=32768,r=32768]={<<<bero. Sed dignissim lacin...ces sit amet, augue. Pr>>>} complete=false committing=false callback=Blocker@5bf093a6{null}
[DEBUG] generate: NEED_CHUNK for SendCallback@2bbb896b[PROCESSING][i=null,cb=org.eclipse.jetty.server.HttpChannel$SendCallback@4169bf57] (null,[p=0,l=32768,c=32768,r=32768],false)@COMMITTED
[DEBUG] generate: FLUSH for SendCallback@2bbb896b[PROCESSING][i=null,cb=org.eclipse.jetty.server.HttpChannel$SendCallback@4169bf57] (null,[p=0,l=32768,c=32768,r=32768],false)@COMMITTED
[DEBUG] write: WriteFlusher@7fb07ea0{IDLE}->null [HeapByteBuffer@54b3104a[p=0,l=8,c=1024,r=8]={<<<\r\n8000\r\n>>>\x00\x00\x00\x00\x00\x00\x00\x00\x00...\x00\x00\x00\x00\x00\x00\x00},DirectByteBuffer@6ae05ec4[p=0,l=32768,c=32768,r=32768]={<<<bero. Sed dignissim lacin...ces sit amet, augue. Pr>>>}]
[DEBUG] update WriteFlusher@7fb07ea0{WRITING}->null:IDLE-->WRITING
[DEBUG] flushed 32776 SocketChannelEndPoint@48f3668d{l=/127.0.0.1:35372,r=/127.0.0.1:60192,OPEN,fill=-,flush=W,to=9/30000}{io=0/0,kio=0,kro=1}->HttpConnection@4a663bd0[p=HttpParser{s=CONTENT,0 of -1},g=HttpGenerator@783aa6c6{s=COMMITTED}]=>HttpChannelOverHttp@4e95f790{s=HttpChannelState@40ce48d9{s=HANDLING rs=BLOCKING os=COMMITTED is=IDLE awp=false se=false i=true al=0},r=1,c=false/false,a=HANDLING,uri=//localhost:35372/FileServlet/htmltests/large.html,age=100}
[DEBUG] Flushed=true written=32776 remaining=0 WriteFlusher@7fb07ea0{WRITING}->null
[DEBUG] update WriteFlusher@7fb07ea0{IDLE}->null:WRITING-->IDLE
[DEBUG] generate: DONE for SendCallback@2bbb896b[PROCESSING][i=null,cb=org.eclipse.jetty.server.HttpChannel$SendCallback@4169bf57] (null,[p=32768,l=32768,c=32768,r=0],false)@COMMITTED
[DEBUG] onWriteComplete(false,null) s=OPEN,api=BLOCKED,sc=false,e=null->s=OPEN,api=BLOCKING,sc=false,e=null c=null cb=null w=false
[DEBUG] write(array HeapByteBuffer@1bf30517[p=0,l=8192,c=8192,r=8192]={<<<oin sodales libero eget a...uismod lacus luctus mag>>>})
[DEBUG] generate: NEED_CHUNK for SendCallback@3172a75d[PROCESSING][i=null,cb=org.eclipse.jetty.server.HttpChannel$SendCallback@66511d2] (null,[p=0,l=32768,c=32768,r=32768],false)@COMMITTED
[DEBUG] generate: FLUSH for SendCallback@3172a75d[PROCESSING][i=null,cb=org.eclipse.jetty.server.HttpChannel$SendCallback@66511d2] (null,[p=0,l=32768,c=32768,r=32768],false)@COMMITTED
[DEBUG] write: WriteFlusher@2d16eb21{IDLE}->null [HeapByteBuffer@52377fdf[p=0,l=8,c=1024,r=8]={<<<\r\n8000\r\n>>>\x00\x00\x00\x00\x00\x00\x00\x00\x00...\x00\x00\x00\x00\x00\x00\x00},DirectByteBuffer@67223954[p=0,l=32768,c=32768,r=32768]={<<<p>\n\n<p>Sed pretium blandi...imperdiet. </p>\n\n<p>Ves>>>}]
[DEBUG] update WriteFlusher@2d16eb21{WRITING}->null:IDLE-->WRITING
[DEBUG] flushed 32776 SocketChannelEndPoint@1d3d792f{l=/127.0.0.1:35372,r=/127.0.0.1:60196,OPEN,fill=-,flush=W,to=20/30000}{io=0/0,kio=0,kro=1}->HttpConnection@5cf01cdd[p=HttpParser{s=CONTENT,0 of -1},g=HttpGenerator@4d28e34a{s=COMMITTED}]=>HttpChannelOverHttp@7ef329d0{s=HttpChannelState@586c95fc{s=HANDLING rs=BLOCKING os=COMMITTED is=IDLE awp=false se=false i=true al=0},r=1,c=false/false,a=HANDLING,uri=//localhost:35372/FileServlet/htmltests/large.html,age=64}
[DEBUG] Flushed=true written=32776 remaining=0 WriteFlusher@2d16eb21{WRITING}->null
[DEBUG] update WriteFlusher@2d16eb21{IDLE}->null:WRITING-->IDLE
[DEBUG] generate: DONE for SendCallback@3172a75d[PROCESSING][i=null,cb=org.eclipse.jetty.server.HttpChannel$SendCallback@66511d2] (null,[p=32768,l=32768,c=32768,r=0],false)@COMMITTED
[DEBUG] onWriteComplete(false,null) s=OPEN,api=BLOCKED,sc=false,e=null->s=OPEN,api=BLOCKING,sc=false,e=null c=null cb=null w=false
[DEBUG] write(array HeapByteBuffer@665fcafa[p=0,l=8192,c=8192,r=8192]={<<<tibulum sapien. <b>Morbi ...torquent per conubia no>>>})
[DEBUG] write(array) s=OPEN,api=BLOCKING,sc=false,e=null aggregated !flush DirectByteBuffer@67223954[p=0,l=8192,c=32768,r=8192]={<<<tibulum sapien. <b>Morbi ...torquent per conubia no>>>. Etiam u...\n<p>Ves}
[DEBUG] write(array HeapByteBuffer@633c88e8[p=0,l=8192,c=8192,r=8192]={<<<stra, per inceptos himena...a</i>. Vestibulum nisi >>>})
[DEBUG] write(array) s=OPEN,api=BLOCKING,sc=false,e=null aggregated !flush DirectByteBuffer@67223954[p=0,l=16384,c=32768,r=16384]={<<<tibulum sapien. <b>Morbi ...a</i>. Vestibulum nisi >>>inceptos ...\n<p>Ves}
[DEBUG] write(array HeapByteBuffer@41c6f01f[p=0,l=8192,c=8192,r=8192]={<<<lectus, commodo ac, facil.../b>. Sed lectus. Intege>>>})
[DEBUG] write(array) s=OPEN,api=BLOCKING,sc=false,e=null aggregated !flush DirectByteBuffer@67223954[p=0,l=24576,c=32768,r=24576]={<<<tibulum sapien. <b>Morbi .../b>. Sed lectus. Intege>>>bi mi. Qu...\n<p>Ves}
[DEBUG] write(array HeapByteBuffer@6f838274[p=0,l=8192,c=8192,r=8192]={<<<r euismod lacus luctus ma...ur sodales ligula in li>>>})
[DEBUG] write(array) s=OPEN,api=BLOCKED,sc=false,e=null last=false agg=true flush=true async=false, len=0 DirectByteBuffer@67223954[p=0,l=32768,c=32768,r=32768]={<<<tibulum sapien. <b>Morbi ...ur sodales ligula in li>>>}
[DEBUG] sendResponse info=null content=DirectByteBuffer@67223954[p=0,l=32768,c=32768,r=32768]={<<<tibulum sapien. <b>Morbi ...ur sodales ligula in li>>>} complete=false committing=false callback=Blocker@502cdfa5{null}
[DEBUG] generate: NEED_CHUNK for SendCallback@3172a75d[PROCESSING][i=null,cb=org.eclipse.jetty.server.HttpChannel$SendCallback@77139d64] (null,[p=0,l=32768,c=32768,r=32768],false)@COMMITTED
[DEBUG] generate: FLUSH for SendCallback@3172a75d[PROCESSING][i=null,cb=org.eclipse.jetty.server.HttpChannel$SendCallback@77139d64] (null,[p=0,l=32768,c=32768,r=32768],false)@COMMITTED
[DEBUG] write: WriteFlusher@2d16eb21{IDLE}->null [HeapByteBuffer@54b3104a[p=0,l=8,c=1024,r=8]={<<<\r\n8000\r\n>>>\x00\x00\x00\x00\x00\x00\x00\x00\x00...\x00\x00\x00\x00\x00\x00\x00},DirectByteBuffer@67223954[p=0,l=32768,c=32768,r=32768]={<<<tibulum sapien. <b>Morbi ...ur sodales ligula in li>>>}]
[DEBUG] update WriteFlusher@2d16eb21{WRITING}->null:IDLE-->WRITING
[DEBUG] flushed 32776 SocketChannelEndPoint@1d3d792f{l=/127.0.0.1:35372,r=/127.0.0.1:60196,OPEN,fill=-,flush=W,to=0/30000}{io=0/0,kio=0,kro=1}->HttpConnection@5cf01cdd[p=HttpParser{s=CONTENT,0 of -1},g=HttpGenerator@4d28e34a{s=COMMITTED}]=>HttpChannelOverHttp@7ef329d0{s=HttpChannelState@586c95fc{s=HANDLING rs=BLOCKING os=COMMITTED is=IDLE awp=false se=false i=true al=0},r=1,c=false/false,a=HANDLING,uri=//localhost:35372/FileServlet/htmltests/large.html,age=65}
[DEBUG] Flushed=true written=32776 remaining=0 WriteFlusher@2d16eb21{WRITING}->null
[DEBUG] update WriteFlusher@2d16eb21{IDLE}->null:WRITING-->IDLE
[DEBUG] generate: DONE for SendCallback@3172a75d[PROCESSING][i=null,cb=org.eclipse.jetty.server.HttpChannel$SendCallback@77139d64] (null,[p=32768,l=32768,c=32768,r=0],false)@COMMITTED
[DEBUG] onWriteComplete(false,null) s=OPEN,api=BLOCKED,sc=false,e=null->s=OPEN,api=BLOCKING,sc=false,e=null c=null cb=null w=false
[DEBUG] write(array HeapByteBuffer@706f30a6[p=0,l=8192,c=8192,r=8192]={<<<bero. Sed dignissim lacin..., iaculis et, viverra v>>>})
[DEBUG] write(array) s=OPEN,api=BLOCKING,sc=false,e=null aggregated !flush DirectByteBuffer@67223954[p=0,l=8192,c=32768,r=8192]={<<<bero. Sed dignissim lacin..., iaculis et, viverra v>>>stra, per...a in li}
[DEBUG] write(array HeapByteBuffer@6df60bc[p=0,l=8192,c=8192,r=8192]={<<<itae, ligula. <i>Integer ...bulum ante ipsum primis>>>})
[DEBUG] write(array) s=OPEN,api=BLOCKING,sc=false,e=null aggregated !flush DirectByteBuffer@67223954[p=0,l=16384,c=32768,r=16384]={<<<bero. Sed dignissim lacin...bulum ante ipsum primis>>>lectus, c...a in li}
[DEBUG] write(array HeapByteBuffer@753cd231[p=0,l=8192,c=8192,r=8192]={<<< in faucibus orci luctus ...auris. Fusce nec tellus>>>})
[DEBUG] write(array) s=OPEN,api=BLOCKING,sc=false,e=null aggregated !flush DirectByteBuffer@67223954[p=0,l=24576,c=32768,r=24576]={<<<bero. Sed dignissim lacin...auris. Fusce nec tellus>>>r euismod...a in li}
[DEBUG] write(array HeapByteBuffer@1eaf994f[p=0,l=8192,c=8192,r=8192]={<<< sed augue semper porta. ...ces sit amet, augue. Pr>>>})
[DEBUG] write(array) s=OPEN,api=BLOCKED,sc=false,e=null last=false agg=true flush=true async=false, len=0 DirectByteBuffer@67223954[p=0,l=32768,c=32768,r=32768]={<<<bero. Sed dignissim lacin...ces sit amet, augue. Pr>>>}
[DEBUG] sendResponse info=null content=DirectByteBuffer@67223954[p=0,l=32768,c=32768,r=32768]={<<<bero. Sed dignissim lacin...ces sit amet, augue. Pr>>>} complete=false committing=false callback=Blocker@502cdfa5{null}
[DEBUG] generate: NEED_CHUNK for SendCallback@3172a75d[PROCESSING][i=null,cb=org.eclipse.jetty.server.HttpChannel$SendCallback@17cc703c] (null,[p=0,l=32768,c=32768,r=32768],false)@COMMITTED
[DEBUG] generate: FLUSH for SendCallback@3172a75d[PROCESSING][i=null,cb=org.eclipse.jetty.server.HttpChannel$SendCallback@17cc703c] (null,[p=0,l=32768,c=32768,r=32768],false)@COMMITTED
[DEBUG] write: WriteFlusher@2d16eb21{IDLE}->null [HeapByteBuffer@52377fdf[p=0,l=8,c=1024,r=8]={<<<\r\n8000\r\n>>>\x00\x00\x00\x00\x00\x00\x00\x00\x00...\x00\x00\x00\x00\x00\x00\x00},DirectByteBuffer@67223954[p=0,l=32768,c=32768,r=32768]={<<<bero. Sed dignissim lacin...ces sit amet, augue. Pr>>>}]
[DEBUG] write: WriteFlusher@2071150d{IDLE}->null [HeapByteBuffer@2ed6021b[p=0,l=8,c=1024,r=8]={<<<\r\n489F\r\n>>>\x00\x00\x00\x00\x00\x00\x00\x00\x00...\x00\x00\x00\x00\x00\x00\x00},DirectByteBuffer@38e5eb8d[p=0,l=18591,c=32768,r=18591]={<<<oin sodales libero eget a.... </p>\n\n</body></html>\n>>>erisque s...gue. Pr}]
[DEBUG] write(array HeapByteBuffer@1a47c8ac[p=0,l=8192,c=8192,r=8192]={<<<tie dui. <b>Ut fringilla<...cinia aliquet. <b>Pelle>>>})
[DEBUG] write(array) s=OPEN,api=BLOCKING,sc=false,e=null aggregated !flush DirectByteBuffer@341ca971[p=0,l=16384,c=32768,r=16384]={<<<. <i>Praesent blandit dol...cinia aliquet. <b>Pelle>>>endisse i...u, pede}
[DEBUG] write(array HeapByteBuffer@2e156bfe[p=0,l=8192,c=8192,r=8192]={<<<ntesque nibh</b>. Mauris ...scipit sodales. Aenean >>>})
[DEBUG] write(array) s=OPEN,api=BLOCKING,sc=false,e=null aggregated !flush DirectByteBuffer@341ca971[p=0,l=24576,c=32768,r=24576]={<<<. <i>Praesent blandit dol...scipit sodales. Aenean >>>rabitur t...u, pede}
[DEBUG] write(array HeapByteBuffer@556498d6[p=0,l=8192,c=8192,r=8192]={<<<lectus elit, fermentum no... Sed lacinia, urna non >>>})
[DEBUG] write(array) s=OPEN,api=BLOCKED,sc=false,e=null last=false agg=true flush=true async=false, len=0 DirectByteBuffer@341ca971[p=0,l=32768,c=32768,r=32768]={<<<. <i>Praesent blandit dol... Sed lacinia, urna non >>>}
[DEBUG] sendResponse info=null content=DirectByteBuffer@341ca971[p=0,l=32768,c=32768,r=32768]={<<<. <i>Praesent blandit dol... Sed lacinia, urna non >>>} complete=false committing=false callback=Blocker@666ff960{null}
[DEBUG] generate: NEED_CHUNK for SendCallback@546dc99c[PROCESSING][i=null,cb=org.eclipse.jetty.server.HttpChannel$SendCallback@1dff5b2d] (null,[p=0,l=32768,c=32768,r=32768],false)@COMMITTED
[DEBUG] generate: FLUSH for SendCallback@546dc99c[PROCESSING][i=null,cb=org.eclipse.jetty.server.HttpChannel$SendCallback@1dff5b2d] (null,[p=0,l=32768,c=32768,r=32768],false)@COMMITTED
[DEBUG] write: WriteFlusher@7c7fee4b{IDLE}->null [HeapByteBuffer@54b3104a[p=0,l=8,c=1024,r=8]={<<<\r\n8000\r\n>>>\x00\x00\x00\x00\x00\x00\x00\x00\x00...\x00\x00\x00\x00\x00\x00\x00},DirectByteBuffer@341ca971[p=0,l=32768,c=32768,r=32768]={<<<. <i>Praesent blandit dol... Sed lacinia, urna non >>>}]
[DEBUG] update WriteFlusher@7c7fee4b{WRITING}->null:IDLE-->WRITING
[DEBUG] flushed 32776 SocketChannelEndPoint@66ad315b{l=/127.0.0.1:35372,r=/127.0.0.1:60194,OPEN,fill=-,flush=W,to=32/30000}{io=0/0,kio=0,kro=1}->HttpConnection@477f4c37[p=HttpParser{s=CONTENT,0 of -1},g=HttpGenerator@15c4e26{s=COMMITTED}]=>HttpChannelOverHttp@2f7cc7c9{s=HttpChannelState@b7bc396{s=HANDLING rs=BLOCKING os=COMMITTED is=IDLE awp=false se=false i=true al=0},r=1,c=false/false,a=HANDLING,uri=//localhost:35372/FileServlet/htmltests/large.html,age=92}
[DEBUG] Flushed=true written=32776 remaining=0 WriteFlusher@7c7fee4b{WRITING}->null
[DEBUG] update WriteFlusher@7c7fee4b{IDLE}->null:WRITING-->IDLE
[DEBUG] generate: DONE for SendCallback@546dc99c[PROCESSING][i=null,cb=org.eclipse.jetty.server.HttpChannel$SendCallback@1dff5b2d] (null,[p=32768,l=32768,c=32768,r=0],false)@COMMITTED
[DEBUG] onWriteComplete(false,null) s=OPEN,api=BLOCKED,sc=false,e=null->s=OPEN,api=BLOCKING,sc=false,e=null c=null cb=null w=false
[DEBUG] write(array HeapByteBuffer@3959f296[p=0,l=8192,c=8192,r=8192]={<<<tincidunt mattis, tortor ...si. Nulla quis sem at n>>>})
[DEBUG] write(array) s=OPEN,api=BLOCKING,sc=false,e=null aggregated !flush DirectByteBuffer@341ca971[p=0,l=8192,c=32768,r=8192]={<<<tincidunt mattis, tortor ...si. Nulla quis sem at n>>>tie dui. ...na non }
[DEBUG] write(array HeapByteBuffer@3c9634d8[p=0,l=8192,c=8192,r=8192]={<<<ibh elementum imperdiet. ...orbi in dui quis est pu>>>})
[DEBUG] write(array) s=OPEN,api=BLOCKING,sc=false,e=null aggregated !flush DirectByteBuffer@341ca971[p=0,l=16384,c=32768,r=16384]={<<<tincidunt mattis, tortor ...orbi in dui quis est pu>>>ntesque n...na non }
[DEBUG] write(array HeapByteBuffer@4dc5b9b4[p=0,l=8192,c=8192,r=8192]={<<<lvinar ullamcorper. Nulla...tetur adipiscing elit</>>>})
[DEBUG] write(array) s=OPEN,api=BLOCKING,sc=false,e=null aggregated !flush DirectByteBuffer@341ca971[p=0,l=24576,c=32768,r=24576]={<<<tincidunt mattis, tortor ...tetur adipiscing elit</>>>lectus el...na non }
[DEBUG] write(array HeapByteBuffer@2a04b512[p=0,l=8192,c=8192,r=8192]={<<<i>. Mauris ipsum. <b>Pell...aliquet eget, justo. </>>>})
[DEBUG] write(array) s=OPEN,api=BLOCKED,sc=false,e=null last=false agg=true flush=true async=false, len=0 DirectByteBuffer@341ca971[p=0,l=32768,c=32768,r=32768]={<<<tincidunt mattis, tortor ...aliquet eget, justo. </>>>}
[DEBUG] sendResponse info=null content=DirectByteBuffer@341ca971[p=0,l=32768,c=32768,r=32768]={<<<tincidunt mattis, tortor ...aliquet eget, justo. </>>>} complete=false committing=false callback=Blocker@666ff960{null}
[DEBUG] generate: NEED_CHUNK for SendCallback@546dc99c[PROCESSING][i=null,cb=org.eclipse.jetty.server.HttpChannel$SendCallback@5cbf3f86] (null,[p=0,l=32768,c=32768,r=32768],false)@COMMITTED
[DEBUG] generate: FLUSH for SendCallback@546dc99c[PROCESSING][i=null,cb=org.eclipse.jetty.server.HttpChannel$SendCallback@5cbf3f86] (null,[p=0,l=32768,c=32768,r=32768],false)@COMMITTED
[DEBUG] write: WriteFlusher@7c7fee4b{IDLE}->null [HeapByteBuffer@54b3104a[p=0,l=8,c=1024,r=8]={<<<\r\n8000\r\n>>>\x00\x00\x00\x00\x00\x00\x00\x00\x00...\x00\x00\x00\x00\x00\x00\x00},DirectByteBuffer@341ca971[p=0,l=32768,c=32768,r=32768]={<<<tincidunt mattis, tortor ...aliquet eget, justo. </>>>}]
[DEBUG] update WriteFlusher@7c7fee4b{WRITING}->null:IDLE-->WRITING
[DEBUG] flushed 32776 SocketChannelEndPoint@66ad315b{l=/127.0.0.1:35372,r=/127.0.0.1:60194,OPEN,fill=-,flush=W,to=0/30000}{io=0/0,kio=0,kro=1}->HttpConnection@477f4c37[p=HttpParser{s=CONTENT,0 of -1},g=HttpGenerator@15c4e26{s=COMMITTED}]=>HttpChannelOverHttp@2f7cc7c9{s=HttpChannelState@b7bc396{s=HANDLING rs=BLOCKING os=COMMITTED is=IDLE awp=false se=false i=true al=0},r=1,c=false/false,a=HANDLING,uri=//localhost:35372/FileServlet/htmltests/large.html,age=93}
[DEBUG] Flushed=true written=32776 remaining=0 WriteFlusher@7c7fee4b{WRITING}->null
[DEBUG] update WriteFlusher@7c7fee4b{IDLE}->null:WRITING-->IDLE
[DEBUG] generate: DONE for SendCallback@546dc99c[PROCESSING][i=null,cb=org.eclipse.jetty.server.HttpChannel$SendCallback@5cbf3f86] (null,[p=32768,l=32768,c=32768,r=0],false)@COMMITTED
[DEBUG] onWriteComplete(false,null) s=OPEN,api=BLOCKED,sc=false,e=null->s=OPEN,api=BLOCKING,sc=false,e=null c=null cb=null w=false
[DEBUG] write(array HeapByteBuffer@5102f03d[p=0,l=8192,c=8192,r=8192]={<<<p>\n\n<p>Sed pretium blandi...ulum sapien. Proin quam>>>})
[DEBUG] write(array) s=OPEN,api=BLOCKING,sc=false,e=null aggregated !flush DirectByteBuffer@341ca971[p=0,l=8192,c=32768,r=8192]={<<<p>\n\n<p>Sed pretium blandi...ulum sapien. Proin quam>>>ibh eleme...sto. </}
[DEBUG] write(array HeapByteBuffer@31eafbb0[p=0,l=8192,c=8192,r=8192]={<<<. Etiam ultrices. Suspend...er conubia nostra, per >>>})
[DEBUG] write(array) s=OPEN,api=BLOCKING,sc=false,e=null aggregated !flush DirectByteBuffer@341ca971[p=0,l=16384,c=32768,r=16384]={<<<p>\n\n<p>Sed pretium blandi...er conubia nostra, per >>>lvinar ul...sto. </}
[DEBUG] write(array HeapByteBuffer@3e4974ba[p=0,l=8192,c=8192,r=8192]={<<<inceptos himenaeos. </p>\n...>. Integer id quam. Mor>>>})
[DEBUG] write(array) s=OPEN,api=BLOCKING,sc=false,e=null aggregated !flush DirectByteBuffer@341ca971[p=0,l=24576,c=32768,r=24576]={<<<p>\n\n<p>Sed pretium blandi...>. Integer id quam. Mor>>>i>. Mauri...sto. </}
[DEBUG] write(array HeapByteBuffer@1baf3ffa[p=0,l=8192,c=8192,r=8192]={<<<bi mi. Quisque nisl felis...imperdiet. </p>\n\n<p>Ves>>>})
[DEBUG] write(array) s=OPEN,api=BLOCKED,sc=false,e=null last=false agg=true flush=true async=false, len=0 DirectByteBuffer@341ca971[p=0,l=32768,c=32768,r=32768]={<<<p>\n\n<p>Sed pretium blandi...imperdiet. </p>\n\n<p>Ves>>>}
[DEBUG] sendResponse info=null content=DirectByteBuffer@341ca971[p=0,l=32768,c=32768,r=32768]={<<<p>\n\n<p>Sed pretium blandi...imperdiet. </p>\n\n<p>Ves>>>} complete=false committing=false callback=Blocker@666ff960{null}
[DEBUG] generate: NEED_CHUNK for SendCallback@546dc99c[PROCESSING][i=null,cb=org.eclipse.jetty.server.HttpChannel$SendCallback@5deab7aa] (null,[p=0,l=32768,c=32768,r=32768],false)@COMMITTED
[DEBUG] generate: FLUSH for SendCallback@546dc99c[PROCESSING][i=null,cb=org.eclipse.jetty.server.HttpChannel$SendCallback@5deab7aa] (null,[p=0,l=32768,c=32768,r=32768],false)@COMMITTED
[DEBUG] write: WriteFlusher@7c7fee4b{IDLE}->null [HeapByteBuffer@54b3104a[p=0,l=8,c=1024,r=8]={<<<\r\n8000\r\n>>>\x00\x00\x00\x00\x00\x00\x00\x00\x00...\x00\x00\x00\x00\x00\x00\x00},DirectByteBuffer@341ca971[p=0,l=32768,c=32768,r=32768]={<<<p>\n\n<p>Sed pretium blandi...imperdiet. </p>\n\n<p>Ves>>>}]
[DEBUG] update WriteFlusher@7c7fee4b{WRITING}->null:IDLE-->WRITING
[DEBUG] flushed 32776 SocketChannelEndPoint@66ad315b{l=/127.0.0.1:35372,r=/127.0.0.1:60194,OPEN,fill=-,flush=W,to=0/30000}{io=0/0,kio=0,kro=1}->HttpConnection@477f4c37[p=HttpParser{s=CONTENT,0 of -1},g=HttpGenerator@15c4e26{s=COMMITTED}]=>HttpChannelOverHttp@2f7cc7c9{s=HttpChannelState@b7bc396{s=HANDLING rs=BLOCKING os=COMMITTED is=IDLE awp=false se=false i=true al=0},r=1,c=false/false,a=HANDLING,uri=//localhost:35372/FileServlet/htmltests/large.html,age=93}
[DEBUG] Flushed=true written=32776 remaining=0 WriteFlusher@7c7fee4b{WRITING}->null
[DEBUG] update WriteFlusher@7c7fee4b{IDLE}->null:WRITING-->IDLE
[DEBUG] generate: DONE for SendCallback@546dc99c[PROCESSING][i=null,cb=org.eclipse.jetty.server.HttpChannel$SendCallback@5deab7aa] (null,[p=32768,l=32768,c=32768,r=0],false)@COMMITTED
[DEBUG] update WriteFlusher@2071150d{WRITING}->null:IDLE-->WRITING
[DEBUG] flushed 18599 SocketChannelEndPoint@3d491fad{l=/127.0.0.1:35372,r=/127.0.0.1:60190,OPEN,fill=-,flush=W,to=48/30000}{io=0/0,kio=0,kro=1}->HttpConnection@3e7171e5[p=HttpParser{s=CONTENT,0 of -1},g=HttpGenerator@274dcaa5{s=COMMITTED}]=>HttpChannelOverHttp@36eb5f45{s=HttpChannelState@23232c72{s=HANDLING rs=BLOCKING os=COMMITTED is=IDLE awp=false se=false i=true al=0},r=1,c=false/false,a=HANDLING,uri=//localhost:35372/FileServlet/htmltests/large.html,age=126}
[DEBUG] Flushed=true written=18599 remaining=0 WriteFlusher@2071150d{WRITING}->null
[DEBUG] update WriteFlusher@2071150d{IDLE}->null:WRITING-->IDLE
[DEBUG] generate: DONE for SendCallback@410c6bef[PROCESSING][i=null,cb=org.eclipse.jetty.server.HttpChannel$SendCallback@3c4f36e4] (null,[p=18591,l=18591,c=32768,r=0],false)@COMMITTED
[DEBUG] onWriteComplete(false,null) s=OPEN,api=BLOCKED,sc=false,e=null->s=OPEN,api=BLOCKING,sc=false,e=null c=null cb=null w=false
[DEBUG] handled=true async=false committed=true on HttpChannelOverHttp@36eb5f45{s=HttpChannelState@23232c72{s=HANDLING rs=BLOCKING os=COMMITTED is=IDLE awp=false se=false i=true al=0},r=1,c=false/false,a=HANDLING,uri=//localhost:35372/FileServlet/htmltests/large.html,age=126}
[DEBUG] unhandle HttpChannelState@23232c72{s=HANDLING rs=BLOCKING os=COMMITTED is=IDLE awp=false se=false i=true al=0}
[DEBUG] nextAction(false) COMPLETE HttpChannelState@23232c72{s=HANDLING rs=COMPLETING os=COMMITTED is=IDLE awp=false se=false i=false al=0}
[DEBUG] action COMPLETE HttpChannelOverHttp@36eb5f45{s=HttpChannelState@23232c72{s=HANDLING rs=COMPLETING os=COMMITTED is=IDLE awp=false se=false i=false al=0},r=1,c=false/false,a=HANDLING,uri=//localhost:35372/FileServlet/htmltests/large.html,age=126}
[DEBUG] complete(org.eclipse.jetty.util.Callback$3@12cdee77) s=CLOSING,api=BLOCKED,sc=false,e=null s=false e=null, c=HeapByteBuffer@13dae45a[p=0,l=0,c=0,r=0]={<<<>>>}
[DEBUG] sendResponse info=null content=HeapByteBuffer@13dae45a[p=0,l=0,c=0,r=0]={<<<>>>} complete=true committing=false callback=org.eclipse.jetty.server.HttpOutput$WriteCompleteCB@59885f28
[DEBUG] generate: CONTINUE for SendCallback@410c6bef[PROCESSING][i=null,cb=org.eclipse.jetty.server.HttpChannel$SendCallback@72d101c9] (null,[p=0,l=0,c=0,r=0],true)@COMPLETING
[DEBUG] generate: NEED_CHUNK for SendCallback@410c6bef[PROCESSING][i=null,cb=org.eclipse.jetty.server.HttpChannel$SendCallback@72d101c9] (null,[p=0,l=0,c=0,r=0],true)@COMPLETING
[DEBUG] generate: FLUSH for SendCallback@410c6bef[PROCESSING][i=null,cb=org.eclipse.jetty.server.HttpChannel$SendCallback@72d101c9] (null,[p=0,l=0,c=0,r=0],true)@COMPLETING
[DEBUG] write: WriteFlusher@2071150d{IDLE}->null [HeapByteBuffer@54b3104a[p=0,l=7,c=1024,r=7]={<<<\r\n0\r\n\r\n>>>\n\x00\x00\x00\x00\x00\x00\x00\x00...\x00\x00\x00\x00\x00\x00\x00}]
[DEBUG] update WriteFlusher@2071150d{WRITING}->null:IDLE-->WRITING
[DEBUG] flushed 7 SocketChannelEndPoint@3d491fad{l=/127.0.0.1:35372,r=/127.0.0.1:60190,OPEN,fill=-,flush=W,to=0/30000}{io=0/0,kio=0,kro=1}->HttpConnection@3e7171e5[p=HttpParser{s=CONTENT,0 of -1},g=HttpGenerator@274dcaa5{s=COMPLETING}]=>HttpChannelOverHttp@36eb5f45{s=HttpChannelState@23232c72{s=HANDLING rs=COMPLETING os=COMMITTED is=IDLE awp=false se=false i=false al=0},r=1,c=false/false,a=HANDLING,uri=//localhost:35372/FileServlet/htmltests/large.html,age=126}
[DEBUG] Flushed=true written=7 remaining=0 WriteFlusher@2071150d{WRITING}->null
[DEBUG] update WriteFlusher@2071150d{IDLE}->null:WRITING-->IDLE
[DEBUG] generate: DONE for SendCallback@410c6bef[PROCESSING][i=null,cb=org.eclipse.jetty.server.HttpChannel$SendCallback@72d101c9] (null,[p=0,l=0,c=0,r=0],true)@END
[DEBUG] onWriteComplete(true,null) s=CLOSING,api=BLOCKED,sc=false,e=null->s=CLOSED,api=BLOCKING,sc=false,e=null c=null cb=org.eclipse.jetty.util.Callback$3@12cdee77 w=false
[DEBUG] completed HttpChannelState@23232c72{s=HANDLING rs=COMPLETING os=COMPLETED is=IDLE awp=false se=false i=false al=0}
[DEBUG] unhandle HttpChannelState@23232c72{s=HANDLING rs=COMPLETED os=COMPLETED is=IDLE awp=false se=false i=false al=0}
[DEBUG] nextAction(false) TERMINATED HttpChannelState@23232c72{s=IDLE rs=COMPLETED os=COMPLETED is=IDLE awp=false se=false i=false al=0}
[DEBUG] action TERMINATED HttpChannelOverHttp@36eb5f45{s=HttpChannelState@23232c72{s=IDLE rs=COMPLETED os=COMPLETED is=IDLE awp=false se=false i=false al=0},r=1,c=true/true,a=IDLE,uri=//localhost:35372/FileServlet/htmltests/large.html,age=127}
[DEBUG] onCompleted for /FileServlet/htmltests/large.html written=280735
[DEBUG] filled 0 HeapByteBuffer@460916c[p=0,l=0,c=8192,r=0]={<<<>>>HTTP/1.1 ...\x00\x00\x00\x00\x00\x00\x00}
[DEBUG] filled 0 HeapByteBuffer@460916c[p=0,l=0,c=8192,r=0]={<<<>>>HTTP/1.1 ...\x00\x00\x00\x00\x00\x00\x00}
[DEBUG] HttpConnection@3e7171e5::SocketChannelEndPoint@3d491fad{l=/127.0.0.1:35372,r=/127.0.0.1:60190,OPEN,fill=-,flush=-,to=0/30000}{io=0/0,kio=0,kro=1}->HttpConnection@3e7171e5[p=HttpParser{s=CONTENT,0 of -1},g=HttpGenerator@274dcaa5{s=END}]=>HttpChannelOverHttp@36eb5f45{s=HttpChannelState@23232c72{s=IDLE rs=COMPLETED os=COMPLETED is=IDLE awp=false se=false i=false al=0},r=1,c=true/true,a=IDLE,uri=//localhost:35372/FileServlet/htmltests/large.html,age=127} filled 0 HeapByteBuffer@460916c[p=0,l=0,c=8192,r=0]={<<<>>>HTTP/1.1 ...\x00\x00\x00\x00\x00\x00\x00}
[DEBUG] HttpConnection@3e7171e5::SocketChannelEndPoint@3d491fad{l=/127.0.0.1:35372,r=/127.0.0.1:60190,OPEN,fill=-,flush=-,to=0/30000}{io=0/0,kio=0,kro=1}->HttpConnection@3e7171e5[p=HttpParser{s=CONTENT,0 of -1},g=HttpGenerator@274dcaa5{s=END}]=>HttpChannelOverHttp@36eb5f45{s=HttpChannelState@23232c72{s=IDLE rs=COMPLETED os=COMPLETED is=IDLE awp=false se=false i=false al=0},r=1,c=true/true,a=IDLE,uri=//localhost:35372/FileServlet/htmltests/large.html,age=127} parse HeapByteBuffer@460916c[p=0,l=0,c=8192,r=0]={<<<>>>HTTP/1.1 ...\x00\x00\x00\x00\x00\x00\x00} {}
[DEBUG] parseNext s=CONTENT HeapByteBuffer@460916c[p=0,l=0,c=8192,r=0]={<<<>>>HTTP/1.1 ...\x00\x00\x00\x00\x00\x00\x00}
[DEBUG] CONTENT --> CONTENT_END
[DEBUG] onContentComplete HttpChannelOverHttp@36eb5f45{s=HttpChannelState@23232c72{s=IDLE rs=COMPLETED os=COMPLETED is=IDLE awp=false se=false i=false al=0},r=1,c=true/true,a=IDLE,uri=//localhost:35372/FileServlet/htmltests/large.html,age=127}
[DEBUG] CONTENT_END --> END
[DEBUG] onRequestComplete HttpChannelOverHttp@36eb5f45{s=HttpChannelState@23232c72{s=IDLE rs=COMPLETED os=COMPLETED is=IDLE awp=false se=false i=false al=0},r=1,c=true/true,a=IDLE,uri=//localhost:35372/FileServlet/htmltests/large.html,age=127}
[DEBUG] HttpInputOverHTTP@376cf161[c=0,q=0,[0]=null,s=STREAM] addContent EOF
[DEBUG] HttpConnection@3e7171e5::SocketChannelEndPoint@3d491fad{l=/127.0.0.1:35372,r=/127.0.0.1:60190,OPEN,fill=-,flush=-,to=0/30000}{io=0/0,kio=0,kro=1}->HttpConnection@3e7171e5[p=HttpParser{s=END,0 of -1},g=HttpGenerator@274dcaa5{s=END}]=>HttpChannelOverHttp@36eb5f45{s=HttpChannelState@23232c72{s=IDLE rs=COMPLETED os=COMPLETED is=IDLE awp=false se=false i=false al=0},r=1,c=true/true,a=IDLE,uri=//localhost:35372/FileServlet/htmltests/large.html,age=127} parsed false HttpParser{s=END,0 of -1}
[DEBUG] releaseRequestBuffer HttpConnection@3e7171e5::SocketChannelEndPoint@3d491fad{l=/127.0.0.1:35372,r=/127.0.0.1:60190,OPEN,fill=-,flush=-,to=0/30000}{io=0/0,kio=0,kro=1}->HttpConnection@3e7171e5[p=HttpParser{s=END,0 of -1},g=HttpGenerator@274dcaa5{s=END}]=>HttpChannelOverHttp@36eb5f45{s=HttpChannelState@23232c72{s=IDLE rs=COMPLETED os=COMPLETED is=IDLE awp=false se=false i=false al=0},r=1,c=true/true,a=IDLE,uri=//localhost:35372/FileServlet/htmltests/large.html,age=127}
[DEBUG] recycle HttpChannelState@23232c72{s=IDLE rs=COMPLETED os=COMPLETED is=IDLE awp=false se=false i=false al=0}
[DEBUG] reset HttpParser{s=END,0 of -1}
[DEBUG] END --> START
[DEBUG] !handle TERMINATED HttpChannelOverHttp@36eb5f45{s=HttpChannelState@23232c72{s=IDLE rs=BLOCKING os=OPEN is=IDLE awp=false se=false i=true al=0},r=1,c=false/false,a=IDLE,uri=null,age=0}
[DEBUG] filled 0 HeapByteBuffer@2a66826a[p=0,l=0,c=8192,r=0]={<<<>>>GET /File...\x86&h\xA0{\xC1\xC2}
[DEBUG] filled 0 HeapByteBuffer@2a66826a[p=0,l=0,c=8192,r=0]={<<<>>>GET /File...\x86&h\xA0{\xC1\xC2}
[DEBUG] HttpConnection@3e7171e5::SocketChannelEndPoint@3d491fad{l=/127.0.0.1:35372,r=/127.0.0.1:60190,OPEN,fill=-,flush=-,to=1/30000}{io=0/0,kio=0,kro=1}->HttpConnection@3e7171e5[p=HttpParser{s=START,0 of -1},g=HttpGenerator@274dcaa5{s=START}]=>HttpChannelOverHttp@36eb5f45{s=HttpChannelState@23232c72{s=IDLE rs=BLOCKING os=OPEN is=IDLE awp=false se=false i=true al=0},r=1,c=false/false,a=IDLE,uri=null,age=0} filled 0 HeapByteBuffer@2a66826a[p=0,l=0,c=8192,r=0]={<<<>>>GET /File...\x86&h\xA0{\xC1\xC2}
[DEBUG] HttpConnection@3e7171e5::SocketChannelEndPoint@3d491fad{l=/127.0.0.1:35372,r=/127.0.0.1:60190,OPEN,fill=-,flush=-,to=1/30000}{io=0/0,kio=0,kro=1}->HttpConnection@3e7171e5[p=HttpParser{s=START,0 of -1},g=HttpGenerator@274dcaa5{s=START}]=>HttpChannelOverHttp@36eb5f45{s=HttpChannelState@23232c72{s=IDLE rs=BLOCKING os=OPEN is=IDLE awp=false se=false i=true al=0},r=1,c=false/false,a=IDLE,uri=null,age=0} parse HeapByteBuffer@2a66826a[p=0,l=0,c=8192,r=0]={<<<>>>GET /File...\x86&h\xA0{\xC1\xC2} {}
[DEBUG] parseNext s=START HeapByteBuffer@2a66826a[p=0,l=0,c=8192,r=0]={<<<>>>GET /File...\x86&h\xA0{\xC1\xC2}
[DEBUG] HttpConnection@3e7171e5::SocketChannelEndPoint@3d491fad{l=/127.0.0.1:35372,r=/127.0.0.1:60190,OPEN,fill=-,flush=-,to=1/30000}{io=0/0,kio=0,kro=1}->HttpConnection@3e7171e5[p=HttpParser{s=START,0 of -1},g=HttpGenerator@274dcaa5{s=START}]=>HttpChannelOverHttp@36eb5f45{s=HttpChannelState@23232c72{s=IDLE rs=BLOCKING os=OPEN is=IDLE awp=false se=false i=true al=0},r=1,c=false/false,a=IDLE,uri=null,age=0} parsed false HttpParser{s=START,0 of -1}
[DEBUG] releaseRequestBuffer HttpConnection@3e7171e5::SocketChannelEndPoint@3d491fad{l=/127.0.0.1:35372,r=/127.0.0.1:60190,OPEN,fill=-,flush=-,to=1/30000}{io=0/0,kio=0,kro=1}->HttpConnection@3e7171e5[p=HttpParser{s=START,0 of -1},g=HttpGenerator@274dcaa5{s=START}]=>HttpChannelOverHttp@36eb5f45{s=HttpChannelState@23232c72{s=IDLE rs=BLOCKING os=OPEN is=IDLE awp=false se=false i=true al=0},r=1,c=false/false,a=IDLE,uri=null,age=0}
[DEBUG] fillInterested HttpConnection@3e7171e5::SocketChannelEndPoint@3d491fad{l=/127.0.0.1:35372,r=/127.0.0.1:60190,OPEN,fill=-,flush=-,to=1/30000}{io=0/0,kio=0,kro=1}->HttpConnection@3e7171e5[p=HttpParser{s=START,0 of -1},g=HttpGenerator@274dcaa5{s=START}]=>HttpChannelOverHttp@36eb5f45{s=HttpChannelState@23232c72{s=IDLE rs=BLOCKING os=OPEN is=IDLE awp=false se=false i=true al=0},r=1,c=false/false,a=IDLE,uri=null,age=0}
[DEBUG] interested FillInterest@1d372282{AC.ReadCB@3e7171e5{HttpConnection@3e7171e5::SocketChannelEndPoint@3d491fad{l=/127.0.0.1:35372,r=/127.0.0.1:60190,OPEN,fill=FI,flush=-,to=0/30000}{io=0/0,kio=0,kro=1}->HttpConnection@3e7171e5[p=HttpParser{s=START,0 of -1},g=HttpGenerator@274dcaa5{s=START}]=>HttpChannelOverHttp@36eb5f45{s=HttpChannelState@23232c72{s=IDLE rs=BLOCKING os=OPEN is=IDLE awp=false se=false i=true al=0},r=1,c=false/false,a=IDLE,uri=null,age=0}}}
[DEBUG] changeInterests p=false 0->1 for SocketChannelEndPoint@3d491fad{l=/127.0.0.1:35372,r=/127.0.0.1:60190,OPEN,fill=FI,flush=-,to=0/30000}{io=0/1,kio=0,kro=1}->HttpConnection@3e7171e5[p=HttpParser{s=START,0 of -1},g=HttpGenerator@274dcaa5{s=START}]=>HttpChannelOverHttp@36eb5f45{s=HttpChannelState@23232c72{s=IDLE rs=BLOCKING os=OPEN is=IDLE awp=false se=false i=true al=0},r=1,c=false/false,a=IDLE,uri=null,age=0}
[DEBUG] Queued change lazy=false org.eclipse.jetty.io.ChannelEndPoint$$Lambda$475/336675676@287c9698 on ManagedSelector@72cf2de5{STARTED} id=0 keys=6 selected=0 updates=1
[DEBUG] HttpConnection@3e7171e5::SocketChannelEndPoint@3d491fad{l=/127.0.0.1:35372,r=/127.0.0.1:60190,OPEN,fill=FI,flush=-,to=0/30000}{io=0/1,kio=0,kro=1}->HttpConnection@3e7171e5[p=HttpParser{s=START,0 of -1},g=HttpGenerator@274dcaa5{s=START}]=>HttpChannelOverHttp@36eb5f45{s=HttpChannelState@23232c72{s=IDLE rs=BLOCKING os=OPEN is=IDLE awp=false se=false i=true al=0},r=1,c=false/false,a=IDLE,uri=null,age=0} onFillable exit HttpChannelState@23232c72{s=IDLE rs=BLOCKING os=OPEN is=IDLE awp=false se=false i=true al=0} null
[DEBUG] ReservedThreadExecutor@278bb07e{s=1/1,p=0}@6ed97d30 size 1 > capacity
[DEBUG] ran ReservedThreadExecutor@278bb07e{s=1/1,p=0}@6ed97d30 in QueuedThreadPool[qtp638486177]@260e86a1{STARTED,8<=8<=200,i=0,r=-1,q=0}[ReservedThreadExecutor@278bb07e{s=1/1,p=0}]
[DEBUG] onWriteComplete(false,null) s=OPEN,api=BLOCKED,sc=false,e=null->s=OPEN,api=BLOCKING,sc=false,e=null c=null cb=null w=false
[DEBUG] write(array HeapByteBuffer@3bbbf0dc[p=0,l=8192,c=8192,r=8192]={<<<tibulum sapien. <b>Morbi ...torquent per conubia no>>>})
[DEBUG] write(array) s=OPEN,api=BLOCKING,sc=false,e=null aggregated !flush DirectByteBuffer@341ca971[p=0,l=8192,c=32768,r=8192]={<<<tibulum sapien. <b>Morbi ...torquent per conubia no>>>. Etiam u...\n<p>Ves}
[DEBUG] write(array HeapByteBuffer@4e22bfb5[p=0,l=8192,c=8192,r=8192]={<<<stra, per inceptos himena...a</i>. Vestibulum nisi >>>})
[DEBUG] write(array) s=OPEN,api=BLOCKING,sc=false,e=null aggregated !flush DirectByteBuffer@341ca971[p=0,l=16384,c=32768,r=16384]={<<<tibulum sapien. <b>Morbi ...a</i>. Vestibulum nisi >>>inceptos ...\n<p>Ves}
[DEBUG] write(array HeapByteBuffer@2c900964[p=0,l=8192,c=8192,r=8192]={<<<lectus, commodo ac, facil.../b>. Sed lectus. Intege>>>})
[DEBUG] write(array) s=OPEN,api=BLOCKING,sc=false,e=null aggregated !flush DirectByteBuffer@341ca971[p=0,l=24576,c=32768,r=24576]={<<<tibulum sapien. <b>Morbi .../b>. Sed lectus. Intege>>>bi mi. Qu...\n<p>Ves}
[DEBUG] write(array HeapByteBuffer@24cfacbb[p=0,l=8192,c=8192,r=8192]={<<<r euismod lacus luctus ma...ur sodales ligula in li>>>})
[DEBUG] write(array) s=OPEN,api=BLOCKED,sc=false,e=null last=false agg=true flush=true async=false, len=0 DirectByteBuffer@341ca971[p=0,l=32768,c=32768,r=32768]={<<<tibulum sapien. <b>Morbi ...ur sodales ligula in li>>>}
[DEBUG] sendResponse info=null content=DirectByteBuffer@341ca971[p=0,l=32768,c=32768,r=32768]={<<<tibulum sapien. <b>Morbi ...ur sodales ligula in li>>>} complete=false committing=false callback=Blocker@666ff960{null}
[DEBUG] generate: NEED_CHUNK for SendCallback@546dc99c[PROCESSING][i=null,cb=org.eclipse.jetty.server.HttpChannel$SendCallback@401695ee] (null,[p=0,l=32768,c=32768,r=32768],false)@COMMITTED
[DEBUG] generate: FLUSH for SendCallback@546dc99c[PROCESSING][i=null,cb=org.eclipse.jetty.server.HttpChannel$SendCallback@401695ee] (null,[p=0,l=32768,c=32768,r=32768],false)@COMMITTED
[DEBUG] write: WriteFlusher@7c7fee4b{IDLE}->null [HeapByteBuffer@2ed6021b[p=0,l=8,c=1024,r=8]={<<<\r\n8000\r\n>>>\x00\x00\x00\x00\x00\x00\x00\x00\x00...\x00\x00\x00\x00\x00\x00\x00},DirectByteBuffer@341ca971[p=0,l=32768,c=32768,r=32768]={<<<tibulum sapien. <b>Morbi ...ur sodales ligula in li>>>}]
[DEBUG] update WriteFlusher@7c7fee4b{WRITING}->null:IDLE-->WRITING
[DEBUG] flushed 32776 SocketChannelEndPoint@66ad315b{l=/127.0.0.1:35372,r=/127.0.0.1:60194,OPEN,fill=-,flush=W,to=3/30000}{io=0/0,kio=0,kro=1}->HttpConnection@477f4c37[p=HttpParser{s=CONTENT,0 of -1},g=HttpGenerator@15c4e26{s=COMMITTED}]=>HttpChannelOverHttp@2f7cc7c9{s=HttpChannelState@b7bc396{s=HANDLING rs=BLOCKING os=COMMITTED is=IDLE awp=false se=false i=true al=0},r=1,c=false/false,a=HANDLING,uri=//localhost:35372/FileServlet/htmltests/large.html,age=97}
[DEBUG] Flushed=true written=32776 remaining=0 WriteFlusher@7c7fee4b{WRITING}->null
[DEBUG] update WriteFlusher@7c7fee4b{IDLE}->null:WRITING-->IDLE
[DEBUG] generate: DONE for SendCallback@546dc99c[PROCESSING][i=null,cb=org.eclipse.jetty.server.HttpChannel$SendCallback@401695ee] (null,[p=32768,l=32768,c=32768,r=0],false)@COMMITTED
[DEBUG] onWriteComplete(false,null) s=OPEN,api=BLOCKED,sc=false,e=null->s=OPEN,api=BLOCKING,sc=false,e=null c=null cb=null w=false
[DEBUG] write(array HeapByteBuffer@1b92554e[p=0,l=8192,c=8192,r=8192]={<<<bero. Sed dignissim lacin..., iaculis et, viverra v>>>})
[DEBUG] write(array) s=OPEN,api=BLOCKING,sc=false,e=null aggregated !flush DirectByteBuffer@341ca971[p=0,l=8192,c=32768,r=8192]={<<<bero. Sed dignissim lacin..., iaculis et, viverra v>>>stra, per...a in li}
[DEBUG] write(array) s=OPEN,api=BLOCKING,sc=false,e=null aggregated !flush DirectByteBuffer@6ae05ec4[p=0,l=8192,c=32768,r=8192]={<<<oin sodales libero eget a...uismod lacus luctus mag>>>itae, lig...gue. Pr}
[DEBUG] write(array HeapByteBuffer@38820341[p=0,l=8192,c=8192,r=8192]={<<<na. Quisque cursus, metus...lass aptent taciti soci>>>})
[DEBUG] write(array) s=OPEN,api=BLOCKING,sc=false,e=null aggregated !flush DirectByteBuffer@6ae05ec4[p=0,l=16384,c=32768,r=16384]={<<<oin sodales libero eget a...lass aptent taciti soci>>> in fauci...gue. Pr}
[DEBUG] write(array HeapByteBuffer@7b37b3df[p=0,l=2207,c=8192,r=2207]={<<<osqu ad litora torquent p.... </p>\n\n</body></html>\n>>>nia nunc....ti soci})
[DEBUG] write(array) s=OPEN,api=BLOCKING,sc=false,e=null aggregated !flush DirectByteBuffer@6ae05ec4[p=0,l=18591,c=32768,r=18591]={<<<oin sodales libero eget a.... </p>\n\n</body></html>\n>>>erisque s...gue. Pr}
[DEBUG] sendResponse info=null content=DirectByteBuffer@6ae05ec4[p=0,l=18591,c=32768,r=18591]={<<<oin sodales libero eget a.... </p>\n\n</body></html>\n>>>erisque s...gue. Pr} complete=false committing=false callback=Blocker@5bf093a6{null}
[DEBUG] generate: NEED_CHUNK for SendCallback@2bbb896b[PROCESSING][i=null,cb=org.eclipse.jetty.server.HttpChannel$SendCallback@77a828e9] (null,[p=0,l=18591,c=32768,r=18591],false)@COMMITTED
[DEBUG] generate: FLUSH for SendCallback@2bbb896b[PROCESSING][i=null,cb=org.eclipse.jetty.server.HttpChannel$SendCallback@77a828e9] (null,[p=0,l=18591,c=32768,r=18591],false)@COMMITTED
[DEBUG] write: WriteFlusher@7fb07ea0{IDLE}->null [HeapByteBuffer@54b3104a[p=0,l=8,c=1024,r=8]={<<<\r\n489F\r\n>>>\x00\x00\x00\x00\x00\x00\x00\x00\x00...\x00\x00\x00\x00\x00\x00\x00},DirectByteBuffer@6ae05ec4[p=0,l=18591,c=32768,r=18591]={<<<oin sodales libero eget a.... </p>\n\n</body></html>\n>>>erisque s...gue. Pr}]
[DEBUG] update WriteFlusher@7fb07ea0{WRITING}->null:IDLE-->WRITING
[DEBUG] flushed 18599 SocketChannelEndPoint@48f3668d{l=/127.0.0.1:35372,r=/127.0.0.1:60192,OPEN,fill=-,flush=W,to=14/30000}{io=0/0,kio=0,kro=1}->HttpConnection@4a663bd0[p=HttpParser{s=CONTENT,0 of -1},g=HttpGenerator@783aa6c6{s=COMMITTED}]=>HttpChannelOverHttp@4e95f790{s=HttpChannelState@40ce48d9{s=HANDLING rs=BLOCKING os=COMMITTED is=IDLE awp=false se=false i=true al=0},r=1,c=false/false,a=HANDLING,uri=//localhost:35372/FileServlet/htmltests/large.html,age=115}
[DEBUG] Flushed=true written=18599 remaining=0 WriteFlusher@7fb07ea0{WRITING}->null
[DEBUG] update WriteFlusher@7fb07ea0{IDLE}->null:WRITING-->IDLE
[DEBUG] generate: DONE for SendCallback@2bbb896b[PROCESSING][i=null,cb=org.eclipse.jetty.server.HttpChannel$SendCallback@77a828e9] (null,[p=18591,l=18591,c=32768,r=0],false)@COMMITTED
[DEBUG] onWriteComplete(false,null) s=OPEN,api=BLOCKED,sc=false,e=null->s=OPEN,api=BLOCKING,sc=false,e=null c=null cb=null w=false
[DEBUG] handled=true async=false committed=true on HttpChannelOverHttp@4e95f790{s=HttpChannelState@40ce48d9{s=HANDLING rs=BLOCKING os=COMMITTED is=IDLE awp=false se=false i=true al=0},r=1,c=false/false,a=HANDLING,uri=//localhost:35372/FileServlet/htmltests/large.html,age=115}
[DEBUG] unhandle HttpChannelState@40ce48d9{s=HANDLING rs=BLOCKING os=COMMITTED is=IDLE awp=false se=false i=true al=0}
[DEBUG] nextAction(false) COMPLETE HttpChannelState@40ce48d9{s=HANDLING rs=COMPLETING os=COMMITTED is=IDLE awp=false se=false i=false al=0}
[DEBUG] action COMPLETE HttpChannelOverHttp@4e95f790{s=HttpChannelState@40ce48d9{s=HANDLING rs=COMPLETING os=COMMITTED is=IDLE awp=false se=false i=false al=0},r=1,c=false/false,a=HANDLING,uri=//localhost:35372/FileServlet/htmltests/large.html,age=115}
[DEBUG] complete(org.eclipse.jetty.util.Callback$3@747040b6) s=CLOSING,api=BLOCKED,sc=false,e=null s=false e=null, c=HeapByteBuffer@13dae45a[p=0,l=0,c=0,r=0]={<<<>>>}
[DEBUG] sendResponse info=null content=HeapByteBuffer@13dae45a[p=0,l=0,c=0,r=0]={<<<>>>} complete=true committing=false callback=org.eclipse.jetty.server.HttpOutput$WriteCompleteCB@5cc0dd72
[DEBUG] update WriteFlusher@2d16eb21{WRITING}->null:IDLE-->WRITING
[DEBUG] flushed 32776 SocketChannelEndPoint@1d3d792f{l=/127.0.0.1:35372,r=/127.0.0.1:60196,OPEN,fill=-,flush=W,to=24/30000}{io=0/0,kio=0,kro=1}->HttpConnection@5cf01cdd[p=HttpParser{s=CONTENT,0 of -1},g=HttpGenerator@4d28e34a{s=COMMITTED}]=>HttpChannelOverHttp@7ef329d0{s=HttpChannelState@586c95fc{s=HANDLING rs=BLOCKING os=COMMITTED is=IDLE awp=false se=false i=true al=0},r=1,c=false/false,a=HANDLING,uri=//localhost:35372/FileServlet/htmltests/large.html,age=90}
[DEBUG] Flushed=true written=32776 remaining=0 WriteFlusher@2d16eb21{WRITING}->null
[DEBUG] update WriteFlusher@2d16eb21{IDLE}->null:WRITING-->IDLE
[DEBUG] generate: DONE for SendCallback@3172a75d[PROCESSING][i=null,cb=org.eclipse.jetty.server.HttpChannel$SendCallback@17cc703c] (null,[p=32768,l=32768,c=32768,r=0],false)@COMMITTED
[DEBUG] onWriteComplete(false,null) s=OPEN,api=BLOCKED,sc=false,e=null->s=OPEN,api=BLOCKING,sc=false,e=null c=null cb=null w=false
[DEBUG] write(array HeapByteBuffer@6aeb38f9[p=0,l=8192,c=8192,r=8192]={<<<oin sodales libero eget a...uismod lacus luctus mag>>>})
[DEBUG] write(array) s=OPEN,api=BLOCKING,sc=false,e=null aggregated !flush DirectByteBuffer@67223954[p=0,l=8192,c=32768,r=8192]={<<<oin sodales libero eget a...uismod lacus luctus mag>>>itae, lig...gue. Pr}
[DEBUG] write(array HeapByteBuffer@79d5c2cf[p=0,l=8192,c=8192,r=8192]={<<<na. Quisque cursus, metus...lass aptent taciti soci>>>})
[DEBUG] write(array) s=OPEN,api=BLOCKING,sc=false,e=null aggregated !flush DirectByteBuffer@67223954[p=0,l=16384,c=32768,r=16384]={<<<oin sodales libero eget a...lass aptent taciti soci>>> in fauci...gue. Pr}
[DEBUG] write(array HeapByteBuffer@1bd2595b[p=0,l=2207,c=8192,r=2207]={<<<osqu ad litora torquent p.... </p>\n\n</body></html>\n>>>nia nunc....ti soci})
[DEBUG] write(array) s=OPEN,api=BLOCKING,sc=false,e=null aggregated !flush DirectByteBuffer@67223954[p=0,l=18591,c=32768,r=18591]={<<<oin sodales libero eget a.... </p>\n\n</body></html>\n>>>erisque s...gue. Pr}
[DEBUG] sendResponse info=null content=DirectByteBuffer@67223954[p=0,l=18591,c=32768,r=18591]={<<<oin sodales libero eget a.... </p>\n\n</body></html>\n>>>erisque s...gue. Pr} complete=false committing=false callback=Blocker@502cdfa5{null}
[DEBUG] generate: NEED_CHUNK for SendCallback@3172a75d[PROCESSING][i=null,cb=org.eclipse.jetty.server.HttpChannel$SendCallback@6f6b978d] (null,[p=0,l=18591,c=32768,r=18591],false)@COMMITTED
[DEBUG] generate: FLUSH for SendCallback@3172a75d[PROCESSING][i=null,cb=org.eclipse.jetty.server.HttpChannel$SendCallback@6f6b978d] (null,[p=0,l=18591,c=32768,r=18591],false)@COMMITTED
[DEBUG] write: WriteFlusher@2d16eb21{IDLE}->null [HeapByteBuffer@2ed6021b[p=0,l=8,c=1024,r=8]={<<<\r\n489F\r\n>>>\x00\x00\x00\x00\x00\x00\x00\x00\x00...\x00\x00\x00\x00\x00\x00\x00},DirectByteBuffer@67223954[p=0,l=18591,c=32768,r=18591]={<<<oin sodales libero eget a.... </p>\n\n</body></html>\n>>>erisque s...gue. Pr}]
[DEBUG] update WriteFlusher@2d16eb21{WRITING}->null:IDLE-->WRITING
[DEBUG] flushed 18599 SocketChannelEndPoint@1d3d792f{l=/127.0.0.1:35372,r=/127.0.0.1:60196,OPEN,fill=-,flush=W,to=3/30000}{io=0/0,kio=0,kro=1}->HttpConnection@5cf01cdd[p=HttpParser{s=CONTENT,0 of -1},g=HttpGenerator@4d28e34a{s=COMMITTED}]=>HttpChannelOverHttp@7ef329d0{s=HttpChannelState@586c95fc{s=HANDLING rs=BLOCKING os=COMMITTED is=IDLE awp=false se=false i=true al=0},r=1,c=false/false,a=HANDLING,uri=//localhost:35372/FileServlet/htmltests/large.html,age=93}
[DEBUG] Flushed=true written=18599 remaining=0 WriteFlusher@2d16eb21{WRITING}->null
[DEBUG] update WriteFlusher@2d16eb21{IDLE}->null:WRITING-->IDLE
[DEBUG] generate: DONE for SendCallback@3172a75d[PROCESSING][i=null,cb=org.eclipse.jetty.server.HttpChannel$SendCallback@6f6b978d] (null,[p=18591,l=18591,c=32768,r=0],false)@COMMITTED
[DEBUG] onWriteComplete(false,null) s=OPEN,api=BLOCKED,sc=false,e=null->s=OPEN,api=BLOCKING,sc=false,e=null c=null cb=null w=false
[DEBUG] handled=true async=false committed=true on HttpChannelOverHttp@7ef329d0{s=HttpChannelState@586c95fc{s=HANDLING rs=BLOCKING os=COMMITTED is=IDLE awp=false se=false i=true al=0},r=1,c=false/false,a=HANDLING,uri=//localhost:35372/FileServlet/htmltests/large.html,age=94}
[DEBUG] unhandle HttpChannelState@586c95fc{s=HANDLING rs=BLOCKING os=COMMITTED is=IDLE awp=false se=false i=true al=0}
[DEBUG] nextAction(false) COMPLETE HttpChannelState@586c95fc{s=HANDLING rs=COMPLETING os=COMMITTED is=IDLE awp=false se=false i=false al=0}
[DEBUG] action COMPLETE HttpChannelOverHttp@7ef329d0{s=HttpChannelState@586c95fc{s=HANDLING rs=COMPLETING os=COMMITTED is=IDLE awp=false se=false i=false al=0},r=1,c=false/false,a=HANDLING,uri=//localhost:35372/FileServlet/htmltests/large.html,age=94}
[DEBUG] complete(org.eclipse.jetty.util.Callback$3@5c744669) s=CLOSING,api=BLOCKED,sc=false,e=null s=false e=null, c=HeapByteBuffer@13dae45a[p=0,l=0,c=0,r=0]={<<<>>>}
[DEBUG] sendResponse info=null content=HeapByteBuffer@13dae45a[p=0,l=0,c=0,r=0]={<<<>>>} complete=true committing=false callback=org.eclipse.jetty.server.HttpOutput$WriteCompleteCB@be03492
[DEBUG] generate: CONTINUE for SendCallback@3172a75d[PROCESSING][i=null,cb=org.eclipse.jetty.server.HttpChannel$SendCallback@2f1ac34] (null,[p=0,l=0,c=0,r=0],true)@COMPLETING
[DEBUG] generate: NEED_CHUNK for SendCallback@3172a75d[PROCESSING][i=null,cb=org.eclipse.jetty.server.HttpChannel$SendCallback@2f1ac34] (null,[p=0,l=0,c=0,r=0],true)@COMPLETING
[DEBUG] generate: FLUSH for SendCallback@3172a75d[PROCESSING][i=null,cb=org.eclipse.jetty.server.HttpChannel$SendCallback@2f1ac34] (null,[p=0,l=0,c=0,r=0],true)@COMPLETING
[DEBUG] write: WriteFlusher@2d16eb21{IDLE}->null [HeapByteBuffer@54b3104a[p=0,l=7,c=1024,r=7]={<<<\r\n0\r\n\r\n>>>\n\x00\x00\x00\x00\x00\x00\x00\x00...\x00\x00\x00\x00\x00\x00\x00}]
[DEBUG] update WriteFlusher@2d16eb21{WRITING}->null:IDLE-->WRITING
[DEBUG] flushed 7 SocketChannelEndPoint@1d3d792f{l=/127.0.0.1:35372,r=/127.0.0.1:60196,OPEN,fill=-,flush=W,to=0/30000}{io=0/0,kio=0,kro=1}->HttpConnection@5cf01cdd[p=HttpParser{s=CONTENT,0 of -1},g=HttpGenerator@4d28e34a{s=COMPLETING}]=>HttpChannelOverHttp@7ef329d0{s=HttpChannelState@586c95fc{s=HANDLING rs=COMPLETING os=COMMITTED is=IDLE awp=false se=false i=false al=0},r=1,c=false/false,a=HANDLING,uri=//localhost:35372/FileServlet/htmltests/large.html,age=94}
[DEBUG] Flushed=true written=7 remaining=0 WriteFlusher@2d16eb21{WRITING}->null
[DEBUG] update WriteFlusher@2d16eb21{IDLE}->null:WRITING-->IDLE
[DEBUG] generate: DONE for SendCallback@3172a75d[PROCESSING][i=null,cb=org.eclipse.jetty.server.HttpChannel$SendCallback@2f1ac34] (null,[p=0,l=0,c=0,r=0],true)@END
[DEBUG] onWriteComplete(true,null) s=CLOSING,api=BLOCKED,sc=false,e=null->s=CLOSED,api=BLOCKING,sc=false,e=null c=null cb=org.eclipse.jetty.util.Callback$3@5c744669 w=false
[DEBUG] completed HttpChannelState@586c95fc{s=HANDLING rs=COMPLETING os=COMPLETED is=IDLE awp=false se=false i=false al=0}
[DEBUG] unhandle HttpChannelState@586c95fc{s=HANDLING rs=COMPLETED os=COMPLETED is=IDLE awp=false se=false i=false al=0}
[DEBUG] nextAction(false) TERMINATED HttpChannelState@586c95fc{s=IDLE rs=COMPLETED os=COMPLETED is=IDLE awp=false se=false i=false al=0}
[DEBUG] action TERMINATED HttpChannelOverHttp@7ef329d0{s=HttpChannelState@586c95fc{s=IDLE rs=COMPLETED os=COMPLETED is=IDLE awp=false se=false i=false al=0},r=1,c=true/true,a=IDLE,uri=//localhost:35372/FileServlet/htmltests/large.html,age=94}
[DEBUG] onCompleted for /FileServlet/htmltests/large.html written=280735
[DEBUG] filled 0 HeapByteBuffer@1ef04a69[p=0,l=0,c=8192,r=0]={<<<>>>HTTP/1.1 ...\x00\x00\x00\x00\x00\x00\x00}
[DEBUG] filled 0 HeapByteBuffer@1ef04a69[p=0,l=0,c=8192,r=0]={<<<>>>HTTP/1.1 ...\x00\x00\x00\x00\x00\x00\x00}
[DEBUG] HttpConnection@5cf01cdd::SocketChannelEndPoint@1d3d792f{l=/127.0.0.1:35372,r=/127.0.0.1:60196,OPEN,fill=-,flush=-,to=0/30000}{io=0/0,kio=0,kro=1}->HttpConnection@5cf01cdd[p=HttpParser{s=CONTENT,0 of -1},g=HttpGenerator@4d28e34a{s=END}]=>HttpChannelOverHttp@7ef329d0{s=HttpChannelState@586c95fc{s=IDLE rs=COMPLETED os=COMPLETED is=IDLE awp=false se=false i=false al=0},r=1,c=true/true,a=IDLE,uri=//localhost:35372/FileServlet/htmltests/large.html,age=95} filled 0 HeapByteBuffer@1ef04a69[p=0,l=0,c=8192,r=0]={<<<>>>HTTP/1.1 ...\x00\x00\x00\x00\x00\x00\x00}
[DEBUG] HttpConnection@5cf01cdd::SocketChannelEndPoint@1d3d792f{l=/127.0.0.1:35372,r=/127.0.0.1:60196,OPEN,fill=-,flush=-,to=0/30000}{io=0/0,kio=0,kro=1}->HttpConnection@5cf01cdd[p=HttpParser{s=CONTENT,0 of -1},g=HttpGenerator@4d28e34a{s=END}]=>HttpChannelOverHttp@7ef329d0{s=HttpChannelState@586c95fc{s=IDLE rs=COMPLETED os=COMPLETED is=IDLE awp=false se=false i=false al=0},r=1,c=true/true,a=IDLE,uri=//localhost:35372/FileServlet/htmltests/large.html,age=95} parse HeapByteBuffer@1ef04a69[p=0,l=0,c=8192,r=0]={<<<>>>HTTP/1.1 ...\x00\x00\x00\x00\x00\x00\x00} {}
[DEBUG] parseNext s=CONTENT HeapByteBuffer@1ef04a69[p=0,l=0,c=8192,r=0]={<<<>>>HTTP/1.1 ...\x00\x00\x00\x00\x00\x00\x00}
[DEBUG] CONTENT --> CONTENT_END
[DEBUG] onContentComplete HttpChannelOverHttp@7ef329d0{s=HttpChannelState@586c95fc{s=IDLE rs=COMPLETED os=COMPLETED is=IDLE awp=false se=false i=false al=0},r=1,c=true/true,a=IDLE,uri=//localhost:35372/FileServlet/htmltests/large.html,age=95}
[DEBUG] CONTENT_END --> END
[DEBUG] onRequestComplete HttpChannelOverHttp@7ef329d0{s=HttpChannelState@586c95fc{s=IDLE rs=COMPLETED os=COMPLETED is=IDLE awp=false se=false i=false al=0},r=1,c=true/true,a=IDLE,uri=//localhost:35372/FileServlet/htmltests/large.html,age=95}
[DEBUG] HttpInputOverHTTP@31158418[c=0,q=0,[0]=null,s=STREAM] addContent EOF
[DEBUG] HttpConnection@5cf01cdd::SocketChannelEndPoint@1d3d792f{l=/127.0.0.1:35372,r=/127.0.0.1:60196,OPEN,fill=-,flush=-,to=0/30000}{io=0/0,kio=0,kro=1}->HttpConnection@5cf01cdd[p=HttpParser{s=END,0 of -1},g=HttpGenerator@4d28e34a{s=END}]=>HttpChannelOverHttp@7ef329d0{s=HttpChannelState@586c95fc{s=IDLE rs=COMPLETED os=COMPLETED is=IDLE awp=false se=false i=false al=0},r=1,c=true/true,a=IDLE,uri=//localhost:35372/FileServlet/htmltests/large.html,age=95} parsed false HttpParser{s=END,0 of -1}
[DEBUG] releaseRequestBuffer HttpConnection@5cf01cdd::SocketChannelEndPoint@1d3d792f{l=/127.0.0.1:35372,r=/127.0.0.1:60196,OPEN,fill=-,flush=-,to=0/30000}{io=0/0,kio=0,kro=1}->HttpConnection@5cf01cdd[p=HttpParser{s=END,0 of -1},g=HttpGenerator@4d28e34a{s=END}]=>HttpChannelOverHttp@7ef329d0{s=HttpChannelState@586c95fc{s=IDLE rs=COMPLETED os=COMPLETED is=IDLE awp=false se=false i=false al=0},r=1,c=true/true,a=IDLE,uri=//localhost:35372/FileServlet/htmltests/large.html,age=95}
[DEBUG] recycle HttpChannelState@586c95fc{s=IDLE rs=COMPLETED os=COMPLETED is=IDLE awp=false se=false i=false al=0}
[DEBUG] reset HttpParser{s=END,0 of -1}
[DEBUG] END --> START
[DEBUG] !handle TERMINATED HttpChannelOverHttp@7ef329d0{s=HttpChannelState@586c95fc{s=IDLE rs=BLOCKING os=OPEN is=IDLE awp=false se=false i=true al=0},r=1,c=false/false,a=IDLE,uri=null,age=0}
[DEBUG] filled 0 HeapByteBuffer@460916c[p=0,l=0,c=8192,r=0]={<<<>>>HTTP/1.1 ...\x00\x00\x00\x00\x00\x00\x00}
[DEBUG] filled 0 HeapByteBuffer@460916c[p=0,l=0,c=8192,r=0]={<<<>>>HTTP/1.1 ...\x00\x00\x00\x00\x00\x00\x00}
[DEBUG] HttpConnection@5cf01cdd::SocketChannelEndPoint@1d3d792f{l=/127.0.0.1:35372,r=/127.0.0.1:60196,OPEN,fill=-,flush=-,to=1/30000}{io=0/0,kio=0,kro=1}->HttpConnection@5cf01cdd[p=HttpParser{s=START,0 of -1},g=HttpGenerator@4d28e34a{s=START}]=>HttpChannelOverHttp@7ef329d0{s=HttpChannelState@586c95fc{s=IDLE rs=BLOCKING os=OPEN is=IDLE awp=false se=false i=true al=0},r=1,c=false/false,a=IDLE,uri=null,age=0} filled 0 HeapByteBuffer@460916c[p=0,l=0,c=8192,r=0]={<<<>>>HTTP/1.1 ...\x00\x00\x00\x00\x00\x00\x00}
[DEBUG] HttpConnection@5cf01cdd::SocketChannelEndPoint@1d3d792f{l=/127.0.0.1:35372,r=/127.0.0.1:60196,OPEN,fill=-,flush=-,to=1/30000}{io=0/0,kio=0,kro=1}->HttpConnection@5cf01cdd[p=HttpParser{s=START,0 of -1},g=HttpGenerator@4d28e34a{s=START}]=>HttpChannelOverHttp@7ef329d0{s=HttpChannelState@586c95fc{s=IDLE rs=BLOCKING os=OPEN is=IDLE awp=false se=false i=true al=0},r=1,c=false/false,a=IDLE,uri=null,age=0} parse HeapByteBuffer@460916c[p=0,l=0,c=8192,r=0]={<<<>>>HTTP/1.1 ...\x00\x00\x00\x00\x00\x00\x00} {}
[DEBUG] parseNext s=START HeapByteBuffer@460916c[p=0,l=0,c=8192,r=0]={<<<>>>HTTP/1.1 ...\x00\x00\x00\x00\x00\x00\x00}
[DEBUG] write(array HeapByteBuffer@3765a471[p=0,l=8192,c=8192,r=8192]={<<<itae, ligula. <i>Integer ...bulum ante ipsum primis>>>})
[DEBUG] write(array) s=OPEN,api=BLOCKING,sc=false,e=null aggregated !flush DirectByteBuffer@341ca971[p=0,l=16384,c=32768,r=16384]={<<<bero. Sed dignissim lacin...bulum ante ipsum primis>>>lectus, c...a in li}
[DEBUG] write(array HeapByteBuffer@6e167c52[p=0,l=8192,c=8192,r=8192]={<<< in faucibus orci luctus ...auris. Fusce nec tellus>>>})
[DEBUG] write(array) s=OPEN,api=BLOCKING,sc=false,e=null aggregated !flush DirectByteBuffer@341ca971[p=0,l=24576,c=32768,r=24576]={<<<bero. Sed dignissim lacin...auris. Fusce nec tellus>>>r euismod...a in li}
[DEBUG] write(array HeapByteBuffer@1a5b3d9b[p=0,l=8192,c=8192,r=8192]={<<< sed augue semper porta. ...ces sit amet, augue. Pr>>>})
[DEBUG] write(array) s=OPEN,api=BLOCKED,sc=false,e=null last=false agg=true flush=true async=false, len=0 DirectByteBuffer@341ca971[p=0,l=32768,c=32768,r=32768]={<<<bero. Sed dignissim lacin...ces sit amet, augue. Pr>>>}
[DEBUG] sendResponse info=null content=DirectByteBuffer@341ca971[p=0,l=32768,c=32768,r=32768]={<<<bero. Sed dignissim lacin...ces sit amet, augue. Pr>>>} complete=false committing=false callback=Blocker@666ff960{null}
[DEBUG] generate: NEED_CHUNK for SendCallback@546dc99c[PROCESSING][i=null,cb=org.eclipse.jetty.server.HttpChannel$SendCallback@13ea23bb] (null,[p=0,l=32768,c=32768,r=32768],false)@COMMITTED
[DEBUG] generate: FLUSH for SendCallback@546dc99c[PROCESSING][i=null,cb=org.eclipse.jetty.server.HttpChannel$SendCallback@13ea23bb] (null,[p=0,l=32768,c=32768,r=32768],false)@COMMITTED
[DEBUG] write: WriteFlusher@7c7fee4b{IDLE}->null [HeapByteBuffer@52377fdf[p=0,l=8,c=1024,r=8]={<<<\r\n8000\r\n>>>\x00\x00\x00\x00\x00\x00\x00\x00\x00...\x00\x00\x00\x00\x00\x00\x00},DirectByteBuffer@341ca971[p=0,l=32768,c=32768,r=32768]={<<<bero. Sed dignissim lacin...ces sit amet, augue. Pr>>>}]
[DEBUG] update WriteFlusher@7c7fee4b{WRITING}->null:IDLE-->WRITING
[DEBUG] flushed 32776 SocketChannelEndPoint@66ad315b{l=/127.0.0.1:35372,r=/127.0.0.1:60194,OPEN,fill=-,flush=W,to=25/30000}{io=0/0,kio=0,kro=1}->HttpConnection@477f4c37[p=HttpParser{s=CONTENT,0 of -1},g=HttpGenerator@15c4e26{s=COMMITTED}]=>HttpChannelOverHttp@2f7cc7c9{s=HttpChannelState@b7bc396{s=HANDLING rs=BLOCKING os=COMMITTED is=IDLE awp=false se=false i=true al=0},r=1,c=false/false,a=HANDLING,uri=//localhost:35372/FileServlet/htmltests/large.html,age=122}
[DEBUG] Flushed=true written=32776 remaining=0 WriteFlusher@7c7fee4b{WRITING}->null
[DEBUG] update WriteFlusher@7c7fee4b{IDLE}->null:WRITING-->IDLE
[DEBUG] generate: DONE for SendCallback@546dc99c[PROCESSING][i=null,cb=org.eclipse.jetty.server.HttpChannel$SendCallback@13ea23bb] (null,[p=32768,l=32768,c=32768,r=0],false)@COMMITTED
[DEBUG] onWriteComplete(false,null) s=OPEN,api=BLOCKED,sc=false,e=null->s=OPEN,api=BLOCKING,sc=false,e=null c=null cb=null w=false
[DEBUG] write(array HeapByteBuffer@9b65b9b[p=0,l=8192,c=8192,r=8192]={<<<oin sodales libero eget a...uismod lacus luctus mag>>>})
[DEBUG] write(array) s=OPEN,api=BLOCKING,sc=false,e=null aggregated !flush DirectByteBuffer@341ca971[p=0,l=8192,c=32768,r=8192]={<<<oin sodales libero eget a...uismod lacus luctus mag>>>itae, lig...gue. Pr}
[DEBUG] write(array HeapByteBuffer@541f5213[p=0,l=8192,c=8192,r=8192]={<<<na. Quisque cursus, metus...lass aptent taciti soci>>>})
[DEBUG] write(array) s=OPEN,api=BLOCKING,sc=false,e=null aggregated !flush DirectByteBuffer@341ca971[p=0,l=16384,c=32768,r=16384]={<<<oin sodales libero eget a...lass aptent taciti soci>>> in fauci...gue. Pr}
[DEBUG] write(array HeapByteBuffer@176b1aee[p=0,l=2207,c=8192,r=2207]={<<<osqu ad litora torquent p.... </p>\n\n</body></html>\n>>>nia nunc....ti soci})
[DEBUG] write(array) s=OPEN,api=BLOCKING,sc=false,e=null aggregated !flush DirectByteBuffer@341ca971[p=0,l=18591,c=32768,r=18591]={<<<oin sodales libero eget a.... </p>\n\n</body></html>\n>>>erisque s...gue. Pr}
[DEBUG] sendResponse info=null content=DirectByteBuffer@341ca971[p=0,l=18591,c=32768,r=18591]={<<<oin sodales libero eget a.... </p>\n\n</body></html>\n>>>erisque s...gue. Pr} complete=false committing=false callback=Blocker@666ff960{null}
[DEBUG] generate: NEED_CHUNK for SendCallback@546dc99c[PROCESSING][i=null,cb=org.eclipse.jetty.server.HttpChannel$SendCallback@555e1443] (null,[p=0,l=18591,c=32768,r=18591],false)@COMMITTED
[DEBUG] generate: FLUSH for SendCallback@546dc99c[PROCESSING][i=null,cb=org.eclipse.jetty.server.HttpChannel$SendCallback@555e1443] (null,[p=0,l=18591,c=32768,r=18591],false)@COMMITTED
[DEBUG] write: WriteFlusher@7c7fee4b{IDLE}->null [HeapByteBuffer@2ed6021b[p=0,l=8,c=1024,r=8]={<<<\r\n489F\r\n>>>\x00\x00\x00\x00\x00\x00\x00\x00\x00...\x00\x00\x00\x00\x00\x00\x00},DirectByteBuffer@341ca971[p=0,l=18591,c=32768,r=18591]={<<<oin sodales libero eget a.... </p>\n\n</body></html>\n>>>erisque s...gue. Pr}]
[DEBUG] update WriteFlusher@7c7fee4b{WRITING}->null:IDLE-->WRITING
[DEBUG] flushed 18599 SocketChannelEndPoint@66ad315b{l=/127.0.0.1:35372,r=/127.0.0.1:60194,OPEN,fill=-,flush=W,to=0/30000}{io=0/0,kio=0,kro=1}->HttpConnection@477f4c37[p=HttpParser{s=CONTENT,0 of -1},g=HttpGenerator@15c4e26{s=COMMITTED}]=>HttpChannelOverHttp@2f7cc7c9{s=HttpChannelState@b7bc396{s=HANDLING rs=BLOCKING os=COMMITTED is=IDLE awp=false se=false i=true al=0},r=1,c=false/false,a=HANDLING,uri=//localhost:35372/FileServlet/htmltests/large.html,age=123}
[DEBUG] Flushed=true written=18599 remaining=0 WriteFlusher@7c7fee4b{WRITING}->null
[DEBUG] update WriteFlusher@7c7fee4b{IDLE}->null:WRITING-->IDLE
[DEBUG] generate: DONE for SendCallback@546dc99c[PROCESSING][i=null,cb=org.eclipse.jetty.server.HttpChannel$SendCallback@555e1443] (null,[p=18591,l=18591,c=32768,r=0],false)@COMMITTED
[DEBUG] onWriteComplete(false,null) s=OPEN,api=BLOCKED,sc=false,e=null->s=OPEN,api=BLOCKING,sc=false,e=null c=null cb=null w=false
[DEBUG] handled=true async=false committed=true on HttpChannelOverHttp@2f7cc7c9{s=HttpChannelState@b7bc396{s=HANDLING rs=BLOCKING os=COMMITTED is=IDLE awp=false se=false i=true al=0},r=1,c=false/false,a=HANDLING,uri=//localhost:35372/FileServlet/htmltests/large.html,age=123}
[DEBUG] unhandle HttpChannelState@b7bc396{s=HANDLING rs=BLOCKING os=COMMITTED is=IDLE awp=false se=false i=true al=0}
[DEBUG] nextAction(false) COMPLETE HttpChannelState@b7bc396{s=HANDLING rs=COMPLETING os=COMMITTED is=IDLE awp=false se=false i=false al=0}
[DEBUG] action COMPLETE HttpChannelOverHttp@2f7cc7c9{s=HttpChannelState@b7bc396{s=HANDLING rs=COMPLETING os=COMMITTED is=IDLE awp=false se=false i=false al=0},r=1,c=false/false,a=HANDLING,uri=//localhost:35372/FileServlet/htmltests/large.html,age=123}
[DEBUG] complete(org.eclipse.jetty.util.Callback$3@6e0fe7f0) s=CLOSING,api=BLOCKED,sc=false,e=null s=false e=null, c=HeapByteBuffer@13dae45a[p=0,l=0,c=0,r=0]={<<<>>>}
[DEBUG] sendResponse info=null content=HeapByteBuffer@13dae45a[p=0,l=0,c=0,r=0]={<<<>>>} complete=true committing=false callback=org.eclipse.jetty.server.HttpOutput$WriteCompleteCB@40aebfe8
[DEBUG] generate: CONTINUE for SendCallback@546dc99c[PROCESSING][i=null,cb=org.eclipse.jetty.server.HttpChannel$SendCallback@f5d7179] (null,[p=0,l=0,c=0,r=0],true)@COMPLETING
[DEBUG] generate: NEED_CHUNK for SendCallback@546dc99c[PROCESSING][i=null,cb=org.eclipse.jetty.server.HttpChannel$SendCallback@f5d7179] (null,[p=0,l=0,c=0,r=0],true)@COMPLETING
[DEBUG] generate: FLUSH for SendCallback@546dc99c[PROCESSING][i=null,cb=org.eclipse.jetty.server.HttpChannel$SendCallback@f5d7179] (null,[p=0,l=0,c=0,r=0],true)@COMPLETING
[DEBUG] write: WriteFlusher@7c7fee4b{IDLE}->null [HeapByteBuffer@54b3104a[p=0,l=7,c=1024,r=7]={<<<\r\n0\r\n\r\n>>>\n\x00\x00\x00\x00\x00\x00\x00\x00...\x00\x00\x00\x00\x00\x00\x00}]
[DEBUG] update WriteFlusher@7c7fee4b{WRITING}->null:IDLE-->WRITING
[DEBUG] flushed 7 SocketChannelEndPoint@66ad315b{l=/127.0.0.1:35372,r=/127.0.0.1:60194,OPEN,fill=-,flush=W,to=0/30000}{io=0/0,kio=0,kro=1}->HttpConnection@477f4c37[p=HttpParser{s=CONTENT,0 of -1},g=HttpGenerator@15c4e26{s=COMPLETING}]=>HttpChannelOverHttp@2f7cc7c9{s=HttpChannelState@b7bc396{s=HANDLING rs=COMPLETING os=COMMITTED is=IDLE awp=false se=false i=false al=0},r=1,c=false/false,a=HANDLING,uri=//localhost:35372/FileServlet/htmltests/large.html,age=124}
[DEBUG] Flushed=true written=7 remaining=0 WriteFlusher@7c7fee4b{WRITING}->null
[DEBUG] update WriteFlusher@7c7fee4b{IDLE}->null:WRITING-->IDLE
[DEBUG] generate: DONE for SendCallback@546dc99c[PROCESSING][i=null,cb=org.eclipse.jetty.server.HttpChannel$SendCallback@f5d7179] (null,[p=0,l=0,c=0,r=0],true)@END
[DEBUG] onWriteComplete(true,null) s=CLOSING,api=BLOCKED,sc=false,e=null->s=CLOSED,api=BLOCKING,sc=false,e=null c=null cb=org.eclipse.jetty.util.Callback$3@6e0fe7f0 w=false
[DEBUG] completed HttpChannelState@b7bc396{s=HANDLING rs=COMPLETING os=COMPLETED is=IDLE awp=false se=false i=false al=0}
[DEBUG] unhandle HttpChannelState@b7bc396{s=HANDLING rs=COMPLETED os=COMPLETED is=IDLE awp=false se=false i=false al=0}
[DEBUG] nextAction(false) TERMINATED HttpChannelState@b7bc396{s=IDLE rs=COMPLETED os=COMPLETED is=IDLE awp=false se=false i=false al=0}
[DEBUG] action TERMINATED HttpChannelOverHttp@2f7cc7c9{s=HttpChannelState@b7bc396{s=IDLE rs=COMPLETED os=COMPLETED is=IDLE awp=false se=false i=false al=0},r=1,c=true/true,a=IDLE,uri=//localhost:35372/FileServlet/htmltests/large.html,age=124}
[DEBUG] onCompleted for /FileServlet/htmltests/large.html written=280735
[DEBUG] filled 0 HeapByteBuffer@2a66826a[p=0,l=0,c=8192,r=0]={<<<>>>GET /File...\x86&h\xA0{\xC1\xC2}
[DEBUG] filled 0 HeapByteBuffer@2a66826a[p=0,l=0,c=8192,r=0]={<<<>>>GET /File...\x86&h\xA0{\xC1\xC2}
[DEBUG] HttpConnection@477f4c37::SocketChannelEndPoint@66ad315b{l=/127.0.0.1:35372,r=/127.0.0.1:60194,OPEN,fill=-,flush=-,to=0/30000}{io=0/0,kio=0,kro=1}->HttpConnection@477f4c37[p=HttpParser{s=CONTENT,0 of -1},g=HttpGenerator@15c4e26{s=END}]=>HttpChannelOverHttp@2f7cc7c9{s=HttpChannelState@b7bc396{s=IDLE rs=COMPLETED os=COMPLETED is=IDLE awp=false se=false i=false al=0},r=1,c=true/true,a=IDLE,uri=//localhost:35372/FileServlet/htmltests/large.html,age=124} filled 0 HeapByteBuffer@2a66826a[p=0,l=0,c=8192,r=0]={<<<>>>GET /File...\x86&h\xA0{\xC1\xC2}
[DEBUG] HttpConnection@477f4c37::SocketChannelEndPoint@66ad315b{l=/127.0.0.1:35372,r=/127.0.0.1:60194,OPEN,fill=-,flush=-,to=0/30000}{io=0/0,kio=0,kro=1}->HttpConnection@477f4c37[p=HttpParser{s=CONTENT,0 of -1},g=HttpGenerator@15c4e26{s=END}]=>HttpChannelOverHttp@2f7cc7c9{s=HttpChannelState@b7bc396{s=IDLE rs=COMPLETED os=COMPLETED is=IDLE awp=false se=false i=false al=0},r=1,c=true/true,a=IDLE,uri=//localhost:35372/FileServlet/htmltests/large.html,age=124} parse HeapByteBuffer@2a66826a[p=0,l=0,c=8192,r=0]={<<<>>>GET /File...\x86&h\xA0{\xC1\xC2} {}
[DEBUG] parseNext s=CONTENT HeapByteBuffer@2a66826a[p=0,l=0,c=8192,r=0]={<<<>>>GET /File...\x86&h\xA0{\xC1\xC2}
[DEBUG] CONTENT --> CONTENT_END
[DEBUG] onContentComplete HttpChannelOverHttp@2f7cc7c9{s=HttpChannelState@b7bc396{s=IDLE rs=COMPLETED os=COMPLETED is=IDLE awp=false se=false i=false al=0},r=1,c=true/true,a=IDLE,uri=//localhost:35372/FileServlet/htmltests/large.html,age=124}
[DEBUG] CONTENT_END --> END
[DEBUG] onRequestComplete HttpChannelOverHttp@2f7cc7c9{s=HttpChannelState@b7bc396{s=IDLE rs=COMPLETED os=COMPLETED is=IDLE awp=false se=false i=false al=0},r=1,c=true/true,a=IDLE,uri=//localhost:35372/FileServlet/htmltests/large.html,age=124}
[DEBUG] HttpInputOverHTTP@2a8490dd[c=0,q=0,[0]=null,s=STREAM] addContent EOF
[DEBUG] HttpConnection@477f4c37::SocketChannelEndPoint@66ad315b{l=/127.0.0.1:35372,r=/127.0.0.1:60194,OPEN,fill=-,flush=-,to=0/30000}{io=0/0,kio=0,kro=1}->HttpConnection@477f4c37[p=HttpParser{s=END,0 of -1},g=HttpGenerator@15c4e26{s=END}]=>HttpChannelOverHttp@2f7cc7c9{s=HttpChannelState@b7bc396{s=IDLE rs=COMPLETED os=COMPLETED is=IDLE awp=false se=false i=false al=0},r=1,c=true/true,a=IDLE,uri=//localhost:35372/FileServlet/htmltests/large.html,age=125} parsed false HttpParser{s=END,0 of -1}
[DEBUG] releaseRequestBuffer HttpConnection@477f4c37::SocketChannelEndPoint@66ad315b{l=/127.0.0.1:35372,r=/127.0.0.1:60194,OPEN,fill=-,flush=-,to=0/30000}{io=0/0,kio=0,kro=1}->HttpConnection@477f4c37[p=HttpParser{s=END,0 of -1},g=HttpGenerator@15c4e26{s=END}]=>HttpChannelOverHttp@2f7cc7c9{s=HttpChannelState@b7bc396{s=IDLE rs=COMPLETED os=COMPLETED is=IDLE awp=false se=false i=false al=0},r=1,c=true/true,a=IDLE,uri=//localhost:35372/FileServlet/htmltests/large.html,age=125}
[DEBUG] recycle HttpChannelState@b7bc396{s=IDLE rs=COMPLETED os=COMPLETED is=IDLE awp=false se=false i=false al=0}
[DEBUG] reset HttpParser{s=END,0 of -1}
[DEBUG] END --> START
[DEBUG] !handle TERMINATED HttpChannelOverHttp@2f7cc7c9{s=HttpChannelState@b7bc396{s=IDLE rs=BLOCKING os=OPEN is=IDLE awp=false se=false i=true al=0},r=1,c=false/false,a=IDLE,uri=null,age=0}
[DEBUG] filled 0 HeapByteBuffer@1ef04a69[p=0,l=0,c=8192,r=0]={<<<>>>HTTP/1.1 ...\x00\x00\x00\x00\x00\x00\x00}
[DEBUG] filled 0 HeapByteBuffer@1ef04a69[p=0,l=0,c=8192,r=0]={<<<>>>HTTP/1.1 ...\x00\x00\x00\x00\x00\x00\x00}
[DEBUG] HttpConnection@477f4c37::SocketChannelEndPoint@66ad315b{l=/127.0.0.1:35372,r=/127.0.0.1:60194,OPEN,fill=-,flush=-,to=1/30000}{io=0/0,kio=0,kro=1}->HttpConnection@477f4c37[p=HttpParser{s=START,0 of -1},g=HttpGenerator@15c4e26{s=START}]=>HttpChannelOverHttp@2f7cc7c9{s=HttpChannelState@b7bc396{s=IDLE rs=BLOCKING os=OPEN is=IDLE awp=false se=false i=true al=0},r=1,c=false/false,a=IDLE,uri=null,age=0} filled 0 HeapByteBuffer@1ef04a69[p=0,l=0,c=8192,r=0]={<<<>>>HTTP/1.1 ...\x00\x00\x00\x00\x00\x00\x00}
[DEBUG] HttpConnection@477f4c37::SocketChannelEndPoint@66ad315b{l=/127.0.0.1:35372,r=/127.0.0.1:60194,OPEN,fill=-,flush=-,to=1/30000}{io=0/0,kio=0,kro=1}->HttpConnection@477f4c37[p=HttpParser{s=START,0 of -1},g=HttpGenerator@15c4e26{s=START}]=>HttpChannelOverHttp@2f7cc7c9{s=HttpChannelState@b7bc396{s=IDLE rs=BLOCKING os=OPEN is=IDLE awp=false se=false i=true al=0},r=1,c=false/false,a=IDLE,uri=null,age=0} parse HeapByteBuffer@1ef04a69[p=0,l=0,c=8192,r=0]={<<<>>>HTTP/1.1 ...\x00\x00\x00\x00\x00\x00\x00} {}
[DEBUG] parseNext s=START HeapByteBuffer@1ef04a69[p=0,l=0,c=8192,r=0]={<<<>>>HTTP/1.1 ...\x00\x00\x00\x00\x00\x00\x00}
[DEBUG] HttpConnection@477f4c37::SocketChannelEndPoint@66ad315b{l=/127.0.0.1:35372,r=/127.0.0.1:60194,OPEN,fill=-,flush=-,to=1/30000}{io=0/0,kio=0,kro=1}->HttpConnection@477f4c37[p=HttpParser{s=START,0 of -1},g=HttpGenerator@15c4e26{s=START}]=>HttpChannelOverHttp@2f7cc7c9{s=HttpChannelState@b7bc396{s=IDLE rs=BLOCKING os=OPEN is=IDLE awp=false se=false i=true al=0},r=1,c=false/false,a=IDLE,uri=null,age=0} parsed false HttpParser{s=START,0 of -1}
[DEBUG] releaseRequestBuffer HttpConnection@477f4c37::SocketChannelEndPoint@66ad315b{l=/127.0.0.1:35372,r=/127.0.0.1:60194,OPEN,fill=-,flush=-,to=1/30000}{io=0/0,kio=0,kro=1}->HttpConnection@477f4c37[p=HttpParser{s=START,0 of -1},g=HttpGenerator@15c4e26{s=START}]=>HttpChannelOverHttp@2f7cc7c9{s=HttpChannelState@b7bc396{s=IDLE rs=BLOCKING os=OPEN is=IDLE awp=false se=false i=true al=0},r=1,c=false/false,a=IDLE,uri=null,age=0}
[DEBUG] fillInterested HttpConnection@477f4c37::SocketChannelEndPoint@66ad315b{l=/127.0.0.1:35372,r=/127.0.0.1:60194,OPEN,fill=-,flush=-,to=1/30000}{io=0/0,kio=0,kro=1}->HttpConnection@477f4c37[p=HttpParser{s=START,0 of -1},g=HttpGenerator@15c4e26{s=START}]=>HttpChannelOverHttp@2f7cc7c9{s=HttpChannelState@b7bc396{s=IDLE rs=BLOCKING os=OPEN is=IDLE awp=false se=false i=true al=0},r=1,c=false/false,a=IDLE,uri=null,age=0}
[DEBUG] interested FillInterest@546e5ae8{AC.ReadCB@477f4c37{HttpConnection@477f4c37::SocketChannelEndPoint@66ad315b{l=/127.0.0.1:35372,r=/127.0.0.1:60194,OPEN,fill=FI,flush=-,to=0/30000}{io=0/0,kio=0,kro=1}->HttpConnection@477f4c37[p=HttpParser{s=START,0 of -1},g=HttpGenerator@15c4e26{s=START}]=>HttpChannelOverHttp@2f7cc7c9{s=HttpChannelState@b7bc396{s=IDLE rs=BLOCKING os=OPEN is=IDLE awp=false se=false i=true al=0},r=1,c=false/false,a=IDLE,uri=null,age=0}}}
[DEBUG] HttpConnection@2e077e16::SocketChannelEndPoint@61fd9662{l=/127.0.0.1:35372,r=/127.0.0.1:60188,OPEN,fill=FI,flush=-,to=39/30000}{io=0/1,kio=0,kro=1}->HttpConnection@2e077e16[p=HttpParser{s=START,0 of -1},g=HttpGenerator@1f63306b{s=START}]=>HttpChannelOverHttp@6f3a742d{s=HttpChannelState@6b05fd12{s=IDLE rs=BLOCKING os=OPEN is=IDLE awp=false se=false i=true al=0},r=9,c=false/false,a=IDLE,uri=null,age=0} onFillable exit HttpChannelState@6b05fd12{s=IDLE rs=BLOCKING os=OPEN is=IDLE awp=false se=false i=true al=0} null
[DEBUG] ReservedThreadExecutor@278bb07e{s=1/1,p=0}@209ee91a size 1 > capacity
[DEBUG] ran ReservedThreadExecutor@278bb07e{s=1/1,p=0}@209ee91a in QueuedThreadPool[qtp638486177]@260e86a1{STARTED,8<=8<=200,i=1,r=-1,q=0}[ReservedThreadExecutor@278bb07e{s=1/1,p=0}]
[DEBUG] Selector sun.nio.ch.EPollSelectorImpl@36abfb12 woken with none selected
[DEBUG] Selector sun.nio.ch.EPollSelectorImpl@36abfb12 woken up from select, 0/0/6 selected
[DEBUG] Selector sun.nio.ch.EPollSelectorImpl@36abfb12 processing 0 keys, 2 updates
[DEBUG] updateable 2
[DEBUG] update org.eclipse.jetty.io.ChannelEndPoint$$Lambda$475/336675676@4e288159
[DEBUG] Key interests updated 0 -> 1 on SocketChannelEndPoint@61fd9662{l=/127.0.0.1:35372,r=/127.0.0.1:60188,OPEN,fill=FI,flush=-,to=69/30000}{io=1/1,kio=1,kro=1}->HttpConnection@2e077e16[p=HttpParser{s=START,0 of -1},g=HttpGenerator@1f63306b{s=START}]=>HttpChannelOverHttp@6f3a742d{s=HttpChannelState@6b05fd12{s=IDLE rs=BLOCKING os=OPEN is=IDLE awp=false se=false i=true al=0},r=9,c=false/false,a=IDLE,uri=null,age=0}
[DEBUG] update org.eclipse.jetty.io.ChannelEndPoint$$Lambda$475/336675676@287c9698
[DEBUG] Key interests updated 0 -> 1 on SocketChannelEndPoint@3d491fad{l=/127.0.0.1:35372,r=/127.0.0.1:60190,OPEN,fill=FI,flush=-,to=45/30000}{io=1/1,kio=1,kro=1}->HttpConnection@3e7171e5[p=HttpParser{s=START,0 of -1},g=HttpGenerator@274dcaa5{s=START}]=>HttpChannelOverHttp@36eb5f45{s=HttpChannelState@23232c72{s=IDLE rs=BLOCKING os=OPEN is=IDLE awp=false se=false i=true al=0},r=1,c=false/false,a=IDLE,uri=null,age=0}
[DEBUG] updates 0
[DEBUG] Selector sun.nio.ch.EPollSelectorImpl@36abfb12 waiting with 6 keys
[DEBUG] HttpConnection@5cf01cdd::SocketChannelEndPoint@1d3d792f{l=/127.0.0.1:35372,r=/127.0.0.1:60196,OPEN,fill=-,flush=-,to=21/30000}{io=0/0,kio=0,kro=1}->HttpConnection@5cf01cdd[p=HttpParser{s=START,0 of -1},g=HttpGenerator@4d28e34a{s=START}]=>HttpChannelOverHttp@7ef329d0{s=HttpChannelState@586c95fc{s=IDLE rs=BLOCKING os=OPEN is=IDLE awp=false se=false i=true al=0},r=1,c=false/false,a=IDLE,uri=null,age=0} parsed false HttpParser{s=START,0 of -1}
[DEBUG] changeInterests p=false 0->1 for SocketChannelEndPoint@66ad315b{l=/127.0.0.1:35372,r=/127.0.0.1:60194,OPEN,fill=FI,flush=-,to=16/30000}{io=0/1,kio=0,kro=1}->HttpConnection@477f4c37[p=HttpParser{s=START,0 of -1},g=HttpGenerator@15c4e26{s=START}]=>HttpChannelOverHttp@2f7cc7c9{s=HttpChannelState@b7bc396{s=IDLE rs=BLOCKING os=OPEN is=IDLE awp=false se=false i=true al=0},r=1,c=false/false,a=IDLE,uri=null,age=0}
[DEBUG] Queued change lazy=false org.eclipse.jetty.io.ChannelEndPoint$$Lambda$475/336675676@69cdbaa6 on ManagedSelector@72cf2de5{STARTED} id=0 keys=6 selected=0 updates=0
[DEBUG] Wakeup on submit ManagedSelector@72cf2de5{STARTED} id=0 keys=6 selected=0 updates=1
[DEBUG] generate: CONTINUE for SendCallback@2bbb896b[PROCESSING][i=null,cb=org.eclipse.jetty.server.HttpChannel$SendCallback@1aaf347e] (null,[p=0,l=0,c=0,r=0],true)@COMPLETING
[DEBUG] generate: NEED_CHUNK for SendCallback@2bbb896b[PROCESSING][i=null,cb=org.eclipse.jetty.server.HttpChannel$SendCallback@1aaf347e] (null,[p=0,l=0,c=0,r=0],true)@COMPLETING
[DEBUG] generate: FLUSH for SendCallback@2bbb896b[PROCESSING][i=null,cb=org.eclipse.jetty.server.HttpChannel$SendCallback@1aaf347e] (null,[p=0,l=0,c=0,r=0],true)@COMPLETING
[DEBUG] write: WriteFlusher@7fb07ea0{IDLE}->null [HeapByteBuffer@52377fdf[p=0,l=7,c=1024,r=7]={<<<\r\n0\r\n\r\n>>>\n\x00\x00\x00\x00\x00\x00\x00\x00...\x00\x00\x00\x00\x00\x00\x00}]
[DEBUG] update WriteFlusher@7fb07ea0{WRITING}->null:IDLE-->WRITING
[DEBUG] flushed 7 SocketChannelEndPoint@48f3668d{l=/127.0.0.1:35372,r=/127.0.0.1:60192,OPEN,fill=-,flush=W,to=38/30000}{io=0/0,kio=0,kro=1}->HttpConnection@4a663bd0[p=HttpParser{s=CONTENT,0 of -1},g=HttpGenerator@783aa6c6{s=COMPLETING}]=>HttpChannelOverHttp@4e95f790{s=HttpChannelState@40ce48d9{s=HANDLING rs=COMPLETING os=COMMITTED is=IDLE awp=false se=false i=false al=0},r=1,c=false/false,a=HANDLING,uri=//localhost:35372/FileServlet/htmltests/large.html,age=154}
[DEBUG] Flushed=true written=7 remaining=0 WriteFlusher@7fb07ea0{WRITING}->null
[DEBUG] update WriteFlusher@7fb07ea0{IDLE}->null:WRITING-->IDLE
[DEBUG] generate: DONE for SendCallback@2bbb896b[PROCESSING][i=null,cb=org.eclipse.jetty.server.HttpChannel$SendCallback@1aaf347e] (null,[p=0,l=0,c=0,r=0],true)@END
[DEBUG] onWriteComplete(true,null) s=CLOSING,api=BLOCKED,sc=false,e=null->s=CLOSED,api=BLOCKING,sc=false,e=null c=null cb=org.eclipse.jetty.util.Callback$3@747040b6 w=false
[DEBUG] completed HttpChannelState@40ce48d9{s=HANDLING rs=COMPLETING os=COMPLETED is=IDLE awp=false se=false i=false al=0}
[DEBUG] unhandle HttpChannelState@40ce48d9{s=HANDLING rs=COMPLETED os=COMPLETED is=IDLE awp=false se=false i=false al=0}
[DEBUG] nextAction(false) TERMINATED HttpChannelState@40ce48d9{s=IDLE rs=COMPLETED os=COMPLETED is=IDLE awp=false se=false i=false al=0}
[DEBUG] action TERMINATED HttpChannelOverHttp@4e95f790{s=HttpChannelState@40ce48d9{s=IDLE rs=COMPLETED os=COMPLETED is=IDLE awp=false se=false i=false al=0},r=1,c=true/true,a=IDLE,uri=//localhost:35372/FileServlet/htmltests/large.html,age=154}
[DEBUG] onCompleted for /FileServlet/htmltests/large.html written=280735
[DEBUG] filled 0 HeapByteBuffer@2a66826a[p=0,l=0,c=8192,r=0]={<<<>>>GET /File...\x86&h\xA0{\xC1\xC2}
[DEBUG] filled 0 HeapByteBuffer@2a66826a[p=0,l=0,c=8192,r=0]={<<<>>>GET /File...\x86&h\xA0{\xC1\xC2}
[DEBUG] HttpConnection@4a663bd0::SocketChannelEndPoint@48f3668d{l=/127.0.0.1:35372,r=/127.0.0.1:60192,OPEN,fill=-,flush=-,to=0/30000}{io=0/0,kio=0,kro=1}->HttpConnection@4a663bd0[p=HttpParser{s=CONTENT,0 of -1},g=HttpGenerator@783aa6c6{s=END}]=>HttpChannelOverHttp@4e95f790{s=HttpChannelState@40ce48d9{s=IDLE rs=COMPLETED os=COMPLETED is=IDLE awp=false se=false i=false al=0},r=1,c=true/true,a=IDLE,uri=//localhost:35372/FileServlet/htmltests/large.html,age=154} filled 0 HeapByteBuffer@2a66826a[p=0,l=0,c=8192,r=0]={<<<>>>GET /File...\x86&h\xA0{\xC1\xC2}
[DEBUG] HttpConnection@4a663bd0::SocketChannelEndPoint@48f3668d{l=/127.0.0.1:35372,r=/127.0.0.1:60192,OPEN,fill=-,flush=-,to=0/30000}{io=0/0,kio=0,kro=1}->HttpConnection@4a663bd0[p=HttpParser{s=CONTENT,0 of -1},g=HttpGenerator@783aa6c6{s=END}]=>HttpChannelOverHttp@4e95f790{s=HttpChannelState@40ce48d9{s=IDLE rs=COMPLETED os=COMPLETED is=IDLE awp=false se=false i=false al=0},r=1,c=true/true,a=IDLE,uri=//localhost:35372/FileServlet/htmltests/large.html,age=154} parse HeapByteBuffer@2a66826a[p=0,l=0,c=8192,r=0]={<<<>>>GET /File...\x86&h\xA0{\xC1\xC2} {}
[DEBUG] parseNext s=CONTENT HeapByteBuffer@2a66826a[p=0,l=0,c=8192,r=0]={<<<>>>GET /File...\x86&h\xA0{\xC1\xC2}
[DEBUG] CONTENT --> CONTENT_END
[DEBUG] onContentComplete HttpChannelOverHttp@4e95f790{s=HttpChannelState@40ce48d9{s=IDLE rs=COMPLETED os=COMPLETED is=IDLE awp=false se=false i=false al=0},r=1,c=true/true,a=IDLE,uri=//localhost:35372/FileServlet/htmltests/large.html,age=154}
[DEBUG] CONTENT_END --> END
[DEBUG] onRequestComplete HttpChannelOverHttp@4e95f790{s=HttpChannelState@40ce48d9{s=IDLE rs=COMPLETED os=COMPLETED is=IDLE awp=false se=false i=false al=0},r=1,c=true/true,a=IDLE,uri=//localhost:35372/FileServlet/htmltests/large.html,age=155}
[DEBUG] HttpInputOverHTTP@2c76a8a2[c=0,q=0,[0]=null,s=STREAM] addContent EOF
[DEBUG] HttpConnection@4a663bd0::SocketChannelEndPoint@48f3668d{l=/127.0.0.1:35372,r=/127.0.0.1:60192,OPEN,fill=-,flush=-,to=0/30000}{io=0/0,kio=0,kro=1}->HttpConnection@4a663bd0[p=HttpParser{s=END,0 of -1},g=HttpGenerator@783aa6c6{s=END}]=>HttpChannelOverHttp@4e95f790{s=HttpChannelState@40ce48d9{s=IDLE rs=COMPLETED os=COMPLETED is=IDLE awp=false se=false i=false al=0},r=1,c=true/true,a=IDLE,uri=//localhost:35372/FileServlet/htmltests/large.html,age=155} parsed false HttpParser{s=END,0 of -1}
[DEBUG] releaseRequestBuffer HttpConnection@4a663bd0::SocketChannelEndPoint@48f3668d{l=/127.0.0.1:35372,r=/127.0.0.1:60192,OPEN,fill=-,flush=-,to=0/30000}{io=0/0,kio=0,kro=1}->HttpConnection@4a663bd0[p=HttpParser{s=END,0 of -1},g=HttpGenerator@783aa6c6{s=END}]=>HttpChannelOverHttp@4e95f790{s=HttpChannelState@40ce48d9{s=IDLE rs=COMPLETED os=COMPLETED is=IDLE awp=false se=false i=false al=0},r=1,c=true/true,a=IDLE,uri=//localhost:35372/FileServlet/htmltests/large.html,age=155}
[DEBUG] recycle HttpChannelState@40ce48d9{s=IDLE rs=COMPLETED os=COMPLETED is=IDLE awp=false se=false i=false al=0}
[DEBUG] reset HttpParser{s=END,0 of -1}
[DEBUG] END --> START
[DEBUG] !handle TERMINATED HttpChannelOverHttp@4e95f790{s=HttpChannelState@40ce48d9{s=IDLE rs=BLOCKING os=OPEN is=IDLE awp=false se=false i=true al=0},r=1,c=false/false,a=IDLE,uri=null,age=0}
[DEBUG] filled 0 HeapByteBuffer@1ef04a69[p=0,l=0,c=8192,r=0]={<<<>>>HTTP/1.1 ...\x00\x00\x00\x00\x00\x00\x00}
[DEBUG] filled 0 HeapByteBuffer@1ef04a69[p=0,l=0,c=8192,r=0]={<<<>>>HTTP/1.1 ...\x00\x00\x00\x00\x00\x00\x00}
[DEBUG] HttpConnection@4a663bd0::SocketChannelEndPoint@48f3668d{l=/127.0.0.1:35372,r=/127.0.0.1:60192,OPEN,fill=-,flush=-,to=1/30000}{io=0/0,kio=0,kro=1}->HttpConnection@4a663bd0[p=HttpParser{s=START,0 of -1},g=HttpGenerator@783aa6c6{s=START}]=>HttpChannelOverHttp@4e95f790{s=HttpChannelState@40ce48d9{s=IDLE rs=BLOCKING os=OPEN is=IDLE awp=false se=false i=true al=0},r=1,c=false/false,a=IDLE,uri=null,age=0} filled 0 HeapByteBuffer@1ef04a69[p=0,l=0,c=8192,r=0]={<<<>>>HTTP/1.1 ...\x00\x00\x00\x00\x00\x00\x00}
[DEBUG] HttpConnection@4a663bd0::SocketChannelEndPoint@48f3668d{l=/127.0.0.1:35372,r=/127.0.0.1:60192,OPEN,fill=-,flush=-,to=2/30000}{io=0/0,kio=0,kro=1}->HttpConnection@4a663bd0[p=HttpParser{s=START,0 of -1},g=HttpGenerator@783aa6c6{s=START}]=>HttpChannelOverHttp@4e95f790{s=HttpChannelState@40ce48d9{s=IDLE rs=BLOCKING os=OPEN is=IDLE awp=false se=false i=true al=0},r=1,c=false/false,a=IDLE,uri=null,age=0} parse HeapByteBuffer@1ef04a69[p=0,l=0,c=8192,r=0]={<<<>>>HTTP/1.1 ...\x00\x00\x00\x00\x00\x00\x00} {}
[DEBUG] parseNext s=START HeapByteBuffer@1ef04a69[p=0,l=0,c=8192,r=0]={<<<>>>HTTP/1.1 ...\x00\x00\x00\x00\x00\x00\x00}
[DEBUG] HttpConnection@4a663bd0::SocketChannelEndPoint@48f3668d{l=/127.0.0.1:35372,r=/127.0.0.1:60192,OPEN,fill=-,flush=-,to=2/30000}{io=0/0,kio=0,kro=1}->HttpConnection@4a663bd0[p=HttpParser{s=START,0 of -1},g=HttpGenerator@783aa6c6{s=START}]=>HttpChannelOverHttp@4e95f790{s=HttpChannelState@40ce48d9{s=IDLE rs=BLOCKING os=OPEN is=IDLE awp=false se=false i=true al=0},r=1,c=false/false,a=IDLE,uri=null,age=0} parsed false HttpParser{s=START,0 of -1}
[DEBUG] releaseRequestBuffer HttpConnection@4a663bd0::SocketChannelEndPoint@48f3668d{l=/127.0.0.1:35372,r=/127.0.0.1:60192,OPEN,fill=-,flush=-,to=2/30000}{io=0/0,kio=0,kro=1}->HttpConnection@4a663bd0[p=HttpParser{s=START,0 of -1},g=HttpGenerator@783aa6c6{s=START}]=>HttpChannelOverHttp@4e95f790{s=HttpChannelState@40ce48d9{s=IDLE rs=BLOCKING os=OPEN is=IDLE awp=false se=false i=true al=0},r=1,c=false/false,a=IDLE,uri=null,age=0}
[DEBUG] fillInterested HttpConnection@4a663bd0::SocketChannelEndPoint@48f3668d{l=/127.0.0.1:35372,r=/127.0.0.1:60192,OPEN,fill=-,flush=-,to=2/30000}{io=0/0,kio=0,kro=1}->HttpConnection@4a663bd0[p=HttpParser{s=START,0 of -1},g=HttpGenerator@783aa6c6{s=START}]=>HttpChannelOverHttp@4e95f790{s=HttpChannelState@40ce48d9{s=IDLE rs=BLOCKING os=OPEN is=IDLE awp=false se=false i=true al=0},r=1,c=false/false,a=IDLE,uri=null,age=0}
[DEBUG] interested FillInterest@4a00b198{AC.ReadCB@4a663bd0{HttpConnection@4a663bd0::SocketChannelEndPoint@48f3668d{l=/127.0.0.1:35372,r=/127.0.0.1:60192,OPEN,fill=FI,flush=-,to=0/30000}{io=0/0,kio=0,kro=1}->HttpConnection@4a663bd0[p=HttpParser{s=START,0 of -1},g=HttpGenerator@783aa6c6{s=START}]=>HttpChannelOverHttp@4e95f790{s=HttpChannelState@40ce48d9{s=IDLE rs=BLOCKING os=OPEN is=IDLE awp=false se=false i=true al=0},r=1,c=false/false,a=IDLE,uri=null,age=0}}}
[DEBUG] changeInterests p=false 0->1 for SocketChannelEndPoint@48f3668d{l=/127.0.0.1:35372,r=/127.0.0.1:60192,OPEN,fill=FI,flush=-,to=0/30000}{io=0/1,kio=0,kro=1}->HttpConnection@4a663bd0[p=HttpParser{s=START,0 of -1},g=HttpGenerator@783aa6c6{s=START}]=>HttpChannelOverHttp@4e95f790{s=HttpChannelState@40ce48d9{s=IDLE rs=BLOCKING os=OPEN is=IDLE awp=false se=false i=true al=0},r=1,c=false/false,a=IDLE,uri=null,age=0}
[DEBUG] Queued change lazy=false org.eclipse.jetty.io.ChannelEndPoint$$Lambda$475/336675676@31c3bbb3 on ManagedSelector@72cf2de5{STARTED} id=0 keys=6 selected=0 updates=1
[DEBUG] HttpConnection@4a663bd0::SocketChannelEndPoint@48f3668d{l=/127.0.0.1:35372,r=/127.0.0.1:60192,OPEN,fill=FI,flush=-,to=0/30000}{io=0/1,kio=0,kro=1}->HttpConnection@4a663bd0[p=HttpParser{s=START,0 of -1},g=HttpGenerator@783aa6c6{s=START}]=>HttpChannelOverHttp@4e95f790{s=HttpChannelState@40ce48d9{s=IDLE rs=BLOCKING os=OPEN is=IDLE awp=false se=false i=true al=0},r=1,c=false/false,a=IDLE,uri=null,age=0} onFillable exit HttpChannelState@40ce48d9{s=IDLE rs=BLOCKING os=OPEN is=IDLE awp=false se=false i=true al=0} null
[DEBUG] ReservedThreadExecutor@278bb07e{s=1/1,p=0}@5ad36b3a size 1 > capacity
[DEBUG] ran ReservedThreadExecutor@278bb07e{s=1/1,p=0}@5ad36b3a in QueuedThreadPool[qtp638486177]@260e86a1{STARTED,8<=8<=200,i=2,r=-1,q=0}[ReservedThreadExecutor@278bb07e{s=1/1,p=0}]
[DEBUG] releaseRequestBuffer HttpConnection@5cf01cdd::SocketChannelEndPoint@1d3d792f{l=/127.0.0.1:35372,r=/127.0.0.1:60196,OPEN,fill=-,flush=-,to=26/30000}{io=0/0,kio=0,kro=1}->HttpConnection@5cf01cdd[p=HttpParser{s=START,0 of -1},g=HttpGenerator@4d28e34a{s=START}]=>HttpChannelOverHttp@7ef329d0{s=HttpChannelState@586c95fc{s=IDLE rs=BLOCKING os=OPEN is=IDLE awp=false se=false i=true al=0},r=1,c=false/false,a=IDLE,uri=null,age=0}
[DEBUG] fillInterested HttpConnection@5cf01cdd::SocketChannelEndPoint@1d3d792f{l=/127.0.0.1:35372,r=/127.0.0.1:60196,OPEN,fill=-,flush=-,to=33/30000}{io=0/0,kio=0,kro=1}->HttpConnection@5cf01cdd[p=HttpParser{s=START,0 of -1},g=HttpGenerator@4d28e34a{s=START}]=>HttpChannelOverHttp@7ef329d0{s=HttpChannelState@586c95fc{s=IDLE rs=BLOCKING os=OPEN is=IDLE awp=false se=false i=true al=0},r=1,c=false/false,a=IDLE,uri=null,age=0}
[DEBUG] interested FillInterest@71574c66{AC.ReadCB@5cf01cdd{HttpConnection@5cf01cdd::SocketChannelEndPoint@1d3d792f{l=/127.0.0.1:35372,r=/127.0.0.1:60196,OPEN,fill=FI,flush=-,to=0/30000}{io=0/0,kio=0,kro=1}->HttpConnection@5cf01cdd[p=HttpParser{s=START,0 of -1},g=HttpGenerator@4d28e34a{s=START}]=>HttpChannelOverHttp@7ef329d0{s=HttpChannelState@586c95fc{s=IDLE rs=BLOCKING os=OPEN is=IDLE awp=false se=false i=true al=0},r=1,c=false/false,a=IDLE,uri=null,age=0}}}
[DEBUG] changeInterests p=false 0->1 for SocketChannelEndPoint@1d3d792f{l=/127.0.0.1:35372,r=/127.0.0.1:60196,OPEN,fill=FI,flush=-,to=0/30000}{io=0/1,kio=0,kro=1}->HttpConnection@5cf01cdd[p=HttpParser{s=START,0 of -1},g=HttpGenerator@4d28e34a{s=START}]=>HttpChannelOverHttp@7ef329d0{s=HttpChannelState@586c95fc{s=IDLE rs=BLOCKING os=OPEN is=IDLE awp=false se=false i=true al=0},r=1,c=false/false,a=IDLE,uri=null,age=0}
[DEBUG] HttpConnection@477f4c37::SocketChannelEndPoint@66ad315b{l=/127.0.0.1:35372,r=/127.0.0.1:60194,OPEN,fill=FI,flush=-,to=28/30000}{io=0/1,kio=0,kro=1}->HttpConnection@477f4c37[p=HttpParser{s=START,0 of -1},g=HttpGenerator@15c4e26{s=START}]=>HttpChannelOverHttp@2f7cc7c9{s=HttpChannelState@b7bc396{s=IDLE rs=BLOCKING os=OPEN is=IDLE awp=false se=false i=true al=0},r=1,c=false/false,a=IDLE,uri=null,age=0} onFillable exit HttpChannelState@b7bc396{s=IDLE rs=BLOCKING os=OPEN is=IDLE awp=false se=false i=true al=0} null
[DEBUG] Selector sun.nio.ch.EPollSelectorImpl@36abfb12 woken with none selected
[DEBUG] Selector sun.nio.ch.EPollSelectorImpl@36abfb12 woken up from select, 0/0/6 selected
[DEBUG] Selector sun.nio.ch.EPollSelectorImpl@36abfb12 processing 0 keys, 2 updates
[DEBUG] updateable 2
[DEBUG] update org.eclipse.jetty.io.ChannelEndPoint$$Lambda$475/336675676@69cdbaa6
[DEBUG] Key interests updated 0 -> 1 on SocketChannelEndPoint@66ad315b{l=/127.0.0.1:35372,r=/127.0.0.1:60194,OPEN,fill=FI,flush=-,to=28/30000}{io=1/1,kio=1,kro=1}->HttpConnection@477f4c37[p=HttpParser{s=START,0 of -1},g=HttpGenerator@15c4e26{s=START}]=>HttpChannelOverHttp@2f7cc7c9{s=HttpChannelState@b7bc396{s=IDLE rs=BLOCKING os=OPEN is=IDLE awp=false se=false i=true al=0},r=1,c=false/false,a=IDLE,uri=null,age=0}
[DEBUG] update org.eclipse.jetty.io.ChannelEndPoint$$Lambda$475/336675676@31c3bbb3
[DEBUG] Key interests updated 0 -> 1 on SocketChannelEndPoint@48f3668d{l=/127.0.0.1:35372,r=/127.0.0.1:60192,OPEN,fill=FI,flush=-,to=9/30000}{io=1/1,kio=1,kro=1}->HttpConnection@4a663bd0[p=HttpParser{s=START,0 of -1},g=HttpGenerator@783aa6c6{s=START}]=>HttpChannelOverHttp@4e95f790{s=HttpChannelState@40ce48d9{s=IDLE rs=BLOCKING os=OPEN is=IDLE awp=false se=false i=true al=0},r=1,c=false/false,a=IDLE,uri=null,age=0}
[DEBUG] updates 0
[DEBUG] Selector sun.nio.ch.EPollSelectorImpl@36abfb12 waiting with 6 keys
[DEBUG] ReservedThreadExecutor@278bb07e{s=1/1,p=0}@674d569b size 1 > capacity
[DEBUG] ran ReservedThreadExecutor@278bb07e{s=1/1,p=0}@674d569b in QueuedThreadPool[qtp638486177]@260e86a1{STARTED,8<=8<=200,i=3,r=-1,q=0}[ReservedThreadExecutor@278bb07e{s=1/1,p=0}]
[DEBUG] Queued change lazy=false org.eclipse.jetty.io.ChannelEndPoint$$Lambda$475/336675676@2d9da065 on ManagedSelector@72cf2de5{STARTED} id=0 keys=6 selected=0 updates=0
[DEBUG] Wakeup on submit ManagedSelector@72cf2de5{STARTED} id=0 keys=6 selected=0 updates=1
[DEBUG] Selector sun.nio.ch.EPollSelectorImpl@36abfb12 woken with none selected
[DEBUG] Selector sun.nio.ch.EPollSelectorImpl@36abfb12 woken up from select, 0/0/6 selected
[DEBUG] Selector sun.nio.ch.EPollSelectorImpl@36abfb12 processing 0 keys, 1 updates
[DEBUG] updateable 1
[DEBUG] update org.eclipse.jetty.io.ChannelEndPoint$$Lambda$475/336675676@2d9da065
[DEBUG] Key interests updated 0 -> 1 on SocketChannelEndPoint@1d3d792f{l=/127.0.0.1:35372,r=/127.0.0.1:60196,OPEN,fill=FI,flush=-,to=1/30000}{io=1/1,kio=1,kro=1}->HttpConnection@5cf01cdd[p=HttpParser{s=START,0 of -1},g=HttpGenerator@4d28e34a{s=START}]=>HttpChannelOverHttp@7ef329d0{s=HttpChannelState@586c95fc{s=IDLE rs=BLOCKING os=OPEN is=IDLE awp=false se=false i=true al=0},r=1,c=false/false,a=IDLE,uri=null,age=0}
[DEBUG] updates 0
[DEBUG] Selector sun.nio.ch.EPollSelectorImpl@36abfb12 waiting with 6 keys
[DEBUG] HttpConnection@5cf01cdd::SocketChannelEndPoint@1d3d792f{l=/127.0.0.1:35372,r=/127.0.0.1:60196,OPEN,fill=FI,flush=-,to=1/30000}{io=1/1,kio=1,kro=1}->HttpConnection@5cf01cdd[p=HttpParser{s=START,0 of -1},g=HttpGenerator@4d28e34a{s=START}]=>HttpChannelOverHttp@7ef329d0{s=HttpChannelState@586c95fc{s=IDLE rs=BLOCKING os=OPEN is=IDLE awp=false se=false i=true al=0},r=1,c=false/false,a=IDLE,uri=null,age=0} onFillable exit HttpChannelState@586c95fc{s=IDLE rs=BLOCKING os=OPEN is=IDLE awp=false se=false i=true al=0} null
[DEBUG] ReservedThreadExecutor@278bb07e{s=1/1,p=0}@710c7a19 size 1 > capacity
[DEBUG] ran ReservedThreadExecutor@278bb07e{s=1/1,p=0}@710c7a19 in QueuedThreadPool[qtp638486177]@260e86a1{STARTED,8<=8<=200,i=4,r=-1,q=0}[ReservedThreadExecutor@278bb07e{s=1/1,p=0}]
]]></system-out>
  </testcase>
  <testcase name="handlesUnknownEscapesAcrossBuffer" classname="org.jsoup.integration.ConnectTest" time="0.801">
    <system-out><![CDATA[[DEBUG] Selector sun.nio.ch.EPollSelectorImpl@36abfb12 woken up from select, 1/1/6 selected
[DEBUG] Selector sun.nio.ch.EPollSelectorImpl@36abfb12 processing 1 keys, 0 updates
[DEBUG] selected 1 sun.nio.ch.SelectionKeyImpl@1a254c3c SocketChannelEndPoint@1d3d792f{l=/127.0.0.1:35372,r=/127.0.0.1:60196,OPEN,fill=FI,flush=-,to=945/30000}{io=1/1,kio=1,kro=1}->HttpConnection@5cf01cdd[p=HttpParser{s=START,0 of -1},g=HttpGenerator@4d28e34a{s=START}]=>HttpChannelOverHttp@7ef329d0{s=HttpChannelState@586c95fc{s=IDLE rs=BLOCKING os=OPEN is=IDLE awp=false se=false i=true al=0},r=1,c=false/false,a=IDLE,uri=null,age=0} 
[DEBUG] onSelected 1->0 r=true w=false for SocketChannelEndPoint@1d3d792f{l=/127.0.0.1:35372,r=/127.0.0.1:60196,OPEN,fill=FI,flush=-,to=945/30000}{io=1/0,kio=1,kro=1}->HttpConnection@5cf01cdd[p=HttpParser{s=START,0 of -1},g=HttpGenerator@4d28e34a{s=START}]=>HttpChannelOverHttp@7ef329d0{s=HttpChannelState@586c95fc{s=IDLE rs=BLOCKING os=OPEN is=IDLE awp=false se=false i=true al=0},r=1,c=false/false,a=IDLE,uri=null,age=0}
[DEBUG] task CEP:SocketChannelEndPoint@1d3d792f{l=/127.0.0.1:35372,r=/127.0.0.1:60196,OPEN,fill=FI,flush=-,to=945/30000}{io=1/0,kio=1,kro=1}->HttpConnection@5cf01cdd[p=HttpParser{s=START,0 of -1},g=HttpGenerator@4d28e34a{s=START}]=>HttpChannelOverHttp@7ef329d0{s=HttpChannelState@586c95fc{s=IDLE rs=BLOCKING os=OPEN is=IDLE awp=false se=false i=true al=0},r=1,c=false/false,a=IDLE,uri=null,age=0}:runFillable:BLOCKING
[DEBUG] ReservedThreadExecutor@278bb07e{s=1/1,p=0} tryExecute EatWhatYouKill@63b1d4fa/SelectorProducer@4c4d27c8/PRODUCING/p=false/QueuedThreadPool[qtp638486177]@260e86a1{STARTED,8<=8<=200,i=5,r=-1,q=0}[ReservedThreadExecutor@278bb07e{s=1/1,p=0}][pc=0,pic=0,pec=1,epc=7]@2021-09-28T06:03:31.848Z
[DEBUG] ReservedThreadExecutor@278bb07e{s=0/1,p=0}@25086768 offer EatWhatYouKill@63b1d4fa/SelectorProducer@4c4d27c8/PRODUCING/p=false/QueuedThreadPool[qtp638486177]@260e86a1{STARTED,8<=8<=200,i=5,r=-1,q=0}[ReservedThreadExecutor@278bb07e{s=0/1,p=0}][pc=0,pic=0,pec=1,epc=7]@2021-09-28T06:03:31.848Z
[DEBUG] ReservedThreadExecutor@278bb07e{s=0/1,p=1} startReservedThread p=1
[DEBUG] queue ReservedThreadExecutor@278bb07e{s=0/1,p=1}@3f679497 startThread=0
[DEBUG] EatWhatYouKill@63b1d4fa/SelectorProducer@4c4d27c8/IDLE/p=true/QueuedThreadPool[qtp638486177]@260e86a1{STARTED,8<=8<=200,i=4,r=-1,q=0}[ReservedThreadExecutor@278bb07e{s=0/1,p=1}][pc=0,pic=0,pec=1,epc=7]@2021-09-28T06:03:31.848Z m=EXECUTE_PRODUCE_CONSUME t=CEP:SocketChannelEndPoint@1d3d792f{l=/127.0.0.1:35372,r=/127.0.0.1:60196,OPEN,fill=FI,flush=-,to=946/30000}{io=1/0,kio=1,kro=1}->HttpConnection@5cf01cdd[p=HttpParser{s=START,0 of -1},g=HttpGenerator@4d28e34a{s=START}]=>HttpChannelOverHttp@7ef329d0{s=HttpChannelState@586c95fc{s=IDLE rs=BLOCKING os=OPEN is=IDLE awp=false se=false i=true al=0},r=1,c=false/false,a=IDLE,uri=null,age=0}:runFillable:BLOCKING/BLOCKING
[DEBUG] fillable FillInterest@71574c66{AC.ReadCB@5cf01cdd{HttpConnection@5cf01cdd::SocketChannelEndPoint@1d3d792f{l=/127.0.0.1:35372,r=/127.0.0.1:60196,OPEN,fill=FI,flush=-,to=946/30000}{io=1/0,kio=1,kro=1}->HttpConnection@5cf01cdd[p=HttpParser{s=START,0 of -1},g=HttpGenerator@4d28e34a{s=START}]=>HttpChannelOverHttp@7ef329d0{s=HttpChannelState@586c95fc{s=IDLE rs=BLOCKING os=OPEN is=IDLE awp=false se=false i=true al=0},r=1,c=false/false,a=IDLE,uri=null,age=0}}}
[DEBUG] HttpConnection@5cf01cdd::SocketChannelEndPoint@1d3d792f{l=/127.0.0.1:35372,r=/127.0.0.1:60196,OPEN,fill=-,flush=-,to=946/30000}{io=1/0,kio=1,kro=1}->HttpConnection@5cf01cdd[p=HttpParser{s=START,0 of -1},g=HttpGenerator@4d28e34a{s=START}]=>HttpChannelOverHttp@7ef329d0{s=HttpChannelState@586c95fc{s=IDLE rs=BLOCKING os=OPEN is=IDLE awp=false se=false i=true al=0},r=1,c=false/false,a=IDLE,uri=null,age=0} onFillable enter HttpChannelState@586c95fc{s=IDLE rs=BLOCKING os=OPEN is=IDLE awp=false se=false i=true al=0} null
[DEBUG] filled 327 HeapByteBuffer@2a66826a[p=0,l=327,c=8192,r=327]={<<<GET /FileServlet/htmltest...nection: keep-alive\r\n\r\n>>>live\r\n\r\n;...\x86&h\xA0{\xC1\xC2}
[DEBUG] HttpConnection@5cf01cdd::SocketChannelEndPoint@1d3d792f{l=/127.0.0.1:35372,r=/127.0.0.1:60196,OPEN,fill=-,flush=-,to=0/30000}{io=1/0,kio=1,kro=1}->HttpConnection@5cf01cdd[p=HttpParser{s=START,0 of -1},g=HttpGenerator@4d28e34a{s=START}]=>HttpChannelOverHttp@7ef329d0{s=HttpChannelState@586c95fc{s=IDLE rs=BLOCKING os=OPEN is=IDLE awp=false se=false i=true al=0},r=1,c=false/false,a=IDLE,uri=null,age=0} filled 327 HeapByteBuffer@2a66826a[p=0,l=327,c=8192,r=327]={<<<GET /FileServlet/htmltest...nection: keep-alive\r\n\r\n>>>live\r\n\r\n;...\x86&h\xA0{\xC1\xC2}
[DEBUG] HttpConnection@5cf01cdd::SocketChannelEndPoint@1d3d792f{l=/127.0.0.1:35372,r=/127.0.0.1:60196,OPEN,fill=-,flush=-,to=0/30000}{io=1/0,kio=1,kro=1}->HttpConnection@5cf01cdd[p=HttpParser{s=START,0 of -1},g=HttpGenerator@4d28e34a{s=START}]=>HttpChannelOverHttp@7ef329d0{s=HttpChannelState@586c95fc{s=IDLE rs=BLOCKING os=OPEN is=IDLE awp=false se=false i=true al=0},r=1,c=false/false,a=IDLE,uri=null,age=0} parse HeapByteBuffer@2a66826a[p=0,l=327,c=8192,r=327]={<<<GET /FileServlet/htmltest...nection: keep-alive\r\n\r\n>>>live\r\n\r\n;...\x86&h\xA0{\xC1\xC2} {}
[DEBUG] parseNext s=START HeapByteBuffer@2a66826a[p=0,l=327,c=8192,r=327]={<<<GET /FileServlet/htmltest...nection: keep-alive\r\n\r\n>>>live\r\n\r\n;...\x86&h\xA0{\xC1\xC2}
[DEBUG] START --> SPACE1
[DEBUG] SPACE1 --> URI
[DEBUG] URI --> SPACE2
[DEBUG] SPACE2 --> REQUEST_VERSION
[DEBUG] REQUEST_VERSION --> HEADER
[DEBUG] HEADER:Accept-Encoding: gzip --> IN_VALUE
[DEBUG] HEADER:Accept-Encoding: gzip --> FIELD
[DEBUG] HEADER:User-Agent: Mozilla/5.0 (Windows NT 10.0; Win64; x64) AppleWebKit/537.36 (KHTML, like Gecko) Chrome/79.0.3945.130 Safari/537.36 --> IN_VALUE
[DEBUG] HEADER:User-Agent: Mozilla/5.0 (Windows NT 10.0; Win64; x64) AppleWebKit/537.36 (KHTML, like Gecko) Chrome/79.0.3945.130 Safari/537.36 --> FIELD
[DEBUG] HEADER:Host: localhost:35372 --> IN_VALUE
[DEBUG] HEADER:Host: localhost:35372 --> FIELD
[DEBUG] HEADER:Accept: text/html, image/gif, image/jpeg, *; q=.2, */*; q=.2 --> IN_VALUE
[DEBUG] HEADER:Accept: text/html, image/gif, image/jpeg, *; q=.2, */*; q=.2 --> FIELD
[DEBUG] HEADER:Connection: keep-alive --> IN_VALUE
[DEBUG] HEADER:Connection: keep-alive --> FIELD
[DEBUG] HEADER --> CONTENT
[DEBUG] REQUEST for //localhost:35372/FileServlet/htmltests/escapes-across-buffer.html on HttpChannelOverHttp@7ef329d0{s=HttpChannelState@586c95fc{s=IDLE rs=BLOCKING os=OPEN is=IDLE awp=false se=false i=true al=0},r=2,c=false/false,a=IDLE,uri=//localhost:35372/FileServlet/htmltests/escapes-across-buffer.html,age=0}
GET //localhost:35372/FileServlet/htmltests/escapes-across-buffer.html HTTP/1.1
Accept-Encoding: gzip
User-Agent: Mozilla/5.0 (Windows NT 10.0; Win64; x64) AppleWebKit/537.36 (KHTML, like Gecko) Chrome/79.0.3945.130 Safari/537.36
Host: localhost:35372
Accept: text/html, image/gif, image/jpeg, *; q=.2, */*; q=.2
Connection: keep-alive


[DEBUG] ReservedThreadExecutor@278bb07e{s=0/1,p=1}@25086768 task=EatWhatYouKill@63b1d4fa/SelectorProducer@4c4d27c8/IDLE/p=true/QueuedThreadPool[qtp638486177]@260e86a1{STARTED,8<=8<=200,i=4,r=-1,q=0}[ReservedThreadExecutor@278bb07e{s=0/1,p=1}][pc=0,pic=0,pec=1,epc=8]@2021-09-28T06:03:31.85Z
[DEBUG] EatWhatYouKill@63b1d4fa/SelectorProducer@4c4d27c8/IDLE/p=true/QueuedThreadPool[qtp638486177]@260e86a1{STARTED,8<=8<=200,i=4,r=-1,q=0}[ReservedThreadExecutor@278bb07e{s=0/1,p=1}][pc=0,pic=0,pec=1,epc=8]@2021-09-28T06:03:31.85Z tryProduce true
[DEBUG] updateable 0
[DEBUG] updates 0
[DEBUG] Key interests updated 1 -> 0 on SocketChannelEndPoint@1d3d792f{l=/127.0.0.1:35372,r=/127.0.0.1:60196,OPEN,fill=-,flush=-,to=1/30000}{io=0/0,kio=0,kro=1}->HttpConnection@5cf01cdd[p=HttpParser{s=CONTENT,0 of -1},g=HttpGenerator@4d28e34a{s=START}]=>HttpChannelOverHttp@7ef329d0{s=HttpChannelState@586c95fc{s=IDLE rs=BLOCKING os=OPEN is=IDLE awp=false se=false i=true al=0},r=2,c=false/false,a=IDLE,uri=//localhost:35372/FileServlet/htmltests/escapes-across-buffer.html,age=1}
[DEBUG] Selector sun.nio.ch.EPollSelectorImpl@36abfb12 waiting with 6 keys
[DEBUG] run ReservedThreadExecutor@278bb07e{s=0/1,p=1}@3f679497 in QueuedThreadPool[qtp638486177]@260e86a1{STARTED,8<=8<=200,i=4,r=-1,q=0}[ReservedThreadExecutor@278bb07e{s=0/1,p=1}]
[DEBUG] ReservedThreadExecutor@278bb07e{s=1/1,p=1}@3f679497 started
[DEBUG] ReservedThreadExecutor@278bb07e{s=1/1,p=0}@3f679497 waiting
[DEBUG] HttpConnection@5cf01cdd::SocketChannelEndPoint@1d3d792f{l=/127.0.0.1:35372,r=/127.0.0.1:60196,OPEN,fill=-,flush=-,to=0/30000}{io=1/0,kio=1,kro=1}->HttpConnection@5cf01cdd[p=HttpParser{s=CONTENT,0 of -1},g=HttpGenerator@4d28e34a{s=START}]=>HttpChannelOverHttp@7ef329d0{s=HttpChannelState@586c95fc{s=IDLE rs=BLOCKING os=OPEN is=IDLE awp=false se=false i=true al=0},r=2,c=false/false,a=IDLE,uri=//localhost:35372/FileServlet/htmltests/escapes-across-buffer.html,age=1} parsed true HttpParser{s=CONTENT,0 of -1}
[DEBUG] releaseRequestBuffer HttpConnection@5cf01cdd::SocketChannelEndPoint@1d3d792f{l=/127.0.0.1:35372,r=/127.0.0.1:60196,OPEN,fill=-,flush=-,to=1/30000}{io=0/0,kio=0,kro=1}->HttpConnection@5cf01cdd[p=HttpParser{s=CONTENT,0 of -1},g=HttpGenerator@4d28e34a{s=START}]=>HttpChannelOverHttp@7ef329d0{s=HttpChannelState@586c95fc{s=IDLE rs=BLOCKING os=OPEN is=IDLE awp=false se=false i=true al=0},r=2,c=false/false,a=IDLE,uri=//localhost:35372/FileServlet/htmltests/escapes-across-buffer.html,age=1}
[DEBUG] handle //localhost:35372/FileServlet/htmltests/escapes-across-buffer.html HttpChannelOverHttp@7ef329d0{s=HttpChannelState@586c95fc{s=IDLE rs=BLOCKING os=OPEN is=IDLE awp=false se=false i=true al=0},r=2,c=false/false,a=IDLE,uri=//localhost:35372/FileServlet/htmltests/escapes-across-buffer.html,age=1} 
[DEBUG] handling HttpChannelState@586c95fc{s=IDLE rs=BLOCKING os=OPEN is=IDLE awp=false se=false i=true al=0}
[DEBUG] action DISPATCH HttpChannelOverHttp@7ef329d0{s=HttpChannelState@586c95fc{s=HANDLING rs=BLOCKING os=OPEN is=IDLE awp=false se=false i=true al=0},r=2,c=false/false,a=HANDLING,uri=//localhost:35372/FileServlet/htmltests/escapes-across-buffer.html,age=1}
[DEBUG] REQUEST GET /FileServlet/htmltests/escapes-across-buffer.html on HttpChannelOverHttp@7ef329d0{s=HttpChannelState@586c95fc{s=HANDLING rs=BLOCKING os=OPEN is=IDLE awp=false se=false i=true al=0},r=2,c=false/false,a=HANDLING,uri=//localhost:35372/FileServlet/htmltests/escapes-across-buffer.html,age=1}
[DEBUG] servlet null|/FileServlet|/htmltests/escapes-across-buffer.html -> org.jsoup.integration.servlets.FileServlet-60dce7ea==org.jsoup.integration.servlets.FileServlet@c786463a{jsp=null,order=-1,inst=true,async=true,src=EMBEDDED:null,STARTED}
[DEBUG] chain=null
[DEBUG] write(array HeapByteBuffer@1246192b[p=0,l=8192,c=8192,r=8192]={<<<<html>\n<body>\n&aaaa;&aaab...bhha;&bhhb;&bhhc;&bhhd;>>>})
[DEBUG] write(array) s=OPEN,api=BLOCKING,sc=false,e=null aggregated !flush DirectByteBuffer@7c27fa39[p=0,l=8192,c=32768,r=8192]={<<<<html>\n<body>\n&aaaa;&aaab...bhha;&bhhb;&bhhc;&bhhd;>>>na. Quisq...gue. Pr}
[DEBUG] write(array HeapByteBuffer@5d85f68a[p=0,l=6605,c=8192,r=6605]={<<<&bhhe;&bhhf;&bhhg;&bhhh;&...&dddd;\n</body>\n</html>\n>>>fa;&befb;...;&bhhd;})
[DEBUG] write(array) s=OPEN,api=BLOCKING,sc=false,e=null aggregated !flush DirectByteBuffer@7c27fa39[p=0,l=14797,c=32768,r=14797]={<<<<html>\n<body>\n&aaaa;&aaab...&dddd;\n</body>\n</html>\n>>>>. In vel...gue. Pr}
[DEBUG] sendResponse info=null content=DirectByteBuffer@7c27fa39[p=0,l=14797,c=32768,r=14797]={<<<<html>\n<body>\n&aaaa;&aaab...&dddd;\n</body>\n</html>\n>>>>. In vel...gue. Pr} complete=false committing=true callback=Blocker@502cdfa5{null}
[DEBUG] COMMIT for /FileServlet/htmltests/escapes-across-buffer.html on HttpChannelOverHttp@7ef329d0{s=HttpChannelState@586c95fc{s=HANDLING rs=BLOCKING os=COMMITTED is=IDLE awp=false se=false i=true al=0},r=2,c=false/false,a=HANDLING,uri=//localhost:35372/FileServlet/htmltests/escapes-across-buffer.html,age=2}
200 null HTTP/1.1
Date: Tue, 28 Sep 2021 06:03:31 GMT
Content-Type: text/html


[DEBUG] generate: NEED_HEADER for SendCallback@3172a75d[PROCESSING][i=HTTP/1.1{s=200,h=2,cl=-1},cb=org.eclipse.jetty.server.HttpChannel$SendCallback@71b7d0aa] (null,[p=0,l=14797,c=32768,r=14797],false)@START
[DEBUG] generateHeaders HTTP/1.1{s=200,h=2,cl=-1} last=false content=DirectByteBuffer@7c27fa39[p=0,l=14797,c=32768,r=14797]={<<<<html>\n<body>\n&aaaa;&aaab...&dddd;\n</body>\n</html>\n>>>>. In vel...gue. Pr}
[DEBUG] Date: Tue, 28 Sep 2021 06:03:31 GMT
Content-Type: text/html


[DEBUG] CHUNKED_CONTENT
[DEBUG] generate: FLUSH for SendCallback@3172a75d[PROCESSING][i=HTTP/1.1{s=200,h=2,cl=-1},cb=org.eclipse.jetty.server.HttpChannel$SendCallback@71b7d0aa] ([p=0,l=148,c=8192,r=148],[p=0,l=14797,c=32768,r=14797],false)@COMMITTED
[DEBUG] write: WriteFlusher@2d16eb21{IDLE}->null [HeapByteBuffer@1ef04a69[p=0,l=148,c=8192,r=148]={<<<HTTP/1.1 200 OK\r\nDate: Tu...43.v20210629)\r\n\r\n39CD\r\n>>>ML, like ...\x00\x00\x00\x00\x00\x00\x00},DirectByteBuffer@7c27fa39[p=0,l=14797,c=32768,r=14797]={<<<<html>\n<body>\n&aaaa;&aaab...&dddd;\n</body>\n</html>\n>>>>. In vel...gue. Pr}]
[DEBUG] update WriteFlusher@2d16eb21{WRITING}->null:IDLE-->WRITING
[DEBUG] flushed 14945 SocketChannelEndPoint@1d3d792f{l=/127.0.0.1:35372,r=/127.0.0.1:60196,OPEN,fill=-,flush=W,to=2/30000}{io=0/0,kio=0,kro=1}->HttpConnection@5cf01cdd[p=HttpParser{s=CONTENT,0 of -1},g=HttpGenerator@4d28e34a{s=COMMITTED}]=>HttpChannelOverHttp@7ef329d0{s=HttpChannelState@586c95fc{s=HANDLING rs=BLOCKING os=COMMITTED is=IDLE awp=false se=false i=true al=0},r=2,c=false/false,a=HANDLING,uri=//localhost:35372/FileServlet/htmltests/escapes-across-buffer.html,age=3}
[DEBUG] Flushed=true written=14945 remaining=0 WriteFlusher@2d16eb21{WRITING}->null
[DEBUG] update WriteFlusher@2d16eb21{IDLE}->null:WRITING-->IDLE
[DEBUG] generate: DONE for SendCallback@3172a75d[PROCESSING][i=HTTP/1.1{s=200,h=2,cl=-1},cb=org.eclipse.jetty.server.HttpChannel$SendCallback@71b7d0aa] ([p=148,l=148,c=8192,r=0],[p=14797,l=14797,c=32768,r=0],false)@COMMITTED
[DEBUG] onWriteComplete(false,null) s=OPEN,api=BLOCKED,sc=false,e=null->s=OPEN,api=BLOCKING,sc=false,e=null c=null cb=null w=false
[DEBUG] handled=true async=false committed=true on HttpChannelOverHttp@7ef329d0{s=HttpChannelState@586c95fc{s=HANDLING rs=BLOCKING os=COMMITTED is=IDLE awp=false se=false i=true al=0},r=2,c=false/false,a=HANDLING,uri=//localhost:35372/FileServlet/htmltests/escapes-across-buffer.html,age=3}
[DEBUG] unhandle HttpChannelState@586c95fc{s=HANDLING rs=BLOCKING os=COMMITTED is=IDLE awp=false se=false i=true al=0}
[DEBUG] nextAction(false) COMPLETE HttpChannelState@586c95fc{s=HANDLING rs=COMPLETING os=COMMITTED is=IDLE awp=false se=false i=false al=0}
[DEBUG] action COMPLETE HttpChannelOverHttp@7ef329d0{s=HttpChannelState@586c95fc{s=HANDLING rs=COMPLETING os=COMMITTED is=IDLE awp=false se=false i=false al=0},r=2,c=false/false,a=HANDLING,uri=//localhost:35372/FileServlet/htmltests/escapes-across-buffer.html,age=3}
[DEBUG] complete(org.eclipse.jetty.util.Callback$3@72f72127) s=CLOSING,api=BLOCKED,sc=false,e=null s=false e=null, c=HeapByteBuffer@13dae45a[p=0,l=0,c=0,r=0]={<<<>>>}
[DEBUG] sendResponse info=null content=HeapByteBuffer@13dae45a[p=0,l=0,c=0,r=0]={<<<>>>} complete=true committing=false callback=org.eclipse.jetty.server.HttpOutput$WriteCompleteCB@50dae113
[DEBUG] generate: CONTINUE for SendCallback@3172a75d[PROCESSING][i=null,cb=org.eclipse.jetty.server.HttpChannel$SendCallback@22196c24] (null,[p=0,l=0,c=0,r=0],true)@COMPLETING
[DEBUG] generate: NEED_CHUNK for SendCallback@3172a75d[PROCESSING][i=null,cb=org.eclipse.jetty.server.HttpChannel$SendCallback@22196c24] (null,[p=0,l=0,c=0,r=0],true)@COMPLETING
[DEBUG] generate: FLUSH for SendCallback@3172a75d[PROCESSING][i=null,cb=org.eclipse.jetty.server.HttpChannel$SendCallback@22196c24] (null,[p=0,l=0,c=0,r=0],true)@COMPLETING
[DEBUG] write: WriteFlusher@2d16eb21{IDLE}->null [HeapByteBuffer@2ed6021b[p=0,l=7,c=1024,r=7]={<<<\r\n0\r\n\r\n>>>\n\x00\x00\x00\x00\x00\x00\x00\x00...\x00\x00\x00\x00\x00\x00\x00}]
[DEBUG] update WriteFlusher@2d16eb21{WRITING}->null:IDLE-->WRITING
[DEBUG] flushed 7 SocketChannelEndPoint@1d3d792f{l=/127.0.0.1:35372,r=/127.0.0.1:60196,OPEN,fill=-,flush=W,to=0/30000}{io=0/0,kio=0,kro=1}->HttpConnection@5cf01cdd[p=HttpParser{s=CONTENT,0 of -1},g=HttpGenerator@4d28e34a{s=COMPLETING}]=>HttpChannelOverHttp@7ef329d0{s=HttpChannelState@586c95fc{s=HANDLING rs=COMPLETING os=COMMITTED is=IDLE awp=false se=false i=false al=0},r=2,c=false/false,a=HANDLING,uri=//localhost:35372/FileServlet/htmltests/escapes-across-buffer.html,age=3}
[DEBUG] Flushed=true written=7 remaining=0 WriteFlusher@2d16eb21{WRITING}->null
[DEBUG] update WriteFlusher@2d16eb21{IDLE}->null:WRITING-->IDLE
[DEBUG] generate: DONE for SendCallback@3172a75d[PROCESSING][i=null,cb=org.eclipse.jetty.server.HttpChannel$SendCallback@22196c24] (null,[p=0,l=0,c=0,r=0],true)@END
[DEBUG] onWriteComplete(true,null) s=CLOSING,api=BLOCKED,sc=false,e=null->s=CLOSED,api=BLOCKING,sc=false,e=null c=null cb=org.eclipse.jetty.util.Callback$3@72f72127 w=false
[DEBUG] completed HttpChannelState@586c95fc{s=HANDLING rs=COMPLETING os=COMPLETED is=IDLE awp=false se=false i=false al=0}
[DEBUG] unhandle HttpChannelState@586c95fc{s=HANDLING rs=COMPLETED os=COMPLETED is=IDLE awp=false se=false i=false al=0}
[DEBUG] nextAction(false) TERMINATED HttpChannelState@586c95fc{s=IDLE rs=COMPLETED os=COMPLETED is=IDLE awp=false se=false i=false al=0}
[DEBUG] action TERMINATED HttpChannelOverHttp@7ef329d0{s=HttpChannelState@586c95fc{s=IDLE rs=COMPLETED os=COMPLETED is=IDLE awp=false se=false i=false al=0},r=2,c=true/true,a=IDLE,uri=//localhost:35372/FileServlet/htmltests/escapes-across-buffer.html,age=4}
[DEBUG] onCompleted for /FileServlet/htmltests/escapes-across-buffer.html written=14797
[DEBUG] filled 0 HeapByteBuffer@460916c[p=0,l=0,c=8192,r=0]={<<<>>>HTTP/1.1 ...\x00\x00\x00\x00\x00\x00\x00}
[DEBUG] filled 0 HeapByteBuffer@460916c[p=0,l=0,c=8192,r=0]={<<<>>>HTTP/1.1 ...\x00\x00\x00\x00\x00\x00\x00}
[DEBUG] HttpConnection@5cf01cdd::SocketChannelEndPoint@1d3d792f{l=/127.0.0.1:35372,r=/127.0.0.1:60196,OPEN,fill=-,flush=-,to=0/30000}{io=0/0,kio=0,kro=1}->HttpConnection@5cf01cdd[p=HttpParser{s=CONTENT,0 of -1},g=HttpGenerator@4d28e34a{s=END}]=>HttpChannelOverHttp@7ef329d0{s=HttpChannelState@586c95fc{s=IDLE rs=COMPLETED os=COMPLETED is=IDLE awp=false se=false i=false al=0},r=2,c=true/true,a=IDLE,uri=//localhost:35372/FileServlet/htmltests/escapes-across-buffer.html,age=4} filled 0 HeapByteBuffer@460916c[p=0,l=0,c=8192,r=0]={<<<>>>HTTP/1.1 ...\x00\x00\x00\x00\x00\x00\x00}
[DEBUG] HttpConnection@5cf01cdd::SocketChannelEndPoint@1d3d792f{l=/127.0.0.1:35372,r=/127.0.0.1:60196,OPEN,fill=-,flush=-,to=0/30000}{io=0/0,kio=0,kro=1}->HttpConnection@5cf01cdd[p=HttpParser{s=CONTENT,0 of -1},g=HttpGenerator@4d28e34a{s=END}]=>HttpChannelOverHttp@7ef329d0{s=HttpChannelState@586c95fc{s=IDLE rs=COMPLETED os=COMPLETED is=IDLE awp=false se=false i=false al=0},r=2,c=true/true,a=IDLE,uri=//localhost:35372/FileServlet/htmltests/escapes-across-buffer.html,age=4} parse HeapByteBuffer@460916c[p=0,l=0,c=8192,r=0]={<<<>>>HTTP/1.1 ...\x00\x00\x00\x00\x00\x00\x00} {}
[DEBUG] parseNext s=CONTENT HeapByteBuffer@460916c[p=0,l=0,c=8192,r=0]={<<<>>>HTTP/1.1 ...\x00\x00\x00\x00\x00\x00\x00}
[DEBUG] CONTENT --> CONTENT_END
[DEBUG] onContentComplete HttpChannelOverHttp@7ef329d0{s=HttpChannelState@586c95fc{s=IDLE rs=COMPLETED os=COMPLETED is=IDLE awp=false se=false i=false al=0},r=2,c=true/true,a=IDLE,uri=//localhost:35372/FileServlet/htmltests/escapes-across-buffer.html,age=4}
[DEBUG] CONTENT_END --> END
[DEBUG] onRequestComplete HttpChannelOverHttp@7ef329d0{s=HttpChannelState@586c95fc{s=IDLE rs=COMPLETED os=COMPLETED is=IDLE awp=false se=false i=false al=0},r=2,c=true/true,a=IDLE,uri=//localhost:35372/FileServlet/htmltests/escapes-across-buffer.html,age=4}
[DEBUG] HttpInputOverHTTP@31158418[c=0,q=0,[0]=null,s=STREAM] addContent EOF
[DEBUG] HttpConnection@5cf01cdd::SocketChannelEndPoint@1d3d792f{l=/127.0.0.1:35372,r=/127.0.0.1:60196,OPEN,fill=-,flush=-,to=0/30000}{io=0/0,kio=0,kro=1}->HttpConnection@5cf01cdd[p=HttpParser{s=END,0 of -1},g=HttpGenerator@4d28e34a{s=END}]=>HttpChannelOverHttp@7ef329d0{s=HttpChannelState@586c95fc{s=IDLE rs=COMPLETED os=COMPLETED is=IDLE awp=false se=false i=false al=0},r=2,c=true/true,a=IDLE,uri=//localhost:35372/FileServlet/htmltests/escapes-across-buffer.html,age=4} parsed false HttpParser{s=END,0 of -1}
[DEBUG] releaseRequestBuffer HttpConnection@5cf01cdd::SocketChannelEndPoint@1d3d792f{l=/127.0.0.1:35372,r=/127.0.0.1:60196,OPEN,fill=-,flush=-,to=0/30000}{io=0/0,kio=0,kro=1}->HttpConnection@5cf01cdd[p=HttpParser{s=END,0 of -1},g=HttpGenerator@4d28e34a{s=END}]=>HttpChannelOverHttp@7ef329d0{s=HttpChannelState@586c95fc{s=IDLE rs=COMPLETED os=COMPLETED is=IDLE awp=false se=false i=false al=0},r=2,c=true/true,a=IDLE,uri=//localhost:35372/FileServlet/htmltests/escapes-across-buffer.html,age=4}
[DEBUG] recycle HttpChannelState@586c95fc{s=IDLE rs=COMPLETED os=COMPLETED is=IDLE awp=false se=false i=false al=0}
[DEBUG] reset HttpParser{s=END,0 of -1}
[DEBUG] END --> START
[DEBUG] !handle TERMINATED HttpChannelOverHttp@7ef329d0{s=HttpChannelState@586c95fc{s=IDLE rs=BLOCKING os=OPEN is=IDLE awp=false se=false i=true al=0},r=2,c=false/false,a=IDLE,uri=null,age=0}
[DEBUG] filled 0 HeapByteBuffer@2a66826a[p=0,l=0,c=8192,r=0]={<<<>>>GET /File...\x86&h\xA0{\xC1\xC2}
[DEBUG] filled 0 HeapByteBuffer@2a66826a[p=0,l=0,c=8192,r=0]={<<<>>>GET /File...\x86&h\xA0{\xC1\xC2}
[DEBUG] HttpConnection@5cf01cdd::SocketChannelEndPoint@1d3d792f{l=/127.0.0.1:35372,r=/127.0.0.1:60196,OPEN,fill=-,flush=-,to=12/30000}{io=0/0,kio=0,kro=1}->HttpConnection@5cf01cdd[p=HttpParser{s=START,0 of -1},g=HttpGenerator@4d28e34a{s=START}]=>HttpChannelOverHttp@7ef329d0{s=HttpChannelState@586c95fc{s=IDLE rs=BLOCKING os=OPEN is=IDLE awp=false se=false i=true al=0},r=2,c=false/false,a=IDLE,uri=null,age=0} filled 0 HeapByteBuffer@2a66826a[p=0,l=0,c=8192,r=0]={<<<>>>GET /File...\x86&h\xA0{\xC1\xC2}
[DEBUG] HttpConnection@5cf01cdd::SocketChannelEndPoint@1d3d792f{l=/127.0.0.1:35372,r=/127.0.0.1:60196,OPEN,fill=-,flush=-,to=12/30000}{io=0/0,kio=0,kro=1}->HttpConnection@5cf01cdd[p=HttpParser{s=START,0 of -1},g=HttpGenerator@4d28e34a{s=START}]=>HttpChannelOverHttp@7ef329d0{s=HttpChannelState@586c95fc{s=IDLE rs=BLOCKING os=OPEN is=IDLE awp=false se=false i=true al=0},r=2,c=false/false,a=IDLE,uri=null,age=0} parse HeapByteBuffer@2a66826a[p=0,l=0,c=8192,r=0]={<<<>>>GET /File...\x86&h\xA0{\xC1\xC2} {}
[DEBUG] parseNext s=START HeapByteBuffer@2a66826a[p=0,l=0,c=8192,r=0]={<<<>>>GET /File...\x86&h\xA0{\xC1\xC2}
[DEBUG] HttpConnection@5cf01cdd::SocketChannelEndPoint@1d3d792f{l=/127.0.0.1:35372,r=/127.0.0.1:60196,OPEN,fill=-,flush=-,to=12/30000}{io=0/0,kio=0,kro=1}->HttpConnection@5cf01cdd[p=HttpParser{s=START,0 of -1},g=HttpGenerator@4d28e34a{s=START}]=>HttpChannelOverHttp@7ef329d0{s=HttpChannelState@586c95fc{s=IDLE rs=BLOCKING os=OPEN is=IDLE awp=false se=false i=true al=0},r=2,c=false/false,a=IDLE,uri=null,age=0} parsed false HttpParser{s=START,0 of -1}
[DEBUG] releaseRequestBuffer HttpConnection@5cf01cdd::SocketChannelEndPoint@1d3d792f{l=/127.0.0.1:35372,r=/127.0.0.1:60196,OPEN,fill=-,flush=-,to=12/30000}{io=0/0,kio=0,kro=1}->HttpConnection@5cf01cdd[p=HttpParser{s=START,0 of -1},g=HttpGenerator@4d28e34a{s=START}]=>HttpChannelOverHttp@7ef329d0{s=HttpChannelState@586c95fc{s=IDLE rs=BLOCKING os=OPEN is=IDLE awp=false se=false i=true al=0},r=2,c=false/false,a=IDLE,uri=null,age=0}
[DEBUG] fillInterested HttpConnection@5cf01cdd::SocketChannelEndPoint@1d3d792f{l=/127.0.0.1:35372,r=/127.0.0.1:60196,OPEN,fill=-,flush=-,to=13/30000}{io=0/0,kio=0,kro=1}->HttpConnection@5cf01cdd[p=HttpParser{s=START,0 of -1},g=HttpGenerator@4d28e34a{s=START}]=>HttpChannelOverHttp@7ef329d0{s=HttpChannelState@586c95fc{s=IDLE rs=BLOCKING os=OPEN is=IDLE awp=false se=false i=true al=0},r=2,c=false/false,a=IDLE,uri=null,age=0}
[DEBUG] interested FillInterest@71574c66{AC.ReadCB@5cf01cdd{HttpConnection@5cf01cdd::SocketChannelEndPoint@1d3d792f{l=/127.0.0.1:35372,r=/127.0.0.1:60196,OPEN,fill=FI,flush=-,to=0/30000}{io=0/0,kio=0,kro=1}->HttpConnection@5cf01cdd[p=HttpParser{s=START,0 of -1},g=HttpGenerator@4d28e34a{s=START}]=>HttpChannelOverHttp@7ef329d0{s=HttpChannelState@586c95fc{s=IDLE rs=BLOCKING os=OPEN is=IDLE awp=false se=false i=true al=0},r=2,c=false/false,a=IDLE,uri=null,age=0}}}
[DEBUG] changeInterests p=false 0->1 for SocketChannelEndPoint@1d3d792f{l=/127.0.0.1:35372,r=/127.0.0.1:60196,OPEN,fill=FI,flush=-,to=0/30000}{io=0/1,kio=0,kro=1}->HttpConnection@5cf01cdd[p=HttpParser{s=START,0 of -1},g=HttpGenerator@4d28e34a{s=START}]=>HttpChannelOverHttp@7ef329d0{s=HttpChannelState@586c95fc{s=IDLE rs=BLOCKING os=OPEN is=IDLE awp=false se=false i=true al=0},r=2,c=false/false,a=IDLE,uri=null,age=0}
[DEBUG] Queued change lazy=false org.eclipse.jetty.io.ChannelEndPoint$$Lambda$475/336675676@2d9da065 on ManagedSelector@72cf2de5{STARTED} id=0 keys=6 selected=0 updates=0
[DEBUG] Wakeup on submit ManagedSelector@72cf2de5{STARTED} id=0 keys=6 selected=0 updates=1
[DEBUG] Selector sun.nio.ch.EPollSelectorImpl@36abfb12 woken with none selected
[DEBUG] Selector sun.nio.ch.EPollSelectorImpl@36abfb12 woken up from select, 0/0/6 selected
[DEBUG] Selector sun.nio.ch.EPollSelectorImpl@36abfb12 processing 0 keys, 1 updates
[DEBUG] updateable 1
[DEBUG] update org.eclipse.jetty.io.ChannelEndPoint$$Lambda$475/336675676@2d9da065
[DEBUG] Key interests updated 0 -> 1 on SocketChannelEndPoint@1d3d792f{l=/127.0.0.1:35372,r=/127.0.0.1:60196,OPEN,fill=FI,flush=-,to=0/30000}{io=1/1,kio=1,kro=1}->HttpConnection@5cf01cdd[p=HttpParser{s=START,0 of -1},g=HttpGenerator@4d28e34a{s=START}]=>HttpChannelOverHttp@7ef329d0{s=HttpChannelState@586c95fc{s=IDLE rs=BLOCKING os=OPEN is=IDLE awp=false se=false i=true al=0},r=2,c=false/false,a=IDLE,uri=null,age=0}
[DEBUG] updates 0
[DEBUG] Selector sun.nio.ch.EPollSelectorImpl@36abfb12 waiting with 6 keys
[DEBUG] HttpConnection@5cf01cdd::SocketChannelEndPoint@1d3d792f{l=/127.0.0.1:35372,r=/127.0.0.1:60196,OPEN,fill=FI,flush=-,to=0/30000}{io=1/1,kio=1,kro=1}->HttpConnection@5cf01cdd[p=HttpParser{s=START,0 of -1},g=HttpGenerator@4d28e34a{s=START}]=>HttpChannelOverHttp@7ef329d0{s=HttpChannelState@586c95fc{s=IDLE rs=BLOCKING os=OPEN is=IDLE awp=false se=false i=true al=0},r=2,c=false/false,a=IDLE,uri=null,age=0} onFillable exit HttpChannelState@586c95fc{s=IDLE rs=BLOCKING os=OPEN is=IDLE awp=false se=false i=true al=0} null
[DEBUG] ReservedThreadExecutor@278bb07e{s=1/1,p=0}@66d97fb0 size 1 > capacity
[DEBUG] ran ReservedThreadExecutor@278bb07e{s=1/1,p=0}@66d97fb0 in QueuedThreadPool[qtp638486177]@260e86a1{STARTED,8<=8<=200,i=4,r=-1,q=0}[ReservedThreadExecutor@278bb07e{s=1/1,p=0}]
]]></system-out>
  </testcase>
  <testcase name="throwsExceptionOn404" classname="org.jsoup.integration.ConnectTest" time="0.016">
    <system-out><![CDATA[[DEBUG] Selector sun.nio.ch.EPollSelectorImpl@36abfb12 woken up from select, 1/1/6 selected
[DEBUG] Selector sun.nio.ch.EPollSelectorImpl@36abfb12 processing 1 keys, 0 updates
[DEBUG] selected 1 sun.nio.ch.SelectionKeyImpl@1a254c3c SocketChannelEndPoint@1d3d792f{l=/127.0.0.1:35372,r=/127.0.0.1:60196,OPEN,fill=FI,flush=-,to=18/30000}{io=1/1,kio=1,kro=1}->HttpConnection@5cf01cdd[p=HttpParser{s=START,0 of -1},g=HttpGenerator@4d28e34a{s=START}]=>HttpChannelOverHttp@7ef329d0{s=HttpChannelState@586c95fc{s=IDLE rs=BLOCKING os=OPEN is=IDLE awp=false se=false i=true al=0},r=2,c=false/false,a=IDLE,uri=null,age=0} 
[DEBUG] onSelected 1->0 r=true w=false for SocketChannelEndPoint@1d3d792f{l=/127.0.0.1:35372,r=/127.0.0.1:60196,OPEN,fill=FI,flush=-,to=18/30000}{io=1/0,kio=1,kro=1}->HttpConnection@5cf01cdd[p=HttpParser{s=START,0 of -1},g=HttpGenerator@4d28e34a{s=START}]=>HttpChannelOverHttp@7ef329d0{s=HttpChannelState@586c95fc{s=IDLE rs=BLOCKING os=OPEN is=IDLE awp=false se=false i=true al=0},r=2,c=false/false,a=IDLE,uri=null,age=0}
[DEBUG] task CEP:SocketChannelEndPoint@1d3d792f{l=/127.0.0.1:35372,r=/127.0.0.1:60196,OPEN,fill=FI,flush=-,to=18/30000}{io=1/0,kio=1,kro=1}->HttpConnection@5cf01cdd[p=HttpParser{s=START,0 of -1},g=HttpGenerator@4d28e34a{s=START}]=>HttpChannelOverHttp@7ef329d0{s=HttpChannelState@586c95fc{s=IDLE rs=BLOCKING os=OPEN is=IDLE awp=false se=false i=true al=0},r=2,c=false/false,a=IDLE,uri=null,age=0}:runFillable:BLOCKING
[DEBUG] ReservedThreadExecutor@278bb07e{s=1/1,p=0} tryExecute EatWhatYouKill@63b1d4fa/SelectorProducer@4c4d27c8/PRODUCING/p=false/QueuedThreadPool[qtp638486177]@260e86a1{STARTED,8<=8<=200,i=5,r=-1,q=0}[ReservedThreadExecutor@278bb07e{s=1/1,p=0}][pc=0,pic=0,pec=1,epc=8]@2021-09-28T06:03:31.884Z
[DEBUG] ReservedThreadExecutor@278bb07e{s=0/1,p=0}@3f679497 offer EatWhatYouKill@63b1d4fa/SelectorProducer@4c4d27c8/PRODUCING/p=false/QueuedThreadPool[qtp638486177]@260e86a1{STARTED,8<=8<=200,i=5,r=-1,q=0}[ReservedThreadExecutor@278bb07e{s=0/1,p=0}][pc=0,pic=0,pec=1,epc=8]@2021-09-28T06:03:31.884Z
[DEBUG] ReservedThreadExecutor@278bb07e{s=0/1,p=1} startReservedThread p=1
[DEBUG] queue ReservedThreadExecutor@278bb07e{s=0/1,p=1}@1041de31 startThread=0
[DEBUG] EatWhatYouKill@63b1d4fa/SelectorProducer@4c4d27c8/IDLE/p=true/QueuedThreadPool[qtp638486177]@260e86a1{STARTED,8<=8<=200,i=4,r=-1,q=0}[ReservedThreadExecutor@278bb07e{s=0/1,p=1}][pc=0,pic=0,pec=1,epc=8]@2021-09-28T06:03:31.884Z m=EXECUTE_PRODUCE_CONSUME t=CEP:SocketChannelEndPoint@1d3d792f{l=/127.0.0.1:35372,r=/127.0.0.1:60196,OPEN,fill=FI,flush=-,to=19/30000}{io=1/0,kio=1,kro=1}->HttpConnection@5cf01cdd[p=HttpParser{s=START,0 of -1},g=HttpGenerator@4d28e34a{s=START}]=>HttpChannelOverHttp@7ef329d0{s=HttpChannelState@586c95fc{s=IDLE rs=BLOCKING os=OPEN is=IDLE awp=false se=false i=true al=0},r=2,c=false/false,a=IDLE,uri=null,age=0}:runFillable:BLOCKING/BLOCKING
[DEBUG] fillable FillInterest@71574c66{AC.ReadCB@5cf01cdd{HttpConnection@5cf01cdd::SocketChannelEndPoint@1d3d792f{l=/127.0.0.1:35372,r=/127.0.0.1:60196,OPEN,fill=FI,flush=-,to=19/30000}{io=1/0,kio=1,kro=1}->HttpConnection@5cf01cdd[p=HttpParser{s=START,0 of -1},g=HttpGenerator@4d28e34a{s=START}]=>HttpChannelOverHttp@7ef329d0{s=HttpChannelState@586c95fc{s=IDLE rs=BLOCKING os=OPEN is=IDLE awp=false se=false i=true al=0},r=2,c=false/false,a=IDLE,uri=null,age=0}}}
[DEBUG] HttpConnection@5cf01cdd::SocketChannelEndPoint@1d3d792f{l=/127.0.0.1:35372,r=/127.0.0.1:60196,OPEN,fill=-,flush=-,to=19/30000}{io=1/0,kio=1,kro=1}->HttpConnection@5cf01cdd[p=HttpParser{s=START,0 of -1},g=HttpGenerator@4d28e34a{s=START}]=>HttpChannelOverHttp@7ef329d0{s=HttpChannelState@586c95fc{s=IDLE rs=BLOCKING os=OPEN is=IDLE awp=false se=false i=true al=0},r=2,c=false/false,a=IDLE,uri=null,age=0} onFillable enter HttpChannelState@586c95fc{s=IDLE rs=BLOCKING os=OPEN is=IDLE awp=false se=false i=true al=0} null
[DEBUG] filled 301 HeapByteBuffer@1ef04a69[p=0,l=301,c=8192,r=301]={<<<GET /EchoServlet HTTP/1.1...nection: keep-alive\r\n\r\n>>>-alive\r\n\r...\x00\x00\x00\x00\x00\x00\x00}
[DEBUG] HttpConnection@5cf01cdd::SocketChannelEndPoint@1d3d792f{l=/127.0.0.1:35372,r=/127.0.0.1:60196,OPEN,fill=-,flush=-,to=0/30000}{io=1/0,kio=1,kro=1}->HttpConnection@5cf01cdd[p=HttpParser{s=START,0 of -1},g=HttpGenerator@4d28e34a{s=START}]=>HttpChannelOverHttp@7ef329d0{s=HttpChannelState@586c95fc{s=IDLE rs=BLOCKING os=OPEN is=IDLE awp=false se=false i=true al=0},r=2,c=false/false,a=IDLE,uri=null,age=0} filled 301 HeapByteBuffer@1ef04a69[p=0,l=301,c=8192,r=301]={<<<GET /EchoServlet HTTP/1.1...nection: keep-alive\r\n\r\n>>>-alive\r\n\r...\x00\x00\x00\x00\x00\x00\x00}
[DEBUG] HttpConnection@5cf01cdd::SocketChannelEndPoint@1d3d792f{l=/127.0.0.1:35372,r=/127.0.0.1:60196,OPEN,fill=-,flush=-,to=0/30000}{io=1/0,kio=1,kro=1}->HttpConnection@5cf01cdd[p=HttpParser{s=START,0 of -1},g=HttpGenerator@4d28e34a{s=START}]=>HttpChannelOverHttp@7ef329d0{s=HttpChannelState@586c95fc{s=IDLE rs=BLOCKING os=OPEN is=IDLE awp=false se=false i=true al=0},r=2,c=false/false,a=IDLE,uri=null,age=0} parse HeapByteBuffer@1ef04a69[p=0,l=301,c=8192,r=301]={<<<GET /EchoServlet HTTP/1.1...nection: keep-alive\r\n\r\n>>>-alive\r\n\r...\x00\x00\x00\x00\x00\x00\x00} {}
[DEBUG] parseNext s=START HeapByteBuffer@1ef04a69[p=0,l=301,c=8192,r=301]={<<<GET /EchoServlet HTTP/1.1...nection: keep-alive\r\n\r\n>>>-alive\r\n\r...\x00\x00\x00\x00\x00\x00\x00}
[DEBUG] START --> SPACE1
[DEBUG] SPACE1 --> URI
[DEBUG] URI --> SPACE2
[DEBUG] SPACE2 --> REQUEST_VERSION
[DEBUG] REQUEST_VERSION --> HEADER
[DEBUG] HEADER:Accept-Encoding: gzip --> IN_VALUE
[DEBUG] HEADER:Accept-Encoding: gzip --> FIELD
[DEBUG] HEADER:User-Agent: Mozilla/5.0 (Windows NT 10.0; Win64; x64) AppleWebKit/537.36 (KHTML, like Gecko) Chrome/79.0.3945.130 Safari/537.36 --> IN_VALUE
[DEBUG] HEADER:User-Agent: Mozilla/5.0 (Windows NT 10.0; Win64; x64) AppleWebKit/537.36 (KHTML, like Gecko) Chrome/79.0.3945.130 Safari/537.36 --> FIELD
[DEBUG] HEADER: --> IN_NAME
[DEBUG] HEADER:code --> VALUE
[DEBUG] HEADER:code --> IN_VALUE
[DEBUG] HEADER:code --> FIELD
[DEBUG] HEADER:Host: localhost:35372 --> IN_VALUE
[DEBUG] HEADER:Host: localhost:35372 --> FIELD
[DEBUG] HEADER:Accept: text/html, image/gif, image/jpeg, *; q=.2, */*; q=.2 --> IN_VALUE
[DEBUG] HEADER:Accept: text/html, image/gif, image/jpeg, *; q=.2, */*; q=.2 --> FIELD
[DEBUG] HEADER:Connection: keep-alive --> IN_VALUE
[DEBUG] HEADER:Connection: keep-alive --> FIELD
[DEBUG] HEADER --> CONTENT
[DEBUG] ReservedThreadExecutor@278bb07e{s=0/1,p=1}@3f679497 task=EatWhatYouKill@63b1d4fa/SelectorProducer@4c4d27c8/IDLE/p=true/QueuedThreadPool[qtp638486177]@260e86a1{STARTED,8<=8<=200,i=4,r=-1,q=0}[ReservedThreadExecutor@278bb07e{s=0/1,p=1}][pc=0,pic=0,pec=1,epc=9]@2021-09-28T06:03:31.886Z
[DEBUG] EatWhatYouKill@63b1d4fa/SelectorProducer@4c4d27c8/IDLE/p=true/QueuedThreadPool[qtp638486177]@260e86a1{STARTED,8<=8<=200,i=4,r=-1,q=0}[ReservedThreadExecutor@278bb07e{s=0/1,p=1}][pc=0,pic=0,pec=1,epc=9]@2021-09-28T06:03:31.886Z tryProduce true
[DEBUG] updateable 0
[DEBUG] updates 0
[DEBUG] Key interests updated 1 -> 0 on SocketChannelEndPoint@1d3d792f{l=/127.0.0.1:35372,r=/127.0.0.1:60196,OPEN,fill=-,flush=-,to=0/30000}{io=0/0,kio=0,kro=1}->HttpConnection@5cf01cdd[p=HttpParser{s=CONTENT,0 of -1},g=HttpGenerator@4d28e34a{s=START}]=>HttpChannelOverHttp@7ef329d0{s=HttpChannelState@586c95fc{s=IDLE rs=BLOCKING os=OPEN is=IDLE awp=false se=false i=true al=0},r=3,c=false/false,a=IDLE,uri=null,age=0}
[DEBUG] Selector sun.nio.ch.EPollSelectorImpl@36abfb12 waiting with 6 keys
[DEBUG] run ReservedThreadExecutor@278bb07e{s=0/1,p=1}@1041de31 in QueuedThreadPool[qtp638486177]@260e86a1{STARTED,8<=8<=200,i=4,r=-1,q=0}[ReservedThreadExecutor@278bb07e{s=0/1,p=1}]
[DEBUG] ReservedThreadExecutor@278bb07e{s=1/1,p=1}@1041de31 started
[DEBUG] ReservedThreadExecutor@278bb07e{s=1/1,p=0}@1041de31 waiting
[DEBUG] REQUEST for //localhost:35372/EchoServlet on HttpChannelOverHttp@7ef329d0{s=HttpChannelState@586c95fc{s=IDLE rs=BLOCKING os=OPEN is=IDLE awp=false se=false i=true al=0},r=3,c=false/false,a=IDLE,uri=//localhost:35372/EchoServlet,age=0}
GET //localhost:35372/EchoServlet HTTP/1.1
Accept-Encoding: gzip
User-Agent: Mozilla/5.0 (Windows NT 10.0; Win64; x64) AppleWebKit/537.36 (KHTML, like Gecko) Chrome/79.0.3945.130 Safari/537.36
code: 404
Host: localhost:35372
Accept: text/html, image/gif, image/jpeg, *; q=.2, */*; q=.2
Connection: keep-alive


[DEBUG] HttpConnection@5cf01cdd::SocketChannelEndPoint@1d3d792f{l=/127.0.0.1:35372,r=/127.0.0.1:60196,OPEN,fill=-,flush=-,to=2/30000}{io=0/0,kio=0,kro=1}->HttpConnection@5cf01cdd[p=HttpParser{s=CONTENT,0 of -1},g=HttpGenerator@4d28e34a{s=START}]=>HttpChannelOverHttp@7ef329d0{s=HttpChannelState@586c95fc{s=IDLE rs=BLOCKING os=OPEN is=IDLE awp=false se=false i=true al=0},r=3,c=false/false,a=IDLE,uri=//localhost:35372/EchoServlet,age=0} parsed true HttpParser{s=CONTENT,0 of -1}
[DEBUG] releaseRequestBuffer HttpConnection@5cf01cdd::SocketChannelEndPoint@1d3d792f{l=/127.0.0.1:35372,r=/127.0.0.1:60196,OPEN,fill=-,flush=-,to=2/30000}{io=0/0,kio=0,kro=1}->HttpConnection@5cf01cdd[p=HttpParser{s=CONTENT,0 of -1},g=HttpGenerator@4d28e34a{s=START}]=>HttpChannelOverHttp@7ef329d0{s=HttpChannelState@586c95fc{s=IDLE rs=BLOCKING os=OPEN is=IDLE awp=false se=false i=true al=0},r=3,c=false/false,a=IDLE,uri=//localhost:35372/EchoServlet,age=0}
[DEBUG] handle //localhost:35372/EchoServlet HttpChannelOverHttp@7ef329d0{s=HttpChannelState@586c95fc{s=IDLE rs=BLOCKING os=OPEN is=IDLE awp=false se=false i=true al=0},r=3,c=false/false,a=IDLE,uri=//localhost:35372/EchoServlet,age=0} 
[DEBUG] handling HttpChannelState@586c95fc{s=IDLE rs=BLOCKING os=OPEN is=IDLE awp=false se=false i=true al=0}
[DEBUG] action DISPATCH HttpChannelOverHttp@7ef329d0{s=HttpChannelState@586c95fc{s=HANDLING rs=BLOCKING os=OPEN is=IDLE awp=false se=false i=true al=0},r=3,c=false/false,a=HANDLING,uri=//localhost:35372/EchoServlet,age=0}
[DEBUG] REQUEST GET /EchoServlet on HttpChannelOverHttp@7ef329d0{s=HttpChannelState@586c95fc{s=HANDLING rs=BLOCKING os=OPEN is=IDLE awp=false se=false i=true al=0},r=3,c=false/false,a=HANDLING,uri=//localhost:35372/EchoServlet,age=0}
[DEBUG] servlet null|/EchoServlet|null -> org.jsoup.integration.servlets.EchoServlet-60d1a32f==org.jsoup.integration.servlets.EchoServlet@1f7ecb09{jsp=null,order=-1,inst=true,async=true,src=EMBEDDED:null,STARTED}
[DEBUG] chain=null
[DEBUG] write(array HeapByteBuffer@1af94dc0[p=0,l=235,c=512,r=235]={<<<<title>Webserver Environm...\n    <table border="0">>>>\x00\x00\x00\x00\x00\x00\x00\x00\x00...\x00\x00\x00\x00\x00\x00\x00})
[DEBUG] write(array) s=OPEN,api=BLOCKING,sc=false,e=null aggregated !flush DirectByteBuffer@38e5eb8d[p=0,l=235,c=32768,r=235]={<<<<title>Webserver Environm...\n    <table border="0">>>>et eget, ...gue. Pr}
[DEBUG] write(array HeapByteBuffer@51060685[p=0,l=36,c=512,r=36]={<<<<tr><th>Method</th><td>GET</td></tr>>>>es</title...\x00\x00\x00\x00\x00\x00\x00})
[DEBUG] write(array) s=OPEN,api=BLOCKING,sc=false,e=null aggregated !flush DirectByteBuffer@38e5eb8d[p=0,l=271,c=32768,r=271]={<<<<title>Webserver Environm...d</th><td>GET</td></tr>>>>orci. <b>...gue. Pr}
[DEBUG] write(array HeapByteBuffer@11d80a48[p=0,l=1,c=512,r=1]={<<<\n>>>tr><th>Me...\x00\x00\x00\x00\x00\x00\x00})
[DEBUG] write(array) s=OPEN,api=BLOCKING,sc=false,e=null aggregated !flush DirectByteBuffer@38e5eb8d[p=0,l=272,c=32768,r=272]={<<<<title>Webserver Environm...</th><td>GET</td></tr>\n>>>rci. <b>I...gue. Pr}
[DEBUG] write(array HeapByteBuffer@ff6fe14[p=0,l=50,c=512,r=50]={<<<<tr><th>Request URI</th><...>/EchoServlet</td></tr>>>> <style t...\x00\x00\x00\x00\x00\x00\x00})
[DEBUG] write(array) s=OPEN,api=BLOCKING,sc=false,e=null aggregated !flush DirectByteBuffer@38e5eb8d[p=0,l=322,c=32768,r=322]={<<<<title>Webserver Environm...>/EchoServlet</td></tr>>>>scipit so...gue. Pr}
[DEBUG] write(array HeapByteBuffer@5fb12567[p=0,l=1,c=512,r=1]={<<<\n>>>tr><th>Re...\x00\x00\x00\x00\x00\x00\x00})
[DEBUG] write(array) s=OPEN,api=BLOCKING,sc=false,e=null aggregated !flush DirectByteBuffer@38e5eb8d[p=0,l=323,c=32768,r=323]={<<<<title>Webserver Environm.../EchoServlet</td></tr>\n>>>cipit sod...gue. Pr}
[DEBUG] write(array HeapByteBuffer@3e62223a[p=0,l=39,c=512,r=39]={<<<<tr><th>Query String</th><td></td></tr>>>>t</td></t...\x00\x00\x00\x00\x00\x00\x00})
[DEBUG] write(array) s=OPEN,api=BLOCKING,sc=false,e=null aggregated !flush DirectByteBuffer@38e5eb8d[p=0,l=362,c=32768,r=362]={<<<<title>Webserver Environm...ring</th><td></td></tr>>>>et pede f...gue. Pr}
[DEBUG] write(array HeapByteBuffer@6fb9e5f4[p=0,l=1,c=512,r=1]={<<<\n>>>tr><th>Qu...\x00\x00\x00\x00\x00\x00\x00})
[DEBUG] write(array) s=OPEN,api=BLOCKING,sc=false,e=null aggregated !flush DirectByteBuffer@38e5eb8d[p=0,l=363,c=32768,r=363]={<<<<title>Webserver Environm...ing</th><td></td></tr>\n>>>t pede fa...gue. Pr}
[DEBUG] write(array HeapByteBuffer@5707b049[p=0,l=34,c=512,r=34]={<<<<tr><th>code</th><td>404</td></tr>>>></tr>t</t...\x00\x00\x00\x00\x00\x00\x00})
[DEBUG] write(array) s=OPEN,api=BLOCKING,sc=false,e=null aggregated !flush DirectByteBuffer@38e5eb8d[p=0,l=397,c=32768,r=397]={<<<<title>Webserver Environm...e</th><td>404</td></tr>>>>an lectus...gue. Pr}
[DEBUG] write(array HeapByteBuffer@1cb2dd3[p=0,l=1,c=512,r=1]={<<<\n>>>tr><th>co...\x00\x00\x00\x00\x00\x00\x00})
[DEBUG] write(array) s=OPEN,api=BLOCKING,sc=false,e=null aggregated !flush DirectByteBuffer@38e5eb8d[p=0,l=398,c=32768,r=398]={<<<<title>Webserver Environm...</th><td>404</td></tr>\n>>>n lectus ...gue. Pr}
[DEBUG] write(array HeapByteBuffer@2e97bc22[p=0,l=85,c=512,r=85]={<<<<tr><th>Accept</th><td>te....2, */*; q=.2</td></tr>>>>, td, th ...\x00\x00\x00\x00\x00\x00\x00})
[DEBUG] write(array) s=OPEN,api=BLOCKING,sc=false,e=null aggregated !flush DirectByteBuffer@38e5eb8d[p=0,l=483,c=32768,r=483]={<<<<title>Webserver Environm....2, */*; q=.2</td></tr>>>>liquet et...gue. Pr}
[DEBUG] write(array HeapByteBuffer@ea17a41[p=0,l=1,c=512,r=1]={<<<\n>>>tr><th>Ac...\x00\x00\x00\x00\x00\x00\x00})
[DEBUG] write(array) s=OPEN,api=BLOCKING,sc=false,e=null aggregated !flush DirectByteBuffer@38e5eb8d[p=0,l=484,c=32768,r=484]={<<<<title>Webserver Environm...2, */*; q=.2</td></tr>\n>>>iquet et,...gue. Pr}
[DEBUG] write(array HeapByteBuffer@64ce0624[p=0,l=152,c=512,r=152]={<<<<tr><th>User-Agent</th><t...Safari/537.36</td></tr>>>>      th ...\x00\x00\x00\x00\x00\x00\x00})
[DEBUG] write(array) s=OPEN,api=BLOCKING,sc=false,e=null aggregated !flush DirectByteBuffer@38e5eb8d[p=0,l=636,c=32768,r=636]={<<<<title>Webserver Environm...Safari/537.36</td></tr>>>>rtor. </p...gue. Pr}
[DEBUG] write(array HeapByteBuffer@3cb30adb[p=0,l=1,c=512,r=1]={<<<\n>>>tr><th>Us...\x00\x00\x00\x00\x00\x00\x00})
[DEBUG] write(array) s=OPEN,api=BLOCKING,sc=false,e=null aggregated !flush DirectByteBuffer@38e5eb8d[p=0,l=637,c=32768,r=637]={<<<<title>Webserver Environm...afari/537.36</td></tr>\n>>>tor. </p>...gue. Pr}
[DEBUG] write(array HeapByteBuffer@2fd6d7c3[p=0,l=47,c=512,r=47]={<<<<tr><th>Connection</th><td>keep-alive</td></tr>>>> NT 10.0;...\x00\x00\x00\x00\x00\x00\x00})
[DEBUG] write(array) s=OPEN,api=BLOCKING,sc=false,e=null aggregated !flush DirectByteBuffer@38e5eb8d[p=0,l=684,c=32768,r=684]={<<<<title>Webserver Environm...td>keep-alive</td></tr>>>>ctetur ad...gue. Pr}
[DEBUG] write(array HeapByteBuffer@2aa0d30a[p=0,l=1,c=512,r=1]={<<<\n>>>tr><th>Co...\x00\x00\x00\x00\x00\x00\x00})
[DEBUG] write(array) s=OPEN,api=BLOCKING,sc=false,e=null aggregated !flush DirectByteBuffer@38e5eb8d[p=0,l=685,c=32768,r=685]={<<<<title>Webserver Environm...d>keep-alive</td></tr>\n>>>tetur adi...gue. Pr}
[DEBUG] write(array HeapByteBuffer@3ecb0f5c[p=0,l=46,c=512,r=46]={<<<<tr><th>Host</th><td>localhost:35372</td></tr>>>>> NT 10.0...\x00\x00\x00\x00\x00\x00\x00})
[DEBUG] write(array) s=OPEN,api=BLOCKING,sc=false,e=null aggregated !flush DirectByteBuffer@38e5eb8d[p=0,l=731,c=32768,r=731]={<<<<title>Webserver Environm...calhost:35372</td></tr>>>>ent liber...gue. Pr}
[DEBUG] write(array HeapByteBuffer@1a8a2f8c[p=0,l=1,c=512,r=1]={<<<\n>>>tr><th>Ho...\x00\x00\x00\x00\x00\x00\x00})
[DEBUG] write(array) s=OPEN,api=BLOCKING,sc=false,e=null aggregated !flush DirectByteBuffer@38e5eb8d[p=0,l=732,c=32768,r=732]={<<<<title>Webserver Environm...alhost:35372</td></tr>\n>>>nt libero...gue. Pr}
[DEBUG] write(array HeapByteBuffer@37b8bd1[p=0,l=46,c=512,r=46]={<<<<tr><th>Accept-Encoding</th><td>gzip</td></tr>>>>> NT 10.0...\x00\x00\x00\x00\x00\x00\x00})
[DEBUG] write(array) s=OPEN,api=BLOCKING,sc=false,e=null aggregated !flush DirectByteBuffer@38e5eb8d[p=0,l=778,c=32768,r=778]={<<<<title>Webserver Environm...</th><td>gzip</td></tr>>>>ante dapi...gue. Pr}
[DEBUG] write(array HeapByteBuffer@2f6f2037[p=0,l=1,c=512,r=1]={<<<\n>>>tr><th>Ac...\x00\x00\x00\x00\x00\x00\x00})
[DEBUG] write(array) s=OPEN,api=BLOCKING,sc=false,e=null aggregated !flush DirectByteBuffer@38e5eb8d[p=0,l=779,c=32768,r=779]={<<<<title>Webserver Environm.../th><td>gzip</td></tr>\n>>>nte dapib...gue. Pr}
[DEBUG] filled 0 HeapByteBuffer@460916c[p=0,l=0,c=8192,r=0]={<<<>>>HTTP/1.1 ...\x00\x00\x00\x00\x00\x00\x00}
[DEBUG] filled 0 HeapByteBuffer@460916c[p=0,l=0,c=8192,r=0]={<<<>>>HTTP/1.1 ...\x00\x00\x00\x00\x00\x00\x00}
[DEBUG] HttpConnection@5cf01cdd::SocketChannelEndPoint@1d3d792f{l=/127.0.0.1:35372,r=/127.0.0.1:60196,OPEN,fill=-,flush=-,to=4/30000}{io=0/0,kio=0,kro=1}->HttpConnection@5cf01cdd[p=HttpParser{s=CONTENT,0 of -1},g=HttpGenerator@4d28e34a{s=START}]=>HttpChannelOverHttp@7ef329d0{s=HttpChannelState@586c95fc{s=HANDLING rs=BLOCKING os=OPEN is=IDLE awp=false se=false i=true al=0},r=3,c=false/false,a=HANDLING,uri=//localhost:35372/EchoServlet,age=2} filled 0 HeapByteBuffer@460916c[p=0,l=0,c=8192,r=0]={<<<>>>HTTP/1.1 ...\x00\x00\x00\x00\x00\x00\x00}
[DEBUG] HttpConnection@5cf01cdd::SocketChannelEndPoint@1d3d792f{l=/127.0.0.1:35372,r=/127.0.0.1:60196,OPEN,fill=-,flush=-,to=4/30000}{io=0/0,kio=0,kro=1}->HttpConnection@5cf01cdd[p=HttpParser{s=CONTENT,0 of -1},g=HttpGenerator@4d28e34a{s=START}]=>HttpChannelOverHttp@7ef329d0{s=HttpChannelState@586c95fc{s=HANDLING rs=BLOCKING os=OPEN is=IDLE awp=false se=false i=true al=0},r=3,c=false/false,a=HANDLING,uri=//localhost:35372/EchoServlet,age=3} parse HeapByteBuffer@460916c[p=0,l=0,c=8192,r=0]={<<<>>>HTTP/1.1 ...\x00\x00\x00\x00\x00\x00\x00} {}
[DEBUG] parseNext s=CONTENT HeapByteBuffer@460916c[p=0,l=0,c=8192,r=0]={<<<>>>HTTP/1.1 ...\x00\x00\x00\x00\x00\x00\x00}
[DEBUG] CONTENT --> CONTENT_END
[DEBUG] onContentComplete HttpChannelOverHttp@7ef329d0{s=HttpChannelState@586c95fc{s=HANDLING rs=BLOCKING os=OPEN is=IDLE awp=false se=false i=true al=0},r=3,c=false/false,a=HANDLING,uri=//localhost:35372/EchoServlet,age=3}
[DEBUG] CONTENT_END --> END
[DEBUG] onRequestComplete HttpChannelOverHttp@7ef329d0{s=HttpChannelState@586c95fc{s=HANDLING rs=BLOCKING os=OPEN is=IDLE awp=false se=false i=true al=0},r=3,c=false/false,a=HANDLING,uri=//localhost:35372/EchoServlet,age=3}
[DEBUG] HttpInputOverHTTP@31158418[c=0,q=0,[0]=null,s=STREAM] addContent EOF
[DEBUG] HttpConnection@5cf01cdd::SocketChannelEndPoint@1d3d792f{l=/127.0.0.1:35372,r=/127.0.0.1:60196,OPEN,fill=-,flush=-,to=4/30000}{io=0/0,kio=0,kro=1}->HttpConnection@5cf01cdd[p=HttpParser{s=END,0 of -1},g=HttpGenerator@4d28e34a{s=START}]=>HttpChannelOverHttp@7ef329d0{s=HttpChannelState@586c95fc{s=HANDLING rs=BLOCKING os=OPEN is=IDLE awp=false se=false i=true al=0},r=3,c=false/false,a=HANDLING,uri=//localhost:35372/EchoServlet,age=3} parsed false HttpParser{s=END,0 of -1}
[DEBUG] releaseRequestBuffer HttpConnection@5cf01cdd::SocketChannelEndPoint@1d3d792f{l=/127.0.0.1:35372,r=/127.0.0.1:60196,OPEN,fill=-,flush=-,to=4/30000}{io=0/0,kio=0,kro=1}->HttpConnection@5cf01cdd[p=HttpParser{s=END,0 of -1},g=HttpGenerator@4d28e34a{s=START}]=>HttpChannelOverHttp@7ef329d0{s=HttpChannelState@586c95fc{s=HANDLING rs=BLOCKING os=OPEN is=IDLE awp=false se=false i=true al=0},r=3,c=false/false,a=HANDLING,uri=//localhost:35372/EchoServlet,age=3}
[DEBUG] onEof HttpChannelState@586c95fc{s=HANDLING rs=BLOCKING os=OPEN is=IDLE awp=false se=false i=true al=0}
[DEBUG] write(array HeapByteBuffer@49386b69[p=0,l=8,c=512,r=8]={<<<</table>>>>Accept-En...\x00\x00\x00\x00\x00\x00\x00})
[DEBUG] write(array) s=OPEN,api=BLOCKING,sc=false,e=null aggregated !flush DirectByteBuffer@38e5eb8d[p=0,l=787,c=32768,r=787]={<<<<title>Webserver Environm...gzip</td></tr>\n</table>>>>bus diam....gue. Pr}
[DEBUG] write(array HeapByteBuffer@285db8d[p=0,l=1,c=512,r=1]={<<<\n>>>/table>Ac...\x00\x00\x00\x00\x00\x00\x00})
[DEBUG] write(array) s=OPEN,api=BLOCKING,sc=false,e=null aggregated !flush DirectByteBuffer@38e5eb8d[p=0,l=788,c=32768,r=788]={<<<<title>Webserver Environm...zip</td></tr>\n</table>\n>>>us diam. ...gue. Pr}
[DEBUG] handled=true async=false committed=false on HttpChannelOverHttp@7ef329d0{s=HttpChannelState@586c95fc{s=HANDLING rs=BLOCKING os=OPEN is=READY awp=false se=false i=true al=0},r=3,c=false/false,a=HANDLING,uri=//localhost:35372/EchoServlet,age=3}
[DEBUG] unhandle HttpChannelState@586c95fc{s=HANDLING rs=BLOCKING os=OPEN is=READY awp=false se=false i=true al=0}
[DEBUG] nextAction(false) COMPLETE HttpChannelState@586c95fc{s=HANDLING rs=COMPLETING os=OPEN is=READY awp=false se=false i=false al=0}
[DEBUG] action COMPLETE HttpChannelOverHttp@7ef329d0{s=HttpChannelState@586c95fc{s=HANDLING rs=COMPLETING os=OPEN is=READY awp=false se=false i=false al=0},r=3,c=false/false,a=HANDLING,uri=//localhost:35372/EchoServlet,age=3}
[DEBUG] complete(org.eclipse.jetty.util.Callback$3@5dfffd0f) s=CLOSING,api=BLOCKED,sc=false,e=null s=false e=null, c=DirectByteBuffer@38e5eb8d[p=0,l=788,c=32768,r=788]={<<<<title>Webserver Environm...zip</td></tr>\n</table>\n>>>us diam. ...gue. Pr}
[DEBUG] sendResponse info=null content=DirectByteBuffer@38e5eb8d[p=0,l=788,c=32768,r=788]={<<<<title>Webserver Environm...zip</td></tr>\n</table>\n>>>us diam. ...gue. Pr} complete=true committing=true callback=org.eclipse.jetty.server.HttpOutput$WriteCompleteCB@b47001f
[DEBUG] COMMIT for /EchoServlet on HttpChannelOverHttp@7ef329d0{s=HttpChannelState@586c95fc{s=HANDLING rs=COMPLETING os=COMMITTED is=READY awp=false se=false i=false al=0},r=3,c=false/false,a=HANDLING,uri=//localhost:35372/EchoServlet,age=3}
404 null HTTP/1.1
Date: Tue, 28 Sep 2021 06:03:31 GMT
Content-Type: text/html;charset=utf-8
Cache-Control: no-cache
Cache-Control: no-store


[DEBUG] generate: NEED_HEADER for SendCallback@3172a75d[PROCESSING][i=HTTP/1.1{s=404,h=4,cl=-1},cb=org.eclipse.jetty.server.HttpChannel$SendCallback@1ae513d] (null,[p=0,l=788,c=32768,r=788],true)@START
[DEBUG] generateHeaders HTTP/1.1{s=404,h=4,cl=-1} last=true content=DirectByteBuffer@38e5eb8d[p=0,l=788,c=32768,r=788]={<<<<title>Webserver Environm...zip</td></tr>\n</table>\n>>>us diam. ...gue. Pr}
[DEBUG] Date: Tue, 28 Sep 2021 06:03:31 GMT
Content-Type: text/html;charset=utf-8
Cache-Control: no-cache
Cache-Control: no-store


[DEBUG] CONTENT_LENGTH
[DEBUG] generate: FLUSH for SendCallback@3172a75d[PROCESSING][i=HTTP/1.1{s=404,h=4,cl=-1},cb=org.eclipse.jetty.server.HttpChannel$SendCallback@1ae513d] ([p=0,l=206,c=8192,r=206],[p=0,l=788,c=32768,r=788],true)@COMPLETING
[DEBUG] write: WriteFlusher@2d16eb21{IDLE}->null [HeapByteBuffer@2a66826a[p=0,l=206,c=8192,r=206]={<<<HTTP/1.1 404 Not Found\r\nD...y(9.4.43.v20210629)\r\n\r\n>>>i/537.36\r...\x86&h\xA0{\xC1\xC2},DirectByteBuffer@38e5eb8d[p=0,l=788,c=32768,r=788]={<<<<title>Webserver Environm...zip</td></tr>\n</table>\n>>>us diam. ...gue. Pr}]
[DEBUG] update WriteFlusher@2d16eb21{WRITING}->null:IDLE-->WRITING
]]></system-out>
  </testcase>
  <testcase name="doesPostMultipartWithoutInputstream" classname="org.jsoup.integration.ConnectTest" time="0.044">
    <system-out><![CDATA[[DEBUG] flushed 994 SocketChannelEndPoint@1d3d792f{l=/127.0.0.1:35372,r=/127.0.0.1:60196,OPEN,fill=-,flush=W,to=17/30000}{io=0/0,kio=0,kro=1}->HttpConnection@5cf01cdd[p=HttpParser{s=END,0 of -1},g=HttpGenerator@4d28e34a{s=COMPLETING}]=>HttpChannelOverHttp@7ef329d0{s=HttpChannelState@586c95fc{s=HANDLING rs=COMPLETING os=COMMITTED is=READY awp=false se=false i=false al=0},r=3,c=false/false,a=HANDLING,uri=//localhost:35372/EchoServlet,age=16}
[DEBUG] Flushed=true written=994 remaining=0 WriteFlusher@2d16eb21{WRITING}->null
[DEBUG] update WriteFlusher@2d16eb21{IDLE}->null:WRITING-->IDLE
[DEBUG] generate: DONE for SendCallback@3172a75d[PROCESSING][i=HTTP/1.1{s=404,h=4,cl=-1},cb=org.eclipse.jetty.server.HttpChannel$SendCallback@1ae513d] ([p=206,l=206,c=8192,r=0],[p=788,l=788,c=32768,r=0],true)@END
[DEBUG] onWriteComplete(true,null) s=CLOSING,api=BLOCKED,sc=false,e=null->s=CLOSED,api=BLOCKING,sc=false,e=null c=null cb=org.eclipse.jetty.util.Callback$3@5dfffd0f w=false
[DEBUG] completed HttpChannelState@586c95fc{s=HANDLING rs=COMPLETING os=COMPLETED is=READY awp=false se=false i=false al=0}
[DEBUG] unhandle HttpChannelState@586c95fc{s=HANDLING rs=COMPLETED os=COMPLETED is=READY awp=false se=false i=false al=0}
[DEBUG] nextAction(false) TERMINATED HttpChannelState@586c95fc{s=IDLE rs=COMPLETED os=COMPLETED is=READY awp=false se=false i=false al=0}
[DEBUG] action TERMINATED HttpChannelOverHttp@7ef329d0{s=HttpChannelState@586c95fc{s=IDLE rs=COMPLETED os=COMPLETED is=READY awp=false se=false i=false al=0},r=3,c=true/true,a=IDLE,uri=//localhost:35372/EchoServlet,age=16}
[DEBUG] onCompleted for /EchoServlet written=788
[DEBUG] recycle HttpChannelState@586c95fc{s=IDLE rs=COMPLETED os=COMPLETED is=READY awp=false se=false i=false al=0}
[DEBUG] reset HttpParser{s=END,0 of -1}
[DEBUG] END --> START
[DEBUG] !handle TERMINATED HttpChannelOverHttp@7ef329d0{s=HttpChannelState@586c95fc{s=IDLE rs=BLOCKING os=OPEN is=IDLE awp=false se=false i=true al=0},r=3,c=false/false,a=IDLE,uri=null,age=0}
[DEBUG] shutdownInput SocketChannelEndPoint@1d3d792f{l=/127.0.0.1:35372,r=/127.0.0.1:60196,OPEN,fill=-,flush=-,to=0/30000}{io=0/0,kio=0,kro=1}->HttpConnection@5cf01cdd[p=HttpParser{s=START,0 of -1},g=HttpGenerator@4d28e34a{s=START}]=>HttpChannelOverHttp@7ef329d0{s=HttpChannelState@586c95fc{s=IDLE rs=BLOCKING os=OPEN is=IDLE awp=false se=false i=true al=0},r=3,c=false/false,a=IDLE,uri=null,age=0}
[DEBUG] filled -1 HeapByteBuffer@1ef04a69[p=0,l=0,c=8192,r=0]={<<<>>>GET /Echo...\x00\x00\x00\x00\x00\x00\x00}
[DEBUG] atEOF HttpParser{s=START,0 of -1}
[DEBUG] HttpConnection@5cf01cdd::SocketChannelEndPoint@1d3d792f{l=/127.0.0.1:35372,r=/127.0.0.1:60196,ISHUT,fill=-,flush=-,to=0/30000}{io=0/0,kio=0,kro=1}->HttpConnection@5cf01cdd[p=HttpParser{s=START,0 of -1},g=HttpGenerator@4d28e34a{s=START}]=>HttpChannelOverHttp@7ef329d0{s=HttpChannelState@586c95fc{s=IDLE rs=BLOCKING os=OPEN is=IDLE awp=false se=false i=true al=0},r=3,c=false/false,a=IDLE,uri=null,age=0} filled -1 HeapByteBuffer@1ef04a69[p=0,l=0,c=8192,r=0]={<<<>>>GET /Echo...\x00\x00\x00\x00\x00\x00\x00}
[DEBUG] HttpConnection@5cf01cdd::SocketChannelEndPoint@1d3d792f{l=/127.0.0.1:35372,r=/127.0.0.1:60196,ISHUT,fill=-,flush=-,to=0/30000}{io=0/0,kio=0,kro=1}->HttpConnection@5cf01cdd[p=HttpParser{s=START,0 of -1},g=HttpGenerator@4d28e34a{s=START}]=>HttpChannelOverHttp@7ef329d0{s=HttpChannelState@586c95fc{s=IDLE rs=BLOCKING os=OPEN is=IDLE awp=false se=false i=true al=0},r=3,c=false/false,a=IDLE,uri=null,age=0} parse HeapByteBuffer@1ef04a69[p=0,l=0,c=8192,r=0]={<<<>>>GET /Echo...\x00\x00\x00\x00\x00\x00\x00} {}
[DEBUG] parseNext s=START HeapByteBuffer@1ef04a69[p=0,l=0,c=8192,r=0]={<<<>>>GET /Echo...\x00\x00\x00\x00\x00\x00\x00}
[DEBUG] START --> CLOSED
[DEBUG] close SocketChannelEndPoint@1d3d792f{l=/127.0.0.1:35372,r=/127.0.0.1:60196,ISHUT,fill=-,flush=-,to=0/30000}{io=0/0,kio=0,kro=1}->HttpConnection@5cf01cdd[p=HttpParser{s=CLOSED,0 of -1},g=HttpGenerator@4d28e34a{s=START}]=>HttpChannelOverHttp@7ef329d0{s=HttpChannelState@586c95fc{s=IDLE rs=BLOCKING os=OPEN is=IDLE awp=false se=false i=true al=0},r=3,c=false/false,a=IDLE,uri=null,age=0}
[DEBUG] close(null) SocketChannelEndPoint@1d3d792f{l=/127.0.0.1:35372,r=/127.0.0.1:60196,ISHUT,fill=-,flush=-,to=1/30000}{io=0/0,kio=0,kro=1}->HttpConnection@5cf01cdd[p=HttpParser{s=CLOSED,0 of -1},g=HttpGenerator@4d28e34a{s=START}]=>HttpChannelOverHttp@7ef329d0{s=HttpChannelState@586c95fc{s=IDLE rs=BLOCKING os=OPEN is=IDLE awp=false se=false i=true al=0},r=3,c=false/false,a=IDLE,uri=null,age=0}
[DEBUG] doClose SocketChannelEndPoint@1d3d792f{l=/127.0.0.1:35372,r=/127.0.0.1:60196,CLOSED,fill=-,flush=-,to=1/30000}{io=0/0,kio=0,kro=1}->HttpConnection@5cf01cdd[p=HttpParser{s=CLOSED,0 of -1},g=HttpGenerator@4d28e34a{s=START}]=>HttpChannelOverHttp@7ef329d0{s=HttpChannelState@586c95fc{s=IDLE rs=BLOCKING os=OPEN is=IDLE awp=false se=false i=true al=0},r=3,c=false/false,a=IDLE,uri=null,age=0}
[DEBUG] onClose FillInterest@71574c66{null}
[DEBUG] Wakeup ManagedSelector@72cf2de5{STARTED} id=0 keys=6 selected=0 updates=0
[DEBUG] Selector sun.nio.ch.EPollSelectorImpl@36abfb12 woken with none selected
[DEBUG] Selector sun.nio.ch.EPollSelectorImpl@36abfb12 woken up from select, 0/0/5 selected
[DEBUG] Selector sun.nio.ch.EPollSelectorImpl@36abfb12 processing 0 keys, 0 updates
[DEBUG] updateable 0
[DEBUG] updates 0
[DEBUG] Selector sun.nio.ch.EPollSelectorImpl@36abfb12 waiting with 5 keys
[DEBUG] Selector sun.nio.ch.EPollSelectorImpl@36abfb12 woken up from select, 1/1/5 selected
[DEBUG] Selector sun.nio.ch.EPollSelectorImpl@36abfb12 processing 1 keys, 0 updates
[DEBUG] selected 1 sun.nio.ch.SelectionKeyImpl@782bf299 SocketChannelEndPoint@66ad315b{l=/127.0.0.1:35372,r=/127.0.0.1:60194,OPEN,fill=FI,flush=-,to=1040/30000}{io=1/1,kio=1,kro=1}->HttpConnection@477f4c37[p=HttpParser{s=START,0 of -1},g=HttpGenerator@15c4e26{s=START}]=>HttpChannelOverHttp@2f7cc7c9{s=HttpChannelState@b7bc396{s=IDLE rs=BLOCKING os=OPEN is=IDLE awp=false se=false i=true al=0},r=1,c=false/false,a=IDLE,uri=null,age=0} 
[DEBUG] onSelected 1->0 r=true w=false for SocketChannelEndPoint@66ad315b{l=/127.0.0.1:35372,r=/127.0.0.1:60194,OPEN,fill=FI,flush=-,to=1040/30000}{io=1/0,kio=1,kro=1}->HttpConnection@477f4c37[p=HttpParser{s=START,0 of -1},g=HttpGenerator@15c4e26{s=START}]=>HttpChannelOverHttp@2f7cc7c9{s=HttpChannelState@b7bc396{s=IDLE rs=BLOCKING os=OPEN is=IDLE awp=false se=false i=true al=0},r=1,c=false/false,a=IDLE,uri=null,age=0}
[DEBUG] task CEP:SocketChannelEndPoint@66ad315b{l=/127.0.0.1:35372,r=/127.0.0.1:60194,OPEN,fill=FI,flush=-,to=1040/30000}{io=1/0,kio=1,kro=1}->HttpConnection@477f4c37[p=HttpParser{s=START,0 of -1},g=HttpGenerator@15c4e26{s=START}]=>HttpChannelOverHttp@2f7cc7c9{s=HttpChannelState@b7bc396{s=IDLE rs=BLOCKING os=OPEN is=IDLE awp=false se=false i=true al=0},r=1,c=false/false,a=IDLE,uri=null,age=0}:runFillable:BLOCKING
[DEBUG] ReservedThreadExecutor@278bb07e{s=1/1,p=0} tryExecute EatWhatYouKill@63b1d4fa/SelectorProducer@4c4d27c8/PRODUCING/p=false/QueuedThreadPool[qtp638486177]@260e86a1{STARTED,8<=8<=200,i=4,r=-1,q=0}[ReservedThreadExecutor@278bb07e{s=1/1,p=0}][pc=0,pic=0,pec=1,epc=9]@2021-09-28T06:03:31.914Z
[DEBUG] ReservedThreadExecutor@278bb07e{s=0/1,p=0}@1041de31 offer EatWhatYouKill@63b1d4fa/SelectorProducer@4c4d27c8/PRODUCING/p=false/QueuedThreadPool[qtp638486177]@260e86a1{STARTED,8<=8<=200,i=4,r=-1,q=0}[ReservedThreadExecutor@278bb07e{s=0/1,p=0}][pc=0,pic=0,pec=1,epc=9]@2021-09-28T06:03:31.914Z
[DEBUG] ReservedThreadExecutor@278bb07e{s=0/1,p=1} startReservedThread p=1
[DEBUG] run ReservedThreadExecutor@278bb07e{s=0/1,p=1}@5af5386a in QueuedThreadPool[qtp638486177]@260e86a1{STARTED,8<=8<=200,i=3,r=-1,q=0}[ReservedThreadExecutor@278bb07e{s=0/1,p=1}]
[DEBUG] ReservedThreadExecutor@278bb07e{s=1/1,p=1}@5af5386a started
[DEBUG] ReservedThreadExecutor@278bb07e{s=1/1,p=0}@5af5386a waiting
[DEBUG] queue ReservedThreadExecutor@278bb07e{s=1/1,p=0}@5af5386a startThread=0
[DEBUG] ReservedThreadExecutor@278bb07e{s=0/1,p=1}@1041de31 task=EatWhatYouKill@63b1d4fa/SelectorProducer@4c4d27c8/IDLE/p=true/QueuedThreadPool[qtp638486177]@260e86a1{STARTED,8<=8<=200,i=3,r=-1,q=0}[ReservedThreadExecutor@278bb07e{s=1/1,p=0}][pc=0,pic=0,pec=1,epc=9]@2021-09-28T06:03:31.915Z
[DEBUG] EatWhatYouKill@63b1d4fa/SelectorProducer@4c4d27c8/IDLE/p=true/QueuedThreadPool[qtp638486177]@260e86a1{STARTED,8<=8<=200,i=3,r=-1,q=0}[ReservedThreadExecutor@278bb07e{s=1/1,p=0}][pc=0,pic=0,pec=1,epc=9]@2021-09-28T06:03:31.916Z tryProduce true
[DEBUG] updateable 0
[DEBUG] updates 0
[DEBUG] Key interests updated 1 -> 0 on SocketChannelEndPoint@66ad315b{l=/127.0.0.1:35372,r=/127.0.0.1:60194,OPEN,fill=FI,flush=-,to=1042/30000}{io=0/0,kio=0,kro=1}->HttpConnection@477f4c37[p=HttpParser{s=START,0 of -1},g=HttpGenerator@15c4e26{s=START}]=>HttpChannelOverHttp@2f7cc7c9{s=HttpChannelState@b7bc396{s=IDLE rs=BLOCKING os=OPEN is=IDLE awp=false se=false i=true al=0},r=1,c=false/false,a=IDLE,uri=null,age=0}
[DEBUG] Selector sun.nio.ch.EPollSelectorImpl@36abfb12 waiting with 5 keys
[DEBUG] EatWhatYouKill@63b1d4fa/SelectorProducer@4c4d27c8/PRODUCING/p=false/QueuedThreadPool[qtp638486177]@260e86a1{STARTED,8<=8<=200,i=3,r=-1,q=0}[ReservedThreadExecutor@278bb07e{s=1/1,p=0}][pc=0,pic=0,pec=1,epc=9]@2021-09-28T06:03:31.916Z m=EXECUTE_PRODUCE_CONSUME t=CEP:SocketChannelEndPoint@66ad315b{l=/127.0.0.1:35372,r=/127.0.0.1:60194,OPEN,fill=FI,flush=-,to=1043/30000}{io=0/0,kio=0,kro=1}->HttpConnection@477f4c37[p=HttpParser{s=START,0 of -1},g=HttpGenerator@15c4e26{s=START}]=>HttpChannelOverHttp@2f7cc7c9{s=HttpChannelState@b7bc396{s=IDLE rs=BLOCKING os=OPEN is=IDLE awp=false se=false i=true al=0},r=1,c=false/false,a=IDLE,uri=null,age=0}:runFillable:BLOCKING/BLOCKING
[DEBUG] fillable FillInterest@546e5ae8{AC.ReadCB@477f4c37{HttpConnection@477f4c37::SocketChannelEndPoint@66ad315b{l=/127.0.0.1:35372,r=/127.0.0.1:60194,OPEN,fill=FI,flush=-,to=1043/30000}{io=0/0,kio=0,kro=1}->HttpConnection@477f4c37[p=HttpParser{s=START,0 of -1},g=HttpGenerator@15c4e26{s=START}]=>HttpChannelOverHttp@2f7cc7c9{s=HttpChannelState@b7bc396{s=IDLE rs=BLOCKING os=OPEN is=IDLE awp=false se=false i=true al=0},r=1,c=false/false,a=IDLE,uri=null,age=0}}}
[DEBUG] HttpConnection@477f4c37::SocketChannelEndPoint@66ad315b{l=/127.0.0.1:35372,r=/127.0.0.1:60194,OPEN,fill=-,flush=-,to=1043/30000}{io=0/0,kio=0,kro=1}->HttpConnection@477f4c37[p=HttpParser{s=START,0 of -1},g=HttpGenerator@15c4e26{s=START}]=>HttpChannelOverHttp@2f7cc7c9{s=HttpChannelState@b7bc396{s=IDLE rs=BLOCKING os=OPEN is=IDLE awp=false se=false i=true al=0},r=1,c=false/false,a=IDLE,uri=null,age=0} onFillable enter HttpChannelState@b7bc396{s=IDLE rs=BLOCKING os=OPEN is=IDLE awp=false se=false i=true al=0} null
[DEBUG] filled 710 HeapByteBuffer@460916c[p=0,l=710,c=8192,r=710]={<<<POST /EchoServlet HTTP/1...._H1uh44ugXINrGcQf4VZ--->>>\xEaI^\xF2\x93\xF3\xD5\xE5L...\x00\x00\x00\x00\x00\x00\x00}
[DEBUG] HttpConnection@477f4c37::SocketChannelEndPoint@66ad315b{l=/127.0.0.1:35372,r=/127.0.0.1:60194,OPEN,fill=-,flush=-,to=0/30000}{io=0/0,kio=0,kro=1}->HttpConnection@477f4c37[p=HttpParser{s=START,0 of -1},g=HttpGenerator@15c4e26{s=START}]=>HttpChannelOverHttp@2f7cc7c9{s=HttpChannelState@b7bc396{s=IDLE rs=BLOCKING os=OPEN is=IDLE awp=false se=false i=true al=0},r=1,c=false/false,a=IDLE,uri=null,age=0} filled 710 HeapByteBuffer@460916c[p=0,l=710,c=8192,r=710]={<<<POST /EchoServlet HTTP/1...._H1uh44ugXINrGcQf4VZ--->>>\xEaI^\xF2\x93\xF3\xD5\xE5L...\x00\x00\x00\x00\x00\x00\x00}
[DEBUG] HttpConnection@477f4c37::SocketChannelEndPoint@66ad315b{l=/127.0.0.1:35372,r=/127.0.0.1:60194,OPEN,fill=-,flush=-,to=0/30000}{io=0/0,kio=0,kro=1}->HttpConnection@477f4c37[p=HttpParser{s=START,0 of -1},g=HttpGenerator@15c4e26{s=START}]=>HttpChannelOverHttp@2f7cc7c9{s=HttpChannelState@b7bc396{s=IDLE rs=BLOCKING os=OPEN is=IDLE awp=false se=false i=true al=0},r=1,c=false/false,a=IDLE,uri=null,age=0} parse HeapByteBuffer@460916c[p=0,l=710,c=8192,r=710]={<<<POST /EchoServlet HTTP/1...._H1uh44ugXINrGcQf4VZ--->>>\xEaI^\xF2\x93\xF3\xD5\xE5L...\x00\x00\x00\x00\x00\x00\x00} {}
[DEBUG] parseNext s=START HeapByteBuffer@460916c[p=0,l=710,c=8192,r=710]={<<<POST /EchoServlet HTTP/1...._H1uh44ugXINrGcQf4VZ--->>>\xEaI^\xF2\x93\xF3\xD5\xE5L...\x00\x00\x00\x00\x00\x00\x00}
[DEBUG] START --> SPACE1
[DEBUG] SPACE1 --> URI
[DEBUG] URI --> SPACE2
[DEBUG] SPACE2 --> REQUEST_VERSION
[DEBUG] REQUEST_VERSION --> HEADER
[DEBUG] HEADER:Accept-Encoding: gzip --> IN_VALUE
[DEBUG] HEADER:Accept-Encoding: gzip --> FIELD
[DEBUG] HEADER:User-Agent --> VALUE
[DEBUG] HEADER:User-Agent --> IN_VALUE
[DEBUG] HEADER:User-Agent --> FIELD
[DEBUG] HEADER:Content-Type --> VALUE
[DEBUG] HEADER:Content-Type --> IN_VALUE
[DEBUG] HEADER:Content-Type --> FIELD
[DEBUG] HEADER:Host: localhost:35372 --> IN_VALUE
[DEBUG] HEADER:Host: localhost:35372 --> FIELD
[DEBUG] HEADER:Accept: text/html, image/gif, image/jpeg, *; q=.2, */*; q=.2 --> IN_VALUE
[DEBUG] HEADER:Accept: text/html, image/gif, image/jpeg, *; q=.2, */*; q=.2 --> FIELD
[DEBUG] HEADER:Connection: keep-alive --> IN_VALUE
[DEBUG] HEADER:Connection: keep-alive --> FIELD
[DEBUG] HEADER:Content-Length --> VALUE
[DEBUG] HEADER:Content-Length --> IN_VALUE
[DEBUG] HEADER:Content-Length --> FIELD
[DEBUG] HEADER --> CONTENT
[DEBUG] REQUEST for //localhost:35372/EchoServlet on HttpChannelOverHttp@2f7cc7c9{s=HttpChannelState@b7bc396{s=IDLE rs=BLOCKING os=OPEN is=IDLE awp=false se=false i=true al=0},r=2,c=false/false,a=IDLE,uri=//localhost:35372/EchoServlet,age=0}
POST //localhost:35372/EchoServlet HTTP/1.1
Accept-Encoding: gzip
User-Agent: Mozilla/5.0 (Macintosh; Intel Mac OS X 10_11_4) AppleWebKit/537.36 (KHTML, like Gecko) Chrome/49.0.2623.112 Safari/537.36
Content-Type: multipart/form-data; boundary=1gEadnpVPym_H1uh44ugXINrGcQf4VZ-
Host: localhost:35372
Accept: text/html, image/gif, image/jpeg, *; q=.2, */*; q=.2
Connection: keep-alive
Content-Length: 314


[DEBUG] HttpConnection@477f4c37::SocketChannelEndPoint@66ad315b{l=/127.0.0.1:35372,r=/127.0.0.1:60194,OPEN,fill=-,flush=-,to=1/30000}{io=0/0,kio=0,kro=1}->HttpConnection@477f4c37[p=HttpParser{s=CONTENT,0 of 314},g=HttpGenerator@15c4e26{s=START}]=>HttpChannelOverHttp@2f7cc7c9{s=HttpChannelState@b7bc396{s=IDLE rs=BLOCKING os=OPEN is=IDLE awp=false se=false i=true al=0},r=2,c=false/false,a=IDLE,uri=//localhost:35372/EchoServlet,age=0} parsed true HttpParser{s=CONTENT,0 of 314}
[DEBUG] handle //localhost:35372/EchoServlet HttpChannelOverHttp@2f7cc7c9{s=HttpChannelState@b7bc396{s=IDLE rs=BLOCKING os=OPEN is=IDLE awp=false se=false i=true al=0},r=2,c=false/false,a=IDLE,uri=//localhost:35372/EchoServlet,age=1} 
[DEBUG] handling HttpChannelState@b7bc396{s=IDLE rs=BLOCKING os=OPEN is=IDLE awp=false se=false i=true al=0}
[DEBUG] action DISPATCH HttpChannelOverHttp@2f7cc7c9{s=HttpChannelState@b7bc396{s=HANDLING rs=BLOCKING os=OPEN is=IDLE awp=false se=false i=true al=0},r=2,c=false/false,a=HANDLING,uri=//localhost:35372/EchoServlet,age=1}
[DEBUG] REQUEST POST /EchoServlet on HttpChannelOverHttp@2f7cc7c9{s=HttpChannelState@b7bc396{s=HANDLING rs=BLOCKING os=OPEN is=IDLE awp=false se=false i=true al=0},r=2,c=false/false,a=HANDLING,uri=//localhost:35372/EchoServlet,age=1}
[DEBUG] servlet null|/EchoServlet|null -> org.jsoup.integration.servlets.EchoServlet-60d1a32f==org.jsoup.integration.servlets.EchoServlet@1f7ecb09{jsp=null,order=-1,inst=true,async=true,src=EMBEDDED:null,STARTED}
[DEBUG] chain=null
[DEBUG] write(array HeapByteBuffer@4a2f0fad[p=0,l=235,c=512,r=235]={<<<<title>Webserver Environm...\n    <table border="0">>>>\x00\x00\x00\x00\x00\x00\x00\x00\x00...\x00\x00\x00\x00\x00\x00\x00})
[DEBUG] write(array) s=OPEN,api=BLOCKING,sc=false,e=null aggregated !flush DirectByteBuffer@67223954[p=0,l=235,c=32768,r=235]={<<<<title>Webserver Environm...\n    <table border="0">>>>et eget, ...gue. Pr}
[DEBUG] write(array HeapByteBuffer@514568df[p=0,l=37,c=512,r=37]={<<<<tr><th>Method</th><td>POST</td></tr>>>>s</title>...\x00\x00\x00\x00\x00\x00\x00})
[DEBUG] write(array) s=OPEN,api=BLOCKING,sc=false,e=null aggregated !flush DirectByteBuffer@67223954[p=0,l=272,c=32768,r=272]={<<<<title>Webserver Environm...</th><td>POST</td></tr>>>>rci. <b>I...gue. Pr}
[DEBUG] write(array HeapByteBuffer@2be0f477[p=0,l=1,c=512,r=1]={<<<\n>>>tr><th>Me...\x00\x00\x00\x00\x00\x00\x00})
[DEBUG] write(array) s=OPEN,api=BLOCKING,sc=false,e=null aggregated !flush DirectByteBuffer@67223954[p=0,l=273,c=32768,r=273]={<<<<title>Webserver Environm.../th><td>POST</td></tr>\n>>>ci. <b>In...gue. Pr}
[DEBUG] write(array HeapByteBuffer@7bd7ef93[p=0,l=50,c=512,r=50]={<<<<tr><th>Request URI</th><...>/EchoServlet</td></tr>>>> <style t...\x00\x00\x00\x00\x00\x00\x00})
[DEBUG] write(array) s=OPEN,api=BLOCKING,sc=false,e=null aggregated !flush DirectByteBuffer@67223954[p=0,l=323,c=32768,r=323]={<<<<title>Webserver Environm...>/EchoServlet</td></tr>>>>cipit sod...gue. Pr}
[DEBUG] write(array HeapByteBuffer@49b7c523[p=0,l=1,c=512,r=1]={<<<\n>>>tr><th>Re...\x00\x00\x00\x00\x00\x00\x00})
[DEBUG] write(array) s=OPEN,api=BLOCKING,sc=false,e=null aggregated !flush DirectByteBuffer@67223954[p=0,l=324,c=32768,r=324]={<<<<title>Webserver Environm.../EchoServlet</td></tr>\n>>>ipit soda...gue. Pr}
[DEBUG] write(array HeapByteBuffer@33ce4f5a[p=0,l=39,c=512,r=39]={<<<<tr><th>Query String</th><td></td></tr>>>>t</td></t...\x00\x00\x00\x00\x00\x00\x00})
[DEBUG] write(array) s=OPEN,api=BLOCKING,sc=false,e=null aggregated !flush DirectByteBuffer@67223954[p=0,l=363,c=32768,r=363]={<<<<title>Webserver Environm...ring</th><td></td></tr>>>>t pede fa...gue. Pr}
[DEBUG] write(array HeapByteBuffer@1fa15618[p=0,l=1,c=512,r=1]={<<<\n>>>tr><th>Qu...\x00\x00\x00\x00\x00\x00\x00})
[DEBUG] write(array) s=OPEN,api=BLOCKING,sc=false,e=null aggregated !flush DirectByteBuffer@67223954[p=0,l=364,c=32768,r=364]={<<<<title>Webserver Environm...ing</th><td></td></tr>\n>>> pede fac...gue. Pr}
[DEBUG] run org.eclipse.jetty.io.ManagedSelector$DestroyEndPoint@3b25d21a in QueuedThreadPool[qtp638486177]@260e86a1{STARTED,8<=8<=200,i=2,r=-1,q=0}[ReservedThreadExecutor@278bb07e{s=1/1,p=0}]
[DEBUG] Destroyed SocketChannelEndPoint@1d3d792f{l=0.0.0.0/0.0.0.0:35372,r=null,CLOSED,fill=-,flush=-,to=29/30000}{io=0/0,kio=-1,kro=-1}->HttpConnection@5cf01cdd[p=HttpParser{s=CLOSED,0 of -1},g=HttpGenerator@4d28e34a{s=START}]=>HttpChannelOverHttp@7ef329d0{s=HttpChannelState@586c95fc{s=IDLE rs=BLOCKING os=OPEN is=IDLE awp=false se=false i=true al=0},r=3,c=false/false,a=IDLE,uri=null,age=0}
[DEBUG] onClose HttpConnection@5cf01cdd::SocketChannelEndPoint@1d3d792f{l=0.0.0.0/0.0.0.0:35372,r=null,CLOSED,fill=-,flush=-,to=29/30000}{io=0/0,kio=-1,kro=-1}->HttpConnection@5cf01cdd[p=HttpParser{s=CLOSED,0 of -1},g=HttpGenerator@4d28e34a{s=START}]=>HttpChannelOverHttp@7ef329d0{s=HttpChannelState@586c95fc{s=IDLE rs=BLOCKING os=OPEN is=IDLE awp=false se=false i=true al=0},r=3,c=false/false,a=IDLE,uri=null,age=0}
[DEBUG] ran org.eclipse.jetty.io.ManagedSelector$DestroyEndPoint@3b25d21a in QueuedThreadPool[qtp638486177]@260e86a1{STARTED,8<=8<=200,i=2,r=-1,q=0}[ReservedThreadExecutor@278bb07e{s=1/1,p=0}]
[DEBUG] queue org.eclipse.jetty.io.ManagedSelector$DestroyEndPoint@3b25d21a startThread=0
[DEBUG] HttpConnection@5cf01cdd::SocketChannelEndPoint@1d3d792f{l=0.0.0.0/0.0.0.0:35372,r=null,CLOSED,fill=-,flush=-,to=30/30000}{io=0/0,kio=-1,kro=-1}->HttpConnection@5cf01cdd[p=HttpParser{s=CLOSED,0 of -1},g=HttpGenerator@4d28e34a{s=START}]=>HttpChannelOverHttp@7ef329d0{s=HttpChannelState@586c95fc{s=IDLE rs=BLOCKING os=OPEN is=IDLE awp=false se=false i=true al=0},r=3,c=false/false,a=IDLE,uri=null,age=0} parsed false HttpParser{s=CLOSED,0 of -1}
[DEBUG] releaseRequestBuffer HttpConnection@5cf01cdd::SocketChannelEndPoint@1d3d792f{l=0.0.0.0/0.0.0.0:35372,r=null,CLOSED,fill=-,flush=-,to=30/30000}{io=0/0,kio=-1,kro=-1}->HttpConnection@5cf01cdd[p=HttpParser{s=CLOSED,0 of -1},g=HttpGenerator@4d28e34a{s=START}]=>HttpChannelOverHttp@7ef329d0{s=HttpChannelState@586c95fc{s=IDLE rs=BLOCKING os=OPEN is=IDLE awp=false se=false i=true al=0},r=3,c=false/false,a=IDLE,uri=null,age=0}
[DEBUG] shutdownOutput SocketChannelEndPoint@1d3d792f{l=0.0.0.0/0.0.0.0:35372,r=null,CLOSED,fill=-,flush=-,to=30/30000}{io=0/0,kio=-1,kro=-1}->HttpConnection@5cf01cdd[p=HttpParser{s=CLOSED,0 of -1},g=HttpGenerator@4d28e34a{s=START}]=>HttpChannelOverHttp@7ef329d0{s=HttpChannelState@586c95fc{s=IDLE rs=BLOCKING os=OPEN is=IDLE awp=false se=false i=true al=0},r=3,c=false/false,a=IDLE,uri=null,age=0}
[DEBUG] HttpConnection@5cf01cdd::SocketChannelEndPoint@1d3d792f{l=0.0.0.0/0.0.0.0:35372,r=null,CLOSED,fill=-,flush=-,to=30/30000}{io=0/0,kio=-1,kro=-1}->HttpConnection@5cf01cdd[p=HttpParser{s=CLOSED,0 of -1},g=HttpGenerator@4d28e34a{s=START}]=>HttpChannelOverHttp@7ef329d0{s=HttpChannelState@586c95fc{s=IDLE rs=BLOCKING os=OPEN is=IDLE awp=false se=false i=true al=0},r=3,c=false/false,a=IDLE,uri=null,age=0} onFillable exit HttpChannelState@586c95fc{s=IDLE rs=BLOCKING os=OPEN is=IDLE awp=false se=false i=true al=0} null
[DEBUG] ReservedThreadExecutor@278bb07e{s=1/1,p=0}@25086768 size 1 > capacity
[DEBUG] ran ReservedThreadExecutor@278bb07e{s=1/1,p=0}@25086768 in QueuedThreadPool[qtp638486177]@260e86a1{STARTED,8<=8<=200,i=3,r=-1,q=0}[ReservedThreadExecutor@278bb07e{s=1/1,p=0}]
[DEBUG] write(array HeapByteBuffer@5b4e9908[p=0,l=85,c=512,r=85]={<<<<tr><th>Accept</th><td>te....2, */*; q=.2</td></tr>>>>, td, th ...\x00\x00\x00\x00\x00\x00\x00})
[DEBUG] write(array) s=OPEN,api=BLOCKING,sc=false,e=null aggregated !flush DirectByteBuffer@67223954[p=0,l=449,c=32768,r=449]={<<<<title>Webserver Environm....2, */*; q=.2</td></tr>>>>s at, neq...gue. Pr}
[DEBUG] write(array HeapByteBuffer@2ca7c19f[p=0,l=1,c=512,r=1]={<<<\n>>>tr><th>Ac...\x00\x00\x00\x00\x00\x00\x00})
[DEBUG] write(array) s=OPEN,api=BLOCKING,sc=false,e=null aggregated !flush DirectByteBuffer@67223954[p=0,l=450,c=32768,r=450]={<<<<title>Webserver Environm...2, */*; q=.2</td></tr>\n>>> at, nequ...gue. Pr}
[DEBUG] write(array HeapByteBuffer@6dd2ffce[p=0,l=158,c=512,r=158]={<<<<tr><th>User-Agent</th><t...Safari/537.36</td></tr>>>>th {font-...\x00\x00\x00\x00\x00\x00\x00})
[DEBUG] write(array) s=OPEN,api=BLOCKING,sc=false,e=null aggregated !flush DirectByteBuffer@67223954[p=0,l=608,c=32768,r=608]={<<<<title>Webserver Environm...Safari/537.36</td></tr>>>>mus conse...gue. Pr}
[DEBUG] write(array HeapByteBuffer@785675fa[p=0,l=1,c=512,r=1]={<<<\n>>>tr><th>Us...\x00\x00\x00\x00\x00\x00\x00})
[DEBUG] write(array) s=OPEN,api=BLOCKING,sc=false,e=null aggregated !flush DirectByteBuffer@67223954[p=0,l=609,c=32768,r=609]={<<<<title>Webserver Environm...afari/537.36</td></tr>\n>>>us consec...gue. Pr}
[DEBUG] write(array HeapByteBuffer@577f3521[p=0,l=47,c=512,r=47]={<<<<tr><th>Connection</th><td>keep-alive</td></tr>>>>sh; Intel...\x00\x00\x00\x00\x00\x00\x00})
[DEBUG] write(array) s=OPEN,api=BLOCKING,sc=false,e=null aggregated !flush DirectByteBuffer@67223954[p=0,l=656,c=32768,r=656]={<<<<title>Webserver Environm...td>keep-alive</td></tr>>>> ipsum do...gue. Pr}
[DEBUG] write(array HeapByteBuffer@4546ad68[p=0,l=1,c=512,r=1]={<<<\n>>>tr><th>Co...\x00\x00\x00\x00\x00\x00\x00})
[DEBUG] write(array) s=OPEN,api=BLOCKING,sc=false,e=null aggregated !flush DirectByteBuffer@67223954[p=0,l=657,c=32768,r=657]={<<<<title>Webserver Environm...d>keep-alive</td></tr>\n>>>ipsum dol...gue. Pr}
[DEBUG] write(array HeapByteBuffer@3f901681[p=0,l=46,c=512,r=46]={<<<<tr><th>Host</th><td>localhost:35372</td></tr>>>>>sh; Inte...\x00\x00\x00\x00\x00\x00\x00})
[DEBUG] write(array) s=OPEN,api=BLOCKING,sc=false,e=null aggregated !flush DirectByteBuffer@67223954[p=0,l=703,c=32768,r=703]={<<<<title>Webserver Environm...calhost:35372</td></tr>>>>lit. Inte...gue. Pr}
[DEBUG] write(array HeapByteBuffer@74224d2c[p=0,l=1,c=512,r=1]={<<<\n>>>tr><th>Ho...\x00\x00\x00\x00\x00\x00\x00})
[DEBUG] write(array) s=OPEN,api=BLOCKING,sc=false,e=null aggregated !flush DirectByteBuffer@67223954[p=0,l=704,c=32768,r=704]={<<<<title>Webserver Environm...alhost:35372</td></tr>\n>>>it. Integ...gue. Pr}
[DEBUG] write(array HeapByteBuffer@5a5aa8b4[p=0,l=46,c=512,r=46]={<<<<tr><th>Accept-Encoding</th><td>gzip</td></tr>>>>>sh; Inte...\x00\x00\x00\x00\x00\x00\x00})
[DEBUG] write(array) s=OPEN,api=BLOCKING,sc=false,e=null aggregated !flush DirectByteBuffer@67223954[p=0,l=750,c=32768,r=750]={<<<<title>Webserver Environm...</th><td>gzip</td></tr>>>>ger id qu...gue. Pr}
[DEBUG] write(array HeapByteBuffer@2a87737a[p=0,l=1,c=512,r=1]={<<<\n>>>tr><th>Ac...\x00\x00\x00\x00\x00\x00\x00})
[DEBUG] write(array) s=OPEN,api=BLOCKING,sc=false,e=null aggregated !flush DirectByteBuffer@67223954[p=0,l=751,c=32768,r=751]={<<<<title>Webserver Environm.../th><td>gzip</td></tr>\n>>>er id qua...gue. Pr}
[DEBUG] write(array HeapByteBuffer@151c4cb5[p=0,l=44,c=512,r=44]={<<<<tr><th>Content-Length</th><td>314</td></tr>>>>r>>sh; In...\x00\x00\x00\x00\x00\x00\x00})
[DEBUG] write(array) s=OPEN,api=BLOCKING,sc=false,e=null aggregated !flush DirectByteBuffer@67223954[p=0,l=795,c=32768,r=795]={<<<<title>Webserver Environm...h</th><td>314</td></tr>>>>. Sed nis...gue. Pr}
[DEBUG] write(array HeapByteBuffer@73313817[p=0,l=1,c=512,r=1]={<<<\n>>>tr><th>Co...\x00\x00\x00\x00\x00\x00\x00})
[DEBUG] write(array) s=OPEN,api=BLOCKING,sc=false,e=null aggregated !flush DirectByteBuffer@67223954[p=0,l=796,c=32768,r=796]={<<<<title>Webserver Environm...</th><td>314</td></tr>\n>>> Sed nisi...gue. Pr}
[DEBUG] write(array HeapByteBuffer@7c2131cd[p=0,l=101,c=512,r=101]={<<<<tr><th>Content-Type</th>...gXINrGcQf4VZ-</td></tr>>>> like Gec...\x00\x00\x00\x00\x00\x00\x00})
[DEBUG] write(array) s=OPEN,api=BLOCKING,sc=false,e=null aggregated !flush DirectByteBuffer@67223954[p=0,l=897,c=32768,r=897]={<<<<title>Webserver Environm...gXINrGcQf4VZ-</td></tr>>>>c tellus ...gue. Pr}
[DEBUG] write(array HeapByteBuffer@6d2c9190[p=0,l=1,c=512,r=1]={<<<\n>>>tr><th>Co...\x00\x00\x00\x00\x00\x00\x00})
[DEBUG] write(array) s=OPEN,api=BLOCKING,sc=false,e=null aggregated !flush DirectByteBuffer@67223954[p=0,l=898,c=32768,r=898]={<<<<title>Webserver Environm...XINrGcQf4VZ-</td></tr>\n>>> tellus s...gue. Pr}
[DEBUG] newMultiParts LEGACY Request(POST //localhost:35372/EchoServlet)@1a221164
[DEBUG] HttpConnection@477f4c37::SocketChannelEndPoint@66ad315b{l=/127.0.0.1:35372,r=/127.0.0.1:60194,OPEN,fill=-,flush=-,to=17/30000}{io=0/0,kio=0,kro=1}->HttpConnection@477f4c37[p=HttpParser{s=CONTENT,0 of 314},g=HttpGenerator@15c4e26{s=START}]=>HttpChannelOverHttp@2f7cc7c9{s=HttpChannelState@b7bc396{s=HANDLING rs=BLOCKING os=OPEN is=IDLE awp=false se=false i=true al=0},r=2,c=false/false,a=HANDLING,uri=//localhost:35372/EchoServlet,age=16} parse HeapByteBuffer@460916c[p=396,l=710,c=8192,r=314]={POST /Ech...314\r\n\r\n<<<--1gEadnpVPym_H1uh44ugXIN..._H1uh44ugXINrGcQf4VZ--->>>\xEaI^\xF2\x93\xF3\xD5\xE5L...\x00\x00\x00\x00\x00\x00\x00} {}
[DEBUG] parseNext s=CONTENT HeapByteBuffer@460916c[p=396,l=710,c=8192,r=314]={POST /Ech...314\r\n\r\n<<<--1gEadnpVPym_H1uh44ugXIN..._H1uh44ugXINrGcQf4VZ--->>>\xEaI^\xF2\x93\xF3\xD5\xE5L...\x00\x00\x00\x00\x00\x00\x00}
[DEBUG] onContent HttpChannelOverHttp@2f7cc7c9{s=HttpChannelState@b7bc396{s=HANDLING rs=BLOCKING os=OPEN is=IDLE awp=false se=false i=true al=0},r=2,c=false/false,a=HANDLING,uri=//localhost:35372/EchoServlet,age=16} Content@60a973b7{HeapByteBufferR@15f39936[p=396,l=710,c=8192,r=314]={POST /Ech...314\r\n\r\n<<<--1gEadnpVPym_H1uh44ugXIN..._H1uh44ugXINrGcQf4VZ--->>>\xEaI^\xF2\x93\xF3\xD5\xE5L...\x00\x00\x00\x00\x00\x00\x00}}
[DEBUG] HttpInputOverHTTP@2a8490dd[c=0,q=0,[0]=null,s=STREAM] addContent Content@60a973b7{HeapByteBufferR@15f39936[p=396,l=710,c=8192,r=314]={POST /Ech...314\r\n\r\n<<<--1gEadnpVPym_H1uh44ugXIN..._H1uh44ugXINrGcQf4VZ--->>>\xEaI^\xF2\x93\xF3\xD5\xE5L...\x00\x00\x00\x00\x00\x00\x00}}
[DEBUG] CONTENT --> CONTENT_END
[DEBUG] onContentComplete HttpChannelOverHttp@2f7cc7c9{s=HttpChannelState@b7bc396{s=HANDLING rs=BLOCKING os=OPEN is=IDLE awp=false se=false i=true al=0},r=2,c=false/false,a=HANDLING,uri=//localhost:35372/EchoServlet,age=16}
[DEBUG] CONTENT_END --> END
[DEBUG] onRequestComplete HttpChannelOverHttp@2f7cc7c9{s=HttpChannelState@b7bc396{s=HANDLING rs=BLOCKING os=OPEN is=IDLE awp=false se=false i=true al=0},r=2,c=false/false,a=HANDLING,uri=//localhost:35372/EchoServlet,age=16}
[DEBUG] HttpInputOverHTTP@2a8490dd[c=0,q=1,[0]=EOF,s=STREAM] addContent EOF
[DEBUG] HttpConnection@477f4c37::SocketChannelEndPoint@66ad315b{l=/127.0.0.1:35372,r=/127.0.0.1:60194,OPEN,fill=-,flush=-,to=17/30000}{io=0/0,kio=0,kro=1}->HttpConnection@477f4c37[p=HttpParser{s=END,314 of 314},g=HttpGenerator@15c4e26{s=START}]=>HttpChannelOverHttp@2f7cc7c9{s=HttpChannelState@b7bc396{s=HANDLING rs=BLOCKING os=OPEN is=IDLE awp=false se=false i=true al=0},r=2,c=false/false,a=HANDLING,uri=//localhost:35372/EchoServlet,age=17} parsed false HttpParser{s=END,314 of 314}
[DEBUG] HttpInputOverHTTP@2a8490dd[c=314,q=1,[0]=EOF,s=STREAM] read 314 from Content@60a973b7{HeapByteBufferR@15f39936[p=710,l=710,c=8192,r=0]={POST /Ech...f4VZ---<<<>>>\xEaI^\xF2\x93\xF3\xD5\xE5L...\x00\x00\x00\x00\x00\x00\x00}}
[DEBUG] releaseRequestBuffer HttpConnection@477f4c37::SocketChannelEndPoint@66ad315b{l=/127.0.0.1:35372,r=/127.0.0.1:60194,OPEN,fill=-,flush=-,to=17/30000}{io=0/0,kio=0,kro=1}->HttpConnection@477f4c37[p=HttpParser{s=END,314 of 314},g=HttpGenerator@15c4e26{s=START}]=>HttpChannelOverHttp@2f7cc7c9{s=HttpChannelState@b7bc396{s=HANDLING rs=BLOCKING os=OPEN is=IDLE awp=false se=false i=true al=0},r=2,c=false/false,a=HANDLING,uri=//localhost:35372/EchoServlet,age=17}
[DEBUG] onEof HttpChannelState@b7bc396{s=HANDLING rs=BLOCKING os=OPEN is=IDLE awp=false se=false i=true al=0}
[DEBUG] onEof HttpChannelState@b7bc396{s=HANDLING rs=BLOCKING os=OPEN is=READY awp=false se=false i=true al=0}
[DEBUG] write(array HeapByteBuffer@1cda2a09[p=0,l=47,c=512,r=47]={<<<<tr><th>uname</th><td>Jsoup, Jonathan</td></tr>>>>a; bounda...\x00\x00\x00\x00\x00\x00\x00})
[DEBUG] write(array) s=OPEN,api=BLOCKING,sc=false,e=null aggregated !flush DirectByteBuffer@67223954[p=0,l=945,c=32768,r=945]={<<<<title>Webserver Environm...oup, Jonathan</td></tr>>>>estibulum...gue. Pr}
[DEBUG] write(array HeapByteBuffer@16f9a1c7[p=0,l=1,c=512,r=1]={<<<\n>>>tr><th>un...\x00\x00\x00\x00\x00\x00\x00})
[DEBUG] write(array) s=OPEN,api=BLOCKING,sc=false,e=null aggregated !flush DirectByteBuffer@67223954[p=0,l=946,c=32768,r=946]={<<<<title>Webserver Environm...up, Jonathan</td></tr>\n>>>stibulum ...gue. Pr}
[DEBUG] write(array HeapByteBuffer@3d665c64[p=0,l=39,c=512,r=39]={<<<<tr><th>\xE7\x99\xBe</th><td>\xE5\xBa\xA6\xE4\xB8\x80\xE4\xB8\x8b</td></tr>>>>td></tr>a...\x00\x00\x00\x00\x00\x00\x00})
[DEBUG] write(array) s=OPEN,api=BLOCKING,sc=false,e=null aggregated !flush DirectByteBuffer@67223954[p=0,l=985,c=32768,r=985]={<<<<title>Webserver Environm...<td>\xE5\xBa\xA6\xE4\xB8\x80\xE4\xB8\x8b</td></tr>>>> aptent t...gue. Pr}
[DEBUG] write(array HeapByteBuffer@34d558d7[p=0,l=1,c=512,r=1]={<<<\n>>>tr><th>\xE7\x99...\x00\x00\x00\x00\x00\x00\x00})
[DEBUG] write(array) s=OPEN,api=BLOCKING,sc=false,e=null aggregated !flush DirectByteBuffer@67223954[p=0,l=986,c=32768,r=986]={<<<<title>Webserver Environm...td>\xE5\xBa\xA6\xE4\xB8\x80\xE4\xB8\x8b</td></tr>\n>>>aptent ta...gue. Pr}
[DEBUG] onEof HttpChannelState@b7bc396{s=HANDLING rs=BLOCKING os=OPEN is=READY awp=false se=false i=true al=0}
[DEBUG] write(array HeapByteBuffer@7912b626[p=0,l=33,c=512,r=33]={<<<<tr><th>Parts</th><td>3</td></tr>>>>></tr>td>...\x00\x00\x00\x00\x00\x00\x00})
[DEBUG] write(array) s=OPEN,api=BLOCKING,sc=false,e=null aggregated !flush DirectByteBuffer@67223954[p=0,l=1019,c=32768,r=1019]={<<<<title>Webserver Environm...rts</th><td>3</td></tr>>>>torquent ...gue. Pr}
[DEBUG] write(array HeapByteBuffer@223ed75a[p=0,l=1,c=512,r=1]={<<<\n>>>tr><th>Pa...\x00\x00\x00\x00\x00\x00\x00})
[DEBUG] write(array) s=OPEN,api=BLOCKING,sc=false,e=null aggregated !flush DirectByteBuffer@67223954[p=0,l=1020,c=32768,r=1020]={<<<<title>Webserver Environm...ts</th><td>3</td></tr>\n>>>orquent p...gue. Pr}
[DEBUG] write(array HeapByteBuffer@2d343a05[p=0,l=49,c=512,r=49]={<<<<tr><th>Part uname Conten...Type</th><td></td></tr>>>> boundary...\x00\x00\x00\x00\x00\x00\x00})
[DEBUG] write(array) s=OPEN,api=BLOCKING,sc=false,e=null aggregated !flush DirectByteBuffer@67223954[p=0,l=1069,c=32768,r=1069]={<<<<title>Webserver Environm...Type</th><td></td></tr>>>>s. </p>\n\n...gue. Pr}
[DEBUG] write(array HeapByteBuffer@33b9cc94[p=0,l=1,c=512,r=1]={<<<\n>>>tr><th>Pa...\x00\x00\x00\x00\x00\x00\x00})
[DEBUG] write(array) s=OPEN,api=BLOCKING,sc=false,e=null aggregated !flush DirectByteBuffer@67223954[p=0,l=1070,c=32768,r=1070]={<<<<title>Webserver Environm...ype</th><td></td></tr>\n>>>. </p>\n\n<...gue. Pr}
[DEBUG] write(array HeapByteBuffer@5ff6ff43[p=0,l=47,c=512,r=47]={<<<<tr><th>Part uname Name</th><td>uname</td></tr>>>>r> bounda...\x00\x00\x00\x00\x00\x00\x00})
[DEBUG] write(array) s=OPEN,api=BLOCKING,sc=false,e=null aggregated !flush DirectByteBuffer@67223954[p=0,l=1117,c=32768,r=1117]={<<<<title>Webserver Environm.../th><td>uname</td></tr>>>>Sed digni...gue. Pr}
[DEBUG] write(array HeapByteBuffer@b2677e0[p=0,l=1,c=512,r=1]={<<<\n>>>tr><th>Pa...\x00\x00\x00\x00\x00\x00\x00})
[DEBUG] write(array) s=OPEN,api=BLOCKING,sc=false,e=null aggregated !flush DirectByteBuffer@67223954[p=0,l=1118,c=32768,r=1118]={<<<<title>Webserver Environm...th><td>uname</td></tr>\n>>>ed dignis...gue. Pr}
[DEBUG] write(array HeapByteBuffer@74e8093[p=0,l=46,c=512,r=46]={<<<<tr><th>Part uname Filename</th><td></td></tr>>>>>r> bound...\x00\x00\x00\x00\x00\x00\x00})
[DEBUG] write(array) s=OPEN,api=BLOCKING,sc=false,e=null aggregated !flush DirectByteBuffer@67223954[p=0,l=1164,c=32768,r=1164]={<<<<title>Webserver Environm...name</th><td></td></tr>>>>i>Ut eu d...gue. Pr}
[DEBUG] write(array HeapByteBuffer@7aee2182[p=0,l=1,c=512,r=1]={<<<\n>>>tr><th>Pa...\x00\x00\x00\x00\x00\x00\x00})
[DEBUG] write(array) s=OPEN,api=BLOCKING,sc=false,e=null aggregated !flush DirectByteBuffer@67223954[p=0,l=1165,c=32768,r=1165]={<<<<title>Webserver Environm...ame</th><td></td></tr>\n>>>>Ut eu di...gue. Pr}
[DEBUG] write(array HeapByteBuffer@120ad57b[p=0,l=43,c=512,r=43]={<<<<tr><th>Part uname Size</th><td>5</td></tr>>>>tr>>r> bo...\x00\x00\x00\x00\x00\x00\x00})
[DEBUG] write(array) s=OPEN,api=BLOCKING,sc=false,e=null aggregated !flush DirectByteBuffer@67223954[p=0,l=1208,c=32768,r=1208]={<<<<title>Webserver Environm...ize</th><td>5</td></tr>>>>ellentesq...gue. Pr}
[DEBUG] write(array HeapByteBuffer@2aab39ad[p=0,l=1,c=512,r=1]={<<<\n>>>tr><th>Pa...\x00\x00\x00\x00\x00\x00\x00})
[DEBUG] write(array) s=OPEN,api=BLOCKING,sc=false,e=null aggregated !flush DirectByteBuffer@67223954[p=0,l=1209,c=32768,r=1209]={<<<<title>Webserver Environm...ze</th><td>5</td></tr>\n>>>llentesqu...gue. Pr}
[DEBUG] write(array HeapByteBuffer@59126e73[p=0,l=49,c=512,r=49]={<<<<tr><th>Part uname Conten...Type</th><td></td></tr>>>> boundary...\x00\x00\x00\x00\x00\x00\x00})
[DEBUG] write(array) s=OPEN,api=BLOCKING,sc=false,e=null aggregated !flush DirectByteBuffer@67223954[p=0,l=1258,c=32768,r=1258]={<<<<title>Webserver Environm...Type</th><td></td></tr>>>>at dolor....gue. Pr}
[DEBUG] write(array HeapByteBuffer@527ba6e2[p=0,l=1,c=512,r=1]={<<<\n>>>tr><th>Pa...\x00\x00\x00\x00\x00\x00\x00})
[DEBUG] write(array) s=OPEN,api=BLOCKING,sc=false,e=null aggregated !flush DirectByteBuffer@67223954[p=0,l=1259,c=32768,r=1259]={<<<<title>Webserver Environm...ype</th><td></td></tr>\n>>>t dolor. ...gue. Pr}
[DEBUG] write(array HeapByteBuffer@169e00db[p=0,l=47,c=512,r=47]={<<<<tr><th>Part uname Name</th><td>uname</td></tr>>>>r> bounda...\x00\x00\x00\x00\x00\x00\x00})
[DEBUG] write(array) s=OPEN,api=BLOCKING,sc=false,e=null aggregated !flush DirectByteBuffer@67223954[p=0,l=1306,c=32768,r=1306]={<<<<title>Webserver Environm.../th><td>uname</td></tr>>>>ue sem. P...gue. Pr}
[DEBUG] write(array HeapByteBuffer@658b35f4[p=0,l=1,c=512,r=1]={<<<\n>>>tr><th>Pa...\x00\x00\x00\x00\x00\x00\x00})
[DEBUG] write(array) s=OPEN,api=BLOCKING,sc=false,e=null aggregated !flush DirectByteBuffer@67223954[p=0,l=1307,c=32768,r=1307]={<<<<title>Webserver Environm...th><td>uname</td></tr>\n>>>e sem. Pr...gue. Pr}
[DEBUG] write(array HeapByteBuffer@2fa0aec0[p=0,l=46,c=512,r=46]={<<<<tr><th>Part uname Filename</th><td></td></tr>>>>>r> bound...\x00\x00\x00\x00\x00\x00\x00})
[DEBUG] write(array) s=OPEN,api=BLOCKING,sc=false,e=null aggregated !flush DirectByteBuffer@67223954[p=0,l=1353,c=32768,r=1353]={<<<<title>Webserver Environm...name</th><td></td></tr>>>>tor. Morb...gue. Pr}
[DEBUG] write(array HeapByteBuffer@20635160[p=0,l=1,c=512,r=1]={<<<\n>>>tr><th>Pa...\x00\x00\x00\x00\x00\x00\x00})
[DEBUG] write(array) s=OPEN,api=BLOCKING,sc=false,e=null aggregated !flush DirectByteBuffer@67223954[p=0,l=1354,c=32768,r=1354]={<<<<title>Webserver Environm...ame</th><td></td></tr>\n>>>or. Morbi...gue. Pr}
[DEBUG] write(array HeapByteBuffer@461d056f[p=0,l=43,c=512,r=43]={<<<<tr><th>Part uname Size</th><td>8</td></tr>>>>tr>>r> bo...\x00\x00\x00\x00\x00\x00\x00})
[DEBUG] write(array) s=OPEN,api=BLOCKING,sc=false,e=null aggregated !flush DirectByteBuffer@67223954[p=0,l=1397,c=32768,r=1397]={<<<<title>Webserver Environm...ize</th><td>8</td></tr>>>>it quis, ...gue. Pr}
[DEBUG] write(array HeapByteBuffer@7a05bccd[p=0,l=1,c=512,r=1]={<<<\n>>>tr><th>Pa...\x00\x00\x00\x00\x00\x00\x00})
[DEBUG] write(array) s=OPEN,api=BLOCKING,sc=false,e=null aggregated !flush DirectByteBuffer@67223954[p=0,l=1398,c=32768,r=1398]={<<<<title>Webserver Environm...ze</th><td>8</td></tr>\n>>>t quis, l...gue. Pr}
[DEBUG] write(array HeapByteBuffer@50f9cbe3[p=0,l=47,c=512,r=47]={<<<<tr><th>Part \xE7\x99\xBe ContentType</th><td></td></tr>>>>r> bounda...\x00\x00\x00\x00\x00\x00\x00})
[DEBUG] write(array) s=OPEN,api=BLOCKING,sc=false,e=null aggregated !flush DirectByteBuffer@67223954[p=0,l=1445,c=32768,r=1445]={<<<<title>Webserver Environm...Type</th><td></td></tr>>>> ligula l...gue. Pr}
[DEBUG] write(array HeapByteBuffer@6aab78cd[p=0,l=1,c=512,r=1]={<<<\n>>>tr><th>Pa...\x00\x00\x00\x00\x00\x00\x00})
[DEBUG] write(array) s=OPEN,api=BLOCKING,sc=false,e=null aggregated !flush DirectByteBuffer@67223954[p=0,l=1446,c=32768,r=1446]={<<<<title>Webserver Environm...ype</th><td></td></tr>\n>>>ligula la...gue. Pr}
[DEBUG] write(array HeapByteBuffer@44332e8a[p=0,l=43,c=512,r=43]={<<<<tr><th>Part \xE7\x99\xBe Name</th><td>\xE7\x99\xBe</td></tr>>>>/tr>r> bo...\x00\x00\x00\x00\x00\x00\x00})
[DEBUG] write(array) s=OPEN,api=BLOCKING,sc=false,e=null aggregated !flush DirectByteBuffer@67223954[p=0,l=1489,c=32768,r=1489]={<<<<title>Webserver Environm...e</th><td>\xE7\x99\xBe</td></tr>>>> metus me...gue. Pr}
[DEBUG] write(array HeapByteBuffer@13871115[p=0,l=1,c=512,r=1]={<<<\n>>>tr><th>Pa...\x00\x00\x00\x00\x00\x00\x00})
[DEBUG] write(array) s=OPEN,api=BLOCKING,sc=false,e=null aggregated !flush DirectByteBuffer@67223954[p=0,l=1490,c=32768,r=1490]={<<<<title>Webserver Environm...</th><td>\xE7\x99\xBe</td></tr>\n>>>metus met...gue. Pr}
[DEBUG] write(array HeapByteBuffer@dbf6655[p=0,l=44,c=512,r=44]={<<<<tr><th>Part \xE7\x99\xBe Filename</th><td></td></tr>>>>tr>r> bou...\x00\x00\x00\x00\x00\x00\x00})
[DEBUG] write(array) s=OPEN,api=BLOCKING,sc=false,e=null aggregated !flush DirectByteBuffer@67223954[p=0,l=1534,c=32768,r=1534]={<<<<title>Webserver Environm...name</th><td></td></tr>>>> euismod ...gue. Pr}
[DEBUG] write(array HeapByteBuffer@3c630a3f[p=0,l=1,c=512,r=1]={<<<\n>>>tr><th>Pa...\x00\x00\x00\x00\x00\x00\x00})
[DEBUG] write(array) s=OPEN,api=BLOCKING,sc=false,e=null aggregated !flush DirectByteBuffer@67223954[p=0,l=1535,c=32768,r=1535]={<<<<title>Webserver Environm...ame</th><td></td></tr>\n>>>euismod i...gue. Pr}
[DEBUG] write(array HeapByteBuffer@61f93447[p=0,l=41,c=512,r=41]={<<<<tr><th>Part \xE7\x99\xBe Size</th><td>9</td></tr>>>>tr>tr>r> ...\x00\x00\x00\x00\x00\x00\x00})
[DEBUG] write(array) s=OPEN,api=BLOCKING,sc=false,e=null aggregated !flush DirectByteBuffer@67223954[p=0,l=1576,c=32768,r=1576]={<<<<title>Webserver Environm...ize</th><td>9</td></tr>>>>entum vel...gue. Pr}
[DEBUG] write(array HeapByteBuffer@4add9ed4[p=0,l=1,c=512,r=1]={<<<\n>>>tr><th>Pa...\x00\x00\x00\x00\x00\x00\x00})
[DEBUG] write(array) s=OPEN,api=BLOCKING,sc=false,e=null aggregated !flush DirectByteBuffer@67223954[p=0,l=1577,c=32768,r=1577]={<<<<title>Webserver Environm...ze</th><td>9</td></tr>\n>>>ntum veli...gue. Pr}
[DEBUG] write(array HeapByteBuffer@3c26c414[p=0,l=8,c=512,r=8]={<<<</table>>>>Part \xE7\x99\xBe ...\x00\x00\x00\x00\x00\x00\x00})
[DEBUG] write(array) s=OPEN,api=BLOCKING,sc=false,e=null aggregated !flush DirectByteBuffer@67223954[p=0,l=1585,c=32768,r=1585]={<<<<title>Webserver Environm...td>9</td></tr>\n</table>>>>it. </p>\n...gue. Pr}
[DEBUG] write(array HeapByteBuffer@1830135d[p=0,l=1,c=512,r=1]={<<<\n>>>/table>Pa...\x00\x00\x00\x00\x00\x00\x00})
[DEBUG] write(array) s=OPEN,api=BLOCKING,sc=false,e=null aggregated !flush DirectByteBuffer@67223954[p=0,l=1586,c=32768,r=1586]={<<<<title>Webserver Environm...d>9</td></tr>\n</table>\n>>>t. </p>\n\n...gue. Pr}
[DEBUG] handled=true async=false committed=false on HttpChannelOverHttp@2f7cc7c9{s=HttpChannelState@b7bc396{s=HANDLING rs=BLOCKING os=OPEN is=READY awp=false se=false i=true al=0},r=2,c=false/false,a=HANDLING,uri=//localhost:35372/EchoServlet,age=26}
[DEBUG] unhandle HttpChannelState@b7bc396{s=HANDLING rs=BLOCKING os=OPEN is=READY awp=false se=false i=true al=0}
[DEBUG] nextAction(false) COMPLETE HttpChannelState@b7bc396{s=HANDLING rs=COMPLETING os=OPEN is=READY awp=false se=false i=false al=0}
[DEBUG] action COMPLETE HttpChannelOverHttp@2f7cc7c9{s=HttpChannelState@b7bc396{s=HANDLING rs=COMPLETING os=OPEN is=READY awp=false se=false i=false al=0},r=2,c=false/false,a=HANDLING,uri=//localhost:35372/EchoServlet,age=26}
[DEBUG] complete(org.eclipse.jetty.util.Callback$3@30435710) s=CLOSING,api=BLOCKED,sc=false,e=null s=false e=null, c=DirectByteBuffer@67223954[p=0,l=1586,c=32768,r=1586]={<<<<title>Webserver Environm...d>9</td></tr>\n</table>\n>>>t. </p>\n\n...gue. Pr}
[DEBUG] sendResponse info=null content=DirectByteBuffer@67223954[p=0,l=1586,c=32768,r=1586]={<<<<title>Webserver Environm...d>9</td></tr>\n</table>\n>>>t. </p>\n\n...gue. Pr} complete=true committing=true callback=org.eclipse.jetty.server.HttpOutput$WriteCompleteCB@164e54f2
[DEBUG] COMMIT for /EchoServlet on HttpChannelOverHttp@2f7cc7c9{s=HttpChannelState@b7bc396{s=HANDLING rs=COMPLETING os=COMMITTED is=READY awp=false se=false i=false al=0},r=2,c=false/false,a=HANDLING,uri=//localhost:35372/EchoServlet,age=26}
200 null HTTP/1.1
Date: Tue, 28 Sep 2021 06:03:31 GMT
Content-Type: text/html;charset=utf-8
Cache-Control: no-cache
Cache-Control: no-store


[DEBUG] generate: NEED_HEADER for SendCallback@546dc99c[PROCESSING][i=HTTP/1.1{s=200,h=4,cl=-1},cb=org.eclipse.jetty.server.HttpChannel$SendCallback@1cc2244b] (null,[p=0,l=1586,c=32768,r=1586],true)@START
[DEBUG] generateHeaders HTTP/1.1{s=200,h=4,cl=-1} last=true content=DirectByteBuffer@67223954[p=0,l=1586,c=32768,r=1586]={<<<<title>Webserver Environm...d>9</td></tr>\n</table>\n>>>t. </p>\n\n...gue. Pr}
[DEBUG] Date: Tue, 28 Sep 2021 06:03:31 GMT
Content-Type: text/html;charset=utf-8
Cache-Control: no-cache
Cache-Control: no-store


[DEBUG] CONTENT_LENGTH
[DEBUG] generate: FLUSH for SendCallback@546dc99c[PROCESSING][i=HTTP/1.1{s=200,h=4,cl=-1},cb=org.eclipse.jetty.server.HttpChannel$SendCallback@1cc2244b] ([p=0,l=200,c=8192,r=200],[p=0,l=1586,c=32768,r=1586],true)@COMPLETING
[DEBUG] write: WriteFlusher@7c7fee4b{IDLE}->null [HeapByteBuffer@2a66826a[p=0,l=200,c=8192,r=200]={<<<HTTP/1.1 200 OK\r\nDate: Tu...y(9.4.43.v20210629)\r\n\r\n>>>9)\r\n\r\ni/5...\x86&h\xA0{\xC1\xC2},DirectByteBuffer@67223954[p=0,l=1586,c=32768,r=1586]={<<<<title>Webserver Environm...d>9</td></tr>\n</table>\n>>>t. </p>\n\n...gue. Pr}]
[DEBUG] update WriteFlusher@7c7fee4b{WRITING}->null:IDLE-->WRITING
]]></system-out>
  </testcase>
  <testcase name="sendsRequestBodyWithUrlParams" classname="org.jsoup.integration.ConnectTest" time="0.018">
    <system-out><![CDATA[[DEBUG] flushed 1786 SocketChannelEndPoint@66ad315b{l=/127.0.0.1:35372,r=/127.0.0.1:60194,OPEN,fill=-,flush=W,to=31/30000}{io=0/0,kio=0,kro=1}->HttpConnection@477f4c37[p=HttpParser{s=END,314 of 314},g=HttpGenerator@15c4e26{s=COMPLETING}]=>HttpChannelOverHttp@2f7cc7c9{s=HttpChannelState@b7bc396{s=HANDLING rs=COMPLETING os=COMMITTED is=READY awp=false se=false i=false al=0},r=2,c=false/false,a=HANDLING,uri=//localhost:35372/EchoServlet,age=30}
[DEBUG] Flushed=true written=1786 remaining=0 WriteFlusher@7c7fee4b{WRITING}->null
[DEBUG] update WriteFlusher@7c7fee4b{IDLE}->null:WRITING-->IDLE
[DEBUG] generate: DONE for SendCallback@546dc99c[PROCESSING][i=HTTP/1.1{s=200,h=4,cl=-1},cb=org.eclipse.jetty.server.HttpChannel$SendCallback@1cc2244b] ([p=200,l=200,c=8192,r=0],[p=1586,l=1586,c=32768,r=0],true)@END
[DEBUG] onWriteComplete(true,null) s=CLOSING,api=BLOCKED,sc=false,e=null->s=CLOSED,api=BLOCKING,sc=false,e=null c=null cb=org.eclipse.jetty.util.Callback$3@30435710 w=false
[DEBUG] completed HttpChannelState@b7bc396{s=HANDLING rs=COMPLETING os=COMPLETED is=READY awp=false se=false i=false al=0}
[DEBUG] unhandle HttpChannelState@b7bc396{s=HANDLING rs=COMPLETED os=COMPLETED is=READY awp=false se=false i=false al=0}
[DEBUG] nextAction(false) TERMINATED HttpChannelState@b7bc396{s=IDLE rs=COMPLETED os=COMPLETED is=READY awp=false se=false i=false al=0}
[DEBUG] action TERMINATED HttpChannelOverHttp@2f7cc7c9{s=HttpChannelState@b7bc396{s=IDLE rs=COMPLETED os=COMPLETED is=READY awp=false se=false i=false al=0},r=2,c=true/true,a=IDLE,uri=//localhost:35372/EchoServlet,age=31}
[DEBUG] onCompleted for /EchoServlet written=1586
[DEBUG] recycle HttpChannelState@b7bc396{s=IDLE rs=COMPLETED os=COMPLETED is=READY awp=false se=false i=false al=0}
[DEBUG] reset HttpParser{s=END,314 of 314}
[DEBUG] END --> START
[DEBUG] !handle TERMINATED HttpChannelOverHttp@2f7cc7c9{s=HttpChannelState@b7bc396{s=IDLE rs=BLOCKING os=OPEN is=IDLE awp=false se=false i=true al=0},r=2,c=false/false,a=IDLE,uri=null,age=0}
[DEBUG] filled 419 HeapByteBuffer@1ef04a69[p=0,l=419,c=8192,r=419]={<<<POST /EchoServlet?uname=J...ngth: 11\r\n\r\n{key:value}>>>\x00\x00\x00\x00\x00\x00\x00\x00\x00...\x00\x00\x00\x00\x00\x00\x00}
[DEBUG] HttpConnection@477f4c37::SocketChannelEndPoint@66ad315b{l=/127.0.0.1:35372,r=/127.0.0.1:60194,OPEN,fill=-,flush=-,to=0/30000}{io=0/0,kio=0,kro=1}->HttpConnection@477f4c37[p=HttpParser{s=START,0 of -1},g=HttpGenerator@15c4e26{s=START}]=>HttpChannelOverHttp@2f7cc7c9{s=HttpChannelState@b7bc396{s=IDLE rs=BLOCKING os=OPEN is=IDLE awp=false se=false i=true al=0},r=2,c=false/false,a=IDLE,uri=null,age=0} filled 419 HeapByteBuffer@1ef04a69[p=0,l=419,c=8192,r=419]={<<<POST /EchoServlet?uname=J...ngth: 11\r\n\r\n{key:value}>>>\x00\x00\x00\x00\x00\x00\x00\x00\x00...\x00\x00\x00\x00\x00\x00\x00}
[DEBUG] HttpConnection@477f4c37::SocketChannelEndPoint@66ad315b{l=/127.0.0.1:35372,r=/127.0.0.1:60194,OPEN,fill=-,flush=-,to=0/30000}{io=0/0,kio=0,kro=1}->HttpConnection@477f4c37[p=HttpParser{s=START,0 of -1},g=HttpGenerator@15c4e26{s=START}]=>HttpChannelOverHttp@2f7cc7c9{s=HttpChannelState@b7bc396{s=IDLE rs=BLOCKING os=OPEN is=IDLE awp=false se=false i=true al=0},r=2,c=false/false,a=IDLE,uri=null,age=0} parse HeapByteBuffer@1ef04a69[p=0,l=419,c=8192,r=419]={<<<POST /EchoServlet?uname=J...ngth: 11\r\n\r\n{key:value}>>>\x00\x00\x00\x00\x00\x00\x00\x00\x00...\x00\x00\x00\x00\x00\x00\x00} {}
[DEBUG] parseNext s=START HeapByteBuffer@1ef04a69[p=0,l=419,c=8192,r=419]={<<<POST /EchoServlet?uname=J...ngth: 11\r\n\r\n{key:value}>>>\x00\x00\x00\x00\x00\x00\x00\x00\x00...\x00\x00\x00\x00\x00\x00\x00}
[DEBUG] START --> SPACE1
[DEBUG] SPACE1 --> URI
[DEBUG] URI --> SPACE2
[DEBUG] SPACE2 --> REQUEST_VERSION
[DEBUG] REQUEST_VERSION --> HEADER
[DEBUG] HEADER:Accept-Encoding: gzip --> IN_VALUE
[DEBUG] HEADER:Accept-Encoding: gzip --> FIELD
[DEBUG] HEADER:Content-Type: text/plain --> IN_VALUE
[DEBUG] HEADER:Content-Type: text/plain --> FIELD
[DEBUG] HEADER:User-Agent: Mozilla/5.0 (Macintosh; Intel Mac OS X 10_11_4) AppleWebKit/537.36 (KHTML, like Gecko) Chrome/49.0.2623.112 Safari/537.36 --> IN_VALUE
[DEBUG] HEADER:User-Agent: Mozilla/5.0 (Macintosh; Intel Mac OS X 10_11_4) AppleWebKit/537.36 (KHTML, like Gecko) Chrome/49.0.2623.112 Safari/537.36 --> FIELD
[DEBUG] HEADER:Host: localhost:35372 --> IN_VALUE
[DEBUG] HEADER:Host: localhost:35372 --> FIELD
[DEBUG] HEADER:Accept: text/html, image/gif, image/jpeg, *; q=.2, */*; q=.2 --> IN_VALUE
[DEBUG] HEADER:Accept: text/html, image/gif, image/jpeg, *; q=.2, */*; q=.2 --> FIELD
[DEBUG] HEADER:Connection: keep-alive --> IN_VALUE
[DEBUG] HEADER:Connection: keep-alive --> FIELD
[DEBUG] HEADER:Content-Length --> VALUE
[DEBUG] HEADER:Content-Length --> IN_VALUE
[DEBUG] HEADER:Content-Length --> FIELD
[DEBUG] HEADER --> CONTENT
[DEBUG] REQUEST for //localhost:35372/EchoServlet?uname=Jsoup&uname=Jonathan&%E7%99%BE=%E5%BA%A6%E4%B8%80%E4%B8%8B on HttpChannelOverHttp@2f7cc7c9{s=HttpChannelState@b7bc396{s=IDLE rs=BLOCKING os=OPEN is=IDLE awp=false se=false i=true al=0},r=3,c=false/false,a=IDLE,uri=//localhost:35372/EchoServlet?uname=Jsoup&uname=Jonathan&%E7%99%BE=%E5%BA%A6%E4%B8%80%E4%B8%8B,age=0}
POST //localhost:35372/EchoServlet?uname=Jsoup&uname=Jonathan&%E7%99%BE=%E5%BA%A6%E4%B8%80%E4%B8%8B HTTP/1.1
Accept-Encoding: gzip
Content-Type: text/plain
User-Agent: Mozilla/5.0 (Macintosh; Intel Mac OS X 10_11_4) AppleWebKit/537.36 (KHTML, like Gecko) Chrome/49.0.2623.112 Safari/537.36
Host: localhost:35372
Accept: text/html, image/gif, image/jpeg, *; q=.2, */*; q=.2
Connection: keep-alive
Content-Length: 11


[DEBUG] HttpConnection@477f4c37::SocketChannelEndPoint@66ad315b{l=/127.0.0.1:35372,r=/127.0.0.1:60194,OPEN,fill=-,flush=-,to=0/30000}{io=0/0,kio=0,kro=1}->HttpConnection@477f4c37[p=HttpParser{s=CONTENT,0 of 11},g=HttpGenerator@15c4e26{s=START}]=>HttpChannelOverHttp@2f7cc7c9{s=HttpChannelState@b7bc396{s=IDLE rs=BLOCKING os=OPEN is=IDLE awp=false se=false i=true al=0},r=3,c=false/false,a=IDLE,uri=//localhost:35372/EchoServlet?uname=Jsoup&uname=Jonathan&%E7%99%BE=%E5%BA%A6%E4%B8%80%E4%B8%8B,age=7} parsed true HttpParser{s=CONTENT,0 of 11}
[DEBUG] handle //localhost:35372/EchoServlet?uname=Jsoup&uname=Jonathan&%E7%99%BE=%E5%BA%A6%E4%B8%80%E4%B8%8B HttpChannelOverHttp@2f7cc7c9{s=HttpChannelState@b7bc396{s=IDLE rs=BLOCKING os=OPEN is=IDLE awp=false se=false i=true al=0},r=3,c=false/false,a=IDLE,uri=//localhost:35372/EchoServlet?uname=Jsoup&uname=Jonathan&%E7%99%BE=%E5%BA%A6%E4%B8%80%E4%B8%8B,age=7} 
[DEBUG] handling HttpChannelState@b7bc396{s=IDLE rs=BLOCKING os=OPEN is=IDLE awp=false se=false i=true al=0}
[DEBUG] action DISPATCH HttpChannelOverHttp@2f7cc7c9{s=HttpChannelState@b7bc396{s=HANDLING rs=BLOCKING os=OPEN is=IDLE awp=false se=false i=true al=0},r=3,c=false/false,a=HANDLING,uri=//localhost:35372/EchoServlet?uname=Jsoup&uname=Jonathan&%E7%99%BE=%E5%BA%A6%E4%B8%80%E4%B8%8B,age=7}
[DEBUG] REQUEST POST /EchoServlet on HttpChannelOverHttp@2f7cc7c9{s=HttpChannelState@b7bc396{s=HANDLING rs=BLOCKING os=OPEN is=IDLE awp=false se=false i=true al=0},r=3,c=false/false,a=HANDLING,uri=//localhost:35372/EchoServlet?uname=Jsoup&uname=Jonathan&%E7%99%BE=%E5%BA%A6%E4%B8%80%E4%B8%8B,age=7}
[DEBUG] servlet null|/EchoServlet|null -> org.jsoup.integration.servlets.EchoServlet-60d1a32f==org.jsoup.integration.servlets.EchoServlet@1f7ecb09{jsp=null,order=-1,inst=true,async=true,src=EMBEDDED:null,STARTED}
[DEBUG] chain=null
[DEBUG] write(array HeapByteBuffer@4707675[p=0,l=235,c=512,r=235]={<<<<title>Webserver Environm...\n    <table border="0">>>>\x00\x00\x00\x00\x00\x00\x00\x00\x00...\x00\x00\x00\x00\x00\x00\x00})
[DEBUG] write(array) s=OPEN,api=BLOCKING,sc=false,e=null aggregated !flush DirectByteBuffer@341ca971[p=0,l=235,c=32768,r=235]={<<<<title>Webserver Environm...\n    <table border="0">>>>et eget, ...gue. Pr}
[DEBUG] write(array HeapByteBuffer@2e215a3c[p=0,l=37,c=512,r=37]={<<<<tr><th>Method</th><td>POST</td></tr>>>>s</title>...\x00\x00\x00\x00\x00\x00\x00})
[DEBUG] write(array) s=OPEN,api=BLOCKING,sc=false,e=null aggregated !flush DirectByteBuffer@341ca971[p=0,l=272,c=32768,r=272]={<<<<title>Webserver Environm...</th><td>POST</td></tr>>>>rci. <b>I...gue. Pr}
[DEBUG] write(array HeapByteBuffer@4a2c62ce[p=0,l=1,c=512,r=1]={<<<\n>>>tr><th>Me...\x00\x00\x00\x00\x00\x00\x00})
[DEBUG] write(array) s=OPEN,api=BLOCKING,sc=false,e=null aggregated !flush DirectByteBuffer@341ca971[p=0,l=273,c=32768,r=273]={<<<<title>Webserver Environm.../th><td>POST</td></tr>\n>>>ci. <b>In...gue. Pr}
[DEBUG] write(array HeapByteBuffer@47c1f7bc[p=0,l=50,c=512,r=50]={<<<<tr><th>Request URI</th><...>/EchoServlet</td></tr>>>> <style t...\x00\x00\x00\x00\x00\x00\x00})
[DEBUG] write(array) s=OPEN,api=BLOCKING,sc=false,e=null aggregated !flush DirectByteBuffer@341ca971[p=0,l=323,c=32768,r=323]={<<<<title>Webserver Environm...>/EchoServlet</td></tr>>>>cipit sod...gue. Pr}
[DEBUG] write(array HeapByteBuffer@4085e2ef[p=0,l=1,c=512,r=1]={<<<\n>>>tr><th>Re...\x00\x00\x00\x00\x00\x00\x00})
[DEBUG] write(array) s=OPEN,api=BLOCKING,sc=false,e=null aggregated !flush DirectByteBuffer@341ca971[p=0,l=324,c=32768,r=324]={<<<<title>Webserver Environm.../EchoServlet</td></tr>\n>>>ipit soda...gue. Pr}
[DEBUG] write(array HeapByteBuffer@64d1b079[p=0,l=111,c=512,r=111]={<<<<tr><th>Query String</th>...8%80%E4%B8%8B</td></tr>>>>na, Arial...\x00\x00\x00\x00\x00\x00\x00})
[DEBUG] write(array) s=OPEN,api=BLOCKING,sc=false,e=null aggregated !flush DirectByteBuffer@341ca971[p=0,l=435,c=32768,r=435]={<<<<title>Webserver Environm...8%80%E4%B8%8B</td></tr>>>>is id, sa...gue. Pr}
[DEBUG] write(array HeapByteBuffer@4dc2943f[p=0,l=1,c=512,r=1]={<<<\n>>>tr><th>Qu...\x00\x00\x00\x00\x00\x00\x00})
[DEBUG] write(array) s=OPEN,api=BLOCKING,sc=false,e=null aggregated !flush DirectByteBuffer@341ca971[p=0,l=436,c=32768,r=436]={<<<<title>Webserver Environm...%80%E4%B8%8B</td></tr>\n>>>s id, sag...gue. Pr}
[DEBUG] write(array HeapByteBuffer@5f6f62c[p=0,l=85,c=512,r=85]={<<<<tr><th>Accept</th><td>te....2, */*; q=.2</td></tr>>>>4%B8%80%E...\x00\x00\x00\x00\x00\x00\x00})
[DEBUG] write(array) s=OPEN,api=BLOCKING,sc=false,e=null aggregated !flush DirectByteBuffer@341ca971[p=0,l=521,c=32768,r=521]={<<<<title>Webserver Environm....2, */*; q=.2</td></tr>>>>ligula. N...gue. Pr}
[DEBUG] write(array HeapByteBuffer@6a8bfee7[p=0,l=1,c=512,r=1]={<<<\n>>>tr><th>Ac...\x00\x00\x00\x00\x00\x00\x00})
[DEBUG] write(array) s=OPEN,api=BLOCKING,sc=false,e=null aggregated !flush DirectByteBuffer@341ca971[p=0,l=522,c=32768,r=522]={<<<<title>Webserver Environm...2, */*; q=.2</td></tr>\n>>>igula. Nu...gue. Pr}
[DEBUG] write(array HeapByteBuffer@330c9b7[p=0,l=158,c=512,r=158]={<<<<tr><th>User-Agent</th><t...Safari/537.36</td></tr>>>>th {font-...\x00\x00\x00\x00\x00\x00\x00})
[DEBUG] write(array) s=OPEN,api=BLOCKING,sc=false,e=null aggregated !flush DirectByteBuffer@341ca971[p=0,l=680,c=32768,r=680]={<<<<title>Webserver Environm...Safari/537.36</td></tr>>>>onsectetu...gue. Pr}
[DEBUG] write(array HeapByteBuffer@5a0ac682[p=0,l=1,c=512,r=1]={<<<\n>>>tr><th>Us...\x00\x00\x00\x00\x00\x00\x00})
[DEBUG] write(array) s=OPEN,api=BLOCKING,sc=false,e=null aggregated !flush DirectByteBuffer@341ca971[p=0,l=681,c=32768,r=681]={<<<<title>Webserver Environm...afari/537.36</td></tr>\n>>>nsectetur...gue. Pr}
[DEBUG] write(array HeapByteBuffer@68ff1c79[p=0,l=47,c=512,r=47]={<<<<tr><th>Connection</th><td>keep-alive</td></tr>>>>sh; Intel...\x00\x00\x00\x00\x00\x00\x00})
[DEBUG] write(array) s=OPEN,api=BLOCKING,sc=false,e=null aggregated !flush DirectByteBuffer@341ca971[p=0,l=728,c=32768,r=728]={<<<<title>Webserver Environm...td>keep-alive</td></tr>>>>aesent li...gue. Pr}
[DEBUG] write(array HeapByteBuffer@5d36bb47[p=0,l=1,c=512,r=1]={<<<\n>>>tr><th>Co...\x00\x00\x00\x00\x00\x00\x00})
[DEBUG] write(array) s=OPEN,api=BLOCKING,sc=false,e=null aggregated !flush DirectByteBuffer@341ca971[p=0,l=729,c=32768,r=729]={<<<<title>Webserver Environm...d>keep-alive</td></tr>\n>>>esent lib...gue. Pr}
[DEBUG] write(array HeapByteBuffer@58cebc27[p=0,l=46,c=512,r=46]={<<<<tr><th>Host</th><td>localhost:35372</td></tr>>>>>sh; Inte...\x00\x00\x00\x00\x00\x00\x00})
[DEBUG] write(array) s=OPEN,api=BLOCKING,sc=false,e=null aggregated !flush DirectByteBuffer@341ca971[p=0,l=775,c=32768,r=775]={<<<<title>Webserver Environm...calhost:35372</td></tr>>>>us ante d...gue. Pr}
[DEBUG] write(array HeapByteBuffer@54fc4f6a[p=0,l=1,c=512,r=1]={<<<\n>>>tr><th>Ho...\x00\x00\x00\x00\x00\x00\x00})
[DEBUG] write(array) s=OPEN,api=BLOCKING,sc=false,e=null aggregated !flush DirectByteBuffer@341ca971[p=0,l=776,c=32768,r=776]={<<<<title>Webserver Environm...alhost:35372</td></tr>\n>>>s ante da...gue. Pr}
[DEBUG] write(array HeapByteBuffer@44f09d58[p=0,l=46,c=512,r=46]={<<<<tr><th>Accept-Encoding</th><td>gzip</td></tr>>>>>sh; Inte...\x00\x00\x00\x00\x00\x00\x00})
[DEBUG] write(array) s=OPEN,api=BLOCKING,sc=false,e=null aggregated !flush DirectByteBuffer@341ca971[p=0,l=822,c=32768,r=822]={<<<<title>Webserver Environm...</th><td>gzip</td></tr>>>>at nibh e...gue. Pr}
[DEBUG] write(array HeapByteBuffer@2cf4ea02[p=0,l=1,c=512,r=1]={<<<\n>>>tr><th>Ac...\x00\x00\x00\x00\x00\x00\x00})
[DEBUG] write(array) s=OPEN,api=BLOCKING,sc=false,e=null aggregated !flush DirectByteBuffer@341ca971[p=0,l=823,c=32768,r=823]={<<<<title>Webserver Environm.../th><td>gzip</td></tr>\n>>>t nibh el...gue. Pr}
[DEBUG] write(array HeapByteBuffer@176443f[p=0,l=43,c=512,r=43]={<<<<tr><th>Content-Length</th><td>11</td></tr>>>>tr>>sh; I...\x00\x00\x00\x00\x00\x00\x00})
[DEBUG] write(array) s=OPEN,api=BLOCKING,sc=false,e=null aggregated !flush DirectByteBuffer@341ca971[p=0,l=866,c=32768,r=866]={<<<<title>Webserver Environm...th</th><td>11</td></tr>>>>psum. Pra...gue. Pr}
[DEBUG] write(array HeapByteBuffer@37c7cc64[p=0,l=1,c=512,r=1]={<<<\n>>>tr><th>Co...\x00\x00\x00\x00\x00\x00\x00})
[DEBUG] write(array) s=OPEN,api=BLOCKING,sc=false,e=null aggregated !flush DirectByteBuffer@341ca971[p=0,l=867,c=32768,r=867]={<<<<title>Webserver Environm...h</th><td>11</td></tr>\n>>>sum. Prae...gue. Pr}
[DEBUG] write(array HeapByteBuffer@779d9d99[p=0,l=49,c=512,r=49]={<<<<tr><th>Content-Type</th>...td>text/plain</td></tr>>>>; Intel M...\x00\x00\x00\x00\x00\x00\x00})
[DEBUG] write(array) s=OPEN,api=BLOCKING,sc=false,e=null aggregated !flush DirectByteBuffer@341ca971[p=0,l=916,c=32768,r=916]={<<<<title>Webserver Environm...td>text/plain</td></tr>>>>semper po...gue. Pr}
[DEBUG] write(array HeapByteBuffer@7cb2dd92[p=0,l=1,c=512,r=1]={<<<\n>>>tr><th>Co...\x00\x00\x00\x00\x00\x00\x00})
[DEBUG] write(array) s=OPEN,api=BLOCKING,sc=false,e=null aggregated !flush DirectByteBuffer@341ca971[p=0,l=917,c=32768,r=917]={<<<<title>Webserver Environm...d>text/plain</td></tr>\n>>>emper por...gue. Pr}
[DEBUG] write(array HeapByteBuffer@4fd63987[p=0,l=47,c=512,r=47]={<<<<tr><th>uname</th><td>Jsoup, Jonathan</td></tr>>>>r>; Intel...\x00\x00\x00\x00\x00\x00\x00})
[DEBUG] write(array) s=OPEN,api=BLOCKING,sc=false,e=null aggregated !flush DirectByteBuffer@341ca971[p=0,l=964,c=32768,r=964]={<<<<title>Webserver Environm...oup, Jonathan</td></tr>>>>rcu eget ...gue. Pr}
[DEBUG] write(array HeapByteBuffer@46fb78f5[p=0,l=1,c=512,r=1]={<<<\n>>>tr><th>un...\x00\x00\x00\x00\x00\x00\x00})
[DEBUG] write(array) s=OPEN,api=BLOCKING,sc=false,e=null aggregated !flush DirectByteBuffer@341ca971[p=0,l=965,c=32768,r=965]={<<<<title>Webserver Environm...up, Jonathan</td></tr>\n>>>cu eget n...gue. Pr}
[DEBUG] write(array HeapByteBuffer@5d9144e6[p=0,l=39,c=512,r=39]={<<<<tr><th>\xE7\x99\xBe</th><td>\xE5\xBa\xA6\xE4\xB8\x80\xE4\xB8\x8b</td></tr>>>>td></tr>r...\x00\x00\x00\x00\x00\x00\x00})
[DEBUG] write(array) s=OPEN,api=BLOCKING,sc=false,e=null aggregated !flush DirectByteBuffer@341ca971[p=0,l=1004,c=32768,r=1004]={<<<<title>Webserver Environm...<td>\xE5\xBa\xA6\xE4\xB8\x80\xE4\xB8\x8b</td></tr>>>>osqu ad l...gue. Pr}
[DEBUG] write(array HeapByteBuffer@37254c8b[p=0,l=1,c=512,r=1]={<<<\n>>>tr><th>\xE7\x99...\x00\x00\x00\x00\x00\x00\x00})
[DEBUG] write(array) s=OPEN,api=BLOCKING,sc=false,e=null aggregated !flush DirectByteBuffer@341ca971[p=0,l=1005,c=32768,r=1005]={<<<<title>Webserver Environm...td>\xE5\xBa\xA6\xE4\xB8\x80\xE4\xB8\x8b</td></tr>\n>>>squ ad li...gue. Pr}
[DEBUG] HttpConnection@477f4c37::SocketChannelEndPoint@66ad315b{l=/127.0.0.1:35372,r=/127.0.0.1:60194,OPEN,fill=-,flush=-,to=9/30000}{io=0/0,kio=0,kro=1}->HttpConnection@477f4c37[p=HttpParser{s=CONTENT,0 of 11},g=HttpGenerator@15c4e26{s=START}]=>HttpChannelOverHttp@2f7cc7c9{s=HttpChannelState@b7bc396{s=HANDLING rs=BLOCKING os=OPEN is=IDLE awp=false se=false i=true al=0},r=3,c=false/false,a=HANDLING,uri=//localhost:35372/EchoServlet?uname=Jsoup&uname=Jonathan&%E7%99%BE=%E5%BA%A6%E4%B8%80%E4%B8%8B,age=9} parse HeapByteBuffer@1ef04a69[p=408,l=419,c=8192,r=11]={POST /Ech... 11\r\n\r\n<<<{key:value}>>>\x00\x00\x00\x00\x00\x00\x00\x00\x00...\x00\x00\x00\x00\x00\x00\x00} {}
[DEBUG] parseNext s=CONTENT HeapByteBuffer@1ef04a69[p=408,l=419,c=8192,r=11]={POST /Ech... 11\r\n\r\n<<<{key:value}>>>\x00\x00\x00\x00\x00\x00\x00\x00\x00...\x00\x00\x00\x00\x00\x00\x00}
[DEBUG] onContent HttpChannelOverHttp@2f7cc7c9{s=HttpChannelState@b7bc396{s=HANDLING rs=BLOCKING os=OPEN is=IDLE awp=false se=false i=true al=0},r=3,c=false/false,a=HANDLING,uri=//localhost:35372/EchoServlet?uname=Jsoup&uname=Jonathan&%E7%99%BE=%E5%BA%A6%E4%B8%80%E4%B8%8B,age=9} Content@49c151e9{HeapByteBufferR@54e0a4f4[p=408,l=419,c=8192,r=11]={POST /Ech... 11\r\n\r\n<<<{key:value}>>>\x00\x00\x00\x00\x00\x00\x00\x00\x00...\x00\x00\x00\x00\x00\x00\x00}}
[DEBUG] HttpInputOverHTTP@2a8490dd[c=0,q=0,[0]=null,s=STREAM] addContent Content@49c151e9{HeapByteBufferR@54e0a4f4[p=408,l=419,c=8192,r=11]={POST /Ech... 11\r\n\r\n<<<{key:value}>>>\x00\x00\x00\x00\x00\x00\x00\x00\x00...\x00\x00\x00\x00\x00\x00\x00}}
[DEBUG] CONTENT --> CONTENT_END
[DEBUG] onContentComplete HttpChannelOverHttp@2f7cc7c9{s=HttpChannelState@b7bc396{s=HANDLING rs=BLOCKING os=OPEN is=IDLE awp=false se=false i=true al=0},r=3,c=false/false,a=HANDLING,uri=//localhost:35372/EchoServlet?uname=Jsoup&uname=Jonathan&%E7%99%BE=%E5%BA%A6%E4%B8%80%E4%B8%8B,age=13}
[DEBUG] CONTENT_END --> END
[DEBUG] onRequestComplete HttpChannelOverHttp@2f7cc7c9{s=HttpChannelState@b7bc396{s=HANDLING rs=BLOCKING os=OPEN is=IDLE awp=false se=false i=true al=0},r=3,c=false/false,a=HANDLING,uri=//localhost:35372/EchoServlet?uname=Jsoup&uname=Jonathan&%E7%99%BE=%E5%BA%A6%E4%B8%80%E4%B8%8B,age=13}
[DEBUG] HttpInputOverHTTP@2a8490dd[c=0,q=1,[0]=EOF,s=STREAM] addContent EOF
[DEBUG] HttpConnection@477f4c37::SocketChannelEndPoint@66ad315b{l=/127.0.0.1:35372,r=/127.0.0.1:60194,OPEN,fill=-,flush=-,to=13/30000}{io=0/0,kio=0,kro=1}->HttpConnection@477f4c37[p=HttpParser{s=END,11 of 11},g=HttpGenerator@15c4e26{s=START}]=>HttpChannelOverHttp@2f7cc7c9{s=HttpChannelState@b7bc396{s=HANDLING rs=BLOCKING os=OPEN is=IDLE awp=false se=false i=true al=0},r=3,c=false/false,a=HANDLING,uri=//localhost:35372/EchoServlet?uname=Jsoup&uname=Jonathan&%E7%99%BE=%E5%BA%A6%E4%B8%80%E4%B8%8B,age=13} parsed false HttpParser{s=END,11 of 11}
[DEBUG] HttpInputOverHTTP@2a8490dd[c=11,q=1,[0]=EOF,s=STREAM] read 11 from Content@49c151e9{HeapByteBufferR@54e0a4f4[p=419,l=419,c=8192,r=0]={POST /Ech...:value}<<<>>>\x00\x00\x00\x00\x00\x00\x00\x00\x00...\x00\x00\x00\x00\x00\x00\x00}}
[DEBUG] releaseRequestBuffer HttpConnection@477f4c37::SocketChannelEndPoint@66ad315b{l=/127.0.0.1:35372,r=/127.0.0.1:60194,OPEN,fill=-,flush=-,to=13/30000}{io=0/0,kio=0,kro=1}->HttpConnection@477f4c37[p=HttpParser{s=END,11 of 11},g=HttpGenerator@15c4e26{s=START}]=>HttpChannelOverHttp@2f7cc7c9{s=HttpChannelState@b7bc396{s=HANDLING rs=BLOCKING os=OPEN is=IDLE awp=false se=false i=true al=0},r=3,c=false/false,a=HANDLING,uri=//localhost:35372/EchoServlet?uname=Jsoup&uname=Jonathan&%E7%99%BE=%E5%BA%A6%E4%B8%80%E4%B8%8B,age=13}
[DEBUG] onEof HttpChannelState@b7bc396{s=HANDLING rs=BLOCKING os=OPEN is=IDLE awp=false se=false i=true al=0}
[DEBUG] write(array HeapByteBuffer@3017cfa[p=0,l=47,c=512,r=47]={<<<<tr><th>Post Data</th><td>{key:value}</td></tr>>>>r>; Intel...\x00\x00\x00\x00\x00\x00\x00})
[DEBUG] write(array) s=OPEN,api=BLOCKING,sc=false,e=null aggregated !flush DirectByteBuffer@341ca971[p=0,l=1052,c=32768,r=1052]={<<<<title>Webserver Environm...d>{key:value}</td></tr>>>>inceptos ...gue. Pr}
[DEBUG] write(array HeapByteBuffer@1e5d3905[p=0,l=1,c=512,r=1]={<<<\n>>>tr><th>Po...\x00\x00\x00\x00\x00\x00\x00})
[DEBUG] write(array) s=OPEN,api=BLOCKING,sc=false,e=null aggregated !flush DirectByteBuffer@341ca971[p=0,l=1053,c=32768,r=1053]={<<<<title>Webserver Environm...>{key:value}</td></tr>\n>>>nceptos h...gue. Pr}
[DEBUG] write(array HeapByteBuffer@5dd07d3e[p=0,l=8,c=512,r=8]={<<<</table>>>>Post Data...\x00\x00\x00\x00\x00\x00\x00})
[DEBUG] write(array) s=OPEN,api=BLOCKING,sc=false,e=null aggregated !flush DirectByteBuffer@341ca971[p=0,l=1061,c=32768,r=1061]={<<<<title>Webserver Environm...lue}</td></tr>\n</table>>>>himenaeos...gue. Pr}
[DEBUG] write(array HeapByteBuffer@cc6b574[p=0,l=1,c=512,r=1]={<<<\n>>>/table>Po...\x00\x00\x00\x00\x00\x00\x00})
[DEBUG] write(array) s=OPEN,api=BLOCKING,sc=false,e=null aggregated !flush DirectByteBuffer@341ca971[p=0,l=1062,c=32768,r=1062]={<<<<title>Webserver Environm...ue}</td></tr>\n</table>\n>>>imenaeos....gue. Pr}
[DEBUG] handled=true async=false committed=false on HttpChannelOverHttp@2f7cc7c9{s=HttpChannelState@b7bc396{s=HANDLING rs=BLOCKING os=OPEN is=READY awp=false se=false i=true al=0},r=3,c=false/false,a=HANDLING,uri=//localhost:35372/EchoServlet?uname=Jsoup&uname=Jonathan&%E7%99%BE=%E5%BA%A6%E4%B8%80%E4%B8%8B,age=14}
[DEBUG] unhandle HttpChannelState@b7bc396{s=HANDLING rs=BLOCKING os=OPEN is=READY awp=false se=false i=true al=0}
[DEBUG] nextAction(false) COMPLETE HttpChannelState@b7bc396{s=HANDLING rs=COMPLETING os=OPEN is=READY awp=false se=false i=false al=0}
[DEBUG] action COMPLETE HttpChannelOverHttp@2f7cc7c9{s=HttpChannelState@b7bc396{s=HANDLING rs=COMPLETING os=OPEN is=READY awp=false se=false i=false al=0},r=3,c=false/false,a=HANDLING,uri=//localhost:35372/EchoServlet?uname=Jsoup&uname=Jonathan&%E7%99%BE=%E5%BA%A6%E4%B8%80%E4%B8%8B,age=14}
[DEBUG] complete(org.eclipse.jetty.util.Callback$3@4a8eeba) s=CLOSING,api=BLOCKED,sc=false,e=null s=false e=null, c=DirectByteBuffer@341ca971[p=0,l=1062,c=32768,r=1062]={<<<<title>Webserver Environm...ue}</td></tr>\n</table>\n>>>imenaeos....gue. Pr}
[DEBUG] sendResponse info=null content=DirectByteBuffer@341ca971[p=0,l=1062,c=32768,r=1062]={<<<<title>Webserver Environm...ue}</td></tr>\n</table>\n>>>imenaeos....gue. Pr} complete=true committing=true callback=org.eclipse.jetty.server.HttpOutput$WriteCompleteCB@734a6a3b
[DEBUG] COMMIT for /EchoServlet on HttpChannelOverHttp@2f7cc7c9{s=HttpChannelState@b7bc396{s=HANDLING rs=COMPLETING os=COMMITTED is=READY awp=false se=false i=false al=0},r=3,c=false/false,a=HANDLING,uri=//localhost:35372/EchoServlet?uname=Jsoup&uname=Jonathan&%E7%99%BE=%E5%BA%A6%E4%B8%80%E4%B8%8B,age=14}
200 null HTTP/1.1
Date: Tue, 28 Sep 2021 06:03:31 GMT
Content-Type: text/html;charset=utf-8
Cache-Control: no-cache
Cache-Control: no-store


[DEBUG] generate: NEED_HEADER for SendCallback@546dc99c[PROCESSING][i=HTTP/1.1{s=200,h=4,cl=-1},cb=org.eclipse.jetty.server.HttpChannel$SendCallback@2dadd0e1] (null,[p=0,l=1062,c=32768,r=1062],true)@START
[DEBUG] generateHeaders HTTP/1.1{s=200,h=4,cl=-1} last=true content=DirectByteBuffer@341ca971[p=0,l=1062,c=32768,r=1062]={<<<<title>Webserver Environm...ue}</td></tr>\n</table>\n>>>imenaeos....gue. Pr}
[DEBUG] Date: Tue, 28 Sep 2021 06:03:31 GMT
Content-Type: text/html;charset=utf-8
Cache-Control: no-cache
Cache-Control: no-store


[DEBUG] CONTENT_LENGTH
[DEBUG] generate: FLUSH for SendCallback@546dc99c[PROCESSING][i=HTTP/1.1{s=200,h=4,cl=-1},cb=org.eclipse.jetty.server.HttpChannel$SendCallback@2dadd0e1] ([p=0,l=200,c=8192,r=200],[p=0,l=1062,c=32768,r=1062],true)@COMPLETING
[DEBUG] write: WriteFlusher@7c7fee4b{IDLE}->null [HeapByteBuffer@460916c[p=0,l=200,c=8192,r=200]={<<<HTTP/1.1 200 OK\r\nDate: Tu...y(9.4.43.v20210629)\r\n\r\n>>>multipart...\x00\x00\x00\x00\x00\x00\x00},DirectByteBuffer@341ca971[p=0,l=1062,c=32768,r=1062]={<<<<title>Webserver Environm...ue}</td></tr>\n</table>\n>>>imenaeos....gue. Pr}]
[DEBUG] update WriteFlusher@7c7fee4b{WRITING}->null:IDLE-->WRITING
]]></system-out>
  </testcase>
  <testcase name="fetchHandlesXmlAsHtmlWhenParserSet" classname="org.jsoup.integration.ConnectTest" time="0.019">
    <system-out><![CDATA[[DEBUG] flushed 1262 SocketChannelEndPoint@66ad315b{l=/127.0.0.1:35372,r=/127.0.0.1:60194,OPEN,fill=-,flush=W,to=28/30000}{io=0/0,kio=0,kro=1}->HttpConnection@477f4c37[p=HttpParser{s=END,11 of 11},g=HttpGenerator@15c4e26{s=COMPLETING}]=>HttpChannelOverHttp@2f7cc7c9{s=HttpChannelState@b7bc396{s=HANDLING rs=COMPLETING os=COMMITTED is=READY awp=false se=false i=false al=0},r=3,c=false/false,a=HANDLING,uri=//localhost:35372/EchoServlet?uname=Jsoup&uname=Jonathan&%E7%99%BE=%E5%BA%A6%E4%B8%80%E4%B8%8B,age=29}
[DEBUG] Flushed=true written=1262 remaining=0 WriteFlusher@7c7fee4b{WRITING}->null
[DEBUG] update WriteFlusher@7c7fee4b{IDLE}->null:WRITING-->IDLE
[DEBUG] generate: DONE for SendCallback@546dc99c[PROCESSING][i=HTTP/1.1{s=200,h=4,cl=-1},cb=org.eclipse.jetty.server.HttpChannel$SendCallback@2dadd0e1] ([p=200,l=200,c=8192,r=0],[p=1062,l=1062,c=32768,r=0],true)@END
[DEBUG] onWriteComplete(true,null) s=CLOSING,api=BLOCKED,sc=false,e=null->s=CLOSED,api=BLOCKING,sc=false,e=null c=null cb=org.eclipse.jetty.util.Callback$3@4a8eeba w=false
[DEBUG] completed HttpChannelState@b7bc396{s=HANDLING rs=COMPLETING os=COMPLETED is=READY awp=false se=false i=false al=0}
[DEBUG] unhandle HttpChannelState@b7bc396{s=HANDLING rs=COMPLETED os=COMPLETED is=READY awp=false se=false i=false al=0}
[DEBUG] nextAction(false) TERMINATED HttpChannelState@b7bc396{s=IDLE rs=COMPLETED os=COMPLETED is=READY awp=false se=false i=false al=0}
[DEBUG] action TERMINATED HttpChannelOverHttp@2f7cc7c9{s=HttpChannelState@b7bc396{s=IDLE rs=COMPLETED os=COMPLETED is=READY awp=false se=false i=false al=0},r=3,c=true/true,a=IDLE,uri=//localhost:35372/EchoServlet?uname=Jsoup&uname=Jonathan&%E7%99%BE=%E5%BA%A6%E4%B8%80%E4%B8%8B,age=29}
[DEBUG] onCompleted for /EchoServlet written=1062
[DEBUG] recycle HttpChannelState@b7bc396{s=IDLE rs=COMPLETED os=COMPLETED is=READY awp=false se=false i=false al=0}
[DEBUG] reset HttpParser{s=END,11 of 11}
[DEBUG] END --> START
[DEBUG] !handle TERMINATED HttpChannelOverHttp@2f7cc7c9{s=HttpChannelState@b7bc396{s=IDLE rs=BLOCKING os=OPEN is=IDLE awp=false se=false i=true al=0},r=3,c=false/false,a=IDLE,uri=null,age=0}
[DEBUG] filled 343 HeapByteBuffer@2a66826a[p=0,l=343,c=8192,r=343]={<<<GET /FileServlet/htmltest...nection: keep-alive\r\n\r\n>>>Connectio...\x86&h\xA0{\xC1\xC2}
[DEBUG] HttpConnection@477f4c37::SocketChannelEndPoint@66ad315b{l=/127.0.0.1:35372,r=/127.0.0.1:60194,OPEN,fill=-,flush=-,to=0/30000}{io=0/0,kio=0,kro=1}->HttpConnection@477f4c37[p=HttpParser{s=START,0 of -1},g=HttpGenerator@15c4e26{s=START}]=>HttpChannelOverHttp@2f7cc7c9{s=HttpChannelState@b7bc396{s=IDLE rs=BLOCKING os=OPEN is=IDLE awp=false se=false i=true al=0},r=3,c=false/false,a=IDLE,uri=null,age=0} filled 343 HeapByteBuffer@2a66826a[p=0,l=343,c=8192,r=343]={<<<GET /FileServlet/htmltest...nection: keep-alive\r\n\r\n>>>Connectio...\x86&h\xA0{\xC1\xC2}
[DEBUG] HttpConnection@477f4c37::SocketChannelEndPoint@66ad315b{l=/127.0.0.1:35372,r=/127.0.0.1:60194,OPEN,fill=-,flush=-,to=0/30000}{io=0/0,kio=0,kro=1}->HttpConnection@477f4c37[p=HttpParser{s=START,0 of -1},g=HttpGenerator@15c4e26{s=START}]=>HttpChannelOverHttp@2f7cc7c9{s=HttpChannelState@b7bc396{s=IDLE rs=BLOCKING os=OPEN is=IDLE awp=false se=false i=true al=0},r=3,c=false/false,a=IDLE,uri=null,age=0} parse HeapByteBuffer@2a66826a[p=0,l=343,c=8192,r=343]={<<<GET /FileServlet/htmltest...nection: keep-alive\r\n\r\n>>>Connectio...\x86&h\xA0{\xC1\xC2} {}
[DEBUG] parseNext s=START HeapByteBuffer@2a66826a[p=0,l=343,c=8192,r=343]={<<<GET /FileServlet/htmltest...nection: keep-alive\r\n\r\n>>>Connectio...\x86&h\xA0{\xC1\xC2}
[DEBUG] START --> SPACE1
[DEBUG] SPACE1 --> URI
[DEBUG] URI --> SPACE2
[DEBUG] SPACE2 --> REQUEST_VERSION
[DEBUG] REQUEST_VERSION --> HEADER
[DEBUG] HEADER:Accept-Encoding: gzip --> IN_VALUE
[DEBUG] HEADER:Accept-Encoding: gzip --> FIELD
[DEBUG] HEADER:User-Agent: Mozilla/5.0 (Windows NT 10.0; Win64; x64) AppleWebKit/537.36 (KHTML, like Gecko) Chrome/79.0.3945.130 Safari/537.36 --> IN_VALUE
[DEBUG] HEADER:User-Agent: Mozilla/5.0 (Windows NT 10.0; Win64; x64) AppleWebKit/537.36 (KHTML, like Gecko) Chrome/79.0.3945.130 Safari/537.36 --> FIELD
[DEBUG] HEADER:Host: localhost:35372 --> IN_VALUE
[DEBUG] HEADER:Host: localhost:35372 --> FIELD
[DEBUG] HEADER:Accept: text/html, image/gif, image/jpeg, *; q=.2, */*; q=.2 --> IN_VALUE
[DEBUG] HEADER:Accept: text/html, image/gif, image/jpeg, *; q=.2, */*; q=.2 --> FIELD
[DEBUG] HEADER:Connection: keep-alive --> IN_VALUE
[DEBUG] HEADER:Connection: keep-alive --> FIELD
[DEBUG] HEADER --> CONTENT
[DEBUG] REQUEST for //localhost:35372/FileServlet/htmltests/xml-test.xml?contentType=application%2Fxml on HttpChannelOverHttp@2f7cc7c9{s=HttpChannelState@b7bc396{s=IDLE rs=BLOCKING os=OPEN is=IDLE awp=false se=false i=true al=0},r=4,c=false/false,a=IDLE,uri=//localhost:35372/FileServlet/htmltests/xml-test.xml?contentType=application%2Fxml,age=0}
GET //localhost:35372/FileServlet/htmltests/xml-test.xml?contentType=application%2Fxml HTTP/1.1
Accept-Encoding: gzip
User-Agent: Mozilla/5.0 (Windows NT 10.0; Win64; x64) AppleWebKit/537.36 (KHTML, like Gecko) Chrome/79.0.3945.130 Safari/537.36
Host: localhost:35372
Accept: text/html, image/gif, image/jpeg, *; q=.2, */*; q=.2
Connection: keep-alive


[DEBUG] HttpConnection@477f4c37::SocketChannelEndPoint@66ad315b{l=/127.0.0.1:35372,r=/127.0.0.1:60194,OPEN,fill=-,flush=-,to=0/30000}{io=0/0,kio=0,kro=1}->HttpConnection@477f4c37[p=HttpParser{s=CONTENT,0 of -1},g=HttpGenerator@15c4e26{s=START}]=>HttpChannelOverHttp@2f7cc7c9{s=HttpChannelState@b7bc396{s=IDLE rs=BLOCKING os=OPEN is=IDLE awp=false se=false i=true al=0},r=4,c=false/false,a=IDLE,uri=//localhost:35372/FileServlet/htmltests/xml-test.xml?contentType=application%2Fxml,age=0} parsed true HttpParser{s=CONTENT,0 of -1}
[DEBUG] releaseRequestBuffer HttpConnection@477f4c37::SocketChannelEndPoint@66ad315b{l=/127.0.0.1:35372,r=/127.0.0.1:60194,OPEN,fill=-,flush=-,to=0/30000}{io=0/0,kio=0,kro=1}->HttpConnection@477f4c37[p=HttpParser{s=CONTENT,0 of -1},g=HttpGenerator@15c4e26{s=START}]=>HttpChannelOverHttp@2f7cc7c9{s=HttpChannelState@b7bc396{s=IDLE rs=BLOCKING os=OPEN is=IDLE awp=false se=false i=true al=0},r=4,c=false/false,a=IDLE,uri=//localhost:35372/FileServlet/htmltests/xml-test.xml?contentType=application%2Fxml,age=0}
[DEBUG] handle //localhost:35372/FileServlet/htmltests/xml-test.xml?contentType=application%2Fxml HttpChannelOverHttp@2f7cc7c9{s=HttpChannelState@b7bc396{s=IDLE rs=BLOCKING os=OPEN is=IDLE awp=false se=false i=true al=0},r=4,c=false/false,a=IDLE,uri=//localhost:35372/FileServlet/htmltests/xml-test.xml?contentType=application%2Fxml,age=0} 
[DEBUG] handling HttpChannelState@b7bc396{s=IDLE rs=BLOCKING os=OPEN is=IDLE awp=false se=false i=true al=0}
[DEBUG] action DISPATCH HttpChannelOverHttp@2f7cc7c9{s=HttpChannelState@b7bc396{s=HANDLING rs=BLOCKING os=OPEN is=IDLE awp=false se=false i=true al=0},r=4,c=false/false,a=HANDLING,uri=//localhost:35372/FileServlet/htmltests/xml-test.xml?contentType=application%2Fxml,age=0}
[DEBUG] REQUEST GET /FileServlet/htmltests/xml-test.xml on HttpChannelOverHttp@2f7cc7c9{s=HttpChannelState@b7bc396{s=HANDLING rs=BLOCKING os=OPEN is=IDLE awp=false se=false i=true al=0},r=4,c=false/false,a=HANDLING,uri=//localhost:35372/FileServlet/htmltests/xml-test.xml?contentType=application%2Fxml,age=0}
[DEBUG] servlet null|/FileServlet|/htmltests/xml-test.xml -> org.jsoup.integration.servlets.FileServlet-60dce7ea==org.jsoup.integration.servlets.FileServlet@c786463a{jsp=null,order=-1,inst=true,async=true,src=EMBEDDED:null,STARTED}
[DEBUG] chain=null
[DEBUG] write(array HeapByteBuffer@1479bd35[p=0,l=45,c=8192,r=45]={<<<<doc><val>One<val>Two</val>Three</val></doc>\n>>>\x00\x00\x00\x00\x00\x00\x00\x00\x00...\x00\x00\x00\x00\x00\x00\x00})
[DEBUG] write(array) s=OPEN,api=BLOCKING,sc=false,e=null aggregated !flush DirectByteBuffer@6ae05ec4[p=0,l=45,c=32768,r=45]={<<<<doc><val>One<val>Two</val>Three</val></doc>\n>>>ean laore...gue. Pr}
[DEBUG] sendResponse info=null content=DirectByteBuffer@6ae05ec4[p=0,l=45,c=32768,r=45]={<<<<doc><val>One<val>Two</val>Three</val></doc>\n>>>ean laore...gue. Pr} complete=false committing=true callback=Blocker@666ff960{null}
[DEBUG] COMMIT for /FileServlet/htmltests/xml-test.xml on HttpChannelOverHttp@2f7cc7c9{s=HttpChannelState@b7bc396{s=HANDLING rs=BLOCKING os=COMMITTED is=IDLE awp=false se=false i=true al=0},r=4,c=false/false,a=HANDLING,uri=//localhost:35372/FileServlet/htmltests/xml-test.xml?contentType=application%2Fxml,age=1}
200 null HTTP/1.1
Date: Tue, 28 Sep 2021 06:03:31 GMT
Content-Type: application/xml


[DEBUG] generate: NEED_HEADER for SendCallback@546dc99c[PROCESSING][i=HTTP/1.1{s=200,h=2,cl=-1},cb=org.eclipse.jetty.server.HttpChannel$SendCallback@57e75c3e] (null,[p=0,l=45,c=32768,r=45],false)@START
[DEBUG] generateHeaders HTTP/1.1{s=200,h=2,cl=-1} last=false content=DirectByteBuffer@6ae05ec4[p=0,l=45,c=32768,r=45]={<<<<doc><val>One<val>Two</val>Three</val></doc>\n>>>ean laore...gue. Pr}
[DEBUG] Date: Tue, 28 Sep 2021 06:03:31 GMT
Content-Type: application/xml


[DEBUG] CHUNKED_CONTENT
[DEBUG] generate: FLUSH for SendCallback@546dc99c[PROCESSING][i=HTTP/1.1{s=200,h=2,cl=-1},cb=org.eclipse.jetty.server.HttpChannel$SendCallback@57e75c3e] ([p=0,l=152,c=8192,r=152],[p=0,l=45,c=32768,r=45],false)@COMMITTED
[DEBUG] write: WriteFlusher@7c7fee4b{IDLE}->null [HeapByteBuffer@1ef04a69[p=0,l=152,c=8192,r=152]={<<<HTTP/1.1 200 OK\r\nDate: Tu...4.43.v20210629)\r\n\r\n2D\r\n>>>: Mozilla...\x00\x00\x00\x00\x00\x00\x00},DirectByteBuffer@6ae05ec4[p=0,l=45,c=32768,r=45]={<<<<doc><val>One<val>Two</val>Three</val></doc>\n>>>ean laore...gue. Pr}]
[DEBUG] update WriteFlusher@7c7fee4b{WRITING}->null:IDLE-->WRITING
[DEBUG] flushed 197 SocketChannelEndPoint@66ad315b{l=/127.0.0.1:35372,r=/127.0.0.1:60194,OPEN,fill=-,flush=W,to=11/30000}{io=0/0,kio=0,kro=1}->HttpConnection@477f4c37[p=HttpParser{s=CONTENT,0 of -1},g=HttpGenerator@15c4e26{s=COMMITTED}]=>HttpChannelOverHttp@2f7cc7c9{s=HttpChannelState@b7bc396{s=HANDLING rs=BLOCKING os=COMMITTED is=IDLE awp=false se=false i=true al=0},r=4,c=false/false,a=HANDLING,uri=//localhost:35372/FileServlet/htmltests/xml-test.xml?contentType=application%2Fxml,age=11}
[DEBUG] Flushed=true written=197 remaining=0 WriteFlusher@7c7fee4b{WRITING}->null
[DEBUG] update WriteFlusher@7c7fee4b{IDLE}->null:WRITING-->IDLE
[DEBUG] generate: DONE for SendCallback@546dc99c[PROCESSING][i=HTTP/1.1{s=200,h=2,cl=-1},cb=org.eclipse.jetty.server.HttpChannel$SendCallback@57e75c3e] ([p=152,l=152,c=8192,r=0],[p=45,l=45,c=32768,r=0],false)@COMMITTED
[DEBUG] onWriteComplete(false,null) s=OPEN,api=BLOCKED,sc=false,e=null->s=OPEN,api=BLOCKING,sc=false,e=null c=null cb=null w=false
[DEBUG] handled=true async=false committed=true on HttpChannelOverHttp@2f7cc7c9{s=HttpChannelState@b7bc396{s=HANDLING rs=BLOCKING os=COMMITTED is=IDLE awp=false se=false i=true al=0},r=4,c=false/false,a=HANDLING,uri=//localhost:35372/FileServlet/htmltests/xml-test.xml?contentType=application%2Fxml,age=11}
[DEBUG] unhandle HttpChannelState@b7bc396{s=HANDLING rs=BLOCKING os=COMMITTED is=IDLE awp=false se=false i=true al=0}
[DEBUG] nextAction(false) COMPLETE HttpChannelState@b7bc396{s=HANDLING rs=COMPLETING os=COMMITTED is=IDLE awp=false se=false i=false al=0}
[DEBUG] action COMPLETE HttpChannelOverHttp@2f7cc7c9{s=HttpChannelState@b7bc396{s=HANDLING rs=COMPLETING os=COMMITTED is=IDLE awp=false se=false i=false al=0},r=4,c=false/false,a=HANDLING,uri=//localhost:35372/FileServlet/htmltests/xml-test.xml?contentType=application%2Fxml,age=11}
[DEBUG] complete(org.eclipse.jetty.util.Callback$3@77dcff4b) s=CLOSING,api=BLOCKED,sc=false,e=null s=false e=null, c=HeapByteBuffer@13dae45a[p=0,l=0,c=0,r=0]={<<<>>>}
[DEBUG] sendResponse info=null content=HeapByteBuffer@13dae45a[p=0,l=0,c=0,r=0]={<<<>>>} complete=true committing=false callback=org.eclipse.jetty.server.HttpOutput$WriteCompleteCB@34350389
[DEBUG] generate: CONTINUE for SendCallback@546dc99c[PROCESSING][i=null,cb=org.eclipse.jetty.server.HttpChannel$SendCallback@6d7c902f] (null,[p=0,l=0,c=0,r=0],true)@COMPLETING
[DEBUG] generate: NEED_CHUNK for SendCallback@546dc99c[PROCESSING][i=null,cb=org.eclipse.jetty.server.HttpChannel$SendCallback@6d7c902f] (null,[p=0,l=0,c=0,r=0],true)@COMPLETING
[DEBUG] generate: FLUSH for SendCallback@546dc99c[PROCESSING][i=null,cb=org.eclipse.jetty.server.HttpChannel$SendCallback@6d7c902f] (null,[p=0,l=0,c=0,r=0],true)@COMPLETING
[DEBUG] write: WriteFlusher@7c7fee4b{IDLE}->null [HeapByteBuffer@54b3104a[p=0,l=7,c=1024,r=7]={<<<\r\n0\r\n\r\n>>>\n\x00\x00\x00\x00\x00\x00\x00\x00...\x00\x00\x00\x00\x00\x00\x00}]
[DEBUG] update WriteFlusher@7c7fee4b{WRITING}->null:IDLE-->WRITING
]]></system-out>
  </testcase>
  <testcase name="fetchURl" classname="org.jsoup.integration.ConnectTest" time="0.02">
    <system-out><![CDATA[[DEBUG] flushed 7 SocketChannelEndPoint@66ad315b{l=/127.0.0.1:35372,r=/127.0.0.1:60194,OPEN,fill=-,flush=W,to=3/30000}{io=0/0,kio=0,kro=1}->HttpConnection@477f4c37[p=HttpParser{s=CONTENT,0 of -1},g=HttpGenerator@15c4e26{s=COMPLETING}]=>HttpChannelOverHttp@2f7cc7c9{s=HttpChannelState@b7bc396{s=HANDLING rs=COMPLETING os=COMMITTED is=IDLE awp=false se=false i=false al=0},r=4,c=false/false,a=HANDLING,uri=//localhost:35372/FileServlet/htmltests/xml-test.xml?contentType=application%2Fxml,age=15}
[DEBUG] Flushed=true written=7 remaining=0 WriteFlusher@7c7fee4b{WRITING}->null
[DEBUG] update WriteFlusher@7c7fee4b{IDLE}->null:WRITING-->IDLE
[DEBUG] generate: DONE for SendCallback@546dc99c[PROCESSING][i=null,cb=org.eclipse.jetty.server.HttpChannel$SendCallback@6d7c902f] (null,[p=0,l=0,c=0,r=0],true)@END
[DEBUG] onWriteComplete(true,null) s=CLOSING,api=BLOCKED,sc=false,e=null->s=CLOSED,api=BLOCKING,sc=false,e=null c=null cb=org.eclipse.jetty.util.Callback$3@77dcff4b w=false
[DEBUG] completed HttpChannelState@b7bc396{s=HANDLING rs=COMPLETING os=COMPLETED is=IDLE awp=false se=false i=false al=0}
[DEBUG] unhandle HttpChannelState@b7bc396{s=HANDLING rs=COMPLETED os=COMPLETED is=IDLE awp=false se=false i=false al=0}
[DEBUG] nextAction(false) TERMINATED HttpChannelState@b7bc396{s=IDLE rs=COMPLETED os=COMPLETED is=IDLE awp=false se=false i=false al=0}
[DEBUG] action TERMINATED HttpChannelOverHttp@2f7cc7c9{s=HttpChannelState@b7bc396{s=IDLE rs=COMPLETED os=COMPLETED is=IDLE awp=false se=false i=false al=0},r=4,c=true/true,a=IDLE,uri=//localhost:35372/FileServlet/htmltests/xml-test.xml?contentType=application%2Fxml,age=15}
[DEBUG] onCompleted for /FileServlet/htmltests/xml-test.xml written=45
[DEBUG] filled 290 HeapByteBuffer@460916c[p=0,l=290,c=8192,r=290]={<<<GET /EchoServlet HTTP/1.1...nection: keep-alive\r\n\r\n>>>ept: text...\x00\x00\x00\x00\x00\x00\x00}
[DEBUG] HttpConnection@477f4c37::SocketChannelEndPoint@66ad315b{l=/127.0.0.1:35372,r=/127.0.0.1:60194,OPEN,fill=-,flush=-,to=0/30000}{io=0/0,kio=0,kro=1}->HttpConnection@477f4c37[p=HttpParser{s=CONTENT,0 of -1},g=HttpGenerator@15c4e26{s=END}]=>HttpChannelOverHttp@2f7cc7c9{s=HttpChannelState@b7bc396{s=IDLE rs=COMPLETED os=COMPLETED is=IDLE awp=false se=false i=false al=0},r=4,c=true/true,a=IDLE,uri=//localhost:35372/FileServlet/htmltests/xml-test.xml?contentType=application%2Fxml,age=15} filled 290 HeapByteBuffer@460916c[p=0,l=290,c=8192,r=290]={<<<GET /EchoServlet HTTP/1.1...nection: keep-alive\r\n\r\n>>>ept: text...\x00\x00\x00\x00\x00\x00\x00}
[DEBUG] HttpConnection@477f4c37::SocketChannelEndPoint@66ad315b{l=/127.0.0.1:35372,r=/127.0.0.1:60194,OPEN,fill=-,flush=-,to=0/30000}{io=0/0,kio=0,kro=1}->HttpConnection@477f4c37[p=HttpParser{s=CONTENT,0 of -1},g=HttpGenerator@15c4e26{s=END}]=>HttpChannelOverHttp@2f7cc7c9{s=HttpChannelState@b7bc396{s=IDLE rs=COMPLETED os=COMPLETED is=IDLE awp=false se=false i=false al=0},r=4,c=true/true,a=IDLE,uri=//localhost:35372/FileServlet/htmltests/xml-test.xml?contentType=application%2Fxml,age=15} parse HeapByteBuffer@460916c[p=0,l=290,c=8192,r=290]={<<<GET /EchoServlet HTTP/1.1...nection: keep-alive\r\n\r\n>>>ept: text...\x00\x00\x00\x00\x00\x00\x00} {}
[DEBUG] parseNext s=CONTENT HeapByteBuffer@460916c[p=0,l=290,c=8192,r=290]={<<<GET /EchoServlet HTTP/1.1...nection: keep-alive\r\n\r\n>>>ept: text...\x00\x00\x00\x00\x00\x00\x00}
[DEBUG] CONTENT --> CONTENT_END
[DEBUG] onContentComplete HttpChannelOverHttp@2f7cc7c9{s=HttpChannelState@b7bc396{s=IDLE rs=COMPLETED os=COMPLETED is=IDLE awp=false se=false i=false al=0},r=4,c=true/true,a=IDLE,uri=//localhost:35372/FileServlet/htmltests/xml-test.xml?contentType=application%2Fxml,age=15}
[DEBUG] CONTENT_END --> END
[DEBUG] onRequestComplete HttpChannelOverHttp@2f7cc7c9{s=HttpChannelState@b7bc396{s=IDLE rs=COMPLETED os=COMPLETED is=IDLE awp=false se=false i=false al=0},r=4,c=true/true,a=IDLE,uri=//localhost:35372/FileServlet/htmltests/xml-test.xml?contentType=application%2Fxml,age=15}
[DEBUG] HttpInputOverHTTP@2a8490dd[c=0,q=0,[0]=null,s=STREAM] addContent EOF
[DEBUG] HttpConnection@477f4c37::SocketChannelEndPoint@66ad315b{l=/127.0.0.1:35372,r=/127.0.0.1:60194,OPEN,fill=-,flush=-,to=0/30000}{io=0/0,kio=0,kro=1}->HttpConnection@477f4c37[p=HttpParser{s=END,0 of -1},g=HttpGenerator@15c4e26{s=END}]=>HttpChannelOverHttp@2f7cc7c9{s=HttpChannelState@b7bc396{s=IDLE rs=COMPLETED os=COMPLETED is=IDLE awp=false se=false i=false al=0},r=4,c=true/true,a=IDLE,uri=//localhost:35372/FileServlet/htmltests/xml-test.xml?contentType=application%2Fxml,age=16} parsed false HttpParser{s=END,0 of -1}
[DEBUG] recycle HttpChannelState@b7bc396{s=IDLE rs=COMPLETED os=COMPLETED is=IDLE awp=false se=false i=false al=0}
[DEBUG] reset HttpParser{s=END,0 of -1}
[DEBUG] END --> START
[DEBUG] !handle TERMINATED HttpChannelOverHttp@2f7cc7c9{s=HttpChannelState@b7bc396{s=IDLE rs=BLOCKING os=OPEN is=IDLE awp=false se=false i=true al=0},r=4,c=false/false,a=IDLE,uri=null,age=0}
[DEBUG] HttpConnection@477f4c37::SocketChannelEndPoint@66ad315b{l=/127.0.0.1:35372,r=/127.0.0.1:60194,OPEN,fill=-,flush=-,to=0/30000}{io=0/0,kio=0,kro=1}->HttpConnection@477f4c37[p=HttpParser{s=START,0 of -1},g=HttpGenerator@15c4e26{s=START}]=>HttpChannelOverHttp@2f7cc7c9{s=HttpChannelState@b7bc396{s=IDLE rs=BLOCKING os=OPEN is=IDLE awp=false se=false i=true al=0},r=4,c=false/false,a=IDLE,uri=null,age=0} parse HeapByteBuffer@460916c[p=0,l=290,c=8192,r=290]={<<<GET /EchoServlet HTTP/1.1...nection: keep-alive\r\n\r\n>>>ept: text...\x00\x00\x00\x00\x00\x00\x00} {}
[DEBUG] parseNext s=START HeapByteBuffer@460916c[p=0,l=290,c=8192,r=290]={<<<GET /EchoServlet HTTP/1.1...nection: keep-alive\r\n\r\n>>>ept: text...\x00\x00\x00\x00\x00\x00\x00}
[DEBUG] START --> SPACE1
[DEBUG] SPACE1 --> URI
[DEBUG] URI --> SPACE2
[DEBUG] SPACE2 --> REQUEST_VERSION
[DEBUG] REQUEST_VERSION --> HEADER
[DEBUG] HEADER:Accept-Encoding: gzip --> IN_VALUE
[DEBUG] HEADER:Accept-Encoding: gzip --> FIELD
[DEBUG] HEADER:User-Agent: Mozilla/5.0 (Windows NT 10.0; Win64; x64) AppleWebKit/537.36 (KHTML, like Gecko) Chrome/79.0.3945.130 Safari/537.36 --> IN_VALUE
[DEBUG] HEADER:User-Agent: Mozilla/5.0 (Windows NT 10.0; Win64; x64) AppleWebKit/537.36 (KHTML, like Gecko) Chrome/79.0.3945.130 Safari/537.36 --> FIELD
[DEBUG] HEADER:Host: localhost:35372 --> IN_VALUE
[DEBUG] HEADER:Host: localhost:35372 --> FIELD
[DEBUG] HEADER:Accept: text/html, image/gif, image/jpeg, *; q=.2, */*; q=.2 --> IN_VALUE
[DEBUG] HEADER:Accept: text/html, image/gif, image/jpeg, *; q=.2, */*; q=.2 --> FIELD
[DEBUG] HEADER:Connection: keep-alive --> IN_VALUE
[DEBUG] HEADER:Connection: keep-alive --> FIELD
[DEBUG] HEADER --> CONTENT
[DEBUG] REQUEST for //localhost:35372/EchoServlet on HttpChannelOverHttp@2f7cc7c9{s=HttpChannelState@b7bc396{s=IDLE rs=BLOCKING os=OPEN is=IDLE awp=false se=false i=true al=0},r=5,c=false/false,a=IDLE,uri=//localhost:35372/EchoServlet,age=0}
GET //localhost:35372/EchoServlet HTTP/1.1
Accept-Encoding: gzip
User-Agent: Mozilla/5.0 (Windows NT 10.0; Win64; x64) AppleWebKit/537.36 (KHTML, like Gecko) Chrome/79.0.3945.130 Safari/537.36
Host: localhost:35372
Accept: text/html, image/gif, image/jpeg, *; q=.2, */*; q=.2
Connection: keep-alive


[DEBUG] HttpConnection@477f4c37::SocketChannelEndPoint@66ad315b{l=/127.0.0.1:35372,r=/127.0.0.1:60194,OPEN,fill=-,flush=-,to=1/30000}{io=0/0,kio=0,kro=1}->HttpConnection@477f4c37[p=HttpParser{s=CONTENT,0 of -1},g=HttpGenerator@15c4e26{s=START}]=>HttpChannelOverHttp@2f7cc7c9{s=HttpChannelState@b7bc396{s=IDLE rs=BLOCKING os=OPEN is=IDLE awp=false se=false i=true al=0},r=5,c=false/false,a=IDLE,uri=//localhost:35372/EchoServlet,age=0} parsed true HttpParser{s=CONTENT,0 of -1}
[DEBUG] releaseRequestBuffer HttpConnection@477f4c37::SocketChannelEndPoint@66ad315b{l=/127.0.0.1:35372,r=/127.0.0.1:60194,OPEN,fill=-,flush=-,to=1/30000}{io=0/0,kio=0,kro=1}->HttpConnection@477f4c37[p=HttpParser{s=CONTENT,0 of -1},g=HttpGenerator@15c4e26{s=START}]=>HttpChannelOverHttp@2f7cc7c9{s=HttpChannelState@b7bc396{s=IDLE rs=BLOCKING os=OPEN is=IDLE awp=false se=false i=true al=0},r=5,c=false/false,a=IDLE,uri=//localhost:35372/EchoServlet,age=0}
[DEBUG] handle //localhost:35372/EchoServlet HttpChannelOverHttp@2f7cc7c9{s=HttpChannelState@b7bc396{s=IDLE rs=BLOCKING os=OPEN is=IDLE awp=false se=false i=true al=0},r=5,c=false/false,a=IDLE,uri=//localhost:35372/EchoServlet,age=0} 
[DEBUG] handling HttpChannelState@b7bc396{s=IDLE rs=BLOCKING os=OPEN is=IDLE awp=false se=false i=true al=0}
[DEBUG] action DISPATCH HttpChannelOverHttp@2f7cc7c9{s=HttpChannelState@b7bc396{s=HANDLING rs=BLOCKING os=OPEN is=IDLE awp=false se=false i=true al=0},r=5,c=false/false,a=HANDLING,uri=//localhost:35372/EchoServlet,age=0}
[DEBUG] REQUEST GET /EchoServlet on HttpChannelOverHttp@2f7cc7c9{s=HttpChannelState@b7bc396{s=HANDLING rs=BLOCKING os=OPEN is=IDLE awp=false se=false i=true al=0},r=5,c=false/false,a=HANDLING,uri=//localhost:35372/EchoServlet,age=1}
[DEBUG] servlet null|/EchoServlet|null -> org.jsoup.integration.servlets.EchoServlet-60d1a32f==org.jsoup.integration.servlets.EchoServlet@1f7ecb09{jsp=null,order=-1,inst=true,async=true,src=EMBEDDED:null,STARTED}
[DEBUG] chain=null
[DEBUG] write(array HeapByteBuffer@173712[p=0,l=235,c=512,r=235]={<<<<title>Webserver Environm...\n    <table border="0">>>>\x00\x00\x00\x00\x00\x00\x00\x00\x00...\x00\x00\x00\x00\x00\x00\x00})
[DEBUG] write(array) s=OPEN,api=BLOCKING,sc=false,e=null aggregated !flush DirectByteBuffer@7c27fa39[p=0,l=235,c=32768,r=235]={<<<<title>Webserver Environm...\n    <table border="0">>>>;&aaeb;&a...gue. Pr}
[DEBUG] write(array HeapByteBuffer@10a1b6fc[p=0,l=36,c=512,r=36]={<<<<tr><th>Method</th><td>GET</td></tr>>>>es</title...\x00\x00\x00\x00\x00\x00\x00})
[DEBUG] write(array) s=OPEN,api=BLOCKING,sc=false,e=null aggregated !flush DirectByteBuffer@7c27fa39[p=0,l=271,c=32768,r=271]={<<<<title>Webserver Environm...d</th><td>GET</td></tr>>>>;&aaeh;&a...gue. Pr}
[DEBUG] write(array HeapByteBuffer@c94c62a[p=0,l=1,c=512,r=1]={<<<\n>>>tr><th>Me...\x00\x00\x00\x00\x00\x00\x00})
[DEBUG] write(array) s=OPEN,api=BLOCKING,sc=false,e=null aggregated !flush DirectByteBuffer@7c27fa39[p=0,l=272,c=32768,r=272]={<<<<title>Webserver Environm...</th><td>GET</td></tr>\n>>>&aaeh;&aa...gue. Pr}
[DEBUG] write(array HeapByteBuffer@5e0c27f[p=0,l=50,c=512,r=50]={<<<<tr><th>Request URI</th><...>/EchoServlet</td></tr>>>> <style t...\x00\x00\x00\x00\x00\x00\x00})
[DEBUG] write(array) s=OPEN,api=BLOCKING,sc=false,e=null aggregated !flush DirectByteBuffer@7c27fa39[p=0,l=322,c=32768,r=322]={<<<<title>Webserver Environm...>/EchoServlet</td></tr>>>>afg;&aafh...gue. Pr}
[DEBUG] write(array HeapByteBuffer@3cf6ca76[p=0,l=1,c=512,r=1]={<<<\n>>>tr><th>Re...\x00\x00\x00\x00\x00\x00\x00})
[DEBUG] write(array) s=OPEN,api=BLOCKING,sc=false,e=null aggregated !flush DirectByteBuffer@7c27fa39[p=0,l=323,c=32768,r=323]={<<<<title>Webserver Environm.../EchoServlet</td></tr>\n>>>fg;&aafh;...gue. Pr}
[DEBUG] write(array HeapByteBuffer@217d9d42[p=0,l=39,c=512,r=39]={<<<<tr><th>Query String</th><td></td></tr>>>>t</td></t...\x00\x00\x00\x00\x00\x00\x00})
[DEBUG] write(array) s=OPEN,api=BLOCKING,sc=false,e=null aggregated !flush DirectByteBuffer@7c27fa39[p=0,l=362,c=32768,r=362]={<<<<title>Webserver Environm...ring</th><td></td></tr>>>>&aage;&aa...gue. Pr}
[DEBUG] write(array HeapByteBuffer@bf2aad1[p=0,l=1,c=512,r=1]={<<<\n>>>tr><th>Qu...\x00\x00\x00\x00\x00\x00\x00})
[DEBUG] write(array) s=OPEN,api=BLOCKING,sc=false,e=null aggregated !flush DirectByteBuffer@7c27fa39[p=0,l=363,c=32768,r=363]={<<<<title>Webserver Environm...ing</th><td></td></tr>\n>>>aage;&aag...gue. Pr}
[DEBUG] write(array HeapByteBuffer@80262ea[p=0,l=85,c=512,r=85]={<<<<tr><th>Accept</th><td>te....2, */*; q=.2</td></tr>>>>, td, th ...\x00\x00\x00\x00\x00\x00\x00})
[DEBUG] write(array) s=OPEN,api=BLOCKING,sc=false,e=null aggregated !flush DirectByteBuffer@7c27fa39[p=0,l=448,c=32768,r=448]={<<<<title>Webserver Environm....2, */*; q=.2</td></tr>>>>aia;&aaib...gue. Pr}
[DEBUG] write(array HeapByteBuffer@2adbce6[p=0,l=1,c=512,r=1]={<<<\n>>>tr><th>Ac...\x00\x00\x00\x00\x00\x00\x00})
[DEBUG] write(array) s=OPEN,api=BLOCKING,sc=false,e=null aggregated !flush DirectByteBuffer@7c27fa39[p=0,l=449,c=32768,r=449]={<<<<title>Webserver Environm...2, */*; q=.2</td></tr>\n>>>ia;&aaib;...gue. Pr}
[DEBUG] write(array HeapByteBuffer@4ff7a67c[p=0,l=152,c=512,r=152]={<<<<tr><th>User-Agent</th><t...Safari/537.36</td></tr>>>>      th ...\x00\x00\x00\x00\x00\x00\x00})
[DEBUG] write(array) s=OPEN,api=BLOCKING,sc=false,e=null aggregated !flush DirectByteBuffer@7c27fa39[p=0,l=601,c=32768,r=601]={<<<<title>Webserver Environm...Safari/537.36</td></tr>>>>;&abbi;&a...gue. Pr}
[DEBUG] write(array HeapByteBuffer@51cd3971[p=0,l=1,c=512,r=1]={<<<\n>>>tr><th>Us...\x00\x00\x00\x00\x00\x00\x00})
[DEBUG] write(array) s=OPEN,api=BLOCKING,sc=false,e=null aggregated !flush DirectByteBuffer@7c27fa39[p=0,l=602,c=32768,r=602]={<<<<title>Webserver Environm...afari/537.36</td></tr>\n>>>&abbi;&ab...gue. Pr}
[DEBUG] write(array HeapByteBuffer@4ac31490[p=0,l=47,c=512,r=47]={<<<<tr><th>Connection</th><td>keep-alive</td></tr>>>> NT 10.0;...\x00\x00\x00\x00\x00\x00\x00})
[DEBUG] write(array) s=OPEN,api=BLOCKING,sc=false,e=null aggregated !flush DirectByteBuffer@7c27fa39[p=0,l=649,c=32768,r=649]={<<<<title>Webserver Environm...td>keep-alive</td></tr>>>>;&abch;&a...gue. Pr}
[DEBUG] write(array HeapByteBuffer@25e6dba2[p=0,l=1,c=512,r=1]={<<<\n>>>tr><th>Co...\x00\x00\x00\x00\x00\x00\x00})
[DEBUG] write(array) s=OPEN,api=BLOCKING,sc=false,e=null aggregated !flush DirectByteBuffer@7c27fa39[p=0,l=650,c=32768,r=650]={<<<<title>Webserver Environm...d>keep-alive</td></tr>\n>>>&abch;&ab...gue. Pr}
[DEBUG] write(array HeapByteBuffer@57505d24[p=0,l=46,c=512,r=46]={<<<<tr><th>Host</th><td>localhost:35372</td></tr>>>>> NT 10.0...\x00\x00\x00\x00\x00\x00\x00})
[DEBUG] write(array) s=OPEN,api=BLOCKING,sc=false,e=null aggregated !flush DirectByteBuffer@7c27fa39[p=0,l=696,c=32768,r=696]={<<<<title>Webserver Environm...calhost:35372</td></tr>>>>f;&abdg;&...gue. Pr}
[DEBUG] write(array HeapByteBuffer@6f6ee00e[p=0,l=1,c=512,r=1]={<<<\n>>>tr><th>Ho...\x00\x00\x00\x00\x00\x00\x00})
[DEBUG] write(array) s=OPEN,api=BLOCKING,sc=false,e=null aggregated !flush DirectByteBuffer@7c27fa39[p=0,l=697,c=32768,r=697]={<<<<title>Webserver Environm...alhost:35372</td></tr>\n>>>;&abdg;&a...gue. Pr}
[DEBUG] write(array HeapByteBuffer@3d5b1ee7[p=0,l=46,c=512,r=46]={<<<<tr><th>Accept-Encoding</th><td>gzip</td></tr>>>>> NT 10.0...\x00\x00\x00\x00\x00\x00\x00})
[DEBUG] write(array) s=OPEN,api=BLOCKING,sc=false,e=null aggregated !flush DirectByteBuffer@7c27fa39[p=0,l=743,c=32768,r=743]={<<<<title>Webserver Environm...</th><td>gzip</td></tr>>>>ee;&abef;...gue. Pr}
[DEBUG] write(array HeapByteBuffer@2e73e925[p=0,l=1,c=512,r=1]={<<<\n>>>tr><th>Ac...\x00\x00\x00\x00\x00\x00\x00})
[DEBUG] write(array) s=OPEN,api=BLOCKING,sc=false,e=null aggregated !flush DirectByteBuffer@7c27fa39[p=0,l=744,c=32768,r=744]={<<<<title>Webserver Environm.../th><td>gzip</td></tr>\n>>>e;&abef;&...gue. Pr}
[DEBUG] filled 0 HeapByteBuffer@2a66826a[p=0,l=0,c=8192,r=0]={<<<>>>GET /File...\x86&h\xA0{\xC1\xC2}
[DEBUG] filled 0 HeapByteBuffer@2a66826a[p=0,l=0,c=8192,r=0]={<<<>>>GET /File...\x86&h\xA0{\xC1\xC2}
[DEBUG] HttpConnection@477f4c37::SocketChannelEndPoint@66ad315b{l=/127.0.0.1:35372,r=/127.0.0.1:60194,OPEN,fill=-,flush=-,to=2/30000}{io=0/0,kio=0,kro=1}->HttpConnection@477f4c37[p=HttpParser{s=CONTENT,0 of -1},g=HttpGenerator@15c4e26{s=START}]=>HttpChannelOverHttp@2f7cc7c9{s=HttpChannelState@b7bc396{s=HANDLING rs=BLOCKING os=OPEN is=IDLE awp=false se=false i=true al=0},r=5,c=false/false,a=HANDLING,uri=//localhost:35372/EchoServlet,age=2} filled 0 HeapByteBuffer@2a66826a[p=0,l=0,c=8192,r=0]={<<<>>>GET /File...\x86&h\xA0{\xC1\xC2}
[DEBUG] HttpConnection@477f4c37::SocketChannelEndPoint@66ad315b{l=/127.0.0.1:35372,r=/127.0.0.1:60194,OPEN,fill=-,flush=-,to=2/30000}{io=0/0,kio=0,kro=1}->HttpConnection@477f4c37[p=HttpParser{s=CONTENT,0 of -1},g=HttpGenerator@15c4e26{s=START}]=>HttpChannelOverHttp@2f7cc7c9{s=HttpChannelState@b7bc396{s=HANDLING rs=BLOCKING os=OPEN is=IDLE awp=false se=false i=true al=0},r=5,c=false/false,a=HANDLING,uri=//localhost:35372/EchoServlet,age=2} parse HeapByteBuffer@2a66826a[p=0,l=0,c=8192,r=0]={<<<>>>GET /File...\x86&h\xA0{\xC1\xC2} {}
[DEBUG] parseNext s=CONTENT HeapByteBuffer@2a66826a[p=0,l=0,c=8192,r=0]={<<<>>>GET /File...\x86&h\xA0{\xC1\xC2}
[DEBUG] CONTENT --> CONTENT_END
[DEBUG] onContentComplete HttpChannelOverHttp@2f7cc7c9{s=HttpChannelState@b7bc396{s=HANDLING rs=BLOCKING os=OPEN is=IDLE awp=false se=false i=true al=0},r=5,c=false/false,a=HANDLING,uri=//localhost:35372/EchoServlet,age=2}
[DEBUG] CONTENT_END --> END
[DEBUG] onRequestComplete HttpChannelOverHttp@2f7cc7c9{s=HttpChannelState@b7bc396{s=HANDLING rs=BLOCKING os=OPEN is=IDLE awp=false se=false i=true al=0},r=5,c=false/false,a=HANDLING,uri=//localhost:35372/EchoServlet,age=2}
[DEBUG] HttpInputOverHTTP@2a8490dd[c=0,q=0,[0]=null,s=STREAM] addContent EOF
[DEBUG] HttpConnection@477f4c37::SocketChannelEndPoint@66ad315b{l=/127.0.0.1:35372,r=/127.0.0.1:60194,OPEN,fill=-,flush=-,to=2/30000}{io=0/0,kio=0,kro=1}->HttpConnection@477f4c37[p=HttpParser{s=END,0 of -1},g=HttpGenerator@15c4e26{s=START}]=>HttpChannelOverHttp@2f7cc7c9{s=HttpChannelState@b7bc396{s=HANDLING rs=BLOCKING os=OPEN is=IDLE awp=false se=false i=true al=0},r=5,c=false/false,a=HANDLING,uri=//localhost:35372/EchoServlet,age=2} parsed false HttpParser{s=END,0 of -1}
[DEBUG] releaseRequestBuffer HttpConnection@477f4c37::SocketChannelEndPoint@66ad315b{l=/127.0.0.1:35372,r=/127.0.0.1:60194,OPEN,fill=-,flush=-,to=2/30000}{io=0/0,kio=0,kro=1}->HttpConnection@477f4c37[p=HttpParser{s=END,0 of -1},g=HttpGenerator@15c4e26{s=START}]=>HttpChannelOverHttp@2f7cc7c9{s=HttpChannelState@b7bc396{s=HANDLING rs=BLOCKING os=OPEN is=IDLE awp=false se=false i=true al=0},r=5,c=false/false,a=HANDLING,uri=//localhost:35372/EchoServlet,age=2}
[DEBUG] onEof HttpChannelState@b7bc396{s=HANDLING rs=BLOCKING os=OPEN is=IDLE awp=false se=false i=true al=0}
[DEBUG] write(array HeapByteBuffer@7b1f28b2[p=0,l=8,c=512,r=8]={<<<</table>>>>Accept-En...\x00\x00\x00\x00\x00\x00\x00})
[DEBUG] write(array) s=OPEN,api=BLOCKING,sc=false,e=null aggregated !flush DirectByteBuffer@7c27fa39[p=0,l=752,c=32768,r=752]={<<<<title>Webserver Environm...gzip</td></tr>\n</table>>>>&abeg;&ab...gue. Pr}
[DEBUG] write(array HeapByteBuffer@6369c94f[p=0,l=1,c=512,r=1]={<<<\n>>>/table>Ac...\x00\x00\x00\x00\x00\x00\x00})
[DEBUG] write(array) s=OPEN,api=BLOCKING,sc=false,e=null aggregated !flush DirectByteBuffer@7c27fa39[p=0,l=753,c=32768,r=753]={<<<<title>Webserver Environm...zip</td></tr>\n</table>\n>>>abeg;&abe...gue. Pr}
[DEBUG] handled=true async=false committed=false on HttpChannelOverHttp@2f7cc7c9{s=HttpChannelState@b7bc396{s=HANDLING rs=BLOCKING os=OPEN is=READY awp=false se=false i=true al=0},r=5,c=false/false,a=HANDLING,uri=//localhost:35372/EchoServlet,age=2}
[DEBUG] unhandle HttpChannelState@b7bc396{s=HANDLING rs=BLOCKING os=OPEN is=READY awp=false se=false i=true al=0}
[DEBUG] nextAction(false) COMPLETE HttpChannelState@b7bc396{s=HANDLING rs=COMPLETING os=OPEN is=READY awp=false se=false i=false al=0}
[DEBUG] action COMPLETE HttpChannelOverHttp@2f7cc7c9{s=HttpChannelState@b7bc396{s=HANDLING rs=COMPLETING os=OPEN is=READY awp=false se=false i=false al=0},r=5,c=false/false,a=HANDLING,uri=//localhost:35372/EchoServlet,age=2}
[DEBUG] complete(org.eclipse.jetty.util.Callback$3@6205fe3) s=CLOSING,api=BLOCKED,sc=false,e=null s=false e=null, c=DirectByteBuffer@7c27fa39[p=0,l=753,c=32768,r=753]={<<<<title>Webserver Environm...zip</td></tr>\n</table>\n>>>abeg;&abe...gue. Pr}
[DEBUG] sendResponse info=null content=DirectByteBuffer@7c27fa39[p=0,l=753,c=32768,r=753]={<<<<title>Webserver Environm...zip</td></tr>\n</table>\n>>>abeg;&abe...gue. Pr} complete=true committing=true callback=org.eclipse.jetty.server.HttpOutput$WriteCompleteCB@37aba4c3
[DEBUG] COMMIT for /EchoServlet on HttpChannelOverHttp@2f7cc7c9{s=HttpChannelState@b7bc396{s=HANDLING rs=COMPLETING os=COMMITTED is=READY awp=false se=false i=false al=0},r=5,c=false/false,a=HANDLING,uri=//localhost:35372/EchoServlet,age=2}
200 null HTTP/1.1
Date: Tue, 28 Sep 2021 06:03:31 GMT
Content-Type: text/html;charset=utf-8
Cache-Control: no-cache
Cache-Control: no-store


[DEBUG] generate: NEED_HEADER for SendCallback@546dc99c[PROCESSING][i=HTTP/1.1{s=200,h=4,cl=-1},cb=org.eclipse.jetty.server.HttpChannel$SendCallback@35f3503c] (null,[p=0,l=753,c=32768,r=753],true)@START
[DEBUG] generateHeaders HTTP/1.1{s=200,h=4,cl=-1} last=true content=DirectByteBuffer@7c27fa39[p=0,l=753,c=32768,r=753]={<<<<title>Webserver Environm...zip</td></tr>\n</table>\n>>>abeg;&abe...gue. Pr}
[DEBUG] Date: Tue, 28 Sep 2021 06:03:31 GMT
Content-Type: text/html;charset=utf-8
Cache-Control: no-cache
Cache-Control: no-store


[DEBUG] CONTENT_LENGTH
[DEBUG] generate: FLUSH for SendCallback@546dc99c[PROCESSING][i=HTTP/1.1{s=200,h=4,cl=-1},cb=org.eclipse.jetty.server.HttpChannel$SendCallback@35f3503c] ([p=0,l=199,c=8192,r=199],[p=0,l=753,c=32768,r=753],true)@COMPLETING
[DEBUG] write: WriteFlusher@7c7fee4b{IDLE}->null [HeapByteBuffer@1ef04a69[p=0,l=199,c=8192,r=199]={<<<HTTP/1.1 200 OK\r\nDate: Tu...y(9.4.43.v20210629)\r\n\r\n>>>4) AppleW...\x00\x00\x00\x00\x00\x00\x00},DirectByteBuffer@7c27fa39[p=0,l=753,c=32768,r=753]={<<<<title>Webserver Environm...zip</td></tr>\n</table>\n>>>abeg;&abe...gue. Pr}]
[DEBUG] update WriteFlusher@7c7fee4b{WRITING}->null:IDLE-->WRITING
]]></system-out>
  </testcase>
  <testcase name="fetchToW3c" classname="org.jsoup.integration.ConnectTest" time="0.011">
    <system-out><![CDATA[[DEBUG] flushed 952 SocketChannelEndPoint@66ad315b{l=/127.0.0.1:35372,r=/127.0.0.1:60194,OPEN,fill=-,flush=W,to=20/30000}{io=0/0,kio=0,kro=1}->HttpConnection@477f4c37[p=HttpParser{s=END,0 of -1},g=HttpGenerator@15c4e26{s=COMPLETING}]=>HttpChannelOverHttp@2f7cc7c9{s=HttpChannelState@b7bc396{s=HANDLING rs=COMPLETING os=COMMITTED is=READY awp=false se=false i=false al=0},r=5,c=false/false,a=HANDLING,uri=//localhost:35372/EchoServlet,age=20}
[DEBUG] Flushed=true written=952 remaining=0 WriteFlusher@7c7fee4b{WRITING}->null
[DEBUG] update WriteFlusher@7c7fee4b{IDLE}->null:WRITING-->IDLE
[DEBUG] generate: DONE for SendCallback@546dc99c[PROCESSING][i=HTTP/1.1{s=200,h=4,cl=-1},cb=org.eclipse.jetty.server.HttpChannel$SendCallback@35f3503c] ([p=199,l=199,c=8192,r=0],[p=753,l=753,c=32768,r=0],true)@END
[DEBUG] onWriteComplete(true,null) s=CLOSING,api=BLOCKED,sc=false,e=null->s=CLOSED,api=BLOCKING,sc=false,e=null c=null cb=org.eclipse.jetty.util.Callback$3@6205fe3 w=false
[DEBUG] completed HttpChannelState@b7bc396{s=HANDLING rs=COMPLETING os=COMPLETED is=READY awp=false se=false i=false al=0}
[DEBUG] unhandle HttpChannelState@b7bc396{s=HANDLING rs=COMPLETED os=COMPLETED is=READY awp=false se=false i=false al=0}
[DEBUG] nextAction(false) TERMINATED HttpChannelState@b7bc396{s=IDLE rs=COMPLETED os=COMPLETED is=READY awp=false se=false i=false al=0}
[DEBUG] action TERMINATED HttpChannelOverHttp@2f7cc7c9{s=HttpChannelState@b7bc396{s=IDLE rs=COMPLETED os=COMPLETED is=READY awp=false se=false i=false al=0},r=5,c=true/true,a=IDLE,uri=//localhost:35372/EchoServlet,age=20}
[DEBUG] onCompleted for /EchoServlet written=753
[DEBUG] recycle HttpChannelState@b7bc396{s=IDLE rs=COMPLETED os=COMPLETED is=READY awp=false se=false i=false al=0}
[DEBUG] reset HttpParser{s=END,0 of -1}
[DEBUG] END --> START
[DEBUG] !handle TERMINATED HttpChannelOverHttp@2f7cc7c9{s=HttpChannelState@b7bc396{s=IDLE rs=BLOCKING os=OPEN is=IDLE awp=false se=false i=true al=0},r=5,c=false/false,a=IDLE,uri=null,age=0}
[DEBUG] filled 317 HeapByteBuffer@460916c[p=0,l=317,c=8192,r=317]={<<<GET /FileServlet/htmltest...nection: keep-alive\r\n\r\n>>>image/jpe...\x00\x00\x00\x00\x00\x00\x00}
[DEBUG] HttpConnection@477f4c37::SocketChannelEndPoint@66ad315b{l=/127.0.0.1:35372,r=/127.0.0.1:60194,OPEN,fill=-,flush=-,to=0/30000}{io=0/0,kio=0,kro=1}->HttpConnection@477f4c37[p=HttpParser{s=START,0 of -1},g=HttpGenerator@15c4e26{s=START}]=>HttpChannelOverHttp@2f7cc7c9{s=HttpChannelState@b7bc396{s=IDLE rs=BLOCKING os=OPEN is=IDLE awp=false se=false i=true al=0},r=5,c=false/false,a=IDLE,uri=null,age=0} filled 317 HeapByteBuffer@460916c[p=0,l=317,c=8192,r=317]={<<<GET /FileServlet/htmltest...nection: keep-alive\r\n\r\n>>>image/jpe...\x00\x00\x00\x00\x00\x00\x00}
[DEBUG] HttpConnection@477f4c37::SocketChannelEndPoint@66ad315b{l=/127.0.0.1:35372,r=/127.0.0.1:60194,OPEN,fill=-,flush=-,to=0/30000}{io=0/0,kio=0,kro=1}->HttpConnection@477f4c37[p=HttpParser{s=START,0 of -1},g=HttpGenerator@15c4e26{s=START}]=>HttpChannelOverHttp@2f7cc7c9{s=HttpChannelState@b7bc396{s=IDLE rs=BLOCKING os=OPEN is=IDLE awp=false se=false i=true al=0},r=5,c=false/false,a=IDLE,uri=null,age=0} parse HeapByteBuffer@460916c[p=0,l=317,c=8192,r=317]={<<<GET /FileServlet/htmltest...nection: keep-alive\r\n\r\n>>>image/jpe...\x00\x00\x00\x00\x00\x00\x00} {}
[DEBUG] parseNext s=START HeapByteBuffer@460916c[p=0,l=317,c=8192,r=317]={<<<GET /FileServlet/htmltest...nection: keep-alive\r\n\r\n>>>image/jpe...\x00\x00\x00\x00\x00\x00\x00}
[DEBUG] START --> SPACE1
[DEBUG] SPACE1 --> URI
[DEBUG] URI --> SPACE2
[DEBUG] SPACE2 --> REQUEST_VERSION
[DEBUG] REQUEST_VERSION --> HEADER
[DEBUG] HEADER:Accept-Encoding: gzip --> IN_VALUE
[DEBUG] HEADER:Accept-Encoding: gzip --> FIELD
[DEBUG] HEADER:User-Agent: Mozilla/5.0 (Windows NT 10.0; Win64; x64) AppleWebKit/537.36 (KHTML, like Gecko) Chrome/79.0.3945.130 Safari/537.36 --> IN_VALUE
[DEBUG] HEADER:User-Agent: Mozilla/5.0 (Windows NT 10.0; Win64; x64) AppleWebKit/537.36 (KHTML, like Gecko) Chrome/79.0.3945.130 Safari/537.36 --> FIELD
[DEBUG] HEADER:Host: localhost:35372 --> IN_VALUE
[DEBUG] HEADER:Host: localhost:35372 --> FIELD
[DEBUG] HEADER:Accept: text/html, image/gif, image/jpeg, *; q=.2, */*; q=.2 --> IN_VALUE
[DEBUG] HEADER:Accept: text/html, image/gif, image/jpeg, *; q=.2, */*; q=.2 --> FIELD
[DEBUG] HEADER:Connection: keep-alive --> IN_VALUE
[DEBUG] HEADER:Connection: keep-alive --> FIELD
[DEBUG] HEADER --> CONTENT
[DEBUG] REQUEST for //localhost:35372/FileServlet/htmltests/upload-form.html on HttpChannelOverHttp@2f7cc7c9{s=HttpChannelState@b7bc396{s=IDLE rs=BLOCKING os=OPEN is=IDLE awp=false se=false i=true al=0},r=6,c=false/false,a=IDLE,uri=//localhost:35372/FileServlet/htmltests/upload-form.html,age=0}
GET //localhost:35372/FileServlet/htmltests/upload-form.html HTTP/1.1
Accept-Encoding: gzip
User-Agent: Mozilla/5.0 (Windows NT 10.0; Win64; x64) AppleWebKit/537.36 (KHTML, like Gecko) Chrome/79.0.3945.130 Safari/537.36
Host: localhost:35372
Accept: text/html, image/gif, image/jpeg, *; q=.2, */*; q=.2
Connection: keep-alive


[DEBUG] HttpConnection@477f4c37::SocketChannelEndPoint@66ad315b{l=/127.0.0.1:35372,r=/127.0.0.1:60194,OPEN,fill=-,flush=-,to=0/30000}{io=0/0,kio=0,kro=1}->HttpConnection@477f4c37[p=HttpParser{s=CONTENT,0 of -1},g=HttpGenerator@15c4e26{s=START}]=>HttpChannelOverHttp@2f7cc7c9{s=HttpChannelState@b7bc396{s=IDLE rs=BLOCKING os=OPEN is=IDLE awp=false se=false i=true al=0},r=6,c=false/false,a=IDLE,uri=//localhost:35372/FileServlet/htmltests/upload-form.html,age=0} parsed true HttpParser{s=CONTENT,0 of -1}
[DEBUG] releaseRequestBuffer HttpConnection@477f4c37::SocketChannelEndPoint@66ad315b{l=/127.0.0.1:35372,r=/127.0.0.1:60194,OPEN,fill=-,flush=-,to=0/30000}{io=0/0,kio=0,kro=1}->HttpConnection@477f4c37[p=HttpParser{s=CONTENT,0 of -1},g=HttpGenerator@15c4e26{s=START}]=>HttpChannelOverHttp@2f7cc7c9{s=HttpChannelState@b7bc396{s=IDLE rs=BLOCKING os=OPEN is=IDLE awp=false se=false i=true al=0},r=6,c=false/false,a=IDLE,uri=//localhost:35372/FileServlet/htmltests/upload-form.html,age=0}
[DEBUG] handle //localhost:35372/FileServlet/htmltests/upload-form.html HttpChannelOverHttp@2f7cc7c9{s=HttpChannelState@b7bc396{s=IDLE rs=BLOCKING os=OPEN is=IDLE awp=false se=false i=true al=0},r=6,c=false/false,a=IDLE,uri=//localhost:35372/FileServlet/htmltests/upload-form.html,age=0} 
[DEBUG] handling HttpChannelState@b7bc396{s=IDLE rs=BLOCKING os=OPEN is=IDLE awp=false se=false i=true al=0}
[DEBUG] action DISPATCH HttpChannelOverHttp@2f7cc7c9{s=HttpChannelState@b7bc396{s=HANDLING rs=BLOCKING os=OPEN is=IDLE awp=false se=false i=true al=0},r=6,c=false/false,a=HANDLING,uri=//localhost:35372/FileServlet/htmltests/upload-form.html,age=0}
[DEBUG] REQUEST GET /FileServlet/htmltests/upload-form.html on HttpChannelOverHttp@2f7cc7c9{s=HttpChannelState@b7bc396{s=HANDLING rs=BLOCKING os=OPEN is=IDLE awp=false se=false i=true al=0},r=6,c=false/false,a=HANDLING,uri=//localhost:35372/FileServlet/htmltests/upload-form.html,age=0}
[DEBUG] servlet null|/FileServlet|/htmltests/upload-form.html -> org.jsoup.integration.servlets.FileServlet-60dce7ea==org.jsoup.integration.servlets.FileServlet@c786463a{jsp=null,order=-1,inst=true,async=true,src=EMBEDDED:null,STARTED}
[DEBUG] chain=null
[DEBUG] write(array HeapByteBuffer@187dd47c[p=0,l=404,c=8192,r=404]={<<<<html>\n<head>\n  <title>Up...form>\n\n</body>\n</html>\n>>>\x00\x00\x00\x00\x00\x00\x00\x00\x00...\x00\x00\x00\x00\x00\x00\x00})
[DEBUG] write(array) s=OPEN,api=BLOCKING,sc=false,e=null aggregated !flush DirectByteBuffer@38e5eb8d[p=0,l=404,c=32768,r=404]={<<<<html>\n<head>\n  <title>Up...form>\n\n</body>\n</html>\n>>>h>Accept<...gue. Pr}
[DEBUG] sendResponse info=null content=DirectByteBuffer@38e5eb8d[p=0,l=404,c=32768,r=404]={<<<<html>\n<head>\n  <title>Up...form>\n\n</body>\n</html>\n>>>h>Accept<...gue. Pr} complete=false committing=true callback=Blocker@666ff960{null}
[DEBUG] COMMIT for /FileServlet/htmltests/upload-form.html on HttpChannelOverHttp@2f7cc7c9{s=HttpChannelState@b7bc396{s=HANDLING rs=BLOCKING os=COMMITTED is=IDLE awp=false se=false i=true al=0},r=6,c=false/false,a=HANDLING,uri=//localhost:35372/FileServlet/htmltests/upload-form.html,age=1}
200 null HTTP/1.1
Date: Tue, 28 Sep 2021 06:03:32 GMT
Content-Type: text/html


[DEBUG] generate: NEED_HEADER for SendCallback@546dc99c[PROCESSING][i=HTTP/1.1{s=200,h=2,cl=-1},cb=org.eclipse.jetty.server.HttpChannel$SendCallback@1ca64fd7] (null,[p=0,l=404,c=32768,r=404],false)@START
[DEBUG] generateHeaders HTTP/1.1{s=200,h=2,cl=-1} last=false content=DirectByteBuffer@38e5eb8d[p=0,l=404,c=32768,r=404]={<<<<html>\n<head>\n  <title>Up...form>\n\n</body>\n</html>\n>>>h>Accept<...gue. Pr}
[DEBUG] Date: Tue, 28 Sep 2021 06:03:32 GMT
Content-Type: text/html


[DEBUG] CHUNKED_CONTENT
[DEBUG] generate: FLUSH for SendCallback@546dc99c[PROCESSING][i=HTTP/1.1{s=200,h=2,cl=-1},cb=org.eclipse.jetty.server.HttpChannel$SendCallback@1ca64fd7] ([p=0,l=147,c=8192,r=147],[p=0,l=404,c=32768,r=404],false)@COMMITTED
[DEBUG] write: WriteFlusher@7c7fee4b{IDLE}->null [HeapByteBuffer@2a66826a[p=0,l=147,c=8192,r=147]={<<<HTTP/1.1 200 OK\r\nDate: Tu....43.v20210629)\r\n\r\n194\r\n>>>n64; x64)...\x86&h\xA0{\xC1\xC2},DirectByteBuffer@38e5eb8d[p=0,l=404,c=32768,r=404]={<<<<html>\n<head>\n  <title>Up...form>\n\n</body>\n</html>\n>>>h>Accept<...gue. Pr}]
[DEBUG] update WriteFlusher@7c7fee4b{WRITING}->null:IDLE-->WRITING
[DEBUG] flushed 551 SocketChannelEndPoint@66ad315b{l=/127.0.0.1:35372,r=/127.0.0.1:60194,OPEN,fill=-,flush=W,to=4/30000}{io=0/0,kio=0,kro=1}->HttpConnection@477f4c37[p=HttpParser{s=CONTENT,0 of -1},g=HttpGenerator@15c4e26{s=COMMITTED}]=>HttpChannelOverHttp@2f7cc7c9{s=HttpChannelState@b7bc396{s=HANDLING rs=BLOCKING os=COMMITTED is=IDLE awp=false se=false i=true al=0},r=6,c=false/false,a=HANDLING,uri=//localhost:35372/FileServlet/htmltests/upload-form.html,age=4}
[DEBUG] Flushed=true written=551 remaining=0 WriteFlusher@7c7fee4b{WRITING}->null
[DEBUG] update WriteFlusher@7c7fee4b{IDLE}->null:WRITING-->IDLE
[DEBUG] generate: DONE for SendCallback@546dc99c[PROCESSING][i=HTTP/1.1{s=200,h=2,cl=-1},cb=org.eclipse.jetty.server.HttpChannel$SendCallback@1ca64fd7] ([p=147,l=147,c=8192,r=0],[p=404,l=404,c=32768,r=0],false)@COMMITTED
[DEBUG] onWriteComplete(false,null) s=OPEN,api=BLOCKED,sc=false,e=null->s=OPEN,api=BLOCKING,sc=false,e=null c=null cb=null w=false
[DEBUG] handled=true async=false committed=true on HttpChannelOverHttp@2f7cc7c9{s=HttpChannelState@b7bc396{s=HANDLING rs=BLOCKING os=COMMITTED is=IDLE awp=false se=false i=true al=0},r=6,c=false/false,a=HANDLING,uri=//localhost:35372/FileServlet/htmltests/upload-form.html,age=4}
[DEBUG] unhandle HttpChannelState@b7bc396{s=HANDLING rs=BLOCKING os=COMMITTED is=IDLE awp=false se=false i=true al=0}
[DEBUG] nextAction(false) COMPLETE HttpChannelState@b7bc396{s=HANDLING rs=COMPLETING os=COMMITTED is=IDLE awp=false se=false i=false al=0}
[DEBUG] action COMPLETE HttpChannelOverHttp@2f7cc7c9{s=HttpChannelState@b7bc396{s=HANDLING rs=COMPLETING os=COMMITTED is=IDLE awp=false se=false i=false al=0},r=6,c=false/false,a=HANDLING,uri=//localhost:35372/FileServlet/htmltests/upload-form.html,age=4}
[DEBUG] complete(org.eclipse.jetty.util.Callback$3@76c17d3c) s=CLOSING,api=BLOCKED,sc=false,e=null s=false e=null, c=HeapByteBuffer@13dae45a[p=0,l=0,c=0,r=0]={<<<>>>}
[DEBUG] sendResponse info=null content=HeapByteBuffer@13dae45a[p=0,l=0,c=0,r=0]={<<<>>>} complete=true committing=false callback=org.eclipse.jetty.server.HttpOutput$WriteCompleteCB@599ca168
[DEBUG] generate: CONTINUE for SendCallback@546dc99c[PROCESSING][i=null,cb=org.eclipse.jetty.server.HttpChannel$SendCallback@2fb45013] (null,[p=0,l=0,c=0,r=0],true)@COMPLETING
[DEBUG] generate: NEED_CHUNK for SendCallback@546dc99c[PROCESSING][i=null,cb=org.eclipse.jetty.server.HttpChannel$SendCallback@2fb45013] (null,[p=0,l=0,c=0,r=0],true)@COMPLETING
[DEBUG] generate: FLUSH for SendCallback@546dc99c[PROCESSING][i=null,cb=org.eclipse.jetty.server.HttpChannel$SendCallback@2fb45013] (null,[p=0,l=0,c=0,r=0],true)@COMPLETING
[DEBUG] write: WriteFlusher@7c7fee4b{IDLE}->null [HeapByteBuffer@52377fdf[p=0,l=7,c=1024,r=7]={<<<\r\n0\r\n\r\n>>>\n\x00\x00\x00\x00\x00\x00\x00\x00...\x00\x00\x00\x00\x00\x00\x00}]
[DEBUG] update WriteFlusher@7c7fee4b{WRITING}->null:IDLE-->WRITING
]]></system-out>
  </testcase>
  <testcase name="testBinaryContentTypeThrowsException" classname="org.jsoup.integration.ConnectTest" time="0.009">
    <system-out><![CDATA[[DEBUG] flushed 7 SocketChannelEndPoint@66ad315b{l=/127.0.0.1:35372,r=/127.0.0.1:60194,OPEN,fill=-,flush=W,to=5/30000}{io=0/0,kio=0,kro=1}->HttpConnection@477f4c37[p=HttpParser{s=CONTENT,0 of -1},g=HttpGenerator@15c4e26{s=COMPLETING}]=>HttpChannelOverHttp@2f7cc7c9{s=HttpChannelState@b7bc396{s=HANDLING rs=COMPLETING os=COMMITTED is=IDLE awp=false se=false i=false al=0},r=6,c=false/false,a=HANDLING,uri=//localhost:35372/FileServlet/htmltests/upload-form.html,age=10}
[DEBUG] Flushed=true written=7 remaining=0 WriteFlusher@7c7fee4b{WRITING}->null
[DEBUG] update WriteFlusher@7c7fee4b{IDLE}->null:WRITING-->IDLE
[DEBUG] generate: DONE for SendCallback@546dc99c[PROCESSING][i=null,cb=org.eclipse.jetty.server.HttpChannel$SendCallback@2fb45013] (null,[p=0,l=0,c=0,r=0],true)@END
[DEBUG] onWriteComplete(true,null) s=CLOSING,api=BLOCKED,sc=false,e=null->s=CLOSED,api=BLOCKING,sc=false,e=null c=null cb=org.eclipse.jetty.util.Callback$3@76c17d3c w=false
[DEBUG] completed HttpChannelState@b7bc396{s=HANDLING rs=COMPLETING os=COMPLETED is=IDLE awp=false se=false i=false al=0}
[DEBUG] unhandle HttpChannelState@b7bc396{s=HANDLING rs=COMPLETED os=COMPLETED is=IDLE awp=false se=false i=false al=0}
[DEBUG] nextAction(false) TERMINATED HttpChannelState@b7bc396{s=IDLE rs=COMPLETED os=COMPLETED is=IDLE awp=false se=false i=false al=0}
[DEBUG] action TERMINATED HttpChannelOverHttp@2f7cc7c9{s=HttpChannelState@b7bc396{s=IDLE rs=COMPLETED os=COMPLETED is=IDLE awp=false se=false i=false al=0},r=6,c=true/true,a=IDLE,uri=//localhost:35372/FileServlet/htmltests/upload-form.html,age=10}
[DEBUG] onCompleted for /FileServlet/htmltests/upload-form.html written=404
[DEBUG] filled 335 HeapByteBuffer@1ef04a69[p=0,l=335,c=8192,r=335]={<<<GET /FileServlet/htmltest...nection: keep-alive\r\n\r\n>>>/jpeg, *;...\x00\x00\x00\x00\x00\x00\x00}
[DEBUG] HttpConnection@477f4c37::SocketChannelEndPoint@66ad315b{l=/127.0.0.1:35372,r=/127.0.0.1:60194,OPEN,fill=-,flush=-,to=0/30000}{io=0/0,kio=0,kro=1}->HttpConnection@477f4c37[p=HttpParser{s=CONTENT,0 of -1},g=HttpGenerator@15c4e26{s=END}]=>HttpChannelOverHttp@2f7cc7c9{s=HttpChannelState@b7bc396{s=IDLE rs=COMPLETED os=COMPLETED is=IDLE awp=false se=false i=false al=0},r=6,c=true/true,a=IDLE,uri=//localhost:35372/FileServlet/htmltests/upload-form.html,age=10} filled 335 HeapByteBuffer@1ef04a69[p=0,l=335,c=8192,r=335]={<<<GET /FileServlet/htmltest...nection: keep-alive\r\n\r\n>>>/jpeg, *;...\x00\x00\x00\x00\x00\x00\x00}
[DEBUG] HttpConnection@477f4c37::SocketChannelEndPoint@66ad315b{l=/127.0.0.1:35372,r=/127.0.0.1:60194,OPEN,fill=-,flush=-,to=0/30000}{io=0/0,kio=0,kro=1}->HttpConnection@477f4c37[p=HttpParser{s=CONTENT,0 of -1},g=HttpGenerator@15c4e26{s=END}]=>HttpChannelOverHttp@2f7cc7c9{s=HttpChannelState@b7bc396{s=IDLE rs=COMPLETED os=COMPLETED is=IDLE awp=false se=false i=false al=0},r=6,c=true/true,a=IDLE,uri=//localhost:35372/FileServlet/htmltests/upload-form.html,age=10} parse HeapByteBuffer@1ef04a69[p=0,l=335,c=8192,r=335]={<<<GET /FileServlet/htmltest...nection: keep-alive\r\n\r\n>>>/jpeg, *;...\x00\x00\x00\x00\x00\x00\x00} {}
[DEBUG] parseNext s=CONTENT HeapByteBuffer@1ef04a69[p=0,l=335,c=8192,r=335]={<<<GET /FileServlet/htmltest...nection: keep-alive\r\n\r\n>>>/jpeg, *;...\x00\x00\x00\x00\x00\x00\x00}
[DEBUG] CONTENT --> CONTENT_END
[DEBUG] onContentComplete HttpChannelOverHttp@2f7cc7c9{s=HttpChannelState@b7bc396{s=IDLE rs=COMPLETED os=COMPLETED is=IDLE awp=false se=false i=false al=0},r=6,c=true/true,a=IDLE,uri=//localhost:35372/FileServlet/htmltests/upload-form.html,age=10}
[DEBUG] CONTENT_END --> END
[DEBUG] onRequestComplete HttpChannelOverHttp@2f7cc7c9{s=HttpChannelState@b7bc396{s=IDLE rs=COMPLETED os=COMPLETED is=IDLE awp=false se=false i=false al=0},r=6,c=true/true,a=IDLE,uri=//localhost:35372/FileServlet/htmltests/upload-form.html,age=10}
[DEBUG] HttpInputOverHTTP@2a8490dd[c=0,q=0,[0]=null,s=STREAM] addContent EOF
[DEBUG] HttpConnection@477f4c37::SocketChannelEndPoint@66ad315b{l=/127.0.0.1:35372,r=/127.0.0.1:60194,OPEN,fill=-,flush=-,to=0/30000}{io=0/0,kio=0,kro=1}->HttpConnection@477f4c37[p=HttpParser{s=END,0 of -1},g=HttpGenerator@15c4e26{s=END}]=>HttpChannelOverHttp@2f7cc7c9{s=HttpChannelState@b7bc396{s=IDLE rs=COMPLETED os=COMPLETED is=IDLE awp=false se=false i=false al=0},r=6,c=true/true,a=IDLE,uri=//localhost:35372/FileServlet/htmltests/upload-form.html,age=10} parsed false HttpParser{s=END,0 of -1}
[DEBUG] recycle HttpChannelState@b7bc396{s=IDLE rs=COMPLETED os=COMPLETED is=IDLE awp=false se=false i=false al=0}
[DEBUG] reset HttpParser{s=END,0 of -1}
[DEBUG] END --> START
[DEBUG] !handle TERMINATED HttpChannelOverHttp@2f7cc7c9{s=HttpChannelState@b7bc396{s=IDLE rs=BLOCKING os=OPEN is=IDLE awp=false se=false i=true al=0},r=6,c=false/false,a=IDLE,uri=null,age=0}
[DEBUG] HttpConnection@477f4c37::SocketChannelEndPoint@66ad315b{l=/127.0.0.1:35372,r=/127.0.0.1:60194,OPEN,fill=-,flush=-,to=0/30000}{io=0/0,kio=0,kro=1}->HttpConnection@477f4c37[p=HttpParser{s=START,0 of -1},g=HttpGenerator@15c4e26{s=START}]=>HttpChannelOverHttp@2f7cc7c9{s=HttpChannelState@b7bc396{s=IDLE rs=BLOCKING os=OPEN is=IDLE awp=false se=false i=true al=0},r=6,c=false/false,a=IDLE,uri=null,age=0} parse HeapByteBuffer@1ef04a69[p=0,l=335,c=8192,r=335]={<<<GET /FileServlet/htmltest...nection: keep-alive\r\n\r\n>>>/jpeg, *;...\x00\x00\x00\x00\x00\x00\x00} {}
[DEBUG] parseNext s=START HeapByteBuffer@1ef04a69[p=0,l=335,c=8192,r=335]={<<<GET /FileServlet/htmltest...nection: keep-alive\r\n\r\n>>>/jpeg, *;...\x00\x00\x00\x00\x00\x00\x00}
[DEBUG] START --> SPACE1
[DEBUG] SPACE1 --> URI
[DEBUG] URI --> SPACE2
[DEBUG] SPACE2 --> REQUEST_VERSION
[DEBUG] REQUEST_VERSION --> HEADER
[DEBUG] HEADER:Accept-Encoding: gzip --> IN_VALUE
[DEBUG] HEADER:Accept-Encoding: gzip --> FIELD
[DEBUG] HEADER:User-Agent: Mozilla/5.0 (Windows NT 10.0; Win64; x64) AppleWebKit/537.36 (KHTML, like Gecko) Chrome/79.0.3945.130 Safari/537.36 --> IN_VALUE
[DEBUG] HEADER:User-Agent: Mozilla/5.0 (Windows NT 10.0; Win64; x64) AppleWebKit/537.36 (KHTML, like Gecko) Chrome/79.0.3945.130 Safari/537.36 --> FIELD
[DEBUG] HEADER:Host: localhost:35372 --> IN_VALUE
[DEBUG] HEADER:Host: localhost:35372 --> FIELD
[DEBUG] HEADER:Accept: text/html, image/gif, image/jpeg, *; q=.2, */*; q=.2 --> IN_VALUE
[DEBUG] HEADER:Accept: text/html, image/gif, image/jpeg, *; q=.2, */*; q=.2 --> FIELD
[DEBUG] HEADER:Connection: keep-alive --> IN_VALUE
[DEBUG] HEADER:Connection: keep-alive --> FIELD
[DEBUG] HEADER --> CONTENT
[DEBUG] REQUEST for //localhost:35372/FileServlet/htmltests/thumb.jpg?contentType=image%2Fjpeg on HttpChannelOverHttp@2f7cc7c9{s=HttpChannelState@b7bc396{s=IDLE rs=BLOCKING os=OPEN is=IDLE awp=false se=false i=true al=0},r=7,c=false/false,a=IDLE,uri=//localhost:35372/FileServlet/htmltests/thumb.jpg?contentType=image%2Fjpeg,age=0}
GET //localhost:35372/FileServlet/htmltests/thumb.jpg?contentType=image%2Fjpeg HTTP/1.1
Accept-Encoding: gzip
User-Agent: Mozilla/5.0 (Windows NT 10.0; Win64; x64) AppleWebKit/537.36 (KHTML, like Gecko) Chrome/79.0.3945.130 Safari/537.36
Host: localhost:35372
Accept: text/html, image/gif, image/jpeg, *; q=.2, */*; q=.2
Connection: keep-alive


[DEBUG] HttpConnection@477f4c37::SocketChannelEndPoint@66ad315b{l=/127.0.0.1:35372,r=/127.0.0.1:60194,OPEN,fill=-,flush=-,to=1/30000}{io=0/0,kio=0,kro=1}->HttpConnection@477f4c37[p=HttpParser{s=CONTENT,0 of -1},g=HttpGenerator@15c4e26{s=START}]=>HttpChannelOverHttp@2f7cc7c9{s=HttpChannelState@b7bc396{s=IDLE rs=BLOCKING os=OPEN is=IDLE awp=false se=false i=true al=0},r=7,c=false/false,a=IDLE,uri=//localhost:35372/FileServlet/htmltests/thumb.jpg?contentType=image%2Fjpeg,age=0} parsed true HttpParser{s=CONTENT,0 of -1}
[DEBUG] releaseRequestBuffer HttpConnection@477f4c37::SocketChannelEndPoint@66ad315b{l=/127.0.0.1:35372,r=/127.0.0.1:60194,OPEN,fill=-,flush=-,to=1/30000}{io=0/0,kio=0,kro=1}->HttpConnection@477f4c37[p=HttpParser{s=CONTENT,0 of -1},g=HttpGenerator@15c4e26{s=START}]=>HttpChannelOverHttp@2f7cc7c9{s=HttpChannelState@b7bc396{s=IDLE rs=BLOCKING os=OPEN is=IDLE awp=false se=false i=true al=0},r=7,c=false/false,a=IDLE,uri=//localhost:35372/FileServlet/htmltests/thumb.jpg?contentType=image%2Fjpeg,age=0}
[DEBUG] handle //localhost:35372/FileServlet/htmltests/thumb.jpg?contentType=image%2Fjpeg HttpChannelOverHttp@2f7cc7c9{s=HttpChannelState@b7bc396{s=IDLE rs=BLOCKING os=OPEN is=IDLE awp=false se=false i=true al=0},r=7,c=false/false,a=IDLE,uri=//localhost:35372/FileServlet/htmltests/thumb.jpg?contentType=image%2Fjpeg,age=0} 
[DEBUG] handling HttpChannelState@b7bc396{s=IDLE rs=BLOCKING os=OPEN is=IDLE awp=false se=false i=true al=0}
[DEBUG] action DISPATCH HttpChannelOverHttp@2f7cc7c9{s=HttpChannelState@b7bc396{s=HANDLING rs=BLOCKING os=OPEN is=IDLE awp=false se=false i=true al=0},r=7,c=false/false,a=HANDLING,uri=//localhost:35372/FileServlet/htmltests/thumb.jpg?contentType=image%2Fjpeg,age=0}
[DEBUG] REQUEST GET /FileServlet/htmltests/thumb.jpg on HttpChannelOverHttp@2f7cc7c9{s=HttpChannelState@b7bc396{s=HANDLING rs=BLOCKING os=OPEN is=IDLE awp=false se=false i=true al=0},r=7,c=false/false,a=HANDLING,uri=//localhost:35372/FileServlet/htmltests/thumb.jpg?contentType=image%2Fjpeg,age=0}
[DEBUG] servlet null|/FileServlet|/htmltests/thumb.jpg -> org.jsoup.integration.servlets.FileServlet-60dce7ea==org.jsoup.integration.servlets.FileServlet@c786463a{jsp=null,order=-1,inst=true,async=true,src=EMBEDDED:null,STARTED}
[DEBUG] chain=null
[DEBUG] write(array HeapByteBuffer@1427ac5[p=0,l=1052,c=8192,r=1052]={<<<\xFf\xD8\xFf\xE0\x00\x10JFIF\x00\x01\x01\x00\x00\x01\x00\x01\x00\x00\xFf\xFe\x00;C...\xD4.\xB5\x1b\xC5\x9a@\x14$\x12\xB2$i\xD4*\x80z\x0f\xF1\xA0\x0f\xFf\xD9>>>\x00\x00\x00\x00\x00\x00\x00\x00\x00...\x00\x00\x00\x00\x00\x00\x00})
[DEBUG] write(array) s=OPEN,api=BLOCKING,sc=false,e=null aggregated !flush DirectByteBuffer@67223954[p=0,l=1052,c=32768,r=1052]={<<<\xFf\xD8\xFf\xE0\x00\x10JFIF\x00\x01\x01\x00\x00\x01\x00\x01\x00\x00\xFf\xFe\x00;C...\xD4.\xB5\x1b\xC5\x9a@\x14$\x12\xB2$i\xD4*\x80z\x0f\xF1\xA0\x0f\xFf\xD9>>>th><td></...gue. Pr}
[DEBUG] sendResponse info=null content=DirectByteBuffer@67223954[p=0,l=1052,c=32768,r=1052]={<<<\xFf\xD8\xFf\xE0\x00\x10JFIF\x00\x01\x01\x00\x00\x01\x00\x01\x00\x00\xFf\xFe\x00;C...\xD4.\xB5\x1b\xC5\x9a@\x14$\x12\xB2$i\xD4*\x80z\x0f\xF1\xA0\x0f\xFf\xD9>>>th><td></...gue. Pr} complete=false committing=true callback=Blocker@666ff960{null}
[DEBUG] COMMIT for /FileServlet/htmltests/thumb.jpg on HttpChannelOverHttp@2f7cc7c9{s=HttpChannelState@b7bc396{s=HANDLING rs=BLOCKING os=COMMITTED is=IDLE awp=false se=false i=true al=0},r=7,c=false/false,a=HANDLING,uri=//localhost:35372/FileServlet/htmltests/thumb.jpg?contentType=image%2Fjpeg,age=1}
200 null HTTP/1.1
Date: Tue, 28 Sep 2021 06:03:32 GMT
Content-Type: image/jpeg


[DEBUG] generate: NEED_HEADER for SendCallback@546dc99c[PROCESSING][i=HTTP/1.1{s=200,h=2,cl=-1},cb=org.eclipse.jetty.server.HttpChannel$SendCallback@7c97cf4c] (null,[p=0,l=1052,c=32768,r=1052],false)@START
[DEBUG] generateHeaders HTTP/1.1{s=200,h=2,cl=-1} last=false content=DirectByteBuffer@67223954[p=0,l=1052,c=32768,r=1052]={<<<\xFf\xD8\xFf\xE0\x00\x10JFIF\x00\x01\x01\x00\x00\x01\x00\x01\x00\x00\xFf\xFe\x00;C...\xD4.\xB5\x1b\xC5\x9a@\x14$\x12\xB2$i\xD4*\x80z\x0f\xF1\xA0\x0f\xFf\xD9>>>th><td></...gue. Pr}
[DEBUG] Date: Tue, 28 Sep 2021 06:03:32 GMT
Content-Type: image/jpeg


[DEBUG] CHUNKED_CONTENT
[DEBUG] generate: FLUSH for SendCallback@546dc99c[PROCESSING][i=HTTP/1.1{s=200,h=2,cl=-1},cb=org.eclipse.jetty.server.HttpChannel$SendCallback@7c97cf4c] ([p=0,l=148,c=8192,r=148],[p=0,l=1052,c=32768,r=1052],false)@COMMITTED
[DEBUG] write: WriteFlusher@7c7fee4b{IDLE}->null [HeapByteBuffer@460916c[p=0,l=148,c=8192,r=148]={<<<HTTP/1.1 200 OK\r\nDate: Tu....43.v20210629)\r\n\r\n41C\r\n>>>6 (KHTML,...\x00\x00\x00\x00\x00\x00\x00},DirectByteBuffer@67223954[p=0,l=1052,c=32768,r=1052]={<<<\xFf\xD8\xFf\xE0\x00\x10JFIF\x00\x01\x01\x00\x00\x01\x00\x01\x00\x00\xFf\xFe\x00;C...\xD4.\xB5\x1b\xC5\x9a@\x14$\x12\xB2$i\xD4*\x80z\x0f\xF1\xA0\x0f\xFf\xD9>>>th><td></...gue. Pr}]
[DEBUG] update WriteFlusher@7c7fee4b{WRITING}->null:IDLE-->WRITING
[DEBUG] Selector sun.nio.ch.EPollSelectorImpl@36abfb12 woken up from select, 1/1/5 selected
[DEBUG] Selector sun.nio.ch.EPollSelectorImpl@36abfb12 processing 1 keys, 0 updates
[DEBUG] selected 1 sun.nio.ch.SelectionKeyImpl@518b35c0 SocketChannelEndPoint@48f3668d{l=/127.0.0.1:35372,r=/127.0.0.1:60192,OPEN,fill=FI,flush=-,to=1135/30000}{io=1/1,kio=1,kro=1}->HttpConnection@4a663bd0[p=HttpParser{s=START,0 of -1},g=HttpGenerator@783aa6c6{s=START}]=>HttpChannelOverHttp@4e95f790{s=HttpChannelState@40ce48d9{s=IDLE rs=BLOCKING os=OPEN is=IDLE awp=false se=false i=true al=0},r=1,c=false/false,a=IDLE,uri=null,age=0} 
[DEBUG] onSelected 1->0 r=true w=false for SocketChannelEndPoint@48f3668d{l=/127.0.0.1:35372,r=/127.0.0.1:60192,OPEN,fill=FI,flush=-,to=1135/30000}{io=1/0,kio=1,kro=1}->HttpConnection@4a663bd0[p=HttpParser{s=START,0 of -1},g=HttpGenerator@783aa6c6{s=START}]=>HttpChannelOverHttp@4e95f790{s=HttpChannelState@40ce48d9{s=IDLE rs=BLOCKING os=OPEN is=IDLE awp=false se=false i=true al=0},r=1,c=false/false,a=IDLE,uri=null,age=0}
[DEBUG] task CEP:SocketChannelEndPoint@48f3668d{l=/127.0.0.1:35372,r=/127.0.0.1:60192,OPEN,fill=FI,flush=-,to=1135/30000}{io=1/0,kio=1,kro=1}->HttpConnection@4a663bd0[p=HttpParser{s=START,0 of -1},g=HttpGenerator@783aa6c6{s=START}]=>HttpChannelOverHttp@4e95f790{s=HttpChannelState@40ce48d9{s=IDLE rs=BLOCKING os=OPEN is=IDLE awp=false se=false i=true al=0},r=1,c=false/false,a=IDLE,uri=null,age=0}:runFillable:BLOCKING
[DEBUG] ReservedThreadExecutor@278bb07e{s=1/1,p=0} tryExecute EatWhatYouKill@63b1d4fa/SelectorProducer@4c4d27c8/PRODUCING/p=false/QueuedThreadPool[qtp638486177]@260e86a1{STARTED,8<=8<=200,i=4,r=-1,q=0}[ReservedThreadExecutor@278bb07e{s=1/1,p=0}][pc=0,pic=0,pec=1,epc=10]@2021-09-28T06:03:32.029Z
[DEBUG] ReservedThreadExecutor@278bb07e{s=0/1,p=0}@5af5386a offer EatWhatYouKill@63b1d4fa/SelectorProducer@4c4d27c8/PRODUCING/p=false/QueuedThreadPool[qtp638486177]@260e86a1{STARTED,8<=8<=200,i=4,r=-1,q=0}[ReservedThreadExecutor@278bb07e{s=0/1,p=0}][pc=0,pic=0,pec=1,epc=10]@2021-09-28T06:03:32.03Z
[DEBUG] ReservedThreadExecutor@278bb07e{s=0/1,p=1} startReservedThread p=1
[DEBUG] queue ReservedThreadExecutor@278bb07e{s=0/1,p=1}@3479a4f7 startThread=0
[DEBUG] EatWhatYouKill@63b1d4fa/SelectorProducer@4c4d27c8/IDLE/p=true/QueuedThreadPool[qtp638486177]@260e86a1{STARTED,8<=8<=200,i=3,r=-1,q=0}[ReservedThreadExecutor@278bb07e{s=0/1,p=1}][pc=0,pic=0,pec=1,epc=10]@2021-09-28T06:03:32.03Z m=EXECUTE_PRODUCE_CONSUME t=CEP:SocketChannelEndPoint@48f3668d{l=/127.0.0.1:35372,r=/127.0.0.1:60192,OPEN,fill=FI,flush=-,to=1136/30000}{io=1/0,kio=1,kro=1}->HttpConnection@4a663bd0[p=HttpParser{s=START,0 of -1},g=HttpGenerator@783aa6c6{s=START}]=>HttpChannelOverHttp@4e95f790{s=HttpChannelState@40ce48d9{s=IDLE rs=BLOCKING os=OPEN is=IDLE awp=false se=false i=true al=0},r=1,c=false/false,a=IDLE,uri=null,age=0}:runFillable:BLOCKING/BLOCKING
[DEBUG] fillable FillInterest@4a00b198{AC.ReadCB@4a663bd0{HttpConnection@4a663bd0::SocketChannelEndPoint@48f3668d{l=/127.0.0.1:35372,r=/127.0.0.1:60192,OPEN,fill=FI,flush=-,to=1136/30000}{io=1/0,kio=1,kro=1}->HttpConnection@4a663bd0[p=HttpParser{s=START,0 of -1},g=HttpGenerator@783aa6c6{s=START}]=>HttpChannelOverHttp@4e95f790{s=HttpChannelState@40ce48d9{s=IDLE rs=BLOCKING os=OPEN is=IDLE awp=false se=false i=true al=0},r=1,c=false/false,a=IDLE,uri=null,age=0}}}
[DEBUG] HttpConnection@4a663bd0::SocketChannelEndPoint@48f3668d{l=/127.0.0.1:35372,r=/127.0.0.1:60192,OPEN,fill=-,flush=-,to=1136/30000}{io=1/0,kio=1,kro=1}->HttpConnection@4a663bd0[p=HttpParser{s=START,0 of -1},g=HttpGenerator@783aa6c6{s=START}]=>HttpChannelOverHttp@4e95f790{s=HttpChannelState@40ce48d9{s=IDLE rs=BLOCKING os=OPEN is=IDLE awp=false se=false i=true al=0},r=1,c=false/false,a=IDLE,uri=null,age=0} onFillable enter HttpChannelState@40ce48d9{s=IDLE rs=BLOCKING os=OPEN is=IDLE awp=false se=false i=true al=0} null
[DEBUG] shutdownInput SocketChannelEndPoint@48f3668d{l=/127.0.0.1:35372,r=/127.0.0.1:60192,OPEN,fill=-,flush=-,to=1136/30000}{io=1/0,kio=1,kro=1}->HttpConnection@4a663bd0[p=HttpParser{s=START,0 of -1},g=HttpGenerator@783aa6c6{s=START}]=>HttpChannelOverHttp@4e95f790{s=HttpChannelState@40ce48d9{s=IDLE rs=BLOCKING os=OPEN is=IDLE awp=false se=false i=true al=0},r=1,c=false/false,a=IDLE,uri=null,age=0}
[DEBUG] filled -1 HeapByteBuffer@2a66826a[p=0,l=0,c=8192,r=0]={<<<>>>HTTP/1.1 ...\x86&h\xA0{\xC1\xC2}
[DEBUG] atEOF HttpParser{s=START,0 of -1}
[DEBUG] HttpConnection@4a663bd0::SocketChannelEndPoint@48f3668d{l=/127.0.0.1:35372,r=/127.0.0.1:60192,ISHUT,fill=-,flush=-,to=1137/30000}{io=1/0,kio=1,kro=1}->HttpConnection@4a663bd0[p=HttpParser{s=START,0 of -1},g=HttpGenerator@783aa6c6{s=START}]=>HttpChannelOverHttp@4e95f790{s=HttpChannelState@40ce48d9{s=IDLE rs=BLOCKING os=OPEN is=IDLE awp=false se=false i=true al=0},r=1,c=false/false,a=IDLE,uri=null,age=0} filled -1 HeapByteBuffer@2a66826a[p=0,l=0,c=8192,r=0]={<<<>>>HTTP/1.1 ...\x86&h\xA0{\xC1\xC2}
[DEBUG] HttpConnection@4a663bd0::SocketChannelEndPoint@48f3668d{l=/127.0.0.1:35372,r=/127.0.0.1:60192,ISHUT,fill=-,flush=-,to=1137/30000}{io=1/0,kio=1,kro=1}->HttpConnection@4a663bd0[p=HttpParser{s=START,0 of -1},g=HttpGenerator@783aa6c6{s=START}]=>HttpChannelOverHttp@4e95f790{s=HttpChannelState@40ce48d9{s=IDLE rs=BLOCKING os=OPEN is=IDLE awp=false se=false i=true al=0},r=1,c=false/false,a=IDLE,uri=null,age=0} parse HeapByteBuffer@2a66826a[p=0,l=0,c=8192,r=0]={<<<>>>HTTP/1.1 ...\x86&h\xA0{\xC1\xC2} {}
[DEBUG] parseNext s=START HeapByteBuffer@2a66826a[p=0,l=0,c=8192,r=0]={<<<>>>HTTP/1.1 ...\x86&h\xA0{\xC1\xC2}
[DEBUG] START --> CLOSED
[DEBUG] close SocketChannelEndPoint@48f3668d{l=/127.0.0.1:35372,r=/127.0.0.1:60192,ISHUT,fill=-,flush=-,to=1137/30000}{io=1/0,kio=1,kro=1}->HttpConnection@4a663bd0[p=HttpParser{s=CLOSED,0 of -1},g=HttpGenerator@783aa6c6{s=START}]=>HttpChannelOverHttp@4e95f790{s=HttpChannelState@40ce48d9{s=IDLE rs=BLOCKING os=OPEN is=IDLE awp=false se=false i=true al=0},r=1,c=false/false,a=IDLE,uri=null,age=0}
[DEBUG] close(null) SocketChannelEndPoint@48f3668d{l=/127.0.0.1:35372,r=/127.0.0.1:60192,ISHUT,fill=-,flush=-,to=1137/30000}{io=1/0,kio=1,kro=1}->HttpConnection@4a663bd0[p=HttpParser{s=CLOSED,0 of -1},g=HttpGenerator@783aa6c6{s=START}]=>HttpChannelOverHttp@4e95f790{s=HttpChannelState@40ce48d9{s=IDLE rs=BLOCKING os=OPEN is=IDLE awp=false se=false i=true al=0},r=1,c=false/false,a=IDLE,uri=null,age=0}
[DEBUG] doClose SocketChannelEndPoint@48f3668d{l=/127.0.0.1:35372,r=/127.0.0.1:60192,CLOSED,fill=-,flush=-,to=1137/30000}{io=1/0,kio=1,kro=1}->HttpConnection@4a663bd0[p=HttpParser{s=CLOSED,0 of -1},g=HttpGenerator@783aa6c6{s=START}]=>HttpChannelOverHttp@4e95f790{s=HttpChannelState@40ce48d9{s=IDLE rs=BLOCKING os=OPEN is=IDLE awp=false se=false i=true al=0},r=1,c=false/false,a=IDLE,uri=null,age=0}
[DEBUG] onClose FillInterest@4a00b198{null}
[DEBUG] Wakeup ManagedSelector@72cf2de5{STARTED} id=0 keys=5 selected=1 updates=0
[DEBUG] queue org.eclipse.jetty.io.ManagedSelector$DestroyEndPoint@2beca1c8 startThread=0
[DEBUG] HttpConnection@4a663bd0::SocketChannelEndPoint@48f3668d{l=0.0.0.0/0.0.0.0:35372,r=/127.0.0.1:60192,CLOSED,fill=-,flush=-,to=1137/30000}{io=1/0,kio=-1,kro=-1}->HttpConnection@4a663bd0[p=HttpParser{s=CLOSED,0 of -1},g=HttpGenerator@783aa6c6{s=START}]=>HttpChannelOverHttp@4e95f790{s=HttpChannelState@40ce48d9{s=IDLE rs=BLOCKING os=OPEN is=IDLE awp=false se=false i=true al=0},r=1,c=false/false,a=IDLE,uri=null,age=0} parsed false HttpParser{s=CLOSED,0 of -1}
[DEBUG] releaseRequestBuffer HttpConnection@4a663bd0::SocketChannelEndPoint@48f3668d{l=0.0.0.0/0.0.0.0:35372,r=/127.0.0.1:60192,CLOSED,fill=-,flush=-,to=1137/30000}{io=1/0,kio=-1,kro=-1}->HttpConnection@4a663bd0[p=HttpParser{s=CLOSED,0 of -1},g=HttpGenerator@783aa6c6{s=START}]=>HttpChannelOverHttp@4e95f790{s=HttpChannelState@40ce48d9{s=IDLE rs=BLOCKING os=OPEN is=IDLE awp=false se=false i=true al=0},r=1,c=false/false,a=IDLE,uri=null,age=0}
[DEBUG] shutdownOutput SocketChannelEndPoint@48f3668d{l=0.0.0.0/0.0.0.0:35372,r=/127.0.0.1:60192,CLOSED,fill=-,flush=-,to=1138/30000}{io=1/0,kio=-1,kro=-1}->HttpConnection@4a663bd0[p=HttpParser{s=CLOSED,0 of -1},g=HttpGenerator@783aa6c6{s=START}]=>HttpChannelOverHttp@4e95f790{s=HttpChannelState@40ce48d9{s=IDLE rs=BLOCKING os=OPEN is=IDLE awp=false se=false i=true al=0},r=1,c=false/false,a=IDLE,uri=null,age=0}
[DEBUG] HttpConnection@4a663bd0::SocketChannelEndPoint@48f3668d{l=0.0.0.0/0.0.0.0:35372,r=/127.0.0.1:60192,CLOSED,fill=-,flush=-,to=1138/30000}{io=1/0,kio=-1,kro=-1}->HttpConnection@4a663bd0[p=HttpParser{s=CLOSED,0 of -1},g=HttpGenerator@783aa6c6{s=START}]=>HttpChannelOverHttp@4e95f790{s=HttpChannelState@40ce48d9{s=IDLE rs=BLOCKING os=OPEN is=IDLE awp=false se=false i=true al=0},r=1,c=false/false,a=IDLE,uri=null,age=0} onFillable exit HttpChannelState@40ce48d9{s=IDLE rs=BLOCKING os=OPEN is=IDLE awp=false se=false i=true al=0} null
[DEBUG] updateable 0
[DEBUG] updates 0
[DEBUG] Ignoring key update for cancelled key SocketChannelEndPoint@48f3668d{l=0.0.0.0/0.0.0.0:35372,r=/127.0.0.1:60192,CLOSED,fill=-,flush=-,to=1138/30000}{io=0/0,kio=-1,kro=-1}->HttpConnection@4a663bd0[p=HttpParser{s=CLOSED,0 of -1},g=HttpGenerator@783aa6c6{s=START}]=>HttpChannelOverHttp@4e95f790{s=HttpChannelState@40ce48d9{s=IDLE rs=BLOCKING os=OPEN is=IDLE awp=false se=false i=true al=0},r=1,c=false/false,a=IDLE,uri=null,age=0}
[DEBUG] close SocketChannelEndPoint@48f3668d{l=0.0.0.0/0.0.0.0:35372,r=/127.0.0.1:60192,CLOSED,fill=-,flush=-,to=1138/30000}{io=0/0,kio=-1,kro=-1}->HttpConnection@4a663bd0[p=HttpParser{s=CLOSED,0 of -1},g=HttpGenerator@783aa6c6{s=START}]=>HttpChannelOverHttp@4e95f790{s=HttpChannelState@40ce48d9{s=IDLE rs=BLOCKING os=OPEN is=IDLE awp=false se=false i=true al=0},r=1,c=false/false,a=IDLE,uri=null,age=0}
[DEBUG] ReservedThreadExecutor@278bb07e{s=0/1,p=1}@5af5386a task=EatWhatYouKill@63b1d4fa/SelectorProducer@4c4d27c8/PRODUCING/p=true/QueuedThreadPool[qtp638486177]@260e86a1{STARTED,8<=8<=200,i=2,r=-1,q=0}[ReservedThreadExecutor@278bb07e{s=0/1,p=1}][pc=0,pic=0,pec=1,epc=11]@2021-09-28T06:03:32.032Z
[DEBUG] EatWhatYouKill@63b1d4fa/SelectorProducer@4c4d27c8/PRODUCING/p=true/QueuedThreadPool[qtp638486177]@260e86a1{STARTED,8<=8<=200,i=2,r=-1,q=0}[ReservedThreadExecutor@278bb07e{s=0/1,p=1}][pc=0,pic=0,pec=1,epc=11]@2021-09-28T06:03:32.032Z tryProduce true
[DEBUG] ReservedThreadExecutor@278bb07e{s=1/1,p=1}@5af5386a waiting
[DEBUG] run ReservedThreadExecutor@278bb07e{s=1/1,p=1}@3479a4f7 in QueuedThreadPool[qtp638486177]@260e86a1{STARTED,8<=8<=200,i=2,r=-1,q=0}[ReservedThreadExecutor@278bb07e{s=1/1,p=1}]
[DEBUG] ReservedThreadExecutor@278bb07e{s=1/1,p=1}@3479a4f7 size 1 > capacity
[DEBUG] ran ReservedThreadExecutor@278bb07e{s=1/1,p=0}@3479a4f7 in QueuedThreadPool[qtp638486177]@260e86a1{STARTED,8<=8<=200,i=2,r=-1,q=0}[ReservedThreadExecutor@278bb07e{s=1/1,p=0}]
[DEBUG] run org.eclipse.jetty.io.ManagedSelector$DestroyEndPoint@2beca1c8 in QueuedThreadPool[qtp638486177]@260e86a1{STARTED,8<=8<=200,i=3,r=-1,q=0}[ReservedThreadExecutor@278bb07e{s=1/1,p=0}]
]]></system-out>
  </testcase>
  <testcase name="sendsRequestBody" classname="org.jsoup.integration.ConnectTest" time="0.025">
    <system-out><![CDATA[[DEBUG] Destroyed SocketChannelEndPoint@48f3668d{l=0.0.0.0/0.0.0.0:35372,r=/127.0.0.1:60192,CLOSED,fill=-,flush=-,to=1139/30000}{io=0/0,kio=-1,kro=-1}->HttpConnection@4a663bd0[p=HttpParser{s=CLOSED,0 of -1},g=HttpGenerator@783aa6c6{s=START}]=>HttpChannelOverHttp@4e95f790{s=HttpChannelState@40ce48d9{s=IDLE rs=BLOCKING os=OPEN is=IDLE awp=false se=false i=true al=0},r=1,c=false/false,a=IDLE,uri=null,age=0}
[DEBUG] onClose HttpConnection@4a663bd0::SocketChannelEndPoint@48f3668d{l=0.0.0.0/0.0.0.0:35372,r=/127.0.0.1:60192,CLOSED,fill=-,flush=-,to=1149/30000}{io=0/0,kio=-1,kro=-1}->HttpConnection@4a663bd0[p=HttpParser{s=CLOSED,0 of -1},g=HttpGenerator@783aa6c6{s=START}]=>HttpChannelOverHttp@4e95f790{s=HttpChannelState@40ce48d9{s=IDLE rs=BLOCKING os=OPEN is=IDLE awp=false se=false i=true al=0},r=1,c=false/false,a=IDLE,uri=null,age=0}
[DEBUG] ran org.eclipse.jetty.io.ManagedSelector$DestroyEndPoint@2beca1c8 in QueuedThreadPool[qtp638486177]@260e86a1{STARTED,8<=8<=200,i=3,r=-1,q=0}[ReservedThreadExecutor@278bb07e{s=1/1,p=0}]
[DEBUG] close(null) SocketChannelEndPoint@48f3668d{l=0.0.0.0/0.0.0.0:35372,r=/127.0.0.1:60192,CLOSED,fill=-,flush=-,to=1138/30000}{io=0/0,kio=-1,kro=-1}->HttpConnection@4a663bd0[p=HttpParser{s=CLOSED,0 of -1},g=HttpGenerator@783aa6c6{s=START}]=>HttpChannelOverHttp@4e95f790{s=HttpChannelState@40ce48d9{s=IDLE rs=BLOCKING os=OPEN is=IDLE awp=false se=false i=true al=0},r=1,c=false/false,a=IDLE,uri=null,age=0}
[DEBUG] Selector sun.nio.ch.EPollSelectorImpl@36abfb12 waiting with 5 keys
[DEBUG] Selector sun.nio.ch.EPollSelectorImpl@36abfb12 woken up from select, 1/1/4 selected
[DEBUG] Selector sun.nio.ch.EPollSelectorImpl@36abfb12 processing 1 keys, 0 updates
[DEBUG] selected 1 sun.nio.ch.SelectionKeyImpl@601e9e9b SocketChannelEndPoint@3d491fad{l=/127.0.0.1:35372,r=/127.0.0.1:60190,OPEN,fill=FI,flush=-,to=1198/30000}{io=1/1,kio=1,kro=1}->HttpConnection@3e7171e5[p=HttpParser{s=START,0 of -1},g=HttpGenerator@274dcaa5{s=START}]=>HttpChannelOverHttp@36eb5f45{s=HttpChannelState@23232c72{s=IDLE rs=BLOCKING os=OPEN is=IDLE awp=false se=false i=true al=0},r=1,c=false/false,a=IDLE,uri=null,age=0} 
[DEBUG] onSelected 1->0 r=true w=false for SocketChannelEndPoint@3d491fad{l=/127.0.0.1:35372,r=/127.0.0.1:60190,OPEN,fill=FI,flush=-,to=1201/30000}{io=1/0,kio=1,kro=1}->HttpConnection@3e7171e5[p=HttpParser{s=START,0 of -1},g=HttpGenerator@274dcaa5{s=START}]=>HttpChannelOverHttp@36eb5f45{s=HttpChannelState@23232c72{s=IDLE rs=BLOCKING os=OPEN is=IDLE awp=false se=false i=true al=0},r=1,c=false/false,a=IDLE,uri=null,age=0}
[DEBUG] task CEP:SocketChannelEndPoint@3d491fad{l=/127.0.0.1:35372,r=/127.0.0.1:60190,OPEN,fill=FI,flush=-,to=1201/30000}{io=1/0,kio=1,kro=1}->HttpConnection@3e7171e5[p=HttpParser{s=START,0 of -1},g=HttpGenerator@274dcaa5{s=START}]=>HttpChannelOverHttp@36eb5f45{s=HttpChannelState@23232c72{s=IDLE rs=BLOCKING os=OPEN is=IDLE awp=false se=false i=true al=0},r=1,c=false/false,a=IDLE,uri=null,age=0}:runFillable:BLOCKING
[DEBUG] ReservedThreadExecutor@278bb07e{s=1/1,p=0} tryExecute EatWhatYouKill@63b1d4fa/SelectorProducer@4c4d27c8/REPRODUCING/p=false/QueuedThreadPool[qtp638486177]@260e86a1{STARTED,8<=8<=200,i=4,r=-1,q=0}[ReservedThreadExecutor@278bb07e{s=1/1,p=0}][pc=0,pic=0,pec=1,epc=11]@2021-09-28T06:03:32.046Z
[DEBUG] ReservedThreadExecutor@278bb07e{s=0/1,p=0}@5af5386a offer EatWhatYouKill@63b1d4fa/SelectorProducer@4c4d27c8/REPRODUCING/p=false/QueuedThreadPool[qtp638486177]@260e86a1{STARTED,8<=8<=200,i=4,r=-1,q=0}[ReservedThreadExecutor@278bb07e{s=0/1,p=0}][pc=0,pic=0,pec=1,epc=11]@2021-09-28T06:03:32.046Z
[DEBUG] ReservedThreadExecutor@278bb07e{s=0/1,p=1} startReservedThread p=1
[DEBUG] run ReservedThreadExecutor@278bb07e{s=0/1,p=1}@ec17b69 in QueuedThreadPool[qtp638486177]@260e86a1{STARTED,8<=8<=200,i=3,r=-1,q=0}[ReservedThreadExecutor@278bb07e{s=0/1,p=1}]
[DEBUG] ReservedThreadExecutor@278bb07e{s=1/1,p=1}@ec17b69 started
[DEBUG] ReservedThreadExecutor@278bb07e{s=1/1,p=0}@ec17b69 waiting
[DEBUG] queue ReservedThreadExecutor@278bb07e{s=1/1,p=0}@ec17b69 startThread=0
[DEBUG] ReservedThreadExecutor@278bb07e{s=0/1,p=0}@5af5386a task=EatWhatYouKill@63b1d4fa/SelectorProducer@4c4d27c8/IDLE/p=true/QueuedThreadPool[qtp638486177]@260e86a1{STARTED,8<=8<=200,i=3,r=-1,q=0}[ReservedThreadExecutor@278bb07e{s=1/1,p=0}][pc=0,pic=0,pec=1,epc=11]@2021-09-28T06:03:32.046Z
[DEBUG] EatWhatYouKill@63b1d4fa/SelectorProducer@4c4d27c8/IDLE/p=true/QueuedThreadPool[qtp638486177]@260e86a1{STARTED,8<=8<=200,i=3,r=-1,q=0}[ReservedThreadExecutor@278bb07e{s=1/1,p=0}][pc=0,pic=0,pec=1,epc=11]@2021-09-28T06:03:32.047Z tryProduce true
[DEBUG] updateable 0
[DEBUG] updates 0
[DEBUG] Key interests updated 1 -> 0 on SocketChannelEndPoint@3d491fad{l=/127.0.0.1:35372,r=/127.0.0.1:60190,OPEN,fill=FI,flush=-,to=1202/30000}{io=0/0,kio=0,kro=1}->HttpConnection@3e7171e5[p=HttpParser{s=START,0 of -1},g=HttpGenerator@274dcaa5{s=START}]=>HttpChannelOverHttp@36eb5f45{s=HttpChannelState@23232c72{s=IDLE rs=BLOCKING os=OPEN is=IDLE awp=false se=false i=true al=0},r=1,c=false/false,a=IDLE,uri=null,age=0}
[DEBUG] Selector sun.nio.ch.EPollSelectorImpl@36abfb12 waiting with 4 keys
[DEBUG] EatWhatYouKill@63b1d4fa/SelectorProducer@4c4d27c8/PRODUCING/p=false/QueuedThreadPool[qtp638486177]@260e86a1{STARTED,8<=8<=200,i=3,r=-1,q=0}[ReservedThreadExecutor@278bb07e{s=1/1,p=0}][pc=0,pic=0,pec=1,epc=11]@2021-09-28T06:03:32.047Z m=EXECUTE_PRODUCE_CONSUME t=CEP:SocketChannelEndPoint@3d491fad{l=/127.0.0.1:35372,r=/127.0.0.1:60190,OPEN,fill=FI,flush=-,to=1202/30000}{io=0/0,kio=0,kro=1}->HttpConnection@3e7171e5[p=HttpParser{s=START,0 of -1},g=HttpGenerator@274dcaa5{s=START}]=>HttpChannelOverHttp@36eb5f45{s=HttpChannelState@23232c72{s=IDLE rs=BLOCKING os=OPEN is=IDLE awp=false se=false i=true al=0},r=1,c=false/false,a=IDLE,uri=null,age=0}:runFillable:BLOCKING/BLOCKING
[DEBUG] fillable FillInterest@1d372282{AC.ReadCB@3e7171e5{HttpConnection@3e7171e5::SocketChannelEndPoint@3d491fad{l=/127.0.0.1:35372,r=/127.0.0.1:60190,OPEN,fill=FI,flush=-,to=1202/30000}{io=0/0,kio=0,kro=1}->HttpConnection@3e7171e5[p=HttpParser{s=START,0 of -1},g=HttpGenerator@274dcaa5{s=START}]=>HttpChannelOverHttp@36eb5f45{s=HttpChannelState@23232c72{s=IDLE rs=BLOCKING os=OPEN is=IDLE awp=false se=false i=true al=0},r=1,c=false/false,a=IDLE,uri=null,age=0}}}
[DEBUG] HttpConnection@3e7171e5::SocketChannelEndPoint@3d491fad{l=/127.0.0.1:35372,r=/127.0.0.1:60190,OPEN,fill=-,flush=-,to=1203/30000}{io=0/0,kio=0,kro=1}->HttpConnection@3e7171e5[p=HttpParser{s=START,0 of -1},g=HttpGenerator@274dcaa5{s=START}]=>HttpChannelOverHttp@36eb5f45{s=HttpChannelState@23232c72{s=IDLE rs=BLOCKING os=OPEN is=IDLE awp=false se=false i=true al=0},r=1,c=false/false,a=IDLE,uri=null,age=0} onFillable enter HttpChannelState@23232c72{s=IDLE rs=BLOCKING os=OPEN is=IDLE awp=false se=false i=true al=0} null
[DEBUG] filled 354 HeapByteBuffer@1ef04a69[p=0,l=354,c=8192,r=354]={<<<POST /EchoServlet HTTP/1....ngth: 11\r\n\r\n{key:value}>>>; q=.2\r\nC...\x00\x00\x00\x00\x00\x00\x00}
[DEBUG] HttpConnection@3e7171e5::SocketChannelEndPoint@3d491fad{l=/127.0.0.1:35372,r=/127.0.0.1:60190,OPEN,fill=-,flush=-,to=0/30000}{io=0/0,kio=0,kro=1}->HttpConnection@3e7171e5[p=HttpParser{s=START,0 of -1},g=HttpGenerator@274dcaa5{s=START}]=>HttpChannelOverHttp@36eb5f45{s=HttpChannelState@23232c72{s=IDLE rs=BLOCKING os=OPEN is=IDLE awp=false se=false i=true al=0},r=1,c=false/false,a=IDLE,uri=null,age=0} filled 354 HeapByteBuffer@1ef04a69[p=0,l=354,c=8192,r=354]={<<<POST /EchoServlet HTTP/1....ngth: 11\r\n\r\n{key:value}>>>; q=.2\r\nC...\x00\x00\x00\x00\x00\x00\x00}
[DEBUG] HttpConnection@3e7171e5::SocketChannelEndPoint@3d491fad{l=/127.0.0.1:35372,r=/127.0.0.1:60190,OPEN,fill=-,flush=-,to=0/30000}{io=0/0,kio=0,kro=1}->HttpConnection@3e7171e5[p=HttpParser{s=START,0 of -1},g=HttpGenerator@274dcaa5{s=START}]=>HttpChannelOverHttp@36eb5f45{s=HttpChannelState@23232c72{s=IDLE rs=BLOCKING os=OPEN is=IDLE awp=false se=false i=true al=0},r=1,c=false/false,a=IDLE,uri=null,age=0} parse HeapByteBuffer@1ef04a69[p=0,l=354,c=8192,r=354]={<<<POST /EchoServlet HTTP/1....ngth: 11\r\n\r\n{key:value}>>>; q=.2\r\nC...\x00\x00\x00\x00\x00\x00\x00} {}
[DEBUG] parseNext s=START HeapByteBuffer@1ef04a69[p=0,l=354,c=8192,r=354]={<<<POST /EchoServlet HTTP/1....ngth: 11\r\n\r\n{key:value}>>>; q=.2\r\nC...\x00\x00\x00\x00\x00\x00\x00}
[DEBUG] START --> SPACE1
[DEBUG] SPACE1 --> URI
[DEBUG] URI --> SPACE2
[DEBUG] SPACE2 --> REQUEST_VERSION
[DEBUG] REQUEST_VERSION --> HEADER
[DEBUG] HEADER:Accept-Encoding: gzip --> IN_VALUE
[DEBUG] HEADER:Accept-Encoding: gzip --> FIELD
[DEBUG] HEADER:Content-Type: text/plain --> IN_VALUE
[DEBUG] HEADER:Content-Type: text/plain --> FIELD
[DEBUG] HEADER:User-Agent --> VALUE
[DEBUG] HEADER:User-Agent --> IN_VALUE
[DEBUG] HEADER:User-Agent --> FIELD
[DEBUG] HEADER:Host: localhost:35372 --> IN_VALUE
[DEBUG] HEADER:Host: localhost:35372 --> FIELD
[DEBUG] HEADER:Accept: text/html, image/gif, image/jpeg, *; q=.2, */*; q=.2 --> IN_VALUE
[DEBUG] HEADER:Accept: text/html, image/gif, image/jpeg, *; q=.2, */*; q=.2 --> FIELD
[DEBUG] HEADER:Connection: keep-alive --> IN_VALUE
[DEBUG] HEADER:Connection: keep-alive --> FIELD
[DEBUG] HEADER:Content-Length --> VALUE
[DEBUG] HEADER:Content-Length --> IN_VALUE
[DEBUG] HEADER:Content-Length --> FIELD
[DEBUG] HEADER --> CONTENT
[DEBUG] REQUEST for //localhost:35372/EchoServlet on HttpChannelOverHttp@36eb5f45{s=HttpChannelState@23232c72{s=IDLE rs=BLOCKING os=OPEN is=IDLE awp=false se=false i=true al=0},r=2,c=false/false,a=IDLE,uri=//localhost:35372/EchoServlet,age=0}
POST //localhost:35372/EchoServlet HTTP/1.1
Accept-Encoding: gzip
Content-Type: text/plain
User-Agent: Mozilla/5.0 (Macintosh; Intel Mac OS X 10_11_4) AppleWebKit/537.36 (KHTML, like Gecko) Chrome/49.0.2623.112 Safari/537.36
Host: localhost:35372
Accept: text/html, image/gif, image/jpeg, *; q=.2, */*; q=.2
Connection: keep-alive
Content-Length: 11


[DEBUG] HttpConnection@3e7171e5::SocketChannelEndPoint@3d491fad{l=/127.0.0.1:35372,r=/127.0.0.1:60190,OPEN,fill=-,flush=-,to=0/30000}{io=0/0,kio=0,kro=1}->HttpConnection@3e7171e5[p=HttpParser{s=CONTENT,0 of 11},g=HttpGenerator@274dcaa5{s=START}]=>HttpChannelOverHttp@36eb5f45{s=HttpChannelState@23232c72{s=IDLE rs=BLOCKING os=OPEN is=IDLE awp=false se=false i=true al=0},r=2,c=false/false,a=IDLE,uri=//localhost:35372/EchoServlet,age=0} parsed true HttpParser{s=CONTENT,0 of 11}
[DEBUG] handle //localhost:35372/EchoServlet HttpChannelOverHttp@36eb5f45{s=HttpChannelState@23232c72{s=IDLE rs=BLOCKING os=OPEN is=IDLE awp=false se=false i=true al=0},r=2,c=false/false,a=IDLE,uri=//localhost:35372/EchoServlet,age=0} 
[DEBUG] handling HttpChannelState@23232c72{s=IDLE rs=BLOCKING os=OPEN is=IDLE awp=false se=false i=true al=0}
[DEBUG] action DISPATCH HttpChannelOverHttp@36eb5f45{s=HttpChannelState@23232c72{s=HANDLING rs=BLOCKING os=OPEN is=IDLE awp=false se=false i=true al=0},r=2,c=false/false,a=HANDLING,uri=//localhost:35372/EchoServlet,age=0}
[DEBUG] REQUEST POST /EchoServlet on HttpChannelOverHttp@36eb5f45{s=HttpChannelState@23232c72{s=HANDLING rs=BLOCKING os=OPEN is=IDLE awp=false se=false i=true al=0},r=2,c=false/false,a=HANDLING,uri=//localhost:35372/EchoServlet,age=0}
[DEBUG] servlet null|/EchoServlet|null -> org.jsoup.integration.servlets.EchoServlet-60d1a32f==org.jsoup.integration.servlets.EchoServlet@1f7ecb09{jsp=null,order=-1,inst=true,async=true,src=EMBEDDED:null,STARTED}
[DEBUG] chain=null
[DEBUG] write(array HeapByteBuffer@3f641d64[p=0,l=235,c=512,r=235]={<<<<title>Webserver Environm...\n    <table border="0">>>>\x00\x00\x00\x00\x00\x00\x00\x00\x00...\x00\x00\x00\x00\x00\x00\x00})
[DEBUG] write(array) s=OPEN,api=BLOCKING,sc=false,e=null aggregated !flush DirectByteBuffer@341ca971[p=0,l=235,c=32768,r=235]={<<<<title>Webserver Environm...\n    <table border="0">>>><tr><th>M...gue. Pr}
[DEBUG] write(array HeapByteBuffer@38ce4d5f[p=0,l=37,c=512,r=37]={<<<<tr><th>Method</th><td>POST</td></tr>>>>s</title>...\x00\x00\x00\x00\x00\x00\x00})
[DEBUG] write(array) s=OPEN,api=BLOCKING,sc=false,e=null aggregated !flush DirectByteBuffer@341ca971[p=0,l=272,c=32768,r=272]={<<<<title>Webserver Environm...</th><td>POST</td></tr>>>>\n<tr><th>...gue. Pr}
[DEBUG] write(array HeapByteBuffer@41e908ad[p=0,l=1,c=512,r=1]={<<<\n>>>tr><th>Me...\x00\x00\x00\x00\x00\x00\x00})
[DEBUG] write(array) s=OPEN,api=BLOCKING,sc=false,e=null aggregated !flush DirectByteBuffer@341ca971[p=0,l=273,c=32768,r=273]={<<<<title>Webserver Environm.../th><td>POST</td></tr>\n>>><tr><th>R...gue. Pr}
[DEBUG] write(array HeapByteBuffer@fc503b9[p=0,l=50,c=512,r=50]={<<<<tr><th>Request URI</th><...>/EchoServlet</td></tr>>>> <style t...\x00\x00\x00\x00\x00\x00\x00})
[DEBUG] write(array) s=OPEN,api=BLOCKING,sc=false,e=null aggregated !flush DirectByteBuffer@341ca971[p=0,l=323,c=32768,r=323]={<<<<title>Webserver Environm...>/EchoServlet</td></tr>>>>\n<tr><th>...gue. Pr}
[DEBUG] write(array HeapByteBuffer@1055a018[p=0,l=1,c=512,r=1]={<<<\n>>>tr><th>Re...\x00\x00\x00\x00\x00\x00\x00})
[DEBUG] write(array) s=OPEN,api=BLOCKING,sc=false,e=null aggregated !flush DirectByteBuffer@341ca971[p=0,l=324,c=32768,r=324]={<<<<title>Webserver Environm.../EchoServlet</td></tr>\n>>><tr><th>Q...gue. Pr}
[DEBUG] write(array HeapByteBuffer@5abba3f8[p=0,l=39,c=512,r=39]={<<<<tr><th>Query String</th><td></td></tr>>>>t</td></t...\x00\x00\x00\x00\x00\x00\x00})
[DEBUG] write(array) s=OPEN,api=BLOCKING,sc=false,e=null aggregated !flush DirectByteBuffer@341ca971[p=0,l=363,c=32768,r=363]={<<<<title>Webserver Environm...ring</th><td></td></tr>>>>p&amp;una...gue. Pr}
[DEBUG] write(array HeapByteBuffer@531e7462[p=0,l=1,c=512,r=1]={<<<\n>>>tr><th>Qu...\x00\x00\x00\x00\x00\x00\x00})
[DEBUG] write(array) s=OPEN,api=BLOCKING,sc=false,e=null aggregated !flush DirectByteBuffer@341ca971[p=0,l=364,c=32768,r=364]={<<<<title>Webserver Environm...ing</th><td></td></tr>\n>>>&amp;unam...gue. Pr}
[DEBUG] write(array HeapByteBuffer@74617d73[p=0,l=85,c=512,r=85]={<<<<tr><th>Accept</th><td>te....2, */*; q=.2</td></tr>>>>, td, th ...\x00\x00\x00\x00\x00\x00\x00})
[DEBUG] write(array) s=OPEN,api=BLOCKING,sc=false,e=null aggregated !flush DirectByteBuffer@341ca971[p=0,l=449,c=32768,r=449]={<<<<title>Webserver Environm....2, */*; q=.2</td></tr>>>>t</th><td...gue. Pr}
[DEBUG] write(array HeapByteBuffer@49094687[p=0,l=1,c=512,r=1]={<<<\n>>>tr><th>Ac...\x00\x00\x00\x00\x00\x00\x00})
[DEBUG] write(array) s=OPEN,api=BLOCKING,sc=false,e=null aggregated !flush DirectByteBuffer@341ca971[p=0,l=450,c=32768,r=450]={<<<<title>Webserver Environm...2, */*; q=.2</td></tr>\n>>></th><td>...gue. Pr}
[DEBUG] write(array HeapByteBuffer@4eaa883d[p=0,l=158,c=512,r=158]={<<<<tr><th>User-Agent</th><t...Safari/537.36</td></tr>>>>th {font-...\x00\x00\x00\x00\x00\x00\x00})
[DEBUG] write(array) s=OPEN,api=BLOCKING,sc=false,e=null aggregated !flush DirectByteBuffer@341ca971[p=0,l=608,c=32768,r=608]={<<<<title>Webserver Environm...Safari/537.36</td></tr>>>>/537.36 (...gue. Pr}
[DEBUG] write(array HeapByteBuffer@6e3758ee[p=0,l=1,c=512,r=1]={<<<\n>>>tr><th>Us...\x00\x00\x00\x00\x00\x00\x00})
[DEBUG] write(array) s=OPEN,api=BLOCKING,sc=false,e=null aggregated !flush DirectByteBuffer@341ca971[p=0,l=609,c=32768,r=609]={<<<<title>Webserver Environm...afari/537.36</td></tr>\n>>>537.36 (K...gue. Pr}
[DEBUG] write(array HeapByteBuffer@11c23abe[p=0,l=47,c=512,r=47]={<<<<tr><th>Connection</th><td>keep-alive</td></tr>>>>sh; Intel...\x00\x00\x00\x00\x00\x00\x00})
[DEBUG] write(array) s=OPEN,api=BLOCKING,sc=false,e=null aggregated !flush DirectByteBuffer@341ca971[p=0,l=656,c=32768,r=656]={<<<<title>Webserver Environm...td>keep-alive</td></tr>>>> Safari/5...gue. Pr}
[DEBUG] write(array HeapByteBuffer@12fc7b7f[p=0,l=1,c=512,r=1]={<<<\n>>>tr><th>Co...\x00\x00\x00\x00\x00\x00\x00})
[DEBUG] write(array) s=OPEN,api=BLOCKING,sc=false,e=null aggregated !flush DirectByteBuffer@341ca971[p=0,l=657,c=32768,r=657]={<<<<title>Webserver Environm...d>keep-alive</td></tr>\n>>>Safari/53...gue. Pr}
[DEBUG] write(array HeapByteBuffer@80df27d[p=0,l=46,c=512,r=46]={<<<<tr><th>Host</th><td>localhost:35372</td></tr>>>>>sh; Inte...\x00\x00\x00\x00\x00\x00\x00})
[DEBUG] write(array) s=OPEN,api=BLOCKING,sc=false,e=null aggregated !flush DirectByteBuffer@341ca971[p=0,l=703,c=32768,r=703]={<<<<title>Webserver Environm...calhost:35372</td></tr>>>>><td>keep...gue. Pr}
[DEBUG] write(array HeapByteBuffer@5c292bba[p=0,l=1,c=512,r=1]={<<<\n>>>tr><th>Ho...\x00\x00\x00\x00\x00\x00\x00})
[DEBUG] write(array) s=OPEN,api=BLOCKING,sc=false,e=null aggregated !flush DirectByteBuffer@341ca971[p=0,l=704,c=32768,r=704]={<<<<title>Webserver Environm...alhost:35372</td></tr>\n>>><td>keep-...gue. Pr}
[DEBUG] write(array HeapByteBuffer@5c3eed4b[p=0,l=46,c=512,r=46]={<<<<tr><th>Accept-Encoding</th><td>gzip</td></tr>>>>>sh; Inte...\x00\x00\x00\x00\x00\x00\x00})
[DEBUG] write(array) s=OPEN,api=BLOCKING,sc=false,e=null aggregated !flush DirectByteBuffer@341ca971[p=0,l=750,c=32768,r=750]={<<<<title>Webserver Environm...</th><td>gzip</td></tr>>>>localhost...gue. Pr}
[DEBUG] write(array HeapByteBuffer@2de85230[p=0,l=1,c=512,r=1]={<<<\n>>>tr><th>Ac...\x00\x00\x00\x00\x00\x00\x00})
[DEBUG] write(array) s=OPEN,api=BLOCKING,sc=false,e=null aggregated !flush DirectByteBuffer@341ca971[p=0,l=751,c=32768,r=751]={<<<<title>Webserver Environm.../th><td>gzip</td></tr>\n>>>ocalhost:...gue. Pr}
[DEBUG] write(array HeapByteBuffer@4a11d3ea[p=0,l=43,c=512,r=43]={<<<<tr><th>Content-Length</th><td>11</td></tr>>>>tr>>sh; I...\x00\x00\x00\x00\x00\x00\x00})
[DEBUG] write(array) s=OPEN,api=BLOCKING,sc=false,e=null aggregated !flush DirectByteBuffer@341ca971[p=0,l=794,c=32768,r=794]={<<<<title>Webserver Environm...th</th><td>11</td></tr>>>>oding</th...gue. Pr}
[DEBUG] write(array HeapByteBuffer@5ff055e9[p=0,l=1,c=512,r=1]={<<<\n>>>tr><th>Co...\x00\x00\x00\x00\x00\x00\x00})
[DEBUG] write(array) s=OPEN,api=BLOCKING,sc=false,e=null aggregated !flush DirectByteBuffer@341ca971[p=0,l=795,c=32768,r=795]={<<<<title>Webserver Environm...h</th><td>11</td></tr>\n>>>ding</th>...gue. Pr}
[DEBUG] write(array HeapByteBuffer@748fafe9[p=0,l=49,c=512,r=49]={<<<<tr><th>Content-Type</th>...td>text/plain</td></tr>>>>; Intel M...\x00\x00\x00\x00\x00\x00\x00})
[DEBUG] write(array) s=OPEN,api=BLOCKING,sc=false,e=null aggregated !flush DirectByteBuffer@341ca971[p=0,l=844,c=32768,r=844]={<<<<title>Webserver Environm...td>text/plain</td></tr>>>>h</th><td...gue. Pr}
[DEBUG] write(array HeapByteBuffer@1b991a9a[p=0,l=1,c=512,r=1]={<<<\n>>>tr><th>Co...\x00\x00\x00\x00\x00\x00\x00})
[DEBUG] write(array) s=OPEN,api=BLOCKING,sc=false,e=null aggregated !flush DirectByteBuffer@341ca971[p=0,l=845,c=32768,r=845]={<<<<title>Webserver Environm...d>text/plain</td></tr>\n>>></th><td>...gue. Pr}
[DEBUG] HttpConnection@3e7171e5::SocketChannelEndPoint@3d491fad{l=/127.0.0.1:35372,r=/127.0.0.1:60190,OPEN,fill=-,flush=-,to=2/30000}{io=0/0,kio=0,kro=1}->HttpConnection@3e7171e5[p=HttpParser{s=CONTENT,0 of 11},g=HttpGenerator@274dcaa5{s=START}]=>HttpChannelOverHttp@36eb5f45{s=HttpChannelState@23232c72{s=HANDLING rs=BLOCKING os=OPEN is=IDLE awp=false se=false i=true al=0},r=2,c=false/false,a=HANDLING,uri=//localhost:35372/EchoServlet,age=1} parse HeapByteBuffer@1ef04a69[p=343,l=354,c=8192,r=11]={POST /Ech... 11\r\n\r\n<<<{key:value}>>>; q=.2\r\nC...\x00\x00\x00\x00\x00\x00\x00} {}
[DEBUG] parseNext s=CONTENT HeapByteBuffer@1ef04a69[p=343,l=354,c=8192,r=11]={POST /Ech... 11\r\n\r\n<<<{key:value}>>>; q=.2\r\nC...\x00\x00\x00\x00\x00\x00\x00}
[DEBUG] onContent HttpChannelOverHttp@36eb5f45{s=HttpChannelState@23232c72{s=HANDLING rs=BLOCKING os=OPEN is=IDLE awp=false se=false i=true al=0},r=2,c=false/false,a=HANDLING,uri=//localhost:35372/EchoServlet,age=1} Content@5fd30480{HeapByteBufferR@2d14d8e[p=343,l=354,c=8192,r=11]={POST /Ech... 11\r\n\r\n<<<{key:value}>>>; q=.2\r\nC...\x00\x00\x00\x00\x00\x00\x00}}
[DEBUG] flushed 1200 SocketChannelEndPoint@66ad315b{l=/127.0.0.1:35372,r=/127.0.0.1:60194,OPEN,fill=-,flush=W,to=27/30000}{io=0/0,kio=0,kro=1}->HttpConnection@477f4c37[p=HttpParser{s=CONTENT,0 of -1},g=HttpGenerator@15c4e26{s=COMMITTED}]=>HttpChannelOverHttp@2f7cc7c9{s=HttpChannelState@b7bc396{s=HANDLING rs=BLOCKING os=COMMITTED is=IDLE awp=false se=false i=true al=0},r=7,c=false/false,a=HANDLING,uri=//localhost:35372/FileServlet/htmltests/thumb.jpg?contentType=image%2Fjpeg,age=27}
[DEBUG] Flushed=true written=1200 remaining=0 WriteFlusher@7c7fee4b{WRITING}->null
[DEBUG] update WriteFlusher@7c7fee4b{IDLE}->null:WRITING-->IDLE
[DEBUG] generate: DONE for SendCallback@546dc99c[PROCESSING][i=HTTP/1.1{s=200,h=2,cl=-1},cb=org.eclipse.jetty.server.HttpChannel$SendCallback@7c97cf4c] ([p=148,l=148,c=8192,r=0],[p=1052,l=1052,c=32768,r=0],false)@COMMITTED
[DEBUG] onWriteComplete(false,null) s=OPEN,api=BLOCKED,sc=false,e=null->s=OPEN,api=BLOCKING,sc=false,e=null c=null cb=null w=false
[DEBUG] handled=true async=false committed=true on HttpChannelOverHttp@2f7cc7c9{s=HttpChannelState@b7bc396{s=HANDLING rs=BLOCKING os=COMMITTED is=IDLE awp=false se=false i=true al=0},r=7,c=false/false,a=HANDLING,uri=//localhost:35372/FileServlet/htmltests/thumb.jpg?contentType=image%2Fjpeg,age=27}
[DEBUG] unhandle HttpChannelState@b7bc396{s=HANDLING rs=BLOCKING os=COMMITTED is=IDLE awp=false se=false i=true al=0}
[DEBUG] nextAction(false) COMPLETE HttpChannelState@b7bc396{s=HANDLING rs=COMPLETING os=COMMITTED is=IDLE awp=false se=false i=false al=0}
[DEBUG] action COMPLETE HttpChannelOverHttp@2f7cc7c9{s=HttpChannelState@b7bc396{s=HANDLING rs=COMPLETING os=COMMITTED is=IDLE awp=false se=false i=false al=0},r=7,c=false/false,a=HANDLING,uri=//localhost:35372/FileServlet/htmltests/thumb.jpg?contentType=image%2Fjpeg,age=27}
[DEBUG] complete(org.eclipse.jetty.util.Callback$3@403ca657) s=CLOSING,api=BLOCKED,sc=false,e=null s=false e=null, c=HeapByteBuffer@13dae45a[p=0,l=0,c=0,r=0]={<<<>>>}
[DEBUG] sendResponse info=null content=HeapByteBuffer@13dae45a[p=0,l=0,c=0,r=0]={<<<>>>} complete=true committing=false callback=org.eclipse.jetty.server.HttpOutput$WriteCompleteCB@4d85428b
[DEBUG] generate: CONTINUE for SendCallback@546dc99c[PROCESSING][i=null,cb=org.eclipse.jetty.server.HttpChannel$SendCallback@5f038dac] (null,[p=0,l=0,c=0,r=0],true)@COMPLETING
[DEBUG] generate: NEED_CHUNK for SendCallback@546dc99c[PROCESSING][i=null,cb=org.eclipse.jetty.server.HttpChannel$SendCallback@5f038dac] (null,[p=0,l=0,c=0,r=0],true)@COMPLETING
[DEBUG] generate: FLUSH for SendCallback@546dc99c[PROCESSING][i=null,cb=org.eclipse.jetty.server.HttpChannel$SendCallback@5f038dac] (null,[p=0,l=0,c=0,r=0],true)@COMPLETING
[DEBUG] write: WriteFlusher@7c7fee4b{IDLE}->null [HeapByteBuffer@2ed6021b[p=0,l=7,c=1024,r=7]={<<<\r\n0\r\n\r\n>>>\n\x00\x00\x00\x00\x00\x00\x00\x00...\x00\x00\x00\x00\x00\x00\x00}]
[DEBUG] update WriteFlusher@7c7fee4b{WRITING}->null:IDLE-->WRITING
[DEBUG] flushed 7 SocketChannelEndPoint@66ad315b{l=/127.0.0.1:35372,r=/127.0.0.1:60194,OPEN,fill=-,flush=W,to=0/30000}{io=0/0,kio=0,kro=1}->HttpConnection@477f4c37[p=HttpParser{s=CONTENT,0 of -1},g=HttpGenerator@15c4e26{s=COMPLETING}]=>HttpChannelOverHttp@2f7cc7c9{s=HttpChannelState@b7bc396{s=HANDLING rs=COMPLETING os=COMMITTED is=IDLE awp=false se=false i=false al=0},r=7,c=false/false,a=HANDLING,uri=//localhost:35372/FileServlet/htmltests/thumb.jpg?contentType=image%2Fjpeg,age=27}
[DEBUG] Flushed=true written=7 remaining=0 WriteFlusher@7c7fee4b{WRITING}->null
[DEBUG] update WriteFlusher@7c7fee4b{IDLE}->null:WRITING-->IDLE
[DEBUG] generate: DONE for SendCallback@546dc99c[PROCESSING][i=null,cb=org.eclipse.jetty.server.HttpChannel$SendCallback@5f038dac] (null,[p=0,l=0,c=0,r=0],true)@END
[DEBUG] onWriteComplete(true,null) s=CLOSING,api=BLOCKED,sc=false,e=null->s=CLOSED,api=BLOCKING,sc=false,e=null c=null cb=org.eclipse.jetty.util.Callback$3@403ca657 w=false
[DEBUG] completed HttpChannelState@b7bc396{s=HANDLING rs=COMPLETING os=COMPLETED is=IDLE awp=false se=false i=false al=0}
[DEBUG] unhandle HttpChannelState@b7bc396{s=HANDLING rs=COMPLETED os=COMPLETED is=IDLE awp=false se=false i=false al=0}
[DEBUG] nextAction(false) TERMINATED HttpChannelState@b7bc396{s=IDLE rs=COMPLETED os=COMPLETED is=IDLE awp=false se=false i=false al=0}
[DEBUG] action TERMINATED HttpChannelOverHttp@2f7cc7c9{s=HttpChannelState@b7bc396{s=IDLE rs=COMPLETED os=COMPLETED is=IDLE awp=false se=false i=false al=0},r=7,c=true/true,a=IDLE,uri=//localhost:35372/FileServlet/htmltests/thumb.jpg?contentType=image%2Fjpeg,age=28}
[DEBUG] onCompleted for /FileServlet/htmltests/thumb.jpg written=1052
[DEBUG] shutdownInput SocketChannelEndPoint@66ad315b{l=/127.0.0.1:35372,r=/127.0.0.1:60194,OPEN,fill=-,flush=-,to=0/30000}{io=0/0,kio=0,kro=1}->HttpConnection@477f4c37[p=HttpParser{s=CONTENT,0 of -1},g=HttpGenerator@15c4e26{s=END}]=>HttpChannelOverHttp@2f7cc7c9{s=HttpChannelState@b7bc396{s=IDLE rs=COMPLETED os=COMPLETED is=IDLE awp=false se=false i=false al=0},r=7,c=true/true,a=IDLE,uri=//localhost:35372/FileServlet/htmltests/thumb.jpg?contentType=image%2Fjpeg,age=28}
[DEBUG] filled -1 HeapByteBuffer@2a66826a[p=0,l=0,c=8192,r=0]={<<<>>>HTTP/1.1 ...\x86&h\xA0{\xC1\xC2}
[DEBUG] atEOF HttpParser{s=CONTENT,0 of -1}
[DEBUG] HttpConnection@477f4c37::SocketChannelEndPoint@66ad315b{l=/127.0.0.1:35372,r=/127.0.0.1:60194,ISHUT,fill=-,flush=-,to=0/30000}{io=0/0,kio=0,kro=1}->HttpConnection@477f4c37[p=HttpParser{s=CONTENT,0 of -1},g=HttpGenerator@15c4e26{s=END}]=>HttpChannelOverHttp@2f7cc7c9{s=HttpChannelState@b7bc396{s=IDLE rs=COMPLETED os=COMPLETED is=IDLE awp=false se=false i=false al=0},r=7,c=true/true,a=IDLE,uri=//localhost:35372/FileServlet/htmltests/thumb.jpg?contentType=image%2Fjpeg,age=28} filled -1 HeapByteBuffer@2a66826a[p=0,l=0,c=8192,r=0]={<<<>>>HTTP/1.1 ...\x86&h\xA0{\xC1\xC2}
[DEBUG] HttpConnection@477f4c37::SocketChannelEndPoint@66ad315b{l=/127.0.0.1:35372,r=/127.0.0.1:60194,ISHUT,fill=-,flush=-,to=0/30000}{io=0/0,kio=0,kro=1}->HttpConnection@477f4c37[p=HttpParser{s=CONTENT,0 of -1},g=HttpGenerator@15c4e26{s=END}]=>HttpChannelOverHttp@2f7cc7c9{s=HttpChannelState@b7bc396{s=IDLE rs=COMPLETED os=COMPLETED is=IDLE awp=false se=false i=false al=0},r=7,c=true/true,a=IDLE,uri=//localhost:35372/FileServlet/htmltests/thumb.jpg?contentType=image%2Fjpeg,age=28} parse HeapByteBuffer@2a66826a[p=0,l=0,c=8192,r=0]={<<<>>>HTTP/1.1 ...\x86&h\xA0{\xC1\xC2} {}
[DEBUG] parseNext s=CONTENT HeapByteBuffer@2a66826a[p=0,l=0,c=8192,r=0]={<<<>>>HTTP/1.1 ...\x86&h\xA0{\xC1\xC2}
[DEBUG] CONTENT --> CONTENT_END
[DEBUG] onContentComplete HttpChannelOverHttp@2f7cc7c9{s=HttpChannelState@b7bc396{s=IDLE rs=COMPLETED os=COMPLETED is=IDLE awp=false se=false i=false al=0},r=7,c=true/true,a=IDLE,uri=//localhost:35372/FileServlet/htmltests/thumb.jpg?contentType=image%2Fjpeg,age=28}
[DEBUG] CONTENT_END --> END
[DEBUG] onRequestComplete HttpChannelOverHttp@2f7cc7c9{s=HttpChannelState@b7bc396{s=IDLE rs=COMPLETED os=COMPLETED is=IDLE awp=false se=false i=false al=0},r=7,c=true/true,a=IDLE,uri=//localhost:35372/FileServlet/htmltests/thumb.jpg?contentType=image%2Fjpeg,age=28}
[DEBUG] HttpInputOverHTTP@2a8490dd[c=0,q=0,[0]=null,s=STREAM] addContent EOF
[DEBUG] END --> CLOSED
[DEBUG] HttpConnection@477f4c37::SocketChannelEndPoint@66ad315b{l=/127.0.0.1:35372,r=/127.0.0.1:60194,ISHUT,fill=-,flush=-,to=0/30000}{io=0/0,kio=0,kro=1}->HttpConnection@477f4c37[p=HttpParser{s=CLOSED,0 of -1},g=HttpGenerator@15c4e26{s=END}]=>HttpChannelOverHttp@2f7cc7c9{s=HttpChannelState@b7bc396{s=IDLE rs=COMPLETED os=COMPLETED is=IDLE awp=false se=false i=false al=0},r=7,c=true/true,a=IDLE,uri=//localhost:35372/FileServlet/htmltests/thumb.jpg?contentType=image%2Fjpeg,age=28} parsed false HttpParser{s=CLOSED,0 of -1}
[DEBUG] releaseRequestBuffer HttpConnection@477f4c37::SocketChannelEndPoint@66ad315b{l=/127.0.0.1:35372,r=/127.0.0.1:60194,ISHUT,fill=-,flush=-,to=0/30000}{io=0/0,kio=0,kro=1}->HttpConnection@477f4c37[p=HttpParser{s=CLOSED,0 of -1},g=HttpGenerator@15c4e26{s=END}]=>HttpChannelOverHttp@2f7cc7c9{s=HttpChannelState@b7bc396{s=IDLE rs=COMPLETED os=COMPLETED is=IDLE awp=false se=false i=false al=0},r=7,c=true/true,a=IDLE,uri=//localhost:35372/FileServlet/htmltests/thumb.jpg?contentType=image%2Fjpeg,age=28}
[DEBUG] recycle HttpChannelState@b7bc396{s=IDLE rs=COMPLETED os=COMPLETED is=IDLE awp=false se=false i=false al=0}
[DEBUG] !handle TERMINATED HttpChannelOverHttp@2f7cc7c9{s=HttpChannelState@b7bc396{s=IDLE rs=BLOCKING os=OPEN is=IDLE awp=false se=false i=true al=0},r=7,c=false/false,a=IDLE,uri=null,age=0}
[DEBUG] atEOF HttpParser{s=CLOSED,0 of -1}
[DEBUG] HttpConnection@477f4c37::SocketChannelEndPoint@66ad315b{l=/127.0.0.1:35372,r=/127.0.0.1:60194,ISHUT,fill=-,flush=-,to=1/30000}{io=0/0,kio=0,kro=1}->HttpConnection@477f4c37[p=HttpParser{s=CLOSED,0 of -1},g=HttpGenerator@15c4e26{s=START}]=>HttpChannelOverHttp@2f7cc7c9{s=HttpChannelState@b7bc396{s=IDLE rs=BLOCKING os=OPEN is=IDLE awp=false se=false i=true al=0},r=7,c=false/false,a=IDLE,uri=null,age=0} filled -1 HeapByteBuffer@460916c[p=0,l=0,c=8192,r=0]={<<<>>>HTTP/1.1 ...\x00\x00\x00\x00\x00\x00\x00}
[DEBUG] HttpConnection@477f4c37::SocketChannelEndPoint@66ad315b{l=/127.0.0.1:35372,r=/127.0.0.1:60194,ISHUT,fill=-,flush=-,to=1/30000}{io=0/0,kio=0,kro=1}->HttpConnection@477f4c37[p=HttpParser{s=CLOSED,0 of -1},g=HttpGenerator@15c4e26{s=START}]=>HttpChannelOverHttp@2f7cc7c9{s=HttpChannelState@b7bc396{s=IDLE rs=BLOCKING os=OPEN is=IDLE awp=false se=false i=true al=0},r=7,c=false/false,a=IDLE,uri=null,age=0} parse HeapByteBuffer@460916c[p=0,l=0,c=8192,r=0]={<<<>>>HTTP/1.1 ...\x00\x00\x00\x00\x00\x00\x00} {}
[DEBUG] parseNext s=CLOSED HeapByteBuffer@460916c[p=0,l=0,c=8192,r=0]={<<<>>>HTTP/1.1 ...\x00\x00\x00\x00\x00\x00\x00}
[DEBUG] HttpConnection@477f4c37::SocketChannelEndPoint@66ad315b{l=/127.0.0.1:35372,r=/127.0.0.1:60194,ISHUT,fill=-,flush=-,to=1/30000}{io=0/0,kio=0,kro=1}->HttpConnection@477f4c37[p=HttpParser{s=CLOSED,0 of -1},g=HttpGenerator@15c4e26{s=START}]=>HttpChannelOverHttp@2f7cc7c9{s=HttpChannelState@b7bc396{s=IDLE rs=BLOCKING os=OPEN is=IDLE awp=false se=false i=true al=0},r=7,c=false/false,a=IDLE,uri=null,age=0} parsed false HttpParser{s=CLOSED,0 of -1}
[DEBUG] releaseRequestBuffer HttpConnection@477f4c37::SocketChannelEndPoint@66ad315b{l=/127.0.0.1:35372,r=/127.0.0.1:60194,ISHUT,fill=-,flush=-,to=1/30000}{io=0/0,kio=0,kro=1}->HttpConnection@477f4c37[p=HttpParser{s=CLOSED,0 of -1},g=HttpGenerator@15c4e26{s=START}]=>HttpChannelOverHttp@2f7cc7c9{s=HttpChannelState@b7bc396{s=IDLE rs=BLOCKING os=OPEN is=IDLE awp=false se=false i=true al=0},r=7,c=false/false,a=IDLE,uri=null,age=0}
[DEBUG] shutdownOutput SocketChannelEndPoint@66ad315b{l=/127.0.0.1:35372,r=/127.0.0.1:60194,ISHUT,fill=-,flush=-,to=1/30000}{io=0/0,kio=0,kro=1}->HttpConnection@477f4c37[p=HttpParser{s=CLOSED,0 of -1},g=HttpGenerator@15c4e26{s=START}]=>HttpChannelOverHttp@2f7cc7c9{s=HttpChannelState@b7bc396{s=IDLE rs=BLOCKING os=OPEN is=IDLE awp=false se=false i=true al=0},r=7,c=false/false,a=IDLE,uri=null,age=0}
[DEBUG] doClose SocketChannelEndPoint@66ad315b{l=/127.0.0.1:35372,r=/127.0.0.1:60194,CLOSED,fill=-,flush=-,to=1/30000}{io=0/0,kio=0,kro=1}->HttpConnection@477f4c37[p=HttpParser{s=CLOSED,0 of -1},g=HttpGenerator@15c4e26{s=START}]=>HttpChannelOverHttp@2f7cc7c9{s=HttpChannelState@b7bc396{s=IDLE rs=BLOCKING os=OPEN is=IDLE awp=false se=false i=true al=0},r=7,c=false/false,a=IDLE,uri=null,age=0}
[DEBUG] onClose FillInterest@546e5ae8{null}
[DEBUG] Wakeup ManagedSelector@72cf2de5{STARTED} id=0 keys=4 selected=0 updates=0
[DEBUG] HttpInputOverHTTP@376cf161[c=0,q=0,[0]=null,s=STREAM] addContent Content@5fd30480{HeapByteBufferR@2d14d8e[p=343,l=354,c=8192,r=11]={POST /Ech... 11\r\n\r\n<<<{key:value}>>>; q=.2\r\nC...\x00\x00\x00\x00\x00\x00\x00}}
[DEBUG] CONTENT --> CONTENT_END
[DEBUG] onContentComplete HttpChannelOverHttp@36eb5f45{s=HttpChannelState@23232c72{s=HANDLING rs=BLOCKING os=OPEN is=IDLE awp=false se=false i=true al=0},r=2,c=false/false,a=HANDLING,uri=//localhost:35372/EchoServlet,age=14}
[DEBUG] CONTENT_END --> END
[DEBUG] onRequestComplete HttpChannelOverHttp@36eb5f45{s=HttpChannelState@23232c72{s=HANDLING rs=BLOCKING os=OPEN is=IDLE awp=false se=false i=true al=0},r=2,c=false/false,a=HANDLING,uri=//localhost:35372/EchoServlet,age=14}
[DEBUG] HttpInputOverHTTP@376cf161[c=0,q=1,[0]=EOF,s=STREAM] addContent EOF
[DEBUG] HttpConnection@3e7171e5::SocketChannelEndPoint@3d491fad{l=/127.0.0.1:35372,r=/127.0.0.1:60190,OPEN,fill=-,flush=-,to=14/30000}{io=0/0,kio=0,kro=1}->HttpConnection@3e7171e5[p=HttpParser{s=END,11 of 11},g=HttpGenerator@274dcaa5{s=START}]=>HttpChannelOverHttp@36eb5f45{s=HttpChannelState@23232c72{s=HANDLING rs=BLOCKING os=OPEN is=IDLE awp=false se=false i=true al=0},r=2,c=false/false,a=HANDLING,uri=//localhost:35372/EchoServlet,age=14} parsed false HttpParser{s=END,11 of 11}
[DEBUG] HttpInputOverHTTP@376cf161[c=11,q=1,[0]=EOF,s=STREAM] read 11 from Content@5fd30480{HeapByteBufferR@2d14d8e[p=354,l=354,c=8192,r=0]={POST /Ech...:value}<<<>>>; q=.2\r\nC...\x00\x00\x00\x00\x00\x00\x00}}
[DEBUG] releaseRequestBuffer HttpConnection@3e7171e5::SocketChannelEndPoint@3d491fad{l=/127.0.0.1:35372,r=/127.0.0.1:60190,OPEN,fill=-,flush=-,to=14/30000}{io=0/0,kio=0,kro=1}->HttpConnection@3e7171e5[p=HttpParser{s=END,11 of 11},g=HttpGenerator@274dcaa5{s=START}]=>HttpChannelOverHttp@36eb5f45{s=HttpChannelState@23232c72{s=HANDLING rs=BLOCKING os=OPEN is=IDLE awp=false se=false i=true al=0},r=2,c=false/false,a=HANDLING,uri=//localhost:35372/EchoServlet,age=14}
[DEBUG] onEof HttpChannelState@23232c72{s=HANDLING rs=BLOCKING os=OPEN is=IDLE awp=false se=false i=true al=0}
[DEBUG] write(array HeapByteBuffer@ba85ada[p=0,l=47,c=512,r=47]={<<<<tr><th>Post Data</th><td>{key:value}</td></tr>>>>r>; Intel...\x00\x00\x00\x00\x00\x00\x00})
[DEBUG] write(array) s=OPEN,api=BLOCKING,sc=false,e=null aggregated !flush DirectByteBuffer@341ca971[p=0,l=892,c=32768,r=892]={<<<<title>Webserver Environm...d>{key:value}</td></tr>>>><td>text/...gue. Pr}
[DEBUG] write(array HeapByteBuffer@58b6ccff[p=0,l=1,c=512,r=1]={<<<\n>>>tr><th>Po...\x00\x00\x00\x00\x00\x00\x00})
[DEBUG] write(array) s=OPEN,api=BLOCKING,sc=false,e=null aggregated !flush DirectByteBuffer@341ca971[p=0,l=893,c=32768,r=893]={<<<<title>Webserver Environm...>{key:value}</td></tr>\n>>>td>text/p...gue. Pr}
[DEBUG] write(array HeapByteBuffer@1f86246d[p=0,l=8,c=512,r=8]={<<<</table>>>>Post Data...\x00\x00\x00\x00\x00\x00\x00})
[DEBUG] write(array) s=OPEN,api=BLOCKING,sc=false,e=null aggregated !flush DirectByteBuffer@341ca971[p=0,l=901,c=32768,r=901]={<<<<title>Webserver Environm...lue}</td></tr>\n</table>>>>plain</td...gue. Pr}
[DEBUG] write(array HeapByteBuffer@17b3a72e[p=0,l=1,c=512,r=1]={<<<\n>>>/table>Po...\x00\x00\x00\x00\x00\x00\x00})
[DEBUG] write(array) s=OPEN,api=BLOCKING,sc=false,e=null aggregated !flush DirectByteBuffer@341ca971[p=0,l=902,c=32768,r=902]={<<<<title>Webserver Environm...ue}</td></tr>\n</table>\n>>>lain</td>...gue. Pr}
[DEBUG] handled=true async=false committed=false on HttpChannelOverHttp@36eb5f45{s=HttpChannelState@23232c72{s=HANDLING rs=BLOCKING os=OPEN is=READY awp=false se=false i=true al=0},r=2,c=false/false,a=HANDLING,uri=//localhost:35372/EchoServlet,age=14}
[DEBUG] unhandle HttpChannelState@23232c72{s=HANDLING rs=BLOCKING os=OPEN is=READY awp=false se=false i=true al=0}
[DEBUG] nextAction(false) COMPLETE HttpChannelState@23232c72{s=HANDLING rs=COMPLETING os=OPEN is=READY awp=false se=false i=false al=0}
[DEBUG] action COMPLETE HttpChannelOverHttp@36eb5f45{s=HttpChannelState@23232c72{s=HANDLING rs=COMPLETING os=OPEN is=READY awp=false se=false i=false al=0},r=2,c=false/false,a=HANDLING,uri=//localhost:35372/EchoServlet,age=14}
[DEBUG] complete(org.eclipse.jetty.util.Callback$3@5e044188) s=CLOSING,api=BLOCKED,sc=false,e=null s=false e=null, c=DirectByteBuffer@341ca971[p=0,l=902,c=32768,r=902]={<<<<title>Webserver Environm...ue}</td></tr>\n</table>\n>>>lain</td>...gue. Pr}
[DEBUG] sendResponse info=null content=DirectByteBuffer@341ca971[p=0,l=902,c=32768,r=902]={<<<<title>Webserver Environm...ue}</td></tr>\n</table>\n>>>lain</td>...gue. Pr} complete=true committing=true callback=org.eclipse.jetty.server.HttpOutput$WriteCompleteCB@30bbaf83
[DEBUG] COMMIT for /EchoServlet on HttpChannelOverHttp@36eb5f45{s=HttpChannelState@23232c72{s=HANDLING rs=COMPLETING os=COMMITTED is=READY awp=false se=false i=false al=0},r=2,c=false/false,a=HANDLING,uri=//localhost:35372/EchoServlet,age=14}
200 null HTTP/1.1
Date: Tue, 28 Sep 2021 06:03:32 GMT
Content-Type: text/html;charset=utf-8
Cache-Control: no-cache
Cache-Control: no-store


[DEBUG] generate: NEED_HEADER for SendCallback@410c6bef[PROCESSING][i=HTTP/1.1{s=200,h=4,cl=-1},cb=org.eclipse.jetty.server.HttpChannel$SendCallback@1e3040b5] (null,[p=0,l=902,c=32768,r=902],true)@START
[DEBUG] generateHeaders HTTP/1.1{s=200,h=4,cl=-1} last=true content=DirectByteBuffer@341ca971[p=0,l=902,c=32768,r=902]={<<<<title>Webserver Environm...ue}</td></tr>\n</table>\n>>>lain</td>...gue. Pr}
[DEBUG] Date: Tue, 28 Sep 2021 06:03:32 GMT
Content-Type: text/html;charset=utf-8
Cache-Control: no-cache
Cache-Control: no-store


[DEBUG] CONTENT_LENGTH
[DEBUG] generate: FLUSH for SendCallback@410c6bef[PROCESSING][i=HTTP/1.1{s=200,h=4,cl=-1},cb=org.eclipse.jetty.server.HttpChannel$SendCallback@1e3040b5] ([p=0,l=199,c=8192,r=199],[p=0,l=902,c=32768,r=902],true)@COMPLETING
[DEBUG] write: WriteFlusher@2071150d{IDLE}->null [HeapByteBuffer@2a66826a[p=0,l=199,c=8192,r=199]={<<<HTTP/1.1 200 OK\r\nDate: Tu...y(9.4.43.v20210629)\r\n\r\n>>>ome/79.0....\x86&h\xA0{\xC1\xC2},DirectByteBuffer@341ca971[p=0,l=902,c=32768,r=902]={<<<<title>Webserver Environm...ue}</td></tr>\n</table>\n>>>lain</td>...gue. Pr}]
[DEBUG] update WriteFlusher@2071150d{WRITING}->null:IDLE-->WRITING
]]></system-out>
  </testcase>
  <testcase name="bodyAfterParseThrowsValidationError" classname="org.jsoup.integration.ConnectTest" time="0.027">
    <system-out><![CDATA[[DEBUG] flushed 1101 SocketChannelEndPoint@3d491fad{l=/127.0.0.1:35372,r=/127.0.0.1:60190,OPEN,fill=-,flush=W,to=26/30000}{io=0/0,kio=0,kro=1}->HttpConnection@3e7171e5[p=HttpParser{s=END,11 of 11},g=HttpGenerator@274dcaa5{s=COMPLETING}]=>HttpChannelOverHttp@36eb5f45{s=HttpChannelState@23232c72{s=HANDLING rs=COMPLETING os=COMMITTED is=READY awp=false se=false i=false al=0},r=2,c=false/false,a=HANDLING,uri=//localhost:35372/EchoServlet,age=26}
[DEBUG] Flushed=true written=1101 remaining=0 WriteFlusher@2071150d{WRITING}->null
[DEBUG] update WriteFlusher@2071150d{IDLE}->null:WRITING-->IDLE
[DEBUG] generate: DONE for SendCallback@410c6bef[PROCESSING][i=HTTP/1.1{s=200,h=4,cl=-1},cb=org.eclipse.jetty.server.HttpChannel$SendCallback@1e3040b5] ([p=199,l=199,c=8192,r=0],[p=902,l=902,c=32768,r=0],true)@END
[DEBUG] onWriteComplete(true,null) s=CLOSING,api=BLOCKED,sc=false,e=null->s=CLOSED,api=BLOCKING,sc=false,e=null c=null cb=org.eclipse.jetty.util.Callback$3@5e044188 w=false
[DEBUG] completed HttpChannelState@23232c72{s=HANDLING rs=COMPLETING os=COMPLETED is=READY awp=false se=false i=false al=0}
[DEBUG] unhandle HttpChannelState@23232c72{s=HANDLING rs=COMPLETED os=COMPLETED is=READY awp=false se=false i=false al=0}
[DEBUG] nextAction(false) TERMINATED HttpChannelState@23232c72{s=IDLE rs=COMPLETED os=COMPLETED is=READY awp=false se=false i=false al=0}
[DEBUG] action TERMINATED HttpChannelOverHttp@36eb5f45{s=HttpChannelState@23232c72{s=IDLE rs=COMPLETED os=COMPLETED is=READY awp=false se=false i=false al=0},r=2,c=true/true,a=IDLE,uri=//localhost:35372/EchoServlet,age=27}
[DEBUG] onCompleted for /EchoServlet written=902
[DEBUG] recycle HttpChannelState@23232c72{s=IDLE rs=COMPLETED os=COMPLETED is=READY awp=false se=false i=false al=0}
[DEBUG] reset HttpParser{s=END,11 of 11}
[DEBUG] END --> START
[DEBUG] !handle TERMINATED HttpChannelOverHttp@36eb5f45{s=HttpChannelState@23232c72{s=IDLE rs=BLOCKING os=OPEN is=IDLE awp=false se=false i=true al=0},r=2,c=false/false,a=IDLE,uri=null,age=0}
[DEBUG] filled 290 HeapByteBuffer@460916c[p=0,l=290,c=8192,r=290]={<<<GET /EchoServlet HTTP/1.1...nection: keep-alive\r\n\r\n>>>\nConnecti...\x00\x00\x00\x00\x00\x00\x00}
[DEBUG] HttpConnection@3e7171e5::SocketChannelEndPoint@3d491fad{l=/127.0.0.1:35372,r=/127.0.0.1:60190,OPEN,fill=-,flush=-,to=0/30000}{io=0/0,kio=0,kro=1}->HttpConnection@3e7171e5[p=HttpParser{s=START,0 of -1},g=HttpGenerator@274dcaa5{s=START}]=>HttpChannelOverHttp@36eb5f45{s=HttpChannelState@23232c72{s=IDLE rs=BLOCKING os=OPEN is=IDLE awp=false se=false i=true al=0},r=2,c=false/false,a=IDLE,uri=null,age=0} filled 290 HeapByteBuffer@460916c[p=0,l=290,c=8192,r=290]={<<<GET /EchoServlet HTTP/1.1...nection: keep-alive\r\n\r\n>>>\nConnecti...\x00\x00\x00\x00\x00\x00\x00}
[DEBUG] HttpConnection@3e7171e5::SocketChannelEndPoint@3d491fad{l=/127.0.0.1:35372,r=/127.0.0.1:60190,OPEN,fill=-,flush=-,to=0/30000}{io=0/0,kio=0,kro=1}->HttpConnection@3e7171e5[p=HttpParser{s=START,0 of -1},g=HttpGenerator@274dcaa5{s=START}]=>HttpChannelOverHttp@36eb5f45{s=HttpChannelState@23232c72{s=IDLE rs=BLOCKING os=OPEN is=IDLE awp=false se=false i=true al=0},r=2,c=false/false,a=IDLE,uri=null,age=0} parse HeapByteBuffer@460916c[p=0,l=290,c=8192,r=290]={<<<GET /EchoServlet HTTP/1.1...nection: keep-alive\r\n\r\n>>>\nConnecti...\x00\x00\x00\x00\x00\x00\x00} {}
[DEBUG] parseNext s=START HeapByteBuffer@460916c[p=0,l=290,c=8192,r=290]={<<<GET /EchoServlet HTTP/1.1...nection: keep-alive\r\n\r\n>>>\nConnecti...\x00\x00\x00\x00\x00\x00\x00}
[DEBUG] START --> SPACE1
[DEBUG] SPACE1 --> URI
[DEBUG] URI --> SPACE2
[DEBUG] SPACE2 --> REQUEST_VERSION
[DEBUG] REQUEST_VERSION --> HEADER
[DEBUG] HEADER:Accept-Encoding: gzip --> IN_VALUE
[DEBUG] HEADER:Accept-Encoding: gzip --> FIELD
[DEBUG] HEADER:User-Agent: Mozilla/5.0 (Windows NT 10.0; Win64; x64) AppleWebKit/537.36 (KHTML, like Gecko) Chrome/79.0.3945.130 Safari/537.36 --> IN_VALUE
[DEBUG] HEADER:User-Agent: Mozilla/5.0 (Windows NT 10.0; Win64; x64) AppleWebKit/537.36 (KHTML, like Gecko) Chrome/79.0.3945.130 Safari/537.36 --> FIELD
[DEBUG] HEADER:Host: localhost:35372 --> IN_VALUE
[DEBUG] HEADER:Host: localhost:35372 --> FIELD
[DEBUG] HEADER:Accept: text/html, image/gif, image/jpeg, *; q=.2, */*; q=.2 --> IN_VALUE
[DEBUG] HEADER:Accept: text/html, image/gif, image/jpeg, *; q=.2, */*; q=.2 --> FIELD
[DEBUG] HEADER:Connection: keep-alive --> IN_VALUE
[DEBUG] HEADER:Connection: keep-alive --> FIELD
[DEBUG] HEADER --> CONTENT
[DEBUG] REQUEST for //localhost:35372/EchoServlet on HttpChannelOverHttp@36eb5f45{s=HttpChannelState@23232c72{s=IDLE rs=BLOCKING os=OPEN is=IDLE awp=false se=false i=true al=0},r=3,c=false/false,a=IDLE,uri=//localhost:35372/EchoServlet,age=0}
GET //localhost:35372/EchoServlet HTTP/1.1
Accept-Encoding: gzip
User-Agent: Mozilla/5.0 (Windows NT 10.0; Win64; x64) AppleWebKit/537.36 (KHTML, like Gecko) Chrome/79.0.3945.130 Safari/537.36
Host: localhost:35372
Accept: text/html, image/gif, image/jpeg, *; q=.2, */*; q=.2
Connection: keep-alive


[DEBUG] HttpConnection@3e7171e5::SocketChannelEndPoint@3d491fad{l=/127.0.0.1:35372,r=/127.0.0.1:60190,OPEN,fill=-,flush=-,to=0/30000}{io=0/0,kio=0,kro=1}->HttpConnection@3e7171e5[p=HttpParser{s=CONTENT,0 of -1},g=HttpGenerator@274dcaa5{s=START}]=>HttpChannelOverHttp@36eb5f45{s=HttpChannelState@23232c72{s=IDLE rs=BLOCKING os=OPEN is=IDLE awp=false se=false i=true al=0},r=3,c=false/false,a=IDLE,uri=//localhost:35372/EchoServlet,age=0} parsed true HttpParser{s=CONTENT,0 of -1}
[DEBUG] releaseRequestBuffer HttpConnection@3e7171e5::SocketChannelEndPoint@3d491fad{l=/127.0.0.1:35372,r=/127.0.0.1:60190,OPEN,fill=-,flush=-,to=0/30000}{io=0/0,kio=0,kro=1}->HttpConnection@3e7171e5[p=HttpParser{s=CONTENT,0 of -1},g=HttpGenerator@274dcaa5{s=START}]=>HttpChannelOverHttp@36eb5f45{s=HttpChannelState@23232c72{s=IDLE rs=BLOCKING os=OPEN is=IDLE awp=false se=false i=true al=0},r=3,c=false/false,a=IDLE,uri=//localhost:35372/EchoServlet,age=1}
[DEBUG] handle //localhost:35372/EchoServlet HttpChannelOverHttp@36eb5f45{s=HttpChannelState@23232c72{s=IDLE rs=BLOCKING os=OPEN is=IDLE awp=false se=false i=true al=0},r=3,c=false/false,a=IDLE,uri=//localhost:35372/EchoServlet,age=1} 
[DEBUG] handling HttpChannelState@23232c72{s=IDLE rs=BLOCKING os=OPEN is=IDLE awp=false se=false i=true al=0}
[DEBUG] action DISPATCH HttpChannelOverHttp@36eb5f45{s=HttpChannelState@23232c72{s=HANDLING rs=BLOCKING os=OPEN is=IDLE awp=false se=false i=true al=0},r=3,c=false/false,a=HANDLING,uri=//localhost:35372/EchoServlet,age=1}
[DEBUG] REQUEST GET /EchoServlet on HttpChannelOverHttp@36eb5f45{s=HttpChannelState@23232c72{s=HANDLING rs=BLOCKING os=OPEN is=IDLE awp=false se=false i=true al=0},r=3,c=false/false,a=HANDLING,uri=//localhost:35372/EchoServlet,age=1}
[DEBUG] servlet null|/EchoServlet|null -> org.jsoup.integration.servlets.EchoServlet-60d1a32f==org.jsoup.integration.servlets.EchoServlet@1f7ecb09{jsp=null,order=-1,inst=true,async=true,src=EMBEDDED:null,STARTED}
[DEBUG] chain=null
[DEBUG] write(array HeapByteBuffer@14b01e8a[p=0,l=235,c=512,r=235]={<<<<title>Webserver Environm...\n    <table border="0">>>>\x00\x00\x00\x00\x00\x00\x00\x00\x00...\x00\x00\x00\x00\x00\x00\x00})
[DEBUG] write(array) s=OPEN,api=BLOCKING,sc=false,e=null aggregated !flush DirectByteBuffer@6ae05ec4[p=0,l=235,c=32768,r=235]={<<<<title>Webserver Environm...\n    <table border="0">>>>et eget, ...gue. Pr}
[DEBUG] write(array HeapByteBuffer@68c41595[p=0,l=36,c=512,r=36]={<<<<tr><th>Method</th><td>GET</td></tr>>>>es</title...\x00\x00\x00\x00\x00\x00\x00})
[DEBUG] write(array) s=OPEN,api=BLOCKING,sc=false,e=null aggregated !flush DirectByteBuffer@6ae05ec4[p=0,l=271,c=32768,r=271]={<<<<title>Webserver Environm...d</th><td>GET</td></tr>>>>orci. <b>...gue. Pr}
[DEBUG] write(array HeapByteBuffer@5ee68b9[p=0,l=1,c=512,r=1]={<<<\n>>>tr><th>Me...\x00\x00\x00\x00\x00\x00\x00})
[DEBUG] write(array) s=OPEN,api=BLOCKING,sc=false,e=null aggregated !flush DirectByteBuffer@6ae05ec4[p=0,l=272,c=32768,r=272]={<<<<title>Webserver Environm...</th><td>GET</td></tr>\n>>>rci. <b>I...gue. Pr}
[DEBUG] write(array HeapByteBuffer@1947a559[p=0,l=50,c=512,r=50]={<<<<tr><th>Request URI</th><...>/EchoServlet</td></tr>>>> <style t...\x00\x00\x00\x00\x00\x00\x00})
[DEBUG] write(array) s=OPEN,api=BLOCKING,sc=false,e=null aggregated !flush DirectByteBuffer@6ae05ec4[p=0,l=322,c=32768,r=322]={<<<<title>Webserver Environm...>/EchoServlet</td></tr>>>>scipit so...gue. Pr}
[DEBUG] write(array HeapByteBuffer@d97acb5[p=0,l=1,c=512,r=1]={<<<\n>>>tr><th>Re...\x00\x00\x00\x00\x00\x00\x00})
[DEBUG] write(array) s=OPEN,api=BLOCKING,sc=false,e=null aggregated !flush DirectByteBuffer@6ae05ec4[p=0,l=323,c=32768,r=323]={<<<<title>Webserver Environm.../EchoServlet</td></tr>\n>>>cipit sod...gue. Pr}
[DEBUG] write(array HeapByteBuffer@45b7682f[p=0,l=39,c=512,r=39]={<<<<tr><th>Query String</th><td></td></tr>>>>t</td></t...\x00\x00\x00\x00\x00\x00\x00})
[DEBUG] write(array) s=OPEN,api=BLOCKING,sc=false,e=null aggregated !flush DirectByteBuffer@6ae05ec4[p=0,l=362,c=32768,r=362]={<<<<title>Webserver Environm...ring</th><td></td></tr>>>>et pede f...gue. Pr}
[DEBUG] write(array HeapByteBuffer@33ea7b80[p=0,l=1,c=512,r=1]={<<<\n>>>tr><th>Qu...\x00\x00\x00\x00\x00\x00\x00})
[DEBUG] write(array) s=OPEN,api=BLOCKING,sc=false,e=null aggregated !flush DirectByteBuffer@6ae05ec4[p=0,l=363,c=32768,r=363]={<<<<title>Webserver Environm...ing</th><td></td></tr>\n>>>t pede fa...gue. Pr}
[DEBUG] write(array HeapByteBuffer@17a37dc9[p=0,l=85,c=512,r=85]={<<<<tr><th>Accept</th><td>te....2, */*; q=.2</td></tr>>>>, td, th ...\x00\x00\x00\x00\x00\x00\x00})
[DEBUG] write(array) s=OPEN,api=BLOCKING,sc=false,e=null aggregated !flush DirectByteBuffer@6ae05ec4[p=0,l=448,c=32768,r=448]={<<<<title>Webserver Environm....2, */*; q=.2</td></tr>>>>is at, ne...gue. Pr}
[DEBUG] write(array HeapByteBuffer@2761898c[p=0,l=1,c=512,r=1]={<<<\n>>>tr><th>Ac...\x00\x00\x00\x00\x00\x00\x00})
[DEBUG] write(array) s=OPEN,api=BLOCKING,sc=false,e=null aggregated !flush DirectByteBuffer@6ae05ec4[p=0,l=449,c=32768,r=449]={<<<<title>Webserver Environm...2, */*; q=.2</td></tr>\n>>>s at, neq...gue. Pr}
[DEBUG] write(array HeapByteBuffer@59e96b5f[p=0,l=152,c=512,r=152]={<<<<tr><th>User-Agent</th><t...Safari/537.36</td></tr>>>>      th ...\x00\x00\x00\x00\x00\x00\x00})
[DEBUG] write(array) s=OPEN,api=BLOCKING,sc=false,e=null aggregated !flush DirectByteBuffer@6ae05ec4[p=0,l=601,c=32768,r=601]={<<<<title>Webserver Environm...Safari/537.36</td></tr>>>>s. Vivamu...gue. Pr}
[DEBUG] write(array HeapByteBuffer@39bf2d99[p=0,l=1,c=512,r=1]={<<<\n>>>tr><th>Us...\x00\x00\x00\x00\x00\x00\x00})
[DEBUG] write(array) s=OPEN,api=BLOCKING,sc=false,e=null aggregated !flush DirectByteBuffer@6ae05ec4[p=0,l=602,c=32768,r=602]={<<<<title>Webserver Environm...afari/537.36</td></tr>\n>>>. Vivamus...gue. Pr}
[DEBUG] write(array HeapByteBuffer@35fe5252[p=0,l=47,c=512,r=47]={<<<<tr><th>Connection</th><td>keep-alive</td></tr>>>> NT 10.0;...\x00\x00\x00\x00\x00\x00\x00})
[DEBUG] write(array) s=OPEN,api=BLOCKING,sc=false,e=null aggregated !flush DirectByteBuffer@6ae05ec4[p=0,l=649,c=32768,r=649]={<<<<title>Webserver Environm...td>keep-alive</td></tr>>>>p>Lorem i...gue. Pr}
[DEBUG] write(array HeapByteBuffer@1ef89088[p=0,l=1,c=512,r=1]={<<<\n>>>tr><th>Co...\x00\x00\x00\x00\x00\x00\x00})
[DEBUG] write(array) s=OPEN,api=BLOCKING,sc=false,e=null aggregated !flush DirectByteBuffer@6ae05ec4[p=0,l=650,c=32768,r=650]={<<<<title>Webserver Environm...d>keep-alive</td></tr>\n>>>>Lorem ip...gue. Pr}
[DEBUG] write(array HeapByteBuffer@c59b39b[p=0,l=46,c=512,r=46]={<<<<tr><th>Host</th><td>localhost:35372</td></tr>>>>> NT 10.0...\x00\x00\x00\x00\x00\x00\x00})
[DEBUG] write(array) s=OPEN,api=BLOCKING,sc=false,e=null aggregated !flush DirectByteBuffer@6ae05ec4[p=0,l=696,c=32768,r=696]={<<<<title>Webserver Environm...calhost:35372</td></tr>>>>scing eli...gue. Pr}
[DEBUG] write(array HeapByteBuffer@4c4a846c[p=0,l=1,c=512,r=1]={<<<\n>>>tr><th>Ho...\x00\x00\x00\x00\x00\x00\x00})
[DEBUG] write(array) s=OPEN,api=BLOCKING,sc=false,e=null aggregated !flush DirectByteBuffer@6ae05ec4[p=0,l=697,c=32768,r=697]={<<<<title>Webserver Environm...alhost:35372</td></tr>\n>>>cing elit...gue. Pr}
[DEBUG] write(array HeapByteBuffer@be13375[p=0,l=46,c=512,r=46]={<<<<tr><th>Accept-Encoding</th><td>gzip</td></tr>>>>> NT 10.0...\x00\x00\x00\x00\x00\x00\x00})
[DEBUG] write(array) s=OPEN,api=BLOCKING,sc=false,e=null aggregated !flush DirectByteBuffer@6ae05ec4[p=0,l=743,c=32768,r=743]={<<<<title>Webserver Environm...</th><td>gzip</td></tr>>>><i>Intege...gue. Pr}
[DEBUG] write(array HeapByteBuffer@51479e51[p=0,l=1,c=512,r=1]={<<<\n>>>tr><th>Ac...\x00\x00\x00\x00\x00\x00\x00})
[DEBUG] write(array) s=OPEN,api=BLOCKING,sc=false,e=null aggregated !flush DirectByteBuffer@6ae05ec4[p=0,l=744,c=32768,r=744]={<<<<title>Webserver Environm.../th><td>gzip</td></tr>\n>>>i>Integer...gue. Pr}
[DEBUG] filled 0 HeapByteBuffer@1ef04a69[p=0,l=0,c=8192,r=0]={<<<>>>POST /Ech...\x00\x00\x00\x00\x00\x00\x00}
[DEBUG] filled 0 HeapByteBuffer@1ef04a69[p=0,l=0,c=8192,r=0]={<<<>>>POST /Ech...\x00\x00\x00\x00\x00\x00\x00}
[DEBUG] HttpConnection@3e7171e5::SocketChannelEndPoint@3d491fad{l=/127.0.0.1:35372,r=/127.0.0.1:60190,OPEN,fill=-,flush=-,to=1/30000}{io=0/0,kio=0,kro=1}->HttpConnection@3e7171e5[p=HttpParser{s=CONTENT,0 of -1},g=HttpGenerator@274dcaa5{s=START}]=>HttpChannelOverHttp@36eb5f45{s=HttpChannelState@23232c72{s=HANDLING rs=BLOCKING os=OPEN is=IDLE awp=false se=false i=true al=0},r=3,c=false/false,a=HANDLING,uri=//localhost:35372/EchoServlet,age=2} filled 0 HeapByteBuffer@1ef04a69[p=0,l=0,c=8192,r=0]={<<<>>>POST /Ech...\x00\x00\x00\x00\x00\x00\x00}
[DEBUG] HttpConnection@3e7171e5::SocketChannelEndPoint@3d491fad{l=/127.0.0.1:35372,r=/127.0.0.1:60190,OPEN,fill=-,flush=-,to=1/30000}{io=0/0,kio=0,kro=1}->HttpConnection@3e7171e5[p=HttpParser{s=CONTENT,0 of -1},g=HttpGenerator@274dcaa5{s=START}]=>HttpChannelOverHttp@36eb5f45{s=HttpChannelState@23232c72{s=HANDLING rs=BLOCKING os=OPEN is=IDLE awp=false se=false i=true al=0},r=3,c=false/false,a=HANDLING,uri=//localhost:35372/EchoServlet,age=2} parse HeapByteBuffer@1ef04a69[p=0,l=0,c=8192,r=0]={<<<>>>POST /Ech...\x00\x00\x00\x00\x00\x00\x00} {}
[DEBUG] parseNext s=CONTENT HeapByteBuffer@1ef04a69[p=0,l=0,c=8192,r=0]={<<<>>>POST /Ech...\x00\x00\x00\x00\x00\x00\x00}
[DEBUG] CONTENT --> CONTENT_END
[DEBUG] onContentComplete HttpChannelOverHttp@36eb5f45{s=HttpChannelState@23232c72{s=HANDLING rs=BLOCKING os=OPEN is=IDLE awp=false se=false i=true al=0},r=3,c=false/false,a=HANDLING,uri=//localhost:35372/EchoServlet,age=2}
[DEBUG] CONTENT_END --> END
[DEBUG] onRequestComplete HttpChannelOverHttp@36eb5f45{s=HttpChannelState@23232c72{s=HANDLING rs=BLOCKING os=OPEN is=IDLE awp=false se=false i=true al=0},r=3,c=false/false,a=HANDLING,uri=//localhost:35372/EchoServlet,age=2}
[DEBUG] HttpInputOverHTTP@376cf161[c=0,q=0,[0]=null,s=STREAM] addContent EOF
[DEBUG] HttpConnection@3e7171e5::SocketChannelEndPoint@3d491fad{l=/127.0.0.1:35372,r=/127.0.0.1:60190,OPEN,fill=-,flush=-,to=2/30000}{io=0/0,kio=0,kro=1}->HttpConnection@3e7171e5[p=HttpParser{s=END,0 of -1},g=HttpGenerator@274dcaa5{s=START}]=>HttpChannelOverHttp@36eb5f45{s=HttpChannelState@23232c72{s=HANDLING rs=BLOCKING os=OPEN is=IDLE awp=false se=false i=true al=0},r=3,c=false/false,a=HANDLING,uri=//localhost:35372/EchoServlet,age=2} parsed false HttpParser{s=END,0 of -1}
[DEBUG] releaseRequestBuffer HttpConnection@3e7171e5::SocketChannelEndPoint@3d491fad{l=/127.0.0.1:35372,r=/127.0.0.1:60190,OPEN,fill=-,flush=-,to=2/30000}{io=0/0,kio=0,kro=1}->HttpConnection@3e7171e5[p=HttpParser{s=END,0 of -1},g=HttpGenerator@274dcaa5{s=START}]=>HttpChannelOverHttp@36eb5f45{s=HttpChannelState@23232c72{s=HANDLING rs=BLOCKING os=OPEN is=IDLE awp=false se=false i=true al=0},r=3,c=false/false,a=HANDLING,uri=//localhost:35372/EchoServlet,age=2}
[DEBUG] onEof HttpChannelState@23232c72{s=HANDLING rs=BLOCKING os=OPEN is=IDLE awp=false se=false i=true al=0}
[DEBUG] write(array HeapByteBuffer@10432a89[p=0,l=8,c=512,r=8]={<<<</table>>>>Accept-En...\x00\x00\x00\x00\x00\x00\x00})
[DEBUG] write(array) s=OPEN,api=BLOCKING,sc=false,e=null aggregated !flush DirectByteBuffer@6ae05ec4[p=0,l=752,c=32768,r=752]={<<<<title>Webserver Environm...gzip</td></tr>\n</table>>>>r id quam...gue. Pr}
[DEBUG] write(array HeapByteBuffer@8b2a509[p=0,l=1,c=512,r=1]={<<<\n>>>/table>Ac...\x00\x00\x00\x00\x00\x00\x00})
[DEBUG] write(array) s=OPEN,api=BLOCKING,sc=false,e=null aggregated !flush DirectByteBuffer@6ae05ec4[p=0,l=753,c=32768,r=753]={<<<<title>Webserver Environm...zip</td></tr>\n</table>\n>>> id quam<...gue. Pr}
[DEBUG] handled=true async=false committed=false on HttpChannelOverHttp@36eb5f45{s=HttpChannelState@23232c72{s=HANDLING rs=BLOCKING os=OPEN is=READY awp=false se=false i=true al=0},r=3,c=false/false,a=HANDLING,uri=//localhost:35372/EchoServlet,age=2}
[DEBUG] unhandle HttpChannelState@23232c72{s=HANDLING rs=BLOCKING os=OPEN is=READY awp=false se=false i=true al=0}
[DEBUG] nextAction(false) COMPLETE HttpChannelState@23232c72{s=HANDLING rs=COMPLETING os=OPEN is=READY awp=false se=false i=false al=0}
[DEBUG] action COMPLETE HttpChannelOverHttp@36eb5f45{s=HttpChannelState@23232c72{s=HANDLING rs=COMPLETING os=OPEN is=READY awp=false se=false i=false al=0},r=3,c=false/false,a=HANDLING,uri=//localhost:35372/EchoServlet,age=2}
[DEBUG] Selector sun.nio.ch.EPollSelectorImpl@36abfb12 woken with none selected
[DEBUG] Selector sun.nio.ch.EPollSelectorImpl@36abfb12 woken up from select, 0/0/3 selected
[DEBUG] Selector sun.nio.ch.EPollSelectorImpl@36abfb12 processing 0 keys, 0 updates
[DEBUG] updateable 0
[DEBUG] updates 0
[DEBUG] Selector sun.nio.ch.EPollSelectorImpl@36abfb12 waiting with 3 keys
[DEBUG] run org.eclipse.jetty.io.ManagedSelector$DestroyEndPoint@2ddbbb36 in QueuedThreadPool[qtp638486177]@260e86a1{STARTED,8<=8<=200,i=2,r=-1,q=0}[ReservedThreadExecutor@278bb07e{s=1/1,p=0}]
[DEBUG] Destroyed SocketChannelEndPoint@66ad315b{l=0.0.0.0/0.0.0.0:35372,r=null,CLOSED,fill=-,flush=-,to=25/30000}{io=0/0,kio=-1,kro=-1}->HttpConnection@477f4c37[p=HttpParser{s=CLOSED,0 of -1},g=HttpGenerator@15c4e26{s=START}]=>HttpChannelOverHttp@2f7cc7c9{s=HttpChannelState@b7bc396{s=IDLE rs=BLOCKING os=OPEN is=IDLE awp=false se=false i=true al=0},r=7,c=false/false,a=IDLE,uri=null,age=0}
[DEBUG] onClose HttpConnection@477f4c37::SocketChannelEndPoint@66ad315b{l=0.0.0.0/0.0.0.0:35372,r=null,CLOSED,fill=-,flush=-,to=25/30000}{io=0/0,kio=-1,kro=-1}->HttpConnection@477f4c37[p=HttpParser{s=CLOSED,0 of -1},g=HttpGenerator@15c4e26{s=START}]=>HttpChannelOverHttp@2f7cc7c9{s=HttpChannelState@b7bc396{s=IDLE rs=BLOCKING os=OPEN is=IDLE awp=false se=false i=true al=0},r=7,c=false/false,a=IDLE,uri=null,age=0}
[DEBUG] ran org.eclipse.jetty.io.ManagedSelector$DestroyEndPoint@2ddbbb36 in QueuedThreadPool[qtp638486177]@260e86a1{STARTED,8<=8<=200,i=2,r=-1,q=0}[ReservedThreadExecutor@278bb07e{s=1/1,p=0}]
[DEBUG] queue org.eclipse.jetty.io.ManagedSelector$DestroyEndPoint@2ddbbb36 startThread=0
[DEBUG] HttpConnection@477f4c37::SocketChannelEndPoint@66ad315b{l=0.0.0.0/0.0.0.0:35372,r=null,CLOSED,fill=-,flush=-,to=26/30000}{io=0/0,kio=-1,kro=-1}->HttpConnection@477f4c37[p=HttpParser{s=CLOSED,0 of -1},g=HttpGenerator@15c4e26{s=START}]=>HttpChannelOverHttp@2f7cc7c9{s=HttpChannelState@b7bc396{s=IDLE rs=BLOCKING os=OPEN is=IDLE awp=false se=false i=true al=0},r=7,c=false/false,a=IDLE,uri=null,age=0} onFillable exit HttpChannelState@b7bc396{s=IDLE rs=BLOCKING os=OPEN is=IDLE awp=false se=false i=true al=0} null
[DEBUG] ReservedThreadExecutor@278bb07e{s=1/1,p=0}@3f679497 size 1 > capacity
[DEBUG] ran ReservedThreadExecutor@278bb07e{s=1/1,p=0}@3f679497 in QueuedThreadPool[qtp638486177]@260e86a1{STARTED,8<=8<=200,i=3,r=-1,q=0}[ReservedThreadExecutor@278bb07e{s=1/1,p=0}]
[DEBUG] complete(org.eclipse.jetty.util.Callback$3@aca55f1) s=CLOSING,api=BLOCKED,sc=false,e=null s=false e=null, c=DirectByteBuffer@6ae05ec4[p=0,l=753,c=32768,r=753]={<<<<title>Webserver Environm...zip</td></tr>\n</table>\n>>> id quam<...gue. Pr}
[DEBUG] sendResponse info=null content=DirectByteBuffer@6ae05ec4[p=0,l=753,c=32768,r=753]={<<<<title>Webserver Environm...zip</td></tr>\n</table>\n>>> id quam<...gue. Pr} complete=true committing=true callback=org.eclipse.jetty.server.HttpOutput$WriteCompleteCB@6792e7ef
[DEBUG] COMMIT for /EchoServlet on HttpChannelOverHttp@36eb5f45{s=HttpChannelState@23232c72{s=HANDLING rs=COMPLETING os=COMMITTED is=READY awp=false se=false i=false al=0},r=3,c=false/false,a=HANDLING,uri=//localhost:35372/EchoServlet,age=15}
200 null HTTP/1.1
Date: Tue, 28 Sep 2021 06:03:32 GMT
Content-Type: text/html;charset=utf-8
Cache-Control: no-cache
Cache-Control: no-store


[DEBUG] generate: NEED_HEADER for SendCallback@410c6bef[PROCESSING][i=HTTP/1.1{s=200,h=4,cl=-1},cb=org.eclipse.jetty.server.HttpChannel$SendCallback@6e8c9ef6] (null,[p=0,l=753,c=32768,r=753],true)@START
[DEBUG] generateHeaders HTTP/1.1{s=200,h=4,cl=-1} last=true content=DirectByteBuffer@6ae05ec4[p=0,l=753,c=32768,r=753]={<<<<title>Webserver Environm...zip</td></tr>\n</table>\n>>> id quam<...gue. Pr}
[DEBUG] Date: Tue, 28 Sep 2021 06:03:32 GMT
Content-Type: text/html;charset=utf-8
Cache-Control: no-cache
Cache-Control: no-store


[DEBUG] CONTENT_LENGTH
[DEBUG] generate: FLUSH for SendCallback@410c6bef[PROCESSING][i=HTTP/1.1{s=200,h=4,cl=-1},cb=org.eclipse.jetty.server.HttpChannel$SendCallback@6e8c9ef6] ([p=0,l=199,c=8192,r=199],[p=0,l=753,c=32768,r=753],true)@COMPLETING
[DEBUG] write: WriteFlusher@2071150d{IDLE}->null [HeapByteBuffer@2a66826a[p=0,l=199,c=8192,r=199]={<<<HTTP/1.1 200 OK\r\nDate: Tu...y(9.4.43.v20210629)\r\n\r\n>>>ome/79.0....\x86&h\xA0{\xC1\xC2},DirectByteBuffer@6ae05ec4[p=0,l=753,c=32768,r=753]={<<<<title>Webserver Environm...zip</td></tr>\n</table>\n>>> id quam<...gue. Pr}]
[DEBUG] update WriteFlusher@2071150d{WRITING}->null:IDLE-->WRITING
]]></system-out>
  </testcase>
  <testcase name="handlesRedirect" classname="org.jsoup.integration.ConnectTest" time="0.03">
    <system-out><![CDATA[[DEBUG] starting org.jsoup.integration.servlets.HelloServlet-4fcc0416==org.jsoup.integration.servlets.HelloServlet@435c38c6{jsp=null,order=-1,inst=false,async=true,src=EMBEDDED:null,STOPPED}
[DEBUG] STARTED @12622ms org.jsoup.integration.servlets.HelloServlet-4fcc0416==org.jsoup.integration.servlets.HelloServlet@435c38c6{jsp=null,order=-1,inst=false,async=true,src=EMBEDDED:null,STARTED}
[DEBUG] ServletHandler@2eced48b{STARTED} added {org.jsoup.integration.servlets.HelloServlet-4fcc0416==org.jsoup.integration.servlets.HelloServlet@435c38c6{jsp=null,order=-1,inst=false,async=true,src=EMBEDDED:null,STARTED},UNMANAGED}
[DEBUG] ServletHandler@2eced48b{STARTED} added {[/HelloServlet/*]=>org.jsoup.integration.servlets.HelloServlet-4fcc0416,POJO}
[DEBUG] Path=/InterruptedServlet/*[EMBEDDED:null] mapped to servlet=org.jsoup.integration.servlets.InterruptedServlet-1f86099a[EMBEDDED:null]
[DEBUG] Added MappedResource[pathSpec=ServletPathSpec@bf5e7dac{/InterruptedServlet/*},resource=org.jsoup.integration.servlets.InterruptedServlet-1f86099a==org.jsoup.integration.servlets.InterruptedServlet@b675065f{jsp=null,order=-1,inst=true,async=true,src=EMBEDDED:null,STARTED}] to PathMappings[size=1]
[DEBUG] Path=/HelloServlet/*[EMBEDDED:null] mapped to servlet=org.jsoup.integration.servlets.HelloServlet-4fcc0416[EMBEDDED:null]
[DEBUG] Added MappedResource[pathSpec=ServletPathSpec@86aa7c5c{/HelloServlet/*},resource=org.jsoup.integration.servlets.HelloServlet-4fcc0416==org.jsoup.integration.servlets.HelloServlet@435c38c6{jsp=null,order=-1,inst=false,async=true,src=EMBEDDED:null,STARTED}] to PathMappings[size=2]
[DEBUG] Path=/RedirectServlet/*[EMBEDDED:null] mapped to servlet=org.jsoup.integration.servlets.RedirectServlet-77bb0ab5[EMBEDDED:null]
[DEBUG] Added MappedResource[pathSpec=ServletPathSpec@9a9d5e14{/RedirectServlet/*},resource=org.jsoup.integration.servlets.RedirectServlet-77bb0ab5==org.jsoup.integration.servlets.RedirectServlet@f84cd177{jsp=null,order=-1,inst=true,async=true,src=EMBEDDED:null,STARTED}] to PathMappings[size=3]
[DEBUG] Path=/EchoServlet/*[EMBEDDED:null] mapped to servlet=org.jsoup.integration.servlets.EchoServlet-60d1a32f[EMBEDDED:null]
[DEBUG] Added MappedResource[pathSpec=ServletPathSpec@8f86de6b{/EchoServlet/*},resource=org.jsoup.integration.servlets.EchoServlet-60d1a32f==org.jsoup.integration.servlets.EchoServlet@1f7ecb09{jsp=null,order=-1,inst=true,async=true,src=EMBEDDED:null,STARTED}] to PathMappings[size=4]
[DEBUG] Path=/FileServlet/*[EMBEDDED:null] mapped to servlet=org.jsoup.integration.servlets.FileServlet-60dce7ea[EMBEDDED:null]
[DEBUG] Added MappedResource[pathSpec=ServletPathSpec@74e824f4{/FileServlet/*},resource=org.jsoup.integration.servlets.FileServlet-60dce7ea==org.jsoup.integration.servlets.FileServlet@c786463a{jsp=null,order=-1,inst=true,async=true,src=EMBEDDED:null,STARTED}] to PathMappings[size=5]
[DEBUG] Path=/CookieServlet/*[EMBEDDED:null] mapped to servlet=org.jsoup.integration.servlets.CookieServlet-22b53226[EMBEDDED:null]
[DEBUG] Added MappedResource[pathSpec=ServletPathSpec@5e4054cc{/CookieServlet/*},resource=org.jsoup.integration.servlets.CookieServlet-22b53226==org.jsoup.integration.servlets.CookieServlet@50417851{jsp=null,order=-1,inst=true,async=true,src=EMBEDDED:null,STARTED}] to PathMappings[size=6]
[DEBUG] Path=/[EMBEDDED:null] mapped to servlet=org.eclipse.jetty.servlet.ServletHandler$Default404Servlet-2974f221[EMBEDDED:null]
[DEBUG] Added MappedResource[pathSpec=ServletPathSpec@4e{/},resource=org.eclipse.jetty.servlet.ServletHandler$Default404Servlet-2974f221==org.eclipse.jetty.servlet.ServletHandler$Default404Servlet@cf4d2ec3{jsp=null,order=-1,inst=false,async=true,src=EMBEDDED:null,STARTED}] to PathMappings[size=7]
[DEBUG] filterNameMap={}
[DEBUG] pathFilters=null
[DEBUG] servletFilterMap=null
[DEBUG] servletPathMap=PathMappings[size=7]
[DEBUG] servletNameMap={org.jsoup.integration.servlets.CookieServlet-22b53226=org.jsoup.integration.servlets.CookieServlet-22b53226==org.jsoup.integration.servlets.CookieServlet@50417851{jsp=null,order=-1,inst=true,async=true,src=EMBEDDED:null,STARTED}, org.jsoup.integration.servlets.EchoServlet-60d1a32f=org.jsoup.integration.servlets.EchoServlet-60d1a32f==org.jsoup.integration.servlets.EchoServlet@1f7ecb09{jsp=null,order=-1,inst=true,async=true,src=EMBEDDED:null,STARTED}, org.jsoup.integration.servlets.InterruptedServlet-1f86099a=org.jsoup.integration.servlets.InterruptedServlet-1f86099a==org.jsoup.integration.servlets.InterruptedServlet@b675065f{jsp=null,order=-1,inst=true,async=true,src=EMBEDDED:null,STARTED}, org.jsoup.integration.servlets.HelloServlet-4fcc0416=org.jsoup.integration.servlets.HelloServlet-4fcc0416==org.jsoup.integration.servlets.HelloServlet@435c38c6{jsp=null,order=-1,inst=false,async=true,src=EMBEDDED:null,STARTED}, org.jsoup.integration.servlets.RedirectServlet-77bb0ab5=org.jsoup.integration.servlets.RedirectServlet-77bb0ab5==org.jsoup.integration.servlets.RedirectServlet@f84cd177{jsp=null,order=-1,inst=true,async=true,src=EMBEDDED:null,STARTED}, org.jsoup.integration.servlets.FileServlet-60dce7ea=org.jsoup.integration.servlets.FileServlet-60dce7ea==org.jsoup.integration.servlets.FileServlet@c786463a{jsp=null,order=-1,inst=true,async=true,src=EMBEDDED:null,STARTED}, org.eclipse.jetty.servlet.ServletHandler$Default404Servlet-2974f221=org.eclipse.jetty.servlet.ServletHandler$Default404Servlet-2974f221==org.eclipse.jetty.servlet.ServletHandler$Default404Servlet@cf4d2ec3{jsp=null,order=-1,inst=false,async=true,src=EMBEDDED:null,STARTED}}
[DEBUG] flushed 952 SocketChannelEndPoint@3d491fad{l=/127.0.0.1:35372,r=/127.0.0.1:60190,OPEN,fill=-,flush=W,to=21/30000}{io=0/0,kio=0,kro=1}->HttpConnection@3e7171e5[p=HttpParser{s=END,0 of -1},g=HttpGenerator@274dcaa5{s=COMPLETING}]=>HttpChannelOverHttp@36eb5f45{s=HttpChannelState@23232c72{s=HANDLING rs=COMPLETING os=COMMITTED is=READY awp=false se=false i=false al=0},r=3,c=false/false,a=HANDLING,uri=//localhost:35372/EchoServlet,age=22}
[DEBUG] Flushed=true written=952 remaining=0 WriteFlusher@2071150d{WRITING}->null
[DEBUG] update WriteFlusher@2071150d{IDLE}->null:WRITING-->IDLE
[DEBUG] generate: DONE for SendCallback@410c6bef[PROCESSING][i=HTTP/1.1{s=200,h=4,cl=-1},cb=org.eclipse.jetty.server.HttpChannel$SendCallback@6e8c9ef6] ([p=199,l=199,c=8192,r=0],[p=753,l=753,c=32768,r=0],true)@END
[DEBUG] onWriteComplete(true,null) s=CLOSING,api=BLOCKED,sc=false,e=null->s=CLOSED,api=BLOCKING,sc=false,e=null c=null cb=org.eclipse.jetty.util.Callback$3@aca55f1 w=false
[DEBUG] completed HttpChannelState@23232c72{s=HANDLING rs=COMPLETING os=COMPLETED is=READY awp=false se=false i=false al=0}
[DEBUG] unhandle HttpChannelState@23232c72{s=HANDLING rs=COMPLETED os=COMPLETED is=READY awp=false se=false i=false al=0}
[DEBUG] nextAction(false) TERMINATED HttpChannelState@23232c72{s=IDLE rs=COMPLETED os=COMPLETED is=READY awp=false se=false i=false al=0}
[DEBUG] action TERMINATED HttpChannelOverHttp@36eb5f45{s=HttpChannelState@23232c72{s=IDLE rs=COMPLETED os=COMPLETED is=READY awp=false se=false i=false al=0},r=3,c=true/true,a=IDLE,uri=//localhost:35372/EchoServlet,age=22}
[DEBUG] onCompleted for /EchoServlet written=753
[DEBUG] recycle HttpChannelState@23232c72{s=IDLE rs=COMPLETED os=COMPLETED is=READY awp=false se=false i=false al=0}
[DEBUG] reset HttpParser{s=END,0 of -1}
[DEBUG] END --> START
[DEBUG] !handle TERMINATED HttpChannelOverHttp@36eb5f45{s=HttpChannelState@23232c72{s=IDLE rs=BLOCKING os=OPEN is=IDLE awp=false se=false i=true al=0},r=3,c=false/false,a=IDLE,uri=null,age=0}
[DEBUG] filled 344 HeapByteBuffer@460916c[p=0,l=344,c=8192,r=344]={<<<GET /RedirectServlet?loc=...nection: keep-alive\r\n\r\n>>>=.2\r\nConn...\x00\x00\x00\x00\x00\x00\x00}
[DEBUG] HttpConnection@3e7171e5::SocketChannelEndPoint@3d491fad{l=/127.0.0.1:35372,r=/127.0.0.1:60190,OPEN,fill=-,flush=-,to=0/30000}{io=0/0,kio=0,kro=1}->HttpConnection@3e7171e5[p=HttpParser{s=START,0 of -1},g=HttpGenerator@274dcaa5{s=START}]=>HttpChannelOverHttp@36eb5f45{s=HttpChannelState@23232c72{s=IDLE rs=BLOCKING os=OPEN is=IDLE awp=false se=false i=true al=0},r=3,c=false/false,a=IDLE,uri=null,age=0} filled 344 HeapByteBuffer@460916c[p=0,l=344,c=8192,r=344]={<<<GET /RedirectServlet?loc=...nection: keep-alive\r\n\r\n>>>=.2\r\nConn...\x00\x00\x00\x00\x00\x00\x00}
[DEBUG] HttpConnection@3e7171e5::SocketChannelEndPoint@3d491fad{l=/127.0.0.1:35372,r=/127.0.0.1:60190,OPEN,fill=-,flush=-,to=0/30000}{io=0/0,kio=0,kro=1}->HttpConnection@3e7171e5[p=HttpParser{s=START,0 of -1},g=HttpGenerator@274dcaa5{s=START}]=>HttpChannelOverHttp@36eb5f45{s=HttpChannelState@23232c72{s=IDLE rs=BLOCKING os=OPEN is=IDLE awp=false se=false i=true al=0},r=3,c=false/false,a=IDLE,uri=null,age=0} parse HeapByteBuffer@460916c[p=0,l=344,c=8192,r=344]={<<<GET /RedirectServlet?loc=...nection: keep-alive\r\n\r\n>>>=.2\r\nConn...\x00\x00\x00\x00\x00\x00\x00} {}
[DEBUG] parseNext s=START HeapByteBuffer@460916c[p=0,l=344,c=8192,r=344]={<<<GET /RedirectServlet?loc=...nection: keep-alive\r\n\r\n>>>=.2\r\nConn...\x00\x00\x00\x00\x00\x00\x00}
[DEBUG] START --> SPACE1
[DEBUG] SPACE1 --> URI
[DEBUG] URI --> SPACE2
[DEBUG] SPACE2 --> REQUEST_VERSION
[DEBUG] REQUEST_VERSION --> HEADER
[DEBUG] HEADER:Accept-Encoding: gzip --> IN_VALUE
[DEBUG] HEADER:Accept-Encoding: gzip --> FIELD
[DEBUG] HEADER:User-Agent: Mozilla/5.0 (Windows NT 10.0; Win64; x64) AppleWebKit/537.36 (KHTML, like Gecko) Chrome/79.0.3945.130 Safari/537.36 --> IN_VALUE
[DEBUG] HEADER:User-Agent: Mozilla/5.0 (Windows NT 10.0; Win64; x64) AppleWebKit/537.36 (KHTML, like Gecko) Chrome/79.0.3945.130 Safari/537.36 --> FIELD
[DEBUG] HEADER:Host: localhost:35372 --> IN_VALUE
[DEBUG] HEADER:Host: localhost:35372 --> FIELD
[DEBUG] HEADER:Accept: text/html, image/gif, image/jpeg, *; q=.2, */*; q=.2 --> IN_VALUE
[DEBUG] HEADER:Accept: text/html, image/gif, image/jpeg, *; q=.2, */*; q=.2 --> FIELD
[DEBUG] HEADER:Connection: keep-alive --> IN_VALUE
[DEBUG] HEADER:Connection: keep-alive --> FIELD
[DEBUG] HEADER --> CONTENT
[DEBUG] REQUEST for //localhost:35372/RedirectServlet?loc=http%3A%2F%2Flocalhost%3A35372%2FHelloServlet on HttpChannelOverHttp@36eb5f45{s=HttpChannelState@23232c72{s=IDLE rs=BLOCKING os=OPEN is=IDLE awp=false se=false i=true al=0},r=4,c=false/false,a=IDLE,uri=//localhost:35372/RedirectServlet?loc=http%3A%2F%2Flocalhost%3A35372%2FHelloServlet,age=0}
GET //localhost:35372/RedirectServlet?loc=http%3A%2F%2Flocalhost%3A35372%2FHelloServlet HTTP/1.1
Accept-Encoding: gzip
User-Agent: Mozilla/5.0 (Windows NT 10.0; Win64; x64) AppleWebKit/537.36 (KHTML, like Gecko) Chrome/79.0.3945.130 Safari/537.36
Host: localhost:35372
Accept: text/html, image/gif, image/jpeg, *; q=.2, */*; q=.2
Connection: keep-alive


[DEBUG] HttpConnection@3e7171e5::SocketChannelEndPoint@3d491fad{l=/127.0.0.1:35372,r=/127.0.0.1:60190,OPEN,fill=-,flush=-,to=4/30000}{io=0/0,kio=0,kro=1}->HttpConnection@3e7171e5[p=HttpParser{s=CONTENT,0 of -1},g=HttpGenerator@274dcaa5{s=START}]=>HttpChannelOverHttp@36eb5f45{s=HttpChannelState@23232c72{s=IDLE rs=BLOCKING os=OPEN is=IDLE awp=false se=false i=true al=0},r=4,c=false/false,a=IDLE,uri=//localhost:35372/RedirectServlet?loc=http%3A%2F%2Flocalhost%3A35372%2FHelloServlet,age=0} parsed true HttpParser{s=CONTENT,0 of -1}
[DEBUG] releaseRequestBuffer HttpConnection@3e7171e5::SocketChannelEndPoint@3d491fad{l=/127.0.0.1:35372,r=/127.0.0.1:60190,OPEN,fill=-,flush=-,to=4/30000}{io=0/0,kio=0,kro=1}->HttpConnection@3e7171e5[p=HttpParser{s=CONTENT,0 of -1},g=HttpGenerator@274dcaa5{s=START}]=>HttpChannelOverHttp@36eb5f45{s=HttpChannelState@23232c72{s=IDLE rs=BLOCKING os=OPEN is=IDLE awp=false se=false i=true al=0},r=4,c=false/false,a=IDLE,uri=//localhost:35372/RedirectServlet?loc=http%3A%2F%2Flocalhost%3A35372%2FHelloServlet,age=0}
[DEBUG] handle //localhost:35372/RedirectServlet?loc=http%3A%2F%2Flocalhost%3A35372%2FHelloServlet HttpChannelOverHttp@36eb5f45{s=HttpChannelState@23232c72{s=IDLE rs=BLOCKING os=OPEN is=IDLE awp=false se=false i=true al=0},r=4,c=false/false,a=IDLE,uri=//localhost:35372/RedirectServlet?loc=http%3A%2F%2Flocalhost%3A35372%2FHelloServlet,age=0} 
[DEBUG] handling HttpChannelState@23232c72{s=IDLE rs=BLOCKING os=OPEN is=IDLE awp=false se=false i=true al=0}
[DEBUG] action DISPATCH HttpChannelOverHttp@36eb5f45{s=HttpChannelState@23232c72{s=HANDLING rs=BLOCKING os=OPEN is=IDLE awp=false se=false i=true al=0},r=4,c=false/false,a=HANDLING,uri=//localhost:35372/RedirectServlet?loc=http%3A%2F%2Flocalhost%3A35372%2FHelloServlet,age=0}
[DEBUG] REQUEST GET /RedirectServlet on HttpChannelOverHttp@36eb5f45{s=HttpChannelState@23232c72{s=HANDLING rs=BLOCKING os=OPEN is=IDLE awp=false se=false i=true al=0},r=4,c=false/false,a=HANDLING,uri=//localhost:35372/RedirectServlet?loc=http%3A%2F%2Flocalhost%3A35372%2FHelloServlet,age=0}
[DEBUG] servlet null|/RedirectServlet|null -> org.jsoup.integration.servlets.RedirectServlet-77bb0ab5==org.jsoup.integration.servlets.RedirectServlet@f84cd177{jsp=null,order=-1,inst=true,async=true,src=EMBEDDED:null,STARTED}
[DEBUG] chain=null
[DEBUG] handled=true async=false committed=false on HttpChannelOverHttp@36eb5f45{s=HttpChannelState@23232c72{s=HANDLING rs=BLOCKING os=OPEN is=IDLE awp=false se=false i=true al=0},r=4,c=false/false,a=HANDLING,uri=//localhost:35372/RedirectServlet?loc=http%3A%2F%2Flocalhost%3A35372%2FHelloServlet,age=0}
[DEBUG] unhandle HttpChannelState@23232c72{s=HANDLING rs=BLOCKING os=OPEN is=IDLE awp=false se=false i=true al=0}
[DEBUG] nextAction(false) COMPLETE HttpChannelState@23232c72{s=HANDLING rs=COMPLETING os=OPEN is=IDLE awp=false se=false i=false al=0}
[DEBUG] action COMPLETE HttpChannelOverHttp@36eb5f45{s=HttpChannelState@23232c72{s=HANDLING rs=COMPLETING os=OPEN is=IDLE awp=false se=false i=false al=0},r=4,c=false/false,a=HANDLING,uri=//localhost:35372/RedirectServlet?loc=http%3A%2F%2Flocalhost%3A35372%2FHelloServlet,age=0}
[DEBUG] filled 0 HeapByteBuffer@1ef04a69[p=0,l=0,c=8192,r=0]={<<<>>>POST /Ech...\x00\x00\x00\x00\x00\x00\x00}
[DEBUG] filled 0 HeapByteBuffer@1ef04a69[p=0,l=0,c=8192,r=0]={<<<>>>POST /Ech...\x00\x00\x00\x00\x00\x00\x00}
[DEBUG] HttpConnection@3e7171e5::SocketChannelEndPoint@3d491fad{l=/127.0.0.1:35372,r=/127.0.0.1:60190,OPEN,fill=-,flush=-,to=5/30000}{io=0/0,kio=0,kro=1}->HttpConnection@3e7171e5[p=HttpParser{s=CONTENT,0 of -1},g=HttpGenerator@274dcaa5{s=START}]=>HttpChannelOverHttp@36eb5f45{s=HttpChannelState@23232c72{s=HANDLING rs=COMPLETING os=OPEN is=IDLE awp=false se=false i=false al=0},r=4,c=false/false,a=HANDLING,uri=//localhost:35372/RedirectServlet?loc=http%3A%2F%2Flocalhost%3A35372%2FHelloServlet,age=1} filled 0 HeapByteBuffer@1ef04a69[p=0,l=0,c=8192,r=0]={<<<>>>POST /Ech...\x00\x00\x00\x00\x00\x00\x00}
[DEBUG] HttpConnection@3e7171e5::SocketChannelEndPoint@3d491fad{l=/127.0.0.1:35372,r=/127.0.0.1:60190,OPEN,fill=-,flush=-,to=5/30000}{io=0/0,kio=0,kro=1}->HttpConnection@3e7171e5[p=HttpParser{s=CONTENT,0 of -1},g=HttpGenerator@274dcaa5{s=START}]=>HttpChannelOverHttp@36eb5f45{s=HttpChannelState@23232c72{s=HANDLING rs=COMPLETING os=OPEN is=IDLE awp=false se=false i=false al=0},r=4,c=false/false,a=HANDLING,uri=//localhost:35372/RedirectServlet?loc=http%3A%2F%2Flocalhost%3A35372%2FHelloServlet,age=1} parse HeapByteBuffer@1ef04a69[p=0,l=0,c=8192,r=0]={<<<>>>POST /Ech...\x00\x00\x00\x00\x00\x00\x00} {}
[DEBUG] parseNext s=CONTENT HeapByteBuffer@1ef04a69[p=0,l=0,c=8192,r=0]={<<<>>>POST /Ech...\x00\x00\x00\x00\x00\x00\x00}
[DEBUG] CONTENT --> CONTENT_END
[DEBUG] onContentComplete HttpChannelOverHttp@36eb5f45{s=HttpChannelState@23232c72{s=HANDLING rs=COMPLETING os=OPEN is=IDLE awp=false se=false i=false al=0},r=4,c=false/false,a=HANDLING,uri=//localhost:35372/RedirectServlet?loc=http%3A%2F%2Flocalhost%3A35372%2FHelloServlet,age=1}
[DEBUG] CONTENT_END --> END
[DEBUG] onRequestComplete HttpChannelOverHttp@36eb5f45{s=HttpChannelState@23232c72{s=HANDLING rs=COMPLETING os=OPEN is=IDLE awp=false se=false i=false al=0},r=4,c=false/false,a=HANDLING,uri=//localhost:35372/RedirectServlet?loc=http%3A%2F%2Flocalhost%3A35372%2FHelloServlet,age=1}
[DEBUG] HttpInputOverHTTP@376cf161[c=0,q=0,[0]=null,s=STREAM] addContent EOF
[DEBUG] HttpConnection@3e7171e5::SocketChannelEndPoint@3d491fad{l=/127.0.0.1:35372,r=/127.0.0.1:60190,OPEN,fill=-,flush=-,to=16/30000}{io=0/0,kio=0,kro=1}->HttpConnection@3e7171e5[p=HttpParser{s=END,0 of -1},g=HttpGenerator@274dcaa5{s=START}]=>HttpChannelOverHttp@36eb5f45{s=HttpChannelState@23232c72{s=HANDLING rs=COMPLETING os=OPEN is=IDLE awp=false se=false i=false al=0},r=4,c=false/false,a=HANDLING,uri=//localhost:35372/RedirectServlet?loc=http%3A%2F%2Flocalhost%3A35372%2FHelloServlet,age=12} parsed false HttpParser{s=END,0 of -1}
[DEBUG] releaseRequestBuffer HttpConnection@3e7171e5::SocketChannelEndPoint@3d491fad{l=/127.0.0.1:35372,r=/127.0.0.1:60190,OPEN,fill=-,flush=-,to=16/30000}{io=0/0,kio=0,kro=1}->HttpConnection@3e7171e5[p=HttpParser{s=END,0 of -1},g=HttpGenerator@274dcaa5{s=START}]=>HttpChannelOverHttp@36eb5f45{s=HttpChannelState@23232c72{s=HANDLING rs=COMPLETING os=OPEN is=IDLE awp=false se=false i=false al=0},r=4,c=false/false,a=HANDLING,uri=//localhost:35372/RedirectServlet?loc=http%3A%2F%2Flocalhost%3A35372%2FHelloServlet,age=12}
[DEBUG] complete(org.eclipse.jetty.util.Callback$3@730be4c3) s=CLOSING,api=BLOCKED,sc=false,e=null s=false e=null, c=HeapByteBuffer@13dae45a[p=0,l=0,c=0,r=0]={<<<>>>}
[DEBUG] sendResponse info=null content=HeapByteBuffer@13dae45a[p=0,l=0,c=0,r=0]={<<<>>>} complete=true committing=true callback=org.eclipse.jetty.server.HttpOutput$WriteCompleteCB@2bb6528e
[DEBUG] COMMIT for /RedirectServlet on HttpChannelOverHttp@36eb5f45{s=HttpChannelState@23232c72{s=HANDLING rs=COMPLETING os=COMMITTED is=IDLE awp=false se=false i=false al=0},r=4,c=false/false,a=HANDLING,uri=//localhost:35372/RedirectServlet?loc=http%3A%2F%2Flocalhost%3A35372%2FHelloServlet,age=12}
302 null HTTP/1.1
Date: Tue, 28 Sep 2021 06:03:32 GMT
Location: http://localhost:35372/HelloServlet


[DEBUG] generate: NEED_HEADER for SendCallback@410c6bef[PROCESSING][i=HTTP/1.1{s=302,h=2,cl=-1},cb=org.eclipse.jetty.server.HttpChannel$SendCallback@5beb7588] (null,[p=0,l=0,c=0,r=0],true)@START
[DEBUG] generateHeaders HTTP/1.1{s=302,h=2,cl=-1} last=true content=HeapByteBuffer@13dae45a[p=0,l=0,c=0,r=0]={<<<>>>}
[DEBUG] Date: Tue, 28 Sep 2021 06:03:32 GMT
Location: http://localhost:35372/HelloServlet


[DEBUG] CONTENT_LENGTH
[DEBUG] generate: FLUSH for SendCallback@410c6bef[PROCESSING][i=HTTP/1.1{s=302,h=2,cl=-1},cb=org.eclipse.jetty.server.HttpChannel$SendCallback@5beb7588] ([p=0,l=158,c=8192,r=158],[p=0,l=0,c=0,r=0],true)@COMPLETING
[DEBUG] write: WriteFlusher@2071150d{IDLE}->null [HeapByteBuffer@2a66826a[p=0,l=158,c=8192,r=158]={<<<HTTP/1.1 302 Found\r\nDate:...y(9.4.43.v20210629)\r\n\r\n>>> 753\r\nSer...\x86&h\xA0{\xC1\xC2}]
[DEBUG] update WriteFlusher@2071150d{WRITING}->null:IDLE-->WRITING
[DEBUG] flushed 158 SocketChannelEndPoint@3d491fad{l=/127.0.0.1:35372,r=/127.0.0.1:60190,OPEN,fill=-,flush=W,to=20/30000}{io=0/0,kio=0,kro=1}->HttpConnection@3e7171e5[p=HttpParser{s=END,0 of -1},g=HttpGenerator@274dcaa5{s=COMPLETING}]=>HttpChannelOverHttp@36eb5f45{s=HttpChannelState@23232c72{s=HANDLING rs=COMPLETING os=COMMITTED is=IDLE awp=false se=false i=false al=0},r=4,c=false/false,a=HANDLING,uri=//localhost:35372/RedirectServlet?loc=http%3A%2F%2Flocalhost%3A35372%2FHelloServlet,age=16}
[DEBUG] Flushed=true written=158 remaining=0 WriteFlusher@2071150d{WRITING}->null
[DEBUG] update WriteFlusher@2071150d{IDLE}->null:WRITING-->IDLE
[DEBUG] generate: DONE for SendCallback@410c6bef[PROCESSING][i=HTTP/1.1{s=302,h=2,cl=-1},cb=org.eclipse.jetty.server.HttpChannel$SendCallback@5beb7588] ([p=158,l=158,c=8192,r=0],[p=0,l=0,c=0,r=0],true)@END
[DEBUG] onWriteComplete(true,null) s=CLOSING,api=BLOCKED,sc=false,e=null->s=CLOSED,api=BLOCKING,sc=false,e=null c=null cb=org.eclipse.jetty.util.Callback$3@730be4c3 w=false
[DEBUG] completed HttpChannelState@23232c72{s=HANDLING rs=COMPLETING os=COMPLETED is=IDLE awp=false se=false i=false al=0}
[DEBUG] unhandle HttpChannelState@23232c72{s=HANDLING rs=COMPLETED os=COMPLETED is=IDLE awp=false se=false i=false al=0}
[DEBUG] nextAction(false) TERMINATED HttpChannelState@23232c72{s=IDLE rs=COMPLETED os=COMPLETED is=IDLE awp=false se=false i=false al=0}
[DEBUG] action TERMINATED HttpChannelOverHttp@36eb5f45{s=HttpChannelState@23232c72{s=IDLE rs=COMPLETED os=COMPLETED is=IDLE awp=false se=false i=false al=0},r=4,c=true/true,a=IDLE,uri=//localhost:35372/RedirectServlet?loc=http%3A%2F%2Flocalhost%3A35372%2FHelloServlet,age=16}
[DEBUG] onCompleted for /RedirectServlet written=0
[DEBUG] recycle HttpChannelState@23232c72{s=IDLE rs=COMPLETED os=COMPLETED is=IDLE awp=false se=false i=false al=0}
[DEBUG] reset HttpParser{s=END,0 of -1}
[DEBUG] END --> START
[DEBUG] !handle TERMINATED HttpChannelOverHttp@36eb5f45{s=HttpChannelState@23232c72{s=IDLE rs=BLOCKING os=OPEN is=IDLE awp=false se=false i=true al=0},r=4,c=false/false,a=IDLE,uri=null,age=0}
[DEBUG] filled 291 HeapByteBuffer@460916c[p=0,l=291,c=8192,r=291]={<<<GET /HelloServlet HTTP/1....nection: keep-alive\r\n\r\n>>>/jpeg, *;...\x00\x00\x00\x00\x00\x00\x00}
[DEBUG] HttpConnection@3e7171e5::SocketChannelEndPoint@3d491fad{l=/127.0.0.1:35372,r=/127.0.0.1:60190,OPEN,fill=-,flush=-,to=0/30000}{io=0/0,kio=0,kro=1}->HttpConnection@3e7171e5[p=HttpParser{s=START,0 of -1},g=HttpGenerator@274dcaa5{s=START}]=>HttpChannelOverHttp@36eb5f45{s=HttpChannelState@23232c72{s=IDLE rs=BLOCKING os=OPEN is=IDLE awp=false se=false i=true al=0},r=4,c=false/false,a=IDLE,uri=null,age=0} filled 291 HeapByteBuffer@460916c[p=0,l=291,c=8192,r=291]={<<<GET /HelloServlet HTTP/1....nection: keep-alive\r\n\r\n>>>/jpeg, *;...\x00\x00\x00\x00\x00\x00\x00}
[DEBUG] HttpConnection@3e7171e5::SocketChannelEndPoint@3d491fad{l=/127.0.0.1:35372,r=/127.0.0.1:60190,OPEN,fill=-,flush=-,to=0/30000}{io=0/0,kio=0,kro=1}->HttpConnection@3e7171e5[p=HttpParser{s=START,0 of -1},g=HttpGenerator@274dcaa5{s=START}]=>HttpChannelOverHttp@36eb5f45{s=HttpChannelState@23232c72{s=IDLE rs=BLOCKING os=OPEN is=IDLE awp=false se=false i=true al=0},r=4,c=false/false,a=IDLE,uri=null,age=0} parse HeapByteBuffer@460916c[p=0,l=291,c=8192,r=291]={<<<GET /HelloServlet HTTP/1....nection: keep-alive\r\n\r\n>>>/jpeg, *;...\x00\x00\x00\x00\x00\x00\x00} {}
[DEBUG] parseNext s=START HeapByteBuffer@460916c[p=0,l=291,c=8192,r=291]={<<<GET /HelloServlet HTTP/1....nection: keep-alive\r\n\r\n>>>/jpeg, *;...\x00\x00\x00\x00\x00\x00\x00}
[DEBUG] START --> SPACE1
[DEBUG] SPACE1 --> URI
[DEBUG] URI --> SPACE2
[DEBUG] SPACE2 --> REQUEST_VERSION
[DEBUG] REQUEST_VERSION --> HEADER
[DEBUG] HEADER:Accept-Encoding: gzip --> IN_VALUE
[DEBUG] HEADER:Accept-Encoding: gzip --> FIELD
[DEBUG] HEADER:User-Agent: Mozilla/5.0 (Windows NT 10.0; Win64; x64) AppleWebKit/537.36 (KHTML, like Gecko) Chrome/79.0.3945.130 Safari/537.36 --> IN_VALUE
[DEBUG] HEADER:User-Agent: Mozilla/5.0 (Windows NT 10.0; Win64; x64) AppleWebKit/537.36 (KHTML, like Gecko) Chrome/79.0.3945.130 Safari/537.36 --> FIELD
[DEBUG] HEADER:Host: localhost:35372 --> IN_VALUE
[DEBUG] HEADER:Host: localhost:35372 --> FIELD
[DEBUG] HEADER:Accept: text/html, image/gif, image/jpeg, *; q=.2, */*; q=.2 --> IN_VALUE
[DEBUG] HEADER:Accept: text/html, image/gif, image/jpeg, *; q=.2, */*; q=.2 --> FIELD
[DEBUG] HEADER:Connection: keep-alive --> IN_VALUE
[DEBUG] HEADER:Connection: keep-alive --> FIELD
[DEBUG] HEADER --> CONTENT
[DEBUG] REQUEST for //localhost:35372/HelloServlet on HttpChannelOverHttp@36eb5f45{s=HttpChannelState@23232c72{s=IDLE rs=BLOCKING os=OPEN is=IDLE awp=false se=false i=true al=0},r=5,c=false/false,a=IDLE,uri=//localhost:35372/HelloServlet,age=0}
GET //localhost:35372/HelloServlet HTTP/1.1
Accept-Encoding: gzip
User-Agent: Mozilla/5.0 (Windows NT 10.0; Win64; x64) AppleWebKit/537.36 (KHTML, like Gecko) Chrome/79.0.3945.130 Safari/537.36
Host: localhost:35372
Accept: text/html, image/gif, image/jpeg, *; q=.2, */*; q=.2
Connection: keep-alive


[DEBUG] HttpConnection@3e7171e5::SocketChannelEndPoint@3d491fad{l=/127.0.0.1:35372,r=/127.0.0.1:60190,OPEN,fill=-,flush=-,to=0/30000}{io=0/0,kio=0,kro=1}->HttpConnection@3e7171e5[p=HttpParser{s=CONTENT,0 of -1},g=HttpGenerator@274dcaa5{s=START}]=>HttpChannelOverHttp@36eb5f45{s=HttpChannelState@23232c72{s=IDLE rs=BLOCKING os=OPEN is=IDLE awp=false se=false i=true al=0},r=5,c=false/false,a=IDLE,uri=//localhost:35372/HelloServlet,age=0} parsed true HttpParser{s=CONTENT,0 of -1}
[DEBUG] releaseRequestBuffer HttpConnection@3e7171e5::SocketChannelEndPoint@3d491fad{l=/127.0.0.1:35372,r=/127.0.0.1:60190,OPEN,fill=-,flush=-,to=0/30000}{io=0/0,kio=0,kro=1}->HttpConnection@3e7171e5[p=HttpParser{s=CONTENT,0 of -1},g=HttpGenerator@274dcaa5{s=START}]=>HttpChannelOverHttp@36eb5f45{s=HttpChannelState@23232c72{s=IDLE rs=BLOCKING os=OPEN is=IDLE awp=false se=false i=true al=0},r=5,c=false/false,a=IDLE,uri=//localhost:35372/HelloServlet,age=0}
[DEBUG] handle //localhost:35372/HelloServlet HttpChannelOverHttp@36eb5f45{s=HttpChannelState@23232c72{s=IDLE rs=BLOCKING os=OPEN is=IDLE awp=false se=false i=true al=0},r=5,c=false/false,a=IDLE,uri=//localhost:35372/HelloServlet,age=0} 
[DEBUG] handling HttpChannelState@23232c72{s=IDLE rs=BLOCKING os=OPEN is=IDLE awp=false se=false i=true al=0}
[DEBUG] action DISPATCH HttpChannelOverHttp@36eb5f45{s=HttpChannelState@23232c72{s=HANDLING rs=BLOCKING os=OPEN is=IDLE awp=false se=false i=true al=0},r=5,c=false/false,a=HANDLING,uri=//localhost:35372/HelloServlet,age=0}
[DEBUG] REQUEST GET /HelloServlet on HttpChannelOverHttp@36eb5f45{s=HttpChannelState@23232c72{s=HANDLING rs=BLOCKING os=OPEN is=IDLE awp=false se=false i=true al=0},r=5,c=false/false,a=HANDLING,uri=//localhost:35372/HelloServlet,age=0}
[DEBUG] servlet null|/HelloServlet|null -> org.jsoup.integration.servlets.HelloServlet-4fcc0416==org.jsoup.integration.servlets.HelloServlet@435c38c6{jsp=null,order=-1,inst=false,async=true,src=EMBEDDED:null,STARTED}
[DEBUG] chain=null
[DEBUG] Servlet.init null for org.jsoup.integration.servlets.HelloServlet-4fcc0416
[DEBUG] write(array HeapByteBuffer@519a2b2d[p=0,l=16,c=512,r=16]={<<<<p>Hello, World!>>>ncoding</...\x00\x00\x00\x00\x00\x00\x00})
[DEBUG] write(array) s=OPEN,api=BLOCKING,sc=false,e=null aggregated !flush DirectByteBuffer@7c27fa39[p=0,l=16,c=32768,r=16]={<<<<p>Hello, World!>>> Environm...gue. Pr}
[DEBUG] handled=true async=false committed=false on HttpChannelOverHttp@36eb5f45{s=HttpChannelState@23232c72{s=HANDLING rs=BLOCKING os=OPEN is=IDLE awp=false se=false i=true al=0},r=5,c=false/false,a=HANDLING,uri=//localhost:35372/HelloServlet,age=0}
[DEBUG] unhandle HttpChannelState@23232c72{s=HANDLING rs=BLOCKING os=OPEN is=IDLE awp=false se=false i=true al=0}
[DEBUG] nextAction(false) COMPLETE HttpChannelState@23232c72{s=HANDLING rs=COMPLETING os=OPEN is=IDLE awp=false se=false i=false al=0}
[DEBUG] action COMPLETE HttpChannelOverHttp@36eb5f45{s=HttpChannelState@23232c72{s=HANDLING rs=COMPLETING os=OPEN is=IDLE awp=false se=false i=false al=0},r=5,c=false/false,a=HANDLING,uri=//localhost:35372/HelloServlet,age=0}
[DEBUG] filled 0 HeapByteBuffer@1ef04a69[p=0,l=0,c=8192,r=0]={<<<>>>POST /Ech...\x00\x00\x00\x00\x00\x00\x00}
[DEBUG] filled 0 HeapByteBuffer@1ef04a69[p=0,l=0,c=8192,r=0]={<<<>>>POST /Ech...\x00\x00\x00\x00\x00\x00\x00}
[DEBUG] HttpConnection@3e7171e5::SocketChannelEndPoint@3d491fad{l=/127.0.0.1:35372,r=/127.0.0.1:60190,OPEN,fill=-,flush=-,to=1/30000}{io=0/0,kio=0,kro=1}->HttpConnection@3e7171e5[p=HttpParser{s=CONTENT,0 of -1},g=HttpGenerator@274dcaa5{s=START}]=>HttpChannelOverHttp@36eb5f45{s=HttpChannelState@23232c72{s=HANDLING rs=COMPLETING os=OPEN is=IDLE awp=false se=false i=false al=0},r=5,c=false/false,a=HANDLING,uri=//localhost:35372/HelloServlet,age=1} filled 0 HeapByteBuffer@1ef04a69[p=0,l=0,c=8192,r=0]={<<<>>>POST /Ech...\x00\x00\x00\x00\x00\x00\x00}
[DEBUG] HttpConnection@3e7171e5::SocketChannelEndPoint@3d491fad{l=/127.0.0.1:35372,r=/127.0.0.1:60190,OPEN,fill=-,flush=-,to=1/30000}{io=0/0,kio=0,kro=1}->HttpConnection@3e7171e5[p=HttpParser{s=CONTENT,0 of -1},g=HttpGenerator@274dcaa5{s=START}]=>HttpChannelOverHttp@36eb5f45{s=HttpChannelState@23232c72{s=HANDLING rs=COMPLETING os=OPEN is=IDLE awp=false se=false i=false al=0},r=5,c=false/false,a=HANDLING,uri=//localhost:35372/HelloServlet,age=1} parse HeapByteBuffer@1ef04a69[p=0,l=0,c=8192,r=0]={<<<>>>POST /Ech...\x00\x00\x00\x00\x00\x00\x00} {}
[DEBUG] parseNext s=CONTENT HeapByteBuffer@1ef04a69[p=0,l=0,c=8192,r=0]={<<<>>>POST /Ech...\x00\x00\x00\x00\x00\x00\x00}
[DEBUG] CONTENT --> CONTENT_END
[DEBUG] onContentComplete HttpChannelOverHttp@36eb5f45{s=HttpChannelState@23232c72{s=HANDLING rs=COMPLETING os=OPEN is=IDLE awp=false se=false i=false al=0},r=5,c=false/false,a=HANDLING,uri=//localhost:35372/HelloServlet,age=1}
[DEBUG] CONTENT_END --> END
[DEBUG] onRequestComplete HttpChannelOverHttp@36eb5f45{s=HttpChannelState@23232c72{s=HANDLING rs=COMPLETING os=OPEN is=IDLE awp=false se=false i=false al=0},r=5,c=false/false,a=HANDLING,uri=//localhost:35372/HelloServlet,age=1}
[DEBUG] HttpInputOverHTTP@376cf161[c=0,q=0,[0]=null,s=STREAM] addContent EOF
[DEBUG] HttpConnection@3e7171e5::SocketChannelEndPoint@3d491fad{l=/127.0.0.1:35372,r=/127.0.0.1:60190,OPEN,fill=-,flush=-,to=1/30000}{io=0/0,kio=0,kro=1}->HttpConnection@3e7171e5[p=HttpParser{s=END,0 of -1},g=HttpGenerator@274dcaa5{s=START}]=>HttpChannelOverHttp@36eb5f45{s=HttpChannelState@23232c72{s=HANDLING rs=COMPLETING os=OPEN is=IDLE awp=false se=false i=false al=0},r=5,c=false/false,a=HANDLING,uri=//localhost:35372/HelloServlet,age=1} parsed false HttpParser{s=END,0 of -1}
[DEBUG] releaseRequestBuffer HttpConnection@3e7171e5::SocketChannelEndPoint@3d491fad{l=/127.0.0.1:35372,r=/127.0.0.1:60190,OPEN,fill=-,flush=-,to=2/30000}{io=0/0,kio=0,kro=1}->HttpConnection@3e7171e5[p=HttpParser{s=END,0 of -1},g=HttpGenerator@274dcaa5{s=START}]=>HttpChannelOverHttp@36eb5f45{s=HttpChannelState@23232c72{s=HANDLING rs=COMPLETING os=OPEN is=IDLE awp=false se=false i=false al=0},r=5,c=false/false,a=HANDLING,uri=//localhost:35372/HelloServlet,age=1}
[DEBUG] complete(org.eclipse.jetty.util.Callback$3@7d9bf021) s=CLOSING,api=BLOCKED,sc=false,e=null s=false e=null, c=DirectByteBuffer@7c27fa39[p=0,l=16,c=32768,r=16]={<<<<p>Hello, World!>>> Environm...gue. Pr}
[DEBUG] sendResponse info=null content=DirectByteBuffer@7c27fa39[p=0,l=16,c=32768,r=16]={<<<<p>Hello, World!>>> Environm...gue. Pr} complete=true committing=true callback=org.eclipse.jetty.server.HttpOutput$WriteCompleteCB@64a0ff3e
[DEBUG] COMMIT for /HelloServlet on HttpChannelOverHttp@36eb5f45{s=HttpChannelState@23232c72{s=HANDLING rs=COMPLETING os=COMMITTED is=IDLE awp=false se=false i=false al=0},r=5,c=false/false,a=HANDLING,uri=//localhost:35372/HelloServlet,age=1}
200 null HTTP/1.1
Date: Tue, 28 Sep 2021 06:03:32 GMT
Content-Type: text/html;charset=utf-8


[DEBUG] generate: NEED_HEADER for SendCallback@410c6bef[PROCESSING][i=HTTP/1.1{s=200,h=2,cl=-1},cb=org.eclipse.jetty.server.HttpChannel$SendCallback@64e78117] (null,[p=0,l=16,c=32768,r=16],true)@START
[DEBUG] generateHeaders HTTP/1.1{s=200,h=2,cl=-1} last=true content=DirectByteBuffer@7c27fa39[p=0,l=16,c=32768,r=16]={<<<<p>Hello, World!>>> Environm...gue. Pr}
[DEBUG] Date: Tue, 28 Sep 2021 06:03:32 GMT
Content-Type: text/html;charset=utf-8


[DEBUG] CONTENT_LENGTH
[DEBUG] generate: FLUSH for SendCallback@410c6bef[PROCESSING][i=HTTP/1.1{s=200,h=2,cl=-1},cb=org.eclipse.jetty.server.HttpChannel$SendCallback@64e78117] ([p=0,l=148,c=8192,r=148],[p=0,l=16,c=32768,r=16],true)@COMPLETING
[DEBUG] write: WriteFlusher@2071150d{IDLE}->null [HeapByteBuffer@2a66826a[p=0,l=148,c=8192,r=148]={<<<HTTP/1.1 200 OK\r\nDate: Tu...y(9.4.43.v20210629)\r\n\r\n>>>10629)\r\n\r...\x86&h\xA0{\xC1\xC2},DirectByteBuffer@7c27fa39[p=0,l=16,c=32768,r=16]={<<<<p>Hello, World!>>> Environm...gue. Pr}]
[DEBUG] update WriteFlusher@2071150d{WRITING}->null:IDLE-->WRITING
]]></system-out>
  </testcase>
  <testcase name="doesPost" classname="org.jsoup.integration.ConnectTest" time="0.03">
    <system-out><![CDATA[[DEBUG] flushed 164 SocketChannelEndPoint@3d491fad{l=/127.0.0.1:35372,r=/127.0.0.1:60190,OPEN,fill=-,flush=W,to=11/30000}{io=0/0,kio=0,kro=1}->HttpConnection@3e7171e5[p=HttpParser{s=END,0 of -1},g=HttpGenerator@274dcaa5{s=COMPLETING}]=>HttpChannelOverHttp@36eb5f45{s=HttpChannelState@23232c72{s=HANDLING rs=COMPLETING os=COMMITTED is=IDLE awp=false se=false i=false al=0},r=5,c=false/false,a=HANDLING,uri=//localhost:35372/HelloServlet,age=11}
[DEBUG] Flushed=true written=164 remaining=0 WriteFlusher@2071150d{WRITING}->null
[DEBUG] update WriteFlusher@2071150d{IDLE}->null:WRITING-->IDLE
[DEBUG] generate: DONE for SendCallback@410c6bef[PROCESSING][i=HTTP/1.1{s=200,h=2,cl=-1},cb=org.eclipse.jetty.server.HttpChannel$SendCallback@64e78117] ([p=148,l=148,c=8192,r=0],[p=16,l=16,c=32768,r=0],true)@END
[DEBUG] onWriteComplete(true,null) s=CLOSING,api=BLOCKED,sc=false,e=null->s=CLOSED,api=BLOCKING,sc=false,e=null c=null cb=org.eclipse.jetty.util.Callback$3@7d9bf021 w=false
[DEBUG] completed HttpChannelState@23232c72{s=HANDLING rs=COMPLETING os=COMPLETED is=IDLE awp=false se=false i=false al=0}
[DEBUG] unhandle HttpChannelState@23232c72{s=HANDLING rs=COMPLETED os=COMPLETED is=IDLE awp=false se=false i=false al=0}
[DEBUG] nextAction(false) TERMINATED HttpChannelState@23232c72{s=IDLE rs=COMPLETED os=COMPLETED is=IDLE awp=false se=false i=false al=0}
[DEBUG] action TERMINATED HttpChannelOverHttp@36eb5f45{s=HttpChannelState@23232c72{s=IDLE rs=COMPLETED os=COMPLETED is=IDLE awp=false se=false i=false al=0},r=5,c=true/true,a=IDLE,uri=//localhost:35372/HelloServlet,age=11}
[DEBUG] onCompleted for /HelloServlet written=16
[DEBUG] recycle HttpChannelState@23232c72{s=IDLE rs=COMPLETED os=COMPLETED is=IDLE awp=false se=false i=false al=0}
[DEBUG] reset HttpParser{s=END,0 of -1}
[DEBUG] END --> START
[DEBUG] !handle TERMINATED HttpChannelOverHttp@36eb5f45{s=HttpChannelState@23232c72{s=IDLE rs=BLOCKING os=OPEN is=IDLE awp=false se=false i=true al=0},r=5,c=false/false,a=IDLE,uri=null,age=0}
[DEBUG] filled 459 HeapByteBuffer@460916c[p=0,l=459,c=8192,r=459]={<<<POST /EchoServlet HTTP/1....BA%A6%E4%B8%80%E4%B8%8B>>>ata; name...\x00\x00\x00\x00\x00\x00\x00}
[DEBUG] HttpConnection@3e7171e5::SocketChannelEndPoint@3d491fad{l=/127.0.0.1:35372,r=/127.0.0.1:60190,OPEN,fill=-,flush=-,to=0/30000}{io=0/0,kio=0,kro=1}->HttpConnection@3e7171e5[p=HttpParser{s=START,0 of -1},g=HttpGenerator@274dcaa5{s=START}]=>HttpChannelOverHttp@36eb5f45{s=HttpChannelState@23232c72{s=IDLE rs=BLOCKING os=OPEN is=IDLE awp=false se=false i=true al=0},r=5,c=false/false,a=IDLE,uri=null,age=0} filled 459 HeapByteBuffer@460916c[p=0,l=459,c=8192,r=459]={<<<POST /EchoServlet HTTP/1....BA%A6%E4%B8%80%E4%B8%8B>>>ata; name...\x00\x00\x00\x00\x00\x00\x00}
[DEBUG] HttpConnection@3e7171e5::SocketChannelEndPoint@3d491fad{l=/127.0.0.1:35372,r=/127.0.0.1:60190,OPEN,fill=-,flush=-,to=1/30000}{io=0/0,kio=0,kro=1}->HttpConnection@3e7171e5[p=HttpParser{s=START,0 of -1},g=HttpGenerator@274dcaa5{s=START}]=>HttpChannelOverHttp@36eb5f45{s=HttpChannelState@23232c72{s=IDLE rs=BLOCKING os=OPEN is=IDLE awp=false se=false i=true al=0},r=5,c=false/false,a=IDLE,uri=null,age=0} parse HeapByteBuffer@460916c[p=0,l=459,c=8192,r=459]={<<<POST /EchoServlet HTTP/1....BA%A6%E4%B8%80%E4%B8%8B>>>ata; name...\x00\x00\x00\x00\x00\x00\x00} {}
[DEBUG] parseNext s=START HeapByteBuffer@460916c[p=0,l=459,c=8192,r=459]={<<<POST /EchoServlet HTTP/1....BA%A6%E4%B8%80%E4%B8%8B>>>ata; name...\x00\x00\x00\x00\x00\x00\x00}
[DEBUG] START --> SPACE1
[DEBUG] SPACE1 --> URI
[DEBUG] URI --> SPACE2
[DEBUG] SPACE2 --> REQUEST_VERSION
[DEBUG] REQUEST_VERSION --> HEADER
[DEBUG] HEADER:Cookie --> VALUE
[DEBUG] HEADER:Cookie --> IN_VALUE
[DEBUG] HEADER:Cookie --> FIELD
[DEBUG] HEADER:Accept-Encoding: gzip --> IN_VALUE
[DEBUG] HEADER:Accept-Encoding: gzip --> FIELD
[DEBUG] HEADER:User-Agent: Mozilla/5.0 (Windows NT 10.0; Win64; x64) AppleWebKit/537.36 (KHTML, like Gecko) Chrome/79.0.3945.130 Safari/537.36 --> IN_VALUE
[DEBUG] HEADER:User-Agent: Mozilla/5.0 (Windows NT 10.0; Win64; x64) AppleWebKit/537.36 (KHTML, like Gecko) Chrome/79.0.3945.130 Safari/537.36 --> FIELD
[DEBUG] HEADER:Content-Type: application/x-www-form-urlencoded; charset=UTF-8 --> IN_VALUE
[DEBUG] HEADER:Content-Type: application/x-www-form-urlencoded; charset=UTF-8 --> FIELD
[DEBUG] HEADER:Host: localhost:35372 --> IN_VALUE
[DEBUG] HEADER:Host: localhost:35372 --> FIELD
[DEBUG] HEADER:Accept: text/html, image/gif, image/jpeg, *; q=.2, */*; q=.2 --> IN_VALUE
[DEBUG] HEADER:Accept: text/html, image/gif, image/jpeg, *; q=.2, */*; q=.2 --> FIELD
[DEBUG] HEADER:Connection: keep-alive --> IN_VALUE
[DEBUG] HEADER:Connection: keep-alive --> FIELD
[DEBUG] HEADER:Content-Length --> VALUE
[DEBUG] HEADER:Content-Length --> IN_VALUE
[DEBUG] HEADER:Content-Length --> FIELD
[DEBUG] HEADER --> CONTENT
[DEBUG] REQUEST for //localhost:35372/EchoServlet on HttpChannelOverHttp@36eb5f45{s=HttpChannelState@23232c72{s=IDLE rs=BLOCKING os=OPEN is=IDLE awp=false se=false i=true al=0},r=6,c=false/false,a=IDLE,uri=//localhost:35372/EchoServlet,age=0}
POST //localhost:35372/EchoServlet HTTP/1.1
Cookie: auth=token
Accept-Encoding: gzip
User-Agent: Mozilla/5.0 (Windows NT 10.0; Win64; x64) AppleWebKit/537.36 (KHTML, like Gecko) Chrome/79.0.3945.130 Safari/537.36
Content-Type: application/x-www-form-urlencoded; charset=UTF-8
Host: localhost:35372
Accept: text/html, image/gif, image/jpeg, *; q=.2, */*; q=.2
Connection: keep-alive
Content-Length: 64


[DEBUG] HttpConnection@3e7171e5::SocketChannelEndPoint@3d491fad{l=/127.0.0.1:35372,r=/127.0.0.1:60190,OPEN,fill=-,flush=-,to=5/30000}{io=0/0,kio=0,kro=1}->HttpConnection@3e7171e5[p=HttpParser{s=CONTENT,0 of 64},g=HttpGenerator@274dcaa5{s=START}]=>HttpChannelOverHttp@36eb5f45{s=HttpChannelState@23232c72{s=IDLE rs=BLOCKING os=OPEN is=IDLE awp=false se=false i=true al=0},r=6,c=false/false,a=IDLE,uri=//localhost:35372/EchoServlet,age=1} parsed true HttpParser{s=CONTENT,0 of 64}
[DEBUG] handle //localhost:35372/EchoServlet HttpChannelOverHttp@36eb5f45{s=HttpChannelState@23232c72{s=IDLE rs=BLOCKING os=OPEN is=IDLE awp=false se=false i=true al=0},r=6,c=false/false,a=IDLE,uri=//localhost:35372/EchoServlet,age=1} 
[DEBUG] handling HttpChannelState@23232c72{s=IDLE rs=BLOCKING os=OPEN is=IDLE awp=false se=false i=true al=0}
[DEBUG] action DISPATCH HttpChannelOverHttp@36eb5f45{s=HttpChannelState@23232c72{s=HANDLING rs=BLOCKING os=OPEN is=IDLE awp=false se=false i=true al=0},r=6,c=false/false,a=HANDLING,uri=//localhost:35372/EchoServlet,age=1}
[DEBUG] REQUEST POST /EchoServlet on HttpChannelOverHttp@36eb5f45{s=HttpChannelState@23232c72{s=HANDLING rs=BLOCKING os=OPEN is=IDLE awp=false se=false i=true al=0},r=6,c=false/false,a=HANDLING,uri=//localhost:35372/EchoServlet,age=1}
[DEBUG] servlet null|/EchoServlet|null -> org.jsoup.integration.servlets.EchoServlet-60d1a32f==org.jsoup.integration.servlets.EchoServlet@1f7ecb09{jsp=null,order=-1,inst=true,async=true,src=EMBEDDED:null,STARTED}
[DEBUG] chain=null
[DEBUG] write(array HeapByteBuffer@64a40de5[p=0,l=235,c=512,r=235]={<<<<title>Webserver Environm...\n    <table border="0">>>>\x00\x00\x00\x00\x00\x00\x00\x00\x00...\x00\x00\x00\x00\x00\x00\x00})
[DEBUG] write(array) s=OPEN,api=BLOCKING,sc=false,e=null aggregated !flush DirectByteBuffer@38e5eb8d[p=0,l=235,c=32768,r=235]={<<<<title>Webserver Environm...\n    <table border="0">>>>="_functi...gue. Pr}
[DEBUG] write(array HeapByteBuffer@461cf3a8[p=0,l=37,c=512,r=37]={<<<<tr><th>Method</th><td>POST</td></tr>>>>s</title>...\x00\x00\x00\x00\x00\x00\x00})
[DEBUG] write(array) s=OPEN,api=BLOCKING,sc=false,e=null aggregated !flush DirectByteBuffer@38e5eb8d[p=0,l=272,c=32768,r=272]={<<<<title>Webserver Environm...</th><td>POST</td></tr>>>>or="_file...gue. Pr}
[DEBUG] write(array HeapByteBuffer@2526ad5a[p=0,l=1,c=512,r=1]={<<<\n>>>tr><th>Me...\x00\x00\x00\x00\x00\x00\x00})
[DEBUG] write(array) s=OPEN,api=BLOCKING,sc=false,e=null aggregated !flush DirectByteBuffer@38e5eb8d[p=0,l=273,c=32768,r=273]={<<<<title>Webserver Environm.../th><td>POST</td></tr>\n>>>r="_file"...gue. Pr}
[DEBUG] write(array HeapByteBuffer@7d917fd0[p=0,l=50,c=512,r=50]={<<<<tr><th>Request URI</th><...>/EchoServlet</td></tr>>>> <style t...\x00\x00\x00\x00\x00\x00\x00})
[DEBUG] write(array) s=OPEN,api=BLOCKING,sc=false,e=null aggregated !flush DirectByteBuffer@38e5eb8d[p=0,l=323,c=32768,r=323]={<<<<title>Webserver Environm...>/EchoServlet</td></tr>>>>="_file" ...gue. Pr}
[DEBUG] write(array HeapByteBuffer@399e9ea2[p=0,l=1,c=512,r=1]={<<<\n>>>tr><th>Re...\x00\x00\x00\x00\x00\x00\x00})
[DEBUG] write(array) s=OPEN,api=BLOCKING,sc=false,e=null aggregated !flush DirectByteBuffer@38e5eb8d[p=0,l=324,c=32768,r=324]={<<<<title>Webserver Environm.../EchoServlet</td></tr>\n>>>"_file" t...gue. Pr}
[DEBUG] write(array HeapByteBuffer@18bebb8a[p=0,l=39,c=512,r=39]={<<<<tr><th>Query String</th><td></td></tr>>>>t</td></t...\x00\x00\x00\x00\x00\x00\x00})
[DEBUG] write(array) s=OPEN,api=BLOCKING,sc=false,e=null aggregated !flush DirectByteBuffer@38e5eb8d[p=0,l=363,c=32768,r=363]={<<<<title>Webserver Environm...ring</th><td></td></tr>>>> type="su...gue. Pr}
[DEBUG] write(array HeapByteBuffer@8e289ba[p=0,l=1,c=512,r=1]={<<<\n>>>tr><th>Qu...\x00\x00\x00\x00\x00\x00\x00})
[DEBUG] write(array) s=OPEN,api=BLOCKING,sc=false,e=null aggregated !flush DirectByteBuffer@38e5eb8d[p=0,l=364,c=32768,r=364]={<<<<title>Webserver Environm...ing</th><td></td></tr>\n>>>type="sub...gue. Pr}
[DEBUG] write(array HeapByteBuffer@7e7b1889[p=0,l=43,c=512,r=43]={<<<<tr><th>Cookie</th><td>auth=token</td></tr>>>>d></tr> <...\x00\x00\x00\x00\x00\x00\x00})
[DEBUG] write(array) s=OPEN,api=BLOCKING,sc=false,e=null aggregated !flush DirectByteBuffer@38e5eb8d[p=0,l=407,c=32768,r=407]={<<<<title>Webserver Environm...td>auth=token</td></tr>>>>ccept</th...gue. Pr}
[DEBUG] write(array HeapByteBuffer@335de26a[p=0,l=1,c=512,r=1]={<<<\n>>>tr><th>Co...\x00\x00\x00\x00\x00\x00\x00})
[DEBUG] write(array) s=OPEN,api=BLOCKING,sc=false,e=null aggregated !flush DirectByteBuffer@38e5eb8d[p=0,l=408,c=32768,r=408]={<<<<title>Webserver Environm...d>auth=token</td></tr>\n>>>cept</th>...gue. Pr}
[DEBUG] write(array HeapByteBuffer@5ed27d60[p=0,l=85,c=512,r=85]={<<<<tr><th>Accept</th><td>te....2, */*; q=.2</td></tr>>>>, td, th ...\x00\x00\x00\x00\x00\x00\x00})
[DEBUG] write(array) s=OPEN,api=BLOCKING,sc=false,e=null aggregated !flush DirectByteBuffer@38e5eb8d[p=0,l=493,c=32768,r=493]={<<<<title>Webserver Environm....2, */*; q=.2</td></tr>>>>ser-Agent...gue. Pr}
[DEBUG] write(array HeapByteBuffer@42618059[p=0,l=1,c=512,r=1]={<<<\n>>>tr><th>Ac...\x00\x00\x00\x00\x00\x00\x00})
[DEBUG] write(array) s=OPEN,api=BLOCKING,sc=false,e=null aggregated !flush DirectByteBuffer@38e5eb8d[p=0,l=494,c=32768,r=494]={<<<<title>Webserver Environm...2, */*; q=.2</td></tr>\n>>>er-Agent<...gue. Pr}
[DEBUG] write(array HeapByteBuffer@64f867cc[p=0,l=152,c=512,r=152]={<<<<tr><th>User-Agent</th><t...Safari/537.36</td></tr>>>>      th ...\x00\x00\x00\x00\x00\x00\x00})
[DEBUG] write(array) s=OPEN,api=BLOCKING,sc=false,e=null aggregated !flush DirectByteBuffer@38e5eb8d[p=0,l=646,c=32768,r=646]={<<<<title>Webserver Environm...Safari/537.36</td></tr>>>>onnection...gue. Pr}
[DEBUG] write(array HeapByteBuffer@38ea978b[p=0,l=1,c=512,r=1]={<<<\n>>>tr><th>Us...\x00\x00\x00\x00\x00\x00\x00})
[DEBUG] write(array) s=OPEN,api=BLOCKING,sc=false,e=null aggregated !flush DirectByteBuffer@38e5eb8d[p=0,l=647,c=32768,r=647]={<<<<title>Webserver Environm...afari/537.36</td></tr>\n>>>nnection<...gue. Pr}
[DEBUG] write(array HeapByteBuffer@751ed48b[p=0,l=47,c=512,r=47]={<<<<tr><th>Connection</th><td>keep-alive</td></tr>>>> NT 10.0;...\x00\x00\x00\x00\x00\x00\x00})
[DEBUG] write(array) s=OPEN,api=BLOCKING,sc=false,e=null aggregated !flush DirectByteBuffer@38e5eb8d[p=0,l=694,c=32768,r=694]={<<<<title>Webserver Environm...td>keep-alive</td></tr>>>>ost</th><...gue. Pr}
[DEBUG] write(array HeapByteBuffer@3b33e139[p=0,l=1,c=512,r=1]={<<<\n>>>tr><th>Co...\x00\x00\x00\x00\x00\x00\x00})
[DEBUG] write(array) s=OPEN,api=BLOCKING,sc=false,e=null aggregated !flush DirectByteBuffer@38e5eb8d[p=0,l=695,c=32768,r=695]={<<<<title>Webserver Environm...d>keep-alive</td></tr>\n>>>st</th><t...gue. Pr}
[DEBUG] write(array HeapByteBuffer@1c523794[p=0,l=46,c=512,r=46]={<<<<tr><th>Host</th><td>localhost:35372</td></tr>>>>> NT 10.0...\x00\x00\x00\x00\x00\x00\x00})
[DEBUG] write(array) s=OPEN,api=BLOCKING,sc=false,e=null aggregated !flush DirectByteBuffer@38e5eb8d[p=0,l=741,c=32768,r=741]={<<<<title>Webserver Environm...calhost:35372</td></tr>>>>ccept-Enc...gue. Pr}
[DEBUG] write(array HeapByteBuffer@7068ad5a[p=0,l=1,c=512,r=1]={<<<\n>>>tr><th>Ho...\x00\x00\x00\x00\x00\x00\x00})
[DEBUG] write(array) s=OPEN,api=BLOCKING,sc=false,e=null aggregated !flush DirectByteBuffer@38e5eb8d[p=0,l=742,c=32768,r=742]={<<<<title>Webserver Environm...alhost:35372</td></tr>\n>>>cept-Enco...gue. Pr}
[DEBUG] write(array HeapByteBuffer@73d19550[p=0,l=46,c=512,r=46]={<<<<tr><th>Accept-Encoding</th><td>gzip</td></tr>>>>> NT 10.0...\x00\x00\x00\x00\x00\x00\x00})
[DEBUG] write(array) s=OPEN,api=BLOCKING,sc=false,e=null aggregated !flush DirectByteBuffer@38e5eb8d[p=0,l=788,c=32768,r=788]={<<<<title>Webserver Environm...</th><td>gzip</td></tr>>>>us diam. ...gue. Pr}
[DEBUG] write(array HeapByteBuffer@57cf883a[p=0,l=1,c=512,r=1]={<<<\n>>>tr><th>Ac...\x00\x00\x00\x00\x00\x00\x00})
[DEBUG] write(array) s=OPEN,api=BLOCKING,sc=false,e=null aggregated !flush DirectByteBuffer@38e5eb8d[p=0,l=789,c=32768,r=789]={<<<<title>Webserver Environm.../th><td>gzip</td></tr>\n>>>s diam. S...gue. Pr}
[DEBUG] write(array HeapByteBuffer@5aacfbc0[p=0,l=43,c=512,r=43]={<<<<tr><th>Content-Length</th><td>64</td></tr>>>>tr>> NT 1...\x00\x00\x00\x00\x00\x00\x00})
[DEBUG] write(array) s=OPEN,api=BLOCKING,sc=false,e=null aggregated !flush DirectByteBuffer@38e5eb8d[p=0,l=832,c=32768,r=832]={<<<<title>Webserver Environm...th</th><td>64</td></tr>>>>ementum i...gue. Pr}
[DEBUG] write(array HeapByteBuffer@6f9b9fb2[p=0,l=1,c=512,r=1]={<<<\n>>>tr><th>Co...\x00\x00\x00\x00\x00\x00\x00})
[DEBUG] write(array) s=OPEN,api=BLOCKING,sc=false,e=null aggregated !flush DirectByteBuffer@38e5eb8d[p=0,l=833,c=32768,r=833]={<<<<title>Webserver Environm...h</th><td>64</td></tr>\n>>>mentum im...gue. Pr}
[DEBUG] write(array HeapByteBuffer@101fec04[p=0,l=87,c=512,r=87]={<<<<tr><th>Content-Type</th>...charset=UTF-8</td></tr>>>> (KHTML, ...\x00\x00\x00\x00\x00\x00\x00})
[DEBUG] write(array) s=OPEN,api=BLOCKING,sc=false,e=null aggregated !flush DirectByteBuffer@38e5eb8d[p=0,l=920,c=32768,r=920]={<<<<title>Webserver Environm...charset=UTF-8</td></tr>>>>er porta....gue. Pr}
[DEBUG] write(array HeapByteBuffer@3bba3865[p=0,l=1,c=512,r=1]={<<<\n>>>tr><th>Co...\x00\x00\x00\x00\x00\x00\x00})
[DEBUG] write(array) s=OPEN,api=BLOCKING,sc=false,e=null aggregated !flush DirectByteBuffer@38e5eb8d[p=0,l=921,c=32768,r=921]={<<<<title>Webserver Environm...harset=UTF-8</td></tr>\n>>>r porta. ...gue. Pr}
[DEBUG] write(array HeapByteBuffer@675b629[p=0,l=44,c=512,r=44]={<<<<tr><th>Cookie: auth</th><td>token</td></tr>>>>ww-form-u...\x00\x00\x00\x00\x00\x00\x00})
[DEBUG] write(array) s=OPEN,api=BLOCKING,sc=false,e=null aggregated !flush DirectByteBuffer@38e5eb8d[p=0,l=965,c=32768,r=965]={<<<<title>Webserver Environm.../th><td>token</td></tr>>>>cu eget n...gue. Pr}
[DEBUG] write(array HeapByteBuffer@3520cf5a[p=0,l=1,c=512,r=1]={<<<\n>>>tr><th>Co...\x00\x00\x00\x00\x00\x00\x00})
[DEBUG] write(array) s=OPEN,api=BLOCKING,sc=false,e=null aggregated !flush DirectByteBuffer@38e5eb8d[p=0,l=966,c=32768,r=966]={<<<<title>Webserver Environm...th><td>token</td></tr>\n>>>u eget nu...gue. Pr}
[DEBUG] HttpConnection@3e7171e5::SocketChannelEndPoint@3d491fad{l=/127.0.0.1:35372,r=/127.0.0.1:60190,OPEN,fill=-,flush=-,to=10/30000}{io=0/0,kio=0,kro=1}->HttpConnection@3e7171e5[p=HttpParser{s=CONTENT,0 of 64},g=HttpGenerator@274dcaa5{s=START}]=>HttpChannelOverHttp@36eb5f45{s=HttpChannelState@23232c72{s=HANDLING rs=BLOCKING os=OPEN is=IDLE awp=false se=false i=true al=0},r=6,c=false/false,a=HANDLING,uri=//localhost:35372/EchoServlet,age=6} parse HeapByteBuffer@460916c[p=395,l=459,c=8192,r=64]={POST /Ech... 64\r\n\r\n<<<uname=Jsoup&uname=Jonatha...BA%A6%E4%B8%80%E4%B8%8B>>>ata; name...\x00\x00\x00\x00\x00\x00\x00} {}
[DEBUG] parseNext s=CONTENT HeapByteBuffer@460916c[p=395,l=459,c=8192,r=64]={POST /Ech... 64\r\n\r\n<<<uname=Jsoup&uname=Jonatha...BA%A6%E4%B8%80%E4%B8%8B>>>ata; name...\x00\x00\x00\x00\x00\x00\x00}
[DEBUG] onContent HttpChannelOverHttp@36eb5f45{s=HttpChannelState@23232c72{s=HANDLING rs=BLOCKING os=OPEN is=IDLE awp=false se=false i=true al=0},r=6,c=false/false,a=HANDLING,uri=//localhost:35372/EchoServlet,age=6} Content@5ab06a36{HeapByteBufferR@30230815[p=395,l=459,c=8192,r=64]={POST /Ech... 64\r\n\r\n<<<uname=Jsoup&uname=Jonatha...BA%A6%E4%B8%80%E4%B8%8B>>>ata; name...\x00\x00\x00\x00\x00\x00\x00}}
[DEBUG] HttpInputOverHTTP@376cf161[c=0,q=0,[0]=null,s=STREAM] addContent Content@5ab06a36{HeapByteBufferR@30230815[p=395,l=459,c=8192,r=64]={POST /Ech... 64\r\n\r\n<<<uname=Jsoup&uname=Jonatha...BA%A6%E4%B8%80%E4%B8%8B>>>ata; name...\x00\x00\x00\x00\x00\x00\x00}}
[DEBUG] CONTENT --> CONTENT_END
[DEBUG] onContentComplete HttpChannelOverHttp@36eb5f45{s=HttpChannelState@23232c72{s=HANDLING rs=BLOCKING os=OPEN is=IDLE awp=false se=false i=true al=0},r=6,c=false/false,a=HANDLING,uri=//localhost:35372/EchoServlet,age=6}
[DEBUG] CONTENT_END --> END
[DEBUG] onRequestComplete HttpChannelOverHttp@36eb5f45{s=HttpChannelState@23232c72{s=HANDLING rs=BLOCKING os=OPEN is=IDLE awp=false se=false i=true al=0},r=6,c=false/false,a=HANDLING,uri=//localhost:35372/EchoServlet,age=6}
[DEBUG] HttpInputOverHTTP@376cf161[c=0,q=1,[0]=EOF,s=STREAM] addContent EOF
[DEBUG] HttpConnection@3e7171e5::SocketChannelEndPoint@3d491fad{l=/127.0.0.1:35372,r=/127.0.0.1:60190,OPEN,fill=-,flush=-,to=11/30000}{io=0/0,kio=0,kro=1}->HttpConnection@3e7171e5[p=HttpParser{s=END,64 of 64},g=HttpGenerator@274dcaa5{s=START}]=>HttpChannelOverHttp@36eb5f45{s=HttpChannelState@23232c72{s=HANDLING rs=BLOCKING os=OPEN is=IDLE awp=false se=false i=true al=0},r=6,c=false/false,a=HANDLING,uri=//localhost:35372/EchoServlet,age=6} parsed false HttpParser{s=END,64 of 64}
[DEBUG] HttpInputOverHTTP@376cf161[c=1,q=1,[0]=EOF,s=STREAM] read 1 from Content@5ab06a36{HeapByteBufferR@30230815[p=396,l=459,c=8192,r=63]={POST /Ech...64\r\n\r\nu<<<name=Jsoup&uname=Jonathan...BA%A6%E4%B8%80%E4%B8%8B>>>ata; name...\x00\x00\x00\x00\x00\x00\x00}}
[DEBUG] HttpInputOverHTTP@376cf161[c=2,q=1,[0]=EOF,s=STREAM] read 1 from Content@5ab06a36{HeapByteBufferR@30230815[p=397,l=459,c=8192,r=62]={POST /Ech...4\r\n\r\nun<<<ame=Jsoup&uname=Jonathan&...BA%A6%E4%B8%80%E4%B8%8B>>>ata; name...\x00\x00\x00\x00\x00\x00\x00}}
[DEBUG] HttpInputOverHTTP@376cf161[c=3,q=1,[0]=EOF,s=STREAM] read 1 from Content@5ab06a36{HeapByteBufferR@30230815[p=398,l=459,c=8192,r=61]={POST /Ech...\r\n\r\nuna<<<me=Jsoup&uname=Jonathan&%...BA%A6%E4%B8%80%E4%B8%8B>>>ata; name...\x00\x00\x00\x00\x00\x00\x00}}
[DEBUG] HttpInputOverHTTP@376cf161[c=4,q=1,[0]=EOF,s=STREAM] read 1 from Content@5ab06a36{HeapByteBufferR@30230815[p=399,l=459,c=8192,r=60]={POST /Ech...\n\r\nunam<<<e=Jsoup&uname=Jonathan&%E...BA%A6%E4%B8%80%E4%B8%8B>>>ata; name...\x00\x00\x00\x00\x00\x00\x00}}
[DEBUG] HttpInputOverHTTP@376cf161[c=5,q=1,[0]=EOF,s=STREAM] read 1 from Content@5ab06a36{HeapByteBufferR@30230815[p=400,l=459,c=8192,r=59]={POST /Ech...\r\nuname<<<=Jsoup&uname=Jonathan&%E7...BA%A6%E4%B8%80%E4%B8%8B>>>ata; name...\x00\x00\x00\x00\x00\x00\x00}}
[DEBUG] HttpInputOverHTTP@376cf161[c=6,q=1,[0]=EOF,s=STREAM] read 1 from Content@5ab06a36{HeapByteBufferR@30230815[p=401,l=459,c=8192,r=58]={POST /Ech...\nuname=<<<Jsoup&uname=Jonathan&%E7%...BA%A6%E4%B8%80%E4%B8%8B>>>ata; name...\x00\x00\x00\x00\x00\x00\x00}}
[DEBUG] HttpInputOverHTTP@376cf161[c=7,q=1,[0]=EOF,s=STREAM] read 1 from Content@5ab06a36{HeapByteBufferR@30230815[p=402,l=459,c=8192,r=57]={POST /Ech...uname=J<<<soup&uname=Jonathan&%E7%9...BA%A6%E4%B8%80%E4%B8%8B>>>ata; name...\x00\x00\x00\x00\x00\x00\x00}}
[DEBUG] HttpInputOverHTTP@376cf161[c=8,q=1,[0]=EOF,s=STREAM] read 1 from Content@5ab06a36{HeapByteBufferR@30230815[p=403,l=459,c=8192,r=56]={POST /Ech...name=Js<<<oup&uname=Jonathan&%E7%99...BA%A6%E4%B8%80%E4%B8%8B>>>ata; name...\x00\x00\x00\x00\x00\x00\x00}}
[DEBUG] HttpInputOverHTTP@376cf161[c=9,q=1,[0]=EOF,s=STREAM] read 1 from Content@5ab06a36{HeapByteBufferR@30230815[p=404,l=459,c=8192,r=55]={POST /Ech...ame=Jso<<<up&uname=Jonathan&%E7%99%...BA%A6%E4%B8%80%E4%B8%8B>>>ata; name...\x00\x00\x00\x00\x00\x00\x00}}
[DEBUG] HttpInputOverHTTP@376cf161[c=10,q=1,[0]=EOF,s=STREAM] read 1 from Content@5ab06a36{HeapByteBufferR@30230815[p=405,l=459,c=8192,r=54]={POST /Ech...me=Jsou<<<p&uname=Jonathan&%E7%99%B...BA%A6%E4%B8%80%E4%B8%8B>>>ata; name...\x00\x00\x00\x00\x00\x00\x00}}
[DEBUG] HttpInputOverHTTP@376cf161[c=11,q=1,[0]=EOF,s=STREAM] read 1 from Content@5ab06a36{HeapByteBufferR@30230815[p=406,l=459,c=8192,r=53]={POST /Ech...e=Jsoup<<<&uname=Jonathan&%E7%99%BE...BA%A6%E4%B8%80%E4%B8%8B>>>ata; name...\x00\x00\x00\x00\x00\x00\x00}}
[DEBUG] HttpInputOverHTTP@376cf161[c=12,q=1,[0]=EOF,s=STREAM] read 1 from Content@5ab06a36{HeapByteBufferR@30230815[p=407,l=459,c=8192,r=52]={POST /Ech...=Jsoup&<<<uname=Jonathan&%E7%99%BE=...BA%A6%E4%B8%80%E4%B8%8B>>>ata; name...\x00\x00\x00\x00\x00\x00\x00}}
[DEBUG] HttpInputOverHTTP@376cf161[c=13,q=1,[0]=EOF,s=STREAM] read 1 from Content@5ab06a36{HeapByteBufferR@30230815[p=408,l=459,c=8192,r=51]={POST /Ech...Jsoup&u<<<name=Jonathan&%E7%99%BE=%...BA%A6%E4%B8%80%E4%B8%8B>>>ata; name...\x00\x00\x00\x00\x00\x00\x00}}
[DEBUG] HttpInputOverHTTP@376cf161[c=14,q=1,[0]=EOF,s=STREAM] read 1 from Content@5ab06a36{HeapByteBufferR@30230815[p=409,l=459,c=8192,r=50]={POST /Ech...soup&un<<<ame=Jonathan&%E7%99%BE=%E...BA%A6%E4%B8%80%E4%B8%8B>>>ata; name...\x00\x00\x00\x00\x00\x00\x00}}
[DEBUG] HttpInputOverHTTP@376cf161[c=15,q=1,[0]=EOF,s=STREAM] read 1 from Content@5ab06a36{HeapByteBufferR@30230815[p=410,l=459,c=8192,r=49]={POST /Ech...oup&una<<<me=Jonathan&%E7%99%BE=%E5...BA%A6%E4%B8%80%E4%B8%8B>>>ata; name...\x00\x00\x00\x00\x00\x00\x00}}
[DEBUG] HttpInputOverHTTP@376cf161[c=16,q=1,[0]=EOF,s=STREAM] read 1 from Content@5ab06a36{HeapByteBufferR@30230815[p=411,l=459,c=8192,r=48]={POST /Ech...up&unam<<<e=Jonathan&%E7%99%BE=%E5%BA%A6%E4%B8%80%E4%B8%8B>>>ata; name...\x00\x00\x00\x00\x00\x00\x00}}
[DEBUG] HttpInputOverHTTP@376cf161[c=17,q=1,[0]=EOF,s=STREAM] read 1 from Content@5ab06a36{HeapByteBufferR@30230815[p=412,l=459,c=8192,r=47]={POST /Ech...p&uname<<<=Jonathan&%E7%99%BE=%E5%BA%A6%E4%B8%80%E4%B8%8B>>>ata; name...\x00\x00\x00\x00\x00\x00\x00}}
[DEBUG] HttpInputOverHTTP@376cf161[c=18,q=1,[0]=EOF,s=STREAM] read 1 from Content@5ab06a36{HeapByteBufferR@30230815[p=413,l=459,c=8192,r=46]={POST /Ech...&uname=<<<Jonathan&%E7%99%BE=%E5%BA%A6%E4%B8%80%E4%B8%8B>>>ata; name...\x00\x00\x00\x00\x00\x00\x00}}
[DEBUG] HttpInputOverHTTP@376cf161[c=19,q=1,[0]=EOF,s=STREAM] read 1 from Content@5ab06a36{HeapByteBufferR@30230815[p=414,l=459,c=8192,r=45]={POST /Ech...uname=J<<<onathan&%E7%99%BE=%E5%BA%A6%E4%B8%80%E4%B8%8B>>>ata; name...\x00\x00\x00\x00\x00\x00\x00}}
[DEBUG] HttpInputOverHTTP@376cf161[c=20,q=1,[0]=EOF,s=STREAM] read 1 from Content@5ab06a36{HeapByteBufferR@30230815[p=415,l=459,c=8192,r=44]={POST /Ech...name=Jo<<<nathan&%E7%99%BE=%E5%BA%A6%E4%B8%80%E4%B8%8B>>>ata; name...\x00\x00\x00\x00\x00\x00\x00}}
[DEBUG] HttpInputOverHTTP@376cf161[c=21,q=1,[0]=EOF,s=STREAM] read 1 from Content@5ab06a36{HeapByteBufferR@30230815[p=416,l=459,c=8192,r=43]={POST /Ech...ame=Jon<<<athan&%E7%99%BE=%E5%BA%A6%E4%B8%80%E4%B8%8B>>>ata; name...\x00\x00\x00\x00\x00\x00\x00}}
[DEBUG] HttpInputOverHTTP@376cf161[c=22,q=1,[0]=EOF,s=STREAM] read 1 from Content@5ab06a36{HeapByteBufferR@30230815[p=417,l=459,c=8192,r=42]={POST /Ech...me=Jona<<<than&%E7%99%BE=%E5%BA%A6%E4%B8%80%E4%B8%8B>>>ata; name...\x00\x00\x00\x00\x00\x00\x00}}
[DEBUG] HttpInputOverHTTP@376cf161[c=23,q=1,[0]=EOF,s=STREAM] read 1 from Content@5ab06a36{HeapByteBufferR@30230815[p=418,l=459,c=8192,r=41]={POST /Ech...e=Jonat<<<han&%E7%99%BE=%E5%BA%A6%E4%B8%80%E4%B8%8B>>>ata; name...\x00\x00\x00\x00\x00\x00\x00}}
[DEBUG] HttpInputOverHTTP@376cf161[c=24,q=1,[0]=EOF,s=STREAM] read 1 from Content@5ab06a36{HeapByteBufferR@30230815[p=419,l=459,c=8192,r=40]={POST /Ech...=Jonath<<<an&%E7%99%BE=%E5%BA%A6%E4%B8%80%E4%B8%8B>>>ata; name...\x00\x00\x00\x00\x00\x00\x00}}
[DEBUG] HttpInputOverHTTP@376cf161[c=25,q=1,[0]=EOF,s=STREAM] read 1 from Content@5ab06a36{HeapByteBufferR@30230815[p=420,l=459,c=8192,r=39]={POST /Ech...Jonatha<<<n&%E7%99%BE=%E5%BA%A6%E4%B8%80%E4%B8%8B>>>ata; name...\x00\x00\x00\x00\x00\x00\x00}}
[DEBUG] HttpInputOverHTTP@376cf161[c=26,q=1,[0]=EOF,s=STREAM] read 1 from Content@5ab06a36{HeapByteBufferR@30230815[p=421,l=459,c=8192,r=38]={POST /Ech...onathan<<<&%E7%99%BE=%E5%BA%A6%E4%B8%80%E4%B8%8B>>>ata; name...\x00\x00\x00\x00\x00\x00\x00}}
[DEBUG] HttpInputOverHTTP@376cf161[c=27,q=1,[0]=EOF,s=STREAM] read 1 from Content@5ab06a36{HeapByteBufferR@30230815[p=422,l=459,c=8192,r=37]={POST /Ech...nathan&<<<%E7%99%BE=%E5%BA%A6%E4%B8%80%E4%B8%8B>>>ata; name...\x00\x00\x00\x00\x00\x00\x00}}
[DEBUG] HttpInputOverHTTP@376cf161[c=28,q=1,[0]=EOF,s=STREAM] read 1 from Content@5ab06a36{HeapByteBufferR@30230815[p=423,l=459,c=8192,r=36]={POST /Ech...athan&%<<<E7%99%BE=%E5%BA%A6%E4%B8%80%E4%B8%8B>>>ata; name...\x00\x00\x00\x00\x00\x00\x00}}
[DEBUG] HttpInputOverHTTP@376cf161[c=29,q=1,[0]=EOF,s=STREAM] read 1 from Content@5ab06a36{HeapByteBufferR@30230815[p=424,l=459,c=8192,r=35]={POST /Ech...than&%E<<<7%99%BE=%E5%BA%A6%E4%B8%80%E4%B8%8B>>>ata; name...\x00\x00\x00\x00\x00\x00\x00}}
[DEBUG] HttpInputOverHTTP@376cf161[c=30,q=1,[0]=EOF,s=STREAM] read 1 from Content@5ab06a36{HeapByteBufferR@30230815[p=425,l=459,c=8192,r=34]={POST /Ech...han&%E7<<<%99%BE=%E5%BA%A6%E4%B8%80%E4%B8%8B>>>ata; name...\x00\x00\x00\x00\x00\x00\x00}}
[DEBUG] HttpInputOverHTTP@376cf161[c=31,q=1,[0]=EOF,s=STREAM] read 1 from Content@5ab06a36{HeapByteBufferR@30230815[p=426,l=459,c=8192,r=33]={POST /Ech...an&%E7%<<<99%BE=%E5%BA%A6%E4%B8%80%E4%B8%8B>>>ata; name...\x00\x00\x00\x00\x00\x00\x00}}
[DEBUG] HttpInputOverHTTP@376cf161[c=32,q=1,[0]=EOF,s=STREAM] read 1 from Content@5ab06a36{HeapByteBufferR@30230815[p=427,l=459,c=8192,r=32]={POST /Ech...n&%E7%9<<<9%BE=%E5%BA%A6%E4%B8%80%E4%B8%8B>>>ata; name...\x00\x00\x00\x00\x00\x00\x00}}
[DEBUG] HttpInputOverHTTP@376cf161[c=33,q=1,[0]=EOF,s=STREAM] read 1 from Content@5ab06a36{HeapByteBufferR@30230815[p=428,l=459,c=8192,r=31]={POST /Ech...&%E7%99<<<%BE=%E5%BA%A6%E4%B8%80%E4%B8%8B>>>ata; name...\x00\x00\x00\x00\x00\x00\x00}}
[DEBUG] HttpInputOverHTTP@376cf161[c=34,q=1,[0]=EOF,s=STREAM] read 1 from Content@5ab06a36{HeapByteBufferR@30230815[p=429,l=459,c=8192,r=30]={POST /Ech...%E7%99%<<<BE=%E5%BA%A6%E4%B8%80%E4%B8%8B>>>ata; name...\x00\x00\x00\x00\x00\x00\x00}}
[DEBUG] HttpInputOverHTTP@376cf161[c=35,q=1,[0]=EOF,s=STREAM] read 1 from Content@5ab06a36{HeapByteBufferR@30230815[p=430,l=459,c=8192,r=29]={POST /Ech...E7%99%B<<<E=%E5%BA%A6%E4%B8%80%E4%B8%8B>>>ata; name...\x00\x00\x00\x00\x00\x00\x00}}
[DEBUG] HttpInputOverHTTP@376cf161[c=36,q=1,[0]=EOF,s=STREAM] read 1 from Content@5ab06a36{HeapByteBufferR@30230815[p=431,l=459,c=8192,r=28]={POST /Ech...7%99%BE<<<=%E5%BA%A6%E4%B8%80%E4%B8%8B>>>ata; name...\x00\x00\x00\x00\x00\x00\x00}}
[DEBUG] HttpInputOverHTTP@376cf161[c=37,q=1,[0]=EOF,s=STREAM] read 1 from Content@5ab06a36{HeapByteBufferR@30230815[p=432,l=459,c=8192,r=27]={POST /Ech...%99%BE=<<<%E5%BA%A6%E4%B8%80%E4%B8%8B>>>ata; name...\x00\x00\x00\x00\x00\x00\x00}}
[DEBUG] HttpInputOverHTTP@376cf161[c=38,q=1,[0]=EOF,s=STREAM] read 1 from Content@5ab06a36{HeapByteBufferR@30230815[p=433,l=459,c=8192,r=26]={POST /Ech...99%BE=%<<<E5%BA%A6%E4%B8%80%E4%B8%8B>>>ata; name...\x00\x00\x00\x00\x00\x00\x00}}
[DEBUG] HttpInputOverHTTP@376cf161[c=39,q=1,[0]=EOF,s=STREAM] read 1 from Content@5ab06a36{HeapByteBufferR@30230815[p=434,l=459,c=8192,r=25]={POST /Ech...9%BE=%E<<<5%BA%A6%E4%B8%80%E4%B8%8B>>>ata; name...\x00\x00\x00\x00\x00\x00\x00}}
[DEBUG] HttpInputOverHTTP@376cf161[c=40,q=1,[0]=EOF,s=STREAM] read 1 from Content@5ab06a36{HeapByteBufferR@30230815[p=435,l=459,c=8192,r=24]={POST /Ech...%BE=%E5<<<%BA%A6%E4%B8%80%E4%B8%8B>>>ata; name...\x00\x00\x00\x00\x00\x00\x00}}
[DEBUG] HttpInputOverHTTP@376cf161[c=41,q=1,[0]=EOF,s=STREAM] read 1 from Content@5ab06a36{HeapByteBufferR@30230815[p=436,l=459,c=8192,r=23]={POST /Ech...BE=%E5%<<<BA%A6%E4%B8%80%E4%B8%8B>>>ata; name...\x00\x00\x00\x00\x00\x00\x00}}
[DEBUG] HttpInputOverHTTP@376cf161[c=42,q=1,[0]=EOF,s=STREAM] read 1 from Content@5ab06a36{HeapByteBufferR@30230815[p=437,l=459,c=8192,r=22]={POST /Ech...E=%E5%B<<<A%A6%E4%B8%80%E4%B8%8B>>>ata; name...\x00\x00\x00\x00\x00\x00\x00}}
[DEBUG] HttpInputOverHTTP@376cf161[c=43,q=1,[0]=EOF,s=STREAM] read 1 from Content@5ab06a36{HeapByteBufferR@30230815[p=438,l=459,c=8192,r=21]={POST /Ech...=%E5%BA<<<%A6%E4%B8%80%E4%B8%8B>>>ata; name...\x00\x00\x00\x00\x00\x00\x00}}
[DEBUG] HttpInputOverHTTP@376cf161[c=44,q=1,[0]=EOF,s=STREAM] read 1 from Content@5ab06a36{HeapByteBufferR@30230815[p=439,l=459,c=8192,r=20]={POST /Ech...%E5%BA%<<<A6%E4%B8%80%E4%B8%8B>>>ata; name...\x00\x00\x00\x00\x00\x00\x00}}
[DEBUG] HttpInputOverHTTP@376cf161[c=45,q=1,[0]=EOF,s=STREAM] read 1 from Content@5ab06a36{HeapByteBufferR@30230815[p=440,l=459,c=8192,r=19]={POST /Ech...E5%BA%A<<<6%E4%B8%80%E4%B8%8B>>>ata; name...\x00\x00\x00\x00\x00\x00\x00}}
[DEBUG] HttpInputOverHTTP@376cf161[c=46,q=1,[0]=EOF,s=STREAM] read 1 from Content@5ab06a36{HeapByteBufferR@30230815[p=441,l=459,c=8192,r=18]={POST /Ech...5%BA%A6<<<%E4%B8%80%E4%B8%8B>>>ata; name...\x00\x00\x00\x00\x00\x00\x00}}
[DEBUG] HttpInputOverHTTP@376cf161[c=47,q=1,[0]=EOF,s=STREAM] read 1 from Content@5ab06a36{HeapByteBufferR@30230815[p=442,l=459,c=8192,r=17]={POST /Ech...%BA%A6%<<<E4%B8%80%E4%B8%8B>>>ata; name...\x00\x00\x00\x00\x00\x00\x00}}
[DEBUG] HttpInputOverHTTP@376cf161[c=48,q=1,[0]=EOF,s=STREAM] read 1 from Content@5ab06a36{HeapByteBufferR@30230815[p=443,l=459,c=8192,r=16]={POST /Ech...BA%A6%E<<<4%B8%80%E4%B8%8B>>>ata; name...\x00\x00\x00\x00\x00\x00\x00}}
[DEBUG] HttpInputOverHTTP@376cf161[c=49,q=1,[0]=EOF,s=STREAM] read 1 from Content@5ab06a36{HeapByteBufferR@30230815[p=444,l=459,c=8192,r=15]={POST /Ech...A%A6%E4<<<%B8%80%E4%B8%8B>>>ata; name...\x00\x00\x00\x00\x00\x00\x00}}
[DEBUG] HttpInputOverHTTP@376cf161[c=50,q=1,[0]=EOF,s=STREAM] read 1 from Content@5ab06a36{HeapByteBufferR@30230815[p=445,l=459,c=8192,r=14]={POST /Ech...%A6%E4%<<<B8%80%E4%B8%8B>>>ata; name...\x00\x00\x00\x00\x00\x00\x00}}
[DEBUG] HttpInputOverHTTP@376cf161[c=51,q=1,[0]=EOF,s=STREAM] read 1 from Content@5ab06a36{HeapByteBufferR@30230815[p=446,l=459,c=8192,r=13]={POST /Ech...A6%E4%B<<<8%80%E4%B8%8B>>>ata; name...\x00\x00\x00\x00\x00\x00\x00}}
[DEBUG] HttpInputOverHTTP@376cf161[c=52,q=1,[0]=EOF,s=STREAM] read 1 from Content@5ab06a36{HeapByteBufferR@30230815[p=447,l=459,c=8192,r=12]={POST /Ech...6%E4%B8<<<%80%E4%B8%8B>>>ata; name...\x00\x00\x00\x00\x00\x00\x00}}
[DEBUG] HttpInputOverHTTP@376cf161[c=53,q=1,[0]=EOF,s=STREAM] read 1 from Content@5ab06a36{HeapByteBufferR@30230815[p=448,l=459,c=8192,r=11]={POST /Ech...%E4%B8%<<<80%E4%B8%8B>>>ata; name...\x00\x00\x00\x00\x00\x00\x00}}
[DEBUG] HttpInputOverHTTP@376cf161[c=54,q=1,[0]=EOF,s=STREAM] read 1 from Content@5ab06a36{HeapByteBufferR@30230815[p=449,l=459,c=8192,r=10]={POST /Ech...E4%B8%8<<<0%E4%B8%8B>>>ata; name...\x00\x00\x00\x00\x00\x00\x00}}
[DEBUG] HttpInputOverHTTP@376cf161[c=55,q=1,[0]=EOF,s=STREAM] read 1 from Content@5ab06a36{HeapByteBufferR@30230815[p=450,l=459,c=8192,r=9]={POST /Ech...4%B8%80<<<%E4%B8%8B>>>ata; name...\x00\x00\x00\x00\x00\x00\x00}}
[DEBUG] HttpInputOverHTTP@376cf161[c=56,q=1,[0]=EOF,s=STREAM] read 1 from Content@5ab06a36{HeapByteBufferR@30230815[p=451,l=459,c=8192,r=8]={POST /Ech...%B8%80%<<<E4%B8%8B>>>ata; name...\x00\x00\x00\x00\x00\x00\x00}}
[DEBUG] HttpInputOverHTTP@376cf161[c=57,q=1,[0]=EOF,s=STREAM] read 1 from Content@5ab06a36{HeapByteBufferR@30230815[p=452,l=459,c=8192,r=7]={POST /Ech...B8%80%E<<<4%B8%8B>>>ata; name...\x00\x00\x00\x00\x00\x00\x00}}
[DEBUG] HttpInputOverHTTP@376cf161[c=58,q=1,[0]=EOF,s=STREAM] read 1 from Content@5ab06a36{HeapByteBufferR@30230815[p=453,l=459,c=8192,r=6]={POST /Ech...8%80%E4<<<%B8%8B>>>ata; name...\x00\x00\x00\x00\x00\x00\x00}}
[DEBUG] HttpInputOverHTTP@376cf161[c=59,q=1,[0]=EOF,s=STREAM] read 1 from Content@5ab06a36{HeapByteBufferR@30230815[p=454,l=459,c=8192,r=5]={POST /Ech...%80%E4%<<<B8%8B>>>ata; name...\x00\x00\x00\x00\x00\x00\x00}}
[DEBUG] HttpInputOverHTTP@376cf161[c=60,q=1,[0]=EOF,s=STREAM] read 1 from Content@5ab06a36{HeapByteBufferR@30230815[p=455,l=459,c=8192,r=4]={POST /Ech...80%E4%B<<<8%8B>>>ata; name...\x00\x00\x00\x00\x00\x00\x00}}
[DEBUG] HttpInputOverHTTP@376cf161[c=61,q=1,[0]=EOF,s=STREAM] read 1 from Content@5ab06a36{HeapByteBufferR@30230815[p=456,l=459,c=8192,r=3]={POST /Ech...0%E4%B8<<<%8B>>>ata; name...\x00\x00\x00\x00\x00\x00\x00}}
[DEBUG] HttpInputOverHTTP@376cf161[c=62,q=1,[0]=EOF,s=STREAM] read 1 from Content@5ab06a36{HeapByteBufferR@30230815[p=457,l=459,c=8192,r=2]={POST /Ech...%E4%B8%<<<8B>>>ata; name...\x00\x00\x00\x00\x00\x00\x00}}
[DEBUG] HttpInputOverHTTP@376cf161[c=63,q=1,[0]=EOF,s=STREAM] read 1 from Content@5ab06a36{HeapByteBufferR@30230815[p=458,l=459,c=8192,r=1]={POST /Ech...E4%B8%8<<<B>>>ata; name...\x00\x00\x00\x00\x00\x00\x00}}
[DEBUG] HttpInputOverHTTP@376cf161[c=64,q=1,[0]=EOF,s=STREAM] read 1 from Content@5ab06a36{HeapByteBufferR@30230815[p=459,l=459,c=8192,r=0]={POST /Ech...4%B8%8B<<<>>>ata; name...\x00\x00\x00\x00\x00\x00\x00}}
[DEBUG] releaseRequestBuffer HttpConnection@3e7171e5::SocketChannelEndPoint@3d491fad{l=/127.0.0.1:35372,r=/127.0.0.1:60190,OPEN,fill=-,flush=-,to=22/30000}{io=0/0,kio=0,kro=1}->HttpConnection@3e7171e5[p=HttpParser{s=END,64 of 64},g=HttpGenerator@274dcaa5{s=START}]=>HttpChannelOverHttp@36eb5f45{s=HttpChannelState@23232c72{s=HANDLING rs=BLOCKING os=OPEN is=IDLE awp=false se=false i=true al=0},r=6,c=false/false,a=HANDLING,uri=//localhost:35372/EchoServlet,age=17}
[DEBUG] onEof HttpChannelState@23232c72{s=HANDLING rs=BLOCKING os=OPEN is=IDLE awp=false se=false i=true al=0}
[DEBUG] write(array HeapByteBuffer@1bcc24c6[p=0,l=47,c=512,r=47]={<<<<tr><th>uname</th><td>Jsoup, Jonathan</td></tr>>>>form-urle...\x00\x00\x00\x00\x00\x00\x00})
[DEBUG] write(array) s=OPEN,api=BLOCKING,sc=false,e=null aggregated !flush DirectByteBuffer@38e5eb8d[p=0,l=1013,c=32768,r=1013]={<<<<title>Webserver Environm...oup, Jonathan</td></tr>>>>itora tor...gue. Pr}
[DEBUG] write(array HeapByteBuffer@282572fa[p=0,l=1,c=512,r=1]={<<<\n>>>tr><th>un...\x00\x00\x00\x00\x00\x00\x00})
[DEBUG] write(array) s=OPEN,api=BLOCKING,sc=false,e=null aggregated !flush DirectByteBuffer@38e5eb8d[p=0,l=1014,c=32768,r=1014]={<<<<title>Webserver Environm...up, Jonathan</td></tr>\n>>>tora torq...gue. Pr}
[DEBUG] write(array HeapByteBuffer@711d4c12[p=0,l=39,c=512,r=39]={<<<<tr><th>\xE7\x99\xBe</th><td>\xE5\xBa\xA6\xE4\xB8\x80\xE4\xB8\x8b</td></tr>>>>td></tr>f...\x00\x00\x00\x00\x00\x00\x00})
[DEBUG] write(array) s=OPEN,api=BLOCKING,sc=false,e=null aggregated !flush DirectByteBuffer@38e5eb8d[p=0,l=1053,c=32768,r=1053]={<<<<title>Webserver Environm...<td>\xE5\xBa\xA6\xE4\xB8\x80\xE4\xB8\x8b</td></tr>>>>nceptos h...gue. Pr}
[DEBUG] write(array HeapByteBuffer@59d69184[p=0,l=1,c=512,r=1]={<<<\n>>>tr><th>\xE7\x99...\x00\x00\x00\x00\x00\x00\x00})
[DEBUG] write(array) s=OPEN,api=BLOCKING,sc=false,e=null aggregated !flush DirectByteBuffer@38e5eb8d[p=0,l=1054,c=32768,r=1054]={<<<<title>Webserver Environm...td>\xE5\xBa\xA6\xE4\xB8\x80\xE4\xB8\x8b</td></tr>\n>>>ceptos hi...gue. Pr}
[DEBUG] onEof HttpChannelState@23232c72{s=HANDLING rs=BLOCKING os=OPEN is=READY awp=false se=false i=true al=0}
[DEBUG] write(array HeapByteBuffer@23c6646c[p=0,l=8,c=512,r=8]={<<<</table>>>>\xE7\x99\xBe</th><...\x00\x00\x00\x00\x00\x00\x00})
[DEBUG] write(array) s=OPEN,api=BLOCKING,sc=false,e=null aggregated !flush DirectByteBuffer@38e5eb8d[p=0,l=1062,c=32768,r=1062]={<<<<title>Webserver Environm...\x80\xE4\xB8\x8b</td></tr>\n</table>>>>imenaeos....gue. Pr}
[DEBUG] write(array HeapByteBuffer@2077604c[p=0,l=1,c=512,r=1]={<<<\n>>>/table>\xE7\x99...\x00\x00\x00\x00\x00\x00\x00})
[DEBUG] write(array) s=OPEN,api=BLOCKING,sc=false,e=null aggregated !flush DirectByteBuffer@38e5eb8d[p=0,l=1063,c=32768,r=1063]={<<<<title>Webserver Environm...\xE4\xB8\x8b</td></tr>\n</table>\n>>>menaeos. ...gue. Pr}
[DEBUG] handled=true async=false committed=false on HttpChannelOverHttp@36eb5f45{s=HttpChannelState@23232c72{s=HANDLING rs=BLOCKING os=OPEN is=READY awp=false se=false i=true al=0},r=6,c=false/false,a=HANDLING,uri=//localhost:35372/EchoServlet,age=18}
[DEBUG] unhandle HttpChannelState@23232c72{s=HANDLING rs=BLOCKING os=OPEN is=READY awp=false se=false i=true al=0}
[DEBUG] nextAction(false) COMPLETE HttpChannelState@23232c72{s=HANDLING rs=COMPLETING os=OPEN is=READY awp=false se=false i=false al=0}
[DEBUG] action COMPLETE HttpChannelOverHttp@36eb5f45{s=HttpChannelState@23232c72{s=HANDLING rs=COMPLETING os=OPEN is=READY awp=false se=false i=false al=0},r=6,c=false/false,a=HANDLING,uri=//localhost:35372/EchoServlet,age=18}
[DEBUG] complete(org.eclipse.jetty.util.Callback$3@3b11d58c) s=CLOSING,api=BLOCKED,sc=false,e=null s=false e=null, c=DirectByteBuffer@38e5eb8d[p=0,l=1063,c=32768,r=1063]={<<<<title>Webserver Environm...\xE4\xB8\x8b</td></tr>\n</table>\n>>>menaeos. ...gue. Pr}
[DEBUG] sendResponse info=null content=DirectByteBuffer@38e5eb8d[p=0,l=1063,c=32768,r=1063]={<<<<title>Webserver Environm...\xE4\xB8\x8b</td></tr>\n</table>\n>>>menaeos. ...gue. Pr} complete=true committing=true callback=org.eclipse.jetty.server.HttpOutput$WriteCompleteCB@56a629db
[DEBUG] COMMIT for /EchoServlet on HttpChannelOverHttp@36eb5f45{s=HttpChannelState@23232c72{s=HANDLING rs=COMPLETING os=COMMITTED is=READY awp=false se=false i=false al=0},r=6,c=false/false,a=HANDLING,uri=//localhost:35372/EchoServlet,age=18}
200 null HTTP/1.1
Date: Tue, 28 Sep 2021 06:03:32 GMT
Content-Type: text/html;charset=utf-8
Cache-Control: no-cache
Cache-Control: no-store


[DEBUG] generate: NEED_HEADER for SendCallback@410c6bef[PROCESSING][i=HTTP/1.1{s=200,h=4,cl=-1},cb=org.eclipse.jetty.server.HttpChannel$SendCallback@46d3c267] (null,[p=0,l=1063,c=32768,r=1063],true)@START
[DEBUG] generateHeaders HTTP/1.1{s=200,h=4,cl=-1} last=true content=DirectByteBuffer@38e5eb8d[p=0,l=1063,c=32768,r=1063]={<<<<title>Webserver Environm...\xE4\xB8\x8b</td></tr>\n</table>\n>>>menaeos. ...gue. Pr}
[DEBUG] Date: Tue, 28 Sep 2021 06:03:32 GMT
Content-Type: text/html;charset=utf-8
Cache-Control: no-cache
Cache-Control: no-store


[DEBUG] CONTENT_LENGTH
[DEBUG] generate: FLUSH for SendCallback@410c6bef[PROCESSING][i=HTTP/1.1{s=200,h=4,cl=-1},cb=org.eclipse.jetty.server.HttpChannel$SendCallback@46d3c267] ([p=0,l=200,c=8192,r=200],[p=0,l=1063,c=32768,r=1063],true)@COMPLETING
[DEBUG] write: WriteFlusher@2071150d{IDLE}->null [HeapByteBuffer@1ef04a69[p=0,l=200,c=8192,r=200]={<<<HTTP/1.1 200 OK\r\nDate: Tu...y(9.4.43.v20210629)\r\n\r\n>>>ari/537.3...\x00\x00\x00\x00\x00\x00\x00},DirectByteBuffer@38e5eb8d[p=0,l=1063,c=32768,r=1063]={<<<<title>Webserver Environm...\xE4\xB8\x8b</td></tr>\n</table>\n>>>menaeos. ...gue. Pr}]
[DEBUG] update WriteFlusher@2071150d{WRITING}->null:IDLE-->WRITING
]]></system-out>
  </testcase>
  <testcase name="getUtf8Bom" classname="org.jsoup.integration.ConnectTest" time="0.005">
    <system-out><![CDATA[[DEBUG] flushed 1263 SocketChannelEndPoint@3d491fad{l=/127.0.0.1:35372,r=/127.0.0.1:60190,OPEN,fill=-,flush=W,to=33/30000}{io=0/0,kio=0,kro=1}->HttpConnection@3e7171e5[p=HttpParser{s=END,64 of 64},g=HttpGenerator@274dcaa5{s=COMPLETING}]=>HttpChannelOverHttp@36eb5f45{s=HttpChannelState@23232c72{s=HANDLING rs=COMPLETING os=COMMITTED is=READY awp=false se=false i=false al=0},r=6,c=false/false,a=HANDLING,uri=//localhost:35372/EchoServlet,age=28}
[DEBUG] Flushed=true written=1263 remaining=0 WriteFlusher@2071150d{WRITING}->null
[DEBUG] update WriteFlusher@2071150d{IDLE}->null:WRITING-->IDLE
[DEBUG] generate: DONE for SendCallback@410c6bef[PROCESSING][i=HTTP/1.1{s=200,h=4,cl=-1},cb=org.eclipse.jetty.server.HttpChannel$SendCallback@46d3c267] ([p=200,l=200,c=8192,r=0],[p=1063,l=1063,c=32768,r=0],true)@END
[DEBUG] onWriteComplete(true,null) s=CLOSING,api=BLOCKED,sc=false,e=null->s=CLOSED,api=BLOCKING,sc=false,e=null c=null cb=org.eclipse.jetty.util.Callback$3@3b11d58c w=false
[DEBUG] completed HttpChannelState@23232c72{s=HANDLING rs=COMPLETING os=COMPLETED is=READY awp=false se=false i=false al=0}
[DEBUG] unhandle HttpChannelState@23232c72{s=HANDLING rs=COMPLETED os=COMPLETED is=READY awp=false se=false i=false al=0}
[DEBUG] nextAction(false) TERMINATED HttpChannelState@23232c72{s=IDLE rs=COMPLETED os=COMPLETED is=READY awp=false se=false i=false al=0}
[DEBUG] action TERMINATED HttpChannelOverHttp@36eb5f45{s=HttpChannelState@23232c72{s=IDLE rs=COMPLETED os=COMPLETED is=READY awp=false se=false i=false al=0},r=6,c=true/true,a=IDLE,uri=//localhost:35372/EchoServlet,age=28}
[DEBUG] onCompleted for /EchoServlet written=1063
[DEBUG] recycle HttpChannelState@23232c72{s=IDLE rs=COMPLETED os=COMPLETED is=READY awp=false se=false i=false al=0}
[DEBUG] reset HttpParser{s=END,64 of 64}
[DEBUG] END --> START
[DEBUG] !handle TERMINATED HttpChannelOverHttp@36eb5f45{s=HttpChannelState@23232c72{s=IDLE rs=BLOCKING os=OPEN is=IDLE awp=false se=false i=true al=0},r=6,c=false/false,a=IDLE,uri=null,age=0}
[DEBUG] filled 313 HeapByteBuffer@2a66826a[p=0,l=313,c=8192,r=313]={<<<GET /FileServlet/bomtests...nection: keep-alive\r\n\r\n>>>.2\r\nConne...\x86&h\xA0{\xC1\xC2}
[DEBUG] HttpConnection@3e7171e5::SocketChannelEndPoint@3d491fad{l=/127.0.0.1:35372,r=/127.0.0.1:60190,OPEN,fill=-,flush=-,to=0/30000}{io=0/0,kio=0,kro=1}->HttpConnection@3e7171e5[p=HttpParser{s=START,0 of -1},g=HttpGenerator@274dcaa5{s=START}]=>HttpChannelOverHttp@36eb5f45{s=HttpChannelState@23232c72{s=IDLE rs=BLOCKING os=OPEN is=IDLE awp=false se=false i=true al=0},r=6,c=false/false,a=IDLE,uri=null,age=0} filled 313 HeapByteBuffer@2a66826a[p=0,l=313,c=8192,r=313]={<<<GET /FileServlet/bomtests...nection: keep-alive\r\n\r\n>>>.2\r\nConne...\x86&h\xA0{\xC1\xC2}
[DEBUG] HttpConnection@3e7171e5::SocketChannelEndPoint@3d491fad{l=/127.0.0.1:35372,r=/127.0.0.1:60190,OPEN,fill=-,flush=-,to=0/30000}{io=0/0,kio=0,kro=1}->HttpConnection@3e7171e5[p=HttpParser{s=START,0 of -1},g=HttpGenerator@274dcaa5{s=START}]=>HttpChannelOverHttp@36eb5f45{s=HttpChannelState@23232c72{s=IDLE rs=BLOCKING os=OPEN is=IDLE awp=false se=false i=true al=0},r=6,c=false/false,a=IDLE,uri=null,age=0} parse HeapByteBuffer@2a66826a[p=0,l=313,c=8192,r=313]={<<<GET /FileServlet/bomtests...nection: keep-alive\r\n\r\n>>>.2\r\nConne...\x86&h\xA0{\xC1\xC2} {}
[DEBUG] parseNext s=START HeapByteBuffer@2a66826a[p=0,l=313,c=8192,r=313]={<<<GET /FileServlet/bomtests...nection: keep-alive\r\n\r\n>>>.2\r\nConne...\x86&h\xA0{\xC1\xC2}
[DEBUG] START --> SPACE1
[DEBUG] SPACE1 --> URI
[DEBUG] URI --> SPACE2
[DEBUG] SPACE2 --> REQUEST_VERSION
[DEBUG] REQUEST_VERSION --> HEADER
[DEBUG] HEADER:Accept-Encoding: gzip --> IN_VALUE
[DEBUG] HEADER:Accept-Encoding: gzip --> FIELD
[DEBUG] HEADER:User-Agent: Mozilla/5.0 (Windows NT 10.0; Win64; x64) AppleWebKit/537.36 (KHTML, like Gecko) Chrome/79.0.3945.130 Safari/537.36 --> IN_VALUE
[DEBUG] HEADER:User-Agent: Mozilla/5.0 (Windows NT 10.0; Win64; x64) AppleWebKit/537.36 (KHTML, like Gecko) Chrome/79.0.3945.130 Safari/537.36 --> FIELD
[DEBUG] HEADER:Host: localhost:35372 --> IN_VALUE
[DEBUG] HEADER:Host: localhost:35372 --> FIELD
[DEBUG] HEADER:Accept: text/html, image/gif, image/jpeg, *; q=.2, */*; q=.2 --> IN_VALUE
[DEBUG] HEADER:Accept: text/html, image/gif, image/jpeg, *; q=.2, */*; q=.2 --> FIELD
[DEBUG] HEADER:Connection: keep-alive --> IN_VALUE
[DEBUG] HEADER:Connection: keep-alive --> FIELD
[DEBUG] HEADER --> CONTENT
[DEBUG] REQUEST for //localhost:35372/FileServlet/bomtests/bom_utf8.html on HttpChannelOverHttp@36eb5f45{s=HttpChannelState@23232c72{s=IDLE rs=BLOCKING os=OPEN is=IDLE awp=false se=false i=true al=0},r=7,c=false/false,a=IDLE,uri=//localhost:35372/FileServlet/bomtests/bom_utf8.html,age=0}
GET //localhost:35372/FileServlet/bomtests/bom_utf8.html HTTP/1.1
Accept-Encoding: gzip
User-Agent: Mozilla/5.0 (Windows NT 10.0; Win64; x64) AppleWebKit/537.36 (KHTML, like Gecko) Chrome/79.0.3945.130 Safari/537.36
Host: localhost:35372
Accept: text/html, image/gif, image/jpeg, *; q=.2, */*; q=.2
Connection: keep-alive


[DEBUG] HttpConnection@3e7171e5::SocketChannelEndPoint@3d491fad{l=/127.0.0.1:35372,r=/127.0.0.1:60190,OPEN,fill=-,flush=-,to=0/30000}{io=0/0,kio=0,kro=1}->HttpConnection@3e7171e5[p=HttpParser{s=CONTENT,0 of -1},g=HttpGenerator@274dcaa5{s=START}]=>HttpChannelOverHttp@36eb5f45{s=HttpChannelState@23232c72{s=IDLE rs=BLOCKING os=OPEN is=IDLE awp=false se=false i=true al=0},r=7,c=false/false,a=IDLE,uri=//localhost:35372/FileServlet/bomtests/bom_utf8.html,age=0} parsed true HttpParser{s=CONTENT,0 of -1}
[DEBUG] releaseRequestBuffer HttpConnection@3e7171e5::SocketChannelEndPoint@3d491fad{l=/127.0.0.1:35372,r=/127.0.0.1:60190,OPEN,fill=-,flush=-,to=0/30000}{io=0/0,kio=0,kro=1}->HttpConnection@3e7171e5[p=HttpParser{s=CONTENT,0 of -1},g=HttpGenerator@274dcaa5{s=START}]=>HttpChannelOverHttp@36eb5f45{s=HttpChannelState@23232c72{s=IDLE rs=BLOCKING os=OPEN is=IDLE awp=false se=false i=true al=0},r=7,c=false/false,a=IDLE,uri=//localhost:35372/FileServlet/bomtests/bom_utf8.html,age=0}
[DEBUG] handle //localhost:35372/FileServlet/bomtests/bom_utf8.html HttpChannelOverHttp@36eb5f45{s=HttpChannelState@23232c72{s=IDLE rs=BLOCKING os=OPEN is=IDLE awp=false se=false i=true al=0},r=7,c=false/false,a=IDLE,uri=//localhost:35372/FileServlet/bomtests/bom_utf8.html,age=0} 
[DEBUG] handling HttpChannelState@23232c72{s=IDLE rs=BLOCKING os=OPEN is=IDLE awp=false se=false i=true al=0}
[DEBUG] action DISPATCH HttpChannelOverHttp@36eb5f45{s=HttpChannelState@23232c72{s=HANDLING rs=BLOCKING os=OPEN is=IDLE awp=false se=false i=true al=0},r=7,c=false/false,a=HANDLING,uri=//localhost:35372/FileServlet/bomtests/bom_utf8.html,age=0}
[DEBUG] REQUEST GET /FileServlet/bomtests/bom_utf8.html on HttpChannelOverHttp@36eb5f45{s=HttpChannelState@23232c72{s=HANDLING rs=BLOCKING os=OPEN is=IDLE awp=false se=false i=true al=0},r=7,c=false/false,a=HANDLING,uri=//localhost:35372/FileServlet/bomtests/bom_utf8.html,age=0}
[DEBUG] servlet null|/FileServlet|/bomtests/bom_utf8.html -> org.jsoup.integration.servlets.FileServlet-60dce7ea==org.jsoup.integration.servlets.FileServlet@c786463a{jsp=null,order=-1,inst=true,async=true,src=EMBEDDED:null,STARTED}
[DEBUG] chain=null
[DEBUG] write(array HeapByteBuffer@5dbdaff1[p=0,l=236,c=8192,r=236]={<<<\xEf\xBb\xBf<?xml version="1.0" en...space.\n</body>\n</html>\n>>>\x00\x00\x00\x00\x00\x00\x00\x00\x00...\x00\x00\x00\x00\x00\x00\x00})
[DEBUG] write(array) s=OPEN,api=BLOCKING,sc=false,e=null aggregated !flush DirectByteBuffer@67223954[p=0,l=236,c=32768,r=236]={<<<\xEf\xBb\xBf<?xml version="1.0" en...space.\n</body>\n</html>\n>>>\x11\x01\xFf\xC4\x00\x1f\x00\x00\x01...gue. Pr}
[DEBUG] sendResponse info=null content=DirectByteBuffer@67223954[p=0,l=236,c=32768,r=236]={<<<\xEf\xBb\xBf<?xml version="1.0" en...space.\n</body>\n</html>\n>>>\x11\x01\xFf\xC4\x00\x1f\x00\x00\x01...gue. Pr} complete=false committing=true callback=Blocker@7cb7664d{null}
[DEBUG] COMMIT for /FileServlet/bomtests/bom_utf8.html on HttpChannelOverHttp@36eb5f45{s=HttpChannelState@23232c72{s=HANDLING rs=BLOCKING os=COMMITTED is=IDLE awp=false se=false i=true al=0},r=7,c=false/false,a=HANDLING,uri=//localhost:35372/FileServlet/bomtests/bom_utf8.html,age=1}
200 null HTTP/1.1
Date: Tue, 28 Sep 2021 06:03:32 GMT
Content-Type: text/html


[DEBUG] generate: NEED_HEADER for SendCallback@410c6bef[PROCESSING][i=HTTP/1.1{s=200,h=2,cl=-1},cb=org.eclipse.jetty.server.HttpChannel$SendCallback@6835bc7f] (null,[p=0,l=236,c=32768,r=236],false)@START
[DEBUG] generateHeaders HTTP/1.1{s=200,h=2,cl=-1} last=false content=DirectByteBuffer@67223954[p=0,l=236,c=32768,r=236]={<<<\xEf\xBb\xBf<?xml version="1.0" en...space.\n</body>\n</html>\n>>>\x11\x01\xFf\xC4\x00\x1f\x00\x00\x01...gue. Pr}
[DEBUG] Date: Tue, 28 Sep 2021 06:03:32 GMT
Content-Type: text/html


[DEBUG] CHUNKED_CONTENT
[DEBUG] generate: FLUSH for SendCallback@410c6bef[PROCESSING][i=HTTP/1.1{s=200,h=2,cl=-1},cb=org.eclipse.jetty.server.HttpChannel$SendCallback@6835bc7f] ([p=0,l=146,c=8192,r=146],[p=0,l=236,c=32768,r=236],false)@COMMITTED
[DEBUG] write: WriteFlusher@2071150d{IDLE}->null [HeapByteBuffer@460916c[p=0,l=146,c=8192,r=146]={<<<HTTP/1.1 200 OK\r\nDate: Tu...4.43.v20210629)\r\n\r\nEC\r\n>>>HTML, lik...\x00\x00\x00\x00\x00\x00\x00},DirectByteBuffer@67223954[p=0,l=236,c=32768,r=236]={<<<\xEf\xBb\xBf<?xml version="1.0" en...space.\n</body>\n</html>\n>>>\x11\x01\xFf\xC4\x00\x1f\x00\x00\x01...gue. Pr}]
[DEBUG] update WriteFlusher@2071150d{WRITING}->null:IDLE-->WRITING
[DEBUG] flushed 382 SocketChannelEndPoint@3d491fad{l=/127.0.0.1:35372,r=/127.0.0.1:60190,OPEN,fill=-,flush=W,to=2/30000}{io=0/0,kio=0,kro=1}->HttpConnection@3e7171e5[p=HttpParser{s=CONTENT,0 of -1},g=HttpGenerator@274dcaa5{s=COMMITTED}]=>HttpChannelOverHttp@36eb5f45{s=HttpChannelState@23232c72{s=HANDLING rs=BLOCKING os=COMMITTED is=IDLE awp=false se=false i=true al=0},r=7,c=false/false,a=HANDLING,uri=//localhost:35372/FileServlet/bomtests/bom_utf8.html,age=2}
[DEBUG] Flushed=true written=382 remaining=0 WriteFlusher@2071150d{WRITING}->null
[DEBUG] update WriteFlusher@2071150d{IDLE}->null:WRITING-->IDLE
[DEBUG] generate: DONE for SendCallback@410c6bef[PROCESSING][i=HTTP/1.1{s=200,h=2,cl=-1},cb=org.eclipse.jetty.server.HttpChannel$SendCallback@6835bc7f] ([p=146,l=146,c=8192,r=0],[p=236,l=236,c=32768,r=0],false)@COMMITTED
[DEBUG] onWriteComplete(false,null) s=OPEN,api=BLOCKED,sc=false,e=null->s=OPEN,api=BLOCKING,sc=false,e=null c=null cb=null w=false
[DEBUG] handled=true async=false committed=true on HttpChannelOverHttp@36eb5f45{s=HttpChannelState@23232c72{s=HANDLING rs=BLOCKING os=COMMITTED is=IDLE awp=false se=false i=true al=0},r=7,c=false/false,a=HANDLING,uri=//localhost:35372/FileServlet/bomtests/bom_utf8.html,age=2}
[DEBUG] unhandle HttpChannelState@23232c72{s=HANDLING rs=BLOCKING os=COMMITTED is=IDLE awp=false se=false i=true al=0}
[DEBUG] nextAction(false) COMPLETE HttpChannelState@23232c72{s=HANDLING rs=COMPLETING os=COMMITTED is=IDLE awp=false se=false i=false al=0}
[DEBUG] action COMPLETE HttpChannelOverHttp@36eb5f45{s=HttpChannelState@23232c72{s=HANDLING rs=COMPLETING os=COMMITTED is=IDLE awp=false se=false i=false al=0},r=7,c=false/false,a=HANDLING,uri=//localhost:35372/FileServlet/bomtests/bom_utf8.html,age=2}
[DEBUG] complete(org.eclipse.jetty.util.Callback$3@fbab853) s=CLOSING,api=BLOCKED,sc=false,e=null s=false e=null, c=HeapByteBuffer@13dae45a[p=0,l=0,c=0,r=0]={<<<>>>}
[DEBUG] sendResponse info=null content=HeapByteBuffer@13dae45a[p=0,l=0,c=0,r=0]={<<<>>>} complete=true committing=false callback=org.eclipse.jetty.server.HttpOutput$WriteCompleteCB@57229339
[DEBUG] generate: CONTINUE for SendCallback@410c6bef[PROCESSING][i=null,cb=org.eclipse.jetty.server.HttpChannel$SendCallback@67d06c0b] (null,[p=0,l=0,c=0,r=0],true)@COMPLETING
[DEBUG] generate: NEED_CHUNK for SendCallback@410c6bef[PROCESSING][i=null,cb=org.eclipse.jetty.server.HttpChannel$SendCallback@67d06c0b] (null,[p=0,l=0,c=0,r=0],true)@COMPLETING
[DEBUG] generate: FLUSH for SendCallback@410c6bef[PROCESSING][i=null,cb=org.eclipse.jetty.server.HttpChannel$SendCallback@67d06c0b] (null,[p=0,l=0,c=0,r=0],true)@COMPLETING
[DEBUG] write: WriteFlusher@2071150d{IDLE}->null [HeapByteBuffer@54b3104a[p=0,l=7,c=1024,r=7]={<<<\r\n0\r\n\r\n>>>\n\x00\x00\x00\x00\x00\x00\x00\x00...\x00\x00\x00\x00\x00\x00\x00}]
[DEBUG] update WriteFlusher@2071150d{WRITING}->null:IDLE-->WRITING
]]></system-out>
  </testcase>
  <testcase name="supportsDeflate" classname="org.jsoup.integration.ConnectTest" time="0.012">
    <system-out><![CDATA[[DEBUG] starting org.jsoup.integration.servlets.Deflateservlet-31e32ea2==org.jsoup.integration.servlets.Deflateservlet@7b0533f4{jsp=null,order=-1,inst=false,async=true,src=EMBEDDED:null,STOPPED}
[DEBUG] STARTED @12699ms org.jsoup.integration.servlets.Deflateservlet-31e32ea2==org.jsoup.integration.servlets.Deflateservlet@7b0533f4{jsp=null,order=-1,inst=false,async=true,src=EMBEDDED:null,STARTED}
[DEBUG] ServletHandler@2eced48b{STARTED} added {org.jsoup.integration.servlets.Deflateservlet-31e32ea2==org.jsoup.integration.servlets.Deflateservlet@7b0533f4{jsp=null,order=-1,inst=false,async=true,src=EMBEDDED:null,STARTED},UNMANAGED}
[DEBUG] ServletHandler@2eced48b{STARTED} added {[/Deflateservlet/*]=>org.jsoup.integration.servlets.Deflateservlet-31e32ea2,POJO}
[DEBUG] Path=/Deflateservlet/*[EMBEDDED:null] mapped to servlet=org.jsoup.integration.servlets.Deflateservlet-31e32ea2[EMBEDDED:null]
[DEBUG] Added MappedResource[pathSpec=ServletPathSpec@82a75583{/Deflateservlet/*},resource=org.jsoup.integration.servlets.Deflateservlet-31e32ea2==org.jsoup.integration.servlets.Deflateservlet@7b0533f4{jsp=null,order=-1,inst=false,async=true,src=EMBEDDED:null,STARTED}] to PathMappings[size=1]
[DEBUG] Path=/InterruptedServlet/*[EMBEDDED:null] mapped to servlet=org.jsoup.integration.servlets.InterruptedServlet-1f86099a[EMBEDDED:null]
[DEBUG] Added MappedResource[pathSpec=ServletPathSpec@bf5e7dac{/InterruptedServlet/*},resource=org.jsoup.integration.servlets.InterruptedServlet-1f86099a==org.jsoup.integration.servlets.InterruptedServlet@b675065f{jsp=null,order=-1,inst=true,async=true,src=EMBEDDED:null,STARTED}] to PathMappings[size=2]
[DEBUG] Path=/HelloServlet/*[EMBEDDED:null] mapped to servlet=org.jsoup.integration.servlets.HelloServlet-4fcc0416[EMBEDDED:null]
[DEBUG] Added MappedResource[pathSpec=ServletPathSpec@86aa7c5c{/HelloServlet/*},resource=org.jsoup.integration.servlets.HelloServlet-4fcc0416==org.jsoup.integration.servlets.HelloServlet@435c38c6{jsp=null,order=-1,inst=true,async=true,src=EMBEDDED:null,STARTED}] to PathMappings[size=3]
[DEBUG] Path=/RedirectServlet/*[EMBEDDED:null] mapped to servlet=org.jsoup.integration.servlets.RedirectServlet-77bb0ab5[EMBEDDED:null]
[DEBUG] Added MappedResource[pathSpec=ServletPathSpec@9a9d5e14{/RedirectServlet/*},resource=org.jsoup.integration.servlets.RedirectServlet-77bb0ab5==org.jsoup.integration.servlets.RedirectServlet@f84cd177{jsp=null,order=-1,inst=true,async=true,src=EMBEDDED:null,STARTED}] to PathMappings[size=4]
[DEBUG] Path=/EchoServlet/*[EMBEDDED:null] mapped to servlet=org.jsoup.integration.servlets.EchoServlet-60d1a32f[EMBEDDED:null]
[DEBUG] Added MappedResource[pathSpec=ServletPathSpec@8f86de6b{/EchoServlet/*},resource=org.jsoup.integration.servlets.EchoServlet-60d1a32f==org.jsoup.integration.servlets.EchoServlet@1f7ecb09{jsp=null,order=-1,inst=true,async=true,src=EMBEDDED:null,STARTED}] to PathMappings[size=5]
[DEBUG] Path=/FileServlet/*[EMBEDDED:null] mapped to servlet=org.jsoup.integration.servlets.FileServlet-60dce7ea[EMBEDDED:null]
[DEBUG] Added MappedResource[pathSpec=ServletPathSpec@74e824f4{/FileServlet/*},resource=org.jsoup.integration.servlets.FileServlet-60dce7ea==org.jsoup.integration.servlets.FileServlet@c786463a{jsp=null,order=-1,inst=true,async=true,src=EMBEDDED:null,STARTED}] to PathMappings[size=6]
[DEBUG] Path=/CookieServlet/*[EMBEDDED:null] mapped to servlet=org.jsoup.integration.servlets.CookieServlet-22b53226[EMBEDDED:null]
[DEBUG] Added MappedResource[pathSpec=ServletPathSpec@5e4054cc{/CookieServlet/*},resource=org.jsoup.integration.servlets.CookieServlet-22b53226==org.jsoup.integration.servlets.CookieServlet@50417851{jsp=null,order=-1,inst=true,async=true,src=EMBEDDED:null,STARTED}] to PathMappings[size=7]
[DEBUG] Path=/[EMBEDDED:null] mapped to servlet=org.eclipse.jetty.servlet.ServletHandler$Default404Servlet-2974f221[EMBEDDED:null]
[DEBUG] Added MappedResource[pathSpec=ServletPathSpec@4e{/},resource=org.eclipse.jetty.servlet.ServletHandler$Default404Servlet-2974f221==org.eclipse.jetty.servlet.ServletHandler$Default404Servlet@cf4d2ec3{jsp=null,order=-1,inst=false,async=true,src=EMBEDDED:null,STARTED}] to PathMappings[size=8]
[DEBUG] filterNameMap={}
[DEBUG] pathFilters=null
[DEBUG] servletFilterMap=null
[DEBUG] servletPathMap=PathMappings[size=8]
[DEBUG] servletNameMap={org.jsoup.integration.servlets.CookieServlet-22b53226=org.jsoup.integration.servlets.CookieServlet-22b53226==org.jsoup.integration.servlets.CookieServlet@50417851{jsp=null,order=-1,inst=true,async=true,src=EMBEDDED:null,STARTED}, org.jsoup.integration.servlets.Deflateservlet-31e32ea2=org.jsoup.integration.servlets.Deflateservlet-31e32ea2==org.jsoup.integration.servlets.Deflateservlet@7b0533f4{jsp=null,order=-1,inst=false,async=true,src=EMBEDDED:null,STARTED}, org.jsoup.integration.servlets.EchoServlet-60d1a32f=org.jsoup.integration.servlets.EchoServlet-60d1a32f==org.jsoup.integration.servlets.EchoServlet@1f7ecb09{jsp=null,order=-1,inst=true,async=true,src=EMBEDDED:null,STARTED}, org.jsoup.integration.servlets.InterruptedServlet-1f86099a=org.jsoup.integration.servlets.InterruptedServlet-1f86099a==org.jsoup.integration.servlets.InterruptedServlet@b675065f{jsp=null,order=-1,inst=true,async=true,src=EMBEDDED:null,STARTED}, org.jsoup.integration.servlets.HelloServlet-4fcc0416=org.jsoup.integration.servlets.HelloServlet-4fcc0416==org.jsoup.integration.servlets.HelloServlet@435c38c6{jsp=null,order=-1,inst=true,async=true,src=EMBEDDED:null,STARTED}, org.jsoup.integration.servlets.RedirectServlet-77bb0ab5=org.jsoup.integration.servlets.RedirectServlet-77bb0ab5==org.jsoup.integration.servlets.RedirectServlet@f84cd177{jsp=null,order=-1,inst=true,async=true,src=EMBEDDED:null,STARTED}, org.jsoup.integration.servlets.FileServlet-60dce7ea=org.jsoup.integration.servlets.FileServlet-60dce7ea==org.jsoup.integration.servlets.FileServlet@c786463a{jsp=null,order=-1,inst=true,async=true,src=EMBEDDED:null,STARTED}, org.eclipse.jetty.servlet.ServletHandler$Default404Servlet-2974f221=org.eclipse.jetty.servlet.ServletHandler$Default404Servlet-2974f221==org.eclipse.jetty.servlet.ServletHandler$Default404Servlet@cf4d2ec3{jsp=null,order=-1,inst=false,async=true,src=EMBEDDED:null,STARTED}}
[DEBUG] flushed 7 SocketChannelEndPoint@3d491fad{l=/127.0.0.1:35372,r=/127.0.0.1:60190,OPEN,fill=-,flush=W,to=7/30000}{io=0/0,kio=0,kro=1}->HttpConnection@3e7171e5[p=HttpParser{s=CONTENT,0 of -1},g=HttpGenerator@274dcaa5{s=COMPLETING}]=>HttpChannelOverHttp@36eb5f45{s=HttpChannelState@23232c72{s=HANDLING rs=COMPLETING os=COMMITTED is=IDLE awp=false se=false i=false al=0},r=7,c=false/false,a=HANDLING,uri=//localhost:35372/FileServlet/bomtests/bom_utf8.html,age=9}
[DEBUG] Flushed=true written=7 remaining=0 WriteFlusher@2071150d{WRITING}->null
[DEBUG] update WriteFlusher@2071150d{IDLE}->null:WRITING-->IDLE
[DEBUG] generate: DONE for SendCallback@410c6bef[PROCESSING][i=null,cb=org.eclipse.jetty.server.HttpChannel$SendCallback@67d06c0b] (null,[p=0,l=0,c=0,r=0],true)@END
[DEBUG] onWriteComplete(true,null) s=CLOSING,api=BLOCKED,sc=false,e=null->s=CLOSED,api=BLOCKING,sc=false,e=null c=null cb=org.eclipse.jetty.util.Callback$3@fbab853 w=false
[DEBUG] completed HttpChannelState@23232c72{s=HANDLING rs=COMPLETING os=COMPLETED is=IDLE awp=false se=false i=false al=0}
[DEBUG] unhandle HttpChannelState@23232c72{s=HANDLING rs=COMPLETED os=COMPLETED is=IDLE awp=false se=false i=false al=0}
[DEBUG] nextAction(false) TERMINATED HttpChannelState@23232c72{s=IDLE rs=COMPLETED os=COMPLETED is=IDLE awp=false se=false i=false al=0}
[DEBUG] action TERMINATED HttpChannelOverHttp@36eb5f45{s=HttpChannelState@23232c72{s=IDLE rs=COMPLETED os=COMPLETED is=IDLE awp=false se=false i=false al=0},r=7,c=true/true,a=IDLE,uri=//localhost:35372/FileServlet/bomtests/bom_utf8.html,age=9}
[DEBUG] onCompleted for /FileServlet/bomtests/bom_utf8.html written=236
[DEBUG] filled 293 HeapByteBuffer@1ef04a69[p=0,l=293,c=8192,r=293]={<<<GET /Deflateservlet HTTP/...nection: keep-alive\r\n\r\n>>>.2\r\nConne...\x00\x00\x00\x00\x00\x00\x00}
[DEBUG] HttpConnection@3e7171e5::SocketChannelEndPoint@3d491fad{l=/127.0.0.1:35372,r=/127.0.0.1:60190,OPEN,fill=-,flush=-,to=0/30000}{io=0/0,kio=0,kro=1}->HttpConnection@3e7171e5[p=HttpParser{s=CONTENT,0 of -1},g=HttpGenerator@274dcaa5{s=END}]=>HttpChannelOverHttp@36eb5f45{s=HttpChannelState@23232c72{s=IDLE rs=COMPLETED os=COMPLETED is=IDLE awp=false se=false i=false al=0},r=7,c=true/true,a=IDLE,uri=//localhost:35372/FileServlet/bomtests/bom_utf8.html,age=9} filled 293 HeapByteBuffer@1ef04a69[p=0,l=293,c=8192,r=293]={<<<GET /Deflateservlet HTTP/...nection: keep-alive\r\n\r\n>>>.2\r\nConne...\x00\x00\x00\x00\x00\x00\x00}
[DEBUG] HttpConnection@3e7171e5::SocketChannelEndPoint@3d491fad{l=/127.0.0.1:35372,r=/127.0.0.1:60190,OPEN,fill=-,flush=-,to=0/30000}{io=0/0,kio=0,kro=1}->HttpConnection@3e7171e5[p=HttpParser{s=CONTENT,0 of -1},g=HttpGenerator@274dcaa5{s=END}]=>HttpChannelOverHttp@36eb5f45{s=HttpChannelState@23232c72{s=IDLE rs=COMPLETED os=COMPLETED is=IDLE awp=false se=false i=false al=0},r=7,c=true/true,a=IDLE,uri=//localhost:35372/FileServlet/bomtests/bom_utf8.html,age=9} parse HeapByteBuffer@1ef04a69[p=0,l=293,c=8192,r=293]={<<<GET /Deflateservlet HTTP/...nection: keep-alive\r\n\r\n>>>.2\r\nConne...\x00\x00\x00\x00\x00\x00\x00} {}
[DEBUG] parseNext s=CONTENT HeapByteBuffer@1ef04a69[p=0,l=293,c=8192,r=293]={<<<GET /Deflateservlet HTTP/...nection: keep-alive\r\n\r\n>>>.2\r\nConne...\x00\x00\x00\x00\x00\x00\x00}
[DEBUG] CONTENT --> CONTENT_END
[DEBUG] onContentComplete HttpChannelOverHttp@36eb5f45{s=HttpChannelState@23232c72{s=IDLE rs=COMPLETED os=COMPLETED is=IDLE awp=false se=false i=false al=0},r=7,c=true/true,a=IDLE,uri=//localhost:35372/FileServlet/bomtests/bom_utf8.html,age=9}
[DEBUG] CONTENT_END --> END
[DEBUG] onRequestComplete HttpChannelOverHttp@36eb5f45{s=HttpChannelState@23232c72{s=IDLE rs=COMPLETED os=COMPLETED is=IDLE awp=false se=false i=false al=0},r=7,c=true/true,a=IDLE,uri=//localhost:35372/FileServlet/bomtests/bom_utf8.html,age=9}
[DEBUG] HttpInputOverHTTP@376cf161[c=0,q=0,[0]=null,s=STREAM] addContent EOF
[DEBUG] HttpConnection@3e7171e5::SocketChannelEndPoint@3d491fad{l=/127.0.0.1:35372,r=/127.0.0.1:60190,OPEN,fill=-,flush=-,to=0/30000}{io=0/0,kio=0,kro=1}->HttpConnection@3e7171e5[p=HttpParser{s=END,0 of -1},g=HttpGenerator@274dcaa5{s=END}]=>HttpChannelOverHttp@36eb5f45{s=HttpChannelState@23232c72{s=IDLE rs=COMPLETED os=COMPLETED is=IDLE awp=false se=false i=false al=0},r=7,c=true/true,a=IDLE,uri=//localhost:35372/FileServlet/bomtests/bom_utf8.html,age=10} parsed false HttpParser{s=END,0 of -1}
[DEBUG] recycle HttpChannelState@23232c72{s=IDLE rs=COMPLETED os=COMPLETED is=IDLE awp=false se=false i=false al=0}
[DEBUG] reset HttpParser{s=END,0 of -1}
[DEBUG] END --> START
[DEBUG] !handle TERMINATED HttpChannelOverHttp@36eb5f45{s=HttpChannelState@23232c72{s=IDLE rs=BLOCKING os=OPEN is=IDLE awp=false se=false i=true al=0},r=7,c=false/false,a=IDLE,uri=null,age=0}
[DEBUG] HttpConnection@3e7171e5::SocketChannelEndPoint@3d491fad{l=/127.0.0.1:35372,r=/127.0.0.1:60190,OPEN,fill=-,flush=-,to=0/30000}{io=0/0,kio=0,kro=1}->HttpConnection@3e7171e5[p=HttpParser{s=START,0 of -1},g=HttpGenerator@274dcaa5{s=START}]=>HttpChannelOverHttp@36eb5f45{s=HttpChannelState@23232c72{s=IDLE rs=BLOCKING os=OPEN is=IDLE awp=false se=false i=true al=0},r=7,c=false/false,a=IDLE,uri=null,age=0} parse HeapByteBuffer@1ef04a69[p=0,l=293,c=8192,r=293]={<<<GET /Deflateservlet HTTP/...nection: keep-alive\r\n\r\n>>>.2\r\nConne...\x00\x00\x00\x00\x00\x00\x00} {}
[DEBUG] parseNext s=START HeapByteBuffer@1ef04a69[p=0,l=293,c=8192,r=293]={<<<GET /Deflateservlet HTTP/...nection: keep-alive\r\n\r\n>>>.2\r\nConne...\x00\x00\x00\x00\x00\x00\x00}
[DEBUG] START --> SPACE1
[DEBUG] SPACE1 --> URI
[DEBUG] URI --> SPACE2
[DEBUG] SPACE2 --> REQUEST_VERSION
[DEBUG] REQUEST_VERSION --> HEADER
[DEBUG] HEADER:Accept-Encoding: gzip --> IN_VALUE
[DEBUG] HEADER:Accept-Encoding: gzip --> FIELD
[DEBUG] HEADER:User-Agent: Mozilla/5.0 (Windows NT 10.0; Win64; x64) AppleWebKit/537.36 (KHTML, like Gecko) Chrome/79.0.3945.130 Safari/537.36 --> IN_VALUE
[DEBUG] HEADER:User-Agent: Mozilla/5.0 (Windows NT 10.0; Win64; x64) AppleWebKit/537.36 (KHTML, like Gecko) Chrome/79.0.3945.130 Safari/537.36 --> FIELD
[DEBUG] HEADER:Host: localhost:35372 --> IN_VALUE
[DEBUG] HEADER:Host: localhost:35372 --> FIELD
[DEBUG] HEADER:Accept: text/html, image/gif, image/jpeg, *; q=.2, */*; q=.2 --> IN_VALUE
[DEBUG] HEADER:Accept: text/html, image/gif, image/jpeg, *; q=.2, */*; q=.2 --> FIELD
[DEBUG] HEADER:Connection: keep-alive --> IN_VALUE
[DEBUG] HEADER:Connection: keep-alive --> FIELD
[DEBUG] HEADER --> CONTENT
[DEBUG] REQUEST for //localhost:35372/Deflateservlet on HttpChannelOverHttp@36eb5f45{s=HttpChannelState@23232c72{s=IDLE rs=BLOCKING os=OPEN is=IDLE awp=false se=false i=true al=0},r=8,c=false/false,a=IDLE,uri=//localhost:35372/Deflateservlet,age=0}
GET //localhost:35372/Deflateservlet HTTP/1.1
Accept-Encoding: gzip
User-Agent: Mozilla/5.0 (Windows NT 10.0; Win64; x64) AppleWebKit/537.36 (KHTML, like Gecko) Chrome/79.0.3945.130 Safari/537.36
Host: localhost:35372
Accept: text/html, image/gif, image/jpeg, *; q=.2, */*; q=.2
Connection: keep-alive


[DEBUG] HttpConnection@3e7171e5::SocketChannelEndPoint@3d491fad{l=/127.0.0.1:35372,r=/127.0.0.1:60190,OPEN,fill=-,flush=-,to=3/30000}{io=0/0,kio=0,kro=1}->HttpConnection@3e7171e5[p=HttpParser{s=CONTENT,0 of -1},g=HttpGenerator@274dcaa5{s=START}]=>HttpChannelOverHttp@36eb5f45{s=HttpChannelState@23232c72{s=IDLE rs=BLOCKING os=OPEN is=IDLE awp=false se=false i=true al=0},r=8,c=false/false,a=IDLE,uri=//localhost:35372/Deflateservlet,age=3} parsed true HttpParser{s=CONTENT,0 of -1}
[DEBUG] releaseRequestBuffer HttpConnection@3e7171e5::SocketChannelEndPoint@3d491fad{l=/127.0.0.1:35372,r=/127.0.0.1:60190,OPEN,fill=-,flush=-,to=4/30000}{io=0/0,kio=0,kro=1}->HttpConnection@3e7171e5[p=HttpParser{s=CONTENT,0 of -1},g=HttpGenerator@274dcaa5{s=START}]=>HttpChannelOverHttp@36eb5f45{s=HttpChannelState@23232c72{s=IDLE rs=BLOCKING os=OPEN is=IDLE awp=false se=false i=true al=0},r=8,c=false/false,a=IDLE,uri=//localhost:35372/Deflateservlet,age=3}
[DEBUG] handle //localhost:35372/Deflateservlet HttpChannelOverHttp@36eb5f45{s=HttpChannelState@23232c72{s=IDLE rs=BLOCKING os=OPEN is=IDLE awp=false se=false i=true al=0},r=8,c=false/false,a=IDLE,uri=//localhost:35372/Deflateservlet,age=3} 
[DEBUG] handling HttpChannelState@23232c72{s=IDLE rs=BLOCKING os=OPEN is=IDLE awp=false se=false i=true al=0}
[DEBUG] action DISPATCH HttpChannelOverHttp@36eb5f45{s=HttpChannelState@23232c72{s=HANDLING rs=BLOCKING os=OPEN is=IDLE awp=false se=false i=true al=0},r=8,c=false/false,a=HANDLING,uri=//localhost:35372/Deflateservlet,age=3}
[DEBUG] REQUEST GET /Deflateservlet on HttpChannelOverHttp@36eb5f45{s=HttpChannelState@23232c72{s=HANDLING rs=BLOCKING os=OPEN is=IDLE awp=false se=false i=true al=0},r=8,c=false/false,a=HANDLING,uri=//localhost:35372/Deflateservlet,age=4}
[DEBUG] servlet null|/Deflateservlet|null -> org.jsoup.integration.servlets.Deflateservlet-31e32ea2==org.jsoup.integration.servlets.Deflateservlet@7b0533f4{jsp=null,order=-1,inst=false,async=true,src=EMBEDDED:null,STARTED}
[DEBUG] chain=null
[DEBUG] Servlet.init null for org.jsoup.integration.servlets.Deflateservlet-31e32ea2
[DEBUG] write(array HeapByteBuffer@2243e2ca[p=0,l=53,c=512,r=53]={<<<\xB3)\xB0\xF3H\xCd\xC9\xC9\xD7Q\x08\xCf/\xCaIQ\xB4)\xB0\x0b\xC9H,Q(...QHJUH\xCd\xCb/M\xCf\xD0Q(\xCaL\xCf(\xB1\xB7!Q=\x00>>>\x00\x00\x00\x00\x00\x00\x00\x00\x00...\x00\x00\x00\x00\x00\x00\x00})
[DEBUG] write(array) s=OPEN,api=BLOCKING,sc=false,e=null aggregated !flush DirectByteBuffer@341ca971[p=0,l=53,c=32768,r=53]={<<<\xB3)\xB0\xF3H\xCd\xC9\xC9\xD7Q\x08\xCf/\xCaIQ\xB4)\xB0\x0b\xC9H,Q(...QHJUH\xCd\xCb/M\xCf\xD0Q(\xCaL\xCf(\xB1\xB7!Q=\x00>>>tyle type...gue. Pr}
[DEBUG] close() s=CLOSING,api=BLOCKED,sc=false,e=null c=DirectByteBuffer@341ca971[p=0,l=53,c=32768,r=53]={<<<\xB3)\xB0\xF3H\xCd\xC9\xC9\xD7Q\x08\xCf/\xCaIQ\xB4)\xB0\x0b\xC9H,Q(...QHJUH\xCd\xCb/M\xCf\xD0Q(\xCaL\xCf(\xB1\xB7!Q=\x00>>>tyle type...gue. Pr} b=Blocker@7cb7664d{null}
[DEBUG] sendResponse info=null content=DirectByteBuffer@341ca971[p=0,l=53,c=32768,r=53]={<<<\xB3)\xB0\xF3H\xCd\xC9\xC9\xD7Q\x08\xCf/\xCaIQ\xB4)\xB0\x0b\xC9H,Q(...QHJUH\xCd\xCb/M\xCf\xD0Q(\xCaL\xCf(\xB1\xB7!Q=\x00>>>tyle type...gue. Pr} complete=true committing=true callback=Blocker@7cb7664d{null}
[DEBUG] COMMIT for /Deflateservlet on HttpChannelOverHttp@36eb5f45{s=HttpChannelState@23232c72{s=HANDLING rs=BLOCKING os=COMMITTED is=IDLE awp=false se=false i=true al=0},r=8,c=false/false,a=HANDLING,uri=//localhost:35372/Deflateservlet,age=5}
200 null HTTP/1.1
Date: Tue, 28 Sep 2021 06:03:32 GMT
Content-Type: text/html;charset=utf-8
Content-Encoding: deflate


[DEBUG] generate: NEED_HEADER for SendCallback@410c6bef[PROCESSING][i=HTTP/1.1{s=200,h=3,cl=-1},cb=org.eclipse.jetty.server.HttpChannel$SendCallback@7861aef1] (null,[p=0,l=53,c=32768,r=53],true)@START
[DEBUG] generateHeaders HTTP/1.1{s=200,h=3,cl=-1} last=true content=DirectByteBuffer@341ca971[p=0,l=53,c=32768,r=53]={<<<\xB3)\xB0\xF3H\xCd\xC9\xC9\xD7Q\x08\xCf/\xCaIQ\xB4)\xB0\x0b\xC9H,Q(...QHJUH\xCd\xCb/M\xCf\xD0Q(\xCaL\xCf(\xB1\xB7!Q=\x00>>>tyle type...gue. Pr}
[DEBUG] Date: Tue, 28 Sep 2021 06:03:32 GMT
Content-Type: text/html;charset=utf-8
Content-Encoding: deflate


[DEBUG] CONTENT_LENGTH
[DEBUG] generate: FLUSH for SendCallback@410c6bef[PROCESSING][i=HTTP/1.1{s=200,h=3,cl=-1},cb=org.eclipse.jetty.server.HttpChannel$SendCallback@7861aef1] ([p=0,l=175,c=8192,r=175],[p=0,l=53,c=32768,r=53],true)@COMPLETING
[DEBUG] write: WriteFlusher@2071150d{IDLE}->null [HeapByteBuffer@2a66826a[p=0,l=175,c=8192,r=175]={<<<HTTP/1.1 200 OK\r\nDate: Tu...y(9.4.43.v20210629)\r\n\r\n>>>.0.3945.1...\x86&h\xA0{\xC1\xC2},DirectByteBuffer@341ca971[p=0,l=53,c=32768,r=53]={<<<\xB3)\xB0\xF3H\xCd\xC9\xC9\xD7Q\x08\xCf/\xCaIQ\xB4)\xB0\x0b\xC9H,Q(...QHJUH\xCd\xCb/M\xCf\xD0Q(\xCaL\xCf(\xB1\xB7!Q=\x00>>>tyle type...gue. Pr}]
[DEBUG] update WriteFlusher@2071150d{WRITING}->null:IDLE-->WRITING
]]></system-out>
  </testcase>
  <testcase name="repeatable" classname="org.jsoup.integration.ConnectTest" time="0.077">
    <system-out><![CDATA[[DEBUG] flushed 228 SocketChannelEndPoint@3d491fad{l=/127.0.0.1:35372,r=/127.0.0.1:60190,OPEN,fill=-,flush=W,to=10/30000}{io=0/0,kio=0,kro=1}->HttpConnection@3e7171e5[p=HttpParser{s=CONTENT,0 of -1},g=HttpGenerator@274dcaa5{s=COMPLETING}]=>HttpChannelOverHttp@36eb5f45{s=HttpChannelState@23232c72{s=HANDLING rs=BLOCKING os=COMMITTED is=IDLE awp=false se=false i=true al=0},r=8,c=false/false,a=HANDLING,uri=//localhost:35372/Deflateservlet,age=10}
[DEBUG] Flushed=true written=228 remaining=0 WriteFlusher@2071150d{WRITING}->null
[DEBUG] update WriteFlusher@2071150d{IDLE}->null:WRITING-->IDLE
[DEBUG] generate: DONE for SendCallback@410c6bef[PROCESSING][i=HTTP/1.1{s=200,h=3,cl=-1},cb=org.eclipse.jetty.server.HttpChannel$SendCallback@7861aef1] ([p=175,l=175,c=8192,r=0],[p=53,l=53,c=32768,r=0],true)@END
[DEBUG] onWriteComplete(true,null) s=CLOSING,api=BLOCKED,sc=false,e=null->s=CLOSED,api=BLOCKING,sc=false,e=null c=null cb=null w=false
[DEBUG] handled=true async=false committed=true on HttpChannelOverHttp@36eb5f45{s=HttpChannelState@23232c72{s=HANDLING rs=BLOCKING os=COMPLETED is=IDLE awp=false se=false i=true al=0},r=8,c=false/true,a=HANDLING,uri=//localhost:35372/Deflateservlet,age=10}
[DEBUG] unhandle HttpChannelState@23232c72{s=HANDLING rs=BLOCKING os=COMPLETED is=IDLE awp=false se=false i=true al=0}
[DEBUG] nextAction(false) COMPLETE HttpChannelState@23232c72{s=HANDLING rs=COMPLETING os=COMPLETED is=IDLE awp=false se=false i=false al=0}
[DEBUG] action COMPLETE HttpChannelOverHttp@36eb5f45{s=HttpChannelState@23232c72{s=HANDLING rs=COMPLETING os=COMPLETED is=IDLE awp=false se=false i=false al=0},r=8,c=false/true,a=HANDLING,uri=//localhost:35372/Deflateservlet,age=10}
[DEBUG] complete(org.eclipse.jetty.util.Callback$3@3b19519f) s=CLOSED,api=BLOCKING,sc=false,e=null s=true e=null, c=null
[DEBUG] completed HttpChannelState@23232c72{s=HANDLING rs=COMPLETING os=COMPLETED is=IDLE awp=false se=false i=false al=0}
[DEBUG] unhandle HttpChannelState@23232c72{s=HANDLING rs=COMPLETED os=COMPLETED is=IDLE awp=false se=false i=false al=0}
[DEBUG] nextAction(false) TERMINATED HttpChannelState@23232c72{s=IDLE rs=COMPLETED os=COMPLETED is=IDLE awp=false se=false i=false al=0}
[DEBUG] action TERMINATED HttpChannelOverHttp@36eb5f45{s=HttpChannelState@23232c72{s=IDLE rs=COMPLETED os=COMPLETED is=IDLE awp=false se=false i=false al=0},r=8,c=true/true,a=IDLE,uri=//localhost:35372/Deflateservlet,age=10}
[DEBUG] onCompleted for /Deflateservlet written=53
[DEBUG] filled 311 HeapByteBuffer@460916c[p=0,l=311,c=8192,r=311]={<<<GET /FileServlet/htmltest...nection: keep-alive\r\n\r\n>>>/gif, ima...\x00\x00\x00\x00\x00\x00\x00}
[DEBUG] HttpConnection@3e7171e5::SocketChannelEndPoint@3d491fad{l=/127.0.0.1:35372,r=/127.0.0.1:60190,OPEN,fill=-,flush=-,to=0/30000}{io=0/0,kio=0,kro=1}->HttpConnection@3e7171e5[p=HttpParser{s=CONTENT,0 of -1},g=HttpGenerator@274dcaa5{s=END}]=>HttpChannelOverHttp@36eb5f45{s=HttpChannelState@23232c72{s=IDLE rs=COMPLETED os=COMPLETED is=IDLE awp=false se=false i=false al=0},r=8,c=true/true,a=IDLE,uri=//localhost:35372/Deflateservlet,age=11} filled 311 HeapByteBuffer@460916c[p=0,l=311,c=8192,r=311]={<<<GET /FileServlet/htmltest...nection: keep-alive\r\n\r\n>>>/gif, ima...\x00\x00\x00\x00\x00\x00\x00}
[DEBUG] HttpConnection@3e7171e5::SocketChannelEndPoint@3d491fad{l=/127.0.0.1:35372,r=/127.0.0.1:60190,OPEN,fill=-,flush=-,to=0/30000}{io=0/0,kio=0,kro=1}->HttpConnection@3e7171e5[p=HttpParser{s=CONTENT,0 of -1},g=HttpGenerator@274dcaa5{s=END}]=>HttpChannelOverHttp@36eb5f45{s=HttpChannelState@23232c72{s=IDLE rs=COMPLETED os=COMPLETED is=IDLE awp=false se=false i=false al=0},r=8,c=true/true,a=IDLE,uri=//localhost:35372/Deflateservlet,age=11} parse HeapByteBuffer@460916c[p=0,l=311,c=8192,r=311]={<<<GET /FileServlet/htmltest...nection: keep-alive\r\n\r\n>>>/gif, ima...\x00\x00\x00\x00\x00\x00\x00} {}
[DEBUG] parseNext s=CONTENT HeapByteBuffer@460916c[p=0,l=311,c=8192,r=311]={<<<GET /FileServlet/htmltest...nection: keep-alive\r\n\r\n>>>/gif, ima...\x00\x00\x00\x00\x00\x00\x00}
[DEBUG] CONTENT --> CONTENT_END
[DEBUG] onContentComplete HttpChannelOverHttp@36eb5f45{s=HttpChannelState@23232c72{s=IDLE rs=COMPLETED os=COMPLETED is=IDLE awp=false se=false i=false al=0},r=8,c=true/true,a=IDLE,uri=//localhost:35372/Deflateservlet,age=11}
[DEBUG] CONTENT_END --> END
[DEBUG] onRequestComplete HttpChannelOverHttp@36eb5f45{s=HttpChannelState@23232c72{s=IDLE rs=COMPLETED os=COMPLETED is=IDLE awp=false se=false i=false al=0},r=8,c=true/true,a=IDLE,uri=//localhost:35372/Deflateservlet,age=11}
[DEBUG] HttpInputOverHTTP@376cf161[c=0,q=0,[0]=null,s=STREAM] addContent EOF
[DEBUG] HttpConnection@3e7171e5::SocketChannelEndPoint@3d491fad{l=/127.0.0.1:35372,r=/127.0.0.1:60190,OPEN,fill=-,flush=-,to=0/30000}{io=0/0,kio=0,kro=1}->HttpConnection@3e7171e5[p=HttpParser{s=END,0 of -1},g=HttpGenerator@274dcaa5{s=END}]=>HttpChannelOverHttp@36eb5f45{s=HttpChannelState@23232c72{s=IDLE rs=COMPLETED os=COMPLETED is=IDLE awp=false se=false i=false al=0},r=8,c=true/true,a=IDLE,uri=//localhost:35372/Deflateservlet,age=11} parsed false HttpParser{s=END,0 of -1}
[DEBUG] recycle HttpChannelState@23232c72{s=IDLE rs=COMPLETED os=COMPLETED is=IDLE awp=false se=false i=false al=0}
[DEBUG] reset HttpParser{s=END,0 of -1}
[DEBUG] END --> START
[DEBUG] !handle TERMINATED HttpChannelOverHttp@36eb5f45{s=HttpChannelState@23232c72{s=IDLE rs=BLOCKING os=OPEN is=IDLE awp=false se=false i=true al=0},r=8,c=false/false,a=IDLE,uri=null,age=0}
[DEBUG] HttpConnection@3e7171e5::SocketChannelEndPoint@3d491fad{l=/127.0.0.1:35372,r=/127.0.0.1:60190,OPEN,fill=-,flush=-,to=0/30000}{io=0/0,kio=0,kro=1}->HttpConnection@3e7171e5[p=HttpParser{s=START,0 of -1},g=HttpGenerator@274dcaa5{s=START}]=>HttpChannelOverHttp@36eb5f45{s=HttpChannelState@23232c72{s=IDLE rs=BLOCKING os=OPEN is=IDLE awp=false se=false i=true al=0},r=8,c=false/false,a=IDLE,uri=null,age=0} parse HeapByteBuffer@460916c[p=0,l=311,c=8192,r=311]={<<<GET /FileServlet/htmltest...nection: keep-alive\r\n\r\n>>>/gif, ima...\x00\x00\x00\x00\x00\x00\x00} {}
[DEBUG] parseNext s=START HeapByteBuffer@460916c[p=0,l=311,c=8192,r=311]={<<<GET /FileServlet/htmltest...nection: keep-alive\r\n\r\n>>>/gif, ima...\x00\x00\x00\x00\x00\x00\x00}
[DEBUG] START --> SPACE1
[DEBUG] SPACE1 --> URI
[DEBUG] URI --> SPACE2
[DEBUG] SPACE2 --> REQUEST_VERSION
[DEBUG] REQUEST_VERSION --> HEADER
[DEBUG] HEADER:Accept-Encoding: gzip --> IN_VALUE
[DEBUG] HEADER:Accept-Encoding: gzip --> FIELD
[DEBUG] HEADER:User-Agent: Mozilla/5.0 (Windows NT 10.0; Win64; x64) AppleWebKit/537.36 (KHTML, like Gecko) Chrome/79.0.3945.130 Safari/537.36 --> IN_VALUE
[DEBUG] HEADER:User-Agent: Mozilla/5.0 (Windows NT 10.0; Win64; x64) AppleWebKit/537.36 (KHTML, like Gecko) Chrome/79.0.3945.130 Safari/537.36 --> FIELD
[DEBUG] HEADER:Host: localhost:35372 --> IN_VALUE
[DEBUG] HEADER:Host: localhost:35372 --> FIELD
[DEBUG] HEADER:Accept: text/html, image/gif, image/jpeg, *; q=.2, */*; q=.2 --> IN_VALUE
[DEBUG] HEADER:Accept: text/html, image/gif, image/jpeg, *; q=.2, */*; q=.2 --> FIELD
[DEBUG] HEADER:Connection: keep-alive --> IN_VALUE
[DEBUG] HEADER:Connection: keep-alive --> FIELD
[DEBUG] HEADER --> CONTENT
[DEBUG] REQUEST for //localhost:35372/FileServlet/htmltests/large.html on HttpChannelOverHttp@36eb5f45{s=HttpChannelState@23232c72{s=IDLE rs=BLOCKING os=OPEN is=IDLE awp=false se=false i=true al=0},r=9,c=false/false,a=IDLE,uri=//localhost:35372/FileServlet/htmltests/large.html,age=1}
GET //localhost:35372/FileServlet/htmltests/large.html HTTP/1.1
Accept-Encoding: gzip
User-Agent: Mozilla/5.0 (Windows NT 10.0; Win64; x64) AppleWebKit/537.36 (KHTML, like Gecko) Chrome/79.0.3945.130 Safari/537.36
Host: localhost:35372
Accept: text/html, image/gif, image/jpeg, *; q=.2, */*; q=.2
Connection: keep-alive


[DEBUG] HttpConnection@3e7171e5::SocketChannelEndPoint@3d491fad{l=/127.0.0.1:35372,r=/127.0.0.1:60190,OPEN,fill=-,flush=-,to=5/30000}{io=0/0,kio=0,kro=1}->HttpConnection@3e7171e5[p=HttpParser{s=CONTENT,0 of -1},g=HttpGenerator@274dcaa5{s=START}]=>HttpChannelOverHttp@36eb5f45{s=HttpChannelState@23232c72{s=IDLE rs=BLOCKING os=OPEN is=IDLE awp=false se=false i=true al=0},r=9,c=false/false,a=IDLE,uri=//localhost:35372/FileServlet/htmltests/large.html,age=5} parsed true HttpParser{s=CONTENT,0 of -1}
[DEBUG] releaseRequestBuffer HttpConnection@3e7171e5::SocketChannelEndPoint@3d491fad{l=/127.0.0.1:35372,r=/127.0.0.1:60190,OPEN,fill=-,flush=-,to=5/30000}{io=0/0,kio=0,kro=1}->HttpConnection@3e7171e5[p=HttpParser{s=CONTENT,0 of -1},g=HttpGenerator@274dcaa5{s=START}]=>HttpChannelOverHttp@36eb5f45{s=HttpChannelState@23232c72{s=IDLE rs=BLOCKING os=OPEN is=IDLE awp=false se=false i=true al=0},r=9,c=false/false,a=IDLE,uri=//localhost:35372/FileServlet/htmltests/large.html,age=5}
[DEBUG] handle //localhost:35372/FileServlet/htmltests/large.html HttpChannelOverHttp@36eb5f45{s=HttpChannelState@23232c72{s=IDLE rs=BLOCKING os=OPEN is=IDLE awp=false se=false i=true al=0},r=9,c=false/false,a=IDLE,uri=//localhost:35372/FileServlet/htmltests/large.html,age=5} 
[DEBUG] handling HttpChannelState@23232c72{s=IDLE rs=BLOCKING os=OPEN is=IDLE awp=false se=false i=true al=0}
[DEBUG] action DISPATCH HttpChannelOverHttp@36eb5f45{s=HttpChannelState@23232c72{s=HANDLING rs=BLOCKING os=OPEN is=IDLE awp=false se=false i=true al=0},r=9,c=false/false,a=HANDLING,uri=//localhost:35372/FileServlet/htmltests/large.html,age=5}
[DEBUG] REQUEST GET /FileServlet/htmltests/large.html on HttpChannelOverHttp@36eb5f45{s=HttpChannelState@23232c72{s=HANDLING rs=BLOCKING os=OPEN is=IDLE awp=false se=false i=true al=0},r=9,c=false/false,a=HANDLING,uri=//localhost:35372/FileServlet/htmltests/large.html,age=5}
[DEBUG] servlet null|/FileServlet|/htmltests/large.html -> org.jsoup.integration.servlets.FileServlet-60dce7ea==org.jsoup.integration.servlets.FileServlet@c786463a{jsp=null,order=-1,inst=true,async=true,src=EMBEDDED:null,STARTED}
[DEBUG] chain=null
[DEBUG] write(array HeapByteBuffer@5fcdd2c3[p=0,l=8192,c=8192,r=8192]={<<<<html><head><title>Large ...augue. Vestibulum tinci>>>})
[DEBUG] write(array) s=OPEN,api=BLOCKING,sc=false,e=null aggregated !flush DirectByteBuffer@6ae05ec4[p=0,l=8192,c=32768,r=8192]={<<<<html><head><title>Large ...augue. Vestibulum tinci>>>na. Quisq...gue. Pr}
[DEBUG] write(array HeapByteBuffer@62253e42[p=0,l=8192,c=8192,r=8192]={<<<dunt malesuada tellus. Ut... nostra, per inceptos h>>>})
[DEBUG] write(array) s=OPEN,api=BLOCKING,sc=false,e=null aggregated !flush DirectByteBuffer@6ae05ec4[p=0,l=16384,c=32768,r=16384]={<<<<html><head><title>Large ... nostra, per inceptos h>>>osqu ad l...gue. Pr}
[DEBUG] write(array HeapByteBuffer@17c612d1[p=0,l=8192,c=8192,r=8192]={<<<imenaeos. Nam nec ante. S...nas aliquet mollis lect>>>})
[DEBUG] write(array) s=OPEN,api=BLOCKING,sc=false,e=null aggregated !flush DirectByteBuffer@6ae05ec4[p=0,l=24576,c=32768,r=24576]={<<<<html><head><title>Large ...nas aliquet mollis lect>>> sed augu...gue. Pr}
[DEBUG] write(array HeapByteBuffer@66a22c1f[p=0,l=8192,c=8192,r=8192]={<<<us. Vivamus consectetuer ...s ultrices enim. Curabi>>>})
[DEBUG] write(array) s=OPEN,api=BLOCKED,sc=false,e=null last=false agg=true flush=true async=false, len=0 DirectByteBuffer@6ae05ec4[p=0,l=32768,c=32768,r=32768]={<<<<html><head><title>Large ...s ultrices enim. Curabi>>>}
[DEBUG] sendResponse info=null content=DirectByteBuffer@6ae05ec4[p=0,l=32768,c=32768,r=32768]={<<<<html><head><title>Large ...s ultrices enim. Curabi>>>} complete=false committing=true callback=Blocker@7cb7664d{null}
[DEBUG] COMMIT for /FileServlet/htmltests/large.html on HttpChannelOverHttp@36eb5f45{s=HttpChannelState@23232c72{s=HANDLING rs=BLOCKING os=COMMITTED is=IDLE awp=false se=false i=true al=0},r=9,c=false/false,a=HANDLING,uri=//localhost:35372/FileServlet/htmltests/large.html,age=6}
200 null HTTP/1.1
Date: Tue, 28 Sep 2021 06:03:32 GMT
Content-Type: text/html


[DEBUG] generate: NEED_HEADER for SendCallback@410c6bef[PROCESSING][i=HTTP/1.1{s=200,h=2,cl=-1},cb=org.eclipse.jetty.server.HttpChannel$SendCallback@57c8a1c2] (null,[p=0,l=32768,c=32768,r=32768],false)@START
[DEBUG] generateHeaders HTTP/1.1{s=200,h=2,cl=-1} last=false content=DirectByteBuffer@6ae05ec4[p=0,l=32768,c=32768,r=32768]={<<<<html><head><title>Large ...s ultrices enim. Curabi>>>}
[DEBUG] Date: Tue, 28 Sep 2021 06:03:32 GMT
Content-Type: text/html


[DEBUG] CHUNKED_CONTENT
[DEBUG] generate: FLUSH for SendCallback@410c6bef[PROCESSING][i=HTTP/1.1{s=200,h=2,cl=-1},cb=org.eclipse.jetty.server.HttpChannel$SendCallback@57c8a1c2] ([p=0,l=148,c=8192,r=148],[p=0,l=32768,c=32768,r=32768],false)@COMMITTED
[DEBUG] write: WriteFlusher@2071150d{IDLE}->null [HeapByteBuffer@1ef04a69[p=0,l=148,c=8192,r=148]={<<<HTTP/1.1 200 OK\r\nDate: Tu...43.v20210629)\r\n\r\n8000\r\n>>>rome/79.0...\x00\x00\x00\x00\x00\x00\x00},DirectByteBuffer@6ae05ec4[p=0,l=32768,c=32768,r=32768]={<<<<html><head><title>Large ...s ultrices enim. Curabi>>>}]
[DEBUG] update WriteFlusher@2071150d{WRITING}->null:IDLE-->WRITING
[DEBUG] flushed 32916 SocketChannelEndPoint@3d491fad{l=/127.0.0.1:35372,r=/127.0.0.1:60190,OPEN,fill=-,flush=W,to=9/30000}{io=0/0,kio=0,kro=1}->HttpConnection@3e7171e5[p=HttpParser{s=CONTENT,0 of -1},g=HttpGenerator@274dcaa5{s=COMMITTED}]=>HttpChannelOverHttp@36eb5f45{s=HttpChannelState@23232c72{s=HANDLING rs=BLOCKING os=COMMITTED is=IDLE awp=false se=false i=true al=0},r=9,c=false/false,a=HANDLING,uri=//localhost:35372/FileServlet/htmltests/large.html,age=9}
[DEBUG] Flushed=true written=32916 remaining=0 WriteFlusher@2071150d{WRITING}->null
[DEBUG] update WriteFlusher@2071150d{IDLE}->null:WRITING-->IDLE
[DEBUG] generate: DONE for SendCallback@410c6bef[PROCESSING][i=HTTP/1.1{s=200,h=2,cl=-1},cb=org.eclipse.jetty.server.HttpChannel$SendCallback@57c8a1c2] ([p=148,l=148,c=8192,r=0],[p=32768,l=32768,c=32768,r=0],false)@COMMITTED
[DEBUG] onWriteComplete(false,null) s=OPEN,api=BLOCKED,sc=false,e=null->s=OPEN,api=BLOCKING,sc=false,e=null c=null cb=null w=false
[DEBUG] write(array HeapByteBuffer@1cd44257[p=0,l=8192,c=8192,r=8192]={<<<tur sit amet mauris. Morb...s ligula lacinia alique>>>})
[DEBUG] write(array) s=OPEN,api=BLOCKING,sc=false,e=null aggregated !flush DirectByteBuffer@6ae05ec4[p=0,l=8192,c=32768,r=8192]={<<<tur sit amet mauris. Morb...s ligula lacinia alique>>>dunt male... Curabi}
[DEBUG] write(array HeapByteBuffer@3ba38b86[p=0,l=8192,c=8192,r=8192]={<<<t. Mauris ipsum. Nulla me...sectetuer risus et tort>>>})
[DEBUG] write(array) s=OPEN,api=BLOCKING,sc=false,e=null aggregated !flush DirectByteBuffer@6ae05ec4[p=0,l=16384,c=32768,r=16384]={<<<tur sit amet mauris. Morb...sectetuer risus et tort>>>imenaeos.... Curabi}
[DEBUG] write(array HeapByteBuffer@4c969a39[p=0,l=8192,c=8192,r=8192]={<<<or. Lorem ipsum dolor sit... Donec lacus nunc, vive>>>})
[DEBUG] write(array) s=OPEN,api=BLOCKING,sc=false,e=null aggregated !flush DirectByteBuffer@6ae05ec4[p=0,l=24576,c=32768,r=24576]={<<<tur sit amet mauris. Morb... Donec lacus nunc, vive>>>us. Vivam... Curabi}
[DEBUG] write(array HeapByteBuffer@5ec2f4d8[p=0,l=8192,c=8192,r=8192]={<<<rra nec, blandit vel, ege... In scelerisque sem at >>>})
[DEBUG] write(array) s=OPEN,api=BLOCKED,sc=false,e=null last=false agg=true flush=true async=false, len=0 DirectByteBuffer@6ae05ec4[p=0,l=32768,c=32768,r=32768]={<<<tur sit amet mauris. Morb... In scelerisque sem at >>>}
[DEBUG] sendResponse info=null content=DirectByteBuffer@6ae05ec4[p=0,l=32768,c=32768,r=32768]={<<<tur sit amet mauris. Morb... In scelerisque sem at >>>} complete=false committing=false callback=Blocker@7cb7664d{null}
[DEBUG] generate: NEED_CHUNK for SendCallback@410c6bef[PROCESSING][i=null,cb=org.eclipse.jetty.server.HttpChannel$SendCallback@60bac3ad] (null,[p=0,l=32768,c=32768,r=32768],false)@COMMITTED
[DEBUG] generate: FLUSH for SendCallback@410c6bef[PROCESSING][i=null,cb=org.eclipse.jetty.server.HttpChannel$SendCallback@60bac3ad] (null,[p=0,l=32768,c=32768,r=32768],false)@COMMITTED
[DEBUG] write: WriteFlusher@2071150d{IDLE}->null [HeapByteBuffer@52377fdf[p=0,l=8,c=1024,r=8]={<<<\r\n8000\r\n>>>\x00\x00\x00\x00\x00\x00\x00\x00\x00...\x00\x00\x00\x00\x00\x00\x00},DirectByteBuffer@6ae05ec4[p=0,l=32768,c=32768,r=32768]={<<<tur sit amet mauris. Morb... In scelerisque sem at >>>}]
[DEBUG] update WriteFlusher@2071150d{WRITING}->null:IDLE-->WRITING
[DEBUG] flushed 32776 SocketChannelEndPoint@3d491fad{l=/127.0.0.1:35372,r=/127.0.0.1:60190,OPEN,fill=-,flush=W,to=3/30000}{io=0/0,kio=0,kro=1}->HttpConnection@3e7171e5[p=HttpParser{s=CONTENT,0 of -1},g=HttpGenerator@274dcaa5{s=COMMITTED}]=>HttpChannelOverHttp@36eb5f45{s=HttpChannelState@23232c72{s=HANDLING rs=BLOCKING os=COMMITTED is=IDLE awp=false se=false i=true al=0},r=9,c=false/false,a=HANDLING,uri=//localhost:35372/FileServlet/htmltests/large.html,age=12}
[DEBUG] Flushed=true written=32776 remaining=0 WriteFlusher@2071150d{WRITING}->null
[DEBUG] update WriteFlusher@2071150d{IDLE}->null:WRITING-->IDLE
[DEBUG] generate: DONE for SendCallback@410c6bef[PROCESSING][i=null,cb=org.eclipse.jetty.server.HttpChannel$SendCallback@60bac3ad] (null,[p=32768,l=32768,c=32768,r=0],false)@COMMITTED
[DEBUG] onWriteComplete(false,null) s=OPEN,api=BLOCKED,sc=false,e=null->s=OPEN,api=BLOCKING,sc=false,e=null c=null cb=null w=false
[DEBUG] write(array HeapByteBuffer@47629b87[p=0,l=8192,c=8192,r=8192]={<<<dolor. Maecenas mattis. S...itor, cursus quis, aliq>>>})
[DEBUG] write(array) s=OPEN,api=BLOCKING,sc=false,e=null aggregated !flush DirectByteBuffer@6ae05ec4[p=0,l=8192,c=32768,r=8192]={<<<dolor. Maecenas mattis. S...itor, cursus quis, aliq>>>t. Mauris...sem at }
[DEBUG] write(array HeapByteBuffer@3f5d9600[p=0,l=8192,c=8192,r=8192]={<<<uet eget, justo. Sed pret...m. Etiam ultrices. Susp>>>})
[DEBUG] write(array) s=OPEN,api=BLOCKING,sc=false,e=null aggregated !flush DirectByteBuffer@6ae05ec4[p=0,l=16384,c=32768,r=16384]={<<<dolor. Maecenas mattis. S...m. Etiam ultrices. Susp>>>or. Lorem...sem at }
[DEBUG] write(array HeapByteBuffer@7670d107[p=0,l=8192,c=8192,r=8192]={<<<endisse in justo eu magna...cinia nunc. </p>\n\n<p>Cu>>>})
[DEBUG] write(array) s=OPEN,api=BLOCKING,sc=false,e=null aggregated !flush DirectByteBuffer@6ae05ec4[p=0,l=24576,c=32768,r=24576]={<<<dolor. Maecenas mattis. S...cinia nunc. </p>\n\n<p>Cu>>>rra nec, ...sem at }
[DEBUG] write(array HeapByteBuffer@40e1c3cf[p=0,l=8192,c=8192,r=8192]={<<<rabitur tortor. <i>Vestib... ac, ultricies eu, pede>>>})
[DEBUG] write(array) s=OPEN,api=BLOCKED,sc=false,e=null last=false agg=true flush=true async=false, len=0 DirectByteBuffer@6ae05ec4[p=0,l=32768,c=32768,r=32768]={<<<dolor. Maecenas mattis. S... ac, ultricies eu, pede>>>}
[DEBUG] sendResponse info=null content=DirectByteBuffer@6ae05ec4[p=0,l=32768,c=32768,r=32768]={<<<dolor. Maecenas mattis. S... ac, ultricies eu, pede>>>} complete=false committing=false callback=Blocker@7cb7664d{null}
[DEBUG] generate: NEED_CHUNK for SendCallback@410c6bef[PROCESSING][i=null,cb=org.eclipse.jetty.server.HttpChannel$SendCallback@138cc6f7] (null,[p=0,l=32768,c=32768,r=32768],false)@COMMITTED
[DEBUG] generate: FLUSH for SendCallback@410c6bef[PROCESSING][i=null,cb=org.eclipse.jetty.server.HttpChannel$SendCallback@138cc6f7] (null,[p=0,l=32768,c=32768,r=32768],false)@COMMITTED
[DEBUG] write: WriteFlusher@2071150d{IDLE}->null [HeapByteBuffer@2ed6021b[p=0,l=8,c=1024,r=8]={<<<\r\n8000\r\n>>>\x00\x00\x00\x00\x00\x00\x00\x00\x00...\x00\x00\x00\x00\x00\x00\x00},DirectByteBuffer@6ae05ec4[p=0,l=32768,c=32768,r=32768]={<<<dolor. Maecenas mattis. S... ac, ultricies eu, pede>>>}]
[DEBUG] update WriteFlusher@2071150d{WRITING}->null:IDLE-->WRITING
[DEBUG] flushed 32776 SocketChannelEndPoint@3d491fad{l=/127.0.0.1:35372,r=/127.0.0.1:60190,OPEN,fill=-,flush=W,to=7/30000}{io=0/0,kio=0,kro=1}->HttpConnection@3e7171e5[p=HttpParser{s=CONTENT,0 of -1},g=HttpGenerator@274dcaa5{s=COMMITTED}]=>HttpChannelOverHttp@36eb5f45{s=HttpChannelState@23232c72{s=HANDLING rs=BLOCKING os=COMMITTED is=IDLE awp=false se=false i=true al=0},r=9,c=false/false,a=HANDLING,uri=//localhost:35372/FileServlet/htmltests/large.html,age=20}
[DEBUG] Flushed=true written=32776 remaining=0 WriteFlusher@2071150d{WRITING}->null
[DEBUG] update WriteFlusher@2071150d{IDLE}->null:WRITING-->IDLE
[DEBUG] generate: DONE for SendCallback@410c6bef[PROCESSING][i=null,cb=org.eclipse.jetty.server.HttpChannel$SendCallback@138cc6f7] (null,[p=32768,l=32768,c=32768,r=0],false)@COMMITTED
[DEBUG] onWriteComplete(false,null) s=OPEN,api=BLOCKED,sc=false,e=null->s=OPEN,api=BLOCKING,sc=false,e=null c=null cb=null w=false
[DEBUG] write(array HeapByteBuffer@4032bf10[p=0,l=8192,c=8192,r=8192]={<<<. <i>Praesent blandit dol...ae; Morbi lacinia moles>>>})
[DEBUG] write(array) s=OPEN,api=BLOCKING,sc=false,e=null aggregated !flush DirectByteBuffer@6ae05ec4[p=0,l=8192,c=32768,r=8192]={<<<. <i>Praesent blandit dol...ae; Morbi lacinia moles>>>uet eget,...u, pede}
[DEBUG] write(array HeapByteBuffer@30baa6f8[p=0,l=8192,c=8192,r=8192]={<<<tie dui. <b>Ut fringilla<...cinia aliquet. <b>Pelle>>>})
[DEBUG] write(array) s=OPEN,api=BLOCKING,sc=false,e=null aggregated !flush DirectByteBuffer@6ae05ec4[p=0,l=16384,c=32768,r=16384]={<<<. <i>Praesent blandit dol...cinia aliquet. <b>Pelle>>>endisse i...u, pede}
[DEBUG] write(array HeapByteBuffer@7e8be49b[p=0,l=8192,c=8192,r=8192]={<<<ntesque nibh</b>. Mauris ...scipit sodales. Aenean >>>})
[DEBUG] write(array) s=OPEN,api=BLOCKING,sc=false,e=null aggregated !flush DirectByteBuffer@6ae05ec4[p=0,l=24576,c=32768,r=24576]={<<<. <i>Praesent blandit dol...scipit sodales. Aenean >>>rabitur t...u, pede}
[DEBUG] write(array HeapByteBuffer@b453ec3[p=0,l=8192,c=8192,r=8192]={<<<lectus elit, fermentum no... Sed lacinia, urna non >>>})
[DEBUG] write(array) s=OPEN,api=BLOCKED,sc=false,e=null last=false agg=true flush=true async=false, len=0 DirectByteBuffer@6ae05ec4[p=0,l=32768,c=32768,r=32768]={<<<. <i>Praesent blandit dol... Sed lacinia, urna non >>>}
[DEBUG] sendResponse info=null content=DirectByteBuffer@6ae05ec4[p=0,l=32768,c=32768,r=32768]={<<<. <i>Praesent blandit dol... Sed lacinia, urna non >>>} complete=false committing=false callback=Blocker@7cb7664d{null}
[DEBUG] generate: NEED_CHUNK for SendCallback@410c6bef[PROCESSING][i=null,cb=org.eclipse.jetty.server.HttpChannel$SendCallback@5e5ada84] (null,[p=0,l=32768,c=32768,r=32768],false)@COMMITTED
[DEBUG] generate: FLUSH for SendCallback@410c6bef[PROCESSING][i=null,cb=org.eclipse.jetty.server.HttpChannel$SendCallback@5e5ada84] (null,[p=0,l=32768,c=32768,r=32768],false)@COMMITTED
[DEBUG] write: WriteFlusher@2071150d{IDLE}->null [HeapByteBuffer@54b3104a[p=0,l=8,c=1024,r=8]={<<<\r\n8000\r\n>>>\x00\x00\x00\x00\x00\x00\x00\x00\x00...\x00\x00\x00\x00\x00\x00\x00},DirectByteBuffer@6ae05ec4[p=0,l=32768,c=32768,r=32768]={<<<. <i>Praesent blandit dol... Sed lacinia, urna non >>>}]
[DEBUG] update WriteFlusher@2071150d{WRITING}->null:IDLE-->WRITING
[DEBUG] flushed 32776 SocketChannelEndPoint@3d491fad{l=/127.0.0.1:35372,r=/127.0.0.1:60190,OPEN,fill=-,flush=W,to=1/30000}{io=0/0,kio=0,kro=1}->HttpConnection@3e7171e5[p=HttpParser{s=CONTENT,0 of -1},g=HttpGenerator@274dcaa5{s=COMMITTED}]=>HttpChannelOverHttp@36eb5f45{s=HttpChannelState@23232c72{s=HANDLING rs=BLOCKING os=COMMITTED is=IDLE awp=false se=false i=true al=0},r=9,c=false/false,a=HANDLING,uri=//localhost:35372/FileServlet/htmltests/large.html,age=21}
[DEBUG] Flushed=true written=32776 remaining=0 WriteFlusher@2071150d{WRITING}->null
[DEBUG] update WriteFlusher@2071150d{IDLE}->null:WRITING-->IDLE
[DEBUG] generate: DONE for SendCallback@410c6bef[PROCESSING][i=null,cb=org.eclipse.jetty.server.HttpChannel$SendCallback@5e5ada84] (null,[p=32768,l=32768,c=32768,r=0],false)@COMMITTED
[DEBUG] onWriteComplete(false,null) s=OPEN,api=BLOCKED,sc=false,e=null->s=OPEN,api=BLOCKING,sc=false,e=null c=null cb=null w=false
[DEBUG] write(array HeapByteBuffer@3b323ad1[p=0,l=8192,c=8192,r=8192]={<<<tincidunt mattis, tortor ...si. Nulla quis sem at n>>>})
[DEBUG] write(array) s=OPEN,api=BLOCKING,sc=false,e=null aggregated !flush DirectByteBuffer@6ae05ec4[p=0,l=8192,c=32768,r=8192]={<<<tincidunt mattis, tortor ...si. Nulla quis sem at n>>>tie dui. ...na non }
[DEBUG] write(array HeapByteBuffer@1a3cbe10[p=0,l=8192,c=8192,r=8192]={<<<ibh elementum imperdiet. ...orbi in dui quis est pu>>>})
[DEBUG] write(array) s=OPEN,api=BLOCKING,sc=false,e=null aggregated !flush DirectByteBuffer@6ae05ec4[p=0,l=16384,c=32768,r=16384]={<<<tincidunt mattis, tortor ...orbi in dui quis est pu>>>ntesque n...na non }
[DEBUG] write(array HeapByteBuffer@382d28b2[p=0,l=8192,c=8192,r=8192]={<<<lvinar ullamcorper. Nulla...tetur adipiscing elit</>>>})
[DEBUG] write(array) s=OPEN,api=BLOCKING,sc=false,e=null aggregated !flush DirectByteBuffer@6ae05ec4[p=0,l=24576,c=32768,r=24576]={<<<tincidunt mattis, tortor ...tetur adipiscing elit</>>>lectus el...na non }
[DEBUG] write(array HeapByteBuffer@302b4bc9[p=0,l=8192,c=8192,r=8192]={<<<i>. Mauris ipsum. <b>Pell...aliquet eget, justo. </>>>})
[DEBUG] write(array) s=OPEN,api=BLOCKED,sc=false,e=null last=false agg=true flush=true async=false, len=0 DirectByteBuffer@6ae05ec4[p=0,l=32768,c=32768,r=32768]={<<<tincidunt mattis, tortor ...aliquet eget, justo. </>>>}
[DEBUG] sendResponse info=null content=DirectByteBuffer@6ae05ec4[p=0,l=32768,c=32768,r=32768]={<<<tincidunt mattis, tortor ...aliquet eget, justo. </>>>} complete=false committing=false callback=Blocker@7cb7664d{null}
[DEBUG] generate: NEED_CHUNK for SendCallback@410c6bef[PROCESSING][i=null,cb=org.eclipse.jetty.server.HttpChannel$SendCallback@1ae51baf] (null,[p=0,l=32768,c=32768,r=32768],false)@COMMITTED
[DEBUG] generate: FLUSH for SendCallback@410c6bef[PROCESSING][i=null,cb=org.eclipse.jetty.server.HttpChannel$SendCallback@1ae51baf] (null,[p=0,l=32768,c=32768,r=32768],false)@COMMITTED
[DEBUG] write: WriteFlusher@2071150d{IDLE}->null [HeapByteBuffer@52377fdf[p=0,l=8,c=1024,r=8]={<<<\r\n8000\r\n>>>\x00\x00\x00\x00\x00\x00\x00\x00\x00...\x00\x00\x00\x00\x00\x00\x00},DirectByteBuffer@6ae05ec4[p=0,l=32768,c=32768,r=32768]={<<<tincidunt mattis, tortor ...aliquet eget, justo. </>>>}]
[DEBUG] update WriteFlusher@2071150d{WRITING}->null:IDLE-->WRITING
[DEBUG] flushed 32776 SocketChannelEndPoint@3d491fad{l=/127.0.0.1:35372,r=/127.0.0.1:60190,OPEN,fill=-,flush=W,to=1/30000}{io=0/0,kio=0,kro=1}->HttpConnection@3e7171e5[p=HttpParser{s=CONTENT,0 of -1},g=HttpGenerator@274dcaa5{s=COMMITTED}]=>HttpChannelOverHttp@36eb5f45{s=HttpChannelState@23232c72{s=HANDLING rs=BLOCKING os=COMMITTED is=IDLE awp=false se=false i=true al=0},r=9,c=false/false,a=HANDLING,uri=//localhost:35372/FileServlet/htmltests/large.html,age=23}
[DEBUG] Flushed=true written=32776 remaining=0 WriteFlusher@2071150d{WRITING}->null
[DEBUG] update WriteFlusher@2071150d{IDLE}->null:WRITING-->IDLE
[DEBUG] generate: DONE for SendCallback@410c6bef[PROCESSING][i=null,cb=org.eclipse.jetty.server.HttpChannel$SendCallback@1ae51baf] (null,[p=32768,l=32768,c=32768,r=0],false)@COMMITTED
[DEBUG] onWriteComplete(false,null) s=OPEN,api=BLOCKED,sc=false,e=null->s=OPEN,api=BLOCKING,sc=false,e=null c=null cb=null w=false
[DEBUG] write(array HeapByteBuffer@65d6eadd[p=0,l=8192,c=8192,r=8192]={<<<p>\n\n<p>Sed pretium blandi...ulum sapien. Proin quam>>>})
[DEBUG] write(array) s=OPEN,api=BLOCKING,sc=false,e=null aggregated !flush DirectByteBuffer@6ae05ec4[p=0,l=8192,c=32768,r=8192]={<<<p>\n\n<p>Sed pretium blandi...ulum sapien. Proin quam>>>ibh eleme...sto. </}
[DEBUG] write(array HeapByteBuffer@346f266d[p=0,l=8192,c=8192,r=8192]={<<<. Etiam ultrices. Suspend...er conubia nostra, per >>>})
[DEBUG] write(array) s=OPEN,api=BLOCKING,sc=false,e=null aggregated !flush DirectByteBuffer@6ae05ec4[p=0,l=16384,c=32768,r=16384]={<<<p>\n\n<p>Sed pretium blandi...er conubia nostra, per >>>lvinar ul...sto. </}
[DEBUG] write(array HeapByteBuffer@5e70562a[p=0,l=8192,c=8192,r=8192]={<<<inceptos himenaeos. </p>\n...>. Integer id quam. Mor>>>})
[DEBUG] write(array) s=OPEN,api=BLOCKING,sc=false,e=null aggregated !flush DirectByteBuffer@6ae05ec4[p=0,l=24576,c=32768,r=24576]={<<<p>\n\n<p>Sed pretium blandi...>. Integer id quam. Mor>>>i>. Mauri...sto. </}
[DEBUG] write(array HeapByteBuffer@6c7a0628[p=0,l=8192,c=8192,r=8192]={<<<bi mi. Quisque nisl felis...imperdiet. </p>\n\n<p>Ves>>>})
[DEBUG] write(array) s=OPEN,api=BLOCKED,sc=false,e=null last=false agg=true flush=true async=false, len=0 DirectByteBuffer@6ae05ec4[p=0,l=32768,c=32768,r=32768]={<<<p>\n\n<p>Sed pretium blandi...imperdiet. </p>\n\n<p>Ves>>>}
[DEBUG] sendResponse info=null content=DirectByteBuffer@6ae05ec4[p=0,l=32768,c=32768,r=32768]={<<<p>\n\n<p>Sed pretium blandi...imperdiet. </p>\n\n<p>Ves>>>} complete=false committing=false callback=Blocker@7cb7664d{null}
[DEBUG] generate: NEED_CHUNK for SendCallback@410c6bef[PROCESSING][i=null,cb=org.eclipse.jetty.server.HttpChannel$SendCallback@3ea88978] (null,[p=0,l=32768,c=32768,r=32768],false)@COMMITTED
[DEBUG] generate: FLUSH for SendCallback@410c6bef[PROCESSING][i=null,cb=org.eclipse.jetty.server.HttpChannel$SendCallback@3ea88978] (null,[p=0,l=32768,c=32768,r=32768],false)@COMMITTED
[DEBUG] write: WriteFlusher@2071150d{IDLE}->null [HeapByteBuffer@2ed6021b[p=0,l=8,c=1024,r=8]={<<<\r\n8000\r\n>>>\x00\x00\x00\x00\x00\x00\x00\x00\x00...\x00\x00\x00\x00\x00\x00\x00},DirectByteBuffer@6ae05ec4[p=0,l=32768,c=32768,r=32768]={<<<p>\n\n<p>Sed pretium blandi...imperdiet. </p>\n\n<p>Ves>>>}]
[DEBUG] update WriteFlusher@2071150d{WRITING}->null:IDLE-->WRITING
[DEBUG] flushed 32776 SocketChannelEndPoint@3d491fad{l=/127.0.0.1:35372,r=/127.0.0.1:60190,OPEN,fill=-,flush=W,to=1/30000}{io=0/0,kio=0,kro=1}->HttpConnection@3e7171e5[p=HttpParser{s=CONTENT,0 of -1},g=HttpGenerator@274dcaa5{s=COMMITTED}]=>HttpChannelOverHttp@36eb5f45{s=HttpChannelState@23232c72{s=HANDLING rs=BLOCKING os=COMMITTED is=IDLE awp=false se=false i=true al=0},r=9,c=false/false,a=HANDLING,uri=//localhost:35372/FileServlet/htmltests/large.html,age=24}
[DEBUG] Flushed=true written=32776 remaining=0 WriteFlusher@2071150d{WRITING}->null
[DEBUG] update WriteFlusher@2071150d{IDLE}->null:WRITING-->IDLE
[DEBUG] generate: DONE for SendCallback@410c6bef[PROCESSING][i=null,cb=org.eclipse.jetty.server.HttpChannel$SendCallback@3ea88978] (null,[p=32768,l=32768,c=32768,r=0],false)@COMMITTED
[DEBUG] onWriteComplete(false,null) s=OPEN,api=BLOCKED,sc=false,e=null->s=OPEN,api=BLOCKING,sc=false,e=null c=null cb=null w=false
[DEBUG] write(array HeapByteBuffer@73b99c8e[p=0,l=8192,c=8192,r=8192]={<<<tibulum sapien. <b>Morbi ...torquent per conubia no>>>})
[DEBUG] write(array) s=OPEN,api=BLOCKING,sc=false,e=null aggregated !flush DirectByteBuffer@6ae05ec4[p=0,l=8192,c=32768,r=8192]={<<<tibulum sapien. <b>Morbi ...torquent per conubia no>>>. Etiam u...\n<p>Ves}
[DEBUG] write(array HeapByteBuffer@2fa455d5[p=0,l=8192,c=8192,r=8192]={<<<stra, per inceptos himena...a</i>. Vestibulum nisi >>>})
[DEBUG] write(array) s=OPEN,api=BLOCKING,sc=false,e=null aggregated !flush DirectByteBuffer@6ae05ec4[p=0,l=16384,c=32768,r=16384]={<<<tibulum sapien. <b>Morbi ...a</i>. Vestibulum nisi >>>inceptos ...\n<p>Ves}
[DEBUG] write(array HeapByteBuffer@13534d4f[p=0,l=8192,c=8192,r=8192]={<<<lectus, commodo ac, facil.../b>. Sed lectus. Intege>>>})
[DEBUG] write(array) s=OPEN,api=BLOCKING,sc=false,e=null aggregated !flush DirectByteBuffer@6ae05ec4[p=0,l=24576,c=32768,r=24576]={<<<tibulum sapien. <b>Morbi .../b>. Sed lectus. Intege>>>bi mi. Qu...\n<p>Ves}
[DEBUG] write(array HeapByteBuffer@69cae514[p=0,l=8192,c=8192,r=8192]={<<<r euismod lacus luctus ma...ur sodales ligula in li>>>})
[DEBUG] write(array) s=OPEN,api=BLOCKED,sc=false,e=null last=false agg=true flush=true async=false, len=0 DirectByteBuffer@6ae05ec4[p=0,l=32768,c=32768,r=32768]={<<<tibulum sapien. <b>Morbi ...ur sodales ligula in li>>>}
[DEBUG] sendResponse info=null content=DirectByteBuffer@6ae05ec4[p=0,l=32768,c=32768,r=32768]={<<<tibulum sapien. <b>Morbi ...ur sodales ligula in li>>>} complete=false committing=false callback=Blocker@7cb7664d{null}
[DEBUG] generate: NEED_CHUNK for SendCallback@410c6bef[PROCESSING][i=null,cb=org.eclipse.jetty.server.HttpChannel$SendCallback@5628594f] (null,[p=0,l=32768,c=32768,r=32768],false)@COMMITTED
[DEBUG] generate: FLUSH for SendCallback@410c6bef[PROCESSING][i=null,cb=org.eclipse.jetty.server.HttpChannel$SendCallback@5628594f] (null,[p=0,l=32768,c=32768,r=32768],false)@COMMITTED
[DEBUG] write: WriteFlusher@2071150d{IDLE}->null [HeapByteBuffer@54b3104a[p=0,l=8,c=1024,r=8]={<<<\r\n8000\r\n>>>\x00\x00\x00\x00\x00\x00\x00\x00\x00...\x00\x00\x00\x00\x00\x00\x00},DirectByteBuffer@6ae05ec4[p=0,l=32768,c=32768,r=32768]={<<<tibulum sapien. <b>Morbi ...ur sodales ligula in li>>>}]
[DEBUG] update WriteFlusher@2071150d{WRITING}->null:IDLE-->WRITING
[DEBUG] flushed 32776 SocketChannelEndPoint@3d491fad{l=/127.0.0.1:35372,r=/127.0.0.1:60190,OPEN,fill=-,flush=W,to=2/30000}{io=0/0,kio=0,kro=1}->HttpConnection@3e7171e5[p=HttpParser{s=CONTENT,0 of -1},g=HttpGenerator@274dcaa5{s=COMMITTED}]=>HttpChannelOverHttp@36eb5f45{s=HttpChannelState@23232c72{s=HANDLING rs=BLOCKING os=COMMITTED is=IDLE awp=false se=false i=true al=0},r=9,c=false/false,a=HANDLING,uri=//localhost:35372/FileServlet/htmltests/large.html,age=26}
[DEBUG] Flushed=true written=32776 remaining=0 WriteFlusher@2071150d{WRITING}->null
[DEBUG] update WriteFlusher@2071150d{IDLE}->null:WRITING-->IDLE
[DEBUG] generate: DONE for SendCallback@410c6bef[PROCESSING][i=null,cb=org.eclipse.jetty.server.HttpChannel$SendCallback@5628594f] (null,[p=32768,l=32768,c=32768,r=0],false)@COMMITTED
[DEBUG] onWriteComplete(false,null) s=OPEN,api=BLOCKED,sc=false,e=null->s=OPEN,api=BLOCKING,sc=false,e=null c=null cb=null w=false
[DEBUG] write(array HeapByteBuffer@5bafb4a2[p=0,l=8192,c=8192,r=8192]={<<<bero. Sed dignissim lacin..., iaculis et, viverra v>>>})
[DEBUG] write(array) s=OPEN,api=BLOCKING,sc=false,e=null aggregated !flush DirectByteBuffer@6ae05ec4[p=0,l=8192,c=32768,r=8192]={<<<bero. Sed dignissim lacin..., iaculis et, viverra v>>>stra, per...a in li}
[DEBUG] write(array HeapByteBuffer@521fb3ad[p=0,l=8192,c=8192,r=8192]={<<<itae, ligula. <i>Integer ...bulum ante ipsum primis>>>})
[DEBUG] write(array) s=OPEN,api=BLOCKING,sc=false,e=null aggregated !flush DirectByteBuffer@6ae05ec4[p=0,l=16384,c=32768,r=16384]={<<<bero. Sed dignissim lacin...bulum ante ipsum primis>>>lectus, c...a in li}
[DEBUG] write(array HeapByteBuffer@6cc30ebf[p=0,l=8192,c=8192,r=8192]={<<< in faucibus orci luctus ...auris. Fusce nec tellus>>>})
[DEBUG] write(array) s=OPEN,api=BLOCKING,sc=false,e=null aggregated !flush DirectByteBuffer@6ae05ec4[p=0,l=24576,c=32768,r=24576]={<<<bero. Sed dignissim lacin...auris. Fusce nec tellus>>>r euismod...a in li}
[DEBUG] write(array HeapByteBuffer@78b5d049[p=0,l=8192,c=8192,r=8192]={<<< sed augue semper porta. ...ces sit amet, augue. Pr>>>})
[DEBUG] write(array) s=OPEN,api=BLOCKED,sc=false,e=null last=false agg=true flush=true async=false, len=0 DirectByteBuffer@6ae05ec4[p=0,l=32768,c=32768,r=32768]={<<<bero. Sed dignissim lacin...ces sit amet, augue. Pr>>>}
[DEBUG] sendResponse info=null content=DirectByteBuffer@6ae05ec4[p=0,l=32768,c=32768,r=32768]={<<<bero. Sed dignissim lacin...ces sit amet, augue. Pr>>>} complete=false committing=false callback=Blocker@7cb7664d{null}
[DEBUG] generate: NEED_CHUNK for SendCallback@410c6bef[PROCESSING][i=null,cb=org.eclipse.jetty.server.HttpChannel$SendCallback@5e997159] (null,[p=0,l=32768,c=32768,r=32768],false)@COMMITTED
[DEBUG] generate: FLUSH for SendCallback@410c6bef[PROCESSING][i=null,cb=org.eclipse.jetty.server.HttpChannel$SendCallback@5e997159] (null,[p=0,l=32768,c=32768,r=32768],false)@COMMITTED
[DEBUG] write: WriteFlusher@2071150d{IDLE}->null [HeapByteBuffer@52377fdf[p=0,l=8,c=1024,r=8]={<<<\r\n8000\r\n>>>\x00\x00\x00\x00\x00\x00\x00\x00\x00...\x00\x00\x00\x00\x00\x00\x00},DirectByteBuffer@6ae05ec4[p=0,l=32768,c=32768,r=32768]={<<<bero. Sed dignissim lacin...ces sit amet, augue. Pr>>>}]
[DEBUG] update WriteFlusher@2071150d{WRITING}->null:IDLE-->WRITING
[DEBUG] flushed 32776 SocketChannelEndPoint@3d491fad{l=/127.0.0.1:35372,r=/127.0.0.1:60190,OPEN,fill=-,flush=W,to=1/30000}{io=0/0,kio=0,kro=1}->HttpConnection@3e7171e5[p=HttpParser{s=CONTENT,0 of -1},g=HttpGenerator@274dcaa5{s=COMMITTED}]=>HttpChannelOverHttp@36eb5f45{s=HttpChannelState@23232c72{s=HANDLING rs=BLOCKING os=COMMITTED is=IDLE awp=false se=false i=true al=0},r=9,c=false/false,a=HANDLING,uri=//localhost:35372/FileServlet/htmltests/large.html,age=27}
[DEBUG] Flushed=true written=32776 remaining=0 WriteFlusher@2071150d{WRITING}->null
[DEBUG] update WriteFlusher@2071150d{IDLE}->null:WRITING-->IDLE
[DEBUG] generate: DONE for SendCallback@410c6bef[PROCESSING][i=null,cb=org.eclipse.jetty.server.HttpChannel$SendCallback@5e997159] (null,[p=32768,l=32768,c=32768,r=0],false)@COMMITTED
[DEBUG] onWriteComplete(false,null) s=OPEN,api=BLOCKED,sc=false,e=null->s=OPEN,api=BLOCKING,sc=false,e=null c=null cb=null w=false
[DEBUG] write(array HeapByteBuffer@713423fc[p=0,l=8192,c=8192,r=8192]={<<<oin sodales libero eget a...uismod lacus luctus mag>>>})
[DEBUG] write(array) s=OPEN,api=BLOCKING,sc=false,e=null aggregated !flush DirectByteBuffer@6ae05ec4[p=0,l=8192,c=32768,r=8192]={<<<oin sodales libero eget a...uismod lacus luctus mag>>>itae, lig...gue. Pr}
[DEBUG] write(array HeapByteBuffer@5766d93[p=0,l=8192,c=8192,r=8192]={<<<na. Quisque cursus, metus...lass aptent taciti soci>>>})
[DEBUG] write(array) s=OPEN,api=BLOCKING,sc=false,e=null aggregated !flush DirectByteBuffer@6ae05ec4[p=0,l=16384,c=32768,r=16384]={<<<oin sodales libero eget a...lass aptent taciti soci>>> in fauci...gue. Pr}
[DEBUG] write(array HeapByteBuffer@5397d2ec[p=0,l=2207,c=8192,r=2207]={<<<osqu ad litora torquent p.... </p>\n\n</body></html>\n>>>nia nunc....ti soci})
[DEBUG] write(array) s=OPEN,api=BLOCKING,sc=false,e=null aggregated !flush DirectByteBuffer@6ae05ec4[p=0,l=18591,c=32768,r=18591]={<<<oin sodales libero eget a.... </p>\n\n</body></html>\n>>>erisque s...gue. Pr}
[DEBUG] sendResponse info=null content=DirectByteBuffer@6ae05ec4[p=0,l=18591,c=32768,r=18591]={<<<oin sodales libero eget a.... </p>\n\n</body></html>\n>>>erisque s...gue. Pr} complete=false committing=false callback=Blocker@7cb7664d{null}
[DEBUG] generate: NEED_CHUNK for SendCallback@410c6bef[PROCESSING][i=null,cb=org.eclipse.jetty.server.HttpChannel$SendCallback@4611727e] (null,[p=0,l=18591,c=32768,r=18591],false)@COMMITTED
[DEBUG] generate: FLUSH for SendCallback@410c6bef[PROCESSING][i=null,cb=org.eclipse.jetty.server.HttpChannel$SendCallback@4611727e] (null,[p=0,l=18591,c=32768,r=18591],false)@COMMITTED
[DEBUG] write: WriteFlusher@2071150d{IDLE}->null [HeapByteBuffer@2ed6021b[p=0,l=8,c=1024,r=8]={<<<\r\n489F\r\n>>>\x00\x00\x00\x00\x00\x00\x00\x00\x00...\x00\x00\x00\x00\x00\x00\x00},DirectByteBuffer@6ae05ec4[p=0,l=18591,c=32768,r=18591]={<<<oin sodales libero eget a.... </p>\n\n</body></html>\n>>>erisque s...gue. Pr}]
[DEBUG] update WriteFlusher@2071150d{WRITING}->null:IDLE-->WRITING
[DEBUG] flushed 18599 SocketChannelEndPoint@3d491fad{l=/127.0.0.1:35372,r=/127.0.0.1:60190,OPEN,fill=-,flush=W,to=2/30000}{io=0/0,kio=0,kro=1}->HttpConnection@3e7171e5[p=HttpParser{s=CONTENT,0 of -1},g=HttpGenerator@274dcaa5{s=COMMITTED}]=>HttpChannelOverHttp@36eb5f45{s=HttpChannelState@23232c72{s=HANDLING rs=BLOCKING os=COMMITTED is=IDLE awp=false se=false i=true al=0},r=9,c=false/false,a=HANDLING,uri=//localhost:35372/FileServlet/htmltests/large.html,age=30}
[DEBUG] Flushed=true written=18599 remaining=0 WriteFlusher@2071150d{WRITING}->null
[DEBUG] update WriteFlusher@2071150d{IDLE}->null:WRITING-->IDLE
[DEBUG] generate: DONE for SendCallback@410c6bef[PROCESSING][i=null,cb=org.eclipse.jetty.server.HttpChannel$SendCallback@4611727e] (null,[p=18591,l=18591,c=32768,r=0],false)@COMMITTED
[DEBUG] onWriteComplete(false,null) s=OPEN,api=BLOCKED,sc=false,e=null->s=OPEN,api=BLOCKING,sc=false,e=null c=null cb=null w=false
[DEBUG] handled=true async=false committed=true on HttpChannelOverHttp@36eb5f45{s=HttpChannelState@23232c72{s=HANDLING rs=BLOCKING os=COMMITTED is=IDLE awp=false se=false i=true al=0},r=9,c=false/false,a=HANDLING,uri=//localhost:35372/FileServlet/htmltests/large.html,age=36}
[DEBUG] unhandle HttpChannelState@23232c72{s=HANDLING rs=BLOCKING os=COMMITTED is=IDLE awp=false se=false i=true al=0}
[DEBUG] nextAction(false) COMPLETE HttpChannelState@23232c72{s=HANDLING rs=COMPLETING os=COMMITTED is=IDLE awp=false se=false i=false al=0}
[DEBUG] action COMPLETE HttpChannelOverHttp@36eb5f45{s=HttpChannelState@23232c72{s=HANDLING rs=COMPLETING os=COMMITTED is=IDLE awp=false se=false i=false al=0},r=9,c=false/false,a=HANDLING,uri=//localhost:35372/FileServlet/htmltests/large.html,age=36}
[DEBUG] complete(org.eclipse.jetty.util.Callback$3@16ea8283) s=CLOSING,api=BLOCKED,sc=false,e=null s=false e=null, c=HeapByteBuffer@13dae45a[p=0,l=0,c=0,r=0]={<<<>>>}
[DEBUG] sendResponse info=null content=HeapByteBuffer@13dae45a[p=0,l=0,c=0,r=0]={<<<>>>} complete=true committing=false callback=org.eclipse.jetty.server.HttpOutput$WriteCompleteCB@20c66f38
[DEBUG] generate: CONTINUE for SendCallback@410c6bef[PROCESSING][i=null,cb=org.eclipse.jetty.server.HttpChannel$SendCallback@4d2bd97e] (null,[p=0,l=0,c=0,r=0],true)@COMPLETING
[DEBUG] generate: NEED_CHUNK for SendCallback@410c6bef[PROCESSING][i=null,cb=org.eclipse.jetty.server.HttpChannel$SendCallback@4d2bd97e] (null,[p=0,l=0,c=0,r=0],true)@COMPLETING
[DEBUG] generate: FLUSH for SendCallback@410c6bef[PROCESSING][i=null,cb=org.eclipse.jetty.server.HttpChannel$SendCallback@4d2bd97e] (null,[p=0,l=0,c=0,r=0],true)@COMPLETING
[DEBUG] write: WriteFlusher@2071150d{IDLE}->null [HeapByteBuffer@54b3104a[p=0,l=7,c=1024,r=7]={<<<\r\n0\r\n\r\n>>>\n\x00\x00\x00\x00\x00\x00\x00\x00...\x00\x00\x00\x00\x00\x00\x00}]
[DEBUG] update WriteFlusher@2071150d{WRITING}->null:IDLE-->WRITING
[DEBUG] flushed 7 SocketChannelEndPoint@3d491fad{l=/127.0.0.1:35372,r=/127.0.0.1:60190,OPEN,fill=-,flush=W,to=6/30000}{io=0/0,kio=0,kro=1}->HttpConnection@3e7171e5[p=HttpParser{s=CONTENT,0 of -1},g=HttpGenerator@274dcaa5{s=COMPLETING}]=>HttpChannelOverHttp@36eb5f45{s=HttpChannelState@23232c72{s=HANDLING rs=COMPLETING os=COMMITTED is=IDLE awp=false se=false i=false al=0},r=9,c=false/false,a=HANDLING,uri=//localhost:35372/FileServlet/htmltests/large.html,age=37}
[DEBUG] Flushed=true written=7 remaining=0 WriteFlusher@2071150d{WRITING}->null
[DEBUG] update WriteFlusher@2071150d{IDLE}->null:WRITING-->IDLE
[DEBUG] generate: DONE for SendCallback@410c6bef[PROCESSING][i=null,cb=org.eclipse.jetty.server.HttpChannel$SendCallback@4d2bd97e] (null,[p=0,l=0,c=0,r=0],true)@END
[DEBUG] onWriteComplete(true,null) s=CLOSING,api=BLOCKED,sc=false,e=null->s=CLOSED,api=BLOCKING,sc=false,e=null c=null cb=org.eclipse.jetty.util.Callback$3@16ea8283 w=false
[DEBUG] completed HttpChannelState@23232c72{s=HANDLING rs=COMPLETING os=COMPLETED is=IDLE awp=false se=false i=false al=0}
[DEBUG] unhandle HttpChannelState@23232c72{s=HANDLING rs=COMPLETED os=COMPLETED is=IDLE awp=false se=false i=false al=0}
[DEBUG] nextAction(false) TERMINATED HttpChannelState@23232c72{s=IDLE rs=COMPLETED os=COMPLETED is=IDLE awp=false se=false i=false al=0}
[DEBUG] action TERMINATED HttpChannelOverHttp@36eb5f45{s=HttpChannelState@23232c72{s=IDLE rs=COMPLETED os=COMPLETED is=IDLE awp=false se=false i=false al=0},r=9,c=true/true,a=IDLE,uri=//localhost:35372/FileServlet/htmltests/large.html,age=37}
[DEBUG] onCompleted for /FileServlet/htmltests/large.html written=280735
[DEBUG] filled 311 HeapByteBuffer@2a66826a[p=0,l=311,c=8192,r=311]={<<<GET /FileServlet/htmltest...nection: keep-alive\r\n\r\n>>>\r\n.2\r\nCon...\x86&h\xA0{\xC1\xC2}
[DEBUG] HttpConnection@3e7171e5::SocketChannelEndPoint@3d491fad{l=/127.0.0.1:35372,r=/127.0.0.1:60190,OPEN,fill=-,flush=-,to=0/30000}{io=0/0,kio=0,kro=1}->HttpConnection@3e7171e5[p=HttpParser{s=CONTENT,0 of -1},g=HttpGenerator@274dcaa5{s=END}]=>HttpChannelOverHttp@36eb5f45{s=HttpChannelState@23232c72{s=IDLE rs=COMPLETED os=COMPLETED is=IDLE awp=false se=false i=false al=0},r=9,c=true/true,a=IDLE,uri=//localhost:35372/FileServlet/htmltests/large.html,age=37} filled 311 HeapByteBuffer@2a66826a[p=0,l=311,c=8192,r=311]={<<<GET /FileServlet/htmltest...nection: keep-alive\r\n\r\n>>>\r\n.2\r\nCon...\x86&h\xA0{\xC1\xC2}
[DEBUG] HttpConnection@3e7171e5::SocketChannelEndPoint@3d491fad{l=/127.0.0.1:35372,r=/127.0.0.1:60190,OPEN,fill=-,flush=-,to=0/30000}{io=0/0,kio=0,kro=1}->HttpConnection@3e7171e5[p=HttpParser{s=CONTENT,0 of -1},g=HttpGenerator@274dcaa5{s=END}]=>HttpChannelOverHttp@36eb5f45{s=HttpChannelState@23232c72{s=IDLE rs=COMPLETED os=COMPLETED is=IDLE awp=false se=false i=false al=0},r=9,c=true/true,a=IDLE,uri=//localhost:35372/FileServlet/htmltests/large.html,age=37} parse HeapByteBuffer@2a66826a[p=0,l=311,c=8192,r=311]={<<<GET /FileServlet/htmltest...nection: keep-alive\r\n\r\n>>>\r\n.2\r\nCon...\x86&h\xA0{\xC1\xC2} {}
[DEBUG] parseNext s=CONTENT HeapByteBuffer@2a66826a[p=0,l=311,c=8192,r=311]={<<<GET /FileServlet/htmltest...nection: keep-alive\r\n\r\n>>>\r\n.2\r\nCon...\x86&h\xA0{\xC1\xC2}
[DEBUG] CONTENT --> CONTENT_END
[DEBUG] onContentComplete HttpChannelOverHttp@36eb5f45{s=HttpChannelState@23232c72{s=IDLE rs=COMPLETED os=COMPLETED is=IDLE awp=false se=false i=false al=0},r=9,c=true/true,a=IDLE,uri=//localhost:35372/FileServlet/htmltests/large.html,age=37}
[DEBUG] CONTENT_END --> END
[DEBUG] onRequestComplete HttpChannelOverHttp@36eb5f45{s=HttpChannelState@23232c72{s=IDLE rs=COMPLETED os=COMPLETED is=IDLE awp=false se=false i=false al=0},r=9,c=true/true,a=IDLE,uri=//localhost:35372/FileServlet/htmltests/large.html,age=37}
[DEBUG] HttpInputOverHTTP@376cf161[c=0,q=0,[0]=null,s=STREAM] addContent EOF
[DEBUG] HttpConnection@3e7171e5::SocketChannelEndPoint@3d491fad{l=/127.0.0.1:35372,r=/127.0.0.1:60190,OPEN,fill=-,flush=-,to=0/30000}{io=0/0,kio=0,kro=1}->HttpConnection@3e7171e5[p=HttpParser{s=END,0 of -1},g=HttpGenerator@274dcaa5{s=END}]=>HttpChannelOverHttp@36eb5f45{s=HttpChannelState@23232c72{s=IDLE rs=COMPLETED os=COMPLETED is=IDLE awp=false se=false i=false al=0},r=9,c=true/true,a=IDLE,uri=//localhost:35372/FileServlet/htmltests/large.html,age=37} parsed false HttpParser{s=END,0 of -1}
[DEBUG] recycle HttpChannelState@23232c72{s=IDLE rs=COMPLETED os=COMPLETED is=IDLE awp=false se=false i=false al=0}
[DEBUG] reset HttpParser{s=END,0 of -1}
[DEBUG] END --> START
[DEBUG] !handle TERMINATED HttpChannelOverHttp@36eb5f45{s=HttpChannelState@23232c72{s=IDLE rs=BLOCKING os=OPEN is=IDLE awp=false se=false i=true al=0},r=9,c=false/false,a=IDLE,uri=null,age=0}
[DEBUG] HttpConnection@3e7171e5::SocketChannelEndPoint@3d491fad{l=/127.0.0.1:35372,r=/127.0.0.1:60190,OPEN,fill=-,flush=-,to=0/30000}{io=0/0,kio=0,kro=1}->HttpConnection@3e7171e5[p=HttpParser{s=START,0 of -1},g=HttpGenerator@274dcaa5{s=START}]=>HttpChannelOverHttp@36eb5f45{s=HttpChannelState@23232c72{s=IDLE rs=BLOCKING os=OPEN is=IDLE awp=false se=false i=true al=0},r=9,c=false/false,a=IDLE,uri=null,age=0} parse HeapByteBuffer@2a66826a[p=0,l=311,c=8192,r=311]={<<<GET /FileServlet/htmltest...nection: keep-alive\r\n\r\n>>>\r\n.2\r\nCon...\x86&h\xA0{\xC1\xC2} {}
[DEBUG] parseNext s=START HeapByteBuffer@2a66826a[p=0,l=311,c=8192,r=311]={<<<GET /FileServlet/htmltest...nection: keep-alive\r\n\r\n>>>\r\n.2\r\nCon...\x86&h\xA0{\xC1\xC2}
[DEBUG] START --> SPACE1
[DEBUG] SPACE1 --> URI
[DEBUG] URI --> SPACE2
[DEBUG] SPACE2 --> REQUEST_VERSION
[DEBUG] REQUEST_VERSION --> HEADER
[DEBUG] HEADER:Accept-Encoding: gzip --> IN_VALUE
[DEBUG] HEADER:Accept-Encoding: gzip --> FIELD
[DEBUG] HEADER:User-Agent: Mozilla/5.0 (Windows NT 10.0; Win64; x64) AppleWebKit/537.36 (KHTML, like Gecko) Chrome/79.0.3945.130 Safari/537.36 --> IN_VALUE
[DEBUG] HEADER:User-Agent: Mozilla/5.0 (Windows NT 10.0; Win64; x64) AppleWebKit/537.36 (KHTML, like Gecko) Chrome/79.0.3945.130 Safari/537.36 --> FIELD
[DEBUG] HEADER:Host: localhost:35372 --> IN_VALUE
[DEBUG] HEADER:Host: localhost:35372 --> FIELD
[DEBUG] HEADER:Accept: text/html, image/gif, image/jpeg, *; q=.2, */*; q=.2 --> IN_VALUE
[DEBUG] HEADER:Accept: text/html, image/gif, image/jpeg, *; q=.2, */*; q=.2 --> FIELD
[DEBUG] HEADER:Connection: keep-alive --> IN_VALUE
[DEBUG] HEADER:Connection: keep-alive --> FIELD
[DEBUG] HEADER --> CONTENT
[DEBUG] REQUEST for //localhost:35372/FileServlet/htmltests/large.html on HttpChannelOverHttp@36eb5f45{s=HttpChannelState@23232c72{s=IDLE rs=BLOCKING os=OPEN is=IDLE awp=false se=false i=true al=0},r=10,c=false/false,a=IDLE,uri=//localhost:35372/FileServlet/htmltests/large.html,age=0}
GET //localhost:35372/FileServlet/htmltests/large.html HTTP/1.1
Accept-Encoding: gzip
User-Agent: Mozilla/5.0 (Windows NT 10.0; Win64; x64) AppleWebKit/537.36 (KHTML, like Gecko) Chrome/79.0.3945.130 Safari/537.36
Host: localhost:35372
Accept: text/html, image/gif, image/jpeg, *; q=.2, */*; q=.2
Connection: keep-alive


[DEBUG] HttpConnection@3e7171e5::SocketChannelEndPoint@3d491fad{l=/127.0.0.1:35372,r=/127.0.0.1:60190,OPEN,fill=-,flush=-,to=1/30000}{io=0/0,kio=0,kro=1}->HttpConnection@3e7171e5[p=HttpParser{s=CONTENT,0 of -1},g=HttpGenerator@274dcaa5{s=START}]=>HttpChannelOverHttp@36eb5f45{s=HttpChannelState@23232c72{s=IDLE rs=BLOCKING os=OPEN is=IDLE awp=false se=false i=true al=0},r=10,c=false/false,a=IDLE,uri=//localhost:35372/FileServlet/htmltests/large.html,age=0} parsed true HttpParser{s=CONTENT,0 of -1}
[DEBUG] releaseRequestBuffer HttpConnection@3e7171e5::SocketChannelEndPoint@3d491fad{l=/127.0.0.1:35372,r=/127.0.0.1:60190,OPEN,fill=-,flush=-,to=1/30000}{io=0/0,kio=0,kro=1}->HttpConnection@3e7171e5[p=HttpParser{s=CONTENT,0 of -1},g=HttpGenerator@274dcaa5{s=START}]=>HttpChannelOverHttp@36eb5f45{s=HttpChannelState@23232c72{s=IDLE rs=BLOCKING os=OPEN is=IDLE awp=false se=false i=true al=0},r=10,c=false/false,a=IDLE,uri=//localhost:35372/FileServlet/htmltests/large.html,age=0}
[DEBUG] handle //localhost:35372/FileServlet/htmltests/large.html HttpChannelOverHttp@36eb5f45{s=HttpChannelState@23232c72{s=IDLE rs=BLOCKING os=OPEN is=IDLE awp=false se=false i=true al=0},r=10,c=false/false,a=IDLE,uri=//localhost:35372/FileServlet/htmltests/large.html,age=0} 
[DEBUG] handling HttpChannelState@23232c72{s=IDLE rs=BLOCKING os=OPEN is=IDLE awp=false se=false i=true al=0}
[DEBUG] action DISPATCH HttpChannelOverHttp@36eb5f45{s=HttpChannelState@23232c72{s=HANDLING rs=BLOCKING os=OPEN is=IDLE awp=false se=false i=true al=0},r=10,c=false/false,a=HANDLING,uri=//localhost:35372/FileServlet/htmltests/large.html,age=0}
[DEBUG] REQUEST GET /FileServlet/htmltests/large.html on HttpChannelOverHttp@36eb5f45{s=HttpChannelState@23232c72{s=HANDLING rs=BLOCKING os=OPEN is=IDLE awp=false se=false i=true al=0},r=10,c=false/false,a=HANDLING,uri=//localhost:35372/FileServlet/htmltests/large.html,age=0}
[DEBUG] servlet null|/FileServlet|/htmltests/large.html -> org.jsoup.integration.servlets.FileServlet-60dce7ea==org.jsoup.integration.servlets.FileServlet@c786463a{jsp=null,order=-1,inst=true,async=true,src=EMBEDDED:null,STARTED}
[DEBUG] chain=null
[DEBUG] write(array HeapByteBuffer@e4c027[p=0,l=8192,c=8192,r=8192]={<<<<html><head><title>Large ...augue. Vestibulum tinci>>>})
[DEBUG] write(array) s=OPEN,api=BLOCKING,sc=false,e=null aggregated !flush DirectByteBuffer@7c27fa39[p=0,l=8192,c=32768,r=8192]={<<<<html><head><title>Large ...augue. Vestibulum tinci>>>&bhhe;&bh...gue. Pr}
[DEBUG] write(array HeapByteBuffer@4258b422[p=0,l=8192,c=8192,r=8192]={<<<dunt malesuada tellus. Ut... nostra, per inceptos h>>>})
[DEBUG] write(array) s=OPEN,api=BLOCKING,sc=false,e=null aggregated !flush DirectByteBuffer@7c27fa39[p=0,l=16384,c=32768,r=16384]={<<<<html><head><title>Large ... nostra, per inceptos h>>>osqu ad l...gue. Pr}
[DEBUG] write(array HeapByteBuffer@51f4bcfe[p=0,l=8192,c=8192,r=8192]={<<<imenaeos. Nam nec ante. S...nas aliquet mollis lect>>>})
[DEBUG] write(array) s=OPEN,api=BLOCKING,sc=false,e=null aggregated !flush DirectByteBuffer@7c27fa39[p=0,l=24576,c=32768,r=24576]={<<<<html><head><title>Large ...nas aliquet mollis lect>>> sed augu...gue. Pr}
[DEBUG] write(array HeapByteBuffer@42876f97[p=0,l=8192,c=8192,r=8192]={<<<us. Vivamus consectetuer ...s ultrices enim. Curabi>>>})
[DEBUG] write(array) s=OPEN,api=BLOCKED,sc=false,e=null last=false agg=true flush=true async=false, len=0 DirectByteBuffer@7c27fa39[p=0,l=32768,c=32768,r=32768]={<<<<html><head><title>Large ...s ultrices enim. Curabi>>>}
[DEBUG] sendResponse info=null content=DirectByteBuffer@7c27fa39[p=0,l=32768,c=32768,r=32768]={<<<<html><head><title>Large ...s ultrices enim. Curabi>>>} complete=false committing=true callback=Blocker@7cb7664d{null}
[DEBUG] COMMIT for /FileServlet/htmltests/large.html on HttpChannelOverHttp@36eb5f45{s=HttpChannelState@23232c72{s=HANDLING rs=BLOCKING os=COMMITTED is=IDLE awp=false se=false i=true al=0},r=10,c=false/false,a=HANDLING,uri=//localhost:35372/FileServlet/htmltests/large.html,age=6}
200 null HTTP/1.1
Date: Tue, 28 Sep 2021 06:03:32 GMT
Content-Type: text/html


[DEBUG] generate: NEED_HEADER for SendCallback@410c6bef[PROCESSING][i=HTTP/1.1{s=200,h=2,cl=-1},cb=org.eclipse.jetty.server.HttpChannel$SendCallback@64c47a18] (null,[p=0,l=32768,c=32768,r=32768],false)@START
[DEBUG] generateHeaders HTTP/1.1{s=200,h=2,cl=-1} last=false content=DirectByteBuffer@7c27fa39[p=0,l=32768,c=32768,r=32768]={<<<<html><head><title>Large ...s ultrices enim. Curabi>>>}
[DEBUG] Date: Tue, 28 Sep 2021 06:03:32 GMT
Content-Type: text/html


[DEBUG] CHUNKED_CONTENT
[DEBUG] generate: FLUSH for SendCallback@410c6bef[PROCESSING][i=HTTP/1.1{s=200,h=2,cl=-1},cb=org.eclipse.jetty.server.HttpChannel$SendCallback@64c47a18] ([p=0,l=148,c=8192,r=148],[p=0,l=32768,c=32768,r=32768],false)@COMMITTED
[DEBUG] write: WriteFlusher@2071150d{IDLE}->null [HeapByteBuffer@460916c[p=0,l=148,c=8192,r=148]={<<<HTTP/1.1 200 OK\r\nDate: Tu...43.v20210629)\r\n\r\n8000\r\n>>>ML, like ...\x00\x00\x00\x00\x00\x00\x00},DirectByteBuffer@7c27fa39[p=0,l=32768,c=32768,r=32768]={<<<<html><head><title>Large ...s ultrices enim. Curabi>>>}]
[DEBUG] update WriteFlusher@2071150d{WRITING}->null:IDLE-->WRITING
[DEBUG] flushed 32916 SocketChannelEndPoint@3d491fad{l=/127.0.0.1:35372,r=/127.0.0.1:60190,OPEN,fill=-,flush=W,to=9/30000}{io=0/0,kio=0,kro=1}->HttpConnection@3e7171e5[p=HttpParser{s=CONTENT,0 of -1},g=HttpGenerator@274dcaa5{s=COMMITTED}]=>HttpChannelOverHttp@36eb5f45{s=HttpChannelState@23232c72{s=HANDLING rs=BLOCKING os=COMMITTED is=IDLE awp=false se=false i=true al=0},r=10,c=false/false,a=HANDLING,uri=//localhost:35372/FileServlet/htmltests/large.html,age=8}
[DEBUG] Flushed=true written=32916 remaining=0 WriteFlusher@2071150d{WRITING}->null
[DEBUG] update WriteFlusher@2071150d{IDLE}->null:WRITING-->IDLE
[DEBUG] generate: DONE for SendCallback@410c6bef[PROCESSING][i=HTTP/1.1{s=200,h=2,cl=-1},cb=org.eclipse.jetty.server.HttpChannel$SendCallback@64c47a18] ([p=148,l=148,c=8192,r=0],[p=32768,l=32768,c=32768,r=0],false)@COMMITTED
[DEBUG] onWriteComplete(false,null) s=OPEN,api=BLOCKED,sc=false,e=null->s=OPEN,api=BLOCKING,sc=false,e=null c=null cb=null w=false
[DEBUG] write(array HeapByteBuffer@633a3b06[p=0,l=8192,c=8192,r=8192]={<<<tur sit amet mauris. Morb...s ligula lacinia alique>>>})
[DEBUG] write(array) s=OPEN,api=BLOCKING,sc=false,e=null aggregated !flush DirectByteBuffer@7c27fa39[p=0,l=8192,c=32768,r=8192]={<<<tur sit amet mauris. Morb...s ligula lacinia alique>>>dunt male... Curabi}
[DEBUG] write(array HeapByteBuffer@175d78d3[p=0,l=8192,c=8192,r=8192]={<<<t. Mauris ipsum. Nulla me...sectetuer risus et tort>>>})
[DEBUG] write(array) s=OPEN,api=BLOCKING,sc=false,e=null aggregated !flush DirectByteBuffer@7c27fa39[p=0,l=16384,c=32768,r=16384]={<<<tur sit amet mauris. Morb...sectetuer risus et tort>>>imenaeos.... Curabi}
[DEBUG] write(array HeapByteBuffer@6edf4678[p=0,l=8192,c=8192,r=8192]={<<<or. Lorem ipsum dolor sit... Donec lacus nunc, vive>>>})
[DEBUG] write(array) s=OPEN,api=BLOCKING,sc=false,e=null aggregated !flush DirectByteBuffer@7c27fa39[p=0,l=24576,c=32768,r=24576]={<<<tur sit amet mauris. Morb... Donec lacus nunc, vive>>>us. Vivam... Curabi}
[DEBUG] write(array HeapByteBuffer@290cf501[p=0,l=8192,c=8192,r=8192]={<<<rra nec, blandit vel, ege... In scelerisque sem at >>>})
[DEBUG] write(array) s=OPEN,api=BLOCKED,sc=false,e=null last=false agg=true flush=true async=false, len=0 DirectByteBuffer@7c27fa39[p=0,l=32768,c=32768,r=32768]={<<<tur sit amet mauris. Morb... In scelerisque sem at >>>}
[DEBUG] sendResponse info=null content=DirectByteBuffer@7c27fa39[p=0,l=32768,c=32768,r=32768]={<<<tur sit amet mauris. Morb... In scelerisque sem at >>>} complete=false committing=false callback=Blocker@7cb7664d{null}
[DEBUG] generate: NEED_CHUNK for SendCallback@410c6bef[PROCESSING][i=null,cb=org.eclipse.jetty.server.HttpChannel$SendCallback@1bdc192d] (null,[p=0,l=32768,c=32768,r=32768],false)@COMMITTED
[DEBUG] generate: FLUSH for SendCallback@410c6bef[PROCESSING][i=null,cb=org.eclipse.jetty.server.HttpChannel$SendCallback@1bdc192d] (null,[p=0,l=32768,c=32768,r=32768],false)@COMMITTED
[DEBUG] write: WriteFlusher@2071150d{IDLE}->null [HeapByteBuffer@52377fdf[p=0,l=8,c=1024,r=8]={<<<\r\n8000\r\n>>>\x00\x00\x00\x00\x00\x00\x00\x00\x00...\x00\x00\x00\x00\x00\x00\x00},DirectByteBuffer@7c27fa39[p=0,l=32768,c=32768,r=32768]={<<<tur sit amet mauris. Morb... In scelerisque sem at >>>}]
[DEBUG] update WriteFlusher@2071150d{WRITING}->null:IDLE-->WRITING
[DEBUG] flushed 32776 SocketChannelEndPoint@3d491fad{l=/127.0.0.1:35372,r=/127.0.0.1:60190,OPEN,fill=-,flush=W,to=1/30000}{io=0/0,kio=0,kro=1}->HttpConnection@3e7171e5[p=HttpParser{s=CONTENT,0 of -1},g=HttpGenerator@274dcaa5{s=COMMITTED}]=>HttpChannelOverHttp@36eb5f45{s=HttpChannelState@23232c72{s=HANDLING rs=BLOCKING os=COMMITTED is=IDLE awp=false se=false i=true al=0},r=10,c=false/false,a=HANDLING,uri=//localhost:35372/FileServlet/htmltests/large.html,age=10}
[DEBUG] Flushed=true written=32776 remaining=0 WriteFlusher@2071150d{WRITING}->null
[DEBUG] update WriteFlusher@2071150d{IDLE}->null:WRITING-->IDLE
[DEBUG] generate: DONE for SendCallback@410c6bef[PROCESSING][i=null,cb=org.eclipse.jetty.server.HttpChannel$SendCallback@1bdc192d] (null,[p=32768,l=32768,c=32768,r=0],false)@COMMITTED
[DEBUG] onWriteComplete(false,null) s=OPEN,api=BLOCKED,sc=false,e=null->s=OPEN,api=BLOCKING,sc=false,e=null c=null cb=null w=false
[DEBUG] write(array HeapByteBuffer@673b6165[p=0,l=8192,c=8192,r=8192]={<<<dolor. Maecenas mattis. S...itor, cursus quis, aliq>>>})
[DEBUG] write(array) s=OPEN,api=BLOCKING,sc=false,e=null aggregated !flush DirectByteBuffer@7c27fa39[p=0,l=8192,c=32768,r=8192]={<<<dolor. Maecenas mattis. S...itor, cursus quis, aliq>>>t. Mauris...sem at }
[DEBUG] write(array HeapByteBuffer@73c3077c[p=0,l=8192,c=8192,r=8192]={<<<uet eget, justo. Sed pret...m. Etiam ultrices. Susp>>>})
[DEBUG] write(array) s=OPEN,api=BLOCKING,sc=false,e=null aggregated !flush DirectByteBuffer@7c27fa39[p=0,l=16384,c=32768,r=16384]={<<<dolor. Maecenas mattis. S...m. Etiam ultrices. Susp>>>or. Lorem...sem at }
[DEBUG] write(array HeapByteBuffer@3d2950f8[p=0,l=8192,c=8192,r=8192]={<<<endisse in justo eu magna...cinia nunc. </p>\n\n<p>Cu>>>})
[DEBUG] write(array) s=OPEN,api=BLOCKING,sc=false,e=null aggregated !flush DirectByteBuffer@7c27fa39[p=0,l=24576,c=32768,r=24576]={<<<dolor. Maecenas mattis. S...cinia nunc. </p>\n\n<p>Cu>>>rra nec, ...sem at }
[DEBUG] write(array HeapByteBuffer@46c73301[p=0,l=8192,c=8192,r=8192]={<<<rabitur tortor. <i>Vestib... ac, ultricies eu, pede>>>})
[DEBUG] write(array) s=OPEN,api=BLOCKED,sc=false,e=null last=false agg=true flush=true async=false, len=0 DirectByteBuffer@7c27fa39[p=0,l=32768,c=32768,r=32768]={<<<dolor. Maecenas mattis. S... ac, ultricies eu, pede>>>}
[DEBUG] sendResponse info=null content=DirectByteBuffer@7c27fa39[p=0,l=32768,c=32768,r=32768]={<<<dolor. Maecenas mattis. S... ac, ultricies eu, pede>>>} complete=false committing=false callback=Blocker@7cb7664d{null}
[DEBUG] generate: NEED_CHUNK for SendCallback@410c6bef[PROCESSING][i=null,cb=org.eclipse.jetty.server.HttpChannel$SendCallback@7a4b52f5] (null,[p=0,l=32768,c=32768,r=32768],false)@COMMITTED
[DEBUG] generate: FLUSH for SendCallback@410c6bef[PROCESSING][i=null,cb=org.eclipse.jetty.server.HttpChannel$SendCallback@7a4b52f5] (null,[p=0,l=32768,c=32768,r=32768],false)@COMMITTED
[DEBUG] write: WriteFlusher@2071150d{IDLE}->null [HeapByteBuffer@2ed6021b[p=0,l=8,c=1024,r=8]={<<<\r\n8000\r\n>>>\x00\x00\x00\x00\x00\x00\x00\x00\x00...\x00\x00\x00\x00\x00\x00\x00},DirectByteBuffer@7c27fa39[p=0,l=32768,c=32768,r=32768]={<<<dolor. Maecenas mattis. S... ac, ultricies eu, pede>>>}]
[DEBUG] update WriteFlusher@2071150d{WRITING}->null:IDLE-->WRITING
[DEBUG] flushed 32776 SocketChannelEndPoint@3d491fad{l=/127.0.0.1:35372,r=/127.0.0.1:60190,OPEN,fill=-,flush=W,to=1/30000}{io=0/0,kio=0,kro=1}->HttpConnection@3e7171e5[p=HttpParser{s=CONTENT,0 of -1},g=HttpGenerator@274dcaa5{s=COMMITTED}]=>HttpChannelOverHttp@36eb5f45{s=HttpChannelState@23232c72{s=HANDLING rs=BLOCKING os=COMMITTED is=IDLE awp=false se=false i=true al=0},r=10,c=false/false,a=HANDLING,uri=//localhost:35372/FileServlet/htmltests/large.html,age=11}
[DEBUG] Flushed=true written=32776 remaining=0 WriteFlusher@2071150d{WRITING}->null
[DEBUG] update WriteFlusher@2071150d{IDLE}->null:WRITING-->IDLE
[DEBUG] generate: DONE for SendCallback@410c6bef[PROCESSING][i=null,cb=org.eclipse.jetty.server.HttpChannel$SendCallback@7a4b52f5] (null,[p=32768,l=32768,c=32768,r=0],false)@COMMITTED
[DEBUG] onWriteComplete(false,null) s=OPEN,api=BLOCKED,sc=false,e=null->s=OPEN,api=BLOCKING,sc=false,e=null c=null cb=null w=false
[DEBUG] write(array HeapByteBuffer@11d84227[p=0,l=8192,c=8192,r=8192]={<<<. <i>Praesent blandit dol...ae; Morbi lacinia moles>>>})
[DEBUG] write(array) s=OPEN,api=BLOCKING,sc=false,e=null aggregated !flush DirectByteBuffer@7c27fa39[p=0,l=8192,c=32768,r=8192]={<<<. <i>Praesent blandit dol...ae; Morbi lacinia moles>>>uet eget,...u, pede}
[DEBUG] write(array HeapByteBuffer@66017e74[p=0,l=8192,c=8192,r=8192]={<<<tie dui. <b>Ut fringilla<...cinia aliquet. <b>Pelle>>>})
[DEBUG] write(array) s=OPEN,api=BLOCKING,sc=false,e=null aggregated !flush DirectByteBuffer@7c27fa39[p=0,l=16384,c=32768,r=16384]={<<<. <i>Praesent blandit dol...cinia aliquet. <b>Pelle>>>endisse i...u, pede}
[DEBUG] write(array HeapByteBuffer@19a1168e[p=0,l=8192,c=8192,r=8192]={<<<ntesque nibh</b>. Mauris ...scipit sodales. Aenean >>>})
[DEBUG] write(array) s=OPEN,api=BLOCKING,sc=false,e=null aggregated !flush DirectByteBuffer@7c27fa39[p=0,l=24576,c=32768,r=24576]={<<<. <i>Praesent blandit dol...scipit sodales. Aenean >>>rabitur t...u, pede}
[DEBUG] write(array HeapByteBuffer@395d23b5[p=0,l=8192,c=8192,r=8192]={<<<lectus elit, fermentum no... Sed lacinia, urna non >>>})
[DEBUG] write(array) s=OPEN,api=BLOCKED,sc=false,e=null last=false agg=true flush=true async=false, len=0 DirectByteBuffer@7c27fa39[p=0,l=32768,c=32768,r=32768]={<<<. <i>Praesent blandit dol... Sed lacinia, urna non >>>}
[DEBUG] sendResponse info=null content=DirectByteBuffer@7c27fa39[p=0,l=32768,c=32768,r=32768]={<<<. <i>Praesent blandit dol... Sed lacinia, urna non >>>} complete=false committing=false callback=Blocker@7cb7664d{null}
[DEBUG] generate: NEED_CHUNK for SendCallback@410c6bef[PROCESSING][i=null,cb=org.eclipse.jetty.server.HttpChannel$SendCallback@6a4787c3] (null,[p=0,l=32768,c=32768,r=32768],false)@COMMITTED
[DEBUG] generate: FLUSH for SendCallback@410c6bef[PROCESSING][i=null,cb=org.eclipse.jetty.server.HttpChannel$SendCallback@6a4787c3] (null,[p=0,l=32768,c=32768,r=32768],false)@COMMITTED
[DEBUG] write: WriteFlusher@2071150d{IDLE}->null [HeapByteBuffer@54b3104a[p=0,l=8,c=1024,r=8]={<<<\r\n8000\r\n>>>\x00\x00\x00\x00\x00\x00\x00\x00\x00...\x00\x00\x00\x00\x00\x00\x00},DirectByteBuffer@7c27fa39[p=0,l=32768,c=32768,r=32768]={<<<. <i>Praesent blandit dol... Sed lacinia, urna non >>>}]
[DEBUG] update WriteFlusher@2071150d{WRITING}->null:IDLE-->WRITING
[DEBUG] flushed 32776 SocketChannelEndPoint@3d491fad{l=/127.0.0.1:35372,r=/127.0.0.1:60190,OPEN,fill=-,flush=W,to=1/30000}{io=0/0,kio=0,kro=1}->HttpConnection@3e7171e5[p=HttpParser{s=CONTENT,0 of -1},g=HttpGenerator@274dcaa5{s=COMMITTED}]=>HttpChannelOverHttp@36eb5f45{s=HttpChannelState@23232c72{s=HANDLING rs=BLOCKING os=COMMITTED is=IDLE awp=false se=false i=true al=0},r=10,c=false/false,a=HANDLING,uri=//localhost:35372/FileServlet/htmltests/large.html,age=12}
[DEBUG] Flushed=true written=32776 remaining=0 WriteFlusher@2071150d{WRITING}->null
[DEBUG] update WriteFlusher@2071150d{IDLE}->null:WRITING-->IDLE
[DEBUG] generate: DONE for SendCallback@410c6bef[PROCESSING][i=null,cb=org.eclipse.jetty.server.HttpChannel$SendCallback@6a4787c3] (null,[p=32768,l=32768,c=32768,r=0],false)@COMMITTED
[DEBUG] onWriteComplete(false,null) s=OPEN,api=BLOCKED,sc=false,e=null->s=OPEN,api=BLOCKING,sc=false,e=null c=null cb=null w=false
[DEBUG] write(array HeapByteBuffer@7d8a621[p=0,l=8192,c=8192,r=8192]={<<<tincidunt mattis, tortor ...si. Nulla quis sem at n>>>})
[DEBUG] write(array) s=OPEN,api=BLOCKING,sc=false,e=null aggregated !flush DirectByteBuffer@7c27fa39[p=0,l=8192,c=32768,r=8192]={<<<tincidunt mattis, tortor ...si. Nulla quis sem at n>>>tie dui. ...na non }
[DEBUG] write(array HeapByteBuffer@165cd532[p=0,l=8192,c=8192,r=8192]={<<<ibh elementum imperdiet. ...orbi in dui quis est pu>>>})
[DEBUG] write(array) s=OPEN,api=BLOCKING,sc=false,e=null aggregated !flush DirectByteBuffer@7c27fa39[p=0,l=16384,c=32768,r=16384]={<<<tincidunt mattis, tortor ...orbi in dui quis est pu>>>ntesque n...na non }
[DEBUG] write(array HeapByteBuffer@464c0cc7[p=0,l=8192,c=8192,r=8192]={<<<lvinar ullamcorper. Nulla...tetur adipiscing elit</>>>})
[DEBUG] write(array) s=OPEN,api=BLOCKING,sc=false,e=null aggregated !flush DirectByteBuffer@7c27fa39[p=0,l=24576,c=32768,r=24576]={<<<tincidunt mattis, tortor ...tetur adipiscing elit</>>>lectus el...na non }
[DEBUG] write(array HeapByteBuffer@1063f252[p=0,l=8192,c=8192,r=8192]={<<<i>. Mauris ipsum. <b>Pell...aliquet eget, justo. </>>>})
[DEBUG] write(array) s=OPEN,api=BLOCKED,sc=false,e=null last=false agg=true flush=true async=false, len=0 DirectByteBuffer@7c27fa39[p=0,l=32768,c=32768,r=32768]={<<<tincidunt mattis, tortor ...aliquet eget, justo. </>>>}
[DEBUG] sendResponse info=null content=DirectByteBuffer@7c27fa39[p=0,l=32768,c=32768,r=32768]={<<<tincidunt mattis, tortor ...aliquet eget, justo. </>>>} complete=false committing=false callback=Blocker@7cb7664d{null}
[DEBUG] generate: NEED_CHUNK for SendCallback@410c6bef[PROCESSING][i=null,cb=org.eclipse.jetty.server.HttpChannel$SendCallback@5248a7d1] (null,[p=0,l=32768,c=32768,r=32768],false)@COMMITTED
[DEBUG] generate: FLUSH for SendCallback@410c6bef[PROCESSING][i=null,cb=org.eclipse.jetty.server.HttpChannel$SendCallback@5248a7d1] (null,[p=0,l=32768,c=32768,r=32768],false)@COMMITTED
[DEBUG] write: WriteFlusher@2071150d{IDLE}->null [HeapByteBuffer@52377fdf[p=0,l=8,c=1024,r=8]={<<<\r\n8000\r\n>>>\x00\x00\x00\x00\x00\x00\x00\x00\x00...\x00\x00\x00\x00\x00\x00\x00},DirectByteBuffer@7c27fa39[p=0,l=32768,c=32768,r=32768]={<<<tincidunt mattis, tortor ...aliquet eget, justo. </>>>}]
[DEBUG] update WriteFlusher@2071150d{WRITING}->null:IDLE-->WRITING
[DEBUG] flushed 32776 SocketChannelEndPoint@3d491fad{l=/127.0.0.1:35372,r=/127.0.0.1:60190,OPEN,fill=-,flush=W,to=9/30000}{io=0/0,kio=0,kro=1}->HttpConnection@3e7171e5[p=HttpParser{s=CONTENT,0 of -1},g=HttpGenerator@274dcaa5{s=COMMITTED}]=>HttpChannelOverHttp@36eb5f45{s=HttpChannelState@23232c72{s=HANDLING rs=BLOCKING os=COMMITTED is=IDLE awp=false se=false i=true al=0},r=10,c=false/false,a=HANDLING,uri=//localhost:35372/FileServlet/htmltests/large.html,age=22}
[DEBUG] Flushed=true written=32776 remaining=0 WriteFlusher@2071150d{WRITING}->null
[DEBUG] update WriteFlusher@2071150d{IDLE}->null:WRITING-->IDLE
[DEBUG] generate: DONE for SendCallback@410c6bef[PROCESSING][i=null,cb=org.eclipse.jetty.server.HttpChannel$SendCallback@5248a7d1] (null,[p=32768,l=32768,c=32768,r=0],false)@COMMITTED
[DEBUG] onWriteComplete(false,null) s=OPEN,api=BLOCKED,sc=false,e=null->s=OPEN,api=BLOCKING,sc=false,e=null c=null cb=null w=false
[DEBUG] write(array HeapByteBuffer@22cd1def[p=0,l=8192,c=8192,r=8192]={<<<p>\n\n<p>Sed pretium blandi...ulum sapien. Proin quam>>>})
[DEBUG] write(array) s=OPEN,api=BLOCKING,sc=false,e=null aggregated !flush DirectByteBuffer@7c27fa39[p=0,l=8192,c=32768,r=8192]={<<<p>\n\n<p>Sed pretium blandi...ulum sapien. Proin quam>>>ibh eleme...sto. </}
[DEBUG] write(array HeapByteBuffer@4410745[p=0,l=8192,c=8192,r=8192]={<<<. Etiam ultrices. Suspend...er conubia nostra, per >>>})
[DEBUG] write(array) s=OPEN,api=BLOCKING,sc=false,e=null aggregated !flush DirectByteBuffer@7c27fa39[p=0,l=16384,c=32768,r=16384]={<<<p>\n\n<p>Sed pretium blandi...er conubia nostra, per >>>lvinar ul...sto. </}
[DEBUG] write(array HeapByteBuffer@b3f84fd[p=0,l=8192,c=8192,r=8192]={<<<inceptos himenaeos. </p>\n...>. Integer id quam. Mor>>>})
[DEBUG] write(array) s=OPEN,api=BLOCKING,sc=false,e=null aggregated !flush DirectByteBuffer@7c27fa39[p=0,l=24576,c=32768,r=24576]={<<<p>\n\n<p>Sed pretium blandi...>. Integer id quam. Mor>>>i>. Mauri...sto. </}
[DEBUG] write(array HeapByteBuffer@1c5edc64[p=0,l=8192,c=8192,r=8192]={<<<bi mi. Quisque nisl felis...imperdiet. </p>\n\n<p>Ves>>>})
[DEBUG] write(array) s=OPEN,api=BLOCKED,sc=false,e=null last=false agg=true flush=true async=false, len=0 DirectByteBuffer@7c27fa39[p=0,l=32768,c=32768,r=32768]={<<<p>\n\n<p>Sed pretium blandi...imperdiet. </p>\n\n<p>Ves>>>}
[DEBUG] sendResponse info=null content=DirectByteBuffer@7c27fa39[p=0,l=32768,c=32768,r=32768]={<<<p>\n\n<p>Sed pretium blandi...imperdiet. </p>\n\n<p>Ves>>>} complete=false committing=false callback=Blocker@7cb7664d{null}
[DEBUG] generate: NEED_CHUNK for SendCallback@410c6bef[PROCESSING][i=null,cb=org.eclipse.jetty.server.HttpChannel$SendCallback@56369865] (null,[p=0,l=32768,c=32768,r=32768],false)@COMMITTED
[DEBUG] generate: FLUSH for SendCallback@410c6bef[PROCESSING][i=null,cb=org.eclipse.jetty.server.HttpChannel$SendCallback@56369865] (null,[p=0,l=32768,c=32768,r=32768],false)@COMMITTED
[DEBUG] write: WriteFlusher@2071150d{IDLE}->null [HeapByteBuffer@2ed6021b[p=0,l=8,c=1024,r=8]={<<<\r\n8000\r\n>>>\x00\x00\x00\x00\x00\x00\x00\x00\x00...\x00\x00\x00\x00\x00\x00\x00},DirectByteBuffer@7c27fa39[p=0,l=32768,c=32768,r=32768]={<<<p>\n\n<p>Sed pretium blandi...imperdiet. </p>\n\n<p>Ves>>>}]
[DEBUG] update WriteFlusher@2071150d{WRITING}->null:IDLE-->WRITING
[DEBUG] flushed 32776 SocketChannelEndPoint@3d491fad{l=/127.0.0.1:35372,r=/127.0.0.1:60190,OPEN,fill=-,flush=W,to=2/30000}{io=0/0,kio=0,kro=1}->HttpConnection@3e7171e5[p=HttpParser{s=CONTENT,0 of -1},g=HttpGenerator@274dcaa5{s=COMMITTED}]=>HttpChannelOverHttp@36eb5f45{s=HttpChannelState@23232c72{s=HANDLING rs=BLOCKING os=COMMITTED is=IDLE awp=false se=false i=true al=0},r=10,c=false/false,a=HANDLING,uri=//localhost:35372/FileServlet/htmltests/large.html,age=24}
[DEBUG] Flushed=true written=32776 remaining=0 WriteFlusher@2071150d{WRITING}->null
[DEBUG] update WriteFlusher@2071150d{IDLE}->null:WRITING-->IDLE
[DEBUG] generate: DONE for SendCallback@410c6bef[PROCESSING][i=null,cb=org.eclipse.jetty.server.HttpChannel$SendCallback@56369865] (null,[p=32768,l=32768,c=32768,r=0],false)@COMMITTED
[DEBUG] onWriteComplete(false,null) s=OPEN,api=BLOCKED,sc=false,e=null->s=OPEN,api=BLOCKING,sc=false,e=null c=null cb=null w=false
[DEBUG] write(array HeapByteBuffer@5ac1c6c9[p=0,l=8192,c=8192,r=8192]={<<<tibulum sapien. <b>Morbi ...torquent per conubia no>>>})
[DEBUG] write(array) s=OPEN,api=BLOCKING,sc=false,e=null aggregated !flush DirectByteBuffer@7c27fa39[p=0,l=8192,c=32768,r=8192]={<<<tibulum sapien. <b>Morbi ...torquent per conubia no>>>. Etiam u...\n<p>Ves}
[DEBUG] write(array HeapByteBuffer@2d2ea900[p=0,l=8192,c=8192,r=8192]={<<<stra, per inceptos himena...a</i>. Vestibulum nisi >>>})
[DEBUG] write(array) s=OPEN,api=BLOCKING,sc=false,e=null aggregated !flush DirectByteBuffer@7c27fa39[p=0,l=16384,c=32768,r=16384]={<<<tibulum sapien. <b>Morbi ...a</i>. Vestibulum nisi >>>inceptos ...\n<p>Ves}
[DEBUG] write(array HeapByteBuffer@4779ed3d[p=0,l=8192,c=8192,r=8192]={<<<lectus, commodo ac, facil.../b>. Sed lectus. Intege>>>})
[DEBUG] write(array) s=OPEN,api=BLOCKING,sc=false,e=null aggregated !flush DirectByteBuffer@7c27fa39[p=0,l=24576,c=32768,r=24576]={<<<tibulum sapien. <b>Morbi .../b>. Sed lectus. Intege>>>bi mi. Qu...\n<p>Ves}
[DEBUG] write(array HeapByteBuffer@256eb007[p=0,l=8192,c=8192,r=8192]={<<<r euismod lacus luctus ma...ur sodales ligula in li>>>})
[DEBUG] write(array) s=OPEN,api=BLOCKED,sc=false,e=null last=false agg=true flush=true async=false, len=0 DirectByteBuffer@7c27fa39[p=0,l=32768,c=32768,r=32768]={<<<tibulum sapien. <b>Morbi ...ur sodales ligula in li>>>}
[DEBUG] sendResponse info=null content=DirectByteBuffer@7c27fa39[p=0,l=32768,c=32768,r=32768]={<<<tibulum sapien. <b>Morbi ...ur sodales ligula in li>>>} complete=false committing=false callback=Blocker@7cb7664d{null}
[DEBUG] generate: NEED_CHUNK for SendCallback@410c6bef[PROCESSING][i=null,cb=org.eclipse.jetty.server.HttpChannel$SendCallback@714dcded] (null,[p=0,l=32768,c=32768,r=32768],false)@COMMITTED
[DEBUG] generate: FLUSH for SendCallback@410c6bef[PROCESSING][i=null,cb=org.eclipse.jetty.server.HttpChannel$SendCallback@714dcded] (null,[p=0,l=32768,c=32768,r=32768],false)@COMMITTED
[DEBUG] write: WriteFlusher@2071150d{IDLE}->null [HeapByteBuffer@54b3104a[p=0,l=8,c=1024,r=8]={<<<\r\n8000\r\n>>>\x00\x00\x00\x00\x00\x00\x00\x00\x00...\x00\x00\x00\x00\x00\x00\x00},DirectByteBuffer@7c27fa39[p=0,l=32768,c=32768,r=32768]={<<<tibulum sapien. <b>Morbi ...ur sodales ligula in li>>>}]
[DEBUG] update WriteFlusher@2071150d{WRITING}->null:IDLE-->WRITING
[DEBUG] flushed 32776 SocketChannelEndPoint@3d491fad{l=/127.0.0.1:35372,r=/127.0.0.1:60190,OPEN,fill=-,flush=W,to=1/30000}{io=0/0,kio=0,kro=1}->HttpConnection@3e7171e5[p=HttpParser{s=CONTENT,0 of -1},g=HttpGenerator@274dcaa5{s=COMMITTED}]=>HttpChannelOverHttp@36eb5f45{s=HttpChannelState@23232c72{s=HANDLING rs=BLOCKING os=COMMITTED is=IDLE awp=false se=false i=true al=0},r=10,c=false/false,a=HANDLING,uri=//localhost:35372/FileServlet/htmltests/large.html,age=26}
[DEBUG] Flushed=true written=32776 remaining=0 WriteFlusher@2071150d{WRITING}->null
[DEBUG] update WriteFlusher@2071150d{IDLE}->null:WRITING-->IDLE
[DEBUG] generate: DONE for SendCallback@410c6bef[PROCESSING][i=null,cb=org.eclipse.jetty.server.HttpChannel$SendCallback@714dcded] (null,[p=32768,l=32768,c=32768,r=0],false)@COMMITTED
[DEBUG] onWriteComplete(false,null) s=OPEN,api=BLOCKED,sc=false,e=null->s=OPEN,api=BLOCKING,sc=false,e=null c=null cb=null w=false
[DEBUG] write(array HeapByteBuffer@29731c6d[p=0,l=8192,c=8192,r=8192]={<<<bero. Sed dignissim lacin..., iaculis et, viverra v>>>})
[DEBUG] write(array) s=OPEN,api=BLOCKING,sc=false,e=null aggregated !flush DirectByteBuffer@7c27fa39[p=0,l=8192,c=32768,r=8192]={<<<bero. Sed dignissim lacin..., iaculis et, viverra v>>>stra, per...a in li}
[DEBUG] write(array HeapByteBuffer@216b1c7b[p=0,l=8192,c=8192,r=8192]={<<<itae, ligula. <i>Integer ...bulum ante ipsum primis>>>})
[DEBUG] write(array) s=OPEN,api=BLOCKING,sc=false,e=null aggregated !flush DirectByteBuffer@7c27fa39[p=0,l=16384,c=32768,r=16384]={<<<bero. Sed dignissim lacin...bulum ante ipsum primis>>>lectus, c...a in li}
[DEBUG] write(array HeapByteBuffer@71d56ed9[p=0,l=8192,c=8192,r=8192]={<<< in faucibus orci luctus ...auris. Fusce nec tellus>>>})
[DEBUG] write(array) s=OPEN,api=BLOCKING,sc=false,e=null aggregated !flush DirectByteBuffer@7c27fa39[p=0,l=24576,c=32768,r=24576]={<<<bero. Sed dignissim lacin...auris. Fusce nec tellus>>>r euismod...a in li}
[DEBUG] write(array HeapByteBuffer@6e68f7ab[p=0,l=8192,c=8192,r=8192]={<<< sed augue semper porta. ...ces sit amet, augue. Pr>>>})
[DEBUG] write(array) s=OPEN,api=BLOCKED,sc=false,e=null last=false agg=true flush=true async=false, len=0 DirectByteBuffer@7c27fa39[p=0,l=32768,c=32768,r=32768]={<<<bero. Sed dignissim lacin...ces sit amet, augue. Pr>>>}
[DEBUG] sendResponse info=null content=DirectByteBuffer@7c27fa39[p=0,l=32768,c=32768,r=32768]={<<<bero. Sed dignissim lacin...ces sit amet, augue. Pr>>>} complete=false committing=false callback=Blocker@7cb7664d{null}
[DEBUG] generate: NEED_CHUNK for SendCallback@410c6bef[PROCESSING][i=null,cb=org.eclipse.jetty.server.HttpChannel$SendCallback@5fc91e7f] (null,[p=0,l=32768,c=32768,r=32768],false)@COMMITTED
[DEBUG] generate: FLUSH for SendCallback@410c6bef[PROCESSING][i=null,cb=org.eclipse.jetty.server.HttpChannel$SendCallback@5fc91e7f] (null,[p=0,l=32768,c=32768,r=32768],false)@COMMITTED
[DEBUG] write: WriteFlusher@2071150d{IDLE}->null [HeapByteBuffer@52377fdf[p=0,l=8,c=1024,r=8]={<<<\r\n8000\r\n>>>\x00\x00\x00\x00\x00\x00\x00\x00\x00...\x00\x00\x00\x00\x00\x00\x00},DirectByteBuffer@7c27fa39[p=0,l=32768,c=32768,r=32768]={<<<bero. Sed dignissim lacin...ces sit amet, augue. Pr>>>}]
[DEBUG] update WriteFlusher@2071150d{WRITING}->null:IDLE-->WRITING
[DEBUG] flushed 32776 SocketChannelEndPoint@3d491fad{l=/127.0.0.1:35372,r=/127.0.0.1:60190,OPEN,fill=-,flush=W,to=1/30000}{io=0/0,kio=0,kro=1}->HttpConnection@3e7171e5[p=HttpParser{s=CONTENT,0 of -1},g=HttpGenerator@274dcaa5{s=COMMITTED}]=>HttpChannelOverHttp@36eb5f45{s=HttpChannelState@23232c72{s=HANDLING rs=BLOCKING os=COMMITTED is=IDLE awp=false se=false i=true al=0},r=10,c=false/false,a=HANDLING,uri=//localhost:35372/FileServlet/htmltests/large.html,age=27}
[DEBUG] Flushed=true written=32776 remaining=0 WriteFlusher@2071150d{WRITING}->null
[DEBUG] update WriteFlusher@2071150d{IDLE}->null:WRITING-->IDLE
[DEBUG] generate: DONE for SendCallback@410c6bef[PROCESSING][i=null,cb=org.eclipse.jetty.server.HttpChannel$SendCallback@5fc91e7f] (null,[p=32768,l=32768,c=32768,r=0],false)@COMMITTED
[DEBUG] onWriteComplete(false,null) s=OPEN,api=BLOCKED,sc=false,e=null->s=OPEN,api=BLOCKING,sc=false,e=null c=null cb=null w=false
[DEBUG] write(array HeapByteBuffer@26b85939[p=0,l=8192,c=8192,r=8192]={<<<oin sodales libero eget a...uismod lacus luctus mag>>>})
[DEBUG] write(array) s=OPEN,api=BLOCKING,sc=false,e=null aggregated !flush DirectByteBuffer@7c27fa39[p=0,l=8192,c=32768,r=8192]={<<<oin sodales libero eget a...uismod lacus luctus mag>>>itae, lig...gue. Pr}
[DEBUG] write(array HeapByteBuffer@7c414891[p=0,l=8192,c=8192,r=8192]={<<<na. Quisque cursus, metus...lass aptent taciti soci>>>})
[DEBUG] write(array) s=OPEN,api=BLOCKING,sc=false,e=null aggregated !flush DirectByteBuffer@7c27fa39[p=0,l=16384,c=32768,r=16384]={<<<oin sodales libero eget a...lass aptent taciti soci>>> in fauci...gue. Pr}
[DEBUG] write(array HeapByteBuffer@55bd2d1d[p=0,l=2207,c=8192,r=2207]={<<<osqu ad litora torquent p.... </p>\n\n</body></html>\n>>>nia nunc....ti soci})
[DEBUG] write(array) s=OPEN,api=BLOCKING,sc=false,e=null aggregated !flush DirectByteBuffer@7c27fa39[p=0,l=18591,c=32768,r=18591]={<<<oin sodales libero eget a.... </p>\n\n</body></html>\n>>>erisque s...gue. Pr}
[DEBUG] sendResponse info=null content=DirectByteBuffer@7c27fa39[p=0,l=18591,c=32768,r=18591]={<<<oin sodales libero eget a.... </p>\n\n</body></html>\n>>>erisque s...gue. Pr} complete=false committing=false callback=Blocker@7cb7664d{null}
[DEBUG] generate: NEED_CHUNK for SendCallback@410c6bef[PROCESSING][i=null,cb=org.eclipse.jetty.server.HttpChannel$SendCallback@4290eb33] (null,[p=0,l=18591,c=32768,r=18591],false)@COMMITTED
[DEBUG] generate: FLUSH for SendCallback@410c6bef[PROCESSING][i=null,cb=org.eclipse.jetty.server.HttpChannel$SendCallback@4290eb33] (null,[p=0,l=18591,c=32768,r=18591],false)@COMMITTED
[DEBUG] write: WriteFlusher@2071150d{IDLE}->null [HeapByteBuffer@2ed6021b[p=0,l=8,c=1024,r=8]={<<<\r\n489F\r\n>>>\x00\x00\x00\x00\x00\x00\x00\x00\x00...\x00\x00\x00\x00\x00\x00\x00},DirectByteBuffer@7c27fa39[p=0,l=18591,c=32768,r=18591]={<<<oin sodales libero eget a.... </p>\n\n</body></html>\n>>>erisque s...gue. Pr}]
[DEBUG] update WriteFlusher@2071150d{WRITING}->null:IDLE-->WRITING
[DEBUG] flushed 18599 SocketChannelEndPoint@3d491fad{l=/127.0.0.1:35372,r=/127.0.0.1:60190,OPEN,fill=-,flush=W,to=6/30000}{io=0/0,kio=0,kro=1}->HttpConnection@3e7171e5[p=HttpParser{s=CONTENT,0 of -1},g=HttpGenerator@274dcaa5{s=COMMITTED}]=>HttpChannelOverHttp@36eb5f45{s=HttpChannelState@23232c72{s=HANDLING rs=BLOCKING os=COMMITTED is=IDLE awp=false se=false i=true al=0},r=10,c=false/false,a=HANDLING,uri=//localhost:35372/FileServlet/htmltests/large.html,age=33}
[DEBUG] Flushed=true written=18599 remaining=0 WriteFlusher@2071150d{WRITING}->null
[DEBUG] update WriteFlusher@2071150d{IDLE}->null:WRITING-->IDLE
[DEBUG] generate: DONE for SendCallback@410c6bef[PROCESSING][i=null,cb=org.eclipse.jetty.server.HttpChannel$SendCallback@4290eb33] (null,[p=18591,l=18591,c=32768,r=0],false)@COMMITTED
[DEBUG] onWriteComplete(false,null) s=OPEN,api=BLOCKED,sc=false,e=null->s=OPEN,api=BLOCKING,sc=false,e=null c=null cb=null w=false
[DEBUG] handled=true async=false committed=true on HttpChannelOverHttp@36eb5f45{s=HttpChannelState@23232c72{s=HANDLING rs=BLOCKING os=COMMITTED is=IDLE awp=false se=false i=true al=0},r=10,c=false/false,a=HANDLING,uri=//localhost:35372/FileServlet/htmltests/large.html,age=34}
[DEBUG] unhandle HttpChannelState@23232c72{s=HANDLING rs=BLOCKING os=COMMITTED is=IDLE awp=false se=false i=true al=0}
[DEBUG] nextAction(false) COMPLETE HttpChannelState@23232c72{s=HANDLING rs=COMPLETING os=COMMITTED is=IDLE awp=false se=false i=false al=0}
[DEBUG] action COMPLETE HttpChannelOverHttp@36eb5f45{s=HttpChannelState@23232c72{s=HANDLING rs=COMPLETING os=COMMITTED is=IDLE awp=false se=false i=false al=0},r=10,c=false/false,a=HANDLING,uri=//localhost:35372/FileServlet/htmltests/large.html,age=34}
[DEBUG] complete(org.eclipse.jetty.util.Callback$3@268513c9) s=CLOSING,api=BLOCKED,sc=false,e=null s=false e=null, c=HeapByteBuffer@13dae45a[p=0,l=0,c=0,r=0]={<<<>>>}
[DEBUG] sendResponse info=null content=HeapByteBuffer@13dae45a[p=0,l=0,c=0,r=0]={<<<>>>} complete=true committing=false callback=org.eclipse.jetty.server.HttpOutput$WriteCompleteCB@5076c248
[DEBUG] generate: CONTINUE for SendCallback@410c6bef[PROCESSING][i=null,cb=org.eclipse.jetty.server.HttpChannel$SendCallback@6c9fd89e] (null,[p=0,l=0,c=0,r=0],true)@COMPLETING
[DEBUG] generate: NEED_CHUNK for SendCallback@410c6bef[PROCESSING][i=null,cb=org.eclipse.jetty.server.HttpChannel$SendCallback@6c9fd89e] (null,[p=0,l=0,c=0,r=0],true)@COMPLETING
[DEBUG] generate: FLUSH for SendCallback@410c6bef[PROCESSING][i=null,cb=org.eclipse.jetty.server.HttpChannel$SendCallback@6c9fd89e] (null,[p=0,l=0,c=0,r=0],true)@COMPLETING
[DEBUG] write: WriteFlusher@2071150d{IDLE}->null [HeapByteBuffer@54b3104a[p=0,l=7,c=1024,r=7]={<<<\r\n0\r\n\r\n>>>\n\x00\x00\x00\x00\x00\x00\x00\x00...\x00\x00\x00\x00\x00\x00\x00}]
[DEBUG] update WriteFlusher@2071150d{WRITING}->null:IDLE-->WRITING
]]></system-out>
  </testcase>
  <testcase name="sendsRequestBodyJsonWithoutData" classname="org.jsoup.integration.ConnectTest" time="0.018">
    <system-out><![CDATA[[DEBUG] flushed 7 SocketChannelEndPoint@3d491fad{l=/127.0.0.1:35372,r=/127.0.0.1:60190,OPEN,fill=-,flush=W,to=2/30000}{io=0/0,kio=0,kro=1}->HttpConnection@3e7171e5[p=HttpParser{s=CONTENT,0 of -1},g=HttpGenerator@274dcaa5{s=COMPLETING}]=>HttpChannelOverHttp@36eb5f45{s=HttpChannelState@23232c72{s=HANDLING rs=COMPLETING os=COMMITTED is=IDLE awp=false se=false i=false al=0},r=10,c=false/false,a=HANDLING,uri=//localhost:35372/FileServlet/htmltests/large.html,age=36}
[DEBUG] Flushed=true written=7 remaining=0 WriteFlusher@2071150d{WRITING}->null
[DEBUG] update WriteFlusher@2071150d{IDLE}->null:WRITING-->IDLE
[DEBUG] generate: DONE for SendCallback@410c6bef[PROCESSING][i=null,cb=org.eclipse.jetty.server.HttpChannel$SendCallback@6c9fd89e] (null,[p=0,l=0,c=0,r=0],true)@END
[DEBUG] onWriteComplete(true,null) s=CLOSING,api=BLOCKED,sc=false,e=null->s=CLOSED,api=BLOCKING,sc=false,e=null c=null cb=org.eclipse.jetty.util.Callback$3@268513c9 w=false
[DEBUG] completed HttpChannelState@23232c72{s=HANDLING rs=COMPLETING os=COMPLETED is=IDLE awp=false se=false i=false al=0}
[DEBUG] unhandle HttpChannelState@23232c72{s=HANDLING rs=COMPLETED os=COMPLETED is=IDLE awp=false se=false i=false al=0}
[DEBUG] nextAction(false) TERMINATED HttpChannelState@23232c72{s=IDLE rs=COMPLETED os=COMPLETED is=IDLE awp=false se=false i=false al=0}
[DEBUG] action TERMINATED HttpChannelOverHttp@36eb5f45{s=HttpChannelState@23232c72{s=IDLE rs=COMPLETED os=COMPLETED is=IDLE awp=false se=false i=false al=0},r=10,c=true/true,a=IDLE,uri=//localhost:35372/FileServlet/htmltests/large.html,age=36}
[DEBUG] onCompleted for /FileServlet/htmltests/large.html written=280735
[DEBUG] filled 360 HeapByteBuffer@1ef04a69[p=0,l=360,c=8192,r=360]={<<<POST /EchoServlet HTTP/1....ngth: 11\r\n\r\n{key:value}>>>\r\nConnect...\x00\x00\x00\x00\x00\x00\x00}
[DEBUG] HttpConnection@3e7171e5::SocketChannelEndPoint@3d491fad{l=/127.0.0.1:35372,r=/127.0.0.1:60190,OPEN,fill=-,flush=-,to=0/30000}{io=0/0,kio=0,kro=1}->HttpConnection@3e7171e5[p=HttpParser{s=CONTENT,0 of -1},g=HttpGenerator@274dcaa5{s=END}]=>HttpChannelOverHttp@36eb5f45{s=HttpChannelState@23232c72{s=IDLE rs=COMPLETED os=COMPLETED is=IDLE awp=false se=false i=false al=0},r=10,c=true/true,a=IDLE,uri=//localhost:35372/FileServlet/htmltests/large.html,age=36} filled 360 HeapByteBuffer@1ef04a69[p=0,l=360,c=8192,r=360]={<<<POST /EchoServlet HTTP/1....ngth: 11\r\n\r\n{key:value}>>>\r\nConnect...\x00\x00\x00\x00\x00\x00\x00}
[DEBUG] HttpConnection@3e7171e5::SocketChannelEndPoint@3d491fad{l=/127.0.0.1:35372,r=/127.0.0.1:60190,OPEN,fill=-,flush=-,to=0/30000}{io=0/0,kio=0,kro=1}->HttpConnection@3e7171e5[p=HttpParser{s=CONTENT,0 of -1},g=HttpGenerator@274dcaa5{s=END}]=>HttpChannelOverHttp@36eb5f45{s=HttpChannelState@23232c72{s=IDLE rs=COMPLETED os=COMPLETED is=IDLE awp=false se=false i=false al=0},r=10,c=true/true,a=IDLE,uri=//localhost:35372/FileServlet/htmltests/large.html,age=36} parse HeapByteBuffer@1ef04a69[p=0,l=360,c=8192,r=360]={<<<POST /EchoServlet HTTP/1....ngth: 11\r\n\r\n{key:value}>>>\r\nConnect...\x00\x00\x00\x00\x00\x00\x00} {}
[DEBUG] parseNext s=CONTENT HeapByteBuffer@1ef04a69[p=0,l=360,c=8192,r=360]={<<<POST /EchoServlet HTTP/1....ngth: 11\r\n\r\n{key:value}>>>\r\nConnect...\x00\x00\x00\x00\x00\x00\x00}
[DEBUG] CONTENT --> CONTENT_END
[DEBUG] onContentComplete HttpChannelOverHttp@36eb5f45{s=HttpChannelState@23232c72{s=IDLE rs=COMPLETED os=COMPLETED is=IDLE awp=false se=false i=false al=0},r=10,c=true/true,a=IDLE,uri=//localhost:35372/FileServlet/htmltests/large.html,age=36}
[DEBUG] CONTENT_END --> END
[DEBUG] onRequestComplete HttpChannelOverHttp@36eb5f45{s=HttpChannelState@23232c72{s=IDLE rs=COMPLETED os=COMPLETED is=IDLE awp=false se=false i=false al=0},r=10,c=true/true,a=IDLE,uri=//localhost:35372/FileServlet/htmltests/large.html,age=36}
[DEBUG] HttpInputOverHTTP@376cf161[c=0,q=0,[0]=null,s=STREAM] addContent EOF
[DEBUG] HttpConnection@3e7171e5::SocketChannelEndPoint@3d491fad{l=/127.0.0.1:35372,r=/127.0.0.1:60190,OPEN,fill=-,flush=-,to=0/30000}{io=0/0,kio=0,kro=1}->HttpConnection@3e7171e5[p=HttpParser{s=END,0 of -1},g=HttpGenerator@274dcaa5{s=END}]=>HttpChannelOverHttp@36eb5f45{s=HttpChannelState@23232c72{s=IDLE rs=COMPLETED os=COMPLETED is=IDLE awp=false se=false i=false al=0},r=10,c=true/true,a=IDLE,uri=//localhost:35372/FileServlet/htmltests/large.html,age=36} parsed false HttpParser{s=END,0 of -1}
[DEBUG] recycle HttpChannelState@23232c72{s=IDLE rs=COMPLETED os=COMPLETED is=IDLE awp=false se=false i=false al=0}
[DEBUG] reset HttpParser{s=END,0 of -1}
[DEBUG] END --> START
[DEBUG] !handle TERMINATED HttpChannelOverHttp@36eb5f45{s=HttpChannelState@23232c72{s=IDLE rs=BLOCKING os=OPEN is=IDLE awp=false se=false i=true al=0},r=10,c=false/false,a=IDLE,uri=null,age=0}
[DEBUG] HttpConnection@3e7171e5::SocketChannelEndPoint@3d491fad{l=/127.0.0.1:35372,r=/127.0.0.1:60190,OPEN,fill=-,flush=-,to=2/30000}{io=0/0,kio=0,kro=1}->HttpConnection@3e7171e5[p=HttpParser{s=START,0 of -1},g=HttpGenerator@274dcaa5{s=START}]=>HttpChannelOverHttp@36eb5f45{s=HttpChannelState@23232c72{s=IDLE rs=BLOCKING os=OPEN is=IDLE awp=false se=false i=true al=0},r=10,c=false/false,a=IDLE,uri=null,age=0} parse HeapByteBuffer@1ef04a69[p=0,l=360,c=8192,r=360]={<<<POST /EchoServlet HTTP/1....ngth: 11\r\n\r\n{key:value}>>>\r\nConnect...\x00\x00\x00\x00\x00\x00\x00} {}
[DEBUG] parseNext s=START HeapByteBuffer@1ef04a69[p=0,l=360,c=8192,r=360]={<<<POST /EchoServlet HTTP/1....ngth: 11\r\n\r\n{key:value}>>>\r\nConnect...\x00\x00\x00\x00\x00\x00\x00}
[DEBUG] START --> SPACE1
[DEBUG] SPACE1 --> URI
[DEBUG] URI --> SPACE2
[DEBUG] SPACE2 --> REQUEST_VERSION
[DEBUG] REQUEST_VERSION --> HEADER
[DEBUG] HEADER:Accept-Encoding: gzip --> IN_VALUE
[DEBUG] HEADER:Accept-Encoding: gzip --> FIELD
[DEBUG] HEADER:Content-Type: application/json --> IN_VALUE
[DEBUG] HEADER:Content-Type: application/json --> FIELD
[DEBUG] HEADER:User-Agent: Mozilla/5.0 (Macintosh; Intel Mac OS X 10_11_4) AppleWebKit/537.36 (KHTML, like Gecko) Chrome/49.0.2623.112 Safari/537.36 --> IN_VALUE
[DEBUG] HEADER:User-Agent: Mozilla/5.0 (Macintosh; Intel Mac OS X 10_11_4) AppleWebKit/537.36 (KHTML, like Gecko) Chrome/49.0.2623.112 Safari/537.36 --> FIELD
[DEBUG] HEADER:Host: localhost:35372 --> IN_VALUE
[DEBUG] HEADER:Host: localhost:35372 --> FIELD
[DEBUG] HEADER:Accept: text/html, image/gif, image/jpeg, *; q=.2, */*; q=.2 --> IN_VALUE
[DEBUG] HEADER:Accept: text/html, image/gif, image/jpeg, *; q=.2, */*; q=.2 --> FIELD
[DEBUG] HEADER:Connection: keep-alive --> IN_VALUE
[DEBUG] HEADER:Connection: keep-alive --> FIELD
[DEBUG] HEADER:Content-Length --> VALUE
[DEBUG] HEADER:Content-Length --> IN_VALUE
[DEBUG] HEADER:Content-Length --> FIELD
[DEBUG] HEADER --> CONTENT
[DEBUG] REQUEST for //localhost:35372/EchoServlet on HttpChannelOverHttp@36eb5f45{s=HttpChannelState@23232c72{s=IDLE rs=BLOCKING os=OPEN is=IDLE awp=false se=false i=true al=0},r=11,c=false/false,a=IDLE,uri=//localhost:35372/EchoServlet,age=0}
POST //localhost:35372/EchoServlet HTTP/1.1
Accept-Encoding: gzip
Content-Type: application/json
User-Agent: Mozilla/5.0 (Macintosh; Intel Mac OS X 10_11_4) AppleWebKit/537.36 (KHTML, like Gecko) Chrome/49.0.2623.112 Safari/537.36
Host: localhost:35372
Accept: text/html, image/gif, image/jpeg, *; q=.2, */*; q=.2
Connection: keep-alive
Content-Length: 11


[DEBUG] HttpConnection@3e7171e5::SocketChannelEndPoint@3d491fad{l=/127.0.0.1:35372,r=/127.0.0.1:60190,OPEN,fill=-,flush=-,to=2/30000}{io=0/0,kio=0,kro=1}->HttpConnection@3e7171e5[p=HttpParser{s=CONTENT,0 of 11},g=HttpGenerator@274dcaa5{s=START}]=>HttpChannelOverHttp@36eb5f45{s=HttpChannelState@23232c72{s=IDLE rs=BLOCKING os=OPEN is=IDLE awp=false se=false i=true al=0},r=11,c=false/false,a=IDLE,uri=//localhost:35372/EchoServlet,age=0} parsed true HttpParser{s=CONTENT,0 of 11}
[DEBUG] handle //localhost:35372/EchoServlet HttpChannelOverHttp@36eb5f45{s=HttpChannelState@23232c72{s=IDLE rs=BLOCKING os=OPEN is=IDLE awp=false se=false i=true al=0},r=11,c=false/false,a=IDLE,uri=//localhost:35372/EchoServlet,age=0} 
[DEBUG] handling HttpChannelState@23232c72{s=IDLE rs=BLOCKING os=OPEN is=IDLE awp=false se=false i=true al=0}
[DEBUG] action DISPATCH HttpChannelOverHttp@36eb5f45{s=HttpChannelState@23232c72{s=HANDLING rs=BLOCKING os=OPEN is=IDLE awp=false se=false i=true al=0},r=11,c=false/false,a=HANDLING,uri=//localhost:35372/EchoServlet,age=0}
[DEBUG] REQUEST POST /EchoServlet on HttpChannelOverHttp@36eb5f45{s=HttpChannelState@23232c72{s=HANDLING rs=BLOCKING os=OPEN is=IDLE awp=false se=false i=true al=0},r=11,c=false/false,a=HANDLING,uri=//localhost:35372/EchoServlet,age=7}
[DEBUG] servlet null|/EchoServlet|null -> org.jsoup.integration.servlets.EchoServlet-60d1a32f==org.jsoup.integration.servlets.EchoServlet@1f7ecb09{jsp=null,order=-1,inst=true,async=true,src=EMBEDDED:null,STARTED}
[DEBUG] chain=null
[DEBUG] write(array HeapByteBuffer@29136f4d[p=0,l=235,c=512,r=235]={<<<<title>Webserver Environm...\n    <table border="0">>>>\x00\x00\x00\x00\x00\x00\x00\x00\x00...\x00\x00\x00\x00\x00\x00\x00})
[DEBUG] write(array) s=OPEN,api=BLOCKING,sc=false,e=null aggregated !flush DirectByteBuffer@38e5eb8d[p=0,l=235,c=32768,r=235]={<<<<title>Webserver Environm...\n    <table border="0">>>><tr><th>M...gue. Pr}
[DEBUG] write(array HeapByteBuffer@27862afd[p=0,l=37,c=512,r=37]={<<<<tr><th>Method</th><td>POST</td></tr>>>>s</title>...\x00\x00\x00\x00\x00\x00\x00})
[DEBUG] write(array) s=OPEN,api=BLOCKING,sc=false,e=null aggregated !flush DirectByteBuffer@38e5eb8d[p=0,l=272,c=32768,r=272]={<<<<title>Webserver Environm...</th><td>POST</td></tr>>>>\n<tr><th>...gue. Pr}
[DEBUG] write(array HeapByteBuffer@4104d8c7[p=0,l=1,c=512,r=1]={<<<\n>>>tr><th>Me...\x00\x00\x00\x00\x00\x00\x00})
[DEBUG] write(array) s=OPEN,api=BLOCKING,sc=false,e=null aggregated !flush DirectByteBuffer@38e5eb8d[p=0,l=273,c=32768,r=273]={<<<<title>Webserver Environm.../th><td>POST</td></tr>\n>>><tr><th>R...gue. Pr}
[DEBUG] write(array HeapByteBuffer@53cda351[p=0,l=50,c=512,r=50]={<<<<tr><th>Request URI</th><...>/EchoServlet</td></tr>>>> <style t...\x00\x00\x00\x00\x00\x00\x00})
[DEBUG] write(array) s=OPEN,api=BLOCKING,sc=false,e=null aggregated !flush DirectByteBuffer@38e5eb8d[p=0,l=323,c=32768,r=323]={<<<<title>Webserver Environm...>/EchoServlet</td></tr>>>>\n<tr><th>...gue. Pr}
[DEBUG] write(array HeapByteBuffer@6116d762[p=0,l=1,c=512,r=1]={<<<\n>>>tr><th>Re...\x00\x00\x00\x00\x00\x00\x00})
[DEBUG] write(array) s=OPEN,api=BLOCKING,sc=false,e=null aggregated !flush DirectByteBuffer@38e5eb8d[p=0,l=324,c=32768,r=324]={<<<<title>Webserver Environm.../EchoServlet</td></tr>\n>>><tr><th>Q...gue. Pr}
[DEBUG] write(array HeapByteBuffer@7751c87f[p=0,l=39,c=512,r=39]={<<<<tr><th>Query String</th><td></td></tr>>>>t</td></t...\x00\x00\x00\x00\x00\x00\x00})
[DEBUG] write(array) s=OPEN,api=BLOCKING,sc=false,e=null aggregated !flush DirectByteBuffer@38e5eb8d[p=0,l=363,c=32768,r=363]={<<<<title>Webserver Environm...ring</th><td></td></tr>>>>\n<tr><th>...gue. Pr}
[DEBUG] write(array HeapByteBuffer@10f4f4b2[p=0,l=1,c=512,r=1]={<<<\n>>>tr><th>Qu...\x00\x00\x00\x00\x00\x00\x00})
[DEBUG] write(array) s=OPEN,api=BLOCKING,sc=false,e=null aggregated !flush DirectByteBuffer@38e5eb8d[p=0,l=364,c=32768,r=364]={<<<<title>Webserver Environm...ing</th><td></td></tr>\n>>><tr><th>C...gue. Pr}
[DEBUG] write(array HeapByteBuffer@2e9d1ad6[p=0,l=85,c=512,r=85]={<<<<tr><th>Accept</th><td>te....2, */*; q=.2</td></tr>>>>, td, th ...\x00\x00\x00\x00\x00\x00\x00})
[DEBUG] write(array) s=OPEN,api=BLOCKING,sc=false,e=null aggregated !flush DirectByteBuffer@38e5eb8d[p=0,l=449,c=32768,r=449]={<<<<title>Webserver Environm....2, */*; q=.2</td></tr>>>>if, image...gue. Pr}
[DEBUG] write(array HeapByteBuffer@79e775a0[p=0,l=1,c=512,r=1]={<<<\n>>>tr><th>Ac...\x00\x00\x00\x00\x00\x00\x00})
[DEBUG] write(array) s=OPEN,api=BLOCKING,sc=false,e=null aggregated !flush DirectByteBuffer@38e5eb8d[p=0,l=450,c=32768,r=450]={<<<<title>Webserver Environm...2, */*; q=.2</td></tr>\n>>>f, image/...gue. Pr}
[DEBUG] write(array HeapByteBuffer@8c48d3[p=0,l=158,c=512,r=158]={<<<<tr><th>User-Agent</th><t...Safari/537.36</td></tr>>>>th {font-...\x00\x00\x00\x00\x00\x00\x00})
[DEBUG] write(array) s=OPEN,api=BLOCKING,sc=false,e=null aggregated !flush DirectByteBuffer@38e5eb8d[p=0,l=608,c=32768,r=608]={<<<<title>Webserver Environm...Safari/537.36</td></tr>>>>/79.0.394...gue. Pr}
[DEBUG] write(array HeapByteBuffer@37ea6d14[p=0,l=1,c=512,r=1]={<<<\n>>>tr><th>Us...\x00\x00\x00\x00\x00\x00\x00})
[DEBUG] write(array) s=OPEN,api=BLOCKING,sc=false,e=null aggregated !flush DirectByteBuffer@38e5eb8d[p=0,l=609,c=32768,r=609]={<<<<title>Webserver Environm...afari/537.36</td></tr>\n>>>79.0.3945...gue. Pr}
[DEBUG] write(array HeapByteBuffer@71679a95[p=0,l=47,c=512,r=47]={<<<<tr><th>Connection</th><td>keep-alive</td></tr>>>>sh; Intel...\x00\x00\x00\x00\x00\x00\x00})
[DEBUG] write(array) s=OPEN,api=BLOCKING,sc=false,e=null aggregated !flush DirectByteBuffer@38e5eb8d[p=0,l=656,c=32768,r=656]={<<<<title>Webserver Environm...td>keep-alive</td></tr>>>>onnection...gue. Pr}
[DEBUG] write(array HeapByteBuffer@33efab6c[p=0,l=1,c=512,r=1]={<<<\n>>>tr><th>Co...\x00\x00\x00\x00\x00\x00\x00})
[DEBUG] write(array) s=OPEN,api=BLOCKING,sc=false,e=null aggregated !flush DirectByteBuffer@38e5eb8d[p=0,l=657,c=32768,r=657]={<<<<title>Webserver Environm...d>keep-alive</td></tr>\n>>>nnection<...gue. Pr}
[DEBUG] write(array HeapByteBuffer@51c7a712[p=0,l=46,c=512,r=46]={<<<<tr><th>Host</th><td>localhost:35372</td></tr>>>>>sh; Inte...\x00\x00\x00\x00\x00\x00\x00})
[DEBUG] write(array) s=OPEN,api=BLOCKING,sc=false,e=null aggregated !flush DirectByteBuffer@38e5eb8d[p=0,l=703,c=32768,r=703]={<<<<title>Webserver Environm...calhost:35372</td></tr>>>>Host</th>...gue. Pr}
[DEBUG] write(array HeapByteBuffer@35a1e2f3[p=0,l=1,c=512,r=1]={<<<\n>>>tr><th>Ho...\x00\x00\x00\x00\x00\x00\x00})
[DEBUG] write(array) s=OPEN,api=BLOCKING,sc=false,e=null aggregated !flush DirectByteBuffer@38e5eb8d[p=0,l=704,c=32768,r=704]={<<<<title>Webserver Environm...alhost:35372</td></tr>\n>>>ost</th><...gue. Pr}
[DEBUG] write(array HeapByteBuffer@785f75e0[p=0,l=46,c=512,r=46]={<<<<tr><th>Accept-Encoding</th><td>gzip</td></tr>>>>>sh; Inte...\x00\x00\x00\x00\x00\x00\x00})
[DEBUG] write(array) s=OPEN,api=BLOCKING,sc=false,e=null aggregated !flush DirectByteBuffer@38e5eb8d[p=0,l=750,c=32768,r=750]={<<<<title>Webserver Environm...</th><td>gzip</td></tr>>>>Accept-En...gue. Pr}
[DEBUG] write(array HeapByteBuffer@3625154c[p=0,l=1,c=512,r=1]={<<<\n>>>tr><th>Ac...\x00\x00\x00\x00\x00\x00\x00})
[DEBUG] write(array) s=OPEN,api=BLOCKING,sc=false,e=null aggregated !flush DirectByteBuffer@38e5eb8d[p=0,l=751,c=32768,r=751]={<<<<title>Webserver Environm.../th><td>gzip</td></tr>\n>>>ccept-Enc...gue. Pr}
[DEBUG] write(array HeapByteBuffer@5ab6dbad[p=0,l=43,c=512,r=43]={<<<<tr><th>Content-Length</th><td>11</td></tr>>>>tr>>sh; I...\x00\x00\x00\x00\x00\x00\x00})
[DEBUG] write(array) s=OPEN,api=BLOCKING,sc=false,e=null aggregated !flush DirectByteBuffer@38e5eb8d[p=0,l=794,c=32768,r=794]={<<<<title>Webserver Environm...th</th><td>11</td></tr>>>>th>Conten...gue. Pr}
[DEBUG] write(array HeapByteBuffer@60ba1c72[p=0,l=1,c=512,r=1]={<<<\n>>>tr><th>Co...\x00\x00\x00\x00\x00\x00\x00})
[DEBUG] write(array) s=OPEN,api=BLOCKING,sc=false,e=null aggregated !flush DirectByteBuffer@38e5eb8d[p=0,l=795,c=32768,r=795]={<<<<title>Webserver Environm...h</th><td>11</td></tr>\n>>>h>Content...gue. Pr}
[DEBUG] write(array HeapByteBuffer@634985f0[p=0,l=55,c=512,r=55]={<<<<tr><th>Content-Type</th>...lication/json</td></tr>>>>l Mac OS ...\x00\x00\x00\x00\x00\x00\x00})
[DEBUG] write(array) s=OPEN,api=BLOCKING,sc=false,e=null aggregated !flush DirectByteBuffer@38e5eb8d[p=0,l=850,c=32768,r=850]={<<<<title>Webserver Environm...lication/json</td></tr>>>>ype</th><...gue. Pr}
[DEBUG] write(array HeapByteBuffer@7dd863a0[p=0,l=1,c=512,r=1]={<<<\n>>>tr><th>Co...\x00\x00\x00\x00\x00\x00\x00})
[DEBUG] write(array) s=OPEN,api=BLOCKING,sc=false,e=null aggregated !flush DirectByteBuffer@38e5eb8d[p=0,l=851,c=32768,r=851]={<<<<title>Webserver Environm...ication/json</td></tr>\n>>>pe</th><t...gue. Pr}
[DEBUG] HttpConnection@3e7171e5::SocketChannelEndPoint@3d491fad{l=/127.0.0.1:35372,r=/127.0.0.1:60190,OPEN,fill=-,flush=-,to=13/30000}{io=0/0,kio=0,kro=1}->HttpConnection@3e7171e5[p=HttpParser{s=CONTENT,0 of 11},g=HttpGenerator@274dcaa5{s=START}]=>HttpChannelOverHttp@36eb5f45{s=HttpChannelState@23232c72{s=HANDLING rs=BLOCKING os=OPEN is=IDLE awp=false se=false i=true al=0},r=11,c=false/false,a=HANDLING,uri=//localhost:35372/EchoServlet,age=11} parse HeapByteBuffer@1ef04a69[p=349,l=360,c=8192,r=11]={POST /Ech... 11\r\n\r\n<<<{key:value}>>>\r\nConnect...\x00\x00\x00\x00\x00\x00\x00} {}
[DEBUG] parseNext s=CONTENT HeapByteBuffer@1ef04a69[p=349,l=360,c=8192,r=11]={POST /Ech... 11\r\n\r\n<<<{key:value}>>>\r\nConnect...\x00\x00\x00\x00\x00\x00\x00}
[DEBUG] onContent HttpChannelOverHttp@36eb5f45{s=HttpChannelState@23232c72{s=HANDLING rs=BLOCKING os=OPEN is=IDLE awp=false se=false i=true al=0},r=11,c=false/false,a=HANDLING,uri=//localhost:35372/EchoServlet,age=11} Content@115fa405{HeapByteBufferR@213673d0[p=349,l=360,c=8192,r=11]={POST /Ech... 11\r\n\r\n<<<{key:value}>>>\r\nConnect...\x00\x00\x00\x00\x00\x00\x00}}
[DEBUG] HttpInputOverHTTP@376cf161[c=0,q=0,[0]=null,s=STREAM] addContent Content@115fa405{HeapByteBufferR@213673d0[p=349,l=360,c=8192,r=11]={POST /Ech... 11\r\n\r\n<<<{key:value}>>>\r\nConnect...\x00\x00\x00\x00\x00\x00\x00}}
[DEBUG] CONTENT --> CONTENT_END
[DEBUG] onContentComplete HttpChannelOverHttp@36eb5f45{s=HttpChannelState@23232c72{s=HANDLING rs=BLOCKING os=OPEN is=IDLE awp=false se=false i=true al=0},r=11,c=false/false,a=HANDLING,uri=//localhost:35372/EchoServlet,age=11}
[DEBUG] CONTENT_END --> END
[DEBUG] onRequestComplete HttpChannelOverHttp@36eb5f45{s=HttpChannelState@23232c72{s=HANDLING rs=BLOCKING os=OPEN is=IDLE awp=false se=false i=true al=0},r=11,c=false/false,a=HANDLING,uri=//localhost:35372/EchoServlet,age=11}
[DEBUG] HttpInputOverHTTP@376cf161[c=0,q=1,[0]=EOF,s=STREAM] addContent EOF
[DEBUG] HttpConnection@3e7171e5::SocketChannelEndPoint@3d491fad{l=/127.0.0.1:35372,r=/127.0.0.1:60190,OPEN,fill=-,flush=-,to=14/30000}{io=0/0,kio=0,kro=1}->HttpConnection@3e7171e5[p=HttpParser{s=END,11 of 11},g=HttpGenerator@274dcaa5{s=START}]=>HttpChannelOverHttp@36eb5f45{s=HttpChannelState@23232c72{s=HANDLING rs=BLOCKING os=OPEN is=IDLE awp=false se=false i=true al=0},r=11,c=false/false,a=HANDLING,uri=//localhost:35372/EchoServlet,age=11} parsed false HttpParser{s=END,11 of 11}
[DEBUG] HttpInputOverHTTP@376cf161[c=11,q=1,[0]=EOF,s=STREAM] read 11 from Content@115fa405{HeapByteBufferR@213673d0[p=360,l=360,c=8192,r=0]={POST /Ech...:value}<<<>>>\r\nConnect...\x00\x00\x00\x00\x00\x00\x00}}
[DEBUG] releaseRequestBuffer HttpConnection@3e7171e5::SocketChannelEndPoint@3d491fad{l=/127.0.0.1:35372,r=/127.0.0.1:60190,OPEN,fill=-,flush=-,to=14/30000}{io=0/0,kio=0,kro=1}->HttpConnection@3e7171e5[p=HttpParser{s=END,11 of 11},g=HttpGenerator@274dcaa5{s=START}]=>HttpChannelOverHttp@36eb5f45{s=HttpChannelState@23232c72{s=HANDLING rs=BLOCKING os=OPEN is=IDLE awp=false se=false i=true al=0},r=11,c=false/false,a=HANDLING,uri=//localhost:35372/EchoServlet,age=11}
[DEBUG] onEof HttpChannelState@23232c72{s=HANDLING rs=BLOCKING os=OPEN is=IDLE awp=false se=false i=true al=0}
[DEBUG] write(array HeapByteBuffer@eff1403[p=0,l=47,c=512,r=47]={<<<<tr><th>Post Data</th><td>{key:value}</td></tr>>>>td></tr>l...\x00\x00\x00\x00\x00\x00\x00})
[DEBUG] write(array) s=OPEN,api=BLOCKING,sc=false,e=null aggregated !flush DirectByteBuffer@38e5eb8d[p=0,l=898,c=32768,r=898]={<<<<title>Webserver Environm...d>{key:value}</td></tr>>>>harset=UT...gue. Pr}
[DEBUG] write(array HeapByteBuffer@3004a31f[p=0,l=1,c=512,r=1]={<<<\n>>>tr><th>Po...\x00\x00\x00\x00\x00\x00\x00})
[DEBUG] write(array) s=OPEN,api=BLOCKING,sc=false,e=null aggregated !flush DirectByteBuffer@38e5eb8d[p=0,l=899,c=32768,r=899]={<<<<title>Webserver Environm...>{key:value}</td></tr>\n>>>arset=UTF...gue. Pr}
[DEBUG] write(array HeapByteBuffer@5c974696[p=0,l=8,c=512,r=8]={<<<</table>>>>Post Data...\x00\x00\x00\x00\x00\x00\x00})
[DEBUG] write(array) s=OPEN,api=BLOCKING,sc=false,e=null aggregated !flush DirectByteBuffer@38e5eb8d[p=0,l=907,c=32768,r=907]={<<<<title>Webserver Environm...lue}</td></tr>\n</table>>>>F-8</td><...gue. Pr}
[DEBUG] write(array HeapByteBuffer@4ead1627[p=0,l=1,c=512,r=1]={<<<\n>>>/table>Po...\x00\x00\x00\x00\x00\x00\x00})
[DEBUG] write(array) s=OPEN,api=BLOCKING,sc=false,e=null aggregated !flush DirectByteBuffer@38e5eb8d[p=0,l=908,c=32768,r=908]={<<<<title>Webserver Environm...ue}</td></tr>\n</table>\n>>>-8</td></...gue. Pr}
[DEBUG] handled=true async=false committed=false on HttpChannelOverHttp@36eb5f45{s=HttpChannelState@23232c72{s=HANDLING rs=BLOCKING os=OPEN is=READY awp=false se=false i=true al=0},r=11,c=false/false,a=HANDLING,uri=//localhost:35372/EchoServlet,age=12}
[DEBUG] unhandle HttpChannelState@23232c72{s=HANDLING rs=BLOCKING os=OPEN is=READY awp=false se=false i=true al=0}
[DEBUG] nextAction(false) COMPLETE HttpChannelState@23232c72{s=HANDLING rs=COMPLETING os=OPEN is=READY awp=false se=false i=false al=0}
[DEBUG] action COMPLETE HttpChannelOverHttp@36eb5f45{s=HttpChannelState@23232c72{s=HANDLING rs=COMPLETING os=OPEN is=READY awp=false se=false i=false al=0},r=11,c=false/false,a=HANDLING,uri=//localhost:35372/EchoServlet,age=12}
[DEBUG] complete(org.eclipse.jetty.util.Callback$3@38845cfd) s=CLOSING,api=BLOCKED,sc=false,e=null s=false e=null, c=DirectByteBuffer@38e5eb8d[p=0,l=908,c=32768,r=908]={<<<<title>Webserver Environm...ue}</td></tr>\n</table>\n>>>-8</td></...gue. Pr}
[DEBUG] sendResponse info=null content=DirectByteBuffer@38e5eb8d[p=0,l=908,c=32768,r=908]={<<<<title>Webserver Environm...ue}</td></tr>\n</table>\n>>>-8</td></...gue. Pr} complete=true committing=true callback=org.eclipse.jetty.server.HttpOutput$WriteCompleteCB@2d0d0ca9
[DEBUG] COMMIT for /EchoServlet on HttpChannelOverHttp@36eb5f45{s=HttpChannelState@23232c72{s=HANDLING rs=COMPLETING os=COMMITTED is=READY awp=false se=false i=false al=0},r=11,c=false/false,a=HANDLING,uri=//localhost:35372/EchoServlet,age=12}
200 null HTTP/1.1
Date: Tue, 28 Sep 2021 06:03:32 GMT
Content-Type: text/html;charset=utf-8
Cache-Control: no-cache
Cache-Control: no-store


[DEBUG] generate: NEED_HEADER for SendCallback@410c6bef[PROCESSING][i=HTTP/1.1{s=200,h=4,cl=-1},cb=org.eclipse.jetty.server.HttpChannel$SendCallback@4b485c68] (null,[p=0,l=908,c=32768,r=908],true)@START
[DEBUG] generateHeaders HTTP/1.1{s=200,h=4,cl=-1} last=true content=DirectByteBuffer@38e5eb8d[p=0,l=908,c=32768,r=908]={<<<<title>Webserver Environm...ue}</td></tr>\n</table>\n>>>-8</td></...gue. Pr}
[DEBUG] Date: Tue, 28 Sep 2021 06:03:32 GMT
Content-Type: text/html;charset=utf-8
Cache-Control: no-cache
Cache-Control: no-store


[DEBUG] CONTENT_LENGTH
[DEBUG] generate: FLUSH for SendCallback@410c6bef[PROCESSING][i=HTTP/1.1{s=200,h=4,cl=-1},cb=org.eclipse.jetty.server.HttpChannel$SendCallback@4b485c68] ([p=0,l=199,c=8192,r=199],[p=0,l=908,c=32768,r=908],true)@COMPLETING
[DEBUG] write: WriteFlusher@2071150d{IDLE}->null [HeapByteBuffer@2a66826a[p=0,l=199,c=8192,r=199]={<<<HTTP/1.1 200 OK\r\nDate: Tu...y(9.4.43.v20210629)\r\n\r\n>>>\nHost: lo...\x86&h\xA0{\xC1\xC2},DirectByteBuffer@38e5eb8d[p=0,l=908,c=32768,r=908]={<<<<title>Webserver Environm...ue}</td></tr>\n</table>\n>>>-8</td></...gue. Pr}]
[DEBUG] update WriteFlusher@2071150d{WRITING}->null:IDLE-->WRITING
]]></system-out>
  </testcase>
  <testcase name="combinesSameHeadersWithComma" classname="org.jsoup.integration.ConnectTest" time="0.013">
    <system-out><![CDATA[[DEBUG] flushed 1107 SocketChannelEndPoint@3d491fad{l=/127.0.0.1:35372,r=/127.0.0.1:60190,OPEN,fill=-,flush=W,to=23/30000}{io=0/0,kio=0,kro=1}->HttpConnection@3e7171e5[p=HttpParser{s=END,11 of 11},g=HttpGenerator@274dcaa5{s=COMPLETING}]=>HttpChannelOverHttp@36eb5f45{s=HttpChannelState@23232c72{s=HANDLING rs=COMPLETING os=COMMITTED is=READY awp=false se=false i=false al=0},r=11,c=false/false,a=HANDLING,uri=//localhost:35372/EchoServlet,age=20}
[DEBUG] Flushed=true written=1107 remaining=0 WriteFlusher@2071150d{WRITING}->null
[DEBUG] update WriteFlusher@2071150d{IDLE}->null:WRITING-->IDLE
[DEBUG] generate: DONE for SendCallback@410c6bef[PROCESSING][i=HTTP/1.1{s=200,h=4,cl=-1},cb=org.eclipse.jetty.server.HttpChannel$SendCallback@4b485c68] ([p=199,l=199,c=8192,r=0],[p=908,l=908,c=32768,r=0],true)@END
[DEBUG] onWriteComplete(true,null) s=CLOSING,api=BLOCKED,sc=false,e=null->s=CLOSED,api=BLOCKING,sc=false,e=null c=null cb=org.eclipse.jetty.util.Callback$3@38845cfd w=false
[DEBUG] completed HttpChannelState@23232c72{s=HANDLING rs=COMPLETING os=COMPLETED is=READY awp=false se=false i=false al=0}
[DEBUG] unhandle HttpChannelState@23232c72{s=HANDLING rs=COMPLETED os=COMPLETED is=READY awp=false se=false i=false al=0}
[DEBUG] nextAction(false) TERMINATED HttpChannelState@23232c72{s=IDLE rs=COMPLETED os=COMPLETED is=READY awp=false se=false i=false al=0}
[DEBUG] action TERMINATED HttpChannelOverHttp@36eb5f45{s=HttpChannelState@23232c72{s=IDLE rs=COMPLETED os=COMPLETED is=READY awp=false se=false i=false al=0},r=11,c=true/true,a=IDLE,uri=//localhost:35372/EchoServlet,age=21}
[DEBUG] onCompleted for /EchoServlet written=908
[DEBUG] recycle HttpChannelState@23232c72{s=IDLE rs=COMPLETED os=COMPLETED is=READY awp=false se=false i=false al=0}
[DEBUG] reset HttpParser{s=END,11 of 11}
[DEBUG] END --> START
[DEBUG] !handle TERMINATED HttpChannelOverHttp@36eb5f45{s=HttpChannelState@23232c72{s=IDLE rs=BLOCKING os=OPEN is=IDLE awp=false se=false i=true al=0},r=11,c=false/false,a=IDLE,uri=null,age=0}
[DEBUG] filled 290 HeapByteBuffer@460916c[p=0,l=290,c=8192,r=290]={<<<GET /EchoServlet HTTP/1.1...nection: keep-alive\r\n\r\n>>>ction: ke...\x00\x00\x00\x00\x00\x00\x00}
[DEBUG] HttpConnection@3e7171e5::SocketChannelEndPoint@3d491fad{l=/127.0.0.1:35372,r=/127.0.0.1:60190,OPEN,fill=-,flush=-,to=0/30000}{io=0/0,kio=0,kro=1}->HttpConnection@3e7171e5[p=HttpParser{s=START,0 of -1},g=HttpGenerator@274dcaa5{s=START}]=>HttpChannelOverHttp@36eb5f45{s=HttpChannelState@23232c72{s=IDLE rs=BLOCKING os=OPEN is=IDLE awp=false se=false i=true al=0},r=11,c=false/false,a=IDLE,uri=null,age=0} filled 290 HeapByteBuffer@460916c[p=0,l=290,c=8192,r=290]={<<<GET /EchoServlet HTTP/1.1...nection: keep-alive\r\n\r\n>>>ction: ke...\x00\x00\x00\x00\x00\x00\x00}
[DEBUG] HttpConnection@3e7171e5::SocketChannelEndPoint@3d491fad{l=/127.0.0.1:35372,r=/127.0.0.1:60190,OPEN,fill=-,flush=-,to=0/30000}{io=0/0,kio=0,kro=1}->HttpConnection@3e7171e5[p=HttpParser{s=START,0 of -1},g=HttpGenerator@274dcaa5{s=START}]=>HttpChannelOverHttp@36eb5f45{s=HttpChannelState@23232c72{s=IDLE rs=BLOCKING os=OPEN is=IDLE awp=false se=false i=true al=0},r=11,c=false/false,a=IDLE,uri=null,age=0} parse HeapByteBuffer@460916c[p=0,l=290,c=8192,r=290]={<<<GET /EchoServlet HTTP/1.1...nection: keep-alive\r\n\r\n>>>ction: ke...\x00\x00\x00\x00\x00\x00\x00} {}
[DEBUG] parseNext s=START HeapByteBuffer@460916c[p=0,l=290,c=8192,r=290]={<<<GET /EchoServlet HTTP/1.1...nection: keep-alive\r\n\r\n>>>ction: ke...\x00\x00\x00\x00\x00\x00\x00}
[DEBUG] START --> SPACE1
[DEBUG] SPACE1 --> URI
[DEBUG] URI --> SPACE2
[DEBUG] SPACE2 --> REQUEST_VERSION
[DEBUG] REQUEST_VERSION --> HEADER
[DEBUG] HEADER:Accept-Encoding: gzip --> IN_VALUE
[DEBUG] HEADER:Accept-Encoding: gzip --> FIELD
[DEBUG] HEADER:User-Agent: Mozilla/5.0 (Windows NT 10.0; Win64; x64) AppleWebKit/537.36 (KHTML, like Gecko) Chrome/79.0.3945.130 Safari/537.36 --> IN_VALUE
[DEBUG] HEADER:User-Agent: Mozilla/5.0 (Windows NT 10.0; Win64; x64) AppleWebKit/537.36 (KHTML, like Gecko) Chrome/79.0.3945.130 Safari/537.36 --> FIELD
[DEBUG] HEADER:Host: localhost:35372 --> IN_VALUE
[DEBUG] HEADER:Host: localhost:35372 --> FIELD
[DEBUG] HEADER:Accept: text/html, image/gif, image/jpeg, *; q=.2, */*; q=.2 --> IN_VALUE
[DEBUG] HEADER:Accept: text/html, image/gif, image/jpeg, *; q=.2, */*; q=.2 --> FIELD
[DEBUG] HEADER:Connection: keep-alive --> IN_VALUE
[DEBUG] HEADER:Connection: keep-alive --> FIELD
[DEBUG] HEADER --> CONTENT
[DEBUG] REQUEST for //localhost:35372/EchoServlet on HttpChannelOverHttp@36eb5f45{s=HttpChannelState@23232c72{s=IDLE rs=BLOCKING os=OPEN is=IDLE awp=false se=false i=true al=0},r=12,c=false/false,a=IDLE,uri=//localhost:35372/EchoServlet,age=0}
GET //localhost:35372/EchoServlet HTTP/1.1
Accept-Encoding: gzip
User-Agent: Mozilla/5.0 (Windows NT 10.0; Win64; x64) AppleWebKit/537.36 (KHTML, like Gecko) Chrome/79.0.3945.130 Safari/537.36
Host: localhost:35372
Accept: text/html, image/gif, image/jpeg, *; q=.2, */*; q=.2
Connection: keep-alive


[DEBUG] HttpConnection@3e7171e5::SocketChannelEndPoint@3d491fad{l=/127.0.0.1:35372,r=/127.0.0.1:60190,OPEN,fill=-,flush=-,to=0/30000}{io=0/0,kio=0,kro=1}->HttpConnection@3e7171e5[p=HttpParser{s=CONTENT,0 of -1},g=HttpGenerator@274dcaa5{s=START}]=>HttpChannelOverHttp@36eb5f45{s=HttpChannelState@23232c72{s=IDLE rs=BLOCKING os=OPEN is=IDLE awp=false se=false i=true al=0},r=12,c=false/false,a=IDLE,uri=//localhost:35372/EchoServlet,age=1} parsed true HttpParser{s=CONTENT,0 of -1}
[DEBUG] releaseRequestBuffer HttpConnection@3e7171e5::SocketChannelEndPoint@3d491fad{l=/127.0.0.1:35372,r=/127.0.0.1:60190,OPEN,fill=-,flush=-,to=0/30000}{io=0/0,kio=0,kro=1}->HttpConnection@3e7171e5[p=HttpParser{s=CONTENT,0 of -1},g=HttpGenerator@274dcaa5{s=START}]=>HttpChannelOverHttp@36eb5f45{s=HttpChannelState@23232c72{s=IDLE rs=BLOCKING os=OPEN is=IDLE awp=false se=false i=true al=0},r=12,c=false/false,a=IDLE,uri=//localhost:35372/EchoServlet,age=1}
[DEBUG] handle //localhost:35372/EchoServlet HttpChannelOverHttp@36eb5f45{s=HttpChannelState@23232c72{s=IDLE rs=BLOCKING os=OPEN is=IDLE awp=false se=false i=true al=0},r=12,c=false/false,a=IDLE,uri=//localhost:35372/EchoServlet,age=1} 
[DEBUG] handling HttpChannelState@23232c72{s=IDLE rs=BLOCKING os=OPEN is=IDLE awp=false se=false i=true al=0}
[DEBUG] action DISPATCH HttpChannelOverHttp@36eb5f45{s=HttpChannelState@23232c72{s=HANDLING rs=BLOCKING os=OPEN is=IDLE awp=false se=false i=true al=0},r=12,c=false/false,a=HANDLING,uri=//localhost:35372/EchoServlet,age=1}
[DEBUG] REQUEST GET /EchoServlet on HttpChannelOverHttp@36eb5f45{s=HttpChannelState@23232c72{s=HANDLING rs=BLOCKING os=OPEN is=IDLE awp=false se=false i=true al=0},r=12,c=false/false,a=HANDLING,uri=//localhost:35372/EchoServlet,age=1}
[DEBUG] servlet null|/EchoServlet|null -> org.jsoup.integration.servlets.EchoServlet-60d1a32f==org.jsoup.integration.servlets.EchoServlet@1f7ecb09{jsp=null,order=-1,inst=true,async=true,src=EMBEDDED:null,STARTED}
[DEBUG] chain=null
[DEBUG] write(array HeapByteBuffer@6df27708[p=0,l=235,c=512,r=235]={<<<<title>Webserver Environm...\n    <table border="0">>>>\x00\x00\x00\x00\x00\x00\x00\x00\x00...\x00\x00\x00\x00\x00\x00\x00})
[DEBUG] write(array) s=OPEN,api=BLOCKING,sc=false,e=null aggregated !flush DirectByteBuffer@67223954[p=0,l=235,c=32768,r=235]={<<<<title>Webserver Environm...\n    <table border="0">>>>\n\x11\x01\xFf\xC4\x00\x1f\x00\x00...gue. Pr}
[DEBUG] write(array HeapByteBuffer@770badff[p=0,l=36,c=512,r=36]={<<<<tr><th>Method</th><td>GET</td></tr>>>>es</title...\x00\x00\x00\x00\x00\x00\x00})
[DEBUG] write(array) s=OPEN,api=BLOCKING,sc=false,e=null aggregated !flush DirectByteBuffer@67223954[p=0,l=271,c=32768,r=271]={<<<<title>Webserver Environm...d</th><td>GET</td></tr>>>>\xFf\xC4\x00\xB5\x10\x00\x02\x01\x03...gue. Pr}
[DEBUG] write(array HeapByteBuffer@32269ff3[p=0,l=1,c=512,r=1]={<<<\n>>>tr><th>Me...\x00\x00\x00\x00\x00\x00\x00})
[DEBUG] write(array) s=OPEN,api=BLOCKING,sc=false,e=null aggregated !flush DirectByteBuffer@67223954[p=0,l=272,c=32768,r=272]={<<<<title>Webserver Environm...</th><td>GET</td></tr>\n>>>\xC4\x00\xB5\x10\x00\x02\x01\x03\x03...gue. Pr}
[DEBUG] write(array HeapByteBuffer@3b043ec3[p=0,l=50,c=512,r=50]={<<<<tr><th>Request URI</th><...>/EchoServlet</td></tr>>>> <style t...\x00\x00\x00\x00\x00\x00\x00})
[DEBUG] write(array) s=OPEN,api=BLOCKING,sc=false,e=null aggregated !flush DirectByteBuffer@67223954[p=0,l=322,c=32768,r=322]={<<<<title>Webserver Environm...>/EchoServlet</td></tr>>>>\xD1\xF0$3br\x82\t\n...gue. Pr}
[DEBUG] write(array HeapByteBuffer@45b0449c[p=0,l=1,c=512,r=1]={<<<\n>>>tr><th>Re...\x00\x00\x00\x00\x00\x00\x00})
[DEBUG] write(array) s=OPEN,api=BLOCKING,sc=false,e=null aggregated !flush DirectByteBuffer@67223954[p=0,l=323,c=32768,r=323]={<<<<title>Webserver Environm.../EchoServlet</td></tr>\n>>>\xF0$3br\x82\t\n\x16...gue. Pr}
[DEBUG] write(array HeapByteBuffer@6f7e6d80[p=0,l=39,c=512,r=39]={<<<<tr><th>Query String</th><td></td></tr>>>>t</td></t...\x00\x00\x00\x00\x00\x00\x00})
[DEBUG] write(array) s=OPEN,api=BLOCKING,sc=false,e=null aggregated !flush DirectByteBuffer@67223954[p=0,l=362,c=32768,r=362]={<<<<title>Webserver Environm...ring</th><td></td></tr>>>>XYZcdefgh...gue. Pr}
[DEBUG] write(array HeapByteBuffer@6921be9b[p=0,l=1,c=512,r=1]={<<<\n>>>tr><th>Qu...\x00\x00\x00\x00\x00\x00\x00})
[DEBUG] write(array) s=OPEN,api=BLOCKING,sc=false,e=null aggregated !flush DirectByteBuffer@67223954[p=0,l=363,c=32768,r=363]={<<<<title>Webserver Environm...ing</th><td></td></tr>\n>>>YZcdefghi...gue. Pr}
[DEBUG] write(array HeapByteBuffer@73c9775a[p=0,l=85,c=512,r=85]={<<<<tr><th>Accept</th><td>te....2, */*; q=.2</td></tr>>>>, td, th ...\x00\x00\x00\x00\x00\x00\x00})
[DEBUG] write(array) s=OPEN,api=BLOCKING,sc=false,e=null aggregated !flush DirectByteBuffer@67223954[p=0,l=448,c=32768,r=448]={<<<<title>Webserver Environm....2, */*; q=.2</td></tr>>>>\xF5\xF6\xF7\xF8\xF9\xFa\xFf\xC4\x00...gue. Pr}
[DEBUG] write(array HeapByteBuffer@341a591b[p=0,l=1,c=512,r=1]={<<<\n>>>tr><th>Ac...\x00\x00\x00\x00\x00\x00\x00})
[DEBUG] write(array) s=OPEN,api=BLOCKING,sc=false,e=null aggregated !flush DirectByteBuffer@67223954[p=0,l=449,c=32768,r=449]={<<<<title>Webserver Environm...2, */*; q=.2</td></tr>\n>>>\xF6\xF7\xF8\xF9\xFa\xFf\xC4\x00\x1f...gue. Pr}
[DEBUG] write(array HeapByteBuffer@28943075[p=0,l=152,c=512,r=152]={<<<<tr><th>User-Agent</th><t...Safari/537.36</td></tr>>>>      th ...\x00\x00\x00\x00\x00\x00\x00})
[DEBUG] write(array) s=OPEN,api=BLOCKING,sc=false,e=null aggregated !flush DirectByteBuffer@67223954[p=0,l=601,c=32768,r=601]={<<<<title>Webserver Environm...Safari/537.36</td></tr>>>>\x85\x86\x87\x88\x89\x8a\x92\x93\x94...gue. Pr}
[DEBUG] write(array HeapByteBuffer@4ca5869a[p=0,l=1,c=512,r=1]={<<<\n>>>tr><th>Us...\x00\x00\x00\x00\x00\x00\x00})
[DEBUG] write(array) s=OPEN,api=BLOCKING,sc=false,e=null aggregated !flush DirectByteBuffer@67223954[p=0,l=602,c=32768,r=602]={<<<<title>Webserver Environm...afari/537.36</td></tr>\n>>>\x86\x87\x88\x89\x8a\x92\x93\x94\x95...gue. Pr}
[DEBUG] write(array HeapByteBuffer@746e4bf3[p=0,l=47,c=512,r=47]={<<<<tr><th>Connection</th><td>keep-alive</td></tr>>>> NT 10.0;...\x00\x00\x00\x00\x00\x00\x00})
[DEBUG] write(array) s=OPEN,api=BLOCKING,sc=false,e=null aggregated !flush DirectByteBuffer@67223954[p=0,l=649,c=32768,r=649]={<<<<title>Webserver Environm...td>keep-alive</td></tr>>>>\xD8\xD9\xDa\xE2\xE3\xE4\xE5\xE6\xE7...gue. Pr}
[DEBUG] write(array HeapByteBuffer@12da16e4[p=0,l=1,c=512,r=1]={<<<\n>>>tr><th>Co...\x00\x00\x00\x00\x00\x00\x00})
[DEBUG] write(array) s=OPEN,api=BLOCKING,sc=false,e=null aggregated !flush DirectByteBuffer@67223954[p=0,l=650,c=32768,r=650]={<<<<title>Webserver Environm...d>keep-alive</td></tr>\n>>>\xD9\xDa\xE2\xE3\xE4\xE5\xE6\xE7\xE8...gue. Pr}
[DEBUG] write(array HeapByteBuffer@1b449b52[p=0,l=46,c=512,r=46]={<<<<tr><th>Host</th><td>localhost:35372</td></tr>>>>> NT 10.0...\x00\x00\x00\x00\x00\x00\x00})
[DEBUG] write(array) s=OPEN,api=BLOCKING,sc=false,e=null aggregated !flush DirectByteBuffer@67223954[p=0,l=696,c=32768,r=696]={<<<<title>Webserver Environm...calhost:35372</td></tr>>>>\xC9\xE2\x88|)\xA55\xC3[...gue. Pr}
[DEBUG] write(array HeapByteBuffer@7b354ff6[p=0,l=1,c=512,r=1]={<<<\n>>>tr><th>Ho...\x00\x00\x00\x00\x00\x00\x00})
[DEBUG] write(array) s=OPEN,api=BLOCKING,sc=false,e=null aggregated !flush DirectByteBuffer@67223954[p=0,l=697,c=32768,r=697]={<<<<title>Webserver Environm...alhost:35372</td></tr>\n>>>\xE2\x88|)\xA55\xC3[G...gue. Pr}
[DEBUG] write(array HeapByteBuffer@7d02a2b0[p=0,l=46,c=512,r=46]={<<<<tr><th>Accept-Encoding</th><td>gzip</td></tr>>>>> NT 10.0...\x00\x00\x00\x00\x00\x00\x00})
[DEBUG] write(array) s=OPEN,api=BLOCKING,sc=false,e=null aggregated !flush DirectByteBuffer@67223954[p=0,l=743,c=32768,r=743]={<<<<title>Webserver Environm...</th><td>gzip</td></tr>>>>-o'6\xF1\xC2\xEa\x1a\xDe...gue. Pr}
[DEBUG] write(array HeapByteBuffer@3fadf6c2[p=0,l=1,c=512,r=1]={<<<\n>>>tr><th>Ac...\x00\x00\x00\x00\x00\x00\x00})
[DEBUG] write(array) s=OPEN,api=BLOCKING,sc=false,e=null aggregated !flush DirectByteBuffer@67223954[p=0,l=744,c=32768,r=744]={<<<<title>Webserver Environm.../th><td>gzip</td></tr>\n>>>o'6\xF1\xC2\xEa\x1a\xDe\x13...gue. Pr}
[DEBUG] filled 0 HeapByteBuffer@1ef04a69[p=0,l=0,c=8192,r=0]={<<<>>>POST /Ech...\x00\x00\x00\x00\x00\x00\x00}
[DEBUG] filled 0 HeapByteBuffer@1ef04a69[p=0,l=0,c=8192,r=0]={<<<>>>POST /Ech...\x00\x00\x00\x00\x00\x00\x00}
[DEBUG] HttpConnection@3e7171e5::SocketChannelEndPoint@3d491fad{l=/127.0.0.1:35372,r=/127.0.0.1:60190,OPEN,fill=-,flush=-,to=2/30000}{io=0/0,kio=0,kro=1}->HttpConnection@3e7171e5[p=HttpParser{s=CONTENT,0 of -1},g=HttpGenerator@274dcaa5{s=START}]=>HttpChannelOverHttp@36eb5f45{s=HttpChannelState@23232c72{s=HANDLING rs=BLOCKING os=OPEN is=IDLE awp=false se=false i=true al=0},r=12,c=false/false,a=HANDLING,uri=//localhost:35372/EchoServlet,age=3} filled 0 HeapByteBuffer@1ef04a69[p=0,l=0,c=8192,r=0]={<<<>>>POST /Ech...\x00\x00\x00\x00\x00\x00\x00}
[DEBUG] HttpConnection@3e7171e5::SocketChannelEndPoint@3d491fad{l=/127.0.0.1:35372,r=/127.0.0.1:60190,OPEN,fill=-,flush=-,to=2/30000}{io=0/0,kio=0,kro=1}->HttpConnection@3e7171e5[p=HttpParser{s=CONTENT,0 of -1},g=HttpGenerator@274dcaa5{s=START}]=>HttpChannelOverHttp@36eb5f45{s=HttpChannelState@23232c72{s=HANDLING rs=BLOCKING os=OPEN is=IDLE awp=false se=false i=true al=0},r=12,c=false/false,a=HANDLING,uri=//localhost:35372/EchoServlet,age=3} parse HeapByteBuffer@1ef04a69[p=0,l=0,c=8192,r=0]={<<<>>>POST /Ech...\x00\x00\x00\x00\x00\x00\x00} {}
[DEBUG] parseNext s=CONTENT HeapByteBuffer@1ef04a69[p=0,l=0,c=8192,r=0]={<<<>>>POST /Ech...\x00\x00\x00\x00\x00\x00\x00}
[DEBUG] CONTENT --> CONTENT_END
[DEBUG] onContentComplete HttpChannelOverHttp@36eb5f45{s=HttpChannelState@23232c72{s=HANDLING rs=BLOCKING os=OPEN is=IDLE awp=false se=false i=true al=0},r=12,c=false/false,a=HANDLING,uri=//localhost:35372/EchoServlet,age=3}
[DEBUG] CONTENT_END --> END
[DEBUG] onRequestComplete HttpChannelOverHttp@36eb5f45{s=HttpChannelState@23232c72{s=HANDLING rs=BLOCKING os=OPEN is=IDLE awp=false se=false i=true al=0},r=12,c=false/false,a=HANDLING,uri=//localhost:35372/EchoServlet,age=3}
[DEBUG] HttpInputOverHTTP@376cf161[c=0,q=0,[0]=null,s=STREAM] addContent EOF
[DEBUG] HttpConnection@3e7171e5::SocketChannelEndPoint@3d491fad{l=/127.0.0.1:35372,r=/127.0.0.1:60190,OPEN,fill=-,flush=-,to=3/30000}{io=0/0,kio=0,kro=1}->HttpConnection@3e7171e5[p=HttpParser{s=END,0 of -1},g=HttpGenerator@274dcaa5{s=START}]=>HttpChannelOverHttp@36eb5f45{s=HttpChannelState@23232c72{s=HANDLING rs=BLOCKING os=OPEN is=IDLE awp=false se=false i=true al=0},r=12,c=false/false,a=HANDLING,uri=//localhost:35372/EchoServlet,age=3} parsed false HttpParser{s=END,0 of -1}
[DEBUG] releaseRequestBuffer HttpConnection@3e7171e5::SocketChannelEndPoint@3d491fad{l=/127.0.0.1:35372,r=/127.0.0.1:60190,OPEN,fill=-,flush=-,to=3/30000}{io=0/0,kio=0,kro=1}->HttpConnection@3e7171e5[p=HttpParser{s=END,0 of -1},g=HttpGenerator@274dcaa5{s=START}]=>HttpChannelOverHttp@36eb5f45{s=HttpChannelState@23232c72{s=HANDLING rs=BLOCKING os=OPEN is=IDLE awp=false se=false i=true al=0},r=12,c=false/false,a=HANDLING,uri=//localhost:35372/EchoServlet,age=3}
[DEBUG] onEof HttpChannelState@23232c72{s=HANDLING rs=BLOCKING os=OPEN is=IDLE awp=false se=false i=true al=0}
[DEBUG] write(array HeapByteBuffer@8c746e[p=0,l=8,c=512,r=8]={<<<</table>>>>Accept-En...\x00\x00\x00\x00\x00\x00\x00})
[DEBUG] write(array) s=OPEN,api=BLOCKING,sc=false,e=null aggregated !flush DirectByteBuffer@67223954[p=0,l=752,c=32768,r=752]={<<<<title>Webserver Environm...gzip</td></tr>\n</table>>>>\x137\x99\x19S\xD4\x12\xA46...gue. Pr}
[DEBUG] write(array HeapByteBuffer@5117c176[p=0,l=1,c=512,r=1]={<<<\n>>>/table>Ac...\x00\x00\x00\x00\x00\x00\x00})
[DEBUG] write(array) s=OPEN,api=BLOCKING,sc=false,e=null aggregated !flush DirectByteBuffer@67223954[p=0,l=753,c=32768,r=753]={<<<<title>Webserver Environm...zip</td></tr>\n</table>\n>>>7\x99\x19S\xD4\x12\xA462...gue. Pr}
[DEBUG] handled=true async=false committed=false on HttpChannelOverHttp@36eb5f45{s=HttpChannelState@23232c72{s=HANDLING rs=BLOCKING os=OPEN is=READY awp=false se=false i=true al=0},r=12,c=false/false,a=HANDLING,uri=//localhost:35372/EchoServlet,age=3}
[DEBUG] unhandle HttpChannelState@23232c72{s=HANDLING rs=BLOCKING os=OPEN is=READY awp=false se=false i=true al=0}
[DEBUG] nextAction(false) COMPLETE HttpChannelState@23232c72{s=HANDLING rs=COMPLETING os=OPEN is=READY awp=false se=false i=false al=0}
[DEBUG] action COMPLETE HttpChannelOverHttp@36eb5f45{s=HttpChannelState@23232c72{s=HANDLING rs=COMPLETING os=OPEN is=READY awp=false se=false i=false al=0},r=12,c=false/false,a=HANDLING,uri=//localhost:35372/EchoServlet,age=4}
[DEBUG] complete(org.eclipse.jetty.util.Callback$3@3968eec6) s=CLOSING,api=BLOCKED,sc=false,e=null s=false e=null, c=DirectByteBuffer@67223954[p=0,l=753,c=32768,r=753]={<<<<title>Webserver Environm...zip</td></tr>\n</table>\n>>>7\x99\x19S\xD4\x12\xA462...gue. Pr}
[DEBUG] sendResponse info=null content=DirectByteBuffer@67223954[p=0,l=753,c=32768,r=753]={<<<<title>Webserver Environm...zip</td></tr>\n</table>\n>>>7\x99\x19S\xD4\x12\xA462...gue. Pr} complete=true committing=true callback=org.eclipse.jetty.server.HttpOutput$WriteCompleteCB@69a304cf
[DEBUG] COMMIT for /EchoServlet on HttpChannelOverHttp@36eb5f45{s=HttpChannelState@23232c72{s=HANDLING rs=COMPLETING os=COMMITTED is=READY awp=false se=false i=false al=0},r=12,c=false/false,a=HANDLING,uri=//localhost:35372/EchoServlet,age=4}
200 null HTTP/1.1
Date: Tue, 28 Sep 2021 06:03:32 GMT
Content-Type: text/html;charset=utf-8
Cache-Control: no-cache
Cache-Control: no-store


[DEBUG] generate: NEED_HEADER for SendCallback@410c6bef[PROCESSING][i=HTTP/1.1{s=200,h=4,cl=-1},cb=org.eclipse.jetty.server.HttpChannel$SendCallback@aef2291] (null,[p=0,l=753,c=32768,r=753],true)@START
[DEBUG] generateHeaders HTTP/1.1{s=200,h=4,cl=-1} last=true content=DirectByteBuffer@67223954[p=0,l=753,c=32768,r=753]={<<<<title>Webserver Environm...zip</td></tr>\n</table>\n>>>7\x99\x19S\xD4\x12\xA462...gue. Pr}
[DEBUG] Date: Tue, 28 Sep 2021 06:03:32 GMT
Content-Type: text/html;charset=utf-8
Cache-Control: no-cache
Cache-Control: no-store


[DEBUG] CONTENT_LENGTH
[DEBUG] generate: FLUSH for SendCallback@410c6bef[PROCESSING][i=HTTP/1.1{s=200,h=4,cl=-1},cb=org.eclipse.jetty.server.HttpChannel$SendCallback@aef2291] ([p=0,l=199,c=8192,r=199],[p=0,l=753,c=32768,r=753],true)@COMPLETING
[DEBUG] write: WriteFlusher@2071150d{IDLE}->null [HeapByteBuffer@2a66826a[p=0,l=199,c=8192,r=199]={<<<HTTP/1.1 200 OK\r\nDate: Tu...y(9.4.43.v20210629)\r\n\r\n>>>\nHost: lo...\x86&h\xA0{\xC1\xC2},DirectByteBuffer@67223954[p=0,l=753,c=32768,r=753]={<<<<title>Webserver Environm...zip</td></tr>\n</table>\n>>>7\x99\x19S\xD4\x12\xA462...gue. Pr}]
[DEBUG] update WriteFlusher@2071150d{WRITING}->null:IDLE-->WRITING
]]></system-out>
  </testcase>
  <testcase name="sendsRequestBodyJsonWithData" classname="org.jsoup.integration.ConnectTest" time="0.02">
    <system-out><![CDATA[[DEBUG] flushed 952 SocketChannelEndPoint@3d491fad{l=/127.0.0.1:35372,r=/127.0.0.1:60190,OPEN,fill=-,flush=W,to=17/30000}{io=0/0,kio=0,kro=1}->HttpConnection@3e7171e5[p=HttpParser{s=END,0 of -1},g=HttpGenerator@274dcaa5{s=COMPLETING}]=>HttpChannelOverHttp@36eb5f45{s=HttpChannelState@23232c72{s=HANDLING rs=COMPLETING os=COMMITTED is=READY awp=false se=false i=false al=0},r=12,c=false/false,a=HANDLING,uri=//localhost:35372/EchoServlet,age=18}
[DEBUG] Flushed=true written=952 remaining=0 WriteFlusher@2071150d{WRITING}->null
[DEBUG] update WriteFlusher@2071150d{IDLE}->null:WRITING-->IDLE
[DEBUG] generate: DONE for SendCallback@410c6bef[PROCESSING][i=HTTP/1.1{s=200,h=4,cl=-1},cb=org.eclipse.jetty.server.HttpChannel$SendCallback@aef2291] ([p=199,l=199,c=8192,r=0],[p=753,l=753,c=32768,r=0],true)@END
[DEBUG] onWriteComplete(true,null) s=CLOSING,api=BLOCKED,sc=false,e=null->s=CLOSED,api=BLOCKING,sc=false,e=null c=null cb=org.eclipse.jetty.util.Callback$3@3968eec6 w=false
[DEBUG] completed HttpChannelState@23232c72{s=HANDLING rs=COMPLETING os=COMPLETED is=READY awp=false se=false i=false al=0}
[DEBUG] unhandle HttpChannelState@23232c72{s=HANDLING rs=COMPLETED os=COMPLETED is=READY awp=false se=false i=false al=0}
[DEBUG] nextAction(false) TERMINATED HttpChannelState@23232c72{s=IDLE rs=COMPLETED os=COMPLETED is=READY awp=false se=false i=false al=0}
[DEBUG] action TERMINATED HttpChannelOverHttp@36eb5f45{s=HttpChannelState@23232c72{s=IDLE rs=COMPLETED os=COMPLETED is=READY awp=false se=false i=false al=0},r=12,c=true/true,a=IDLE,uri=//localhost:35372/EchoServlet,age=18}
[DEBUG] onCompleted for /EchoServlet written=753
[DEBUG] recycle HttpChannelState@23232c72{s=IDLE rs=COMPLETED os=COMPLETED is=READY awp=false se=false i=false al=0}
[DEBUG] reset HttpParser{s=END,0 of -1}
[DEBUG] END --> START
[DEBUG] !handle TERMINATED HttpChannelOverHttp@36eb5f45{s=HttpChannelState@23232c72{s=IDLE rs=BLOCKING os=OPEN is=IDLE awp=false se=false i=true al=0},r=12,c=false/false,a=IDLE,uri=null,age=0}
[DEBUG] filled 369 HeapByteBuffer@460916c[p=0,l=369,c=8192,r=369]={<<<POST /EchoServlet?foo=tru...ngth: 11\r\n\r\n{key:value}>>>ve\r\nConte...\x00\x00\x00\x00\x00\x00\x00}
[DEBUG] HttpConnection@3e7171e5::SocketChannelEndPoint@3d491fad{l=/127.0.0.1:35372,r=/127.0.0.1:60190,OPEN,fill=-,flush=-,to=0/30000}{io=0/0,kio=0,kro=1}->HttpConnection@3e7171e5[p=HttpParser{s=START,0 of -1},g=HttpGenerator@274dcaa5{s=START}]=>HttpChannelOverHttp@36eb5f45{s=HttpChannelState@23232c72{s=IDLE rs=BLOCKING os=OPEN is=IDLE awp=false se=false i=true al=0},r=12,c=false/false,a=IDLE,uri=null,age=0} filled 369 HeapByteBuffer@460916c[p=0,l=369,c=8192,r=369]={<<<POST /EchoServlet?foo=tru...ngth: 11\r\n\r\n{key:value}>>>ve\r\nConte...\x00\x00\x00\x00\x00\x00\x00}
[DEBUG] HttpConnection@3e7171e5::SocketChannelEndPoint@3d491fad{l=/127.0.0.1:35372,r=/127.0.0.1:60190,OPEN,fill=-,flush=-,to=0/30000}{io=0/0,kio=0,kro=1}->HttpConnection@3e7171e5[p=HttpParser{s=START,0 of -1},g=HttpGenerator@274dcaa5{s=START}]=>HttpChannelOverHttp@36eb5f45{s=HttpChannelState@23232c72{s=IDLE rs=BLOCKING os=OPEN is=IDLE awp=false se=false i=true al=0},r=12,c=false/false,a=IDLE,uri=null,age=0} parse HeapByteBuffer@460916c[p=0,l=369,c=8192,r=369]={<<<POST /EchoServlet?foo=tru...ngth: 11\r\n\r\n{key:value}>>>ve\r\nConte...\x00\x00\x00\x00\x00\x00\x00} {}
[DEBUG] parseNext s=START HeapByteBuffer@460916c[p=0,l=369,c=8192,r=369]={<<<POST /EchoServlet?foo=tru...ngth: 11\r\n\r\n{key:value}>>>ve\r\nConte...\x00\x00\x00\x00\x00\x00\x00}
[DEBUG] START --> SPACE1
[DEBUG] SPACE1 --> URI
[DEBUG] URI --> SPACE2
[DEBUG] SPACE2 --> REQUEST_VERSION
[DEBUG] REQUEST_VERSION --> HEADER
[DEBUG] HEADER:Accept-Encoding: gzip --> IN_VALUE
[DEBUG] HEADER:Accept-Encoding: gzip --> FIELD
[DEBUG] HEADER:Content-Type: application/json --> IN_VALUE
[DEBUG] HEADER:Content-Type: application/json --> FIELD
[DEBUG] HEADER:User-Agent: Mozilla/5.0 (Macintosh; Intel Mac OS X 10_11_4) AppleWebKit/537.36 (KHTML, like Gecko) Chrome/49.0.2623.112 Safari/537.36 --> IN_VALUE
[DEBUG] HEADER:User-Agent: Mozilla/5.0 (Macintosh; Intel Mac OS X 10_11_4) AppleWebKit/537.36 (KHTML, like Gecko) Chrome/49.0.2623.112 Safari/537.36 --> FIELD
[DEBUG] HEADER:Host: localhost:35372 --> IN_VALUE
[DEBUG] HEADER:Host: localhost:35372 --> FIELD
[DEBUG] HEADER:Accept: text/html, image/gif, image/jpeg, *; q=.2, */*; q=.2 --> IN_VALUE
[DEBUG] HEADER:Accept: text/html, image/gif, image/jpeg, *; q=.2, */*; q=.2 --> FIELD
[DEBUG] HEADER:Connection: keep-alive --> IN_VALUE
[DEBUG] HEADER:Connection: keep-alive --> FIELD
[DEBUG] HEADER:Content-Length --> VALUE
[DEBUG] HEADER:Content-Length --> IN_VALUE
[DEBUG] HEADER:Content-Length --> FIELD
[DEBUG] HEADER --> CONTENT
[DEBUG] REQUEST for //localhost:35372/EchoServlet?foo=true on HttpChannelOverHttp@36eb5f45{s=HttpChannelState@23232c72{s=IDLE rs=BLOCKING os=OPEN is=IDLE awp=false se=false i=true al=0},r=13,c=false/false,a=IDLE,uri=//localhost:35372/EchoServlet?foo=true,age=0}
POST //localhost:35372/EchoServlet?foo=true HTTP/1.1
Accept-Encoding: gzip
Content-Type: application/json
User-Agent: Mozilla/5.0 (Macintosh; Intel Mac OS X 10_11_4) AppleWebKit/537.36 (KHTML, like Gecko) Chrome/49.0.2623.112 Safari/537.36
Host: localhost:35372
Accept: text/html, image/gif, image/jpeg, *; q=.2, */*; q=.2
Connection: keep-alive
Content-Length: 11


[DEBUG] HttpConnection@3e7171e5::SocketChannelEndPoint@3d491fad{l=/127.0.0.1:35372,r=/127.0.0.1:60190,OPEN,fill=-,flush=-,to=3/30000}{io=0/0,kio=0,kro=1}->HttpConnection@3e7171e5[p=HttpParser{s=CONTENT,0 of 11},g=HttpGenerator@274dcaa5{s=START}]=>HttpChannelOverHttp@36eb5f45{s=HttpChannelState@23232c72{s=IDLE rs=BLOCKING os=OPEN is=IDLE awp=false se=false i=true al=0},r=13,c=false/false,a=IDLE,uri=//localhost:35372/EchoServlet?foo=true,age=0} parsed true HttpParser{s=CONTENT,0 of 11}
[DEBUG] handle //localhost:35372/EchoServlet?foo=true HttpChannelOverHttp@36eb5f45{s=HttpChannelState@23232c72{s=IDLE rs=BLOCKING os=OPEN is=IDLE awp=false se=false i=true al=0},r=13,c=false/false,a=IDLE,uri=//localhost:35372/EchoServlet?foo=true,age=0} 
[DEBUG] handling HttpChannelState@23232c72{s=IDLE rs=BLOCKING os=OPEN is=IDLE awp=false se=false i=true al=0}
[DEBUG] action DISPATCH HttpChannelOverHttp@36eb5f45{s=HttpChannelState@23232c72{s=HANDLING rs=BLOCKING os=OPEN is=IDLE awp=false se=false i=true al=0},r=13,c=false/false,a=HANDLING,uri=//localhost:35372/EchoServlet?foo=true,age=0}
[DEBUG] REQUEST POST /EchoServlet on HttpChannelOverHttp@36eb5f45{s=HttpChannelState@23232c72{s=HANDLING rs=BLOCKING os=OPEN is=IDLE awp=false se=false i=true al=0},r=13,c=false/false,a=HANDLING,uri=//localhost:35372/EchoServlet?foo=true,age=0}
[DEBUG] servlet null|/EchoServlet|null -> org.jsoup.integration.servlets.EchoServlet-60d1a32f==org.jsoup.integration.servlets.EchoServlet@1f7ecb09{jsp=null,order=-1,inst=true,async=true,src=EMBEDDED:null,STARTED}
[DEBUG] chain=null
[DEBUG] write(array HeapByteBuffer@659c4ecb[p=0,l=235,c=512,r=235]={<<<<title>Webserver Environm...\n    <table border="0">>>>\x00\x00\x00\x00\x00\x00\x00\x00\x00...\x00\x00\x00\x00\x00\x00\x00})
[DEBUG] write(array) s=OPEN,api=BLOCKING,sc=false,e=null aggregated !flush DirectByteBuffer@341ca971[p=0,l=235,c=32768,r=235]={<<<<title>Webserver Environm...\n    <table border="0">>>><tr><th>M...gue. Pr}
[DEBUG] write(array HeapByteBuffer@1b7c8260[p=0,l=37,c=512,r=37]={<<<<tr><th>Method</th><td>POST</td></tr>>>>s</title>...\x00\x00\x00\x00\x00\x00\x00})
[DEBUG] write(array) s=OPEN,api=BLOCKING,sc=false,e=null aggregated !flush DirectByteBuffer@341ca971[p=0,l=272,c=32768,r=272]={<<<<title>Webserver Environm...</th><td>POST</td></tr>>>>\n<tr><th>...gue. Pr}
[DEBUG] write(array HeapByteBuffer@6a8868bc[p=0,l=1,c=512,r=1]={<<<\n>>>tr><th>Me...\x00\x00\x00\x00\x00\x00\x00})
[DEBUG] write(array) s=OPEN,api=BLOCKING,sc=false,e=null aggregated !flush DirectByteBuffer@341ca971[p=0,l=273,c=32768,r=273]={<<<<title>Webserver Environm.../th><td>POST</td></tr>\n>>><tr><th>R...gue. Pr}
[DEBUG] write(array HeapByteBuffer@190024d6[p=0,l=50,c=512,r=50]={<<<<tr><th>Request URI</th><...>/EchoServlet</td></tr>>>> <style t...\x00\x00\x00\x00\x00\x00\x00})
[DEBUG] write(array) s=OPEN,api=BLOCKING,sc=false,e=null aggregated !flush DirectByteBuffer@341ca971[p=0,l=323,c=32768,r=323]={<<<<title>Webserver Environm...>/EchoServlet</td></tr>>>>\n<tr><th>...gue. Pr}
[DEBUG] write(array HeapByteBuffer@1e6dcb2b[p=0,l=1,c=512,r=1]={<<<\n>>>tr><th>Re...\x00\x00\x00\x00\x00\x00\x00})
[DEBUG] write(array) s=OPEN,api=BLOCKING,sc=false,e=null aggregated !flush DirectByteBuffer@341ca971[p=0,l=324,c=32768,r=324]={<<<<title>Webserver Environm.../EchoServlet</td></tr>\n>>><tr><th>Q...gue. Pr}
[DEBUG] write(array HeapByteBuffer@617d2504[p=0,l=47,c=512,r=47]={<<<<tr><th>Query String</th><td>foo=true</td></tr>>>>tr> <styl...\x00\x00\x00\x00\x00\x00\x00})
[DEBUG] write(array) s=OPEN,api=BLOCKING,sc=false,e=null aggregated !flush DirectByteBuffer@341ca971[p=0,l=371,c=32768,r=371]={<<<<title>Webserver Environm...><td>foo=true</td></tr>>>>>Accept</...gue. Pr}
[DEBUG] write(array HeapByteBuffer@48196c1f[p=0,l=1,c=512,r=1]={<<<\n>>>tr><th>Qu...\x00\x00\x00\x00\x00\x00\x00})
[DEBUG] write(array) s=OPEN,api=BLOCKING,sc=false,e=null aggregated !flush DirectByteBuffer@341ca971[p=0,l=372,c=32768,r=372]={<<<<title>Webserver Environm...<td>foo=true</td></tr>\n>>>Accept</t...gue. Pr}
[DEBUG] write(array HeapByteBuffer@50a7c75e[p=0,l=85,c=512,r=85]={<<<<tr><th>Accept</th><td>te....2, */*; q=.2</td></tr>>>>, td, th ...\x00\x00\x00\x00\x00\x00\x00})
[DEBUG] write(array) s=OPEN,api=BLOCKING,sc=false,e=null aggregated !flush DirectByteBuffer@341ca971[p=0,l=457,c=32768,r=457]={<<<<title>Webserver Environm....2, */*; q=.2</td></tr>>>>>User-Age...gue. Pr}
[DEBUG] write(array HeapByteBuffer@20e36af2[p=0,l=1,c=512,r=1]={<<<\n>>>tr><th>Ac...\x00\x00\x00\x00\x00\x00\x00})
[DEBUG] write(array) s=OPEN,api=BLOCKING,sc=false,e=null aggregated !flush DirectByteBuffer@341ca971[p=0,l=458,c=32768,r=458]={<<<<title>Webserver Environm...2, */*; q=.2</td></tr>\n>>>User-Agen...gue. Pr}
[DEBUG] write(array HeapByteBuffer@283e3eef[p=0,l=158,c=512,r=158]={<<<<tr><th>User-Agent</th><t...Safari/537.36</td></tr>>>>th {font-...\x00\x00\x00\x00\x00\x00\x00})
[DEBUG] write(array) s=OPEN,api=BLOCKING,sc=false,e=null aggregated !flush DirectByteBuffer@341ca971[p=0,l=616,c=32768,r=616]={<<<<title>Webserver Environm...Safari/537.36</td></tr>>>>>Connecti...gue. Pr}
[DEBUG] write(array HeapByteBuffer@2b44c663[p=0,l=1,c=512,r=1]={<<<\n>>>tr><th>Us...\x00\x00\x00\x00\x00\x00\x00})
[DEBUG] write(array) s=OPEN,api=BLOCKING,sc=false,e=null aggregated !flush DirectByteBuffer@341ca971[p=0,l=617,c=32768,r=617]={<<<<title>Webserver Environm...afari/537.36</td></tr>\n>>>Connectio...gue. Pr}
[DEBUG] write(array HeapByteBuffer@45b77962[p=0,l=47,c=512,r=47]={<<<<tr><th>Connection</th><td>keep-alive</td></tr>>>>sh; Intel...\x00\x00\x00\x00\x00\x00\x00})
[DEBUG] write(array) s=OPEN,api=BLOCKING,sc=false,e=null aggregated !flush DirectByteBuffer@341ca971[p=0,l=664,c=32768,r=664]={<<<<title>Webserver Environm...td>keep-alive</td></tr>>>>>Host</th...gue. Pr}
[DEBUG] write(array HeapByteBuffer@7e382fdc[p=0,l=1,c=512,r=1]={<<<\n>>>tr><th>Co...\x00\x00\x00\x00\x00\x00\x00})
[DEBUG] write(array) s=OPEN,api=BLOCKING,sc=false,e=null aggregated !flush DirectByteBuffer@341ca971[p=0,l=665,c=32768,r=665]={<<<<title>Webserver Environm...d>keep-alive</td></tr>\n>>>Host</th>...gue. Pr}
[DEBUG] write(array HeapByteBuffer@27a8bfb2[p=0,l=46,c=512,r=46]={<<<<tr><th>Host</th><td>localhost:35372</td></tr>>>>>sh; Inte...\x00\x00\x00\x00\x00\x00\x00})
[DEBUG] write(array) s=OPEN,api=BLOCKING,sc=false,e=null aggregated !flush DirectByteBuffer@341ca971[p=0,l=711,c=32768,r=711]={<<<<title>Webserver Environm...calhost:35372</td></tr>>>>>Accept-E...gue. Pr}
[DEBUG] write(array HeapByteBuffer@2a5202fa[p=0,l=1,c=512,r=1]={<<<\n>>>tr><th>Ho...\x00\x00\x00\x00\x00\x00\x00})
[DEBUG] write(array) s=OPEN,api=BLOCKING,sc=false,e=null aggregated !flush DirectByteBuffer@341ca971[p=0,l=712,c=32768,r=712]={<<<<title>Webserver Environm...alhost:35372</td></tr>\n>>>Accept-En...gue. Pr}
[DEBUG] write(array HeapByteBuffer@545012bb[p=0,l=46,c=512,r=46]={<<<<tr><th>Accept-Encoding</th><td>gzip</td></tr>>>>>sh; Inte...\x00\x00\x00\x00\x00\x00\x00})
[DEBUG] write(array) s=OPEN,api=BLOCKING,sc=false,e=null aggregated !flush DirectByteBuffer@341ca971[p=0,l=758,c=32768,r=758]={<<<<title>Webserver Environm...</th><td>gzip</td></tr>>>>>Content-...gue. Pr}
[DEBUG] write(array HeapByteBuffer@6b299122[p=0,l=1,c=512,r=1]={<<<\n>>>tr><th>Ac...\x00\x00\x00\x00\x00\x00\x00})
[DEBUG] write(array) s=OPEN,api=BLOCKING,sc=false,e=null aggregated !flush DirectByteBuffer@341ca971[p=0,l=759,c=32768,r=759]={<<<<title>Webserver Environm.../th><td>gzip</td></tr>\n>>>Content-L...gue. Pr}
[DEBUG] write(array HeapByteBuffer@99ee6da[p=0,l=43,c=512,r=43]={<<<<tr><th>Content-Length</th><td>11</td></tr>>>>tr>>sh; I...\x00\x00\x00\x00\x00\x00\x00})
[DEBUG] write(array) s=OPEN,api=BLOCKING,sc=false,e=null aggregated !flush DirectByteBuffer@341ca971[p=0,l=802,c=32768,r=802]={<<<<title>Webserver Environm...th</th><td>11</td></tr>>>>>Content-...gue. Pr}
[DEBUG] write(array HeapByteBuffer@336160c1[p=0,l=1,c=512,r=1]={<<<\n>>>tr><th>Co...\x00\x00\x00\x00\x00\x00\x00})
[DEBUG] write(array) s=OPEN,api=BLOCKING,sc=false,e=null aggregated !flush DirectByteBuffer@341ca971[p=0,l=803,c=32768,r=803]={<<<<title>Webserver Environm...h</th><td>11</td></tr>\n>>>Content-T...gue. Pr}
[DEBUG] write(array HeapByteBuffer@677069dc[p=0,l=55,c=512,r=55]={<<<<tr><th>Content-Type</th>...lication/json</td></tr>>>>l Mac OS ...\x00\x00\x00\x00\x00\x00\x00})
[DEBUG] write(array) s=OPEN,api=BLOCKING,sc=false,e=null aggregated !flush DirectByteBuffer@341ca971[p=0,l=858,c=32768,r=858]={<<<<title>Webserver Environm...lication/json</td></tr>>>>Data</th>...gue. Pr}
[DEBUG] write(array HeapByteBuffer@40f75491[p=0,l=1,c=512,r=1]={<<<\n>>>tr><th>Co...\x00\x00\x00\x00\x00\x00\x00})
[DEBUG] write(array) s=OPEN,api=BLOCKING,sc=false,e=null aggregated !flush DirectByteBuffer@341ca971[p=0,l=859,c=32768,r=859]={<<<<title>Webserver Environm...ication/json</td></tr>\n>>>ata</th><...gue. Pr}
[DEBUG] write(array HeapByteBuffer@3e21d263[p=0,l=34,c=512,r=34]={<<<<tr><th>foo</th><td>true</td></tr>>>>cation/js...\x00\x00\x00\x00\x00\x00\x00})
[DEBUG] write(array) s=OPEN,api=BLOCKING,sc=false,e=null aggregated !flush DirectByteBuffer@341ca971[p=0,l=893,c=32768,r=893]={<<<<title>Webserver Environm...</th><td>true</td></tr>>>></table>\n...gue. Pr}
[DEBUG] write(array HeapByteBuffer@67eca0e[p=0,l=1,c=512,r=1]={<<<\n>>>tr><th>fo...\x00\x00\x00\x00\x00\x00\x00})
[DEBUG] write(array) s=OPEN,api=BLOCKING,sc=false,e=null aggregated !flush DirectByteBuffer@341ca971[p=0,l=894,c=32768,r=894]={<<<<title>Webserver Environm.../th><td>true</td></tr>\n>>>/table>\nl...gue. Pr}
[DEBUG] HttpConnection@3e7171e5::SocketChannelEndPoint@3d491fad{l=/127.0.0.1:35372,r=/127.0.0.1:60190,OPEN,fill=-,flush=-,to=4/30000}{io=0/0,kio=0,kro=1}->HttpConnection@3e7171e5[p=HttpParser{s=CONTENT,0 of 11},g=HttpGenerator@274dcaa5{s=START}]=>HttpChannelOverHttp@36eb5f45{s=HttpChannelState@23232c72{s=HANDLING rs=BLOCKING os=OPEN is=IDLE awp=false se=false i=true al=0},r=13,c=false/false,a=HANDLING,uri=//localhost:35372/EchoServlet?foo=true,age=2} parse HeapByteBuffer@460916c[p=358,l=369,c=8192,r=11]={POST /Ech... 11\r\n\r\n<<<{key:value}>>>ve\r\nConte...\x00\x00\x00\x00\x00\x00\x00} {}
[DEBUG] parseNext s=CONTENT HeapByteBuffer@460916c[p=358,l=369,c=8192,r=11]={POST /Ech... 11\r\n\r\n<<<{key:value}>>>ve\r\nConte...\x00\x00\x00\x00\x00\x00\x00}
[DEBUG] onContent HttpChannelOverHttp@36eb5f45{s=HttpChannelState@23232c72{s=HANDLING rs=BLOCKING os=OPEN is=IDLE awp=false se=false i=true al=0},r=13,c=false/false,a=HANDLING,uri=//localhost:35372/EchoServlet?foo=true,age=2} Content@62246d94{HeapByteBufferR@180dfe9d[p=358,l=369,c=8192,r=11]={POST /Ech... 11\r\n\r\n<<<{key:value}>>>ve\r\nConte...\x00\x00\x00\x00\x00\x00\x00}}
[DEBUG] HttpInputOverHTTP@376cf161[c=0,q=0,[0]=null,s=STREAM] addContent Content@62246d94{HeapByteBufferR@180dfe9d[p=358,l=369,c=8192,r=11]={POST /Ech... 11\r\n\r\n<<<{key:value}>>>ve\r\nConte...\x00\x00\x00\x00\x00\x00\x00}}
[DEBUG] CONTENT --> CONTENT_END
[DEBUG] onContentComplete HttpChannelOverHttp@36eb5f45{s=HttpChannelState@23232c72{s=HANDLING rs=BLOCKING os=OPEN is=IDLE awp=false se=false i=true al=0},r=13,c=false/false,a=HANDLING,uri=//localhost:35372/EchoServlet?foo=true,age=2}
[DEBUG] CONTENT_END --> END
[DEBUG] onRequestComplete HttpChannelOverHttp@36eb5f45{s=HttpChannelState@23232c72{s=HANDLING rs=BLOCKING os=OPEN is=IDLE awp=false se=false i=true al=0},r=13,c=false/false,a=HANDLING,uri=//localhost:35372/EchoServlet?foo=true,age=2}
[DEBUG] HttpInputOverHTTP@376cf161[c=0,q=1,[0]=EOF,s=STREAM] addContent EOF
[DEBUG] HttpConnection@3e7171e5::SocketChannelEndPoint@3d491fad{l=/127.0.0.1:35372,r=/127.0.0.1:60190,OPEN,fill=-,flush=-,to=5/30000}{io=0/0,kio=0,kro=1}->HttpConnection@3e7171e5[p=HttpParser{s=END,11 of 11},g=HttpGenerator@274dcaa5{s=START}]=>HttpChannelOverHttp@36eb5f45{s=HttpChannelState@23232c72{s=HANDLING rs=BLOCKING os=OPEN is=IDLE awp=false se=false i=true al=0},r=13,c=false/false,a=HANDLING,uri=//localhost:35372/EchoServlet?foo=true,age=2} parsed false HttpParser{s=END,11 of 11}
[DEBUG] HttpInputOverHTTP@376cf161[c=11,q=1,[0]=EOF,s=STREAM] read 11 from Content@62246d94{HeapByteBufferR@180dfe9d[p=369,l=369,c=8192,r=0]={POST /Ech...:value}<<<>>>ve\r\nConte...\x00\x00\x00\x00\x00\x00\x00}}
[DEBUG] releaseRequestBuffer HttpConnection@3e7171e5::SocketChannelEndPoint@3d491fad{l=/127.0.0.1:35372,r=/127.0.0.1:60190,OPEN,fill=-,flush=-,to=5/30000}{io=0/0,kio=0,kro=1}->HttpConnection@3e7171e5[p=HttpParser{s=END,11 of 11},g=HttpGenerator@274dcaa5{s=START}]=>HttpChannelOverHttp@36eb5f45{s=HttpChannelState@23232c72{s=HANDLING rs=BLOCKING os=OPEN is=IDLE awp=false se=false i=true al=0},r=13,c=false/false,a=HANDLING,uri=//localhost:35372/EchoServlet?foo=true,age=3}
[DEBUG] onEof HttpChannelState@23232c72{s=HANDLING rs=BLOCKING os=OPEN is=IDLE awp=false se=false i=true al=0}
[DEBUG] write(array HeapByteBuffer@280f9535[p=0,l=47,c=512,r=47]={<<<<tr><th>Post Data</th><td>{key:value}</td></tr>>>>td></tr>l...\x00\x00\x00\x00\x00\x00\x00})
[DEBUG] write(array) s=OPEN,api=BLOCKING,sc=false,e=null aggregated !flush DirectByteBuffer@341ca971[p=0,l=941,c=32768,r=941]={<<<<title>Webserver Environm...d>{key:value}</td></tr>>>>oup, Jona...gue. Pr}
[DEBUG] write(array HeapByteBuffer@58510480[p=0,l=1,c=512,r=1]={<<<\n>>>tr><th>Po...\x00\x00\x00\x00\x00\x00\x00})
[DEBUG] write(array) s=OPEN,api=BLOCKING,sc=false,e=null aggregated !flush DirectByteBuffer@341ca971[p=0,l=942,c=32768,r=942]={<<<<title>Webserver Environm...>{key:value}</td></tr>\n>>>up, Jonat...gue. Pr}
[DEBUG] write(array HeapByteBuffer@19d88ad3[p=0,l=8,c=512,r=8]={<<<</table>>>>Post Data...\x00\x00\x00\x00\x00\x00\x00})
[DEBUG] write(array) s=OPEN,api=BLOCKING,sc=false,e=null aggregated !flush DirectByteBuffer@341ca971[p=0,l=950,c=32768,r=950]={<<<<title>Webserver Environm...lue}</td></tr>\n</table>>>>than</td>...gue. Pr}
[DEBUG] write(array HeapByteBuffer@6ed67663[p=0,l=1,c=512,r=1]={<<<\n>>>/table>Po...\x00\x00\x00\x00\x00\x00\x00})
[DEBUG] write(array) s=OPEN,api=BLOCKING,sc=false,e=null aggregated !flush DirectByteBuffer@341ca971[p=0,l=951,c=32768,r=951]={<<<<title>Webserver Environm...ue}</td></tr>\n</table>\n>>>han</td><...gue. Pr}
[DEBUG] handled=true async=false committed=false on HttpChannelOverHttp@36eb5f45{s=HttpChannelState@23232c72{s=HANDLING rs=BLOCKING os=OPEN is=READY awp=false se=false i=true al=0},r=13,c=false/false,a=HANDLING,uri=//localhost:35372/EchoServlet?foo=true,age=3}
[DEBUG] unhandle HttpChannelState@23232c72{s=HANDLING rs=BLOCKING os=OPEN is=READY awp=false se=false i=true al=0}
[DEBUG] nextAction(false) COMPLETE HttpChannelState@23232c72{s=HANDLING rs=COMPLETING os=OPEN is=READY awp=false se=false i=false al=0}
[DEBUG] action COMPLETE HttpChannelOverHttp@36eb5f45{s=HttpChannelState@23232c72{s=HANDLING rs=COMPLETING os=OPEN is=READY awp=false se=false i=false al=0},r=13,c=false/false,a=HANDLING,uri=//localhost:35372/EchoServlet?foo=true,age=3}
[DEBUG] complete(org.eclipse.jetty.util.Callback$3@3a24e0b1) s=CLOSING,api=BLOCKED,sc=false,e=null s=false e=null, c=DirectByteBuffer@341ca971[p=0,l=951,c=32768,r=951]={<<<<title>Webserver Environm...ue}</td></tr>\n</table>\n>>>han</td><...gue. Pr}
[DEBUG] sendResponse info=null content=DirectByteBuffer@341ca971[p=0,l=951,c=32768,r=951]={<<<<title>Webserver Environm...ue}</td></tr>\n</table>\n>>>han</td><...gue. Pr} complete=true committing=true callback=org.eclipse.jetty.server.HttpOutput$WriteCompleteCB@6a819671
[DEBUG] COMMIT for /EchoServlet on HttpChannelOverHttp@36eb5f45{s=HttpChannelState@23232c72{s=HANDLING rs=COMPLETING os=COMMITTED is=READY awp=false se=false i=false al=0},r=13,c=false/false,a=HANDLING,uri=//localhost:35372/EchoServlet?foo=true,age=3}
200 null HTTP/1.1
Date: Tue, 28 Sep 2021 06:03:32 GMT
Content-Type: text/html;charset=utf-8
Cache-Control: no-cache
Cache-Control: no-store


[DEBUG] generate: NEED_HEADER for SendCallback@410c6bef[PROCESSING][i=HTTP/1.1{s=200,h=4,cl=-1},cb=org.eclipse.jetty.server.HttpChannel$SendCallback@375217e0] (null,[p=0,l=951,c=32768,r=951],true)@START
[DEBUG] generateHeaders HTTP/1.1{s=200,h=4,cl=-1} last=true content=DirectByteBuffer@341ca971[p=0,l=951,c=32768,r=951]={<<<<title>Webserver Environm...ue}</td></tr>\n</table>\n>>>han</td><...gue. Pr}
[DEBUG] Date: Tue, 28 Sep 2021 06:03:32 GMT
Content-Type: text/html;charset=utf-8
Cache-Control: no-cache
Cache-Control: no-store


[DEBUG] CONTENT_LENGTH
[DEBUG] generate: FLUSH for SendCallback@410c6bef[PROCESSING][i=HTTP/1.1{s=200,h=4,cl=-1},cb=org.eclipse.jetty.server.HttpChannel$SendCallback@375217e0] ([p=0,l=199,c=8192,r=199],[p=0,l=951,c=32768,r=951],true)@COMPLETING
[DEBUG] write: WriteFlusher@2071150d{IDLE}->null [HeapByteBuffer@1ef04a69[p=0,l=199,c=8192,r=199]={<<<HTTP/1.1 200 OK\r\nDate: Tu...y(9.4.43.v20210629)\r\n\r\n>>>112 Safar...\x00\x00\x00\x00\x00\x00\x00},DirectByteBuffer@341ca971[p=0,l=951,c=32768,r=951]={<<<<title>Webserver Environm...ue}</td></tr>\n</table>\n>>>han</td><...gue. Pr}]
[DEBUG] update WriteFlusher@2071150d{WRITING}->null:IDLE-->WRITING
]]></system-out>
  </testcase>
  <testcase name="doesPostFor307" classname="org.jsoup.integration.ConnectTest" time="0.068">
    <system-out><![CDATA[[DEBUG] flushed 1150 SocketChannelEndPoint@3d491fad{l=/127.0.0.1:35372,r=/127.0.0.1:60190,OPEN,fill=-,flush=W,to=27/30000}{io=0/0,kio=0,kro=1}->HttpConnection@3e7171e5[p=HttpParser{s=END,11 of 11},g=HttpGenerator@274dcaa5{s=COMPLETING}]=>HttpChannelOverHttp@36eb5f45{s=HttpChannelState@23232c72{s=HANDLING rs=COMPLETING os=COMMITTED is=READY awp=false se=false i=false al=0},r=13,c=false/false,a=HANDLING,uri=//localhost:35372/EchoServlet?foo=true,age=25}
[DEBUG] Flushed=true written=1150 remaining=0 WriteFlusher@2071150d{WRITING}->null
[DEBUG] update WriteFlusher@2071150d{IDLE}->null:WRITING-->IDLE
[DEBUG] generate: DONE for SendCallback@410c6bef[PROCESSING][i=HTTP/1.1{s=200,h=4,cl=-1},cb=org.eclipse.jetty.server.HttpChannel$SendCallback@375217e0] ([p=199,l=199,c=8192,r=0],[p=951,l=951,c=32768,r=0],true)@END
[DEBUG] onWriteComplete(true,null) s=CLOSING,api=BLOCKED,sc=false,e=null->s=CLOSED,api=BLOCKING,sc=false,e=null c=null cb=org.eclipse.jetty.util.Callback$3@3a24e0b1 w=false
[DEBUG] completed HttpChannelState@23232c72{s=HANDLING rs=COMPLETING os=COMPLETED is=READY awp=false se=false i=false al=0}
[DEBUG] unhandle HttpChannelState@23232c72{s=HANDLING rs=COMPLETED os=COMPLETED is=READY awp=false se=false i=false al=0}
[DEBUG] nextAction(false) TERMINATED HttpChannelState@23232c72{s=IDLE rs=COMPLETED os=COMPLETED is=READY awp=false se=false i=false al=0}
[DEBUG] action TERMINATED HttpChannelOverHttp@36eb5f45{s=HttpChannelState@23232c72{s=IDLE rs=COMPLETED os=COMPLETED is=READY awp=false se=false i=false al=0},r=13,c=true/true,a=IDLE,uri=//localhost:35372/EchoServlet?foo=true,age=25}
[DEBUG] onCompleted for /EchoServlet written=951
[DEBUG] recycle HttpChannelState@23232c72{s=IDLE rs=COMPLETED os=COMPLETED is=READY awp=false se=false i=false al=0}
[DEBUG] reset HttpParser{s=END,11 of 11}
[DEBUG] END --> START
[DEBUG] !handle TERMINATED HttpChannelOverHttp@36eb5f45{s=HttpChannelState@23232c72{s=IDLE rs=BLOCKING os=OPEN is=IDLE awp=false se=false i=true al=0},r=13,c=false/false,a=IDLE,uri=null,age=0}
[DEBUG] filled 448 HeapByteBuffer@2a66826a[p=0,l=448,c=8192,r=448]={<<<POST /RedirectServlet HTT...%2FEchoServlet&code=307>>> form-dat...\x86&h\xA0{\xC1\xC2}
[DEBUG] HttpConnection@3e7171e5::SocketChannelEndPoint@3d491fad{l=/127.0.0.1:35372,r=/127.0.0.1:60190,OPEN,fill=-,flush=-,to=0/30000}{io=0/0,kio=0,kro=1}->HttpConnection@3e7171e5[p=HttpParser{s=START,0 of -1},g=HttpGenerator@274dcaa5{s=START}]=>HttpChannelOverHttp@36eb5f45{s=HttpChannelState@23232c72{s=IDLE rs=BLOCKING os=OPEN is=IDLE awp=false se=false i=true al=0},r=13,c=false/false,a=IDLE,uri=null,age=0} filled 448 HeapByteBuffer@2a66826a[p=0,l=448,c=8192,r=448]={<<<POST /RedirectServlet HTT...%2FEchoServlet&code=307>>> form-dat...\x86&h\xA0{\xC1\xC2}
[DEBUG] HttpConnection@3e7171e5::SocketChannelEndPoint@3d491fad{l=/127.0.0.1:35372,r=/127.0.0.1:60190,OPEN,fill=-,flush=-,to=0/30000}{io=0/0,kio=0,kro=1}->HttpConnection@3e7171e5[p=HttpParser{s=START,0 of -1},g=HttpGenerator@274dcaa5{s=START}]=>HttpChannelOverHttp@36eb5f45{s=HttpChannelState@23232c72{s=IDLE rs=BLOCKING os=OPEN is=IDLE awp=false se=false i=true al=0},r=13,c=false/false,a=IDLE,uri=null,age=0} parse HeapByteBuffer@2a66826a[p=0,l=448,c=8192,r=448]={<<<POST /RedirectServlet HTT...%2FEchoServlet&code=307>>> form-dat...\x86&h\xA0{\xC1\xC2} {}
[DEBUG] parseNext s=START HeapByteBuffer@2a66826a[p=0,l=448,c=8192,r=448]={<<<POST /RedirectServlet HTT...%2FEchoServlet&code=307>>> form-dat...\x86&h\xA0{\xC1\xC2}
[DEBUG] START --> SPACE1
[DEBUG] SPACE1 --> URI
[DEBUG] URI --> SPACE2
[DEBUG] SPACE2 --> REQUEST_VERSION
[DEBUG] REQUEST_VERSION --> HEADER
[DEBUG] HEADER:Accept-Encoding: gzip --> IN_VALUE
[DEBUG] HEADER:Accept-Encoding: gzip --> FIELD
[DEBUG] HEADER:User-Agent: Mozilla/5.0 (Windows NT 10.0; Win64; x64) AppleWebKit/537.36 (KHTML, like Gecko) Chrome/79.0.3945.130 Safari/537.36 --> IN_VALUE
[DEBUG] HEADER:User-Agent: Mozilla/5.0 (Windows NT 10.0; Win64; x64) AppleWebKit/537.36 (KHTML, like Gecko) Chrome/79.0.3945.130 Safari/537.36 --> FIELD
[DEBUG] HEADER:Content-Type: application/x-www-form-urlencoded; charset=UTF-8 --> IN_VALUE
[DEBUG] HEADER:Content-Type: application/x-www-form-urlencoded; charset=UTF-8 --> FIELD
[DEBUG] HEADER:Host: localhost:35372 --> IN_VALUE
[DEBUG] HEADER:Host: localhost:35372 --> FIELD
[DEBUG] HEADER:Accept: text/html, image/gif, image/jpeg, *; q=.2, */*; q=.2 --> IN_VALUE
[DEBUG] HEADER:Accept: text/html, image/gif, image/jpeg, *; q=.2, */*; q=.2 --> FIELD
[DEBUG] HEADER:Connection: keep-alive --> IN_VALUE
[DEBUG] HEADER:Connection: keep-alive --> FIELD
[DEBUG] HEADER:Content-Length --> VALUE
[DEBUG] HEADER:Content-Length --> IN_VALUE
[DEBUG] HEADER:Content-Length --> FIELD
[DEBUG] HEADER --> CONTENT
[DEBUG] REQUEST for //localhost:35372/RedirectServlet on HttpChannelOverHttp@36eb5f45{s=HttpChannelState@23232c72{s=IDLE rs=BLOCKING os=OPEN is=IDLE awp=false se=false i=true al=0},r=14,c=false/false,a=IDLE,uri=//localhost:35372/RedirectServlet,age=0}
POST //localhost:35372/RedirectServlet HTTP/1.1
Accept-Encoding: gzip
User-Agent: Mozilla/5.0 (Windows NT 10.0; Win64; x64) AppleWebKit/537.36 (KHTML, like Gecko) Chrome/79.0.3945.130 Safari/537.36
Content-Type: application/x-www-form-urlencoded; charset=UTF-8
Host: localhost:35372
Accept: text/html, image/gif, image/jpeg, *; q=.2, */*; q=.2
Connection: keep-alive
Content-Length: 69


[DEBUG] HttpConnection@3e7171e5::SocketChannelEndPoint@3d491fad{l=/127.0.0.1:35372,r=/127.0.0.1:60190,OPEN,fill=-,flush=-,to=0/30000}{io=0/0,kio=0,kro=1}->HttpConnection@3e7171e5[p=HttpParser{s=CONTENT,0 of 69},g=HttpGenerator@274dcaa5{s=START}]=>HttpChannelOverHttp@36eb5f45{s=HttpChannelState@23232c72{s=IDLE rs=BLOCKING os=OPEN is=IDLE awp=false se=false i=true al=0},r=14,c=false/false,a=IDLE,uri=//localhost:35372/RedirectServlet,age=0} parsed true HttpParser{s=CONTENT,0 of 69}
[DEBUG] handle //localhost:35372/RedirectServlet HttpChannelOverHttp@36eb5f45{s=HttpChannelState@23232c72{s=IDLE rs=BLOCKING os=OPEN is=IDLE awp=false se=false i=true al=0},r=14,c=false/false,a=IDLE,uri=//localhost:35372/RedirectServlet,age=0} 
[DEBUG] handling HttpChannelState@23232c72{s=IDLE rs=BLOCKING os=OPEN is=IDLE awp=false se=false i=true al=0}
[DEBUG] action DISPATCH HttpChannelOverHttp@36eb5f45{s=HttpChannelState@23232c72{s=HANDLING rs=BLOCKING os=OPEN is=IDLE awp=false se=false i=true al=0},r=14,c=false/false,a=HANDLING,uri=//localhost:35372/RedirectServlet,age=0}
[DEBUG] REQUEST POST /RedirectServlet on HttpChannelOverHttp@36eb5f45{s=HttpChannelState@23232c72{s=HANDLING rs=BLOCKING os=OPEN is=IDLE awp=false se=false i=true al=0},r=14,c=false/false,a=HANDLING,uri=//localhost:35372/RedirectServlet,age=0}
[DEBUG] servlet null|/RedirectServlet|null -> org.jsoup.integration.servlets.RedirectServlet-77bb0ab5==org.jsoup.integration.servlets.RedirectServlet@f84cd177{jsp=null,order=-1,inst=true,async=true,src=EMBEDDED:null,STARTED}
[DEBUG] chain=null
[DEBUG] HttpConnection@3e7171e5::SocketChannelEndPoint@3d491fad{l=/127.0.0.1:35372,r=/127.0.0.1:60190,OPEN,fill=-,flush=-,to=1/30000}{io=0/0,kio=0,kro=1}->HttpConnection@3e7171e5[p=HttpParser{s=CONTENT,0 of 69},g=HttpGenerator@274dcaa5{s=START}]=>HttpChannelOverHttp@36eb5f45{s=HttpChannelState@23232c72{s=HANDLING rs=BLOCKING os=OPEN is=IDLE awp=false se=false i=true al=0},r=14,c=false/false,a=HANDLING,uri=//localhost:35372/RedirectServlet,age=0} parse HeapByteBuffer@2a66826a[p=379,l=448,c=8192,r=69]={POST /Red... 69\r\n\r\n<<<Hello=there&loc=http%3A%2...%2FEchoServlet&code=307>>> form-dat...\x86&h\xA0{\xC1\xC2} {}
[DEBUG] parseNext s=CONTENT HeapByteBuffer@2a66826a[p=379,l=448,c=8192,r=69]={POST /Red... 69\r\n\r\n<<<Hello=there&loc=http%3A%2...%2FEchoServlet&code=307>>> form-dat...\x86&h\xA0{\xC1\xC2}
[DEBUG] onContent HttpChannelOverHttp@36eb5f45{s=HttpChannelState@23232c72{s=HANDLING rs=BLOCKING os=OPEN is=IDLE awp=false se=false i=true al=0},r=14,c=false/false,a=HANDLING,uri=//localhost:35372/RedirectServlet,age=0} Content@6aea0a07{HeapByteBufferR@77d64e83[p=379,l=448,c=8192,r=69]={POST /Red... 69\r\n\r\n<<<Hello=there&loc=http%3A%2...%2FEchoServlet&code=307>>> form-dat...\x86&h\xA0{\xC1\xC2}}
[DEBUG] HttpInputOverHTTP@376cf161[c=0,q=0,[0]=null,s=STREAM] addContent Content@6aea0a07{HeapByteBufferR@77d64e83[p=379,l=448,c=8192,r=69]={POST /Red... 69\r\n\r\n<<<Hello=there&loc=http%3A%2...%2FEchoServlet&code=307>>> form-dat...\x86&h\xA0{\xC1\xC2}}
[DEBUG] CONTENT --> CONTENT_END
[DEBUG] onContentComplete HttpChannelOverHttp@36eb5f45{s=HttpChannelState@23232c72{s=HANDLING rs=BLOCKING os=OPEN is=IDLE awp=false se=false i=true al=0},r=14,c=false/false,a=HANDLING,uri=//localhost:35372/RedirectServlet,age=0}
[DEBUG] CONTENT_END --> END
[DEBUG] onRequestComplete HttpChannelOverHttp@36eb5f45{s=HttpChannelState@23232c72{s=HANDLING rs=BLOCKING os=OPEN is=IDLE awp=false se=false i=true al=0},r=14,c=false/false,a=HANDLING,uri=//localhost:35372/RedirectServlet,age=0}
[DEBUG] HttpInputOverHTTP@376cf161[c=0,q=1,[0]=EOF,s=STREAM] addContent EOF
[DEBUG] HttpConnection@3e7171e5::SocketChannelEndPoint@3d491fad{l=/127.0.0.1:35372,r=/127.0.0.1:60190,OPEN,fill=-,flush=-,to=1/30000}{io=0/0,kio=0,kro=1}->HttpConnection@3e7171e5[p=HttpParser{s=END,69 of 69},g=HttpGenerator@274dcaa5{s=START}]=>HttpChannelOverHttp@36eb5f45{s=HttpChannelState@23232c72{s=HANDLING rs=BLOCKING os=OPEN is=IDLE awp=false se=false i=true al=0},r=14,c=false/false,a=HANDLING,uri=//localhost:35372/RedirectServlet,age=2} parsed false HttpParser{s=END,69 of 69}
[DEBUG] HttpInputOverHTTP@376cf161[c=1,q=1,[0]=EOF,s=STREAM] read 1 from Content@6aea0a07{HeapByteBufferR@77d64e83[p=380,l=448,c=8192,r=68]={POST /Red...69\r\n\r\nH<<<ello=there&loc=http%3A%2F...%2FEchoServlet&code=307>>> form-dat...\x86&h\xA0{\xC1\xC2}}
[DEBUG] HttpInputOverHTTP@376cf161[c=2,q=1,[0]=EOF,s=STREAM] read 1 from Content@6aea0a07{HeapByteBufferR@77d64e83[p=381,l=448,c=8192,r=67]={POST /Red...9\r\n\r\nHe<<<llo=there&loc=http%3A%2F%...%2FEchoServlet&code=307>>> form-dat...\x86&h\xA0{\xC1\xC2}}
[DEBUG] HttpInputOverHTTP@376cf161[c=3,q=1,[0]=EOF,s=STREAM] read 1 from Content@6aea0a07{HeapByteBufferR@77d64e83[p=382,l=448,c=8192,r=66]={POST /Red...\r\n\r\nHel<<<lo=there&loc=http%3A%2F%2...%2FEchoServlet&code=307>>> form-dat...\x86&h\xA0{\xC1\xC2}}
[DEBUG] HttpInputOverHTTP@376cf161[c=4,q=1,[0]=EOF,s=STREAM] read 1 from Content@6aea0a07{HeapByteBufferR@77d64e83[p=383,l=448,c=8192,r=65]={POST /Red...\n\r\nHell<<<o=there&loc=http%3A%2F%2F...%2FEchoServlet&code=307>>> form-dat...\x86&h\xA0{\xC1\xC2}}
[DEBUG] HttpInputOverHTTP@376cf161[c=5,q=1,[0]=EOF,s=STREAM] read 1 from Content@6aea0a07{HeapByteBufferR@77d64e83[p=384,l=448,c=8192,r=64]={POST /Red...\r\nHello<<<=there&loc=http%3A%2F%2Fl...%2FEchoServlet&code=307>>> form-dat...\x86&h\xA0{\xC1\xC2}}
[DEBUG] HttpInputOverHTTP@376cf161[c=6,q=1,[0]=EOF,s=STREAM] read 1 from Content@6aea0a07{HeapByteBufferR@77d64e83[p=385,l=448,c=8192,r=63]={POST /Red...\nHello=<<<there&loc=http%3A%2F%2Flo...%2FEchoServlet&code=307>>> form-dat...\x86&h\xA0{\xC1\xC2}}
[DEBUG] HttpInputOverHTTP@376cf161[c=7,q=1,[0]=EOF,s=STREAM] read 1 from Content@6aea0a07{HeapByteBufferR@77d64e83[p=386,l=448,c=8192,r=62]={POST /Red...Hello=t<<<here&loc=http%3A%2F%2Floc...%2FEchoServlet&code=307>>> form-dat...\x86&h\xA0{\xC1\xC2}}
[DEBUG] HttpInputOverHTTP@376cf161[c=8,q=1,[0]=EOF,s=STREAM] read 1 from Content@6aea0a07{HeapByteBufferR@77d64e83[p=387,l=448,c=8192,r=61]={POST /Red...ello=th<<<ere&loc=http%3A%2F%2Floca...%2FEchoServlet&code=307>>> form-dat...\x86&h\xA0{\xC1\xC2}}
[DEBUG] HttpInputOverHTTP@376cf161[c=9,q=1,[0]=EOF,s=STREAM] read 1 from Content@6aea0a07{HeapByteBufferR@77d64e83[p=388,l=448,c=8192,r=60]={POST /Red...llo=the<<<re&loc=http%3A%2F%2Flocal...%2FEchoServlet&code=307>>> form-dat...\x86&h\xA0{\xC1\xC2}}
[DEBUG] HttpInputOverHTTP@376cf161[c=10,q=1,[0]=EOF,s=STREAM] read 1 from Content@6aea0a07{HeapByteBufferR@77d64e83[p=389,l=448,c=8192,r=59]={POST /Red...lo=ther<<<e&loc=http%3A%2F%2Flocalh...%2FEchoServlet&code=307>>> form-dat...\x86&h\xA0{\xC1\xC2}}
[DEBUG] HttpInputOverHTTP@376cf161[c=11,q=1,[0]=EOF,s=STREAM] read 1 from Content@6aea0a07{HeapByteBufferR@77d64e83[p=390,l=448,c=8192,r=58]={POST /Red...o=there<<<&loc=http%3A%2F%2Flocalho...%2FEchoServlet&code=307>>> form-dat...\x86&h\xA0{\xC1\xC2}}
[DEBUG] HttpInputOverHTTP@376cf161[c=12,q=1,[0]=EOF,s=STREAM] read 1 from Content@6aea0a07{HeapByteBufferR@77d64e83[p=391,l=448,c=8192,r=57]={POST /Red...=there&<<<loc=http%3A%2F%2Flocalhos...%2FEchoServlet&code=307>>> form-dat...\x86&h\xA0{\xC1\xC2}}
[DEBUG] HttpInputOverHTTP@376cf161[c=13,q=1,[0]=EOF,s=STREAM] read 1 from Content@6aea0a07{HeapByteBufferR@77d64e83[p=392,l=448,c=8192,r=56]={POST /Red...there&l<<<oc=http%3A%2F%2Flocalhost...%2FEchoServlet&code=307>>> form-dat...\x86&h\xA0{\xC1\xC2}}
[DEBUG] HttpInputOverHTTP@376cf161[c=14,q=1,[0]=EOF,s=STREAM] read 1 from Content@6aea0a07{HeapByteBufferR@77d64e83[p=393,l=448,c=8192,r=55]={POST /Red...here&lo<<<c=http%3A%2F%2Flocalhost%...%2FEchoServlet&code=307>>> form-dat...\x86&h\xA0{\xC1\xC2}}
[DEBUG] HttpInputOverHTTP@376cf161[c=15,q=1,[0]=EOF,s=STREAM] read 1 from Content@6aea0a07{HeapByteBufferR@77d64e83[p=394,l=448,c=8192,r=54]={POST /Red...ere&loc<<<=http%3A%2F%2Flocalhost%3...%2FEchoServlet&code=307>>> form-dat...\x86&h\xA0{\xC1\xC2}}
[DEBUG] HttpInputOverHTTP@376cf161[c=16,q=1,[0]=EOF,s=STREAM] read 1 from Content@6aea0a07{HeapByteBufferR@77d64e83[p=395,l=448,c=8192,r=53]={POST /Red...re&loc=<<<http%3A%2F%2Flocalhost%3A...%2FEchoServlet&code=307>>> form-dat...\x86&h\xA0{\xC1\xC2}}
[DEBUG] HttpInputOverHTTP@376cf161[c=17,q=1,[0]=EOF,s=STREAM] read 1 from Content@6aea0a07{HeapByteBufferR@77d64e83[p=396,l=448,c=8192,r=52]={POST /Red...e&loc=h<<<ttp%3A%2F%2Flocalhost%3A3...%2FEchoServlet&code=307>>> form-dat...\x86&h\xA0{\xC1\xC2}}
[DEBUG] HttpInputOverHTTP@376cf161[c=18,q=1,[0]=EOF,s=STREAM] read 1 from Content@6aea0a07{HeapByteBufferR@77d64e83[p=397,l=448,c=8192,r=51]={POST /Red...&loc=ht<<<tp%3A%2F%2Flocalhost%3A35...%2FEchoServlet&code=307>>> form-dat...\x86&h\xA0{\xC1\xC2}}
[DEBUG] HttpInputOverHTTP@376cf161[c=19,q=1,[0]=EOF,s=STREAM] read 1 from Content@6aea0a07{HeapByteBufferR@77d64e83[p=398,l=448,c=8192,r=50]={POST /Red...loc=htt<<<p%3A%2F%2Flocalhost%3A353...%2FEchoServlet&code=307>>> form-dat...\x86&h\xA0{\xC1\xC2}}
[DEBUG] HttpInputOverHTTP@376cf161[c=20,q=1,[0]=EOF,s=STREAM] read 1 from Content@6aea0a07{HeapByteBufferR@77d64e83[p=399,l=448,c=8192,r=49]={POST /Red...oc=http<<<%3A%2F%2Flocalhost%3A3537...%2FEchoServlet&code=307>>> form-dat...\x86&h\xA0{\xC1\xC2}}
[DEBUG] HttpInputOverHTTP@376cf161[c=21,q=1,[0]=EOF,s=STREAM] read 1 from Content@6aea0a07{HeapByteBufferR@77d64e83[p=400,l=448,c=8192,r=48]={POST /Red...c=http%<<<3A%2F%2Flocalhost%3A35372%2FEchoServlet&code=307>>> form-dat...\x86&h\xA0{\xC1\xC2}}
[DEBUG] HttpInputOverHTTP@376cf161[c=22,q=1,[0]=EOF,s=STREAM] read 1 from Content@6aea0a07{HeapByteBufferR@77d64e83[p=401,l=448,c=8192,r=47]={POST /Red...=http%3<<<A%2F%2Flocalhost%3A35372%2FEchoServlet&code=307>>> form-dat...\x86&h\xA0{\xC1\xC2}}
[DEBUG] HttpInputOverHTTP@376cf161[c=23,q=1,[0]=EOF,s=STREAM] read 1 from Content@6aea0a07{HeapByteBufferR@77d64e83[p=402,l=448,c=8192,r=46]={POST /Red...http%3A<<<%2F%2Flocalhost%3A35372%2FEchoServlet&code=307>>> form-dat...\x86&h\xA0{\xC1\xC2}}
[DEBUG] HttpInputOverHTTP@376cf161[c=24,q=1,[0]=EOF,s=STREAM] read 1 from Content@6aea0a07{HeapByteBufferR@77d64e83[p=403,l=448,c=8192,r=45]={POST /Red...ttp%3A%<<<2F%2Flocalhost%3A35372%2FEchoServlet&code=307>>> form-dat...\x86&h\xA0{\xC1\xC2}}
[DEBUG] HttpInputOverHTTP@376cf161[c=25,q=1,[0]=EOF,s=STREAM] read 1 from Content@6aea0a07{HeapByteBufferR@77d64e83[p=404,l=448,c=8192,r=44]={POST /Red...tp%3A%2<<<F%2Flocalhost%3A35372%2FEchoServlet&code=307>>> form-dat...\x86&h\xA0{\xC1\xC2}}
[DEBUG] HttpInputOverHTTP@376cf161[c=26,q=1,[0]=EOF,s=STREAM] read 1 from Content@6aea0a07{HeapByteBufferR@77d64e83[p=405,l=448,c=8192,r=43]={POST /Red...p%3A%2F<<<%2Flocalhost%3A35372%2FEchoServlet&code=307>>> form-dat...\x86&h\xA0{\xC1\xC2}}
[DEBUG] HttpInputOverHTTP@376cf161[c=27,q=1,[0]=EOF,s=STREAM] read 1 from Content@6aea0a07{HeapByteBufferR@77d64e83[p=406,l=448,c=8192,r=42]={POST /Red...%3A%2F%<<<2Flocalhost%3A35372%2FEchoServlet&code=307>>> form-dat...\x86&h\xA0{\xC1\xC2}}
[DEBUG] HttpInputOverHTTP@376cf161[c=28,q=1,[0]=EOF,s=STREAM] read 1 from Content@6aea0a07{HeapByteBufferR@77d64e83[p=407,l=448,c=8192,r=41]={POST /Red...3A%2F%2<<<Flocalhost%3A35372%2FEchoServlet&code=307>>> form-dat...\x86&h\xA0{\xC1\xC2}}
[DEBUG] HttpInputOverHTTP@376cf161[c=29,q=1,[0]=EOF,s=STREAM] read 1 from Content@6aea0a07{HeapByteBufferR@77d64e83[p=408,l=448,c=8192,r=40]={POST /Red...A%2F%2F<<<localhost%3A35372%2FEchoServlet&code=307>>> form-dat...\x86&h\xA0{\xC1\xC2}}
[DEBUG] HttpInputOverHTTP@376cf161[c=30,q=1,[0]=EOF,s=STREAM] read 1 from Content@6aea0a07{HeapByteBufferR@77d64e83[p=409,l=448,c=8192,r=39]={POST /Red...%2F%2Fl<<<ocalhost%3A35372%2FEchoServlet&code=307>>> form-dat...\x86&h\xA0{\xC1\xC2}}
[DEBUG] HttpInputOverHTTP@376cf161[c=31,q=1,[0]=EOF,s=STREAM] read 1 from Content@6aea0a07{HeapByteBufferR@77d64e83[p=410,l=448,c=8192,r=38]={POST /Red...2F%2Flo<<<calhost%3A35372%2FEchoServlet&code=307>>> form-dat...\x86&h\xA0{\xC1\xC2}}
[DEBUG] HttpInputOverHTTP@376cf161[c=32,q=1,[0]=EOF,s=STREAM] read 1 from Content@6aea0a07{HeapByteBufferR@77d64e83[p=411,l=448,c=8192,r=37]={POST /Red...F%2Floc<<<alhost%3A35372%2FEchoServlet&code=307>>> form-dat...\x86&h\xA0{\xC1\xC2}}
[DEBUG] HttpInputOverHTTP@376cf161[c=33,q=1,[0]=EOF,s=STREAM] read 1 from Content@6aea0a07{HeapByteBufferR@77d64e83[p=412,l=448,c=8192,r=36]={POST /Red...%2Floca<<<lhost%3A35372%2FEchoServlet&code=307>>> form-dat...\x86&h\xA0{\xC1\xC2}}
[DEBUG] HttpInputOverHTTP@376cf161[c=34,q=1,[0]=EOF,s=STREAM] read 1 from Content@6aea0a07{HeapByteBufferR@77d64e83[p=413,l=448,c=8192,r=35]={POST /Red...2Flocal<<<host%3A35372%2FEchoServlet&code=307>>> form-dat...\x86&h\xA0{\xC1\xC2}}
[DEBUG] HttpInputOverHTTP@376cf161[c=35,q=1,[0]=EOF,s=STREAM] read 1 from Content@6aea0a07{HeapByteBufferR@77d64e83[p=414,l=448,c=8192,r=34]={POST /Red...Flocalh<<<ost%3A35372%2FEchoServlet&code=307>>> form-dat...\x86&h\xA0{\xC1\xC2}}
[DEBUG] HttpInputOverHTTP@376cf161[c=36,q=1,[0]=EOF,s=STREAM] read 1 from Content@6aea0a07{HeapByteBufferR@77d64e83[p=415,l=448,c=8192,r=33]={POST /Red...localho<<<st%3A35372%2FEchoServlet&code=307>>> form-dat...\x86&h\xA0{\xC1\xC2}}
[DEBUG] HttpInputOverHTTP@376cf161[c=37,q=1,[0]=EOF,s=STREAM] read 1 from Content@6aea0a07{HeapByteBufferR@77d64e83[p=416,l=448,c=8192,r=32]={POST /Red...ocalhos<<<t%3A35372%2FEchoServlet&code=307>>> form-dat...\x86&h\xA0{\xC1\xC2}}
[DEBUG] HttpInputOverHTTP@376cf161[c=38,q=1,[0]=EOF,s=STREAM] read 1 from Content@6aea0a07{HeapByteBufferR@77d64e83[p=417,l=448,c=8192,r=31]={POST /Red...calhost<<<%3A35372%2FEchoServlet&code=307>>> form-dat...\x86&h\xA0{\xC1\xC2}}
[DEBUG] HttpInputOverHTTP@376cf161[c=39,q=1,[0]=EOF,s=STREAM] read 1 from Content@6aea0a07{HeapByteBufferR@77d64e83[p=418,l=448,c=8192,r=30]={POST /Red...alhost%<<<3A35372%2FEchoServlet&code=307>>> form-dat...\x86&h\xA0{\xC1\xC2}}
[DEBUG] HttpInputOverHTTP@376cf161[c=40,q=1,[0]=EOF,s=STREAM] read 1 from Content@6aea0a07{HeapByteBufferR@77d64e83[p=419,l=448,c=8192,r=29]={POST /Red...lhost%3<<<A35372%2FEchoServlet&code=307>>> form-dat...\x86&h\xA0{\xC1\xC2}}
[DEBUG] HttpInputOverHTTP@376cf161[c=41,q=1,[0]=EOF,s=STREAM] read 1 from Content@6aea0a07{HeapByteBufferR@77d64e83[p=420,l=448,c=8192,r=28]={POST /Red...host%3A<<<35372%2FEchoServlet&code=307>>> form-dat...\x86&h\xA0{\xC1\xC2}}
[DEBUG] HttpInputOverHTTP@376cf161[c=42,q=1,[0]=EOF,s=STREAM] read 1 from Content@6aea0a07{HeapByteBufferR@77d64e83[p=421,l=448,c=8192,r=27]={POST /Red...ost%3A3<<<5372%2FEchoServlet&code=307>>> form-dat...\x86&h\xA0{\xC1\xC2}}
[DEBUG] HttpInputOverHTTP@376cf161[c=43,q=1,[0]=EOF,s=STREAM] read 1 from Content@6aea0a07{HeapByteBufferR@77d64e83[p=422,l=448,c=8192,r=26]={POST /Red...st%3A35<<<372%2FEchoServlet&code=307>>> form-dat...\x86&h\xA0{\xC1\xC2}}
[DEBUG] HttpInputOverHTTP@376cf161[c=44,q=1,[0]=EOF,s=STREAM] read 1 from Content@6aea0a07{HeapByteBufferR@77d64e83[p=423,l=448,c=8192,r=25]={POST /Red...t%3A353<<<72%2FEchoServlet&code=307>>> form-dat...\x86&h\xA0{\xC1\xC2}}
[DEBUG] HttpInputOverHTTP@376cf161[c=45,q=1,[0]=EOF,s=STREAM] read 1 from Content@6aea0a07{HeapByteBufferR@77d64e83[p=424,l=448,c=8192,r=24]={POST /Red...%3A3537<<<2%2FEchoServlet&code=307>>> form-dat...\x86&h\xA0{\xC1\xC2}}
[DEBUG] HttpInputOverHTTP@376cf161[c=46,q=1,[0]=EOF,s=STREAM] read 1 from Content@6aea0a07{HeapByteBufferR@77d64e83[p=425,l=448,c=8192,r=23]={POST /Red...3A35372<<<%2FEchoServlet&code=307>>> form-dat...\x86&h\xA0{\xC1\xC2}}
[DEBUG] HttpInputOverHTTP@376cf161[c=47,q=1,[0]=EOF,s=STREAM] read 1 from Content@6aea0a07{HeapByteBufferR@77d64e83[p=426,l=448,c=8192,r=22]={POST /Red...A35372%<<<2FEchoServlet&code=307>>> form-dat...\x86&h\xA0{\xC1\xC2}}
[DEBUG] HttpInputOverHTTP@376cf161[c=48,q=1,[0]=EOF,s=STREAM] read 1 from Content@6aea0a07{HeapByteBufferR@77d64e83[p=427,l=448,c=8192,r=21]={POST /Red...35372%2<<<FEchoServlet&code=307>>> form-dat...\x86&h\xA0{\xC1\xC2}}
[DEBUG] HttpInputOverHTTP@376cf161[c=49,q=1,[0]=EOF,s=STREAM] read 1 from Content@6aea0a07{HeapByteBufferR@77d64e83[p=428,l=448,c=8192,r=20]={POST /Red...5372%2F<<<EchoServlet&code=307>>> form-dat...\x86&h\xA0{\xC1\xC2}}
[DEBUG] HttpInputOverHTTP@376cf161[c=50,q=1,[0]=EOF,s=STREAM] read 1 from Content@6aea0a07{HeapByteBufferR@77d64e83[p=429,l=448,c=8192,r=19]={POST /Red...372%2FE<<<choServlet&code=307>>> form-dat...\x86&h\xA0{\xC1\xC2}}
[DEBUG] HttpInputOverHTTP@376cf161[c=51,q=1,[0]=EOF,s=STREAM] read 1 from Content@6aea0a07{HeapByteBufferR@77d64e83[p=430,l=448,c=8192,r=18]={POST /Red...72%2FEc<<<hoServlet&code=307>>> form-dat...\x86&h\xA0{\xC1\xC2}}
[DEBUG] HttpInputOverHTTP@376cf161[c=52,q=1,[0]=EOF,s=STREAM] read 1 from Content@6aea0a07{HeapByteBufferR@77d64e83[p=431,l=448,c=8192,r=17]={POST /Red...2%2FEch<<<oServlet&code=307>>> form-dat...\x86&h\xA0{\xC1\xC2}}
[DEBUG] HttpInputOverHTTP@376cf161[c=53,q=1,[0]=EOF,s=STREAM] read 1 from Content@6aea0a07{HeapByteBufferR@77d64e83[p=432,l=448,c=8192,r=16]={POST /Red...%2FEcho<<<Servlet&code=307>>> form-dat...\x86&h\xA0{\xC1\xC2}}
[DEBUG] HttpInputOverHTTP@376cf161[c=54,q=1,[0]=EOF,s=STREAM] read 1 from Content@6aea0a07{HeapByteBufferR@77d64e83[p=433,l=448,c=8192,r=15]={POST /Red...2FEchoS<<<ervlet&code=307>>> form-dat...\x86&h\xA0{\xC1\xC2}}
[DEBUG] HttpInputOverHTTP@376cf161[c=55,q=1,[0]=EOF,s=STREAM] read 1 from Content@6aea0a07{HeapByteBufferR@77d64e83[p=434,l=448,c=8192,r=14]={POST /Red...FEchoSe<<<rvlet&code=307>>> form-dat...\x86&h\xA0{\xC1\xC2}}
[DEBUG] HttpInputOverHTTP@376cf161[c=56,q=1,[0]=EOF,s=STREAM] read 1 from Content@6aea0a07{HeapByteBufferR@77d64e83[p=435,l=448,c=8192,r=13]={POST /Red...EchoSer<<<vlet&code=307>>> form-dat...\x86&h\xA0{\xC1\xC2}}
[DEBUG] HttpInputOverHTTP@376cf161[c=57,q=1,[0]=EOF,s=STREAM] read 1 from Content@6aea0a07{HeapByteBufferR@77d64e83[p=436,l=448,c=8192,r=12]={POST /Red...choServ<<<let&code=307>>> form-dat...\x86&h\xA0{\xC1\xC2}}
[DEBUG] HttpInputOverHTTP@376cf161[c=58,q=1,[0]=EOF,s=STREAM] read 1 from Content@6aea0a07{HeapByteBufferR@77d64e83[p=437,l=448,c=8192,r=11]={POST /Red...hoServl<<<et&code=307>>> form-dat...\x86&h\xA0{\xC1\xC2}}
[DEBUG] HttpInputOverHTTP@376cf161[c=59,q=1,[0]=EOF,s=STREAM] read 1 from Content@6aea0a07{HeapByteBufferR@77d64e83[p=438,l=448,c=8192,r=10]={POST /Red...oServle<<<t&code=307>>> form-dat...\x86&h\xA0{\xC1\xC2}}
[DEBUG] HttpInputOverHTTP@376cf161[c=60,q=1,[0]=EOF,s=STREAM] read 1 from Content@6aea0a07{HeapByteBufferR@77d64e83[p=439,l=448,c=8192,r=9]={POST /Red...Servlet<<<&code=307>>> form-dat...\x86&h\xA0{\xC1\xC2}}
[DEBUG] HttpInputOverHTTP@376cf161[c=61,q=1,[0]=EOF,s=STREAM] read 1 from Content@6aea0a07{HeapByteBufferR@77d64e83[p=440,l=448,c=8192,r=8]={POST /Red...ervlet&<<<code=307>>> form-dat...\x86&h\xA0{\xC1\xC2}}
[DEBUG] HttpInputOverHTTP@376cf161[c=62,q=1,[0]=EOF,s=STREAM] read 1 from Content@6aea0a07{HeapByteBufferR@77d64e83[p=441,l=448,c=8192,r=7]={POST /Red...rvlet&c<<<ode=307>>> form-dat...\x86&h\xA0{\xC1\xC2}}
[DEBUG] HttpInputOverHTTP@376cf161[c=63,q=1,[0]=EOF,s=STREAM] read 1 from Content@6aea0a07{HeapByteBufferR@77d64e83[p=442,l=448,c=8192,r=6]={POST /Red...vlet&co<<<de=307>>> form-dat...\x86&h\xA0{\xC1\xC2}}
[DEBUG] HttpInputOverHTTP@376cf161[c=64,q=1,[0]=EOF,s=STREAM] read 1 from Content@6aea0a07{HeapByteBufferR@77d64e83[p=443,l=448,c=8192,r=5]={POST /Red...let&cod<<<e=307>>> form-dat...\x86&h\xA0{\xC1\xC2}}
[DEBUG] HttpInputOverHTTP@376cf161[c=65,q=1,[0]=EOF,s=STREAM] read 1 from Content@6aea0a07{HeapByteBufferR@77d64e83[p=444,l=448,c=8192,r=4]={POST /Red...et&code<<<=307>>> form-dat...\x86&h\xA0{\xC1\xC2}}
[DEBUG] HttpInputOverHTTP@376cf161[c=66,q=1,[0]=EOF,s=STREAM] read 1 from Content@6aea0a07{HeapByteBufferR@77d64e83[p=445,l=448,c=8192,r=3]={POST /Red...t&code=<<<307>>> form-dat...\x86&h\xA0{\xC1\xC2}}
[DEBUG] HttpInputOverHTTP@376cf161[c=67,q=1,[0]=EOF,s=STREAM] read 1 from Content@6aea0a07{HeapByteBufferR@77d64e83[p=446,l=448,c=8192,r=2]={POST /Red...&code=3<<<07>>> form-dat...\x86&h\xA0{\xC1\xC2}}
[DEBUG] HttpInputOverHTTP@376cf161[c=68,q=1,[0]=EOF,s=STREAM] read 1 from Content@6aea0a07{HeapByteBufferR@77d64e83[p=447,l=448,c=8192,r=1]={POST /Red...code=30<<<7>>> form-dat...\x86&h\xA0{\xC1\xC2}}
[DEBUG] HttpInputOverHTTP@376cf161[c=69,q=1,[0]=EOF,s=STREAM] read 1 from Content@6aea0a07{HeapByteBufferR@77d64e83[p=448,l=448,c=8192,r=0]={POST /Red...ode=307<<<>>> form-dat...\x86&h\xA0{\xC1\xC2}}
[DEBUG] releaseRequestBuffer HttpConnection@3e7171e5::SocketChannelEndPoint@3d491fad{l=/127.0.0.1:35372,r=/127.0.0.1:60190,OPEN,fill=-,flush=-,to=8/30000}{io=0/0,kio=0,kro=1}->HttpConnection@3e7171e5[p=HttpParser{s=END,69 of 69},g=HttpGenerator@274dcaa5{s=START}]=>HttpChannelOverHttp@36eb5f45{s=HttpChannelState@23232c72{s=HANDLING rs=BLOCKING os=OPEN is=IDLE awp=false se=false i=true al=0},r=14,c=false/false,a=HANDLING,uri=//localhost:35372/RedirectServlet,age=7}
[DEBUG] onEof HttpChannelState@23232c72{s=HANDLING rs=BLOCKING os=OPEN is=IDLE awp=false se=false i=true al=0}
[DEBUG] handled=true async=false committed=false on HttpChannelOverHttp@36eb5f45{s=HttpChannelState@23232c72{s=HANDLING rs=BLOCKING os=OPEN is=READY awp=false se=false i=true al=0},r=14,c=false/false,a=HANDLING,uri=//localhost:35372/RedirectServlet,age=7}
[DEBUG] unhandle HttpChannelState@23232c72{s=HANDLING rs=BLOCKING os=OPEN is=READY awp=false se=false i=true al=0}
[DEBUG] nextAction(false) COMPLETE HttpChannelState@23232c72{s=HANDLING rs=COMPLETING os=OPEN is=READY awp=false se=false i=false al=0}
[DEBUG] action COMPLETE HttpChannelOverHttp@36eb5f45{s=HttpChannelState@23232c72{s=HANDLING rs=COMPLETING os=OPEN is=READY awp=false se=false i=false al=0},r=14,c=false/false,a=HANDLING,uri=//localhost:35372/RedirectServlet,age=8}
[DEBUG] complete(org.eclipse.jetty.util.Callback$3@11026c16) s=CLOSING,api=BLOCKED,sc=false,e=null s=false e=null, c=HeapByteBuffer@13dae45a[p=0,l=0,c=0,r=0]={<<<>>>}
[DEBUG] sendResponse info=null content=HeapByteBuffer@13dae45a[p=0,l=0,c=0,r=0]={<<<>>>} complete=true committing=true callback=org.eclipse.jetty.server.HttpOutput$WriteCompleteCB@36c884c1
[DEBUG] COMMIT for /RedirectServlet on HttpChannelOverHttp@36eb5f45{s=HttpChannelState@23232c72{s=HANDLING rs=COMPLETING os=COMMITTED is=READY awp=false se=false i=false al=0},r=14,c=false/false,a=HANDLING,uri=//localhost:35372/RedirectServlet,age=8}
307 null HTTP/1.1
Date: Tue, 28 Sep 2021 06:03:32 GMT
Location: http://localhost:35372/EchoServlet


[DEBUG] generate: NEED_HEADER for SendCallback@410c6bef[PROCESSING][i=HTTP/1.1{s=307,h=2,cl=-1},cb=org.eclipse.jetty.server.HttpChannel$SendCallback@c481a2d] (null,[p=0,l=0,c=0,r=0],true)@START
[DEBUG] generateHeaders HTTP/1.1{s=307,h=2,cl=-1} last=true content=HeapByteBuffer@13dae45a[p=0,l=0,c=0,r=0]={<<<>>>}
[DEBUG] Date: Tue, 28 Sep 2021 06:03:32 GMT
Location: http://localhost:35372/EchoServlet


[DEBUG] CONTENT_LENGTH
[DEBUG] generate: FLUSH for SendCallback@410c6bef[PROCESSING][i=HTTP/1.1{s=307,h=2,cl=-1},cb=org.eclipse.jetty.server.HttpChannel$SendCallback@c481a2d] ([p=0,l=170,c=8192,r=170],[p=0,l=0,c=0,r=0],true)@COMPLETING
[DEBUG] write: WriteFlusher@2071150d{IDLE}->null [HeapByteBuffer@460916c[p=0,l=170,c=8192,r=170]={<<<HTTP/1.1 307 Temporary Re...y(9.4.43.v20210629)\r\n\r\n>>> (KHTML, ...\x00\x00\x00\x00\x00\x00\x00}]
[DEBUG] update WriteFlusher@2071150d{WRITING}->null:IDLE-->WRITING
[DEBUG] flushed 170 SocketChannelEndPoint@3d491fad{l=/127.0.0.1:35372,r=/127.0.0.1:60190,OPEN,fill=-,flush=W,to=18/30000}{io=0/0,kio=0,kro=1}->HttpConnection@3e7171e5[p=HttpParser{s=END,69 of 69},g=HttpGenerator@274dcaa5{s=COMPLETING}]=>HttpChannelOverHttp@36eb5f45{s=HttpChannelState@23232c72{s=HANDLING rs=COMPLETING os=COMMITTED is=READY awp=false se=false i=false al=0},r=14,c=false/false,a=HANDLING,uri=//localhost:35372/RedirectServlet,age=18}
[DEBUG] Flushed=true written=170 remaining=0 WriteFlusher@2071150d{WRITING}->null
[DEBUG] update WriteFlusher@2071150d{IDLE}->null:WRITING-->IDLE
[DEBUG] generate: DONE for SendCallback@410c6bef[PROCESSING][i=HTTP/1.1{s=307,h=2,cl=-1},cb=org.eclipse.jetty.server.HttpChannel$SendCallback@c481a2d] ([p=170,l=170,c=8192,r=0],[p=0,l=0,c=0,r=0],true)@END
[DEBUG] onWriteComplete(true,null) s=CLOSING,api=BLOCKED,sc=false,e=null->s=CLOSED,api=BLOCKING,sc=false,e=null c=null cb=org.eclipse.jetty.util.Callback$3@11026c16 w=false
[DEBUG] completed HttpChannelState@23232c72{s=HANDLING rs=COMPLETING os=COMPLETED is=READY awp=false se=false i=false al=0}
[DEBUG] unhandle HttpChannelState@23232c72{s=HANDLING rs=COMPLETED os=COMPLETED is=READY awp=false se=false i=false al=0}
[DEBUG] nextAction(false) TERMINATED HttpChannelState@23232c72{s=IDLE rs=COMPLETED os=COMPLETED is=READY awp=false se=false i=false al=0}
[DEBUG] action TERMINATED HttpChannelOverHttp@36eb5f45{s=HttpChannelState@23232c72{s=IDLE rs=COMPLETED os=COMPLETED is=READY awp=false se=false i=false al=0},r=14,c=true/true,a=IDLE,uri=//localhost:35372/RedirectServlet,age=18}
[DEBUG] onCompleted for /RedirectServlet written=0
[DEBUG] recycle HttpChannelState@23232c72{s=IDLE rs=COMPLETED os=COMPLETED is=READY awp=false se=false i=false al=0}
[DEBUG] reset HttpParser{s=END,69 of 69}
[DEBUG] END --> START
[DEBUG] !handle TERMINATED HttpChannelOverHttp@36eb5f45{s=HttpChannelState@23232c72{s=IDLE rs=BLOCKING os=OPEN is=IDLE awp=false se=false i=true al=0},r=14,c=false/false,a=IDLE,uri=null,age=0}
[DEBUG] filled 444 HeapByteBuffer@1ef04a69[p=0,l=444,c=8192,r=444]={<<<POST /EchoServlet HTTP/1....%2FEchoServlet&code=307>>>\x00\x00\x00\x00\x00\x00\x00\x00\x00...\x00\x00\x00\x00\x00\x00\x00}
[DEBUG] HttpConnection@3e7171e5::SocketChannelEndPoint@3d491fad{l=/127.0.0.1:35372,r=/127.0.0.1:60190,OPEN,fill=-,flush=-,to=0/30000}{io=0/0,kio=0,kro=1}->HttpConnection@3e7171e5[p=HttpParser{s=START,0 of -1},g=HttpGenerator@274dcaa5{s=START}]=>HttpChannelOverHttp@36eb5f45{s=HttpChannelState@23232c72{s=IDLE rs=BLOCKING os=OPEN is=IDLE awp=false se=false i=true al=0},r=14,c=false/false,a=IDLE,uri=null,age=0} filled 444 HeapByteBuffer@1ef04a69[p=0,l=444,c=8192,r=444]={<<<POST /EchoServlet HTTP/1....%2FEchoServlet&code=307>>>\x00\x00\x00\x00\x00\x00\x00\x00\x00...\x00\x00\x00\x00\x00\x00\x00}
[DEBUG] HttpConnection@3e7171e5::SocketChannelEndPoint@3d491fad{l=/127.0.0.1:35372,r=/127.0.0.1:60190,OPEN,fill=-,flush=-,to=0/30000}{io=0/0,kio=0,kro=1}->HttpConnection@3e7171e5[p=HttpParser{s=START,0 of -1},g=HttpGenerator@274dcaa5{s=START}]=>HttpChannelOverHttp@36eb5f45{s=HttpChannelState@23232c72{s=IDLE rs=BLOCKING os=OPEN is=IDLE awp=false se=false i=true al=0},r=14,c=false/false,a=IDLE,uri=null,age=0} parse HeapByteBuffer@1ef04a69[p=0,l=444,c=8192,r=444]={<<<POST /EchoServlet HTTP/1....%2FEchoServlet&code=307>>>\x00\x00\x00\x00\x00\x00\x00\x00\x00...\x00\x00\x00\x00\x00\x00\x00} {}
[DEBUG] parseNext s=START HeapByteBuffer@1ef04a69[p=0,l=444,c=8192,r=444]={<<<POST /EchoServlet HTTP/1....%2FEchoServlet&code=307>>>\x00\x00\x00\x00\x00\x00\x00\x00\x00...\x00\x00\x00\x00\x00\x00\x00}
[DEBUG] START --> SPACE1
[DEBUG] SPACE1 --> URI
[DEBUG] URI --> SPACE2
[DEBUG] SPACE2 --> REQUEST_VERSION
[DEBUG] REQUEST_VERSION --> HEADER
[DEBUG] HEADER:Accept-Encoding: gzip --> IN_VALUE
[DEBUG] HEADER:Accept-Encoding: gzip --> FIELD
[DEBUG] HEADER:User-Agent: Mozilla/5.0 (Windows NT 10.0; Win64; x64) AppleWebKit/537.36 (KHTML, like Gecko) Chrome/79.0.3945.130 Safari/537.36 --> IN_VALUE
[DEBUG] HEADER:User-Agent: Mozilla/5.0 (Windows NT 10.0; Win64; x64) AppleWebKit/537.36 (KHTML, like Gecko) Chrome/79.0.3945.130 Safari/537.36 --> FIELD
[DEBUG] HEADER:Content-Type: application/x-www-form-urlencoded; charset=UTF-8 --> IN_VALUE
[DEBUG] HEADER:Content-Type: application/x-www-form-urlencoded; charset=UTF-8 --> FIELD
[DEBUG] HEADER:Host: localhost:35372 --> IN_VALUE
[DEBUG] HEADER:Host: localhost:35372 --> FIELD
[DEBUG] HEADER:Accept: text/html, image/gif, image/jpeg, *; q=.2, */*; q=.2 --> IN_VALUE
[DEBUG] HEADER:Accept: text/html, image/gif, image/jpeg, *; q=.2, */*; q=.2 --> FIELD
[DEBUG] HEADER:Connection: keep-alive --> IN_VALUE
[DEBUG] HEADER:Connection: keep-alive --> FIELD
[DEBUG] HEADER:Content-Length --> VALUE
[DEBUG] HEADER:Content-Length --> IN_VALUE
[DEBUG] HEADER:Content-Length --> FIELD
[DEBUG] HEADER --> CONTENT
[DEBUG] REQUEST for //localhost:35372/EchoServlet on HttpChannelOverHttp@36eb5f45{s=HttpChannelState@23232c72{s=IDLE rs=BLOCKING os=OPEN is=IDLE awp=false se=false i=true al=0},r=15,c=false/false,a=IDLE,uri=//localhost:35372/EchoServlet,age=0}
POST //localhost:35372/EchoServlet HTTP/1.1
Accept-Encoding: gzip
User-Agent: Mozilla/5.0 (Windows NT 10.0; Win64; x64) AppleWebKit/537.36 (KHTML, like Gecko) Chrome/79.0.3945.130 Safari/537.36
Content-Type: application/x-www-form-urlencoded; charset=UTF-8
Host: localhost:35372
Accept: text/html, image/gif, image/jpeg, *; q=.2, */*; q=.2
Connection: keep-alive
Content-Length: 69


[DEBUG] HttpConnection@3e7171e5::SocketChannelEndPoint@3d491fad{l=/127.0.0.1:35372,r=/127.0.0.1:60190,OPEN,fill=-,flush=-,to=0/30000}{io=0/0,kio=0,kro=1}->HttpConnection@3e7171e5[p=HttpParser{s=CONTENT,0 of 69},g=HttpGenerator@274dcaa5{s=START}]=>HttpChannelOverHttp@36eb5f45{s=HttpChannelState@23232c72{s=IDLE rs=BLOCKING os=OPEN is=IDLE awp=false se=false i=true al=0},r=15,c=false/false,a=IDLE,uri=//localhost:35372/EchoServlet,age=0} parsed true HttpParser{s=CONTENT,0 of 69}
[DEBUG] handle //localhost:35372/EchoServlet HttpChannelOverHttp@36eb5f45{s=HttpChannelState@23232c72{s=IDLE rs=BLOCKING os=OPEN is=IDLE awp=false se=false i=true al=0},r=15,c=false/false,a=IDLE,uri=//localhost:35372/EchoServlet,age=0} 
[DEBUG] handling HttpChannelState@23232c72{s=IDLE rs=BLOCKING os=OPEN is=IDLE awp=false se=false i=true al=0}
[DEBUG] action DISPATCH HttpChannelOverHttp@36eb5f45{s=HttpChannelState@23232c72{s=HANDLING rs=BLOCKING os=OPEN is=IDLE awp=false se=false i=true al=0},r=15,c=false/false,a=HANDLING,uri=//localhost:35372/EchoServlet,age=0}
[DEBUG] REQUEST POST /EchoServlet on HttpChannelOverHttp@36eb5f45{s=HttpChannelState@23232c72{s=HANDLING rs=BLOCKING os=OPEN is=IDLE awp=false se=false i=true al=0},r=15,c=false/false,a=HANDLING,uri=//localhost:35372/EchoServlet,age=0}
[DEBUG] servlet null|/EchoServlet|null -> org.jsoup.integration.servlets.EchoServlet-60d1a32f==org.jsoup.integration.servlets.EchoServlet@1f7ecb09{jsp=null,order=-1,inst=true,async=true,src=EMBEDDED:null,STARTED}
[DEBUG] chain=null
[DEBUG] write(array HeapByteBuffer@492fff71[p=0,l=235,c=512,r=235]={<<<<title>Webserver Environm...\n    <table border="0">>>>\x00\x00\x00\x00\x00\x00\x00\x00\x00...\x00\x00\x00\x00\x00\x00\x00})
[DEBUG] write(array) s=OPEN,api=BLOCKING,sc=false,e=null aggregated !flush DirectByteBuffer@6ae05ec4[p=0,l=235,c=32768,r=235]={<<<<title>Webserver Environm...\n    <table border="0">>>>et eget, ...gue. Pr}
[DEBUG] write(array HeapByteBuffer@4bcf489e[p=0,l=37,c=512,r=37]={<<<<tr><th>Method</th><td>POST</td></tr>>>>s</title>...\x00\x00\x00\x00\x00\x00\x00})
[DEBUG] write(array) s=OPEN,api=BLOCKING,sc=false,e=null aggregated !flush DirectByteBuffer@6ae05ec4[p=0,l=272,c=32768,r=272]={<<<<title>Webserver Environm...</th><td>POST</td></tr>>>>rci. <b>I...gue. Pr}
[DEBUG] write(array HeapByteBuffer@39d333aa[p=0,l=1,c=512,r=1]={<<<\n>>>tr><th>Me...\x00\x00\x00\x00\x00\x00\x00})
[DEBUG] write(array) s=OPEN,api=BLOCKING,sc=false,e=null aggregated !flush DirectByteBuffer@6ae05ec4[p=0,l=273,c=32768,r=273]={<<<<title>Webserver Environm.../th><td>POST</td></tr>\n>>>ci. <b>In...gue. Pr}
[DEBUG] write(array HeapByteBuffer@7586dfcf[p=0,l=50,c=512,r=50]={<<<<tr><th>Request URI</th><...>/EchoServlet</td></tr>>>> <style t...\x00\x00\x00\x00\x00\x00\x00})
[DEBUG] write(array) s=OPEN,api=BLOCKING,sc=false,e=null aggregated !flush DirectByteBuffer@6ae05ec4[p=0,l=323,c=32768,r=323]={<<<<title>Webserver Environm...>/EchoServlet</td></tr>>>>cipit sod...gue. Pr}
[DEBUG] write(array HeapByteBuffer@43646279[p=0,l=1,c=512,r=1]={<<<\n>>>tr><th>Re...\x00\x00\x00\x00\x00\x00\x00})
[DEBUG] write(array) s=OPEN,api=BLOCKING,sc=false,e=null aggregated !flush DirectByteBuffer@6ae05ec4[p=0,l=324,c=32768,r=324]={<<<<title>Webserver Environm.../EchoServlet</td></tr>\n>>>ipit soda...gue. Pr}
[DEBUG] write(array HeapByteBuffer@725e4933[p=0,l=39,c=512,r=39]={<<<<tr><th>Query String</th><td></td></tr>>>>t</td></t...\x00\x00\x00\x00\x00\x00\x00})
[DEBUG] write(array) s=OPEN,api=BLOCKING,sc=false,e=null aggregated !flush DirectByteBuffer@6ae05ec4[p=0,l=363,c=32768,r=363]={<<<<title>Webserver Environm...ring</th><td></td></tr>>>>t pede fa...gue. Pr}
[DEBUG] write(array HeapByteBuffer@52b06ab1[p=0,l=1,c=512,r=1]={<<<\n>>>tr><th>Qu...\x00\x00\x00\x00\x00\x00\x00})
[DEBUG] write(array) s=OPEN,api=BLOCKING,sc=false,e=null aggregated !flush DirectByteBuffer@6ae05ec4[p=0,l=364,c=32768,r=364]={<<<<title>Webserver Environm...ing</th><td></td></tr>\n>>> pede fac...gue. Pr}
[DEBUG] write(array HeapByteBuffer@110baf8f[p=0,l=85,c=512,r=85]={<<<<tr><th>Accept</th><td>te....2, */*; q=.2</td></tr>>>>, td, th ...\x00\x00\x00\x00\x00\x00\x00})
[DEBUG] write(array) s=OPEN,api=BLOCKING,sc=false,e=null aggregated !flush DirectByteBuffer@6ae05ec4[p=0,l=449,c=32768,r=449]={<<<<title>Webserver Environm....2, */*; q=.2</td></tr>>>>s at, neq...gue. Pr}
[DEBUG] write(array HeapByteBuffer@719c707d[p=0,l=1,c=512,r=1]={<<<\n>>>tr><th>Ac...\x00\x00\x00\x00\x00\x00\x00})
[DEBUG] write(array) s=OPEN,api=BLOCKING,sc=false,e=null aggregated !flush DirectByteBuffer@6ae05ec4[p=0,l=450,c=32768,r=450]={<<<<title>Webserver Environm...2, */*; q=.2</td></tr>\n>>> at, nequ...gue. Pr}
[DEBUG] write(array HeapByteBuffer@710ba8ac[p=0,l=152,c=512,r=152]={<<<<tr><th>User-Agent</th><t...Safari/537.36</td></tr>>>>      th ...\x00\x00\x00\x00\x00\x00\x00})
[DEBUG] write(array) s=OPEN,api=BLOCKING,sc=false,e=null aggregated !flush DirectByteBuffer@6ae05ec4[p=0,l=602,c=32768,r=602]={<<<<title>Webserver Environm...Safari/537.36</td></tr>>>>. Vivamus...gue. Pr}
[DEBUG] write(array HeapByteBuffer@20bfa1de[p=0,l=1,c=512,r=1]={<<<\n>>>tr><th>Us...\x00\x00\x00\x00\x00\x00\x00})
[DEBUG] write(array) s=OPEN,api=BLOCKING,sc=false,e=null aggregated !flush DirectByteBuffer@6ae05ec4[p=0,l=603,c=32768,r=603]={<<<<title>Webserver Environm...afari/537.36</td></tr>\n>>> Vivamus ...gue. Pr}
[DEBUG] write(array HeapByteBuffer@6c840591[p=0,l=47,c=512,r=47]={<<<<tr><th>Connection</th><td>keep-alive</td></tr>>>> NT 10.0;...\x00\x00\x00\x00\x00\x00\x00})
[DEBUG] write(array) s=OPEN,api=BLOCKING,sc=false,e=null aggregated !flush DirectByteBuffer@6ae05ec4[p=0,l=650,c=32768,r=650]={<<<<title>Webserver Environm...td>keep-alive</td></tr>>>>>Lorem ip...gue. Pr}
[DEBUG] write(array HeapByteBuffer@7e898fe4[p=0,l=1,c=512,r=1]={<<<\n>>>tr><th>Co...\x00\x00\x00\x00\x00\x00\x00})
[DEBUG] write(array) s=OPEN,api=BLOCKING,sc=false,e=null aggregated !flush DirectByteBuffer@6ae05ec4[p=0,l=651,c=32768,r=651]={<<<<title>Webserver Environm...d>keep-alive</td></tr>\n>>>Lorem ips...gue. Pr}
[DEBUG] write(array HeapByteBuffer@52eb0651[p=0,l=46,c=512,r=46]={<<<<tr><th>Host</th><td>localhost:35372</td></tr>>>>> NT 10.0...\x00\x00\x00\x00\x00\x00\x00})
[DEBUG] write(array) s=OPEN,api=BLOCKING,sc=false,e=null aggregated !flush DirectByteBuffer@6ae05ec4[p=0,l=697,c=32768,r=697]={<<<<title>Webserver Environm...calhost:35372</td></tr>>>>cing elit...gue. Pr}
[DEBUG] write(array HeapByteBuffer@f87ec83[p=0,l=1,c=512,r=1]={<<<\n>>>tr><th>Ho...\x00\x00\x00\x00\x00\x00\x00})
[DEBUG] write(array) s=OPEN,api=BLOCKING,sc=false,e=null aggregated !flush DirectByteBuffer@6ae05ec4[p=0,l=698,c=32768,r=698]={<<<<title>Webserver Environm...alhost:35372</td></tr>\n>>>ing elit....gue. Pr}
[DEBUG] write(array HeapByteBuffer@4363d86f[p=0,l=46,c=512,r=46]={<<<<tr><th>Accept-Encoding</th><td>gzip</td></tr>>>>> NT 10.0...\x00\x00\x00\x00\x00\x00\x00})
[DEBUG] write(array) s=OPEN,api=BLOCKING,sc=false,e=null aggregated !flush DirectByteBuffer@6ae05ec4[p=0,l=744,c=32768,r=744]={<<<<title>Webserver Environm...</th><td>gzip</td></tr>>>>i>Integer...gue. Pr}
[DEBUG] write(array HeapByteBuffer@71a79948[p=0,l=1,c=512,r=1]={<<<\n>>>tr><th>Ac...\x00\x00\x00\x00\x00\x00\x00})
[DEBUG] write(array) s=OPEN,api=BLOCKING,sc=false,e=null aggregated !flush DirectByteBuffer@6ae05ec4[p=0,l=745,c=32768,r=745]={<<<<title>Webserver Environm.../th><td>gzip</td></tr>\n>>>>Integer ...gue. Pr}
[DEBUG] write(array HeapByteBuffer@7b74d0a3[p=0,l=43,c=512,r=43]={<<<<tr><th>Content-Length</th><td>69</td></tr>>>>tr>> NT 1...\x00\x00\x00\x00\x00\x00\x00})
[DEBUG] write(array) s=OPEN,api=BLOCKING,sc=false,e=null aggregated !flush DirectByteBuffer@6ae05ec4[p=0,l=788,c=32768,r=788]={<<<<title>Webserver Environm...th</th><td>69</td></tr>>>>us diam. ...gue. Pr}
[DEBUG] write(array HeapByteBuffer@4b27d8ba[p=0,l=1,c=512,r=1]={<<<\n>>>tr><th>Co...\x00\x00\x00\x00\x00\x00\x00})
[DEBUG] write(array) s=OPEN,api=BLOCKING,sc=false,e=null aggregated !flush DirectByteBuffer@6ae05ec4[p=0,l=789,c=32768,r=789]={<<<<title>Webserver Environm...h</th><td>69</td></tr>\n>>>s diam. S...gue. Pr}
[DEBUG] write(array HeapByteBuffer@165ad111[p=0,l=87,c=512,r=87]={<<<<tr><th>Content-Type</th>...charset=UTF-8</td></tr>>>> (KHTML, ...\x00\x00\x00\x00\x00\x00\x00})
[DEBUG] write(array) s=OPEN,api=BLOCKING,sc=false,e=null aggregated !flush DirectByteBuffer@6ae05ec4[p=0,l=876,c=32768,r=876]={<<<<title>Webserver Environm...charset=UTF-8</td></tr>>>>sent maur...gue. Pr}
[DEBUG] write(array HeapByteBuffer@5bfa774b[p=0,l=1,c=512,r=1]={<<<\n>>>tr><th>Co...\x00\x00\x00\x00\x00\x00\x00})
[DEBUG] write(array) s=OPEN,api=BLOCKING,sc=false,e=null aggregated !flush DirectByteBuffer@6ae05ec4[p=0,l=877,c=32768,r=877]={<<<<title>Webserver Environm...harset=UTF-8</td></tr>\n>>>ent mauri...gue. Pr}
[DEBUG] HttpConnection@3e7171e5::SocketChannelEndPoint@3d491fad{l=/127.0.0.1:35372,r=/127.0.0.1:60190,OPEN,fill=-,flush=-,to=8/30000}{io=0/0,kio=0,kro=1}->HttpConnection@3e7171e5[p=HttpParser{s=CONTENT,0 of 69},g=HttpGenerator@274dcaa5{s=START}]=>HttpChannelOverHttp@36eb5f45{s=HttpChannelState@23232c72{s=HANDLING rs=BLOCKING os=OPEN is=IDLE awp=false se=false i=true al=0},r=15,c=false/false,a=HANDLING,uri=//localhost:35372/EchoServlet,age=8} parse HeapByteBuffer@1ef04a69[p=375,l=444,c=8192,r=69]={POST /Ech... 69\r\n\r\n<<<Hello=there&loc=http%3A%2...%2FEchoServlet&code=307>>>\x00\x00\x00\x00\x00\x00\x00\x00\x00...\x00\x00\x00\x00\x00\x00\x00} {}
[DEBUG] parseNext s=CONTENT HeapByteBuffer@1ef04a69[p=375,l=444,c=8192,r=69]={POST /Ech... 69\r\n\r\n<<<Hello=there&loc=http%3A%2...%2FEchoServlet&code=307>>>\x00\x00\x00\x00\x00\x00\x00\x00\x00...\x00\x00\x00\x00\x00\x00\x00}
[DEBUG] onContent HttpChannelOverHttp@36eb5f45{s=HttpChannelState@23232c72{s=HANDLING rs=BLOCKING os=OPEN is=IDLE awp=false se=false i=true al=0},r=15,c=false/false,a=HANDLING,uri=//localhost:35372/EchoServlet,age=8} Content@656455f{HeapByteBufferR@73c1af27[p=375,l=444,c=8192,r=69]={POST /Ech... 69\r\n\r\n<<<Hello=there&loc=http%3A%2...%2FEchoServlet&code=307>>>\x00\x00\x00\x00\x00\x00\x00\x00\x00...\x00\x00\x00\x00\x00\x00\x00}}
[DEBUG] HttpInputOverHTTP@376cf161[c=0,q=0,[0]=null,s=STREAM] addContent Content@656455f{HeapByteBufferR@73c1af27[p=375,l=444,c=8192,r=69]={POST /Ech... 69\r\n\r\n<<<Hello=there&loc=http%3A%2...%2FEchoServlet&code=307>>>\x00\x00\x00\x00\x00\x00\x00\x00\x00...\x00\x00\x00\x00\x00\x00\x00}}
[DEBUG] CONTENT --> CONTENT_END
[DEBUG] onContentComplete HttpChannelOverHttp@36eb5f45{s=HttpChannelState@23232c72{s=HANDLING rs=BLOCKING os=OPEN is=IDLE awp=false se=false i=true al=0},r=15,c=false/false,a=HANDLING,uri=//localhost:35372/EchoServlet,age=9}
[DEBUG] CONTENT_END --> END
[DEBUG] onRequestComplete HttpChannelOverHttp@36eb5f45{s=HttpChannelState@23232c72{s=HANDLING rs=BLOCKING os=OPEN is=IDLE awp=false se=false i=true al=0},r=15,c=false/false,a=HANDLING,uri=//localhost:35372/EchoServlet,age=9}
[DEBUG] HttpInputOverHTTP@376cf161[c=0,q=1,[0]=EOF,s=STREAM] addContent EOF
[DEBUG] HttpConnection@3e7171e5::SocketChannelEndPoint@3d491fad{l=/127.0.0.1:35372,r=/127.0.0.1:60190,OPEN,fill=-,flush=-,to=9/30000}{io=0/0,kio=0,kro=1}->HttpConnection@3e7171e5[p=HttpParser{s=END,69 of 69},g=HttpGenerator@274dcaa5{s=START}]=>HttpChannelOverHttp@36eb5f45{s=HttpChannelState@23232c72{s=HANDLING rs=BLOCKING os=OPEN is=IDLE awp=false se=false i=true al=0},r=15,c=false/false,a=HANDLING,uri=//localhost:35372/EchoServlet,age=9} parsed false HttpParser{s=END,69 of 69}
[DEBUG] HttpInputOverHTTP@376cf161[c=1,q=1,[0]=EOF,s=STREAM] read 1 from Content@656455f{HeapByteBufferR@73c1af27[p=376,l=444,c=8192,r=68]={POST /Ech...69\r\n\r\nH<<<ello=there&loc=http%3A%2F...%2FEchoServlet&code=307>>>\x00\x00\x00\x00\x00\x00\x00\x00\x00...\x00\x00\x00\x00\x00\x00\x00}}
[DEBUG] HttpInputOverHTTP@376cf161[c=2,q=1,[0]=EOF,s=STREAM] read 1 from Content@656455f{HeapByteBufferR@73c1af27[p=377,l=444,c=8192,r=67]={POST /Ech...9\r\n\r\nHe<<<llo=there&loc=http%3A%2F%...%2FEchoServlet&code=307>>>\x00\x00\x00\x00\x00\x00\x00\x00\x00...\x00\x00\x00\x00\x00\x00\x00}}
[DEBUG] HttpInputOverHTTP@376cf161[c=3,q=1,[0]=EOF,s=STREAM] read 1 from Content@656455f{HeapByteBufferR@73c1af27[p=378,l=444,c=8192,r=66]={POST /Ech...\r\n\r\nHel<<<lo=there&loc=http%3A%2F%2...%2FEchoServlet&code=307>>>\x00\x00\x00\x00\x00\x00\x00\x00\x00...\x00\x00\x00\x00\x00\x00\x00}}
[DEBUG] HttpInputOverHTTP@376cf161[c=4,q=1,[0]=EOF,s=STREAM] read 1 from Content@656455f{HeapByteBufferR@73c1af27[p=379,l=444,c=8192,r=65]={POST /Ech...\n\r\nHell<<<o=there&loc=http%3A%2F%2F...%2FEchoServlet&code=307>>>\x00\x00\x00\x00\x00\x00\x00\x00\x00...\x00\x00\x00\x00\x00\x00\x00}}
[DEBUG] HttpInputOverHTTP@376cf161[c=5,q=1,[0]=EOF,s=STREAM] read 1 from Content@656455f{HeapByteBufferR@73c1af27[p=380,l=444,c=8192,r=64]={POST /Ech...\r\nHello<<<=there&loc=http%3A%2F%2Fl...%2FEchoServlet&code=307>>>\x00\x00\x00\x00\x00\x00\x00\x00\x00...\x00\x00\x00\x00\x00\x00\x00}}
[DEBUG] HttpInputOverHTTP@376cf161[c=6,q=1,[0]=EOF,s=STREAM] read 1 from Content@656455f{HeapByteBufferR@73c1af27[p=381,l=444,c=8192,r=63]={POST /Ech...\nHello=<<<there&loc=http%3A%2F%2Flo...%2FEchoServlet&code=307>>>\x00\x00\x00\x00\x00\x00\x00\x00\x00...\x00\x00\x00\x00\x00\x00\x00}}
[DEBUG] HttpInputOverHTTP@376cf161[c=7,q=1,[0]=EOF,s=STREAM] read 1 from Content@656455f{HeapByteBufferR@73c1af27[p=382,l=444,c=8192,r=62]={POST /Ech...Hello=t<<<here&loc=http%3A%2F%2Floc...%2FEchoServlet&code=307>>>\x00\x00\x00\x00\x00\x00\x00\x00\x00...\x00\x00\x00\x00\x00\x00\x00}}
[DEBUG] HttpInputOverHTTP@376cf161[c=8,q=1,[0]=EOF,s=STREAM] read 1 from Content@656455f{HeapByteBufferR@73c1af27[p=383,l=444,c=8192,r=61]={POST /Ech...ello=th<<<ere&loc=http%3A%2F%2Floca...%2FEchoServlet&code=307>>>\x00\x00\x00\x00\x00\x00\x00\x00\x00...\x00\x00\x00\x00\x00\x00\x00}}
[DEBUG] HttpInputOverHTTP@376cf161[c=9,q=1,[0]=EOF,s=STREAM] read 1 from Content@656455f{HeapByteBufferR@73c1af27[p=384,l=444,c=8192,r=60]={POST /Ech...llo=the<<<re&loc=http%3A%2F%2Flocal...%2FEchoServlet&code=307>>>\x00\x00\x00\x00\x00\x00\x00\x00\x00...\x00\x00\x00\x00\x00\x00\x00}}
[DEBUG] HttpInputOverHTTP@376cf161[c=10,q=1,[0]=EOF,s=STREAM] read 1 from Content@656455f{HeapByteBufferR@73c1af27[p=385,l=444,c=8192,r=59]={POST /Ech...lo=ther<<<e&loc=http%3A%2F%2Flocalh...%2FEchoServlet&code=307>>>\x00\x00\x00\x00\x00\x00\x00\x00\x00...\x00\x00\x00\x00\x00\x00\x00}}
[DEBUG] HttpInputOverHTTP@376cf161[c=11,q=1,[0]=EOF,s=STREAM] read 1 from Content@656455f{HeapByteBufferR@73c1af27[p=386,l=444,c=8192,r=58]={POST /Ech...o=there<<<&loc=http%3A%2F%2Flocalho...%2FEchoServlet&code=307>>>\x00\x00\x00\x00\x00\x00\x00\x00\x00...\x00\x00\x00\x00\x00\x00\x00}}
[DEBUG] HttpInputOverHTTP@376cf161[c=12,q=1,[0]=EOF,s=STREAM] read 1 from Content@656455f{HeapByteBufferR@73c1af27[p=387,l=444,c=8192,r=57]={POST /Ech...=there&<<<loc=http%3A%2F%2Flocalhos...%2FEchoServlet&code=307>>>\x00\x00\x00\x00\x00\x00\x00\x00\x00...\x00\x00\x00\x00\x00\x00\x00}}
[DEBUG] HttpInputOverHTTP@376cf161[c=13,q=1,[0]=EOF,s=STREAM] read 1 from Content@656455f{HeapByteBufferR@73c1af27[p=388,l=444,c=8192,r=56]={POST /Ech...there&l<<<oc=http%3A%2F%2Flocalhost...%2FEchoServlet&code=307>>>\x00\x00\x00\x00\x00\x00\x00\x00\x00...\x00\x00\x00\x00\x00\x00\x00}}
[DEBUG] HttpInputOverHTTP@376cf161[c=14,q=1,[0]=EOF,s=STREAM] read 1 from Content@656455f{HeapByteBufferR@73c1af27[p=389,l=444,c=8192,r=55]={POST /Ech...here&lo<<<c=http%3A%2F%2Flocalhost%...%2FEchoServlet&code=307>>>\x00\x00\x00\x00\x00\x00\x00\x00\x00...\x00\x00\x00\x00\x00\x00\x00}}
[DEBUG] HttpInputOverHTTP@376cf161[c=15,q=1,[0]=EOF,s=STREAM] read 1 from Content@656455f{HeapByteBufferR@73c1af27[p=390,l=444,c=8192,r=54]={POST /Ech...ere&loc<<<=http%3A%2F%2Flocalhost%3...%2FEchoServlet&code=307>>>\x00\x00\x00\x00\x00\x00\x00\x00\x00...\x00\x00\x00\x00\x00\x00\x00}}
[DEBUG] HttpInputOverHTTP@376cf161[c=16,q=1,[0]=EOF,s=STREAM] read 1 from Content@656455f{HeapByteBufferR@73c1af27[p=391,l=444,c=8192,r=53]={POST /Ech...re&loc=<<<http%3A%2F%2Flocalhost%3A...%2FEchoServlet&code=307>>>\x00\x00\x00\x00\x00\x00\x00\x00\x00...\x00\x00\x00\x00\x00\x00\x00}}
[DEBUG] HttpInputOverHTTP@376cf161[c=17,q=1,[0]=EOF,s=STREAM] read 1 from Content@656455f{HeapByteBufferR@73c1af27[p=392,l=444,c=8192,r=52]={POST /Ech...e&loc=h<<<ttp%3A%2F%2Flocalhost%3A3...%2FEchoServlet&code=307>>>\x00\x00\x00\x00\x00\x00\x00\x00\x00...\x00\x00\x00\x00\x00\x00\x00}}
[DEBUG] HttpInputOverHTTP@376cf161[c=18,q=1,[0]=EOF,s=STREAM] read 1 from Content@656455f{HeapByteBufferR@73c1af27[p=393,l=444,c=8192,r=51]={POST /Ech...&loc=ht<<<tp%3A%2F%2Flocalhost%3A35...%2FEchoServlet&code=307>>>\x00\x00\x00\x00\x00\x00\x00\x00\x00...\x00\x00\x00\x00\x00\x00\x00}}
[DEBUG] HttpInputOverHTTP@376cf161[c=19,q=1,[0]=EOF,s=STREAM] read 1 from Content@656455f{HeapByteBufferR@73c1af27[p=394,l=444,c=8192,r=50]={POST /Ech...loc=htt<<<p%3A%2F%2Flocalhost%3A353...%2FEchoServlet&code=307>>>\x00\x00\x00\x00\x00\x00\x00\x00\x00...\x00\x00\x00\x00\x00\x00\x00}}
[DEBUG] HttpInputOverHTTP@376cf161[c=20,q=1,[0]=EOF,s=STREAM] read 1 from Content@656455f{HeapByteBufferR@73c1af27[p=395,l=444,c=8192,r=49]={POST /Ech...oc=http<<<%3A%2F%2Flocalhost%3A3537...%2FEchoServlet&code=307>>>\x00\x00\x00\x00\x00\x00\x00\x00\x00...\x00\x00\x00\x00\x00\x00\x00}}
[DEBUG] HttpInputOverHTTP@376cf161[c=21,q=1,[0]=EOF,s=STREAM] read 1 from Content@656455f{HeapByteBufferR@73c1af27[p=396,l=444,c=8192,r=48]={POST /Ech...c=http%<<<3A%2F%2Flocalhost%3A35372%2FEchoServlet&code=307>>>\x00\x00\x00\x00\x00\x00\x00\x00\x00...\x00\x00\x00\x00\x00\x00\x00}}
[DEBUG] HttpInputOverHTTP@376cf161[c=22,q=1,[0]=EOF,s=STREAM] read 1 from Content@656455f{HeapByteBufferR@73c1af27[p=397,l=444,c=8192,r=47]={POST /Ech...=http%3<<<A%2F%2Flocalhost%3A35372%2FEchoServlet&code=307>>>\x00\x00\x00\x00\x00\x00\x00\x00\x00...\x00\x00\x00\x00\x00\x00\x00}}
[DEBUG] HttpInputOverHTTP@376cf161[c=23,q=1,[0]=EOF,s=STREAM] read 1 from Content@656455f{HeapByteBufferR@73c1af27[p=398,l=444,c=8192,r=46]={POST /Ech...http%3A<<<%2F%2Flocalhost%3A35372%2FEchoServlet&code=307>>>\x00\x00\x00\x00\x00\x00\x00\x00\x00...\x00\x00\x00\x00\x00\x00\x00}}
[DEBUG] HttpInputOverHTTP@376cf161[c=24,q=1,[0]=EOF,s=STREAM] read 1 from Content@656455f{HeapByteBufferR@73c1af27[p=399,l=444,c=8192,r=45]={POST /Ech...ttp%3A%<<<2F%2Flocalhost%3A35372%2FEchoServlet&code=307>>>\x00\x00\x00\x00\x00\x00\x00\x00\x00...\x00\x00\x00\x00\x00\x00\x00}}
[DEBUG] HttpInputOverHTTP@376cf161[c=25,q=1,[0]=EOF,s=STREAM] read 1 from Content@656455f{HeapByteBufferR@73c1af27[p=400,l=444,c=8192,r=44]={POST /Ech...tp%3A%2<<<F%2Flocalhost%3A35372%2FEchoServlet&code=307>>>\x00\x00\x00\x00\x00\x00\x00\x00\x00...\x00\x00\x00\x00\x00\x00\x00}}
[DEBUG] HttpInputOverHTTP@376cf161[c=26,q=1,[0]=EOF,s=STREAM] read 1 from Content@656455f{HeapByteBufferR@73c1af27[p=401,l=444,c=8192,r=43]={POST /Ech...p%3A%2F<<<%2Flocalhost%3A35372%2FEchoServlet&code=307>>>\x00\x00\x00\x00\x00\x00\x00\x00\x00...\x00\x00\x00\x00\x00\x00\x00}}
[DEBUG] HttpInputOverHTTP@376cf161[c=27,q=1,[0]=EOF,s=STREAM] read 1 from Content@656455f{HeapByteBufferR@73c1af27[p=402,l=444,c=8192,r=42]={POST /Ech...%3A%2F%<<<2Flocalhost%3A35372%2FEchoServlet&code=307>>>\x00\x00\x00\x00\x00\x00\x00\x00\x00...\x00\x00\x00\x00\x00\x00\x00}}
[DEBUG] HttpInputOverHTTP@376cf161[c=28,q=1,[0]=EOF,s=STREAM] read 1 from Content@656455f{HeapByteBufferR@73c1af27[p=403,l=444,c=8192,r=41]={POST /Ech...3A%2F%2<<<Flocalhost%3A35372%2FEchoServlet&code=307>>>\x00\x00\x00\x00\x00\x00\x00\x00\x00...\x00\x00\x00\x00\x00\x00\x00}}
[DEBUG] HttpInputOverHTTP@376cf161[c=29,q=1,[0]=EOF,s=STREAM] read 1 from Content@656455f{HeapByteBufferR@73c1af27[p=404,l=444,c=8192,r=40]={POST /Ech...A%2F%2F<<<localhost%3A35372%2FEchoServlet&code=307>>>\x00\x00\x00\x00\x00\x00\x00\x00\x00...\x00\x00\x00\x00\x00\x00\x00}}
[DEBUG] HttpInputOverHTTP@376cf161[c=30,q=1,[0]=EOF,s=STREAM] read 1 from Content@656455f{HeapByteBufferR@73c1af27[p=405,l=444,c=8192,r=39]={POST /Ech...%2F%2Fl<<<ocalhost%3A35372%2FEchoServlet&code=307>>>\x00\x00\x00\x00\x00\x00\x00\x00\x00...\x00\x00\x00\x00\x00\x00\x00}}
[DEBUG] HttpInputOverHTTP@376cf161[c=31,q=1,[0]=EOF,s=STREAM] read 1 from Content@656455f{HeapByteBufferR@73c1af27[p=406,l=444,c=8192,r=38]={POST /Ech...2F%2Flo<<<calhost%3A35372%2FEchoServlet&code=307>>>\x00\x00\x00\x00\x00\x00\x00\x00\x00...\x00\x00\x00\x00\x00\x00\x00}}
[DEBUG] HttpInputOverHTTP@376cf161[c=32,q=1,[0]=EOF,s=STREAM] read 1 from Content@656455f{HeapByteBufferR@73c1af27[p=407,l=444,c=8192,r=37]={POST /Ech...F%2Floc<<<alhost%3A35372%2FEchoServlet&code=307>>>\x00\x00\x00\x00\x00\x00\x00\x00\x00...\x00\x00\x00\x00\x00\x00\x00}}
[DEBUG] HttpInputOverHTTP@376cf161[c=33,q=1,[0]=EOF,s=STREAM] read 1 from Content@656455f{HeapByteBufferR@73c1af27[p=408,l=444,c=8192,r=36]={POST /Ech...%2Floca<<<lhost%3A35372%2FEchoServlet&code=307>>>\x00\x00\x00\x00\x00\x00\x00\x00\x00...\x00\x00\x00\x00\x00\x00\x00}}
[DEBUG] HttpInputOverHTTP@376cf161[c=34,q=1,[0]=EOF,s=STREAM] read 1 from Content@656455f{HeapByteBufferR@73c1af27[p=409,l=444,c=8192,r=35]={POST /Ech...2Flocal<<<host%3A35372%2FEchoServlet&code=307>>>\x00\x00\x00\x00\x00\x00\x00\x00\x00...\x00\x00\x00\x00\x00\x00\x00}}
[DEBUG] HttpInputOverHTTP@376cf161[c=35,q=1,[0]=EOF,s=STREAM] read 1 from Content@656455f{HeapByteBufferR@73c1af27[p=410,l=444,c=8192,r=34]={POST /Ech...Flocalh<<<ost%3A35372%2FEchoServlet&code=307>>>\x00\x00\x00\x00\x00\x00\x00\x00\x00...\x00\x00\x00\x00\x00\x00\x00}}
[DEBUG] HttpInputOverHTTP@376cf161[c=36,q=1,[0]=EOF,s=STREAM] read 1 from Content@656455f{HeapByteBufferR@73c1af27[p=411,l=444,c=8192,r=33]={POST /Ech...localho<<<st%3A35372%2FEchoServlet&code=307>>>\x00\x00\x00\x00\x00\x00\x00\x00\x00...\x00\x00\x00\x00\x00\x00\x00}}
[DEBUG] HttpInputOverHTTP@376cf161[c=37,q=1,[0]=EOF,s=STREAM] read 1 from Content@656455f{HeapByteBufferR@73c1af27[p=412,l=444,c=8192,r=32]={POST /Ech...ocalhos<<<t%3A35372%2FEchoServlet&code=307>>>\x00\x00\x00\x00\x00\x00\x00\x00\x00...\x00\x00\x00\x00\x00\x00\x00}}
[DEBUG] HttpInputOverHTTP@376cf161[c=38,q=1,[0]=EOF,s=STREAM] read 1 from Content@656455f{HeapByteBufferR@73c1af27[p=413,l=444,c=8192,r=31]={POST /Ech...calhost<<<%3A35372%2FEchoServlet&code=307>>>\x00\x00\x00\x00\x00\x00\x00\x00\x00...\x00\x00\x00\x00\x00\x00\x00}}
[DEBUG] HttpInputOverHTTP@376cf161[c=39,q=1,[0]=EOF,s=STREAM] read 1 from Content@656455f{HeapByteBufferR@73c1af27[p=414,l=444,c=8192,r=30]={POST /Ech...alhost%<<<3A35372%2FEchoServlet&code=307>>>\x00\x00\x00\x00\x00\x00\x00\x00\x00...\x00\x00\x00\x00\x00\x00\x00}}
[DEBUG] HttpInputOverHTTP@376cf161[c=40,q=1,[0]=EOF,s=STREAM] read 1 from Content@656455f{HeapByteBufferR@73c1af27[p=415,l=444,c=8192,r=29]={POST /Ech...lhost%3<<<A35372%2FEchoServlet&code=307>>>\x00\x00\x00\x00\x00\x00\x00\x00\x00...\x00\x00\x00\x00\x00\x00\x00}}
[DEBUG] HttpInputOverHTTP@376cf161[c=41,q=1,[0]=EOF,s=STREAM] read 1 from Content@656455f{HeapByteBufferR@73c1af27[p=416,l=444,c=8192,r=28]={POST /Ech...host%3A<<<35372%2FEchoServlet&code=307>>>\x00\x00\x00\x00\x00\x00\x00\x00\x00...\x00\x00\x00\x00\x00\x00\x00}}
[DEBUG] HttpInputOverHTTP@376cf161[c=42,q=1,[0]=EOF,s=STREAM] read 1 from Content@656455f{HeapByteBufferR@73c1af27[p=417,l=444,c=8192,r=27]={POST /Ech...ost%3A3<<<5372%2FEchoServlet&code=307>>>\x00\x00\x00\x00\x00\x00\x00\x00\x00...\x00\x00\x00\x00\x00\x00\x00}}
[DEBUG] HttpInputOverHTTP@376cf161[c=43,q=1,[0]=EOF,s=STREAM] read 1 from Content@656455f{HeapByteBufferR@73c1af27[p=418,l=444,c=8192,r=26]={POST /Ech...st%3A35<<<372%2FEchoServlet&code=307>>>\x00\x00\x00\x00\x00\x00\x00\x00\x00...\x00\x00\x00\x00\x00\x00\x00}}
[DEBUG] HttpInputOverHTTP@376cf161[c=44,q=1,[0]=EOF,s=STREAM] read 1 from Content@656455f{HeapByteBufferR@73c1af27[p=419,l=444,c=8192,r=25]={POST /Ech...t%3A353<<<72%2FEchoServlet&code=307>>>\x00\x00\x00\x00\x00\x00\x00\x00\x00...\x00\x00\x00\x00\x00\x00\x00}}
[DEBUG] HttpInputOverHTTP@376cf161[c=45,q=1,[0]=EOF,s=STREAM] read 1 from Content@656455f{HeapByteBufferR@73c1af27[p=420,l=444,c=8192,r=24]={POST /Ech...%3A3537<<<2%2FEchoServlet&code=307>>>\x00\x00\x00\x00\x00\x00\x00\x00\x00...\x00\x00\x00\x00\x00\x00\x00}}
[DEBUG] HttpInputOverHTTP@376cf161[c=46,q=1,[0]=EOF,s=STREAM] read 1 from Content@656455f{HeapByteBufferR@73c1af27[p=421,l=444,c=8192,r=23]={POST /Ech...3A35372<<<%2FEchoServlet&code=307>>>\x00\x00\x00\x00\x00\x00\x00\x00\x00...\x00\x00\x00\x00\x00\x00\x00}}
[DEBUG] HttpInputOverHTTP@376cf161[c=47,q=1,[0]=EOF,s=STREAM] read 1 from Content@656455f{HeapByteBufferR@73c1af27[p=422,l=444,c=8192,r=22]={POST /Ech...A35372%<<<2FEchoServlet&code=307>>>\x00\x00\x00\x00\x00\x00\x00\x00\x00...\x00\x00\x00\x00\x00\x00\x00}}
[DEBUG] HttpInputOverHTTP@376cf161[c=48,q=1,[0]=EOF,s=STREAM] read 1 from Content@656455f{HeapByteBufferR@73c1af27[p=423,l=444,c=8192,r=21]={POST /Ech...35372%2<<<FEchoServlet&code=307>>>\x00\x00\x00\x00\x00\x00\x00\x00\x00...\x00\x00\x00\x00\x00\x00\x00}}
[DEBUG] HttpInputOverHTTP@376cf161[c=49,q=1,[0]=EOF,s=STREAM] read 1 from Content@656455f{HeapByteBufferR@73c1af27[p=424,l=444,c=8192,r=20]={POST /Ech...5372%2F<<<EchoServlet&code=307>>>\x00\x00\x00\x00\x00\x00\x00\x00\x00...\x00\x00\x00\x00\x00\x00\x00}}
[DEBUG] HttpInputOverHTTP@376cf161[c=50,q=1,[0]=EOF,s=STREAM] read 1 from Content@656455f{HeapByteBufferR@73c1af27[p=425,l=444,c=8192,r=19]={POST /Ech...372%2FE<<<choServlet&code=307>>>\x00\x00\x00\x00\x00\x00\x00\x00\x00...\x00\x00\x00\x00\x00\x00\x00}}
[DEBUG] HttpInputOverHTTP@376cf161[c=51,q=1,[0]=EOF,s=STREAM] read 1 from Content@656455f{HeapByteBufferR@73c1af27[p=426,l=444,c=8192,r=18]={POST /Ech...72%2FEc<<<hoServlet&code=307>>>\x00\x00\x00\x00\x00\x00\x00\x00\x00...\x00\x00\x00\x00\x00\x00\x00}}
[DEBUG] HttpInputOverHTTP@376cf161[c=52,q=1,[0]=EOF,s=STREAM] read 1 from Content@656455f{HeapByteBufferR@73c1af27[p=427,l=444,c=8192,r=17]={POST /Ech...2%2FEch<<<oServlet&code=307>>>\x00\x00\x00\x00\x00\x00\x00\x00\x00...\x00\x00\x00\x00\x00\x00\x00}}
[DEBUG] HttpInputOverHTTP@376cf161[c=53,q=1,[0]=EOF,s=STREAM] read 1 from Content@656455f{HeapByteBufferR@73c1af27[p=428,l=444,c=8192,r=16]={POST /Ech...%2FEcho<<<Servlet&code=307>>>\x00\x00\x00\x00\x00\x00\x00\x00\x00...\x00\x00\x00\x00\x00\x00\x00}}
[DEBUG] HttpInputOverHTTP@376cf161[c=54,q=1,[0]=EOF,s=STREAM] read 1 from Content@656455f{HeapByteBufferR@73c1af27[p=429,l=444,c=8192,r=15]={POST /Ech...2FEchoS<<<ervlet&code=307>>>\x00\x00\x00\x00\x00\x00\x00\x00\x00...\x00\x00\x00\x00\x00\x00\x00}}
[DEBUG] HttpInputOverHTTP@376cf161[c=55,q=1,[0]=EOF,s=STREAM] read 1 from Content@656455f{HeapByteBufferR@73c1af27[p=430,l=444,c=8192,r=14]={POST /Ech...FEchoSe<<<rvlet&code=307>>>\x00\x00\x00\x00\x00\x00\x00\x00\x00...\x00\x00\x00\x00\x00\x00\x00}}
[DEBUG] HttpInputOverHTTP@376cf161[c=56,q=1,[0]=EOF,s=STREAM] read 1 from Content@656455f{HeapByteBufferR@73c1af27[p=431,l=444,c=8192,r=13]={POST /Ech...EchoSer<<<vlet&code=307>>>\x00\x00\x00\x00\x00\x00\x00\x00\x00...\x00\x00\x00\x00\x00\x00\x00}}
[DEBUG] HttpInputOverHTTP@376cf161[c=57,q=1,[0]=EOF,s=STREAM] read 1 from Content@656455f{HeapByteBufferR@73c1af27[p=432,l=444,c=8192,r=12]={POST /Ech...choServ<<<let&code=307>>>\x00\x00\x00\x00\x00\x00\x00\x00\x00...\x00\x00\x00\x00\x00\x00\x00}}
[DEBUG] HttpInputOverHTTP@376cf161[c=58,q=1,[0]=EOF,s=STREAM] read 1 from Content@656455f{HeapByteBufferR@73c1af27[p=433,l=444,c=8192,r=11]={POST /Ech...hoServl<<<et&code=307>>>\x00\x00\x00\x00\x00\x00\x00\x00\x00...\x00\x00\x00\x00\x00\x00\x00}}
[DEBUG] HttpInputOverHTTP@376cf161[c=59,q=1,[0]=EOF,s=STREAM] read 1 from Content@656455f{HeapByteBufferR@73c1af27[p=434,l=444,c=8192,r=10]={POST /Ech...oServle<<<t&code=307>>>\x00\x00\x00\x00\x00\x00\x00\x00\x00...\x00\x00\x00\x00\x00\x00\x00}}
[DEBUG] HttpInputOverHTTP@376cf161[c=60,q=1,[0]=EOF,s=STREAM] read 1 from Content@656455f{HeapByteBufferR@73c1af27[p=435,l=444,c=8192,r=9]={POST /Ech...Servlet<<<&code=307>>>\x00\x00\x00\x00\x00\x00\x00\x00\x00...\x00\x00\x00\x00\x00\x00\x00}}
[DEBUG] HttpInputOverHTTP@376cf161[c=61,q=1,[0]=EOF,s=STREAM] read 1 from Content@656455f{HeapByteBufferR@73c1af27[p=436,l=444,c=8192,r=8]={POST /Ech...ervlet&<<<code=307>>>\x00\x00\x00\x00\x00\x00\x00\x00\x00...\x00\x00\x00\x00\x00\x00\x00}}
[DEBUG] HttpInputOverHTTP@376cf161[c=62,q=1,[0]=EOF,s=STREAM] read 1 from Content@656455f{HeapByteBufferR@73c1af27[p=437,l=444,c=8192,r=7]={POST /Ech...rvlet&c<<<ode=307>>>\x00\x00\x00\x00\x00\x00\x00\x00\x00...\x00\x00\x00\x00\x00\x00\x00}}
[DEBUG] HttpInputOverHTTP@376cf161[c=63,q=1,[0]=EOF,s=STREAM] read 1 from Content@656455f{HeapByteBufferR@73c1af27[p=438,l=444,c=8192,r=6]={POST /Ech...vlet&co<<<de=307>>>\x00\x00\x00\x00\x00\x00\x00\x00\x00...\x00\x00\x00\x00\x00\x00\x00}}
[DEBUG] HttpInputOverHTTP@376cf161[c=64,q=1,[0]=EOF,s=STREAM] read 1 from Content@656455f{HeapByteBufferR@73c1af27[p=439,l=444,c=8192,r=5]={POST /Ech...let&cod<<<e=307>>>\x00\x00\x00\x00\x00\x00\x00\x00\x00...\x00\x00\x00\x00\x00\x00\x00}}
[DEBUG] HttpInputOverHTTP@376cf161[c=65,q=1,[0]=EOF,s=STREAM] read 1 from Content@656455f{HeapByteBufferR@73c1af27[p=440,l=444,c=8192,r=4]={POST /Ech...et&code<<<=307>>>\x00\x00\x00\x00\x00\x00\x00\x00\x00...\x00\x00\x00\x00\x00\x00\x00}}
[DEBUG] HttpInputOverHTTP@376cf161[c=66,q=1,[0]=EOF,s=STREAM] read 1 from Content@656455f{HeapByteBufferR@73c1af27[p=441,l=444,c=8192,r=3]={POST /Ech...t&code=<<<307>>>\x00\x00\x00\x00\x00\x00\x00\x00\x00...\x00\x00\x00\x00\x00\x00\x00}}
[DEBUG] HttpInputOverHTTP@376cf161[c=67,q=1,[0]=EOF,s=STREAM] read 1 from Content@656455f{HeapByteBufferR@73c1af27[p=442,l=444,c=8192,r=2]={POST /Ech...&code=3<<<07>>>\x00\x00\x00\x00\x00\x00\x00\x00\x00...\x00\x00\x00\x00\x00\x00\x00}}
[DEBUG] HttpInputOverHTTP@376cf161[c=68,q=1,[0]=EOF,s=STREAM] read 1 from Content@656455f{HeapByteBufferR@73c1af27[p=443,l=444,c=8192,r=1]={POST /Ech...code=30<<<7>>>\x00\x00\x00\x00\x00\x00\x00\x00\x00...\x00\x00\x00\x00\x00\x00\x00}}
[DEBUG] HttpInputOverHTTP@376cf161[c=69,q=1,[0]=EOF,s=STREAM] read 1 from Content@656455f{HeapByteBufferR@73c1af27[p=444,l=444,c=8192,r=0]={POST /Ech...ode=307<<<>>>\x00\x00\x00\x00\x00\x00\x00\x00\x00...\x00\x00\x00\x00\x00\x00\x00}}
[DEBUG] releaseRequestBuffer HttpConnection@3e7171e5::SocketChannelEndPoint@3d491fad{l=/127.0.0.1:35372,r=/127.0.0.1:60190,OPEN,fill=-,flush=-,to=25/30000}{io=0/0,kio=0,kro=1}->HttpConnection@3e7171e5[p=HttpParser{s=END,69 of 69},g=HttpGenerator@274dcaa5{s=START}]=>HttpChannelOverHttp@36eb5f45{s=HttpChannelState@23232c72{s=HANDLING rs=BLOCKING os=OPEN is=IDLE awp=false se=false i=true al=0},r=15,c=false/false,a=HANDLING,uri=//localhost:35372/EchoServlet,age=25}
[DEBUG] onEof HttpChannelState@23232c72{s=HANDLING rs=BLOCKING os=OPEN is=IDLE awp=false se=false i=true al=0}
[DEBUG] write(array HeapByteBuffer@33532a17[p=0,l=64,c=512,r=64]={<<<<tr><th>loc</th><td>http:...2/EchoServlet</td></tr>>>>charset=U...\x00\x00\x00\x00\x00\x00\x00})
[DEBUG] write(array) s=OPEN,api=BLOCKING,sc=false,e=null aggregated !flush DirectByteBuffer@6ae05ec4[p=0,l=941,c=32768,r=941]={<<<<title>Webserver Environm...2/EchoServlet</td></tr>>>>a. Vestib...gue. Pr}
[DEBUG] write(array HeapByteBuffer@3b9b4319[p=0,l=1,c=512,r=1]={<<<\n>>>tr><th>lo...\x00\x00\x00\x00\x00\x00\x00})
[DEBUG] write(array) s=OPEN,api=BLOCKING,sc=false,e=null aggregated !flush DirectByteBuffer@6ae05ec4[p=0,l=942,c=32768,r=942]={<<<<title>Webserver Environm.../EchoServlet</td></tr>\n>>>. Vestibu...gue. Pr}
[DEBUG] write(array HeapByteBuffer@f539588[p=0,l=34,c=512,r=34]={<<<<tr><th>code</th><td>307</td></tr>>>>st:35372/...\x00\x00\x00\x00\x00\x00\x00})
[DEBUG] write(array) s=OPEN,api=BLOCKING,sc=false,e=null aggregated !flush DirectByteBuffer@6ae05ec4[p=0,l=976,c=32768,r=976]={<<<<title>Webserver Environm...e</th><td>307</td></tr>>>>la. Class...gue. Pr}
[DEBUG] write(array HeapByteBuffer@7195bbd2[p=0,l=1,c=512,r=1]={<<<\n>>>tr><th>co...\x00\x00\x00\x00\x00\x00\x00})
[DEBUG] write(array) s=OPEN,api=BLOCKING,sc=false,e=null aggregated !flush DirectByteBuffer@6ae05ec4[p=0,l=977,c=32768,r=977]={<<<<title>Webserver Environm...</th><td>307</td></tr>\n>>>a. Class ...gue. Pr}
[DEBUG] write(array HeapByteBuffer@5b3c2465[p=0,l=37,c=512,r=37]={<<<<tr><th>Hello</th><td>there</td></tr>>>>35372/Ech...\x00\x00\x00\x00\x00\x00\x00})
[DEBUG] write(array) s=OPEN,api=BLOCKING,sc=false,e=null aggregated !flush DirectByteBuffer@6ae05ec4[p=0,l=1014,c=32768,r=1014]={<<<<title>Webserver Environm.../th><td>there</td></tr>>>>tora torq...gue. Pr}
[DEBUG] write(array HeapByteBuffer@3ade3790[p=0,l=1,c=512,r=1]={<<<\n>>>tr><th>He...\x00\x00\x00\x00\x00\x00\x00})
[DEBUG] write(array) s=OPEN,api=BLOCKING,sc=false,e=null aggregated !flush DirectByteBuffer@6ae05ec4[p=0,l=1015,c=32768,r=1015]={<<<<title>Webserver Environm...th><td>there</td></tr>\n>>>ora torqu...gue. Pr}
[DEBUG] onEof HttpChannelState@23232c72{s=HANDLING rs=BLOCKING os=OPEN is=READY awp=false se=false i=true al=0}
[DEBUG] write(array HeapByteBuffer@29b20a96[p=0,l=8,c=512,r=8]={<<<</table>>>>Hello</th...\x00\x00\x00\x00\x00\x00\x00})
[DEBUG] write(array) s=OPEN,api=BLOCKING,sc=false,e=null aggregated !flush DirectByteBuffer@6ae05ec4[p=0,l=1023,c=32768,r=1023]={<<<<title>Webserver Environm...here</td></tr>\n</table>>>>uent per ...gue. Pr}
[DEBUG] write(array HeapByteBuffer@75256f59[p=0,l=1,c=512,r=1]={<<<\n>>>/table>He...\x00\x00\x00\x00\x00\x00\x00})
[DEBUG] write(array) s=OPEN,api=BLOCKING,sc=false,e=null aggregated !flush DirectByteBuffer@6ae05ec4[p=0,l=1024,c=32768,r=1024]={<<<<title>Webserver Environm...ere</td></tr>\n</table>\n>>>ent per c...gue. Pr}
[DEBUG] handled=true async=false committed=false on HttpChannelOverHttp@36eb5f45{s=HttpChannelState@23232c72{s=HANDLING rs=BLOCKING os=OPEN is=READY awp=false se=false i=true al=0},r=15,c=false/false,a=HANDLING,uri=//localhost:35372/EchoServlet,age=25}
[DEBUG] unhandle HttpChannelState@23232c72{s=HANDLING rs=BLOCKING os=OPEN is=READY awp=false se=false i=true al=0}
[DEBUG] nextAction(false) COMPLETE HttpChannelState@23232c72{s=HANDLING rs=COMPLETING os=OPEN is=READY awp=false se=false i=false al=0}
[DEBUG] action COMPLETE HttpChannelOverHttp@36eb5f45{s=HttpChannelState@23232c72{s=HANDLING rs=COMPLETING os=OPEN is=READY awp=false se=false i=false al=0},r=15,c=false/false,a=HANDLING,uri=//localhost:35372/EchoServlet,age=25}
[DEBUG] complete(org.eclipse.jetty.util.Callback$3@4f006294) s=CLOSING,api=BLOCKED,sc=false,e=null s=false e=null, c=DirectByteBuffer@6ae05ec4[p=0,l=1024,c=32768,r=1024]={<<<<title>Webserver Environm...ere</td></tr>\n</table>\n>>>ent per c...gue. Pr}
[DEBUG] sendResponse info=null content=DirectByteBuffer@6ae05ec4[p=0,l=1024,c=32768,r=1024]={<<<<title>Webserver Environm...ere</td></tr>\n</table>\n>>>ent per c...gue. Pr} complete=true committing=true callback=org.eclipse.jetty.server.HttpOutput$WriteCompleteCB@429ae53
[DEBUG] COMMIT for /EchoServlet on HttpChannelOverHttp@36eb5f45{s=HttpChannelState@23232c72{s=HANDLING rs=COMPLETING os=COMMITTED is=READY awp=false se=false i=false al=0},r=15,c=false/false,a=HANDLING,uri=//localhost:35372/EchoServlet,age=25}
200 null HTTP/1.1
Date: Tue, 28 Sep 2021 06:03:32 GMT
Content-Type: text/html;charset=utf-8
Cache-Control: no-cache
Cache-Control: no-store


[DEBUG] generate: NEED_HEADER for SendCallback@410c6bef[PROCESSING][i=HTTP/1.1{s=200,h=4,cl=-1},cb=org.eclipse.jetty.server.HttpChannel$SendCallback@3d76e2fa] (null,[p=0,l=1024,c=32768,r=1024],true)@START
[DEBUG] generateHeaders HTTP/1.1{s=200,h=4,cl=-1} last=true content=DirectByteBuffer@6ae05ec4[p=0,l=1024,c=32768,r=1024]={<<<<title>Webserver Environm...ere</td></tr>\n</table>\n>>>ent per c...gue. Pr}
[DEBUG] Date: Tue, 28 Sep 2021 06:03:32 GMT
Content-Type: text/html;charset=utf-8
Cache-Control: no-cache
Cache-Control: no-store


[DEBUG] CONTENT_LENGTH
[DEBUG] generate: FLUSH for SendCallback@410c6bef[PROCESSING][i=HTTP/1.1{s=200,h=4,cl=-1},cb=org.eclipse.jetty.server.HttpChannel$SendCallback@3d76e2fa] ([p=0,l=200,c=8192,r=200],[p=0,l=1024,c=32768,r=1024],true)@COMPLETING
[DEBUG] write: WriteFlusher@2071150d{IDLE}->null [HeapByteBuffer@2a66826a[p=0,l=200,c=8192,r=200]={<<<HTTP/1.1 200 OK\r\nDate: Tu...y(9.4.43.v20210629)\r\n\r\n>>>plication...\x86&h\xA0{\xC1\xC2},DirectByteBuffer@6ae05ec4[p=0,l=1024,c=32768,r=1024]={<<<<title>Webserver Environm...ere</td></tr>\n</table>\n>>>ent per c...gue. Pr}]
[DEBUG] update WriteFlusher@2071150d{WRITING}->null:IDLE-->WRITING
]]></system-out>
  </testcase>
  <testcase name="baseHrefCorrectAfterHttpEquiv" classname="org.jsoup.integration.ConnectTest" time="0.03">
    <system-out><![CDATA[[DEBUG] flushed 1224 SocketChannelEndPoint@3d491fad{l=/127.0.0.1:35372,r=/127.0.0.1:60190,OPEN,fill=-,flush=W,to=43/30000}{io=0/0,kio=0,kro=1}->HttpConnection@3e7171e5[p=HttpParser{s=END,69 of 69},g=HttpGenerator@274dcaa5{s=COMPLETING}]=>HttpChannelOverHttp@36eb5f45{s=HttpChannelState@23232c72{s=HANDLING rs=COMPLETING os=COMMITTED is=READY awp=false se=false i=false al=0},r=15,c=false/false,a=HANDLING,uri=//localhost:35372/EchoServlet,age=43}
[DEBUG] Flushed=true written=1224 remaining=0 WriteFlusher@2071150d{WRITING}->null
[DEBUG] update WriteFlusher@2071150d{IDLE}->null:WRITING-->IDLE
[DEBUG] generate: DONE for SendCallback@410c6bef[PROCESSING][i=HTTP/1.1{s=200,h=4,cl=-1},cb=org.eclipse.jetty.server.HttpChannel$SendCallback@3d76e2fa] ([p=200,l=200,c=8192,r=0],[p=1024,l=1024,c=32768,r=0],true)@END
[DEBUG] onWriteComplete(true,null) s=CLOSING,api=BLOCKED,sc=false,e=null->s=CLOSED,api=BLOCKING,sc=false,e=null c=null cb=org.eclipse.jetty.util.Callback$3@4f006294 w=false
[DEBUG] completed HttpChannelState@23232c72{s=HANDLING rs=COMPLETING os=COMPLETED is=READY awp=false se=false i=false al=0}
[DEBUG] unhandle HttpChannelState@23232c72{s=HANDLING rs=COMPLETED os=COMPLETED is=READY awp=false se=false i=false al=0}
[DEBUG] nextAction(false) TERMINATED HttpChannelState@23232c72{s=IDLE rs=COMPLETED os=COMPLETED is=READY awp=false se=false i=false al=0}
[DEBUG] action TERMINATED HttpChannelOverHttp@36eb5f45{s=HttpChannelState@23232c72{s=IDLE rs=COMPLETED os=COMPLETED is=READY awp=false se=false i=false al=0},r=15,c=true/true,a=IDLE,uri=//localhost:35372/EchoServlet,age=44}
[DEBUG] onCompleted for /EchoServlet written=1024
[DEBUG] recycle HttpChannelState@23232c72{s=IDLE rs=COMPLETED os=COMPLETED is=READY awp=false se=false i=false al=0}
[DEBUG] reset HttpParser{s=END,69 of 69}
[DEBUG] END --> START
[DEBUG] !handle TERMINATED HttpChannelOverHttp@36eb5f45{s=HttpChannelState@23232c72{s=IDLE rs=BLOCKING os=OPEN is=IDLE awp=false se=false i=true al=0},r=15,c=false/false,a=IDLE,uri=null,age=0}
[DEBUG] filled 318 HeapByteBuffer@460916c[p=0,l=318,c=8192,r=318]={<<<GET /FileServlet/htmltest...nection: keep-alive\r\n\r\n>>>tion: kee...\x00\x00\x00\x00\x00\x00\x00}
[DEBUG] HttpConnection@3e7171e5::SocketChannelEndPoint@3d491fad{l=/127.0.0.1:35372,r=/127.0.0.1:60190,OPEN,fill=-,flush=-,to=0/30000}{io=0/0,kio=0,kro=1}->HttpConnection@3e7171e5[p=HttpParser{s=START,0 of -1},g=HttpGenerator@274dcaa5{s=START}]=>HttpChannelOverHttp@36eb5f45{s=HttpChannelState@23232c72{s=IDLE rs=BLOCKING os=OPEN is=IDLE awp=false se=false i=true al=0},r=15,c=false/false,a=IDLE,uri=null,age=0} filled 318 HeapByteBuffer@460916c[p=0,l=318,c=8192,r=318]={<<<GET /FileServlet/htmltest...nection: keep-alive\r\n\r\n>>>tion: kee...\x00\x00\x00\x00\x00\x00\x00}
[DEBUG] HttpConnection@3e7171e5::SocketChannelEndPoint@3d491fad{l=/127.0.0.1:35372,r=/127.0.0.1:60190,OPEN,fill=-,flush=-,to=0/30000}{io=0/0,kio=0,kro=1}->HttpConnection@3e7171e5[p=HttpParser{s=START,0 of -1},g=HttpGenerator@274dcaa5{s=START}]=>HttpChannelOverHttp@36eb5f45{s=HttpChannelState@23232c72{s=IDLE rs=BLOCKING os=OPEN is=IDLE awp=false se=false i=true al=0},r=15,c=false/false,a=IDLE,uri=null,age=0} parse HeapByteBuffer@460916c[p=0,l=318,c=8192,r=318]={<<<GET /FileServlet/htmltest...nection: keep-alive\r\n\r\n>>>tion: kee...\x00\x00\x00\x00\x00\x00\x00} {}
[DEBUG] parseNext s=START HeapByteBuffer@460916c[p=0,l=318,c=8192,r=318]={<<<GET /FileServlet/htmltest...nection: keep-alive\r\n\r\n>>>tion: kee...\x00\x00\x00\x00\x00\x00\x00}
[DEBUG] START --> SPACE1
[DEBUG] SPACE1 --> URI
[DEBUG] URI --> SPACE2
[DEBUG] SPACE2 --> REQUEST_VERSION
[DEBUG] REQUEST_VERSION --> HEADER
[DEBUG] HEADER:Accept-Encoding: gzip --> IN_VALUE
[DEBUG] HEADER:Accept-Encoding: gzip --> FIELD
[DEBUG] HEADER:User-Agent: Mozilla/5.0 (Windows NT 10.0; Win64; x64) AppleWebKit/537.36 (KHTML, like Gecko) Chrome/79.0.3945.130 Safari/537.36 --> IN_VALUE
[DEBUG] HEADER:User-Agent: Mozilla/5.0 (Windows NT 10.0; Win64; x64) AppleWebKit/537.36 (KHTML, like Gecko) Chrome/79.0.3945.130 Safari/537.36 --> FIELD
[DEBUG] HEADER:Host: localhost:35372 --> IN_VALUE
[DEBUG] HEADER:Host: localhost:35372 --> FIELD
[DEBUG] HEADER:Accept: text/html, image/gif, image/jpeg, *; q=.2, */*; q=.2 --> IN_VALUE
[DEBUG] HEADER:Accept: text/html, image/gif, image/jpeg, *; q=.2, */*; q=.2 --> FIELD
[DEBUG] HEADER:Connection: keep-alive --> IN_VALUE
[DEBUG] HEADER:Connection: keep-alive --> FIELD
[DEBUG] HEADER --> CONTENT
[DEBUG] REQUEST for //localhost:35372/FileServlet/htmltests/charset-base.html on HttpChannelOverHttp@36eb5f45{s=HttpChannelState@23232c72{s=IDLE rs=BLOCKING os=OPEN is=IDLE awp=false se=false i=true al=0},r=16,c=false/false,a=IDLE,uri=//localhost:35372/FileServlet/htmltests/charset-base.html,age=0}
GET //localhost:35372/FileServlet/htmltests/charset-base.html HTTP/1.1
Accept-Encoding: gzip
User-Agent: Mozilla/5.0 (Windows NT 10.0; Win64; x64) AppleWebKit/537.36 (KHTML, like Gecko) Chrome/79.0.3945.130 Safari/537.36
Host: localhost:35372
Accept: text/html, image/gif, image/jpeg, *; q=.2, */*; q=.2
Connection: keep-alive


[DEBUG] HttpConnection@3e7171e5::SocketChannelEndPoint@3d491fad{l=/127.0.0.1:35372,r=/127.0.0.1:60190,OPEN,fill=-,flush=-,to=0/30000}{io=0/0,kio=0,kro=1}->HttpConnection@3e7171e5[p=HttpParser{s=CONTENT,0 of -1},g=HttpGenerator@274dcaa5{s=START}]=>HttpChannelOverHttp@36eb5f45{s=HttpChannelState@23232c72{s=IDLE rs=BLOCKING os=OPEN is=IDLE awp=false se=false i=true al=0},r=16,c=false/false,a=IDLE,uri=//localhost:35372/FileServlet/htmltests/charset-base.html,age=1} parsed true HttpParser{s=CONTENT,0 of -1}
[DEBUG] releaseRequestBuffer HttpConnection@3e7171e5::SocketChannelEndPoint@3d491fad{l=/127.0.0.1:35372,r=/127.0.0.1:60190,OPEN,fill=-,flush=-,to=0/30000}{io=0/0,kio=0,kro=1}->HttpConnection@3e7171e5[p=HttpParser{s=CONTENT,0 of -1},g=HttpGenerator@274dcaa5{s=START}]=>HttpChannelOverHttp@36eb5f45{s=HttpChannelState@23232c72{s=IDLE rs=BLOCKING os=OPEN is=IDLE awp=false se=false i=true al=0},r=16,c=false/false,a=IDLE,uri=//localhost:35372/FileServlet/htmltests/charset-base.html,age=1}
[DEBUG] handle //localhost:35372/FileServlet/htmltests/charset-base.html HttpChannelOverHttp@36eb5f45{s=HttpChannelState@23232c72{s=IDLE rs=BLOCKING os=OPEN is=IDLE awp=false se=false i=true al=0},r=16,c=false/false,a=IDLE,uri=//localhost:35372/FileServlet/htmltests/charset-base.html,age=1} 
[DEBUG] handling HttpChannelState@23232c72{s=IDLE rs=BLOCKING os=OPEN is=IDLE awp=false se=false i=true al=0}
[DEBUG] action DISPATCH HttpChannelOverHttp@36eb5f45{s=HttpChannelState@23232c72{s=HANDLING rs=BLOCKING os=OPEN is=IDLE awp=false se=false i=true al=0},r=16,c=false/false,a=HANDLING,uri=//localhost:35372/FileServlet/htmltests/charset-base.html,age=1}
[DEBUG] REQUEST GET /FileServlet/htmltests/charset-base.html on HttpChannelOverHttp@36eb5f45{s=HttpChannelState@23232c72{s=HANDLING rs=BLOCKING os=OPEN is=IDLE awp=false se=false i=true al=0},r=16,c=false/false,a=HANDLING,uri=//localhost:35372/FileServlet/htmltests/charset-base.html,age=1}
[DEBUG] servlet null|/FileServlet|/htmltests/charset-base.html -> org.jsoup.integration.servlets.FileServlet-60dce7ea==org.jsoup.integration.servlets.FileServlet@c786463a{jsp=null,order=-1,inst=true,async=true,src=EMBEDDED:null,STARTED}
[DEBUG] chain=null
[DEBUG] write(array HeapByteBuffer@63f71daa[p=0,l=336,c=8192,r=336]={<<<<!DOCTYPE html PUBLIC "-/...pg" />\n</body>\n</html>\n>>>\x00\x00\x00\x00\x00\x00\x00\x00\x00...\x00\x00\x00\x00\x00\x00\x00})
[DEBUG] write(array) s=OPEN,api=BLOCKING,sc=false,e=null aggregated !flush DirectByteBuffer@7c27fa39[p=0,l=336,c=32768,r=336]={<<<<!DOCTYPE html PUBLIC "-/...pg" />\n</body>\n</html>\n>>>. <i>Morb...gue. Pr}
[DEBUG] sendResponse info=null content=DirectByteBuffer@7c27fa39[p=0,l=336,c=32768,r=336]={<<<<!DOCTYPE html PUBLIC "-/...pg" />\n</body>\n</html>\n>>>. <i>Morb...gue. Pr} complete=false committing=true callback=Blocker@7cb7664d{null}
[DEBUG] COMMIT for /FileServlet/htmltests/charset-base.html on HttpChannelOverHttp@36eb5f45{s=HttpChannelState@23232c72{s=HANDLING rs=BLOCKING os=COMMITTED is=IDLE awp=false se=false i=true al=0},r=16,c=false/false,a=HANDLING,uri=//localhost:35372/FileServlet/htmltests/charset-base.html,age=5}
200 null HTTP/1.1
Date: Tue, 28 Sep 2021 06:03:32 GMT
Content-Type: text/html


[DEBUG] generate: NEED_HEADER for SendCallback@410c6bef[PROCESSING][i=HTTP/1.1{s=200,h=2,cl=-1},cb=org.eclipse.jetty.server.HttpChannel$SendCallback@2f2fd782] (null,[p=0,l=336,c=32768,r=336],false)@START
[DEBUG] generateHeaders HTTP/1.1{s=200,h=2,cl=-1} last=false content=DirectByteBuffer@7c27fa39[p=0,l=336,c=32768,r=336]={<<<<!DOCTYPE html PUBLIC "-/...pg" />\n</body>\n</html>\n>>>. <i>Morb...gue. Pr}
[DEBUG] Date: Tue, 28 Sep 2021 06:03:32 GMT
Content-Type: text/html


[DEBUG] CHUNKED_CONTENT
[DEBUG] generate: FLUSH for SendCallback@410c6bef[PROCESSING][i=HTTP/1.1{s=200,h=2,cl=-1},cb=org.eclipse.jetty.server.HttpChannel$SendCallback@2f2fd782] ([p=0,l=147,c=8192,r=147],[p=0,l=336,c=32768,r=336],false)@COMMITTED
[DEBUG] write: WriteFlusher@2071150d{IDLE}->null [HeapByteBuffer@1ef04a69[p=0,l=147,c=8192,r=147]={<<<HTTP/1.1 200 OK\r\nDate: Tu....43.v20210629)\r\n\r\n150\r\n>>>ome/79.0....\x00\x00\x00\x00\x00\x00\x00},DirectByteBuffer@7c27fa39[p=0,l=336,c=32768,r=336]={<<<<!DOCTYPE html PUBLIC "-/...pg" />\n</body>\n</html>\n>>>. <i>Morb...gue. Pr}]
[DEBUG] update WriteFlusher@2071150d{WRITING}->null:IDLE-->WRITING
[DEBUG] flushed 483 SocketChannelEndPoint@3d491fad{l=/127.0.0.1:35372,r=/127.0.0.1:60190,OPEN,fill=-,flush=W,to=11/30000}{io=0/0,kio=0,kro=1}->HttpConnection@3e7171e5[p=HttpParser{s=CONTENT,0 of -1},g=HttpGenerator@274dcaa5{s=COMMITTED}]=>HttpChannelOverHttp@36eb5f45{s=HttpChannelState@23232c72{s=HANDLING rs=BLOCKING os=COMMITTED is=IDLE awp=false se=false i=true al=0},r=16,c=false/false,a=HANDLING,uri=//localhost:35372/FileServlet/htmltests/charset-base.html,age=12}
[DEBUG] Flushed=true written=483 remaining=0 WriteFlusher@2071150d{WRITING}->null
[DEBUG] update WriteFlusher@2071150d{IDLE}->null:WRITING-->IDLE
[DEBUG] generate: DONE for SendCallback@410c6bef[PROCESSING][i=HTTP/1.1{s=200,h=2,cl=-1},cb=org.eclipse.jetty.server.HttpChannel$SendCallback@2f2fd782] ([p=147,l=147,c=8192,r=0],[p=336,l=336,c=32768,r=0],false)@COMMITTED
[DEBUG] onWriteComplete(false,null) s=OPEN,api=BLOCKED,sc=false,e=null->s=OPEN,api=BLOCKING,sc=false,e=null c=null cb=null w=false
[DEBUG] handled=true async=false committed=true on HttpChannelOverHttp@36eb5f45{s=HttpChannelState@23232c72{s=HANDLING rs=BLOCKING os=COMMITTED is=IDLE awp=false se=false i=true al=0},r=16,c=false/false,a=HANDLING,uri=//localhost:35372/FileServlet/htmltests/charset-base.html,age=12}
[DEBUG] unhandle HttpChannelState@23232c72{s=HANDLING rs=BLOCKING os=COMMITTED is=IDLE awp=false se=false i=true al=0}
[DEBUG] nextAction(false) COMPLETE HttpChannelState@23232c72{s=HANDLING rs=COMPLETING os=COMMITTED is=IDLE awp=false se=false i=false al=0}
[DEBUG] action COMPLETE HttpChannelOverHttp@36eb5f45{s=HttpChannelState@23232c72{s=HANDLING rs=COMPLETING os=COMMITTED is=IDLE awp=false se=false i=false al=0},r=16,c=false/false,a=HANDLING,uri=//localhost:35372/FileServlet/htmltests/charset-base.html,age=12}
[DEBUG] complete(org.eclipse.jetty.util.Callback$3@66bdbf02) s=CLOSING,api=BLOCKED,sc=false,e=null s=false e=null, c=HeapByteBuffer@13dae45a[p=0,l=0,c=0,r=0]={<<<>>>}
[DEBUG] sendResponse info=null content=HeapByteBuffer@13dae45a[p=0,l=0,c=0,r=0]={<<<>>>} complete=true committing=false callback=org.eclipse.jetty.server.HttpOutput$WriteCompleteCB@6c56f01d
[DEBUG] generate: CONTINUE for SendCallback@410c6bef[PROCESSING][i=null,cb=org.eclipse.jetty.server.HttpChannel$SendCallback@3717aa70] (null,[p=0,l=0,c=0,r=0],true)@COMPLETING
[DEBUG] generate: NEED_CHUNK for SendCallback@410c6bef[PROCESSING][i=null,cb=org.eclipse.jetty.server.HttpChannel$SendCallback@3717aa70] (null,[p=0,l=0,c=0,r=0],true)@COMPLETING
[DEBUG] generate: FLUSH for SendCallback@410c6bef[PROCESSING][i=null,cb=org.eclipse.jetty.server.HttpChannel$SendCallback@3717aa70] (null,[p=0,l=0,c=0,r=0],true)@COMPLETING
[DEBUG] write: WriteFlusher@2071150d{IDLE}->null [HeapByteBuffer@52377fdf[p=0,l=7,c=1024,r=7]={<<<\r\n0\r\n\r\n>>>\n\x00\x00\x00\x00\x00\x00\x00\x00...\x00\x00\x00\x00\x00\x00\x00}]
[DEBUG] update WriteFlusher@2071150d{WRITING}->null:IDLE-->WRITING
]]></system-out>
  </testcase>
  <testcase name="fetchHandlesXml" classname="org.jsoup.integration.ConnectTest" time="0.058">
    <system-out><![CDATA[[DEBUG] flushed 7 SocketChannelEndPoint@3d491fad{l=/127.0.0.1:35372,r=/127.0.0.1:60190,OPEN,fill=-,flush=W,to=4/30000}{io=0/0,kio=0,kro=1}->HttpConnection@3e7171e5[p=HttpParser{s=CONTENT,0 of -1},g=HttpGenerator@274dcaa5{s=COMPLETING}]=>HttpChannelOverHttp@36eb5f45{s=HttpChannelState@23232c72{s=HANDLING rs=COMPLETING os=COMMITTED is=IDLE awp=false se=false i=false al=0},r=16,c=false/false,a=HANDLING,uri=//localhost:35372/FileServlet/htmltests/charset-base.html,age=16}
[DEBUG] Flushed=true written=7 remaining=0 WriteFlusher@2071150d{WRITING}->null
[DEBUG] update WriteFlusher@2071150d{IDLE}->null:WRITING-->IDLE
[DEBUG] generate: DONE for SendCallback@410c6bef[PROCESSING][i=null,cb=org.eclipse.jetty.server.HttpChannel$SendCallback@3717aa70] (null,[p=0,l=0,c=0,r=0],true)@END
[DEBUG] onWriteComplete(true,null) s=CLOSING,api=BLOCKED,sc=false,e=null->s=CLOSED,api=BLOCKING,sc=false,e=null c=null cb=org.eclipse.jetty.util.Callback$3@66bdbf02 w=false
[DEBUG] completed HttpChannelState@23232c72{s=HANDLING rs=COMPLETING os=COMPLETED is=IDLE awp=false se=false i=false al=0}
[DEBUG] unhandle HttpChannelState@23232c72{s=HANDLING rs=COMPLETED os=COMPLETED is=IDLE awp=false se=false i=false al=0}
[DEBUG] nextAction(false) TERMINATED HttpChannelState@23232c72{s=IDLE rs=COMPLETED os=COMPLETED is=IDLE awp=false se=false i=false al=0}
[DEBUG] action TERMINATED HttpChannelOverHttp@36eb5f45{s=HttpChannelState@23232c72{s=IDLE rs=COMPLETED os=COMPLETED is=IDLE awp=false se=false i=false al=0},r=16,c=true/true,a=IDLE,uri=//localhost:35372/FileServlet/htmltests/charset-base.html,age=16}
[DEBUG] onCompleted for /FileServlet/htmltests/charset-base.html written=336
[DEBUG] filled 336 HeapByteBuffer@2a66826a[p=0,l=336,c=8192,r=336]={<<<GET /FileServlet/htmltest...nection: keep-alive\r\n\r\n>>>nection: ...\x86&h\xA0{\xC1\xC2}
[DEBUG] HttpConnection@3e7171e5::SocketChannelEndPoint@3d491fad{l=/127.0.0.1:35372,r=/127.0.0.1:60190,OPEN,fill=-,flush=-,to=0/30000}{io=0/0,kio=0,kro=1}->HttpConnection@3e7171e5[p=HttpParser{s=CONTENT,0 of -1},g=HttpGenerator@274dcaa5{s=END}]=>HttpChannelOverHttp@36eb5f45{s=HttpChannelState@23232c72{s=IDLE rs=COMPLETED os=COMPLETED is=IDLE awp=false se=false i=false al=0},r=16,c=true/true,a=IDLE,uri=//localhost:35372/FileServlet/htmltests/charset-base.html,age=16} filled 336 HeapByteBuffer@2a66826a[p=0,l=336,c=8192,r=336]={<<<GET /FileServlet/htmltest...nection: keep-alive\r\n\r\n>>>nection: ...\x86&h\xA0{\xC1\xC2}
[DEBUG] HttpConnection@3e7171e5::SocketChannelEndPoint@3d491fad{l=/127.0.0.1:35372,r=/127.0.0.1:60190,OPEN,fill=-,flush=-,to=0/30000}{io=0/0,kio=0,kro=1}->HttpConnection@3e7171e5[p=HttpParser{s=CONTENT,0 of -1},g=HttpGenerator@274dcaa5{s=END}]=>HttpChannelOverHttp@36eb5f45{s=HttpChannelState@23232c72{s=IDLE rs=COMPLETED os=COMPLETED is=IDLE awp=false se=false i=false al=0},r=16,c=true/true,a=IDLE,uri=//localhost:35372/FileServlet/htmltests/charset-base.html,age=16} parse HeapByteBuffer@2a66826a[p=0,l=336,c=8192,r=336]={<<<GET /FileServlet/htmltest...nection: keep-alive\r\n\r\n>>>nection: ...\x86&h\xA0{\xC1\xC2} {}
[DEBUG] parseNext s=CONTENT HeapByteBuffer@2a66826a[p=0,l=336,c=8192,r=336]={<<<GET /FileServlet/htmltest...nection: keep-alive\r\n\r\n>>>nection: ...\x86&h\xA0{\xC1\xC2}
[DEBUG] CONTENT --> CONTENT_END
[DEBUG] onContentComplete HttpChannelOverHttp@36eb5f45{s=HttpChannelState@23232c72{s=IDLE rs=COMPLETED os=COMPLETED is=IDLE awp=false se=false i=false al=0},r=16,c=true/true,a=IDLE,uri=//localhost:35372/FileServlet/htmltests/charset-base.html,age=16}
[DEBUG] CONTENT_END --> END
[DEBUG] onRequestComplete HttpChannelOverHttp@36eb5f45{s=HttpChannelState@23232c72{s=IDLE rs=COMPLETED os=COMPLETED is=IDLE awp=false se=false i=false al=0},r=16,c=true/true,a=IDLE,uri=//localhost:35372/FileServlet/htmltests/charset-base.html,age=17}
[DEBUG] HttpInputOverHTTP@376cf161[c=0,q=0,[0]=null,s=STREAM] addContent EOF
[DEBUG] HttpConnection@3e7171e5::SocketChannelEndPoint@3d491fad{l=/127.0.0.1:35372,r=/127.0.0.1:60190,OPEN,fill=-,flush=-,to=0/30000}{io=0/0,kio=0,kro=1}->HttpConnection@3e7171e5[p=HttpParser{s=END,0 of -1},g=HttpGenerator@274dcaa5{s=END}]=>HttpChannelOverHttp@36eb5f45{s=HttpChannelState@23232c72{s=IDLE rs=COMPLETED os=COMPLETED is=IDLE awp=false se=false i=false al=0},r=16,c=true/true,a=IDLE,uri=//localhost:35372/FileServlet/htmltests/charset-base.html,age=17} parsed false HttpParser{s=END,0 of -1}
[DEBUG] recycle HttpChannelState@23232c72{s=IDLE rs=COMPLETED os=COMPLETED is=IDLE awp=false se=false i=false al=0}
[DEBUG] reset HttpParser{s=END,0 of -1}
[DEBUG] END --> START
[DEBUG] !handle TERMINATED HttpChannelOverHttp@36eb5f45{s=HttpChannelState@23232c72{s=IDLE rs=BLOCKING os=OPEN is=IDLE awp=false se=false i=true al=0},r=16,c=false/false,a=IDLE,uri=null,age=0}
[DEBUG] HttpConnection@3e7171e5::SocketChannelEndPoint@3d491fad{l=/127.0.0.1:35372,r=/127.0.0.1:60190,OPEN,fill=-,flush=-,to=0/30000}{io=0/0,kio=0,kro=1}->HttpConnection@3e7171e5[p=HttpParser{s=START,0 of -1},g=HttpGenerator@274dcaa5{s=START}]=>HttpChannelOverHttp@36eb5f45{s=HttpChannelState@23232c72{s=IDLE rs=BLOCKING os=OPEN is=IDLE awp=false se=false i=true al=0},r=16,c=false/false,a=IDLE,uri=null,age=0} parse HeapByteBuffer@2a66826a[p=0,l=336,c=8192,r=336]={<<<GET /FileServlet/htmltest...nection: keep-alive\r\n\r\n>>>nection: ...\x86&h\xA0{\xC1\xC2} {}
[DEBUG] parseNext s=START HeapByteBuffer@2a66826a[p=0,l=336,c=8192,r=336]={<<<GET /FileServlet/htmltest...nection: keep-alive\r\n\r\n>>>nection: ...\x86&h\xA0{\xC1\xC2}
[DEBUG] START --> SPACE1
[DEBUG] SPACE1 --> URI
[DEBUG] URI --> SPACE2
[DEBUG] SPACE2 --> REQUEST_VERSION
[DEBUG] REQUEST_VERSION --> HEADER
[DEBUG] HEADER:Accept-Encoding: gzip --> IN_VALUE
[DEBUG] HEADER:Accept-Encoding: gzip --> FIELD
[DEBUG] HEADER:User-Agent: Mozilla/5.0 (Windows NT 10.0; Win64; x64) AppleWebKit/537.36 (KHTML, like Gecko) Chrome/79.0.3945.130 Safari/537.36 --> IN_VALUE
[DEBUG] HEADER:User-Agent: Mozilla/5.0 (Windows NT 10.0; Win64; x64) AppleWebKit/537.36 (KHTML, like Gecko) Chrome/79.0.3945.130 Safari/537.36 --> FIELD
[DEBUG] HEADER:Host: localhost:35372 --> IN_VALUE
[DEBUG] HEADER:Host: localhost:35372 --> FIELD
[DEBUG] HEADER:Accept: text/html, image/gif, image/jpeg, *; q=.2, */*; q=.2 --> IN_VALUE
[DEBUG] HEADER:Accept: text/html, image/gif, image/jpeg, *; q=.2, */*; q=.2 --> FIELD
[DEBUG] HEADER:Connection: keep-alive --> IN_VALUE
[DEBUG] HEADER:Connection: keep-alive --> FIELD
[DEBUG] HEADER --> CONTENT
[DEBUG] REQUEST for //localhost:35372/FileServlet/htmltests/xml-test.xml?contentType=text%2Fxml on HttpChannelOverHttp@36eb5f45{s=HttpChannelState@23232c72{s=IDLE rs=BLOCKING os=OPEN is=IDLE awp=false se=false i=true al=0},r=17,c=false/false,a=IDLE,uri=//localhost:35372/FileServlet/htmltests/xml-test.xml?contentType=text%2Fxml,age=0}
GET //localhost:35372/FileServlet/htmltests/xml-test.xml?contentType=text%2Fxml HTTP/1.1
Accept-Encoding: gzip
User-Agent: Mozilla/5.0 (Windows NT 10.0; Win64; x64) AppleWebKit/537.36 (KHTML, like Gecko) Chrome/79.0.3945.130 Safari/537.36
Host: localhost:35372
Accept: text/html, image/gif, image/jpeg, *; q=.2, */*; q=.2
Connection: keep-alive


[DEBUG] HttpConnection@3e7171e5::SocketChannelEndPoint@3d491fad{l=/127.0.0.1:35372,r=/127.0.0.1:60190,OPEN,fill=-,flush=-,to=1/30000}{io=0/0,kio=0,kro=1}->HttpConnection@3e7171e5[p=HttpParser{s=CONTENT,0 of -1},g=HttpGenerator@274dcaa5{s=START}]=>HttpChannelOverHttp@36eb5f45{s=HttpChannelState@23232c72{s=IDLE rs=BLOCKING os=OPEN is=IDLE awp=false se=false i=true al=0},r=17,c=false/false,a=IDLE,uri=//localhost:35372/FileServlet/htmltests/xml-test.xml?contentType=text%2Fxml,age=0} parsed true HttpParser{s=CONTENT,0 of -1}
[DEBUG] releaseRequestBuffer HttpConnection@3e7171e5::SocketChannelEndPoint@3d491fad{l=/127.0.0.1:35372,r=/127.0.0.1:60190,OPEN,fill=-,flush=-,to=1/30000}{io=0/0,kio=0,kro=1}->HttpConnection@3e7171e5[p=HttpParser{s=CONTENT,0 of -1},g=HttpGenerator@274dcaa5{s=START}]=>HttpChannelOverHttp@36eb5f45{s=HttpChannelState@23232c72{s=IDLE rs=BLOCKING os=OPEN is=IDLE awp=false se=false i=true al=0},r=17,c=false/false,a=IDLE,uri=//localhost:35372/FileServlet/htmltests/xml-test.xml?contentType=text%2Fxml,age=0}
[DEBUG] handle //localhost:35372/FileServlet/htmltests/xml-test.xml?contentType=text%2Fxml HttpChannelOverHttp@36eb5f45{s=HttpChannelState@23232c72{s=IDLE rs=BLOCKING os=OPEN is=IDLE awp=false se=false i=true al=0},r=17,c=false/false,a=IDLE,uri=//localhost:35372/FileServlet/htmltests/xml-test.xml?contentType=text%2Fxml,age=0} 
[DEBUG] handling HttpChannelState@23232c72{s=IDLE rs=BLOCKING os=OPEN is=IDLE awp=false se=false i=true al=0}
[DEBUG] action DISPATCH HttpChannelOverHttp@36eb5f45{s=HttpChannelState@23232c72{s=HANDLING rs=BLOCKING os=OPEN is=IDLE awp=false se=false i=true al=0},r=17,c=false/false,a=HANDLING,uri=//localhost:35372/FileServlet/htmltests/xml-test.xml?contentType=text%2Fxml,age=1}
[DEBUG] REQUEST GET /FileServlet/htmltests/xml-test.xml on HttpChannelOverHttp@36eb5f45{s=HttpChannelState@23232c72{s=HANDLING rs=BLOCKING os=OPEN is=IDLE awp=false se=false i=true al=0},r=17,c=false/false,a=HANDLING,uri=//localhost:35372/FileServlet/htmltests/xml-test.xml?contentType=text%2Fxml,age=1}
[DEBUG] servlet null|/FileServlet|/htmltests/xml-test.xml -> org.jsoup.integration.servlets.FileServlet-60dce7ea==org.jsoup.integration.servlets.FileServlet@c786463a{jsp=null,order=-1,inst=true,async=true,src=EMBEDDED:null,STARTED}
[DEBUG] chain=null
[DEBUG] write(array HeapByteBuffer@66d5f8d7[p=0,l=45,c=8192,r=45]={<<<<doc><val>One<val>Two</val>Three</val></doc>\n>>>\x00\x00\x00\x00\x00\x00\x00\x00\x00...\x00\x00\x00\x00\x00\x00\x00})
[DEBUG] write(array) s=OPEN,api=BLOCKING,sc=false,e=null aggregated !flush DirectByteBuffer@38e5eb8d[p=0,l=45,c=32768,r=45]={<<<<doc><val>One<val>Two</val>Three</val></doc>\n>>>>\n    <st...gue. Pr}
[DEBUG] sendResponse info=null content=DirectByteBuffer@38e5eb8d[p=0,l=45,c=32768,r=45]={<<<<doc><val>One<val>Two</val>Three</val></doc>\n>>>>\n    <st...gue. Pr} complete=false committing=true callback=Blocker@7cb7664d{null}
[DEBUG] COMMIT for /FileServlet/htmltests/xml-test.xml on HttpChannelOverHttp@36eb5f45{s=HttpChannelState@23232c72{s=HANDLING rs=BLOCKING os=COMMITTED is=IDLE awp=false se=false i=true al=0},r=17,c=false/false,a=HANDLING,uri=//localhost:35372/FileServlet/htmltests/xml-test.xml?contentType=text%2Fxml,age=8}
200 null HTTP/1.1
Date: Tue, 28 Sep 2021 06:03:32 GMT
Content-Type: text/xml


[DEBUG] generate: NEED_HEADER for SendCallback@410c6bef[PROCESSING][i=HTTP/1.1{s=200,h=2,cl=-1},cb=org.eclipse.jetty.server.HttpChannel$SendCallback@6d9b1ea0] (null,[p=0,l=45,c=32768,r=45],false)@START
[DEBUG] generateHeaders HTTP/1.1{s=200,h=2,cl=-1} last=false content=DirectByteBuffer@38e5eb8d[p=0,l=45,c=32768,r=45]={<<<<doc><val>One<val>Two</val>Three</val></doc>\n>>>>\n    <st...gue. Pr}
[DEBUG] Date: Tue, 28 Sep 2021 06:03:32 GMT
Content-Type: text/xml


[DEBUG] CHUNKED_CONTENT
[DEBUG] generate: FLUSH for SendCallback@410c6bef[PROCESSING][i=HTTP/1.1{s=200,h=2,cl=-1},cb=org.eclipse.jetty.server.HttpChannel$SendCallback@6d9b1ea0] ([p=0,l=145,c=8192,r=145],[p=0,l=45,c=32768,r=45],false)@COMMITTED
[DEBUG] write: WriteFlusher@2071150d{IDLE}->null [HeapByteBuffer@460916c[p=0,l=145,c=8192,r=145]={<<<HTTP/1.1 200 OK\r\nDate: Tu...4.43.v20210629)\r\n\r\n2D\r\n>>>37.36 (KH...\x00\x00\x00\x00\x00\x00\x00},DirectByteBuffer@38e5eb8d[p=0,l=45,c=32768,r=45]={<<<<doc><val>One<val>Two</val>Three</val></doc>\n>>>>\n    <st...gue. Pr}]
[DEBUG] update WriteFlusher@2071150d{WRITING}->null:IDLE-->WRITING
[DEBUG] flushed 190 SocketChannelEndPoint@3d491fad{l=/127.0.0.1:35372,r=/127.0.0.1:60190,OPEN,fill=-,flush=W,to=8/30000}{io=0/0,kio=0,kro=1}->HttpConnection@3e7171e5[p=HttpParser{s=CONTENT,0 of -1},g=HttpGenerator@274dcaa5{s=COMMITTED}]=>HttpChannelOverHttp@36eb5f45{s=HttpChannelState@23232c72{s=HANDLING rs=BLOCKING os=COMMITTED is=IDLE awp=false se=false i=true al=0},r=17,c=false/false,a=HANDLING,uri=//localhost:35372/FileServlet/htmltests/xml-test.xml?contentType=text%2Fxml,age=8}
[DEBUG] Flushed=true written=190 remaining=0 WriteFlusher@2071150d{WRITING}->null
[DEBUG] update WriteFlusher@2071150d{IDLE}->null:WRITING-->IDLE
[DEBUG] generate: DONE for SendCallback@410c6bef[PROCESSING][i=HTTP/1.1{s=200,h=2,cl=-1},cb=org.eclipse.jetty.server.HttpChannel$SendCallback@6d9b1ea0] ([p=145,l=145,c=8192,r=0],[p=45,l=45,c=32768,r=0],false)@COMMITTED
[DEBUG] onWriteComplete(false,null) s=OPEN,api=BLOCKED,sc=false,e=null->s=OPEN,api=BLOCKING,sc=false,e=null c=null cb=null w=false
[DEBUG] handled=true async=false committed=true on HttpChannelOverHttp@36eb5f45{s=HttpChannelState@23232c72{s=HANDLING rs=BLOCKING os=COMMITTED is=IDLE awp=false se=false i=true al=0},r=17,c=false/false,a=HANDLING,uri=//localhost:35372/FileServlet/htmltests/xml-test.xml?contentType=text%2Fxml,age=8}
[DEBUG] unhandle HttpChannelState@23232c72{s=HANDLING rs=BLOCKING os=COMMITTED is=IDLE awp=false se=false i=true al=0}
[DEBUG] nextAction(false) COMPLETE HttpChannelState@23232c72{s=HANDLING rs=COMPLETING os=COMMITTED is=IDLE awp=false se=false i=false al=0}
[DEBUG] action COMPLETE HttpChannelOverHttp@36eb5f45{s=HttpChannelState@23232c72{s=HANDLING rs=COMPLETING os=COMMITTED is=IDLE awp=false se=false i=false al=0},r=17,c=false/false,a=HANDLING,uri=//localhost:35372/FileServlet/htmltests/xml-test.xml?contentType=text%2Fxml,age=8}
[DEBUG] complete(org.eclipse.jetty.util.Callback$3@3696dd16) s=CLOSING,api=BLOCKED,sc=false,e=null s=false e=null, c=HeapByteBuffer@13dae45a[p=0,l=0,c=0,r=0]={<<<>>>}
[DEBUG] sendResponse info=null content=HeapByteBuffer@13dae45a[p=0,l=0,c=0,r=0]={<<<>>>} complete=true committing=false callback=org.eclipse.jetty.server.HttpOutput$WriteCompleteCB@3c58a59e
[DEBUG] generate: CONTINUE for SendCallback@410c6bef[PROCESSING][i=null,cb=org.eclipse.jetty.server.HttpChannel$SendCallback@7582f182] (null,[p=0,l=0,c=0,r=0],true)@COMPLETING
[DEBUG] generate: NEED_CHUNK for SendCallback@410c6bef[PROCESSING][i=null,cb=org.eclipse.jetty.server.HttpChannel$SendCallback@7582f182] (null,[p=0,l=0,c=0,r=0],true)@COMPLETING
[DEBUG] generate: FLUSH for SendCallback@410c6bef[PROCESSING][i=null,cb=org.eclipse.jetty.server.HttpChannel$SendCallback@7582f182] (null,[p=0,l=0,c=0,r=0],true)@COMPLETING
[DEBUG] write: WriteFlusher@2071150d{IDLE}->null [HeapByteBuffer@2ed6021b[p=0,l=7,c=1024,r=7]={<<<\r\n0\r\n\r\n>>>\n\x00\x00\x00\x00\x00\x00\x00\x00...\x00\x00\x00\x00\x00\x00\x00}]
[DEBUG] update WriteFlusher@2071150d{WRITING}->null:IDLE-->WRITING
[DEBUG] flushed 7 SocketChannelEndPoint@3d491fad{l=/127.0.0.1:35372,r=/127.0.0.1:60190,OPEN,fill=-,flush=W,to=2/30000}{io=0/0,kio=0,kro=1}->HttpConnection@3e7171e5[p=HttpParser{s=CONTENT,0 of -1},g=HttpGenerator@274dcaa5{s=COMPLETING}]=>HttpChannelOverHttp@36eb5f45{s=HttpChannelState@23232c72{s=HANDLING rs=COMPLETING os=COMMITTED is=IDLE awp=false se=false i=false al=0},r=17,c=false/false,a=HANDLING,uri=//localhost:35372/FileServlet/htmltests/xml-test.xml?contentType=text%2Fxml,age=11}
[DEBUG] Flushed=true written=7 remaining=0 WriteFlusher@2071150d{WRITING}->null
[DEBUG] update WriteFlusher@2071150d{IDLE}->null:WRITING-->IDLE
[DEBUG] generate: DONE for SendCallback@410c6bef[PROCESSING][i=null,cb=org.eclipse.jetty.server.HttpChannel$SendCallback@7582f182] (null,[p=0,l=0,c=0,r=0],true)@END
[DEBUG] onWriteComplete(true,null) s=CLOSING,api=BLOCKED,sc=false,e=null->s=CLOSED,api=BLOCKING,sc=false,e=null c=null cb=org.eclipse.jetty.util.Callback$3@3696dd16 w=false
[DEBUG] completed HttpChannelState@23232c72{s=HANDLING rs=COMPLETING os=COMPLETED is=IDLE awp=false se=false i=false al=0}
[DEBUG] unhandle HttpChannelState@23232c72{s=HANDLING rs=COMPLETED os=COMPLETED is=IDLE awp=false se=false i=false al=0}
[DEBUG] nextAction(false) TERMINATED HttpChannelState@23232c72{s=IDLE rs=COMPLETED os=COMPLETED is=IDLE awp=false se=false i=false al=0}
[DEBUG] action TERMINATED HttpChannelOverHttp@36eb5f45{s=HttpChannelState@23232c72{s=IDLE rs=COMPLETED os=COMPLETED is=IDLE awp=false se=false i=false al=0},r=17,c=true/true,a=IDLE,uri=//localhost:35372/FileServlet/htmltests/xml-test.xml?contentType=text%2Fxml,age=11}
[DEBUG] onCompleted for /FileServlet/htmltests/xml-test.xml written=45
[DEBUG] filled 343 HeapByteBuffer@1ef04a69[p=0,l=343,c=8192,r=343]={<<<GET /FileServlet/htmltest...nection: keep-alive\r\n\r\n>>>ep-alive\r...\x00\x00\x00\x00\x00\x00\x00}
[DEBUG] HttpConnection@3e7171e5::SocketChannelEndPoint@3d491fad{l=/127.0.0.1:35372,r=/127.0.0.1:60190,OPEN,fill=-,flush=-,to=0/30000}{io=0/0,kio=0,kro=1}->HttpConnection@3e7171e5[p=HttpParser{s=CONTENT,0 of -1},g=HttpGenerator@274dcaa5{s=END}]=>HttpChannelOverHttp@36eb5f45{s=HttpChannelState@23232c72{s=IDLE rs=COMPLETED os=COMPLETED is=IDLE awp=false se=false i=false al=0},r=17,c=true/true,a=IDLE,uri=//localhost:35372/FileServlet/htmltests/xml-test.xml?contentType=text%2Fxml,age=11} filled 343 HeapByteBuffer@1ef04a69[p=0,l=343,c=8192,r=343]={<<<GET /FileServlet/htmltest...nection: keep-alive\r\n\r\n>>>ep-alive\r...\x00\x00\x00\x00\x00\x00\x00}
[DEBUG] HttpConnection@3e7171e5::SocketChannelEndPoint@3d491fad{l=/127.0.0.1:35372,r=/127.0.0.1:60190,OPEN,fill=-,flush=-,to=0/30000}{io=0/0,kio=0,kro=1}->HttpConnection@3e7171e5[p=HttpParser{s=CONTENT,0 of -1},g=HttpGenerator@274dcaa5{s=END}]=>HttpChannelOverHttp@36eb5f45{s=HttpChannelState@23232c72{s=IDLE rs=COMPLETED os=COMPLETED is=IDLE awp=false se=false i=false al=0},r=17,c=true/true,a=IDLE,uri=//localhost:35372/FileServlet/htmltests/xml-test.xml?contentType=text%2Fxml,age=11} parse HeapByteBuffer@1ef04a69[p=0,l=343,c=8192,r=343]={<<<GET /FileServlet/htmltest...nection: keep-alive\r\n\r\n>>>ep-alive\r...\x00\x00\x00\x00\x00\x00\x00} {}
[DEBUG] parseNext s=CONTENT HeapByteBuffer@1ef04a69[p=0,l=343,c=8192,r=343]={<<<GET /FileServlet/htmltest...nection: keep-alive\r\n\r\n>>>ep-alive\r...\x00\x00\x00\x00\x00\x00\x00}
[DEBUG] CONTENT --> CONTENT_END
[DEBUG] onContentComplete HttpChannelOverHttp@36eb5f45{s=HttpChannelState@23232c72{s=IDLE rs=COMPLETED os=COMPLETED is=IDLE awp=false se=false i=false al=0},r=17,c=true/true,a=IDLE,uri=//localhost:35372/FileServlet/htmltests/xml-test.xml?contentType=text%2Fxml,age=15}
[DEBUG] CONTENT_END --> END
[DEBUG] onRequestComplete HttpChannelOverHttp@36eb5f45{s=HttpChannelState@23232c72{s=IDLE rs=COMPLETED os=COMPLETED is=IDLE awp=false se=false i=false al=0},r=17,c=true/true,a=IDLE,uri=//localhost:35372/FileServlet/htmltests/xml-test.xml?contentType=text%2Fxml,age=15}
[DEBUG] HttpInputOverHTTP@376cf161[c=0,q=0,[0]=null,s=STREAM] addContent EOF
[DEBUG] HttpConnection@3e7171e5::SocketChannelEndPoint@3d491fad{l=/127.0.0.1:35372,r=/127.0.0.1:60190,OPEN,fill=-,flush=-,to=3/30000}{io=0/0,kio=0,kro=1}->HttpConnection@3e7171e5[p=HttpParser{s=END,0 of -1},g=HttpGenerator@274dcaa5{s=END}]=>HttpChannelOverHttp@36eb5f45{s=HttpChannelState@23232c72{s=IDLE rs=COMPLETED os=COMPLETED is=IDLE awp=false se=false i=false al=0},r=17,c=true/true,a=IDLE,uri=//localhost:35372/FileServlet/htmltests/xml-test.xml?contentType=text%2Fxml,age=15} parsed false HttpParser{s=END,0 of -1}
[DEBUG] recycle HttpChannelState@23232c72{s=IDLE rs=COMPLETED os=COMPLETED is=IDLE awp=false se=false i=false al=0}
[DEBUG] reset HttpParser{s=END,0 of -1}
[DEBUG] END --> START
[DEBUG] !handle TERMINATED HttpChannelOverHttp@36eb5f45{s=HttpChannelState@23232c72{s=IDLE rs=BLOCKING os=OPEN is=IDLE awp=false se=false i=true al=0},r=17,c=false/false,a=IDLE,uri=null,age=0}
[DEBUG] HttpConnection@3e7171e5::SocketChannelEndPoint@3d491fad{l=/127.0.0.1:35372,r=/127.0.0.1:60190,OPEN,fill=-,flush=-,to=3/30000}{io=0/0,kio=0,kro=1}->HttpConnection@3e7171e5[p=HttpParser{s=START,0 of -1},g=HttpGenerator@274dcaa5{s=START}]=>HttpChannelOverHttp@36eb5f45{s=HttpChannelState@23232c72{s=IDLE rs=BLOCKING os=OPEN is=IDLE awp=false se=false i=true al=0},r=17,c=false/false,a=IDLE,uri=null,age=0} parse HeapByteBuffer@1ef04a69[p=0,l=343,c=8192,r=343]={<<<GET /FileServlet/htmltest...nection: keep-alive\r\n\r\n>>>ep-alive\r...\x00\x00\x00\x00\x00\x00\x00} {}
[DEBUG] parseNext s=START HeapByteBuffer@1ef04a69[p=0,l=343,c=8192,r=343]={<<<GET /FileServlet/htmltest...nection: keep-alive\r\n\r\n>>>ep-alive\r...\x00\x00\x00\x00\x00\x00\x00}
[DEBUG] START --> SPACE1
[DEBUG] SPACE1 --> URI
[DEBUG] URI --> SPACE2
[DEBUG] SPACE2 --> REQUEST_VERSION
[DEBUG] REQUEST_VERSION --> HEADER
[DEBUG] HEADER:Accept-Encoding: gzip --> IN_VALUE
[DEBUG] HEADER:Accept-Encoding: gzip --> FIELD
[DEBUG] HEADER:User-Agent: Mozilla/5.0 (Windows NT 10.0; Win64; x64) AppleWebKit/537.36 (KHTML, like Gecko) Chrome/79.0.3945.130 Safari/537.36 --> IN_VALUE
[DEBUG] HEADER:User-Agent: Mozilla/5.0 (Windows NT 10.0; Win64; x64) AppleWebKit/537.36 (KHTML, like Gecko) Chrome/79.0.3945.130 Safari/537.36 --> FIELD
[DEBUG] HEADER:Host: localhost:35372 --> IN_VALUE
[DEBUG] HEADER:Host: localhost:35372 --> FIELD
[DEBUG] HEADER:Accept: text/html, image/gif, image/jpeg, *; q=.2, */*; q=.2 --> IN_VALUE
[DEBUG] HEADER:Accept: text/html, image/gif, image/jpeg, *; q=.2, */*; q=.2 --> FIELD
[DEBUG] HEADER:Connection: keep-alive --> IN_VALUE
[DEBUG] HEADER:Connection: keep-alive --> FIELD
[DEBUG] HEADER --> CONTENT
[DEBUG] REQUEST for //localhost:35372/FileServlet/htmltests/xml-test.xml?contentType=application%2Fxml on HttpChannelOverHttp@36eb5f45{s=HttpChannelState@23232c72{s=IDLE rs=BLOCKING os=OPEN is=IDLE awp=false se=false i=true al=0},r=18,c=false/false,a=IDLE,uri=//localhost:35372/FileServlet/htmltests/xml-test.xml?contentType=application%2Fxml,age=0}
GET //localhost:35372/FileServlet/htmltests/xml-test.xml?contentType=application%2Fxml HTTP/1.1
Accept-Encoding: gzip
User-Agent: Mozilla/5.0 (Windows NT 10.0; Win64; x64) AppleWebKit/537.36 (KHTML, like Gecko) Chrome/79.0.3945.130 Safari/537.36
Host: localhost:35372
Accept: text/html, image/gif, image/jpeg, *; q=.2, */*; q=.2
Connection: keep-alive


[DEBUG] HttpConnection@3e7171e5::SocketChannelEndPoint@3d491fad{l=/127.0.0.1:35372,r=/127.0.0.1:60190,OPEN,fill=-,flush=-,to=4/30000}{io=0/0,kio=0,kro=1}->HttpConnection@3e7171e5[p=HttpParser{s=CONTENT,0 of -1},g=HttpGenerator@274dcaa5{s=START}]=>HttpChannelOverHttp@36eb5f45{s=HttpChannelState@23232c72{s=IDLE rs=BLOCKING os=OPEN is=IDLE awp=false se=false i=true al=0},r=18,c=false/false,a=IDLE,uri=//localhost:35372/FileServlet/htmltests/xml-test.xml?contentType=application%2Fxml,age=0} parsed true HttpParser{s=CONTENT,0 of -1}
[DEBUG] releaseRequestBuffer HttpConnection@3e7171e5::SocketChannelEndPoint@3d491fad{l=/127.0.0.1:35372,r=/127.0.0.1:60190,OPEN,fill=-,flush=-,to=4/30000}{io=0/0,kio=0,kro=1}->HttpConnection@3e7171e5[p=HttpParser{s=CONTENT,0 of -1},g=HttpGenerator@274dcaa5{s=START}]=>HttpChannelOverHttp@36eb5f45{s=HttpChannelState@23232c72{s=IDLE rs=BLOCKING os=OPEN is=IDLE awp=false se=false i=true al=0},r=18,c=false/false,a=IDLE,uri=//localhost:35372/FileServlet/htmltests/xml-test.xml?contentType=application%2Fxml,age=0}
[DEBUG] handle //localhost:35372/FileServlet/htmltests/xml-test.xml?contentType=application%2Fxml HttpChannelOverHttp@36eb5f45{s=HttpChannelState@23232c72{s=IDLE rs=BLOCKING os=OPEN is=IDLE awp=false se=false i=true al=0},r=18,c=false/false,a=IDLE,uri=//localhost:35372/FileServlet/htmltests/xml-test.xml?contentType=application%2Fxml,age=0} 
[DEBUG] handling HttpChannelState@23232c72{s=IDLE rs=BLOCKING os=OPEN is=IDLE awp=false se=false i=true al=0}
[DEBUG] action DISPATCH HttpChannelOverHttp@36eb5f45{s=HttpChannelState@23232c72{s=HANDLING rs=BLOCKING os=OPEN is=IDLE awp=false se=false i=true al=0},r=18,c=false/false,a=HANDLING,uri=//localhost:35372/FileServlet/htmltests/xml-test.xml?contentType=application%2Fxml,age=0}
[DEBUG] REQUEST GET /FileServlet/htmltests/xml-test.xml on HttpChannelOverHttp@36eb5f45{s=HttpChannelState@23232c72{s=HANDLING rs=BLOCKING os=OPEN is=IDLE awp=false se=false i=true al=0},r=18,c=false/false,a=HANDLING,uri=//localhost:35372/FileServlet/htmltests/xml-test.xml?contentType=application%2Fxml,age=0}
[DEBUG] servlet null|/FileServlet|/htmltests/xml-test.xml -> org.jsoup.integration.servlets.FileServlet-60dce7ea==org.jsoup.integration.servlets.FileServlet@c786463a{jsp=null,order=-1,inst=true,async=true,src=EMBEDDED:null,STARTED}
[DEBUG] chain=null
[DEBUG] write(array HeapByteBuffer@40599f8c[p=0,l=45,c=8192,r=45]={<<<<doc><val>One<val>Two</val>Three</val></doc>\n>>>\x00\x00\x00\x00\x00\x00\x00\x00\x00...\x00\x00\x00\x00\x00\x00\x00})
[DEBUG] write(array) s=OPEN,api=BLOCKING,sc=false,e=null aggregated !flush DirectByteBuffer@67223954[p=0,l=45,c=32768,r=45]={<<<<doc><val>One<val>Two</val>Three</val></doc>\n>>>>\n    <st...gue. Pr}
[DEBUG] sendResponse info=null content=DirectByteBuffer@67223954[p=0,l=45,c=32768,r=45]={<<<<doc><val>One<val>Two</val>Three</val></doc>\n>>>>\n    <st...gue. Pr} complete=false committing=true callback=Blocker@7cb7664d{null}
[DEBUG] COMMIT for /FileServlet/htmltests/xml-test.xml on HttpChannelOverHttp@36eb5f45{s=HttpChannelState@23232c72{s=HANDLING rs=BLOCKING os=COMMITTED is=IDLE awp=false se=false i=true al=0},r=18,c=false/false,a=HANDLING,uri=//localhost:35372/FileServlet/htmltests/xml-test.xml?contentType=application%2Fxml,age=0}
200 null HTTP/1.1
Date: Tue, 28 Sep 2021 06:03:32 GMT
Content-Type: application/xml


[DEBUG] generate: NEED_HEADER for SendCallback@410c6bef[PROCESSING][i=HTTP/1.1{s=200,h=2,cl=-1},cb=org.eclipse.jetty.server.HttpChannel$SendCallback@402784fc] (null,[p=0,l=45,c=32768,r=45],false)@START
[DEBUG] generateHeaders HTTP/1.1{s=200,h=2,cl=-1} last=false content=DirectByteBuffer@67223954[p=0,l=45,c=32768,r=45]={<<<<doc><val>One<val>Two</val>Three</val></doc>\n>>>>\n    <st...gue. Pr}
[DEBUG] Date: Tue, 28 Sep 2021 06:03:32 GMT
Content-Type: application/xml


[DEBUG] CHUNKED_CONTENT
[DEBUG] generate: FLUSH for SendCallback@410c6bef[PROCESSING][i=HTTP/1.1{s=200,h=2,cl=-1},cb=org.eclipse.jetty.server.HttpChannel$SendCallback@402784fc] ([p=0,l=152,c=8192,r=152],[p=0,l=45,c=32768,r=45],false)@COMMITTED
[DEBUG] write: WriteFlusher@2071150d{IDLE}->null [HeapByteBuffer@2a66826a[p=0,l=152,c=8192,r=152]={<<<HTTP/1.1 200 OK\r\nDate: Tu...4.43.v20210629)\r\n\r\n2D\r\n>>>pleWebKit...\x86&h\xA0{\xC1\xC2},DirectByteBuffer@67223954[p=0,l=45,c=32768,r=45]={<<<<doc><val>One<val>Two</val>Three</val></doc>\n>>>>\n    <st...gue. Pr}]
[DEBUG] update WriteFlusher@2071150d{WRITING}->null:IDLE-->WRITING
[DEBUG] flushed 197 SocketChannelEndPoint@3d491fad{l=/127.0.0.1:35372,r=/127.0.0.1:60190,OPEN,fill=-,flush=W,to=7/30000}{io=0/0,kio=0,kro=1}->HttpConnection@3e7171e5[p=HttpParser{s=CONTENT,0 of -1},g=HttpGenerator@274dcaa5{s=COMMITTED}]=>HttpChannelOverHttp@36eb5f45{s=HttpChannelState@23232c72{s=HANDLING rs=BLOCKING os=COMMITTED is=IDLE awp=false se=false i=true al=0},r=18,c=false/false,a=HANDLING,uri=//localhost:35372/FileServlet/htmltests/xml-test.xml?contentType=application%2Fxml,age=3}
[DEBUG] Flushed=true written=197 remaining=0 WriteFlusher@2071150d{WRITING}->null
[DEBUG] update WriteFlusher@2071150d{IDLE}->null:WRITING-->IDLE
[DEBUG] generate: DONE for SendCallback@410c6bef[PROCESSING][i=HTTP/1.1{s=200,h=2,cl=-1},cb=org.eclipse.jetty.server.HttpChannel$SendCallback@402784fc] ([p=152,l=152,c=8192,r=0],[p=45,l=45,c=32768,r=0],false)@COMMITTED
[DEBUG] onWriteComplete(false,null) s=OPEN,api=BLOCKED,sc=false,e=null->s=OPEN,api=BLOCKING,sc=false,e=null c=null cb=null w=false
[DEBUG] handled=true async=false committed=true on HttpChannelOverHttp@36eb5f45{s=HttpChannelState@23232c72{s=HANDLING rs=BLOCKING os=COMMITTED is=IDLE awp=false se=false i=true al=0},r=18,c=false/false,a=HANDLING,uri=//localhost:35372/FileServlet/htmltests/xml-test.xml?contentType=application%2Fxml,age=3}
[DEBUG] unhandle HttpChannelState@23232c72{s=HANDLING rs=BLOCKING os=COMMITTED is=IDLE awp=false se=false i=true al=0}
[DEBUG] nextAction(false) COMPLETE HttpChannelState@23232c72{s=HANDLING rs=COMPLETING os=COMMITTED is=IDLE awp=false se=false i=false al=0}
[DEBUG] action COMPLETE HttpChannelOverHttp@36eb5f45{s=HttpChannelState@23232c72{s=HANDLING rs=COMPLETING os=COMMITTED is=IDLE awp=false se=false i=false al=0},r=18,c=false/false,a=HANDLING,uri=//localhost:35372/FileServlet/htmltests/xml-test.xml?contentType=application%2Fxml,age=3}
[DEBUG] complete(org.eclipse.jetty.util.Callback$3@39aaad33) s=CLOSING,api=BLOCKED,sc=false,e=null s=false e=null, c=HeapByteBuffer@13dae45a[p=0,l=0,c=0,r=0]={<<<>>>}
[DEBUG] sendResponse info=null content=HeapByteBuffer@13dae45a[p=0,l=0,c=0,r=0]={<<<>>>} complete=true committing=false callback=org.eclipse.jetty.server.HttpOutput$WriteCompleteCB@5b465565
[DEBUG] generate: CONTINUE for SendCallback@410c6bef[PROCESSING][i=null,cb=org.eclipse.jetty.server.HttpChannel$SendCallback@576f047e] (null,[p=0,l=0,c=0,r=0],true)@COMPLETING
[DEBUG] generate: NEED_CHUNK for SendCallback@410c6bef[PROCESSING][i=null,cb=org.eclipse.jetty.server.HttpChannel$SendCallback@576f047e] (null,[p=0,l=0,c=0,r=0],true)@COMPLETING
[DEBUG] generate: FLUSH for SendCallback@410c6bef[PROCESSING][i=null,cb=org.eclipse.jetty.server.HttpChannel$SendCallback@576f047e] (null,[p=0,l=0,c=0,r=0],true)@COMPLETING
[DEBUG] write: WriteFlusher@2071150d{IDLE}->null [HeapByteBuffer@54b3104a[p=0,l=7,c=1024,r=7]={<<<\r\n0\r\n\r\n>>>\n\x00\x00\x00\x00\x00\x00\x00\x00...\x00\x00\x00\x00\x00\x00\x00}]
[DEBUG] update WriteFlusher@2071150d{WRITING}->null:IDLE-->WRITING
[DEBUG] flushed 7 SocketChannelEndPoint@3d491fad{l=/127.0.0.1:35372,r=/127.0.0.1:60190,OPEN,fill=-,flush=W,to=1/30000}{io=0/0,kio=0,kro=1}->HttpConnection@3e7171e5[p=HttpParser{s=CONTENT,0 of -1},g=HttpGenerator@274dcaa5{s=COMPLETING}]=>HttpChannelOverHttp@36eb5f45{s=HttpChannelState@23232c72{s=HANDLING rs=COMPLETING os=COMMITTED is=IDLE awp=false se=false i=false al=0},r=18,c=false/false,a=HANDLING,uri=//localhost:35372/FileServlet/htmltests/xml-test.xml?contentType=application%2Fxml,age=4}
[DEBUG] Flushed=true written=7 remaining=0 WriteFlusher@2071150d{WRITING}->null
[DEBUG] update WriteFlusher@2071150d{IDLE}->null:WRITING-->IDLE
[DEBUG] generate: DONE for SendCallback@410c6bef[PROCESSING][i=null,cb=org.eclipse.jetty.server.HttpChannel$SendCallback@576f047e] (null,[p=0,l=0,c=0,r=0],true)@END
[DEBUG] onWriteComplete(true,null) s=CLOSING,api=BLOCKED,sc=false,e=null->s=CLOSED,api=BLOCKING,sc=false,e=null c=null cb=org.eclipse.jetty.util.Callback$3@39aaad33 w=false
[DEBUG] completed HttpChannelState@23232c72{s=HANDLING rs=COMPLETING os=COMPLETED is=IDLE awp=false se=false i=false al=0}
[DEBUG] unhandle HttpChannelState@23232c72{s=HANDLING rs=COMPLETED os=COMPLETED is=IDLE awp=false se=false i=false al=0}
[DEBUG] nextAction(false) TERMINATED HttpChannelState@23232c72{s=IDLE rs=COMPLETED os=COMPLETED is=IDLE awp=false se=false i=false al=0}
[DEBUG] action TERMINATED HttpChannelOverHttp@36eb5f45{s=HttpChannelState@23232c72{s=IDLE rs=COMPLETED os=COMPLETED is=IDLE awp=false se=false i=false al=0},r=18,c=true/true,a=IDLE,uri=//localhost:35372/FileServlet/htmltests/xml-test.xml?contentType=application%2Fxml,age=4}
[DEBUG] onCompleted for /FileServlet/htmltests/xml-test.xml written=45
[DEBUG] filled 349 HeapByteBuffer@460916c[p=0,l=349,c=8192,r=349]={<<<GET /FileServlet/htmltest...nection: keep-alive\r\n\r\n>>>h: 11\r\n\r\n...\x00\x00\x00\x00\x00\x00\x00}
[DEBUG] HttpConnection@3e7171e5::SocketChannelEndPoint@3d491fad{l=/127.0.0.1:35372,r=/127.0.0.1:60190,OPEN,fill=-,flush=-,to=0/30000}{io=0/0,kio=0,kro=1}->HttpConnection@3e7171e5[p=HttpParser{s=CONTENT,0 of -1},g=HttpGenerator@274dcaa5{s=END}]=>HttpChannelOverHttp@36eb5f45{s=HttpChannelState@23232c72{s=IDLE rs=COMPLETED os=COMPLETED is=IDLE awp=false se=false i=false al=0},r=18,c=true/true,a=IDLE,uri=//localhost:35372/FileServlet/htmltests/xml-test.xml?contentType=application%2Fxml,age=4} filled 349 HeapByteBuffer@460916c[p=0,l=349,c=8192,r=349]={<<<GET /FileServlet/htmltest...nection: keep-alive\r\n\r\n>>>h: 11\r\n\r\n...\x00\x00\x00\x00\x00\x00\x00}
[DEBUG] HttpConnection@3e7171e5::SocketChannelEndPoint@3d491fad{l=/127.0.0.1:35372,r=/127.0.0.1:60190,OPEN,fill=-,flush=-,to=0/30000}{io=0/0,kio=0,kro=1}->HttpConnection@3e7171e5[p=HttpParser{s=CONTENT,0 of -1},g=HttpGenerator@274dcaa5{s=END}]=>HttpChannelOverHttp@36eb5f45{s=HttpChannelState@23232c72{s=IDLE rs=COMPLETED os=COMPLETED is=IDLE awp=false se=false i=false al=0},r=18,c=true/true,a=IDLE,uri=//localhost:35372/FileServlet/htmltests/xml-test.xml?contentType=application%2Fxml,age=4} parse HeapByteBuffer@460916c[p=0,l=349,c=8192,r=349]={<<<GET /FileServlet/htmltest...nection: keep-alive\r\n\r\n>>>h: 11\r\n\r\n...\x00\x00\x00\x00\x00\x00\x00} {}
[DEBUG] parseNext s=CONTENT HeapByteBuffer@460916c[p=0,l=349,c=8192,r=349]={<<<GET /FileServlet/htmltest...nection: keep-alive\r\n\r\n>>>h: 11\r\n\r\n...\x00\x00\x00\x00\x00\x00\x00}
[DEBUG] CONTENT --> CONTENT_END
[DEBUG] onContentComplete HttpChannelOverHttp@36eb5f45{s=HttpChannelState@23232c72{s=IDLE rs=COMPLETED os=COMPLETED is=IDLE awp=false se=false i=false al=0},r=18,c=true/true,a=IDLE,uri=//localhost:35372/FileServlet/htmltests/xml-test.xml?contentType=application%2Fxml,age=4}
[DEBUG] CONTENT_END --> END
[DEBUG] onRequestComplete HttpChannelOverHttp@36eb5f45{s=HttpChannelState@23232c72{s=IDLE rs=COMPLETED os=COMPLETED is=IDLE awp=false se=false i=false al=0},r=18,c=true/true,a=IDLE,uri=//localhost:35372/FileServlet/htmltests/xml-test.xml?contentType=application%2Fxml,age=5}
[DEBUG] HttpInputOverHTTP@376cf161[c=0,q=0,[0]=null,s=STREAM] addContent EOF
[DEBUG] HttpConnection@3e7171e5::SocketChannelEndPoint@3d491fad{l=/127.0.0.1:35372,r=/127.0.0.1:60190,OPEN,fill=-,flush=-,to=0/30000}{io=0/0,kio=0,kro=1}->HttpConnection@3e7171e5[p=HttpParser{s=END,0 of -1},g=HttpGenerator@274dcaa5{s=END}]=>HttpChannelOverHttp@36eb5f45{s=HttpChannelState@23232c72{s=IDLE rs=COMPLETED os=COMPLETED is=IDLE awp=false se=false i=false al=0},r=18,c=true/true,a=IDLE,uri=//localhost:35372/FileServlet/htmltests/xml-test.xml?contentType=application%2Fxml,age=5} parsed false HttpParser{s=END,0 of -1}
[DEBUG] recycle HttpChannelState@23232c72{s=IDLE rs=COMPLETED os=COMPLETED is=IDLE awp=false se=false i=false al=0}
[DEBUG] reset HttpParser{s=END,0 of -1}
[DEBUG] END --> START
[DEBUG] !handle TERMINATED HttpChannelOverHttp@36eb5f45{s=HttpChannelState@23232c72{s=IDLE rs=BLOCKING os=OPEN is=IDLE awp=false se=false i=true al=0},r=18,c=false/false,a=IDLE,uri=null,age=0}
[DEBUG] HttpConnection@3e7171e5::SocketChannelEndPoint@3d491fad{l=/127.0.0.1:35372,r=/127.0.0.1:60190,OPEN,fill=-,flush=-,to=0/30000}{io=0/0,kio=0,kro=1}->HttpConnection@3e7171e5[p=HttpParser{s=START,0 of -1},g=HttpGenerator@274dcaa5{s=START}]=>HttpChannelOverHttp@36eb5f45{s=HttpChannelState@23232c72{s=IDLE rs=BLOCKING os=OPEN is=IDLE awp=false se=false i=true al=0},r=18,c=false/false,a=IDLE,uri=null,age=0} parse HeapByteBuffer@460916c[p=0,l=349,c=8192,r=349]={<<<GET /FileServlet/htmltest...nection: keep-alive\r\n\r\n>>>h: 11\r\n\r\n...\x00\x00\x00\x00\x00\x00\x00} {}
[DEBUG] parseNext s=START HeapByteBuffer@460916c[p=0,l=349,c=8192,r=349]={<<<GET /FileServlet/htmltest...nection: keep-alive\r\n\r\n>>>h: 11\r\n\r\n...\x00\x00\x00\x00\x00\x00\x00}
[DEBUG] START --> SPACE1
[DEBUG] SPACE1 --> URI
[DEBUG] URI --> SPACE2
[DEBUG] SPACE2 --> REQUEST_VERSION
[DEBUG] REQUEST_VERSION --> HEADER
[DEBUG] HEADER:Accept-Encoding: gzip --> IN_VALUE
[DEBUG] HEADER:Accept-Encoding: gzip --> FIELD
[DEBUG] HEADER:User-Agent: Mozilla/5.0 (Windows NT 10.0; Win64; x64) AppleWebKit/537.36 (KHTML, like Gecko) Chrome/79.0.3945.130 Safari/537.36 --> IN_VALUE
[DEBUG] HEADER:User-Agent: Mozilla/5.0 (Windows NT 10.0; Win64; x64) AppleWebKit/537.36 (KHTML, like Gecko) Chrome/79.0.3945.130 Safari/537.36 --> FIELD
[DEBUG] HEADER:Host: localhost:35372 --> IN_VALUE
[DEBUG] HEADER:Host: localhost:35372 --> FIELD
[DEBUG] HEADER:Accept: text/html, image/gif, image/jpeg, *; q=.2, */*; q=.2 --> IN_VALUE
[DEBUG] HEADER:Accept: text/html, image/gif, image/jpeg, *; q=.2, */*; q=.2 --> FIELD
[DEBUG] HEADER:Connection: keep-alive --> IN_VALUE
[DEBUG] HEADER:Connection: keep-alive --> FIELD
[DEBUG] HEADER --> CONTENT
[DEBUG] REQUEST for //localhost:35372/FileServlet/htmltests/xml-test.xml?contentType=application%2Frss%2Bxml on HttpChannelOverHttp@36eb5f45{s=HttpChannelState@23232c72{s=IDLE rs=BLOCKING os=OPEN is=IDLE awp=false se=false i=true al=0},r=19,c=false/false,a=IDLE,uri=//localhost:35372/FileServlet/htmltests/xml-test.xml?contentType=application%2Frss%2Bxml,age=0}
GET //localhost:35372/FileServlet/htmltests/xml-test.xml?contentType=application%2Frss%2Bxml HTTP/1.1
Accept-Encoding: gzip
User-Agent: Mozilla/5.0 (Windows NT 10.0; Win64; x64) AppleWebKit/537.36 (KHTML, like Gecko) Chrome/79.0.3945.130 Safari/537.36
Host: localhost:35372
Accept: text/html, image/gif, image/jpeg, *; q=.2, */*; q=.2
Connection: keep-alive


[DEBUG] HttpConnection@3e7171e5::SocketChannelEndPoint@3d491fad{l=/127.0.0.1:35372,r=/127.0.0.1:60190,OPEN,fill=-,flush=-,to=7/30000}{io=0/0,kio=0,kro=1}->HttpConnection@3e7171e5[p=HttpParser{s=CONTENT,0 of -1},g=HttpGenerator@274dcaa5{s=START}]=>HttpChannelOverHttp@36eb5f45{s=HttpChannelState@23232c72{s=IDLE rs=BLOCKING os=OPEN is=IDLE awp=false se=false i=true al=0},r=19,c=false/false,a=IDLE,uri=//localhost:35372/FileServlet/htmltests/xml-test.xml?contentType=application%2Frss%2Bxml,age=0} parsed true HttpParser{s=CONTENT,0 of -1}
[DEBUG] releaseRequestBuffer HttpConnection@3e7171e5::SocketChannelEndPoint@3d491fad{l=/127.0.0.1:35372,r=/127.0.0.1:60190,OPEN,fill=-,flush=-,to=7/30000}{io=0/0,kio=0,kro=1}->HttpConnection@3e7171e5[p=HttpParser{s=CONTENT,0 of -1},g=HttpGenerator@274dcaa5{s=START}]=>HttpChannelOverHttp@36eb5f45{s=HttpChannelState@23232c72{s=IDLE rs=BLOCKING os=OPEN is=IDLE awp=false se=false i=true al=0},r=19,c=false/false,a=IDLE,uri=//localhost:35372/FileServlet/htmltests/xml-test.xml?contentType=application%2Frss%2Bxml,age=0}
[DEBUG] handle //localhost:35372/FileServlet/htmltests/xml-test.xml?contentType=application%2Frss%2Bxml HttpChannelOverHttp@36eb5f45{s=HttpChannelState@23232c72{s=IDLE rs=BLOCKING os=OPEN is=IDLE awp=false se=false i=true al=0},r=19,c=false/false,a=IDLE,uri=//localhost:35372/FileServlet/htmltests/xml-test.xml?contentType=application%2Frss%2Bxml,age=0} 
[DEBUG] handling HttpChannelState@23232c72{s=IDLE rs=BLOCKING os=OPEN is=IDLE awp=false se=false i=true al=0}
[DEBUG] action DISPATCH HttpChannelOverHttp@36eb5f45{s=HttpChannelState@23232c72{s=HANDLING rs=BLOCKING os=OPEN is=IDLE awp=false se=false i=true al=0},r=19,c=false/false,a=HANDLING,uri=//localhost:35372/FileServlet/htmltests/xml-test.xml?contentType=application%2Frss%2Bxml,age=0}
[DEBUG] REQUEST GET /FileServlet/htmltests/xml-test.xml on HttpChannelOverHttp@36eb5f45{s=HttpChannelState@23232c72{s=HANDLING rs=BLOCKING os=OPEN is=IDLE awp=false se=false i=true al=0},r=19,c=false/false,a=HANDLING,uri=//localhost:35372/FileServlet/htmltests/xml-test.xml?contentType=application%2Frss%2Bxml,age=0}
[DEBUG] servlet null|/FileServlet|/htmltests/xml-test.xml -> org.jsoup.integration.servlets.FileServlet-60dce7ea==org.jsoup.integration.servlets.FileServlet@c786463a{jsp=null,order=-1,inst=true,async=true,src=EMBEDDED:null,STARTED}
[DEBUG] chain=null
[DEBUG] write(array HeapByteBuffer@2b137a0b[p=0,l=45,c=8192,r=45]={<<<<doc><val>One<val>Two</val>Three</val></doc>\n>>>\x00\x00\x00\x00\x00\x00\x00\x00\x00...\x00\x00\x00\x00\x00\x00\x00})
[DEBUG] write(array) s=OPEN,api=BLOCKING,sc=false,e=null aggregated !flush DirectByteBuffer@341ca971[p=0,l=45,c=32768,r=45]={<<<<doc><val>One<val>Two</val>Three</val></doc>\n>>>>\n    <st...gue. Pr}
[DEBUG] sendResponse info=null content=DirectByteBuffer@341ca971[p=0,l=45,c=32768,r=45]={<<<<doc><val>One<val>Two</val>Three</val></doc>\n>>>>\n    <st...gue. Pr} complete=false committing=true callback=Blocker@7cb7664d{null}
[DEBUG] COMMIT for /FileServlet/htmltests/xml-test.xml on HttpChannelOverHttp@36eb5f45{s=HttpChannelState@23232c72{s=HANDLING rs=BLOCKING os=COMMITTED is=IDLE awp=false se=false i=true al=0},r=19,c=false/false,a=HANDLING,uri=//localhost:35372/FileServlet/htmltests/xml-test.xml?contentType=application%2Frss%2Bxml,age=7}
200 null HTTP/1.1
Date: Tue, 28 Sep 2021 06:03:32 GMT
Content-Type: application/rss+xml


[DEBUG] generate: NEED_HEADER for SendCallback@410c6bef[PROCESSING][i=HTTP/1.1{s=200,h=2,cl=-1},cb=org.eclipse.jetty.server.HttpChannel$SendCallback@473c996f] (null,[p=0,l=45,c=32768,r=45],false)@START
[DEBUG] generateHeaders HTTP/1.1{s=200,h=2,cl=-1} last=false content=DirectByteBuffer@341ca971[p=0,l=45,c=32768,r=45]={<<<<doc><val>One<val>Two</val>Three</val></doc>\n>>>>\n    <st...gue. Pr}
[DEBUG] Date: Tue, 28 Sep 2021 06:03:32 GMT
Content-Type: application/rss+xml


[DEBUG] CHUNKED_CONTENT
[DEBUG] generate: FLUSH for SendCallback@410c6bef[PROCESSING][i=HTTP/1.1{s=200,h=2,cl=-1},cb=org.eclipse.jetty.server.HttpChannel$SendCallback@473c996f] ([p=0,l=156,c=8192,r=156],[p=0,l=45,c=32768,r=45],false)@COMMITTED
[DEBUG] write: WriteFlusher@2071150d{IDLE}->null [HeapByteBuffer@1ef04a69[p=0,l=156,c=8192,r=156]={<<<HTTP/1.1 200 OK\r\nDate: Tu...4.43.v20210629)\r\n\r\n2D\r\n>>> AppleWeb...\x00\x00\x00\x00\x00\x00\x00},DirectByteBuffer@341ca971[p=0,l=45,c=32768,r=45]={<<<<doc><val>One<val>Two</val>Three</val></doc>\n>>>>\n    <st...gue. Pr}]
[DEBUG] update WriteFlusher@2071150d{WRITING}->null:IDLE-->WRITING
[DEBUG] flushed 201 SocketChannelEndPoint@3d491fad{l=/127.0.0.1:35372,r=/127.0.0.1:60190,OPEN,fill=-,flush=W,to=22/30000}{io=0/0,kio=0,kro=1}->HttpConnection@3e7171e5[p=HttpParser{s=CONTENT,0 of -1},g=HttpGenerator@274dcaa5{s=COMMITTED}]=>HttpChannelOverHttp@36eb5f45{s=HttpChannelState@23232c72{s=HANDLING rs=BLOCKING os=COMMITTED is=IDLE awp=false se=false i=true al=0},r=19,c=false/false,a=HANDLING,uri=//localhost:35372/FileServlet/htmltests/xml-test.xml?contentType=application%2Frss%2Bxml,age=15}
[DEBUG] Flushed=true written=201 remaining=0 WriteFlusher@2071150d{WRITING}->null
[DEBUG] update WriteFlusher@2071150d{IDLE}->null:WRITING-->IDLE
[DEBUG] generate: DONE for SendCallback@410c6bef[PROCESSING][i=HTTP/1.1{s=200,h=2,cl=-1},cb=org.eclipse.jetty.server.HttpChannel$SendCallback@473c996f] ([p=156,l=156,c=8192,r=0],[p=45,l=45,c=32768,r=0],false)@COMMITTED
[DEBUG] onWriteComplete(false,null) s=OPEN,api=BLOCKED,sc=false,e=null->s=OPEN,api=BLOCKING,sc=false,e=null c=null cb=null w=false
[DEBUG] handled=true async=false committed=true on HttpChannelOverHttp@36eb5f45{s=HttpChannelState@23232c72{s=HANDLING rs=BLOCKING os=COMMITTED is=IDLE awp=false se=false i=true al=0},r=19,c=false/false,a=HANDLING,uri=//localhost:35372/FileServlet/htmltests/xml-test.xml?contentType=application%2Frss%2Bxml,age=15}
[DEBUG] unhandle HttpChannelState@23232c72{s=HANDLING rs=BLOCKING os=COMMITTED is=IDLE awp=false se=false i=true al=0}
[DEBUG] nextAction(false) COMPLETE HttpChannelState@23232c72{s=HANDLING rs=COMPLETING os=COMMITTED is=IDLE awp=false se=false i=false al=0}
[DEBUG] action COMPLETE HttpChannelOverHttp@36eb5f45{s=HttpChannelState@23232c72{s=HANDLING rs=COMPLETING os=COMMITTED is=IDLE awp=false se=false i=false al=0},r=19,c=false/false,a=HANDLING,uri=//localhost:35372/FileServlet/htmltests/xml-test.xml?contentType=application%2Frss%2Bxml,age=16}
[DEBUG] complete(org.eclipse.jetty.util.Callback$3@2eb80190) s=CLOSING,api=BLOCKED,sc=false,e=null s=false e=null, c=HeapByteBuffer@13dae45a[p=0,l=0,c=0,r=0]={<<<>>>}
[DEBUG] sendResponse info=null content=HeapByteBuffer@13dae45a[p=0,l=0,c=0,r=0]={<<<>>>} complete=true committing=false callback=org.eclipse.jetty.server.HttpOutput$WriteCompleteCB@15bbccd
[DEBUG] generate: CONTINUE for SendCallback@410c6bef[PROCESSING][i=null,cb=org.eclipse.jetty.server.HttpChannel$SendCallback@31a84dcf] (null,[p=0,l=0,c=0,r=0],true)@COMPLETING
[DEBUG] generate: NEED_CHUNK for SendCallback@410c6bef[PROCESSING][i=null,cb=org.eclipse.jetty.server.HttpChannel$SendCallback@31a84dcf] (null,[p=0,l=0,c=0,r=0],true)@COMPLETING
[DEBUG] generate: FLUSH for SendCallback@410c6bef[PROCESSING][i=null,cb=org.eclipse.jetty.server.HttpChannel$SendCallback@31a84dcf] (null,[p=0,l=0,c=0,r=0],true)@COMPLETING
[DEBUG] write: WriteFlusher@2071150d{IDLE}->null [HeapByteBuffer@52377fdf[p=0,l=7,c=1024,r=7]={<<<\r\n0\r\n\r\n>>>\n\x00\x00\x00\x00\x00\x00\x00\x00...\x00\x00\x00\x00\x00\x00\x00}]
[DEBUG] update WriteFlusher@2071150d{WRITING}->null:IDLE-->WRITING
[DEBUG] flushed 7 SocketChannelEndPoint@3d491fad{l=/127.0.0.1:35372,r=/127.0.0.1:60190,OPEN,fill=-,flush=W,to=1/30000}{io=0/0,kio=0,kro=1}->HttpConnection@3e7171e5[p=HttpParser{s=CONTENT,0 of -1},g=HttpGenerator@274dcaa5{s=COMPLETING}]=>HttpChannelOverHttp@36eb5f45{s=HttpChannelState@23232c72{s=HANDLING rs=COMPLETING os=COMMITTED is=IDLE awp=false se=false i=false al=0},r=19,c=false/false,a=HANDLING,uri=//localhost:35372/FileServlet/htmltests/xml-test.xml?contentType=application%2Frss%2Bxml,age=17}
[DEBUG] Flushed=true written=7 remaining=0 WriteFlusher@2071150d{WRITING}->null
[DEBUG] update WriteFlusher@2071150d{IDLE}->null:WRITING-->IDLE
[DEBUG] generate: DONE for SendCallback@410c6bef[PROCESSING][i=null,cb=org.eclipse.jetty.server.HttpChannel$SendCallback@31a84dcf] (null,[p=0,l=0,c=0,r=0],true)@END
[DEBUG] onWriteComplete(true,null) s=CLOSING,api=BLOCKED,sc=false,e=null->s=CLOSED,api=BLOCKING,sc=false,e=null c=null cb=org.eclipse.jetty.util.Callback$3@2eb80190 w=false
[DEBUG] completed HttpChannelState@23232c72{s=HANDLING rs=COMPLETING os=COMPLETED is=IDLE awp=false se=false i=false al=0}
[DEBUG] unhandle HttpChannelState@23232c72{s=HANDLING rs=COMPLETED os=COMPLETED is=IDLE awp=false se=false i=false al=0}
[DEBUG] nextAction(false) TERMINATED HttpChannelState@23232c72{s=IDLE rs=COMPLETED os=COMPLETED is=IDLE awp=false se=false i=false al=0}
[DEBUG] action TERMINATED HttpChannelOverHttp@36eb5f45{s=HttpChannelState@23232c72{s=IDLE rs=COMPLETED os=COMPLETED is=IDLE awp=false se=false i=false al=0},r=19,c=true/true,a=IDLE,uri=//localhost:35372/FileServlet/htmltests/xml-test.xml?contentType=application%2Frss%2Bxml,age=17}
[DEBUG] onCompleted for /FileServlet/htmltests/xml-test.xml written=45
[DEBUG] filled 351 HeapByteBuffer@2a66826a[p=0,l=351,c=8192,r=351]={<<<GET /FileServlet/htmltest...nection: keep-alive\r\n\r\n>>>live\r\nCon...\x86&h\xA0{\xC1\xC2}
[DEBUG] HttpConnection@3e7171e5::SocketChannelEndPoint@3d491fad{l=/127.0.0.1:35372,r=/127.0.0.1:60190,OPEN,fill=-,flush=-,to=0/30000}{io=0/0,kio=0,kro=1}->HttpConnection@3e7171e5[p=HttpParser{s=CONTENT,0 of -1},g=HttpGenerator@274dcaa5{s=END}]=>HttpChannelOverHttp@36eb5f45{s=HttpChannelState@23232c72{s=IDLE rs=COMPLETED os=COMPLETED is=IDLE awp=false se=false i=false al=0},r=19,c=true/true,a=IDLE,uri=//localhost:35372/FileServlet/htmltests/xml-test.xml?contentType=application%2Frss%2Bxml,age=18} filled 351 HeapByteBuffer@2a66826a[p=0,l=351,c=8192,r=351]={<<<GET /FileServlet/htmltest...nection: keep-alive\r\n\r\n>>>live\r\nCon...\x86&h\xA0{\xC1\xC2}
[DEBUG] HttpConnection@3e7171e5::SocketChannelEndPoint@3d491fad{l=/127.0.0.1:35372,r=/127.0.0.1:60190,OPEN,fill=-,flush=-,to=0/30000}{io=0/0,kio=0,kro=1}->HttpConnection@3e7171e5[p=HttpParser{s=CONTENT,0 of -1},g=HttpGenerator@274dcaa5{s=END}]=>HttpChannelOverHttp@36eb5f45{s=HttpChannelState@23232c72{s=IDLE rs=COMPLETED os=COMPLETED is=IDLE awp=false se=false i=false al=0},r=19,c=true/true,a=IDLE,uri=//localhost:35372/FileServlet/htmltests/xml-test.xml?contentType=application%2Frss%2Bxml,age=18} parse HeapByteBuffer@2a66826a[p=0,l=351,c=8192,r=351]={<<<GET /FileServlet/htmltest...nection: keep-alive\r\n\r\n>>>live\r\nCon...\x86&h\xA0{\xC1\xC2} {}
[DEBUG] parseNext s=CONTENT HeapByteBuffer@2a66826a[p=0,l=351,c=8192,r=351]={<<<GET /FileServlet/htmltest...nection: keep-alive\r\n\r\n>>>live\r\nCon...\x86&h\xA0{\xC1\xC2}
[DEBUG] CONTENT --> CONTENT_END
[DEBUG] onContentComplete HttpChannelOverHttp@36eb5f45{s=HttpChannelState@23232c72{s=IDLE rs=COMPLETED os=COMPLETED is=IDLE awp=false se=false i=false al=0},r=19,c=true/true,a=IDLE,uri=//localhost:35372/FileServlet/htmltests/xml-test.xml?contentType=application%2Frss%2Bxml,age=18}
[DEBUG] CONTENT_END --> END
[DEBUG] onRequestComplete HttpChannelOverHttp@36eb5f45{s=HttpChannelState@23232c72{s=IDLE rs=COMPLETED os=COMPLETED is=IDLE awp=false se=false i=false al=0},r=19,c=true/true,a=IDLE,uri=//localhost:35372/FileServlet/htmltests/xml-test.xml?contentType=application%2Frss%2Bxml,age=18}
[DEBUG] HttpInputOverHTTP@376cf161[c=0,q=0,[0]=null,s=STREAM] addContent EOF
[DEBUG] HttpConnection@3e7171e5::SocketChannelEndPoint@3d491fad{l=/127.0.0.1:35372,r=/127.0.0.1:60190,OPEN,fill=-,flush=-,to=0/30000}{io=0/0,kio=0,kro=1}->HttpConnection@3e7171e5[p=HttpParser{s=END,0 of -1},g=HttpGenerator@274dcaa5{s=END}]=>HttpChannelOverHttp@36eb5f45{s=HttpChannelState@23232c72{s=IDLE rs=COMPLETED os=COMPLETED is=IDLE awp=false se=false i=false al=0},r=19,c=true/true,a=IDLE,uri=//localhost:35372/FileServlet/htmltests/xml-test.xml?contentType=application%2Frss%2Bxml,age=18} parsed false HttpParser{s=END,0 of -1}
[DEBUG] recycle HttpChannelState@23232c72{s=IDLE rs=COMPLETED os=COMPLETED is=IDLE awp=false se=false i=false al=0}
[DEBUG] reset HttpParser{s=END,0 of -1}
[DEBUG] END --> START
[DEBUG] !handle TERMINATED HttpChannelOverHttp@36eb5f45{s=HttpChannelState@23232c72{s=IDLE rs=BLOCKING os=OPEN is=IDLE awp=false se=false i=true al=0},r=19,c=false/false,a=IDLE,uri=null,age=0}
[DEBUG] HttpConnection@3e7171e5::SocketChannelEndPoint@3d491fad{l=/127.0.0.1:35372,r=/127.0.0.1:60190,OPEN,fill=-,flush=-,to=0/30000}{io=0/0,kio=0,kro=1}->HttpConnection@3e7171e5[p=HttpParser{s=START,0 of -1},g=HttpGenerator@274dcaa5{s=START}]=>HttpChannelOverHttp@36eb5f45{s=HttpChannelState@23232c72{s=IDLE rs=BLOCKING os=OPEN is=IDLE awp=false se=false i=true al=0},r=19,c=false/false,a=IDLE,uri=null,age=0} parse HeapByteBuffer@2a66826a[p=0,l=351,c=8192,r=351]={<<<GET /FileServlet/htmltest...nection: keep-alive\r\n\r\n>>>live\r\nCon...\x86&h\xA0{\xC1\xC2} {}
[DEBUG] parseNext s=START HeapByteBuffer@2a66826a[p=0,l=351,c=8192,r=351]={<<<GET /FileServlet/htmltest...nection: keep-alive\r\n\r\n>>>live\r\nCon...\x86&h\xA0{\xC1\xC2}
[DEBUG] START --> SPACE1
[DEBUG] SPACE1 --> URI
[DEBUG] URI --> SPACE2
[DEBUG] SPACE2 --> REQUEST_VERSION
[DEBUG] REQUEST_VERSION --> HEADER
[DEBUG] HEADER:Accept-Encoding: gzip --> IN_VALUE
[DEBUG] HEADER:Accept-Encoding: gzip --> FIELD
[DEBUG] HEADER:User-Agent: Mozilla/5.0 (Windows NT 10.0; Win64; x64) AppleWebKit/537.36 (KHTML, like Gecko) Chrome/79.0.3945.130 Safari/537.36 --> IN_VALUE
[DEBUG] HEADER:User-Agent: Mozilla/5.0 (Windows NT 10.0; Win64; x64) AppleWebKit/537.36 (KHTML, like Gecko) Chrome/79.0.3945.130 Safari/537.36 --> FIELD
[DEBUG] HEADER:Host: localhost:35372 --> IN_VALUE
[DEBUG] HEADER:Host: localhost:35372 --> FIELD
[DEBUG] HEADER:Accept: text/html, image/gif, image/jpeg, *; q=.2, */*; q=.2 --> IN_VALUE
[DEBUG] HEADER:Accept: text/html, image/gif, image/jpeg, *; q=.2, */*; q=.2 --> FIELD
[DEBUG] HEADER:Connection: keep-alive --> IN_VALUE
[DEBUG] HEADER:Connection: keep-alive --> FIELD
[DEBUG] HEADER --> CONTENT
[DEBUG] REQUEST for //localhost:35372/FileServlet/htmltests/xml-test.xml?contentType=application%2Fxhtml%2Bxml on HttpChannelOverHttp@36eb5f45{s=HttpChannelState@23232c72{s=IDLE rs=BLOCKING os=OPEN is=IDLE awp=false se=false i=true al=0},r=20,c=false/false,a=IDLE,uri=//localhost:35372/FileServlet/htmltests/xml-test.xml?contentType=application%2Fxhtml%2Bxml,age=0}
GET //localhost:35372/FileServlet/htmltests/xml-test.xml?contentType=application%2Fxhtml%2Bxml HTTP/1.1
Accept-Encoding: gzip
User-Agent: Mozilla/5.0 (Windows NT 10.0; Win64; x64) AppleWebKit/537.36 (KHTML, like Gecko) Chrome/79.0.3945.130 Safari/537.36
Host: localhost:35372
Accept: text/html, image/gif, image/jpeg, *; q=.2, */*; q=.2
Connection: keep-alive


[DEBUG] HttpConnection@3e7171e5::SocketChannelEndPoint@3d491fad{l=/127.0.0.1:35372,r=/127.0.0.1:60190,OPEN,fill=-,flush=-,to=5/30000}{io=0/0,kio=0,kro=1}->HttpConnection@3e7171e5[p=HttpParser{s=CONTENT,0 of -1},g=HttpGenerator@274dcaa5{s=START}]=>HttpChannelOverHttp@36eb5f45{s=HttpChannelState@23232c72{s=IDLE rs=BLOCKING os=OPEN is=IDLE awp=false se=false i=true al=0},r=20,c=false/false,a=IDLE,uri=//localhost:35372/FileServlet/htmltests/xml-test.xml?contentType=application%2Fxhtml%2Bxml,age=5} parsed true HttpParser{s=CONTENT,0 of -1}
[DEBUG] releaseRequestBuffer HttpConnection@3e7171e5::SocketChannelEndPoint@3d491fad{l=/127.0.0.1:35372,r=/127.0.0.1:60190,OPEN,fill=-,flush=-,to=5/30000}{io=0/0,kio=0,kro=1}->HttpConnection@3e7171e5[p=HttpParser{s=CONTENT,0 of -1},g=HttpGenerator@274dcaa5{s=START}]=>HttpChannelOverHttp@36eb5f45{s=HttpChannelState@23232c72{s=IDLE rs=BLOCKING os=OPEN is=IDLE awp=false se=false i=true al=0},r=20,c=false/false,a=IDLE,uri=//localhost:35372/FileServlet/htmltests/xml-test.xml?contentType=application%2Fxhtml%2Bxml,age=5}
[DEBUG] handle //localhost:35372/FileServlet/htmltests/xml-test.xml?contentType=application%2Fxhtml%2Bxml HttpChannelOverHttp@36eb5f45{s=HttpChannelState@23232c72{s=IDLE rs=BLOCKING os=OPEN is=IDLE awp=false se=false i=true al=0},r=20,c=false/false,a=IDLE,uri=//localhost:35372/FileServlet/htmltests/xml-test.xml?contentType=application%2Fxhtml%2Bxml,age=5} 
[DEBUG] handling HttpChannelState@23232c72{s=IDLE rs=BLOCKING os=OPEN is=IDLE awp=false se=false i=true al=0}
[DEBUG] action DISPATCH HttpChannelOverHttp@36eb5f45{s=HttpChannelState@23232c72{s=HANDLING rs=BLOCKING os=OPEN is=IDLE awp=false se=false i=true al=0},r=20,c=false/false,a=HANDLING,uri=//localhost:35372/FileServlet/htmltests/xml-test.xml?contentType=application%2Fxhtml%2Bxml,age=5}
[DEBUG] REQUEST GET /FileServlet/htmltests/xml-test.xml on HttpChannelOverHttp@36eb5f45{s=HttpChannelState@23232c72{s=HANDLING rs=BLOCKING os=OPEN is=IDLE awp=false se=false i=true al=0},r=20,c=false/false,a=HANDLING,uri=//localhost:35372/FileServlet/htmltests/xml-test.xml?contentType=application%2Fxhtml%2Bxml,age=5}
[DEBUG] servlet null|/FileServlet|/htmltests/xml-test.xml -> org.jsoup.integration.servlets.FileServlet-60dce7ea==org.jsoup.integration.servlets.FileServlet@c786463a{jsp=null,order=-1,inst=true,async=true,src=EMBEDDED:null,STARTED}
[DEBUG] chain=null
[DEBUG] write(array HeapByteBuffer@12fc4d74[p=0,l=45,c=8192,r=45]={<<<<doc><val>One<val>Two</val>Three</val></doc>\n>>>\x00\x00\x00\x00\x00\x00\x00\x00\x00...\x00\x00\x00\x00\x00\x00\x00})
[DEBUG] write(array) s=OPEN,api=BLOCKING,sc=false,e=null aggregated !flush DirectByteBuffer@6ae05ec4[p=0,l=45,c=32768,r=45]={<<<<doc><val>One<val>Two</val>Three</val></doc>\n>>>>\n    <st...gue. Pr}
[DEBUG] sendResponse info=null content=DirectByteBuffer@6ae05ec4[p=0,l=45,c=32768,r=45]={<<<<doc><val>One<val>Two</val>Three</val></doc>\n>>>>\n    <st...gue. Pr} complete=false committing=true callback=Blocker@7cb7664d{null}
[DEBUG] COMMIT for /FileServlet/htmltests/xml-test.xml on HttpChannelOverHttp@36eb5f45{s=HttpChannelState@23232c72{s=HANDLING rs=BLOCKING os=COMMITTED is=IDLE awp=false se=false i=true al=0},r=20,c=false/false,a=HANDLING,uri=//localhost:35372/FileServlet/htmltests/xml-test.xml?contentType=application%2Fxhtml%2Bxml,age=5}
200 null HTTP/1.1
Date: Tue, 28 Sep 2021 06:03:32 GMT
Content-Type: application/xhtml+xml


[DEBUG] generate: NEED_HEADER for SendCallback@410c6bef[PROCESSING][i=HTTP/1.1{s=200,h=2,cl=-1},cb=org.eclipse.jetty.server.HttpChannel$SendCallback@7ca67a3a] (null,[p=0,l=45,c=32768,r=45],false)@START
[DEBUG] generateHeaders HTTP/1.1{s=200,h=2,cl=-1} last=false content=DirectByteBuffer@6ae05ec4[p=0,l=45,c=32768,r=45]={<<<<doc><val>One<val>Two</val>Three</val></doc>\n>>>>\n    <st...gue. Pr}
[DEBUG] Date: Tue, 28 Sep 2021 06:03:32 GMT
Content-Type: application/xhtml+xml


[DEBUG] CHUNKED_CONTENT
[DEBUG] generate: FLUSH for SendCallback@410c6bef[PROCESSING][i=HTTP/1.1{s=200,h=2,cl=-1},cb=org.eclipse.jetty.server.HttpChannel$SendCallback@7ca67a3a] ([p=0,l=158,c=8192,r=158],[p=0,l=45,c=32768,r=45],false)@COMMITTED
[DEBUG] write: WriteFlusher@2071150d{IDLE}->null [HeapByteBuffer@460916c[p=0,l=158,c=8192,r=158]={<<<HTTP/1.1 200 OK\r\nDate: Tu...4.43.v20210629)\r\n\r\n2D\r\n>>>x64) Appl...\x00\x00\x00\x00\x00\x00\x00},DirectByteBuffer@6ae05ec4[p=0,l=45,c=32768,r=45]={<<<<doc><val>One<val>Two</val>Three</val></doc>\n>>>>\n    <st...gue. Pr}]
[DEBUG] update WriteFlusher@2071150d{WRITING}->null:IDLE-->WRITING
[DEBUG] flushed 203 SocketChannelEndPoint@3d491fad{l=/127.0.0.1:35372,r=/127.0.0.1:60190,OPEN,fill=-,flush=W,to=7/30000}{io=0/0,kio=0,kro=1}->HttpConnection@3e7171e5[p=HttpParser{s=CONTENT,0 of -1},g=HttpGenerator@274dcaa5{s=COMMITTED}]=>HttpChannelOverHttp@36eb5f45{s=HttpChannelState@23232c72{s=HANDLING rs=BLOCKING os=COMMITTED is=IDLE awp=false se=false i=true al=0},r=20,c=false/false,a=HANDLING,uri=//localhost:35372/FileServlet/htmltests/xml-test.xml?contentType=application%2Fxhtml%2Bxml,age=7}
[DEBUG] Flushed=true written=203 remaining=0 WriteFlusher@2071150d{WRITING}->null
[DEBUG] update WriteFlusher@2071150d{IDLE}->null:WRITING-->IDLE
[DEBUG] generate: DONE for SendCallback@410c6bef[PROCESSING][i=HTTP/1.1{s=200,h=2,cl=-1},cb=org.eclipse.jetty.server.HttpChannel$SendCallback@7ca67a3a] ([p=158,l=158,c=8192,r=0],[p=45,l=45,c=32768,r=0],false)@COMMITTED
[DEBUG] onWriteComplete(false,null) s=OPEN,api=BLOCKED,sc=false,e=null->s=OPEN,api=BLOCKING,sc=false,e=null c=null cb=null w=false
[DEBUG] handled=true async=false committed=true on HttpChannelOverHttp@36eb5f45{s=HttpChannelState@23232c72{s=HANDLING rs=BLOCKING os=COMMITTED is=IDLE awp=false se=false i=true al=0},r=20,c=false/false,a=HANDLING,uri=//localhost:35372/FileServlet/htmltests/xml-test.xml?contentType=application%2Fxhtml%2Bxml,age=7}
[DEBUG] unhandle HttpChannelState@23232c72{s=HANDLING rs=BLOCKING os=COMMITTED is=IDLE awp=false se=false i=true al=0}
[DEBUG] nextAction(false) COMPLETE HttpChannelState@23232c72{s=HANDLING rs=COMPLETING os=COMMITTED is=IDLE awp=false se=false i=false al=0}
[DEBUG] action COMPLETE HttpChannelOverHttp@36eb5f45{s=HttpChannelState@23232c72{s=HANDLING rs=COMPLETING os=COMMITTED is=IDLE awp=false se=false i=false al=0},r=20,c=false/false,a=HANDLING,uri=//localhost:35372/FileServlet/htmltests/xml-test.xml?contentType=application%2Fxhtml%2Bxml,age=7}
[DEBUG] complete(org.eclipse.jetty.util.Callback$3@20470cb7) s=CLOSING,api=BLOCKED,sc=false,e=null s=false e=null, c=HeapByteBuffer@13dae45a[p=0,l=0,c=0,r=0]={<<<>>>}
[DEBUG] sendResponse info=null content=HeapByteBuffer@13dae45a[p=0,l=0,c=0,r=0]={<<<>>>} complete=true committing=false callback=org.eclipse.jetty.server.HttpOutput$WriteCompleteCB@5372eb45
[DEBUG] generate: CONTINUE for SendCallback@410c6bef[PROCESSING][i=null,cb=org.eclipse.jetty.server.HttpChannel$SendCallback@23159bb2] (null,[p=0,l=0,c=0,r=0],true)@COMPLETING
[DEBUG] generate: NEED_CHUNK for SendCallback@410c6bef[PROCESSING][i=null,cb=org.eclipse.jetty.server.HttpChannel$SendCallback@23159bb2] (null,[p=0,l=0,c=0,r=0],true)@COMPLETING
[DEBUG] generate: FLUSH for SendCallback@410c6bef[PROCESSING][i=null,cb=org.eclipse.jetty.server.HttpChannel$SendCallback@23159bb2] (null,[p=0,l=0,c=0,r=0],true)@COMPLETING
[DEBUG] write: WriteFlusher@2071150d{IDLE}->null [HeapByteBuffer@2ed6021b[p=0,l=7,c=1024,r=7]={<<<\r\n0\r\n\r\n>>>\n\x00\x00\x00\x00\x00\x00\x00\x00...\x00\x00\x00\x00\x00\x00\x00}]
[DEBUG] update WriteFlusher@2071150d{WRITING}->null:IDLE-->WRITING
]]></system-out>
  </testcase>
  <testcase name="handlesEmptyRedirect" classname="org.jsoup.integration.ConnectTest" time="0.241">
    <system-out><![CDATA[[DEBUG] flushed 7 SocketChannelEndPoint@3d491fad{l=/127.0.0.1:35372,r=/127.0.0.1:60190,OPEN,fill=-,flush=W,to=7/30000}{io=0/0,kio=0,kro=1}->HttpConnection@3e7171e5[p=HttpParser{s=CONTENT,0 of -1},g=HttpGenerator@274dcaa5{s=COMPLETING}]=>HttpChannelOverHttp@36eb5f45{s=HttpChannelState@23232c72{s=HANDLING rs=COMPLETING os=COMMITTED is=IDLE awp=false se=false i=false al=0},r=20,c=false/false,a=HANDLING,uri=//localhost:35372/FileServlet/htmltests/xml-test.xml?contentType=application%2Fxhtml%2Bxml,age=15}
[DEBUG] Flushed=true written=7 remaining=0 WriteFlusher@2071150d{WRITING}->null
[DEBUG] update WriteFlusher@2071150d{IDLE}->null:WRITING-->IDLE
[DEBUG] generate: DONE for SendCallback@410c6bef[PROCESSING][i=null,cb=org.eclipse.jetty.server.HttpChannel$SendCallback@23159bb2] (null,[p=0,l=0,c=0,r=0],true)@END
[DEBUG] onWriteComplete(true,null) s=CLOSING,api=BLOCKED,sc=false,e=null->s=CLOSED,api=BLOCKING,sc=false,e=null c=null cb=org.eclipse.jetty.util.Callback$3@20470cb7 w=false
[DEBUG] completed HttpChannelState@23232c72{s=HANDLING rs=COMPLETING os=COMPLETED is=IDLE awp=false se=false i=false al=0}
[DEBUG] unhandle HttpChannelState@23232c72{s=HANDLING rs=COMPLETED os=COMPLETED is=IDLE awp=false se=false i=false al=0}
[DEBUG] nextAction(false) TERMINATED HttpChannelState@23232c72{s=IDLE rs=COMPLETED os=COMPLETED is=IDLE awp=false se=false i=false al=0}
[DEBUG] action TERMINATED HttpChannelOverHttp@36eb5f45{s=HttpChannelState@23232c72{s=IDLE rs=COMPLETED os=COMPLETED is=IDLE awp=false se=false i=false al=0},r=20,c=true/true,a=IDLE,uri=//localhost:35372/FileServlet/htmltests/xml-test.xml?contentType=application%2Fxhtml%2Bxml,age=15}
[DEBUG] onCompleted for /FileServlet/htmltests/xml-test.xml written=45
[DEBUG] filled 294 HeapByteBuffer@1ef04a69[p=0,l=294,c=8192,r=294]={<<<GET /RedirectServlet HTTP...nection: keep-alive\r\n\r\n>>>g, *; q=....\x00\x00\x00\x00\x00\x00\x00}
[DEBUG] HttpConnection@3e7171e5::SocketChannelEndPoint@3d491fad{l=/127.0.0.1:35372,r=/127.0.0.1:60190,OPEN,fill=-,flush=-,to=0/30000}{io=0/0,kio=0,kro=1}->HttpConnection@3e7171e5[p=HttpParser{s=CONTENT,0 of -1},g=HttpGenerator@274dcaa5{s=END}]=>HttpChannelOverHttp@36eb5f45{s=HttpChannelState@23232c72{s=IDLE rs=COMPLETED os=COMPLETED is=IDLE awp=false se=false i=false al=0},r=20,c=true/true,a=IDLE,uri=//localhost:35372/FileServlet/htmltests/xml-test.xml?contentType=application%2Fxhtml%2Bxml,age=16} filled 294 HeapByteBuffer@1ef04a69[p=0,l=294,c=8192,r=294]={<<<GET /RedirectServlet HTTP...nection: keep-alive\r\n\r\n>>>g, *; q=....\x00\x00\x00\x00\x00\x00\x00}
[DEBUG] HttpConnection@3e7171e5::SocketChannelEndPoint@3d491fad{l=/127.0.0.1:35372,r=/127.0.0.1:60190,OPEN,fill=-,flush=-,to=0/30000}{io=0/0,kio=0,kro=1}->HttpConnection@3e7171e5[p=HttpParser{s=CONTENT,0 of -1},g=HttpGenerator@274dcaa5{s=END}]=>HttpChannelOverHttp@36eb5f45{s=HttpChannelState@23232c72{s=IDLE rs=COMPLETED os=COMPLETED is=IDLE awp=false se=false i=false al=0},r=20,c=true/true,a=IDLE,uri=//localhost:35372/FileServlet/htmltests/xml-test.xml?contentType=application%2Fxhtml%2Bxml,age=16} parse HeapByteBuffer@1ef04a69[p=0,l=294,c=8192,r=294]={<<<GET /RedirectServlet HTTP...nection: keep-alive\r\n\r\n>>>g, *; q=....\x00\x00\x00\x00\x00\x00\x00} {}
[DEBUG] parseNext s=CONTENT HeapByteBuffer@1ef04a69[p=0,l=294,c=8192,r=294]={<<<GET /RedirectServlet HTTP...nection: keep-alive\r\n\r\n>>>g, *; q=....\x00\x00\x00\x00\x00\x00\x00}
[DEBUG] CONTENT --> CONTENT_END
[DEBUG] onContentComplete HttpChannelOverHttp@36eb5f45{s=HttpChannelState@23232c72{s=IDLE rs=COMPLETED os=COMPLETED is=IDLE awp=false se=false i=false al=0},r=20,c=true/true,a=IDLE,uri=//localhost:35372/FileServlet/htmltests/xml-test.xml?contentType=application%2Fxhtml%2Bxml,age=16}
[DEBUG] CONTENT_END --> END
[DEBUG] onRequestComplete HttpChannelOverHttp@36eb5f45{s=HttpChannelState@23232c72{s=IDLE rs=COMPLETED os=COMPLETED is=IDLE awp=false se=false i=false al=0},r=20,c=true/true,a=IDLE,uri=//localhost:35372/FileServlet/htmltests/xml-test.xml?contentType=application%2Fxhtml%2Bxml,age=16}
[DEBUG] HttpInputOverHTTP@376cf161[c=0,q=0,[0]=null,s=STREAM] addContent EOF
[DEBUG] HttpConnection@3e7171e5::SocketChannelEndPoint@3d491fad{l=/127.0.0.1:35372,r=/127.0.0.1:60190,OPEN,fill=-,flush=-,to=0/30000}{io=0/0,kio=0,kro=1}->HttpConnection@3e7171e5[p=HttpParser{s=END,0 of -1},g=HttpGenerator@274dcaa5{s=END}]=>HttpChannelOverHttp@36eb5f45{s=HttpChannelState@23232c72{s=IDLE rs=COMPLETED os=COMPLETED is=IDLE awp=false se=false i=false al=0},r=20,c=true/true,a=IDLE,uri=//localhost:35372/FileServlet/htmltests/xml-test.xml?contentType=application%2Fxhtml%2Bxml,age=16} parsed false HttpParser{s=END,0 of -1}
[DEBUG] recycle HttpChannelState@23232c72{s=IDLE rs=COMPLETED os=COMPLETED is=IDLE awp=false se=false i=false al=0}
[DEBUG] reset HttpParser{s=END,0 of -1}
[DEBUG] END --> START
[DEBUG] !handle TERMINATED HttpChannelOverHttp@36eb5f45{s=HttpChannelState@23232c72{s=IDLE rs=BLOCKING os=OPEN is=IDLE awp=false se=false i=true al=0},r=20,c=false/false,a=IDLE,uri=null,age=0}
[DEBUG] HttpConnection@3e7171e5::SocketChannelEndPoint@3d491fad{l=/127.0.0.1:35372,r=/127.0.0.1:60190,OPEN,fill=-,flush=-,to=1/30000}{io=0/0,kio=0,kro=1}->HttpConnection@3e7171e5[p=HttpParser{s=START,0 of -1},g=HttpGenerator@274dcaa5{s=START}]=>HttpChannelOverHttp@36eb5f45{s=HttpChannelState@23232c72{s=IDLE rs=BLOCKING os=OPEN is=IDLE awp=false se=false i=true al=0},r=20,c=false/false,a=IDLE,uri=null,age=0} parse HeapByteBuffer@1ef04a69[p=0,l=294,c=8192,r=294]={<<<GET /RedirectServlet HTTP...nection: keep-alive\r\n\r\n>>>g, *; q=....\x00\x00\x00\x00\x00\x00\x00} {}
[DEBUG] parseNext s=START HeapByteBuffer@1ef04a69[p=0,l=294,c=8192,r=294]={<<<GET /RedirectServlet HTTP...nection: keep-alive\r\n\r\n>>>g, *; q=....\x00\x00\x00\x00\x00\x00\x00}
[DEBUG] START --> SPACE1
[DEBUG] SPACE1 --> URI
[DEBUG] URI --> SPACE2
[DEBUG] SPACE2 --> REQUEST_VERSION
[DEBUG] REQUEST_VERSION --> HEADER
[DEBUG] HEADER:Accept-Encoding: gzip --> IN_VALUE
[DEBUG] HEADER:Accept-Encoding: gzip --> FIELD
[DEBUG] HEADER:User-Agent: Mozilla/5.0 (Windows NT 10.0; Win64; x64) AppleWebKit/537.36 (KHTML, like Gecko) Chrome/79.0.3945.130 Safari/537.36 --> IN_VALUE
[DEBUG] HEADER:User-Agent: Mozilla/5.0 (Windows NT 10.0; Win64; x64) AppleWebKit/537.36 (KHTML, like Gecko) Chrome/79.0.3945.130 Safari/537.36 --> FIELD
[DEBUG] HEADER:Host: localhost:35372 --> IN_VALUE
[DEBUG] HEADER:Host: localhost:35372 --> FIELD
[DEBUG] HEADER:Accept: text/html, image/gif, image/jpeg, *; q=.2, */*; q=.2 --> IN_VALUE
[DEBUG] HEADER:Accept: text/html, image/gif, image/jpeg, *; q=.2, */*; q=.2 --> FIELD
[DEBUG] HEADER:Connection: keep-alive --> IN_VALUE
[DEBUG] HEADER:Connection: keep-alive --> FIELD
[DEBUG] HEADER --> CONTENT
[DEBUG] REQUEST for //localhost:35372/RedirectServlet on HttpChannelOverHttp@36eb5f45{s=HttpChannelState@23232c72{s=IDLE rs=BLOCKING os=OPEN is=IDLE awp=false se=false i=true al=0},r=21,c=false/false,a=IDLE,uri=//localhost:35372/RedirectServlet,age=0}
GET //localhost:35372/RedirectServlet HTTP/1.1
Accept-Encoding: gzip
User-Agent: Mozilla/5.0 (Windows NT 10.0; Win64; x64) AppleWebKit/537.36 (KHTML, like Gecko) Chrome/79.0.3945.130 Safari/537.36
Host: localhost:35372
Accept: text/html, image/gif, image/jpeg, *; q=.2, */*; q=.2
Connection: keep-alive


[DEBUG] HttpConnection@3e7171e5::SocketChannelEndPoint@3d491fad{l=/127.0.0.1:35372,r=/127.0.0.1:60190,OPEN,fill=-,flush=-,to=1/30000}{io=0/0,kio=0,kro=1}->HttpConnection@3e7171e5[p=HttpParser{s=CONTENT,0 of -1},g=HttpGenerator@274dcaa5{s=START}]=>HttpChannelOverHttp@36eb5f45{s=HttpChannelState@23232c72{s=IDLE rs=BLOCKING os=OPEN is=IDLE awp=false se=false i=true al=0},r=21,c=false/false,a=IDLE,uri=//localhost:35372/RedirectServlet,age=0} parsed true HttpParser{s=CONTENT,0 of -1}
[DEBUG] releaseRequestBuffer HttpConnection@3e7171e5::SocketChannelEndPoint@3d491fad{l=/127.0.0.1:35372,r=/127.0.0.1:60190,OPEN,fill=-,flush=-,to=1/30000}{io=0/0,kio=0,kro=1}->HttpConnection@3e7171e5[p=HttpParser{s=CONTENT,0 of -1},g=HttpGenerator@274dcaa5{s=START}]=>HttpChannelOverHttp@36eb5f45{s=HttpChannelState@23232c72{s=IDLE rs=BLOCKING os=OPEN is=IDLE awp=false se=false i=true al=0},r=21,c=false/false,a=IDLE,uri=//localhost:35372/RedirectServlet,age=0}
[DEBUG] handle //localhost:35372/RedirectServlet HttpChannelOverHttp@36eb5f45{s=HttpChannelState@23232c72{s=IDLE rs=BLOCKING os=OPEN is=IDLE awp=false se=false i=true al=0},r=21,c=false/false,a=IDLE,uri=//localhost:35372/RedirectServlet,age=0} 
[DEBUG] handling HttpChannelState@23232c72{s=IDLE rs=BLOCKING os=OPEN is=IDLE awp=false se=false i=true al=0}
[DEBUG] action DISPATCH HttpChannelOverHttp@36eb5f45{s=HttpChannelState@23232c72{s=HANDLING rs=BLOCKING os=OPEN is=IDLE awp=false se=false i=true al=0},r=21,c=false/false,a=HANDLING,uri=//localhost:35372/RedirectServlet,age=0}
[DEBUG] REQUEST GET /RedirectServlet on HttpChannelOverHttp@36eb5f45{s=HttpChannelState@23232c72{s=HANDLING rs=BLOCKING os=OPEN is=IDLE awp=false se=false i=true al=0},r=21,c=false/false,a=HANDLING,uri=//localhost:35372/RedirectServlet,age=0}
[DEBUG] servlet null|/RedirectServlet|null -> org.jsoup.integration.servlets.RedirectServlet-77bb0ab5==org.jsoup.integration.servlets.RedirectServlet@f84cd177{jsp=null,order=-1,inst=true,async=true,src=EMBEDDED:null,STARTED}
[DEBUG] chain=null
[DEBUG] handled=true async=false committed=false on HttpChannelOverHttp@36eb5f45{s=HttpChannelState@23232c72{s=HANDLING rs=BLOCKING os=OPEN is=IDLE awp=false se=false i=true al=0},r=21,c=false/false,a=HANDLING,uri=//localhost:35372/RedirectServlet,age=7}
[DEBUG] unhandle HttpChannelState@23232c72{s=HANDLING rs=BLOCKING os=OPEN is=IDLE awp=false se=false i=true al=0}
[DEBUG] nextAction(false) COMPLETE HttpChannelState@23232c72{s=HANDLING rs=COMPLETING os=OPEN is=IDLE awp=false se=false i=false al=0}
[DEBUG] action COMPLETE HttpChannelOverHttp@36eb5f45{s=HttpChannelState@23232c72{s=HANDLING rs=COMPLETING os=OPEN is=IDLE awp=false se=false i=false al=0},r=21,c=false/false,a=HANDLING,uri=//localhost:35372/RedirectServlet,age=7}
[DEBUG] filled 0 HeapByteBuffer@2a66826a[p=0,l=0,c=8192,r=0]={<<<>>>GET /File...\x86&h\xA0{\xC1\xC2}
[DEBUG] filled 0 HeapByteBuffer@2a66826a[p=0,l=0,c=8192,r=0]={<<<>>>GET /File...\x86&h\xA0{\xC1\xC2}
[DEBUG] HttpConnection@3e7171e5::SocketChannelEndPoint@3d491fad{l=/127.0.0.1:35372,r=/127.0.0.1:60190,OPEN,fill=-,flush=-,to=9/30000}{io=0/0,kio=0,kro=1}->HttpConnection@3e7171e5[p=HttpParser{s=CONTENT,0 of -1},g=HttpGenerator@274dcaa5{s=START}]=>HttpChannelOverHttp@36eb5f45{s=HttpChannelState@23232c72{s=HANDLING rs=COMPLETING os=OPEN is=IDLE awp=false se=false i=false al=0},r=21,c=false/false,a=HANDLING,uri=//localhost:35372/RedirectServlet,age=8} filled 0 HeapByteBuffer@2a66826a[p=0,l=0,c=8192,r=0]={<<<>>>GET /File...\x86&h\xA0{\xC1\xC2}
[DEBUG] HttpConnection@3e7171e5::SocketChannelEndPoint@3d491fad{l=/127.0.0.1:35372,r=/127.0.0.1:60190,OPEN,fill=-,flush=-,to=9/30000}{io=0/0,kio=0,kro=1}->HttpConnection@3e7171e5[p=HttpParser{s=CONTENT,0 of -1},g=HttpGenerator@274dcaa5{s=START}]=>HttpChannelOverHttp@36eb5f45{s=HttpChannelState@23232c72{s=HANDLING rs=COMPLETING os=OPEN is=IDLE awp=false se=false i=false al=0},r=21,c=false/false,a=HANDLING,uri=//localhost:35372/RedirectServlet,age=8} parse HeapByteBuffer@2a66826a[p=0,l=0,c=8192,r=0]={<<<>>>GET /File...\x86&h\xA0{\xC1\xC2} {}
[DEBUG] parseNext s=CONTENT HeapByteBuffer@2a66826a[p=0,l=0,c=8192,r=0]={<<<>>>GET /File...\x86&h\xA0{\xC1\xC2}
[DEBUG] CONTENT --> CONTENT_END
[DEBUG] onContentComplete HttpChannelOverHttp@36eb5f45{s=HttpChannelState@23232c72{s=HANDLING rs=COMPLETING os=OPEN is=IDLE awp=false se=false i=false al=0},r=21,c=false/false,a=HANDLING,uri=//localhost:35372/RedirectServlet,age=8}
[DEBUG] CONTENT_END --> END
[DEBUG] onRequestComplete HttpChannelOverHttp@36eb5f45{s=HttpChannelState@23232c72{s=HANDLING rs=COMPLETING os=OPEN is=IDLE awp=false se=false i=false al=0},r=21,c=false/false,a=HANDLING,uri=//localhost:35372/RedirectServlet,age=8}
[DEBUG] HttpInputOverHTTP@376cf161[c=0,q=0,[0]=null,s=STREAM] addContent EOF
[DEBUG] HttpConnection@3e7171e5::SocketChannelEndPoint@3d491fad{l=/127.0.0.1:35372,r=/127.0.0.1:60190,OPEN,fill=-,flush=-,to=9/30000}{io=0/0,kio=0,kro=1}->HttpConnection@3e7171e5[p=HttpParser{s=END,0 of -1},g=HttpGenerator@274dcaa5{s=START}]=>HttpChannelOverHttp@36eb5f45{s=HttpChannelState@23232c72{s=HANDLING rs=COMPLETING os=OPEN is=IDLE awp=false se=false i=false al=0},r=21,c=false/false,a=HANDLING,uri=//localhost:35372/RedirectServlet,age=8} parsed false HttpParser{s=END,0 of -1}
[DEBUG] releaseRequestBuffer HttpConnection@3e7171e5::SocketChannelEndPoint@3d491fad{l=/127.0.0.1:35372,r=/127.0.0.1:60190,OPEN,fill=-,flush=-,to=9/30000}{io=0/0,kio=0,kro=1}->HttpConnection@3e7171e5[p=HttpParser{s=END,0 of -1},g=HttpGenerator@274dcaa5{s=START}]=>HttpChannelOverHttp@36eb5f45{s=HttpChannelState@23232c72{s=HANDLING rs=COMPLETING os=OPEN is=IDLE awp=false se=false i=false al=0},r=21,c=false/false,a=HANDLING,uri=//localhost:35372/RedirectServlet,age=8}
[DEBUG] complete(org.eclipse.jetty.util.Callback$3@6cad5240) s=CLOSING,api=BLOCKED,sc=false,e=null s=false e=null, c=HeapByteBuffer@13dae45a[p=0,l=0,c=0,r=0]={<<<>>>}
[DEBUG] sendResponse info=null content=HeapByteBuffer@13dae45a[p=0,l=0,c=0,r=0]={<<<>>>} complete=true committing=true callback=org.eclipse.jetty.server.HttpOutput$WriteCompleteCB@7417c9d6
[DEBUG] COMMIT for /RedirectServlet on HttpChannelOverHttp@36eb5f45{s=HttpChannelState@23232c72{s=HANDLING rs=COMPLETING os=COMMITTED is=IDLE awp=false se=false i=false al=0},r=21,c=false/false,a=HANDLING,uri=//localhost:35372/RedirectServlet,age=8}
302 null HTTP/1.1
Date: Tue, 28 Sep 2021 06:03:32 GMT
Location: 


[DEBUG] generate: NEED_HEADER for SendCallback@410c6bef[PROCESSING][i=HTTP/1.1{s=302,h=2,cl=-1},cb=org.eclipse.jetty.server.HttpChannel$SendCallback@30fb3cd2] (null,[p=0,l=0,c=0,r=0],true)@START
[DEBUG] generateHeaders HTTP/1.1{s=302,h=2,cl=-1} last=true content=HeapByteBuffer@13dae45a[p=0,l=0,c=0,r=0]={<<<>>>}
[DEBUG] Date: Tue, 28 Sep 2021 06:03:32 GMT
Location: 


[DEBUG] CONTENT_LENGTH
[DEBUG] generate: FLUSH for SendCallback@410c6bef[PROCESSING][i=HTTP/1.1{s=302,h=2,cl=-1},cb=org.eclipse.jetty.server.HttpChannel$SendCallback@30fb3cd2] ([p=0,l=123,c=8192,r=123],[p=0,l=0,c=0,r=0],true)@COMPLETING
[DEBUG] write: WriteFlusher@2071150d{IDLE}->null [HeapByteBuffer@460916c[p=0,l=123,c=8192,r=123]={<<<HTTP/1.1 302 Found\r\nDate:...y(9.4.43.v20210629)\r\n\r\n>>>er: Jetty...\x00\x00\x00\x00\x00\x00\x00}]
[DEBUG] update WriteFlusher@2071150d{WRITING}->null:IDLE-->WRITING
[DEBUG] flushed 123 SocketChannelEndPoint@3d491fad{l=/127.0.0.1:35372,r=/127.0.0.1:60190,OPEN,fill=-,flush=W,to=12/30000}{io=0/0,kio=0,kro=1}->HttpConnection@3e7171e5[p=HttpParser{s=END,0 of -1},g=HttpGenerator@274dcaa5{s=COMPLETING}]=>HttpChannelOverHttp@36eb5f45{s=HttpChannelState@23232c72{s=HANDLING rs=COMPLETING os=COMMITTED is=IDLE awp=false se=false i=false al=0},r=21,c=false/false,a=HANDLING,uri=//localhost:35372/RedirectServlet,age=11}
[DEBUG] Flushed=true written=123 remaining=0 WriteFlusher@2071150d{WRITING}->null
[DEBUG] update WriteFlusher@2071150d{IDLE}->null:WRITING-->IDLE
[DEBUG] generate: DONE for SendCallback@410c6bef[PROCESSING][i=HTTP/1.1{s=302,h=2,cl=-1},cb=org.eclipse.jetty.server.HttpChannel$SendCallback@30fb3cd2] ([p=123,l=123,c=8192,r=0],[p=0,l=0,c=0,r=0],true)@END
[DEBUG] onWriteComplete(true,null) s=CLOSING,api=BLOCKED,sc=false,e=null->s=CLOSED,api=BLOCKING,sc=false,e=null c=null cb=org.eclipse.jetty.util.Callback$3@6cad5240 w=false
[DEBUG] completed HttpChannelState@23232c72{s=HANDLING rs=COMPLETING os=COMPLETED is=IDLE awp=false se=false i=false al=0}
[DEBUG] unhandle HttpChannelState@23232c72{s=HANDLING rs=COMPLETED os=COMPLETED is=IDLE awp=false se=false i=false al=0}
[DEBUG] nextAction(false) TERMINATED HttpChannelState@23232c72{s=IDLE rs=COMPLETED os=COMPLETED is=IDLE awp=false se=false i=false al=0}
[DEBUG] action TERMINATED HttpChannelOverHttp@36eb5f45{s=HttpChannelState@23232c72{s=IDLE rs=COMPLETED os=COMPLETED is=IDLE awp=false se=false i=false al=0},r=21,c=true/true,a=IDLE,uri=//localhost:35372/RedirectServlet,age=11}
[DEBUG] onCompleted for /RedirectServlet written=0
[DEBUG] recycle HttpChannelState@23232c72{s=IDLE rs=COMPLETED os=COMPLETED is=IDLE awp=false se=false i=false al=0}
[DEBUG] reset HttpParser{s=END,0 of -1}
[DEBUG] END --> START
[DEBUG] !handle TERMINATED HttpChannelOverHttp@36eb5f45{s=HttpChannelState@23232c72{s=IDLE rs=BLOCKING os=OPEN is=IDLE awp=false se=false i=true al=0},r=21,c=false/false,a=IDLE,uri=null,age=0}
[DEBUG] filled 294 HeapByteBuffer@1ef04a69[p=0,l=294,c=8192,r=294]={<<<GET /RedirectServlet HTTP...nection: keep-alive\r\n\r\n>>>g, *; q=....\x00\x00\x00\x00\x00\x00\x00}
[DEBUG] HttpConnection@3e7171e5::SocketChannelEndPoint@3d491fad{l=/127.0.0.1:35372,r=/127.0.0.1:60190,OPEN,fill=-,flush=-,to=0/30000}{io=0/0,kio=0,kro=1}->HttpConnection@3e7171e5[p=HttpParser{s=START,0 of -1},g=HttpGenerator@274dcaa5{s=START}]=>HttpChannelOverHttp@36eb5f45{s=HttpChannelState@23232c72{s=IDLE rs=BLOCKING os=OPEN is=IDLE awp=false se=false i=true al=0},r=21,c=false/false,a=IDLE,uri=null,age=0} filled 294 HeapByteBuffer@1ef04a69[p=0,l=294,c=8192,r=294]={<<<GET /RedirectServlet HTTP...nection: keep-alive\r\n\r\n>>>g, *; q=....\x00\x00\x00\x00\x00\x00\x00}
[DEBUG] HttpConnection@3e7171e5::SocketChannelEndPoint@3d491fad{l=/127.0.0.1:35372,r=/127.0.0.1:60190,OPEN,fill=-,flush=-,to=0/30000}{io=0/0,kio=0,kro=1}->HttpConnection@3e7171e5[p=HttpParser{s=START,0 of -1},g=HttpGenerator@274dcaa5{s=START}]=>HttpChannelOverHttp@36eb5f45{s=HttpChannelState@23232c72{s=IDLE rs=BLOCKING os=OPEN is=IDLE awp=false se=false i=true al=0},r=21,c=false/false,a=IDLE,uri=null,age=0} parse HeapByteBuffer@1ef04a69[p=0,l=294,c=8192,r=294]={<<<GET /RedirectServlet HTTP...nection: keep-alive\r\n\r\n>>>g, *; q=....\x00\x00\x00\x00\x00\x00\x00} {}
[DEBUG] parseNext s=START HeapByteBuffer@1ef04a69[p=0,l=294,c=8192,r=294]={<<<GET /RedirectServlet HTTP...nection: keep-alive\r\n\r\n>>>g, *; q=....\x00\x00\x00\x00\x00\x00\x00}
[DEBUG] START --> SPACE1
[DEBUG] SPACE1 --> URI
[DEBUG] URI --> SPACE2
[DEBUG] SPACE2 --> REQUEST_VERSION
[DEBUG] REQUEST_VERSION --> HEADER
[DEBUG] HEADER:Accept-Encoding: gzip --> IN_VALUE
[DEBUG] HEADER:Accept-Encoding: gzip --> FIELD
[DEBUG] HEADER:User-Agent: Mozilla/5.0 (Windows NT 10.0; Win64; x64) AppleWebKit/537.36 (KHTML, like Gecko) Chrome/79.0.3945.130 Safari/537.36 --> IN_VALUE
[DEBUG] HEADER:User-Agent: Mozilla/5.0 (Windows NT 10.0; Win64; x64) AppleWebKit/537.36 (KHTML, like Gecko) Chrome/79.0.3945.130 Safari/537.36 --> FIELD
[DEBUG] HEADER:Host: localhost:35372 --> IN_VALUE
[DEBUG] HEADER:Host: localhost:35372 --> FIELD
[DEBUG] HEADER:Accept: text/html, image/gif, image/jpeg, *; q=.2, */*; q=.2 --> IN_VALUE
[DEBUG] HEADER:Accept: text/html, image/gif, image/jpeg, *; q=.2, */*; q=.2 --> FIELD
[DEBUG] HEADER:Connection: keep-alive --> IN_VALUE
[DEBUG] HEADER:Connection: keep-alive --> FIELD
[DEBUG] HEADER --> CONTENT
[DEBUG] REQUEST for //localhost:35372/RedirectServlet on HttpChannelOverHttp@36eb5f45{s=HttpChannelState@23232c72{s=IDLE rs=BLOCKING os=OPEN is=IDLE awp=false se=false i=true al=0},r=22,c=false/false,a=IDLE,uri=//localhost:35372/RedirectServlet,age=0}
GET //localhost:35372/RedirectServlet HTTP/1.1
Accept-Encoding: gzip
User-Agent: Mozilla/5.0 (Windows NT 10.0; Win64; x64) AppleWebKit/537.36 (KHTML, like Gecko) Chrome/79.0.3945.130 Safari/537.36
Host: localhost:35372
Accept: text/html, image/gif, image/jpeg, *; q=.2, */*; q=.2
Connection: keep-alive


[DEBUG] HttpConnection@3e7171e5::SocketChannelEndPoint@3d491fad{l=/127.0.0.1:35372,r=/127.0.0.1:60190,OPEN,fill=-,flush=-,to=6/30000}{io=0/0,kio=0,kro=1}->HttpConnection@3e7171e5[p=HttpParser{s=CONTENT,0 of -1},g=HttpGenerator@274dcaa5{s=START}]=>HttpChannelOverHttp@36eb5f45{s=HttpChannelState@23232c72{s=IDLE rs=BLOCKING os=OPEN is=IDLE awp=false se=false i=true al=0},r=22,c=false/false,a=IDLE,uri=//localhost:35372/RedirectServlet,age=0} parsed true HttpParser{s=CONTENT,0 of -1}
[DEBUG] releaseRequestBuffer HttpConnection@3e7171e5::SocketChannelEndPoint@3d491fad{l=/127.0.0.1:35372,r=/127.0.0.1:60190,OPEN,fill=-,flush=-,to=6/30000}{io=0/0,kio=0,kro=1}->HttpConnection@3e7171e5[p=HttpParser{s=CONTENT,0 of -1},g=HttpGenerator@274dcaa5{s=START}]=>HttpChannelOverHttp@36eb5f45{s=HttpChannelState@23232c72{s=IDLE rs=BLOCKING os=OPEN is=IDLE awp=false se=false i=true al=0},r=22,c=false/false,a=IDLE,uri=//localhost:35372/RedirectServlet,age=0}
[DEBUG] handle //localhost:35372/RedirectServlet HttpChannelOverHttp@36eb5f45{s=HttpChannelState@23232c72{s=IDLE rs=BLOCKING os=OPEN is=IDLE awp=false se=false i=true al=0},r=22,c=false/false,a=IDLE,uri=//localhost:35372/RedirectServlet,age=0} 
[DEBUG] handling HttpChannelState@23232c72{s=IDLE rs=BLOCKING os=OPEN is=IDLE awp=false se=false i=true al=0}
[DEBUG] action DISPATCH HttpChannelOverHttp@36eb5f45{s=HttpChannelState@23232c72{s=HANDLING rs=BLOCKING os=OPEN is=IDLE awp=false se=false i=true al=0},r=22,c=false/false,a=HANDLING,uri=//localhost:35372/RedirectServlet,age=0}
[DEBUG] REQUEST GET /RedirectServlet on HttpChannelOverHttp@36eb5f45{s=HttpChannelState@23232c72{s=HANDLING rs=BLOCKING os=OPEN is=IDLE awp=false se=false i=true al=0},r=22,c=false/false,a=HANDLING,uri=//localhost:35372/RedirectServlet,age=3}
[DEBUG] servlet null|/RedirectServlet|null -> org.jsoup.integration.servlets.RedirectServlet-77bb0ab5==org.jsoup.integration.servlets.RedirectServlet@f84cd177{jsp=null,order=-1,inst=true,async=true,src=EMBEDDED:null,STARTED}
[DEBUG] chain=null
[DEBUG] handled=true async=false committed=false on HttpChannelOverHttp@36eb5f45{s=HttpChannelState@23232c72{s=HANDLING rs=BLOCKING os=OPEN is=IDLE awp=false se=false i=true al=0},r=22,c=false/false,a=HANDLING,uri=//localhost:35372/RedirectServlet,age=4}
[DEBUG] unhandle HttpChannelState@23232c72{s=HANDLING rs=BLOCKING os=OPEN is=IDLE awp=false se=false i=true al=0}
[DEBUG] nextAction(false) COMPLETE HttpChannelState@23232c72{s=HANDLING rs=COMPLETING os=OPEN is=IDLE awp=false se=false i=false al=0}
[DEBUG] action COMPLETE HttpChannelOverHttp@36eb5f45{s=HttpChannelState@23232c72{s=HANDLING rs=COMPLETING os=OPEN is=IDLE awp=false se=false i=false al=0},r=22,c=false/false,a=HANDLING,uri=//localhost:35372/RedirectServlet,age=4}
[DEBUG] filled 0 HeapByteBuffer@2a66826a[p=0,l=0,c=8192,r=0]={<<<>>>GET /File...\x86&h\xA0{\xC1\xC2}
[DEBUG] filled 0 HeapByteBuffer@2a66826a[p=0,l=0,c=8192,r=0]={<<<>>>GET /File...\x86&h\xA0{\xC1\xC2}
[DEBUG] HttpConnection@3e7171e5::SocketChannelEndPoint@3d491fad{l=/127.0.0.1:35372,r=/127.0.0.1:60190,OPEN,fill=-,flush=-,to=10/30000}{io=0/0,kio=0,kro=1}->HttpConnection@3e7171e5[p=HttpParser{s=CONTENT,0 of -1},g=HttpGenerator@274dcaa5{s=START}]=>HttpChannelOverHttp@36eb5f45{s=HttpChannelState@23232c72{s=HANDLING rs=COMPLETING os=OPEN is=IDLE awp=false se=false i=false al=0},r=22,c=false/false,a=HANDLING,uri=//localhost:35372/RedirectServlet,age=4} filled 0 HeapByteBuffer@2a66826a[p=0,l=0,c=8192,r=0]={<<<>>>GET /File...\x86&h\xA0{\xC1\xC2}
[DEBUG] HttpConnection@3e7171e5::SocketChannelEndPoint@3d491fad{l=/127.0.0.1:35372,r=/127.0.0.1:60190,OPEN,fill=-,flush=-,to=10/30000}{io=0/0,kio=0,kro=1}->HttpConnection@3e7171e5[p=HttpParser{s=CONTENT,0 of -1},g=HttpGenerator@274dcaa5{s=START}]=>HttpChannelOverHttp@36eb5f45{s=HttpChannelState@23232c72{s=HANDLING rs=COMPLETING os=OPEN is=IDLE awp=false se=false i=false al=0},r=22,c=false/false,a=HANDLING,uri=//localhost:35372/RedirectServlet,age=4} parse HeapByteBuffer@2a66826a[p=0,l=0,c=8192,r=0]={<<<>>>GET /File...\x86&h\xA0{\xC1\xC2} {}
[DEBUG] parseNext s=CONTENT HeapByteBuffer@2a66826a[p=0,l=0,c=8192,r=0]={<<<>>>GET /File...\x86&h\xA0{\xC1\xC2}
[DEBUG] CONTENT --> CONTENT_END
[DEBUG] onContentComplete HttpChannelOverHttp@36eb5f45{s=HttpChannelState@23232c72{s=HANDLING rs=COMPLETING os=OPEN is=IDLE awp=false se=false i=false al=0},r=22,c=false/false,a=HANDLING,uri=//localhost:35372/RedirectServlet,age=4}
[DEBUG] CONTENT_END --> END
[DEBUG] onRequestComplete HttpChannelOverHttp@36eb5f45{s=HttpChannelState@23232c72{s=HANDLING rs=COMPLETING os=OPEN is=IDLE awp=false se=false i=false al=0},r=22,c=false/false,a=HANDLING,uri=//localhost:35372/RedirectServlet,age=4}
[DEBUG] HttpInputOverHTTP@376cf161[c=0,q=0,[0]=null,s=STREAM] addContent EOF
[DEBUG] HttpConnection@3e7171e5::SocketChannelEndPoint@3d491fad{l=/127.0.0.1:35372,r=/127.0.0.1:60190,OPEN,fill=-,flush=-,to=10/30000}{io=0/0,kio=0,kro=1}->HttpConnection@3e7171e5[p=HttpParser{s=END,0 of -1},g=HttpGenerator@274dcaa5{s=START}]=>HttpChannelOverHttp@36eb5f45{s=HttpChannelState@23232c72{s=HANDLING rs=COMPLETING os=OPEN is=IDLE awp=false se=false i=false al=0},r=22,c=false/false,a=HANDLING,uri=//localhost:35372/RedirectServlet,age=4} parsed false HttpParser{s=END,0 of -1}
[DEBUG] releaseRequestBuffer HttpConnection@3e7171e5::SocketChannelEndPoint@3d491fad{l=/127.0.0.1:35372,r=/127.0.0.1:60190,OPEN,fill=-,flush=-,to=10/30000}{io=0/0,kio=0,kro=1}->HttpConnection@3e7171e5[p=HttpParser{s=END,0 of -1},g=HttpGenerator@274dcaa5{s=START}]=>HttpChannelOverHttp@36eb5f45{s=HttpChannelState@23232c72{s=HANDLING rs=COMPLETING os=OPEN is=IDLE awp=false se=false i=false al=0},r=22,c=false/false,a=HANDLING,uri=//localhost:35372/RedirectServlet,age=4}
[DEBUG] complete(org.eclipse.jetty.util.Callback$3@3f3cf974) s=CLOSING,api=BLOCKED,sc=false,e=null s=false e=null, c=HeapByteBuffer@13dae45a[p=0,l=0,c=0,r=0]={<<<>>>}
[DEBUG] sendResponse info=null content=HeapByteBuffer@13dae45a[p=0,l=0,c=0,r=0]={<<<>>>} complete=true committing=true callback=org.eclipse.jetty.server.HttpOutput$WriteCompleteCB@39059381
[DEBUG] COMMIT for /RedirectServlet on HttpChannelOverHttp@36eb5f45{s=HttpChannelState@23232c72{s=HANDLING rs=COMPLETING os=COMMITTED is=IDLE awp=false se=false i=false al=0},r=22,c=false/false,a=HANDLING,uri=//localhost:35372/RedirectServlet,age=4}
302 null HTTP/1.1
Date: Tue, 28 Sep 2021 06:03:32 GMT
Location: 


[DEBUG] generate: NEED_HEADER for SendCallback@410c6bef[PROCESSING][i=HTTP/1.1{s=302,h=2,cl=-1},cb=org.eclipse.jetty.server.HttpChannel$SendCallback@7316b40e] (null,[p=0,l=0,c=0,r=0],true)@START
[DEBUG] generateHeaders HTTP/1.1{s=302,h=2,cl=-1} last=true content=HeapByteBuffer@13dae45a[p=0,l=0,c=0,r=0]={<<<>>>}
[DEBUG] Date: Tue, 28 Sep 2021 06:03:32 GMT
Location: 


[DEBUG] CONTENT_LENGTH
[DEBUG] generate: FLUSH for SendCallback@410c6bef[PROCESSING][i=HTTP/1.1{s=302,h=2,cl=-1},cb=org.eclipse.jetty.server.HttpChannel$SendCallback@7316b40e] ([p=0,l=123,c=8192,r=123],[p=0,l=0,c=0,r=0],true)@COMPLETING
[DEBUG] write: WriteFlusher@2071150d{IDLE}->null [HeapByteBuffer@460916c[p=0,l=123,c=8192,r=123]={<<<HTTP/1.1 302 Found\r\nDate:...y(9.4.43.v20210629)\r\n\r\n>>>er: Jetty...\x00\x00\x00\x00\x00\x00\x00}]
[DEBUG] update WriteFlusher@2071150d{WRITING}->null:IDLE-->WRITING
[DEBUG] flushed 123 SocketChannelEndPoint@3d491fad{l=/127.0.0.1:35372,r=/127.0.0.1:60190,OPEN,fill=-,flush=W,to=13/30000}{io=0/0,kio=0,kro=1}->HttpConnection@3e7171e5[p=HttpParser{s=END,0 of -1},g=HttpGenerator@274dcaa5{s=COMPLETING}]=>HttpChannelOverHttp@36eb5f45{s=HttpChannelState@23232c72{s=HANDLING rs=COMPLETING os=COMMITTED is=IDLE awp=false se=false i=false al=0},r=22,c=false/false,a=HANDLING,uri=//localhost:35372/RedirectServlet,age=6}
[DEBUG] Flushed=true written=123 remaining=0 WriteFlusher@2071150d{WRITING}->null
[DEBUG] update WriteFlusher@2071150d{IDLE}->null:WRITING-->IDLE
[DEBUG] generate: DONE for SendCallback@410c6bef[PROCESSING][i=HTTP/1.1{s=302,h=2,cl=-1},cb=org.eclipse.jetty.server.HttpChannel$SendCallback@7316b40e] ([p=123,l=123,c=8192,r=0],[p=0,l=0,c=0,r=0],true)@END
[DEBUG] onWriteComplete(true,null) s=CLOSING,api=BLOCKED,sc=false,e=null->s=CLOSED,api=BLOCKING,sc=false,e=null c=null cb=org.eclipse.jetty.util.Callback$3@3f3cf974 w=false
[DEBUG] completed HttpChannelState@23232c72{s=HANDLING rs=COMPLETING os=COMPLETED is=IDLE awp=false se=false i=false al=0}
[DEBUG] unhandle HttpChannelState@23232c72{s=HANDLING rs=COMPLETED os=COMPLETED is=IDLE awp=false se=false i=false al=0}
[DEBUG] nextAction(false) TERMINATED HttpChannelState@23232c72{s=IDLE rs=COMPLETED os=COMPLETED is=IDLE awp=false se=false i=false al=0}
[DEBUG] action TERMINATED HttpChannelOverHttp@36eb5f45{s=HttpChannelState@23232c72{s=IDLE rs=COMPLETED os=COMPLETED is=IDLE awp=false se=false i=false al=0},r=22,c=true/true,a=IDLE,uri=//localhost:35372/RedirectServlet,age=7}
[DEBUG] onCompleted for /RedirectServlet written=0
[DEBUG] recycle HttpChannelState@23232c72{s=IDLE rs=COMPLETED os=COMPLETED is=IDLE awp=false se=false i=false al=0}
[DEBUG] reset HttpParser{s=END,0 of -1}
[DEBUG] END --> START
[DEBUG] !handle TERMINATED HttpChannelOverHttp@36eb5f45{s=HttpChannelState@23232c72{s=IDLE rs=BLOCKING os=OPEN is=IDLE awp=false se=false i=true al=0},r=22,c=false/false,a=IDLE,uri=null,age=0}
[DEBUG] filled 294 HeapByteBuffer@1ef04a69[p=0,l=294,c=8192,r=294]={<<<GET /RedirectServlet HTTP...nection: keep-alive\r\n\r\n>>>g, *; q=....\x00\x00\x00\x00\x00\x00\x00}
[DEBUG] HttpConnection@3e7171e5::SocketChannelEndPoint@3d491fad{l=/127.0.0.1:35372,r=/127.0.0.1:60190,OPEN,fill=-,flush=-,to=0/30000}{io=0/0,kio=0,kro=1}->HttpConnection@3e7171e5[p=HttpParser{s=START,0 of -1},g=HttpGenerator@274dcaa5{s=START}]=>HttpChannelOverHttp@36eb5f45{s=HttpChannelState@23232c72{s=IDLE rs=BLOCKING os=OPEN is=IDLE awp=false se=false i=true al=0},r=22,c=false/false,a=IDLE,uri=null,age=0} filled 294 HeapByteBuffer@1ef04a69[p=0,l=294,c=8192,r=294]={<<<GET /RedirectServlet HTTP...nection: keep-alive\r\n\r\n>>>g, *; q=....\x00\x00\x00\x00\x00\x00\x00}
[DEBUG] HttpConnection@3e7171e5::SocketChannelEndPoint@3d491fad{l=/127.0.0.1:35372,r=/127.0.0.1:60190,OPEN,fill=-,flush=-,to=0/30000}{io=0/0,kio=0,kro=1}->HttpConnection@3e7171e5[p=HttpParser{s=START,0 of -1},g=HttpGenerator@274dcaa5{s=START}]=>HttpChannelOverHttp@36eb5f45{s=HttpChannelState@23232c72{s=IDLE rs=BLOCKING os=OPEN is=IDLE awp=false se=false i=true al=0},r=22,c=false/false,a=IDLE,uri=null,age=0} parse HeapByteBuffer@1ef04a69[p=0,l=294,c=8192,r=294]={<<<GET /RedirectServlet HTTP...nection: keep-alive\r\n\r\n>>>g, *; q=....\x00\x00\x00\x00\x00\x00\x00} {}
[DEBUG] parseNext s=START HeapByteBuffer@1ef04a69[p=0,l=294,c=8192,r=294]={<<<GET /RedirectServlet HTTP...nection: keep-alive\r\n\r\n>>>g, *; q=....\x00\x00\x00\x00\x00\x00\x00}
[DEBUG] START --> SPACE1
[DEBUG] SPACE1 --> URI
[DEBUG] URI --> SPACE2
[DEBUG] SPACE2 --> REQUEST_VERSION
[DEBUG] REQUEST_VERSION --> HEADER
[DEBUG] HEADER:Accept-Encoding: gzip --> IN_VALUE
[DEBUG] HEADER:Accept-Encoding: gzip --> FIELD
[DEBUG] HEADER:User-Agent: Mozilla/5.0 (Windows NT 10.0; Win64; x64) AppleWebKit/537.36 (KHTML, like Gecko) Chrome/79.0.3945.130 Safari/537.36 --> IN_VALUE
[DEBUG] HEADER:User-Agent: Mozilla/5.0 (Windows NT 10.0; Win64; x64) AppleWebKit/537.36 (KHTML, like Gecko) Chrome/79.0.3945.130 Safari/537.36 --> FIELD
[DEBUG] HEADER:Host: localhost:35372 --> IN_VALUE
[DEBUG] HEADER:Host: localhost:35372 --> FIELD
[DEBUG] HEADER:Accept: text/html, image/gif, image/jpeg, *; q=.2, */*; q=.2 --> IN_VALUE
[DEBUG] HEADER:Accept: text/html, image/gif, image/jpeg, *; q=.2, */*; q=.2 --> FIELD
[DEBUG] HEADER:Connection: keep-alive --> IN_VALUE
[DEBUG] HEADER:Connection: keep-alive --> FIELD
[DEBUG] HEADER --> CONTENT
[DEBUG] REQUEST for //localhost:35372/RedirectServlet on HttpChannelOverHttp@36eb5f45{s=HttpChannelState@23232c72{s=IDLE rs=BLOCKING os=OPEN is=IDLE awp=false se=false i=true al=0},r=23,c=false/false,a=IDLE,uri=//localhost:35372/RedirectServlet,age=0}
GET //localhost:35372/RedirectServlet HTTP/1.1
Accept-Encoding: gzip
User-Agent: Mozilla/5.0 (Windows NT 10.0; Win64; x64) AppleWebKit/537.36 (KHTML, like Gecko) Chrome/79.0.3945.130 Safari/537.36
Host: localhost:35372
Accept: text/html, image/gif, image/jpeg, *; q=.2, */*; q=.2
Connection: keep-alive


[DEBUG] HttpConnection@3e7171e5::SocketChannelEndPoint@3d491fad{l=/127.0.0.1:35372,r=/127.0.0.1:60190,OPEN,fill=-,flush=-,to=0/30000}{io=0/0,kio=0,kro=1}->HttpConnection@3e7171e5[p=HttpParser{s=CONTENT,0 of -1},g=HttpGenerator@274dcaa5{s=START}]=>HttpChannelOverHttp@36eb5f45{s=HttpChannelState@23232c72{s=IDLE rs=BLOCKING os=OPEN is=IDLE awp=false se=false i=true al=0},r=23,c=false/false,a=IDLE,uri=//localhost:35372/RedirectServlet,age=0} parsed true HttpParser{s=CONTENT,0 of -1}
[DEBUG] releaseRequestBuffer HttpConnection@3e7171e5::SocketChannelEndPoint@3d491fad{l=/127.0.0.1:35372,r=/127.0.0.1:60190,OPEN,fill=-,flush=-,to=0/30000}{io=0/0,kio=0,kro=1}->HttpConnection@3e7171e5[p=HttpParser{s=CONTENT,0 of -1},g=HttpGenerator@274dcaa5{s=START}]=>HttpChannelOverHttp@36eb5f45{s=HttpChannelState@23232c72{s=IDLE rs=BLOCKING os=OPEN is=IDLE awp=false se=false i=true al=0},r=23,c=false/false,a=IDLE,uri=//localhost:35372/RedirectServlet,age=0}
[DEBUG] handle //localhost:35372/RedirectServlet HttpChannelOverHttp@36eb5f45{s=HttpChannelState@23232c72{s=IDLE rs=BLOCKING os=OPEN is=IDLE awp=false se=false i=true al=0},r=23,c=false/false,a=IDLE,uri=//localhost:35372/RedirectServlet,age=0} 
[DEBUG] handling HttpChannelState@23232c72{s=IDLE rs=BLOCKING os=OPEN is=IDLE awp=false se=false i=true al=0}
[DEBUG] action DISPATCH HttpChannelOverHttp@36eb5f45{s=HttpChannelState@23232c72{s=HANDLING rs=BLOCKING os=OPEN is=IDLE awp=false se=false i=true al=0},r=23,c=false/false,a=HANDLING,uri=//localhost:35372/RedirectServlet,age=0}
[DEBUG] REQUEST GET /RedirectServlet on HttpChannelOverHttp@36eb5f45{s=HttpChannelState@23232c72{s=HANDLING rs=BLOCKING os=OPEN is=IDLE awp=false se=false i=true al=0},r=23,c=false/false,a=HANDLING,uri=//localhost:35372/RedirectServlet,age=0}
[DEBUG] servlet null|/RedirectServlet|null -> org.jsoup.integration.servlets.RedirectServlet-77bb0ab5==org.jsoup.integration.servlets.RedirectServlet@f84cd177{jsp=null,order=-1,inst=true,async=true,src=EMBEDDED:null,STARTED}
[DEBUG] chain=null
[DEBUG] handled=true async=false committed=false on HttpChannelOverHttp@36eb5f45{s=HttpChannelState@23232c72{s=HANDLING rs=BLOCKING os=OPEN is=IDLE awp=false se=false i=true al=0},r=23,c=false/false,a=HANDLING,uri=//localhost:35372/RedirectServlet,age=0}
[DEBUG] unhandle HttpChannelState@23232c72{s=HANDLING rs=BLOCKING os=OPEN is=IDLE awp=false se=false i=true al=0}
[DEBUG] nextAction(false) COMPLETE HttpChannelState@23232c72{s=HANDLING rs=COMPLETING os=OPEN is=IDLE awp=false se=false i=false al=0}
[DEBUG] action COMPLETE HttpChannelOverHttp@36eb5f45{s=HttpChannelState@23232c72{s=HANDLING rs=COMPLETING os=OPEN is=IDLE awp=false se=false i=false al=0},r=23,c=false/false,a=HANDLING,uri=//localhost:35372/RedirectServlet,age=0}
[DEBUG] filled 0 HeapByteBuffer@2a66826a[p=0,l=0,c=8192,r=0]={<<<>>>GET /File...\x86&h\xA0{\xC1\xC2}
[DEBUG] filled 0 HeapByteBuffer@2a66826a[p=0,l=0,c=8192,r=0]={<<<>>>GET /File...\x86&h\xA0{\xC1\xC2}
[DEBUG] HttpConnection@3e7171e5::SocketChannelEndPoint@3d491fad{l=/127.0.0.1:35372,r=/127.0.0.1:60190,OPEN,fill=-,flush=-,to=7/30000}{io=0/0,kio=0,kro=1}->HttpConnection@3e7171e5[p=HttpParser{s=CONTENT,0 of -1},g=HttpGenerator@274dcaa5{s=START}]=>HttpChannelOverHttp@36eb5f45{s=HttpChannelState@23232c72{s=HANDLING rs=COMPLETING os=OPEN is=IDLE awp=false se=false i=false al=0},r=23,c=false/false,a=HANDLING,uri=//localhost:35372/RedirectServlet,age=6} filled 0 HeapByteBuffer@2a66826a[p=0,l=0,c=8192,r=0]={<<<>>>GET /File...\x86&h\xA0{\xC1\xC2}
[DEBUG] HttpConnection@3e7171e5::SocketChannelEndPoint@3d491fad{l=/127.0.0.1:35372,r=/127.0.0.1:60190,OPEN,fill=-,flush=-,to=7/30000}{io=0/0,kio=0,kro=1}->HttpConnection@3e7171e5[p=HttpParser{s=CONTENT,0 of -1},g=HttpGenerator@274dcaa5{s=START}]=>HttpChannelOverHttp@36eb5f45{s=HttpChannelState@23232c72{s=HANDLING rs=COMPLETING os=OPEN is=IDLE awp=false se=false i=false al=0},r=23,c=false/false,a=HANDLING,uri=//localhost:35372/RedirectServlet,age=7} parse HeapByteBuffer@2a66826a[p=0,l=0,c=8192,r=0]={<<<>>>GET /File...\x86&h\xA0{\xC1\xC2} {}
[DEBUG] parseNext s=CONTENT HeapByteBuffer@2a66826a[p=0,l=0,c=8192,r=0]={<<<>>>GET /File...\x86&h\xA0{\xC1\xC2}
[DEBUG] CONTENT --> CONTENT_END
[DEBUG] onContentComplete HttpChannelOverHttp@36eb5f45{s=HttpChannelState@23232c72{s=HANDLING rs=COMPLETING os=OPEN is=IDLE awp=false se=false i=false al=0},r=23,c=false/false,a=HANDLING,uri=//localhost:35372/RedirectServlet,age=7}
[DEBUG] CONTENT_END --> END
[DEBUG] onRequestComplete HttpChannelOverHttp@36eb5f45{s=HttpChannelState@23232c72{s=HANDLING rs=COMPLETING os=OPEN is=IDLE awp=false se=false i=false al=0},r=23,c=false/false,a=HANDLING,uri=//localhost:35372/RedirectServlet,age=7}
[DEBUG] HttpInputOverHTTP@376cf161[c=0,q=0,[0]=null,s=STREAM] addContent EOF
[DEBUG] HttpConnection@3e7171e5::SocketChannelEndPoint@3d491fad{l=/127.0.0.1:35372,r=/127.0.0.1:60190,OPEN,fill=-,flush=-,to=7/30000}{io=0/0,kio=0,kro=1}->HttpConnection@3e7171e5[p=HttpParser{s=END,0 of -1},g=HttpGenerator@274dcaa5{s=START}]=>HttpChannelOverHttp@36eb5f45{s=HttpChannelState@23232c72{s=HANDLING rs=COMPLETING os=OPEN is=IDLE awp=false se=false i=false al=0},r=23,c=false/false,a=HANDLING,uri=//localhost:35372/RedirectServlet,age=7} parsed false HttpParser{s=END,0 of -1}
[DEBUG] releaseRequestBuffer HttpConnection@3e7171e5::SocketChannelEndPoint@3d491fad{l=/127.0.0.1:35372,r=/127.0.0.1:60190,OPEN,fill=-,flush=-,to=7/30000}{io=0/0,kio=0,kro=1}->HttpConnection@3e7171e5[p=HttpParser{s=END,0 of -1},g=HttpGenerator@274dcaa5{s=START}]=>HttpChannelOverHttp@36eb5f45{s=HttpChannelState@23232c72{s=HANDLING rs=COMPLETING os=OPEN is=IDLE awp=false se=false i=false al=0},r=23,c=false/false,a=HANDLING,uri=//localhost:35372/RedirectServlet,age=7}
[DEBUG] complete(org.eclipse.jetty.util.Callback$3@1ae20b12) s=CLOSING,api=BLOCKED,sc=false,e=null s=false e=null, c=HeapByteBuffer@13dae45a[p=0,l=0,c=0,r=0]={<<<>>>}
[DEBUG] sendResponse info=null content=HeapByteBuffer@13dae45a[p=0,l=0,c=0,r=0]={<<<>>>} complete=true committing=true callback=org.eclipse.jetty.server.HttpOutput$WriteCompleteCB@42cdb663
[DEBUG] COMMIT for /RedirectServlet on HttpChannelOverHttp@36eb5f45{s=HttpChannelState@23232c72{s=HANDLING rs=COMPLETING os=COMMITTED is=IDLE awp=false se=false i=false al=0},r=23,c=false/false,a=HANDLING,uri=//localhost:35372/RedirectServlet,age=11}
302 null HTTP/1.1
Date: Tue, 28 Sep 2021 06:03:32 GMT
Location: 


[DEBUG] generate: NEED_HEADER for SendCallback@410c6bef[PROCESSING][i=HTTP/1.1{s=302,h=2,cl=-1},cb=org.eclipse.jetty.server.HttpChannel$SendCallback@5741bc20] (null,[p=0,l=0,c=0,r=0],true)@START
[DEBUG] generateHeaders HTTP/1.1{s=302,h=2,cl=-1} last=true content=HeapByteBuffer@13dae45a[p=0,l=0,c=0,r=0]={<<<>>>}
[DEBUG] Date: Tue, 28 Sep 2021 06:03:32 GMT
Location: 


[DEBUG] CONTENT_LENGTH
[DEBUG] generate: FLUSH for SendCallback@410c6bef[PROCESSING][i=HTTP/1.1{s=302,h=2,cl=-1},cb=org.eclipse.jetty.server.HttpChannel$SendCallback@5741bc20] ([p=0,l=123,c=8192,r=123],[p=0,l=0,c=0,r=0],true)@COMPLETING
[DEBUG] write: WriteFlusher@2071150d{IDLE}->null [HeapByteBuffer@460916c[p=0,l=123,c=8192,r=123]={<<<HTTP/1.1 302 Found\r\nDate:...y(9.4.43.v20210629)\r\n\r\n>>>er: Jetty...\x00\x00\x00\x00\x00\x00\x00}]
[DEBUG] update WriteFlusher@2071150d{WRITING}->null:IDLE-->WRITING
[DEBUG] flushed 123 SocketChannelEndPoint@3d491fad{l=/127.0.0.1:35372,r=/127.0.0.1:60190,OPEN,fill=-,flush=W,to=12/30000}{io=0/0,kio=0,kro=1}->HttpConnection@3e7171e5[p=HttpParser{s=END,0 of -1},g=HttpGenerator@274dcaa5{s=COMPLETING}]=>HttpChannelOverHttp@36eb5f45{s=HttpChannelState@23232c72{s=HANDLING rs=COMPLETING os=COMMITTED is=IDLE awp=false se=false i=false al=0},r=23,c=false/false,a=HANDLING,uri=//localhost:35372/RedirectServlet,age=12}
[DEBUG] Flushed=true written=123 remaining=0 WriteFlusher@2071150d{WRITING}->null
[DEBUG] update WriteFlusher@2071150d{IDLE}->null:WRITING-->IDLE
[DEBUG] generate: DONE for SendCallback@410c6bef[PROCESSING][i=HTTP/1.1{s=302,h=2,cl=-1},cb=org.eclipse.jetty.server.HttpChannel$SendCallback@5741bc20] ([p=123,l=123,c=8192,r=0],[p=0,l=0,c=0,r=0],true)@END
[DEBUG] onWriteComplete(true,null) s=CLOSING,api=BLOCKED,sc=false,e=null->s=CLOSED,api=BLOCKING,sc=false,e=null c=null cb=org.eclipse.jetty.util.Callback$3@1ae20b12 w=false
[DEBUG] completed HttpChannelState@23232c72{s=HANDLING rs=COMPLETING os=COMPLETED is=IDLE awp=false se=false i=false al=0}
[DEBUG] unhandle HttpChannelState@23232c72{s=HANDLING rs=COMPLETED os=COMPLETED is=IDLE awp=false se=false i=false al=0}
[DEBUG] nextAction(false) TERMINATED HttpChannelState@23232c72{s=IDLE rs=COMPLETED os=COMPLETED is=IDLE awp=false se=false i=false al=0}
[DEBUG] action TERMINATED HttpChannelOverHttp@36eb5f45{s=HttpChannelState@23232c72{s=IDLE rs=COMPLETED os=COMPLETED is=IDLE awp=false se=false i=false al=0},r=23,c=true/true,a=IDLE,uri=//localhost:35372/RedirectServlet,age=20}
[DEBUG] onCompleted for /RedirectServlet written=0
[DEBUG] recycle HttpChannelState@23232c72{s=IDLE rs=COMPLETED os=COMPLETED is=IDLE awp=false se=false i=false al=0}
[DEBUG] reset HttpParser{s=END,0 of -1}
[DEBUG] END --> START
[DEBUG] !handle TERMINATED HttpChannelOverHttp@36eb5f45{s=HttpChannelState@23232c72{s=IDLE rs=BLOCKING os=OPEN is=IDLE awp=false se=false i=true al=0},r=23,c=false/false,a=IDLE,uri=null,age=0}
[DEBUG] filled 294 HeapByteBuffer@1ef04a69[p=0,l=294,c=8192,r=294]={<<<GET /RedirectServlet HTTP...nection: keep-alive\r\n\r\n>>>g, *; q=....\x00\x00\x00\x00\x00\x00\x00}
[DEBUG] HttpConnection@3e7171e5::SocketChannelEndPoint@3d491fad{l=/127.0.0.1:35372,r=/127.0.0.1:60190,OPEN,fill=-,flush=-,to=0/30000}{io=0/0,kio=0,kro=1}->HttpConnection@3e7171e5[p=HttpParser{s=START,0 of -1},g=HttpGenerator@274dcaa5{s=START}]=>HttpChannelOverHttp@36eb5f45{s=HttpChannelState@23232c72{s=IDLE rs=BLOCKING os=OPEN is=IDLE awp=false se=false i=true al=0},r=23,c=false/false,a=IDLE,uri=null,age=0} filled 294 HeapByteBuffer@1ef04a69[p=0,l=294,c=8192,r=294]={<<<GET /RedirectServlet HTTP...nection: keep-alive\r\n\r\n>>>g, *; q=....\x00\x00\x00\x00\x00\x00\x00}
[DEBUG] HttpConnection@3e7171e5::SocketChannelEndPoint@3d491fad{l=/127.0.0.1:35372,r=/127.0.0.1:60190,OPEN,fill=-,flush=-,to=0/30000}{io=0/0,kio=0,kro=1}->HttpConnection@3e7171e5[p=HttpParser{s=START,0 of -1},g=HttpGenerator@274dcaa5{s=START}]=>HttpChannelOverHttp@36eb5f45{s=HttpChannelState@23232c72{s=IDLE rs=BLOCKING os=OPEN is=IDLE awp=false se=false i=true al=0},r=23,c=false/false,a=IDLE,uri=null,age=0} parse HeapByteBuffer@1ef04a69[p=0,l=294,c=8192,r=294]={<<<GET /RedirectServlet HTTP...nection: keep-alive\r\n\r\n>>>g, *; q=....\x00\x00\x00\x00\x00\x00\x00} {}
[DEBUG] parseNext s=START HeapByteBuffer@1ef04a69[p=0,l=294,c=8192,r=294]={<<<GET /RedirectServlet HTTP...nection: keep-alive\r\n\r\n>>>g, *; q=....\x00\x00\x00\x00\x00\x00\x00}
[DEBUG] START --> SPACE1
[DEBUG] SPACE1 --> URI
[DEBUG] URI --> SPACE2
[DEBUG] SPACE2 --> REQUEST_VERSION
[DEBUG] REQUEST_VERSION --> HEADER
[DEBUG] HEADER:Accept-Encoding: gzip --> IN_VALUE
[DEBUG] HEADER:Accept-Encoding: gzip --> FIELD
[DEBUG] HEADER:User-Agent: Mozilla/5.0 (Windows NT 10.0; Win64; x64) AppleWebKit/537.36 (KHTML, like Gecko) Chrome/79.0.3945.130 Safari/537.36 --> IN_VALUE
[DEBUG] HEADER:User-Agent: Mozilla/5.0 (Windows NT 10.0; Win64; x64) AppleWebKit/537.36 (KHTML, like Gecko) Chrome/79.0.3945.130 Safari/537.36 --> FIELD
[DEBUG] HEADER:Host: localhost:35372 --> IN_VALUE
[DEBUG] HEADER:Host: localhost:35372 --> FIELD
[DEBUG] HEADER:Accept: text/html, image/gif, image/jpeg, *; q=.2, */*; q=.2 --> IN_VALUE
[DEBUG] HEADER:Accept: text/html, image/gif, image/jpeg, *; q=.2, */*; q=.2 --> FIELD
[DEBUG] HEADER:Connection: keep-alive --> IN_VALUE
[DEBUG] HEADER:Connection: keep-alive --> FIELD
[DEBUG] HEADER --> CONTENT
[DEBUG] REQUEST for //localhost:35372/RedirectServlet on HttpChannelOverHttp@36eb5f45{s=HttpChannelState@23232c72{s=IDLE rs=BLOCKING os=OPEN is=IDLE awp=false se=false i=true al=0},r=24,c=false/false,a=IDLE,uri=//localhost:35372/RedirectServlet,age=0}
GET //localhost:35372/RedirectServlet HTTP/1.1
Accept-Encoding: gzip
User-Agent: Mozilla/5.0 (Windows NT 10.0; Win64; x64) AppleWebKit/537.36 (KHTML, like Gecko) Chrome/79.0.3945.130 Safari/537.36
Host: localhost:35372
Accept: text/html, image/gif, image/jpeg, *; q=.2, */*; q=.2
Connection: keep-alive


[DEBUG] HttpConnection@3e7171e5::SocketChannelEndPoint@3d491fad{l=/127.0.0.1:35372,r=/127.0.0.1:60190,OPEN,fill=-,flush=-,to=0/30000}{io=0/0,kio=0,kro=1}->HttpConnection@3e7171e5[p=HttpParser{s=CONTENT,0 of -1},g=HttpGenerator@274dcaa5{s=START}]=>HttpChannelOverHttp@36eb5f45{s=HttpChannelState@23232c72{s=IDLE rs=BLOCKING os=OPEN is=IDLE awp=false se=false i=true al=0},r=24,c=false/false,a=IDLE,uri=//localhost:35372/RedirectServlet,age=0} parsed true HttpParser{s=CONTENT,0 of -1}
[DEBUG] releaseRequestBuffer HttpConnection@3e7171e5::SocketChannelEndPoint@3d491fad{l=/127.0.0.1:35372,r=/127.0.0.1:60190,OPEN,fill=-,flush=-,to=0/30000}{io=0/0,kio=0,kro=1}->HttpConnection@3e7171e5[p=HttpParser{s=CONTENT,0 of -1},g=HttpGenerator@274dcaa5{s=START}]=>HttpChannelOverHttp@36eb5f45{s=HttpChannelState@23232c72{s=IDLE rs=BLOCKING os=OPEN is=IDLE awp=false se=false i=true al=0},r=24,c=false/false,a=IDLE,uri=//localhost:35372/RedirectServlet,age=0}
[DEBUG] handle //localhost:35372/RedirectServlet HttpChannelOverHttp@36eb5f45{s=HttpChannelState@23232c72{s=IDLE rs=BLOCKING os=OPEN is=IDLE awp=false se=false i=true al=0},r=24,c=false/false,a=IDLE,uri=//localhost:35372/RedirectServlet,age=0} 
[DEBUG] handling HttpChannelState@23232c72{s=IDLE rs=BLOCKING os=OPEN is=IDLE awp=false se=false i=true al=0}
[DEBUG] action DISPATCH HttpChannelOverHttp@36eb5f45{s=HttpChannelState@23232c72{s=HANDLING rs=BLOCKING os=OPEN is=IDLE awp=false se=false i=true al=0},r=24,c=false/false,a=HANDLING,uri=//localhost:35372/RedirectServlet,age=0}
[DEBUG] REQUEST GET /RedirectServlet on HttpChannelOverHttp@36eb5f45{s=HttpChannelState@23232c72{s=HANDLING rs=BLOCKING os=OPEN is=IDLE awp=false se=false i=true al=0},r=24,c=false/false,a=HANDLING,uri=//localhost:35372/RedirectServlet,age=0}
[DEBUG] servlet null|/RedirectServlet|null -> org.jsoup.integration.servlets.RedirectServlet-77bb0ab5==org.jsoup.integration.servlets.RedirectServlet@f84cd177{jsp=null,order=-1,inst=true,async=true,src=EMBEDDED:null,STARTED}
[DEBUG] chain=null
[DEBUG] handled=true async=false committed=false on HttpChannelOverHttp@36eb5f45{s=HttpChannelState@23232c72{s=HANDLING rs=BLOCKING os=OPEN is=IDLE awp=false se=false i=true al=0},r=24,c=false/false,a=HANDLING,uri=//localhost:35372/RedirectServlet,age=0}
[DEBUG] unhandle HttpChannelState@23232c72{s=HANDLING rs=BLOCKING os=OPEN is=IDLE awp=false se=false i=true al=0}
[DEBUG] nextAction(false) COMPLETE HttpChannelState@23232c72{s=HANDLING rs=COMPLETING os=OPEN is=IDLE awp=false se=false i=false al=0}
[DEBUG] action COMPLETE HttpChannelOverHttp@36eb5f45{s=HttpChannelState@23232c72{s=HANDLING rs=COMPLETING os=OPEN is=IDLE awp=false se=false i=false al=0},r=24,c=false/false,a=HANDLING,uri=//localhost:35372/RedirectServlet,age=0}
[DEBUG] filled 0 HeapByteBuffer@2a66826a[p=0,l=0,c=8192,r=0]={<<<>>>GET /File...\x86&h\xA0{\xC1\xC2}
[DEBUG] filled 0 HeapByteBuffer@2a66826a[p=0,l=0,c=8192,r=0]={<<<>>>GET /File...\x86&h\xA0{\xC1\xC2}
[DEBUG] HttpConnection@3e7171e5::SocketChannelEndPoint@3d491fad{l=/127.0.0.1:35372,r=/127.0.0.1:60190,OPEN,fill=-,flush=-,to=6/30000}{io=0/0,kio=0,kro=1}->HttpConnection@3e7171e5[p=HttpParser{s=CONTENT,0 of -1},g=HttpGenerator@274dcaa5{s=START}]=>HttpChannelOverHttp@36eb5f45{s=HttpChannelState@23232c72{s=HANDLING rs=COMPLETING os=OPEN is=IDLE awp=false se=false i=false al=0},r=24,c=false/false,a=HANDLING,uri=//localhost:35372/RedirectServlet,age=5} filled 0 HeapByteBuffer@2a66826a[p=0,l=0,c=8192,r=0]={<<<>>>GET /File...\x86&h\xA0{\xC1\xC2}
[DEBUG] HttpConnection@3e7171e5::SocketChannelEndPoint@3d491fad{l=/127.0.0.1:35372,r=/127.0.0.1:60190,OPEN,fill=-,flush=-,to=6/30000}{io=0/0,kio=0,kro=1}->HttpConnection@3e7171e5[p=HttpParser{s=CONTENT,0 of -1},g=HttpGenerator@274dcaa5{s=START}]=>HttpChannelOverHttp@36eb5f45{s=HttpChannelState@23232c72{s=HANDLING rs=COMPLETING os=OPEN is=IDLE awp=false se=false i=false al=0},r=24,c=false/false,a=HANDLING,uri=//localhost:35372/RedirectServlet,age=5} parse HeapByteBuffer@2a66826a[p=0,l=0,c=8192,r=0]={<<<>>>GET /File...\x86&h\xA0{\xC1\xC2} {}
[DEBUG] parseNext s=CONTENT HeapByteBuffer@2a66826a[p=0,l=0,c=8192,r=0]={<<<>>>GET /File...\x86&h\xA0{\xC1\xC2}
[DEBUG] CONTENT --> CONTENT_END
[DEBUG] onContentComplete HttpChannelOverHttp@36eb5f45{s=HttpChannelState@23232c72{s=HANDLING rs=COMPLETING os=OPEN is=IDLE awp=false se=false i=false al=0},r=24,c=false/false,a=HANDLING,uri=//localhost:35372/RedirectServlet,age=5}
[DEBUG] CONTENT_END --> END
[DEBUG] onRequestComplete HttpChannelOverHttp@36eb5f45{s=HttpChannelState@23232c72{s=HANDLING rs=COMPLETING os=OPEN is=IDLE awp=false se=false i=false al=0},r=24,c=false/false,a=HANDLING,uri=//localhost:35372/RedirectServlet,age=5}
[DEBUG] HttpInputOverHTTP@376cf161[c=0,q=0,[0]=null,s=STREAM] addContent EOF
[DEBUG] HttpConnection@3e7171e5::SocketChannelEndPoint@3d491fad{l=/127.0.0.1:35372,r=/127.0.0.1:60190,OPEN,fill=-,flush=-,to=6/30000}{io=0/0,kio=0,kro=1}->HttpConnection@3e7171e5[p=HttpParser{s=END,0 of -1},g=HttpGenerator@274dcaa5{s=START}]=>HttpChannelOverHttp@36eb5f45{s=HttpChannelState@23232c72{s=HANDLING rs=COMPLETING os=OPEN is=IDLE awp=false se=false i=false al=0},r=24,c=false/false,a=HANDLING,uri=//localhost:35372/RedirectServlet,age=6} parsed false HttpParser{s=END,0 of -1}
[DEBUG] releaseRequestBuffer HttpConnection@3e7171e5::SocketChannelEndPoint@3d491fad{l=/127.0.0.1:35372,r=/127.0.0.1:60190,OPEN,fill=-,flush=-,to=6/30000}{io=0/0,kio=0,kro=1}->HttpConnection@3e7171e5[p=HttpParser{s=END,0 of -1},g=HttpGenerator@274dcaa5{s=START}]=>HttpChannelOverHttp@36eb5f45{s=HttpChannelState@23232c72{s=HANDLING rs=COMPLETING os=OPEN is=IDLE awp=false se=false i=false al=0},r=24,c=false/false,a=HANDLING,uri=//localhost:35372/RedirectServlet,age=6}
[DEBUG] complete(org.eclipse.jetty.util.Callback$3@1131c402) s=CLOSING,api=BLOCKED,sc=false,e=null s=false e=null, c=HeapByteBuffer@13dae45a[p=0,l=0,c=0,r=0]={<<<>>>}
[DEBUG] sendResponse info=null content=HeapByteBuffer@13dae45a[p=0,l=0,c=0,r=0]={<<<>>>} complete=true committing=true callback=org.eclipse.jetty.server.HttpOutput$WriteCompleteCB@1b01f7ad
[DEBUG] COMMIT for /RedirectServlet on HttpChannelOverHttp@36eb5f45{s=HttpChannelState@23232c72{s=HANDLING rs=COMPLETING os=COMMITTED is=IDLE awp=false se=false i=false al=0},r=24,c=false/false,a=HANDLING,uri=//localhost:35372/RedirectServlet,age=6}
302 null HTTP/1.1
Date: Tue, 28 Sep 2021 06:03:32 GMT
Location: 


[DEBUG] generate: NEED_HEADER for SendCallback@410c6bef[PROCESSING][i=HTTP/1.1{s=302,h=2,cl=-1},cb=org.eclipse.jetty.server.HttpChannel$SendCallback@34502400] (null,[p=0,l=0,c=0,r=0],true)@START
[DEBUG] generateHeaders HTTP/1.1{s=302,h=2,cl=-1} last=true content=HeapByteBuffer@13dae45a[p=0,l=0,c=0,r=0]={<<<>>>}
[DEBUG] Date: Tue, 28 Sep 2021 06:03:32 GMT
Location: 


[DEBUG] CONTENT_LENGTH
[DEBUG] generate: FLUSH for SendCallback@410c6bef[PROCESSING][i=HTTP/1.1{s=302,h=2,cl=-1},cb=org.eclipse.jetty.server.HttpChannel$SendCallback@34502400] ([p=0,l=123,c=8192,r=123],[p=0,l=0,c=0,r=0],true)@COMPLETING
[DEBUG] write: WriteFlusher@2071150d{IDLE}->null [HeapByteBuffer@460916c[p=0,l=123,c=8192,r=123]={<<<HTTP/1.1 302 Found\r\nDate:...y(9.4.43.v20210629)\r\n\r\n>>>er: Jetty...\x00\x00\x00\x00\x00\x00\x00}]
[DEBUG] update WriteFlusher@2071150d{WRITING}->null:IDLE-->WRITING
[DEBUG] flushed 123 SocketChannelEndPoint@3d491fad{l=/127.0.0.1:35372,r=/127.0.0.1:60190,OPEN,fill=-,flush=W,to=7/30000}{io=0/0,kio=0,kro=1}->HttpConnection@3e7171e5[p=HttpParser{s=END,0 of -1},g=HttpGenerator@274dcaa5{s=COMPLETING}]=>HttpChannelOverHttp@36eb5f45{s=HttpChannelState@23232c72{s=HANDLING rs=COMPLETING os=COMMITTED is=IDLE awp=false se=false i=false al=0},r=24,c=false/false,a=HANDLING,uri=//localhost:35372/RedirectServlet,age=7}
[DEBUG] Flushed=true written=123 remaining=0 WriteFlusher@2071150d{WRITING}->null
[DEBUG] update WriteFlusher@2071150d{IDLE}->null:WRITING-->IDLE
[DEBUG] generate: DONE for SendCallback@410c6bef[PROCESSING][i=HTTP/1.1{s=302,h=2,cl=-1},cb=org.eclipse.jetty.server.HttpChannel$SendCallback@34502400] ([p=123,l=123,c=8192,r=0],[p=0,l=0,c=0,r=0],true)@END
[DEBUG] onWriteComplete(true,null) s=CLOSING,api=BLOCKED,sc=false,e=null->s=CLOSED,api=BLOCKING,sc=false,e=null c=null cb=org.eclipse.jetty.util.Callback$3@1131c402 w=false
[DEBUG] completed HttpChannelState@23232c72{s=HANDLING rs=COMPLETING os=COMPLETED is=IDLE awp=false se=false i=false al=0}
[DEBUG] unhandle HttpChannelState@23232c72{s=HANDLING rs=COMPLETED os=COMPLETED is=IDLE awp=false se=false i=false al=0}
[DEBUG] nextAction(false) TERMINATED HttpChannelState@23232c72{s=IDLE rs=COMPLETED os=COMPLETED is=IDLE awp=false se=false i=false al=0}
[DEBUG] action TERMINATED HttpChannelOverHttp@36eb5f45{s=HttpChannelState@23232c72{s=IDLE rs=COMPLETED os=COMPLETED is=IDLE awp=false se=false i=false al=0},r=24,c=true/true,a=IDLE,uri=//localhost:35372/RedirectServlet,age=7}
[DEBUG] onCompleted for /RedirectServlet written=0
[DEBUG] recycle HttpChannelState@23232c72{s=IDLE rs=COMPLETED os=COMPLETED is=IDLE awp=false se=false i=false al=0}
[DEBUG] reset HttpParser{s=END,0 of -1}
[DEBUG] END --> START
[DEBUG] !handle TERMINATED HttpChannelOverHttp@36eb5f45{s=HttpChannelState@23232c72{s=IDLE rs=BLOCKING os=OPEN is=IDLE awp=false se=false i=true al=0},r=24,c=false/false,a=IDLE,uri=null,age=0}
[DEBUG] filled 294 HeapByteBuffer@1ef04a69[p=0,l=294,c=8192,r=294]={<<<GET /RedirectServlet HTTP...nection: keep-alive\r\n\r\n>>>g, *; q=....\x00\x00\x00\x00\x00\x00\x00}
[DEBUG] HttpConnection@3e7171e5::SocketChannelEndPoint@3d491fad{l=/127.0.0.1:35372,r=/127.0.0.1:60190,OPEN,fill=-,flush=-,to=0/30000}{io=0/0,kio=0,kro=1}->HttpConnection@3e7171e5[p=HttpParser{s=START,0 of -1},g=HttpGenerator@274dcaa5{s=START}]=>HttpChannelOverHttp@36eb5f45{s=HttpChannelState@23232c72{s=IDLE rs=BLOCKING os=OPEN is=IDLE awp=false se=false i=true al=0},r=24,c=false/false,a=IDLE,uri=null,age=0} filled 294 HeapByteBuffer@1ef04a69[p=0,l=294,c=8192,r=294]={<<<GET /RedirectServlet HTTP...nection: keep-alive\r\n\r\n>>>g, *; q=....\x00\x00\x00\x00\x00\x00\x00}
[DEBUG] HttpConnection@3e7171e5::SocketChannelEndPoint@3d491fad{l=/127.0.0.1:35372,r=/127.0.0.1:60190,OPEN,fill=-,flush=-,to=0/30000}{io=0/0,kio=0,kro=1}->HttpConnection@3e7171e5[p=HttpParser{s=START,0 of -1},g=HttpGenerator@274dcaa5{s=START}]=>HttpChannelOverHttp@36eb5f45{s=HttpChannelState@23232c72{s=IDLE rs=BLOCKING os=OPEN is=IDLE awp=false se=false i=true al=0},r=24,c=false/false,a=IDLE,uri=null,age=0} parse HeapByteBuffer@1ef04a69[p=0,l=294,c=8192,r=294]={<<<GET /RedirectServlet HTTP...nection: keep-alive\r\n\r\n>>>g, *; q=....\x00\x00\x00\x00\x00\x00\x00} {}
[DEBUG] parseNext s=START HeapByteBuffer@1ef04a69[p=0,l=294,c=8192,r=294]={<<<GET /RedirectServlet HTTP...nection: keep-alive\r\n\r\n>>>g, *; q=....\x00\x00\x00\x00\x00\x00\x00}
[DEBUG] START --> SPACE1
[DEBUG] SPACE1 --> URI
[DEBUG] URI --> SPACE2
[DEBUG] SPACE2 --> REQUEST_VERSION
[DEBUG] REQUEST_VERSION --> HEADER
[DEBUG] HEADER:Accept-Encoding: gzip --> IN_VALUE
[DEBUG] HEADER:Accept-Encoding: gzip --> FIELD
[DEBUG] HEADER:User-Agent: Mozilla/5.0 (Windows NT 10.0; Win64; x64) AppleWebKit/537.36 (KHTML, like Gecko) Chrome/79.0.3945.130 Safari/537.36 --> IN_VALUE
[DEBUG] HEADER:User-Agent: Mozilla/5.0 (Windows NT 10.0; Win64; x64) AppleWebKit/537.36 (KHTML, like Gecko) Chrome/79.0.3945.130 Safari/537.36 --> FIELD
[DEBUG] HEADER:Host: localhost:35372 --> IN_VALUE
[DEBUG] HEADER:Host: localhost:35372 --> FIELD
[DEBUG] HEADER:Accept: text/html, image/gif, image/jpeg, *; q=.2, */*; q=.2 --> IN_VALUE
[DEBUG] HEADER:Accept: text/html, image/gif, image/jpeg, *; q=.2, */*; q=.2 --> FIELD
[DEBUG] HEADER:Connection: keep-alive --> IN_VALUE
[DEBUG] HEADER:Connection: keep-alive --> FIELD
[DEBUG] HEADER --> CONTENT
[DEBUG] REQUEST for //localhost:35372/RedirectServlet on HttpChannelOverHttp@36eb5f45{s=HttpChannelState@23232c72{s=IDLE rs=BLOCKING os=OPEN is=IDLE awp=false se=false i=true al=0},r=25,c=false/false,a=IDLE,uri=//localhost:35372/RedirectServlet,age=0}
GET //localhost:35372/RedirectServlet HTTP/1.1
Accept-Encoding: gzip
User-Agent: Mozilla/5.0 (Windows NT 10.0; Win64; x64) AppleWebKit/537.36 (KHTML, like Gecko) Chrome/79.0.3945.130 Safari/537.36
Host: localhost:35372
Accept: text/html, image/gif, image/jpeg, *; q=.2, */*; q=.2
Connection: keep-alive


[DEBUG] HttpConnection@3e7171e5::SocketChannelEndPoint@3d491fad{l=/127.0.0.1:35372,r=/127.0.0.1:60190,OPEN,fill=-,flush=-,to=0/30000}{io=0/0,kio=0,kro=1}->HttpConnection@3e7171e5[p=HttpParser{s=CONTENT,0 of -1},g=HttpGenerator@274dcaa5{s=START}]=>HttpChannelOverHttp@36eb5f45{s=HttpChannelState@23232c72{s=IDLE rs=BLOCKING os=OPEN is=IDLE awp=false se=false i=true al=0},r=25,c=false/false,a=IDLE,uri=//localhost:35372/RedirectServlet,age=0} parsed true HttpParser{s=CONTENT,0 of -1}
[DEBUG] releaseRequestBuffer HttpConnection@3e7171e5::SocketChannelEndPoint@3d491fad{l=/127.0.0.1:35372,r=/127.0.0.1:60190,OPEN,fill=-,flush=-,to=0/30000}{io=0/0,kio=0,kro=1}->HttpConnection@3e7171e5[p=HttpParser{s=CONTENT,0 of -1},g=HttpGenerator@274dcaa5{s=START}]=>HttpChannelOverHttp@36eb5f45{s=HttpChannelState@23232c72{s=IDLE rs=BLOCKING os=OPEN is=IDLE awp=false se=false i=true al=0},r=25,c=false/false,a=IDLE,uri=//localhost:35372/RedirectServlet,age=0}
[DEBUG] handle //localhost:35372/RedirectServlet HttpChannelOverHttp@36eb5f45{s=HttpChannelState@23232c72{s=IDLE rs=BLOCKING os=OPEN is=IDLE awp=false se=false i=true al=0},r=25,c=false/false,a=IDLE,uri=//localhost:35372/RedirectServlet,age=0} 
[DEBUG] handling HttpChannelState@23232c72{s=IDLE rs=BLOCKING os=OPEN is=IDLE awp=false se=false i=true al=0}
[DEBUG] action DISPATCH HttpChannelOverHttp@36eb5f45{s=HttpChannelState@23232c72{s=HANDLING rs=BLOCKING os=OPEN is=IDLE awp=false se=false i=true al=0},r=25,c=false/false,a=HANDLING,uri=//localhost:35372/RedirectServlet,age=0}
[DEBUG] REQUEST GET /RedirectServlet on HttpChannelOverHttp@36eb5f45{s=HttpChannelState@23232c72{s=HANDLING rs=BLOCKING os=OPEN is=IDLE awp=false se=false i=true al=0},r=25,c=false/false,a=HANDLING,uri=//localhost:35372/RedirectServlet,age=0}
[DEBUG] servlet null|/RedirectServlet|null -> org.jsoup.integration.servlets.RedirectServlet-77bb0ab5==org.jsoup.integration.servlets.RedirectServlet@f84cd177{jsp=null,order=-1,inst=true,async=true,src=EMBEDDED:null,STARTED}
[DEBUG] chain=null
[DEBUG] handled=true async=false committed=false on HttpChannelOverHttp@36eb5f45{s=HttpChannelState@23232c72{s=HANDLING rs=BLOCKING os=OPEN is=IDLE awp=false se=false i=true al=0},r=25,c=false/false,a=HANDLING,uri=//localhost:35372/RedirectServlet,age=0}
[DEBUG] unhandle HttpChannelState@23232c72{s=HANDLING rs=BLOCKING os=OPEN is=IDLE awp=false se=false i=true al=0}
[DEBUG] nextAction(false) COMPLETE HttpChannelState@23232c72{s=HANDLING rs=COMPLETING os=OPEN is=IDLE awp=false se=false i=false al=0}
[DEBUG] action COMPLETE HttpChannelOverHttp@36eb5f45{s=HttpChannelState@23232c72{s=HANDLING rs=COMPLETING os=OPEN is=IDLE awp=false se=false i=false al=0},r=25,c=false/false,a=HANDLING,uri=//localhost:35372/RedirectServlet,age=1}
[DEBUG] filled 0 HeapByteBuffer@2a66826a[p=0,l=0,c=8192,r=0]={<<<>>>GET /File...\x86&h\xA0{\xC1\xC2}
[DEBUG] filled 0 HeapByteBuffer@2a66826a[p=0,l=0,c=8192,r=0]={<<<>>>GET /File...\x86&h\xA0{\xC1\xC2}
[DEBUG] HttpConnection@3e7171e5::SocketChannelEndPoint@3d491fad{l=/127.0.0.1:35372,r=/127.0.0.1:60190,OPEN,fill=-,flush=-,to=1/30000}{io=0/0,kio=0,kro=1}->HttpConnection@3e7171e5[p=HttpParser{s=CONTENT,0 of -1},g=HttpGenerator@274dcaa5{s=START}]=>HttpChannelOverHttp@36eb5f45{s=HttpChannelState@23232c72{s=HANDLING rs=COMPLETING os=OPEN is=IDLE awp=false se=false i=false al=0},r=25,c=false/false,a=HANDLING,uri=//localhost:35372/RedirectServlet,age=1} filled 0 HeapByteBuffer@2a66826a[p=0,l=0,c=8192,r=0]={<<<>>>GET /File...\x86&h\xA0{\xC1\xC2}
[DEBUG] HttpConnection@3e7171e5::SocketChannelEndPoint@3d491fad{l=/127.0.0.1:35372,r=/127.0.0.1:60190,OPEN,fill=-,flush=-,to=1/30000}{io=0/0,kio=0,kro=1}->HttpConnection@3e7171e5[p=HttpParser{s=CONTENT,0 of -1},g=HttpGenerator@274dcaa5{s=START}]=>HttpChannelOverHttp@36eb5f45{s=HttpChannelState@23232c72{s=HANDLING rs=COMPLETING os=OPEN is=IDLE awp=false se=false i=false al=0},r=25,c=false/false,a=HANDLING,uri=//localhost:35372/RedirectServlet,age=1} parse HeapByteBuffer@2a66826a[p=0,l=0,c=8192,r=0]={<<<>>>GET /File...\x86&h\xA0{\xC1\xC2} {}
[DEBUG] parseNext s=CONTENT HeapByteBuffer@2a66826a[p=0,l=0,c=8192,r=0]={<<<>>>GET /File...\x86&h\xA0{\xC1\xC2}
[DEBUG] CONTENT --> CONTENT_END
[DEBUG] onContentComplete HttpChannelOverHttp@36eb5f45{s=HttpChannelState@23232c72{s=HANDLING rs=COMPLETING os=OPEN is=IDLE awp=false se=false i=false al=0},r=25,c=false/false,a=HANDLING,uri=//localhost:35372/RedirectServlet,age=1}
[DEBUG] CONTENT_END --> END
[DEBUG] onRequestComplete HttpChannelOverHttp@36eb5f45{s=HttpChannelState@23232c72{s=HANDLING rs=COMPLETING os=OPEN is=IDLE awp=false se=false i=false al=0},r=25,c=false/false,a=HANDLING,uri=//localhost:35372/RedirectServlet,age=1}
[DEBUG] HttpInputOverHTTP@376cf161[c=0,q=0,[0]=null,s=STREAM] addContent EOF
[DEBUG] HttpConnection@3e7171e5::SocketChannelEndPoint@3d491fad{l=/127.0.0.1:35372,r=/127.0.0.1:60190,OPEN,fill=-,flush=-,to=5/30000}{io=0/0,kio=0,kro=1}->HttpConnection@3e7171e5[p=HttpParser{s=END,0 of -1},g=HttpGenerator@274dcaa5{s=START}]=>HttpChannelOverHttp@36eb5f45{s=HttpChannelState@23232c72{s=HANDLING rs=COMPLETING os=OPEN is=IDLE awp=false se=false i=false al=0},r=25,c=false/false,a=HANDLING,uri=//localhost:35372/RedirectServlet,age=5} parsed false HttpParser{s=END,0 of -1}
[DEBUG] releaseRequestBuffer HttpConnection@3e7171e5::SocketChannelEndPoint@3d491fad{l=/127.0.0.1:35372,r=/127.0.0.1:60190,OPEN,fill=-,flush=-,to=5/30000}{io=0/0,kio=0,kro=1}->HttpConnection@3e7171e5[p=HttpParser{s=END,0 of -1},g=HttpGenerator@274dcaa5{s=START}]=>HttpChannelOverHttp@36eb5f45{s=HttpChannelState@23232c72{s=HANDLING rs=COMPLETING os=OPEN is=IDLE awp=false se=false i=false al=0},r=25,c=false/false,a=HANDLING,uri=//localhost:35372/RedirectServlet,age=5}
[DEBUG] complete(org.eclipse.jetty.util.Callback$3@6eaa3e16) s=CLOSING,api=BLOCKED,sc=false,e=null s=false e=null, c=HeapByteBuffer@13dae45a[p=0,l=0,c=0,r=0]={<<<>>>}
[DEBUG] sendResponse info=null content=HeapByteBuffer@13dae45a[p=0,l=0,c=0,r=0]={<<<>>>} complete=true committing=true callback=org.eclipse.jetty.server.HttpOutput$WriteCompleteCB@71a4f615
[DEBUG] COMMIT for /RedirectServlet on HttpChannelOverHttp@36eb5f45{s=HttpChannelState@23232c72{s=HANDLING rs=COMPLETING os=COMMITTED is=IDLE awp=false se=false i=false al=0},r=25,c=false/false,a=HANDLING,uri=//localhost:35372/RedirectServlet,age=5}
302 null HTTP/1.1
Date: Tue, 28 Sep 2021 06:03:32 GMT
Location: 


[DEBUG] generate: NEED_HEADER for SendCallback@410c6bef[PROCESSING][i=HTTP/1.1{s=302,h=2,cl=-1},cb=org.eclipse.jetty.server.HttpChannel$SendCallback@650cdb13] (null,[p=0,l=0,c=0,r=0],true)@START
[DEBUG] generateHeaders HTTP/1.1{s=302,h=2,cl=-1} last=true content=HeapByteBuffer@13dae45a[p=0,l=0,c=0,r=0]={<<<>>>}
[DEBUG] Date: Tue, 28 Sep 2021 06:03:32 GMT
Location: 


[DEBUG] CONTENT_LENGTH
[DEBUG] generate: FLUSH for SendCallback@410c6bef[PROCESSING][i=HTTP/1.1{s=302,h=2,cl=-1},cb=org.eclipse.jetty.server.HttpChannel$SendCallback@650cdb13] ([p=0,l=123,c=8192,r=123],[p=0,l=0,c=0,r=0],true)@COMPLETING
[DEBUG] write: WriteFlusher@2071150d{IDLE}->null [HeapByteBuffer@460916c[p=0,l=123,c=8192,r=123]={<<<HTTP/1.1 302 Found\r\nDate:...y(9.4.43.v20210629)\r\n\r\n>>>er: Jetty...\x00\x00\x00\x00\x00\x00\x00}]
[DEBUG] update WriteFlusher@2071150d{WRITING}->null:IDLE-->WRITING
[DEBUG] flushed 123 SocketChannelEndPoint@3d491fad{l=/127.0.0.1:35372,r=/127.0.0.1:60190,OPEN,fill=-,flush=W,to=13/30000}{io=0/0,kio=0,kro=1}->HttpConnection@3e7171e5[p=HttpParser{s=END,0 of -1},g=HttpGenerator@274dcaa5{s=COMPLETING}]=>HttpChannelOverHttp@36eb5f45{s=HttpChannelState@23232c72{s=HANDLING rs=COMPLETING os=COMMITTED is=IDLE awp=false se=false i=false al=0},r=25,c=false/false,a=HANDLING,uri=//localhost:35372/RedirectServlet,age=13}
[DEBUG] Flushed=true written=123 remaining=0 WriteFlusher@2071150d{WRITING}->null
[DEBUG] update WriteFlusher@2071150d{IDLE}->null:WRITING-->IDLE
[DEBUG] generate: DONE for SendCallback@410c6bef[PROCESSING][i=HTTP/1.1{s=302,h=2,cl=-1},cb=org.eclipse.jetty.server.HttpChannel$SendCallback@650cdb13] ([p=123,l=123,c=8192,r=0],[p=0,l=0,c=0,r=0],true)@END
[DEBUG] onWriteComplete(true,null) s=CLOSING,api=BLOCKED,sc=false,e=null->s=CLOSED,api=BLOCKING,sc=false,e=null c=null cb=org.eclipse.jetty.util.Callback$3@6eaa3e16 w=false
[DEBUG] completed HttpChannelState@23232c72{s=HANDLING rs=COMPLETING os=COMPLETED is=IDLE awp=false se=false i=false al=0}
[DEBUG] unhandle HttpChannelState@23232c72{s=HANDLING rs=COMPLETED os=COMPLETED is=IDLE awp=false se=false i=false al=0}
[DEBUG] nextAction(false) TERMINATED HttpChannelState@23232c72{s=IDLE rs=COMPLETED os=COMPLETED is=IDLE awp=false se=false i=false al=0}
[DEBUG] action TERMINATED HttpChannelOverHttp@36eb5f45{s=HttpChannelState@23232c72{s=IDLE rs=COMPLETED os=COMPLETED is=IDLE awp=false se=false i=false al=0},r=25,c=true/true,a=IDLE,uri=//localhost:35372/RedirectServlet,age=13}
[DEBUG] onCompleted for /RedirectServlet written=0
[DEBUG] recycle HttpChannelState@23232c72{s=IDLE rs=COMPLETED os=COMPLETED is=IDLE awp=false se=false i=false al=0}
[DEBUG] reset HttpParser{s=END,0 of -1}
[DEBUG] END --> START
[DEBUG] !handle TERMINATED HttpChannelOverHttp@36eb5f45{s=HttpChannelState@23232c72{s=IDLE rs=BLOCKING os=OPEN is=IDLE awp=false se=false i=true al=0},r=25,c=false/false,a=IDLE,uri=null,age=0}
[DEBUG] filled 294 HeapByteBuffer@1ef04a69[p=0,l=294,c=8192,r=294]={<<<GET /RedirectServlet HTTP...nection: keep-alive\r\n\r\n>>>g, *; q=....\x00\x00\x00\x00\x00\x00\x00}
[DEBUG] HttpConnection@3e7171e5::SocketChannelEndPoint@3d491fad{l=/127.0.0.1:35372,r=/127.0.0.1:60190,OPEN,fill=-,flush=-,to=0/30000}{io=0/0,kio=0,kro=1}->HttpConnection@3e7171e5[p=HttpParser{s=START,0 of -1},g=HttpGenerator@274dcaa5{s=START}]=>HttpChannelOverHttp@36eb5f45{s=HttpChannelState@23232c72{s=IDLE rs=BLOCKING os=OPEN is=IDLE awp=false se=false i=true al=0},r=25,c=false/false,a=IDLE,uri=null,age=0} filled 294 HeapByteBuffer@1ef04a69[p=0,l=294,c=8192,r=294]={<<<GET /RedirectServlet HTTP...nection: keep-alive\r\n\r\n>>>g, *; q=....\x00\x00\x00\x00\x00\x00\x00}
[DEBUG] HttpConnection@3e7171e5::SocketChannelEndPoint@3d491fad{l=/127.0.0.1:35372,r=/127.0.0.1:60190,OPEN,fill=-,flush=-,to=0/30000}{io=0/0,kio=0,kro=1}->HttpConnection@3e7171e5[p=HttpParser{s=START,0 of -1},g=HttpGenerator@274dcaa5{s=START}]=>HttpChannelOverHttp@36eb5f45{s=HttpChannelState@23232c72{s=IDLE rs=BLOCKING os=OPEN is=IDLE awp=false se=false i=true al=0},r=25,c=false/false,a=IDLE,uri=null,age=0} parse HeapByteBuffer@1ef04a69[p=0,l=294,c=8192,r=294]={<<<GET /RedirectServlet HTTP...nection: keep-alive\r\n\r\n>>>g, *; q=....\x00\x00\x00\x00\x00\x00\x00} {}
[DEBUG] parseNext s=START HeapByteBuffer@1ef04a69[p=0,l=294,c=8192,r=294]={<<<GET /RedirectServlet HTTP...nection: keep-alive\r\n\r\n>>>g, *; q=....\x00\x00\x00\x00\x00\x00\x00}
[DEBUG] START --> SPACE1
[DEBUG] SPACE1 --> URI
[DEBUG] URI --> SPACE2
[DEBUG] SPACE2 --> REQUEST_VERSION
[DEBUG] REQUEST_VERSION --> HEADER
[DEBUG] HEADER:Accept-Encoding: gzip --> IN_VALUE
[DEBUG] HEADER:Accept-Encoding: gzip --> FIELD
[DEBUG] HEADER:User-Agent: Mozilla/5.0 (Windows NT 10.0; Win64; x64) AppleWebKit/537.36 (KHTML, like Gecko) Chrome/79.0.3945.130 Safari/537.36 --> IN_VALUE
[DEBUG] HEADER:User-Agent: Mozilla/5.0 (Windows NT 10.0; Win64; x64) AppleWebKit/537.36 (KHTML, like Gecko) Chrome/79.0.3945.130 Safari/537.36 --> FIELD
[DEBUG] HEADER:Host: localhost:35372 --> IN_VALUE
[DEBUG] HEADER:Host: localhost:35372 --> FIELD
[DEBUG] HEADER:Accept: text/html, image/gif, image/jpeg, *; q=.2, */*; q=.2 --> IN_VALUE
[DEBUG] HEADER:Accept: text/html, image/gif, image/jpeg, *; q=.2, */*; q=.2 --> FIELD
[DEBUG] HEADER:Connection: keep-alive --> IN_VALUE
[DEBUG] HEADER:Connection: keep-alive --> FIELD
[DEBUG] HEADER --> CONTENT
[DEBUG] REQUEST for //localhost:35372/RedirectServlet on HttpChannelOverHttp@36eb5f45{s=HttpChannelState@23232c72{s=IDLE rs=BLOCKING os=OPEN is=IDLE awp=false se=false i=true al=0},r=26,c=false/false,a=IDLE,uri=//localhost:35372/RedirectServlet,age=0}
GET //localhost:35372/RedirectServlet HTTP/1.1
Accept-Encoding: gzip
User-Agent: Mozilla/5.0 (Windows NT 10.0; Win64; x64) AppleWebKit/537.36 (KHTML, like Gecko) Chrome/79.0.3945.130 Safari/537.36
Host: localhost:35372
Accept: text/html, image/gif, image/jpeg, *; q=.2, */*; q=.2
Connection: keep-alive


[DEBUG] HttpConnection@3e7171e5::SocketChannelEndPoint@3d491fad{l=/127.0.0.1:35372,r=/127.0.0.1:60190,OPEN,fill=-,flush=-,to=0/30000}{io=0/0,kio=0,kro=1}->HttpConnection@3e7171e5[p=HttpParser{s=CONTENT,0 of -1},g=HttpGenerator@274dcaa5{s=START}]=>HttpChannelOverHttp@36eb5f45{s=HttpChannelState@23232c72{s=IDLE rs=BLOCKING os=OPEN is=IDLE awp=false se=false i=true al=0},r=26,c=false/false,a=IDLE,uri=//localhost:35372/RedirectServlet,age=0} parsed true HttpParser{s=CONTENT,0 of -1}
[DEBUG] releaseRequestBuffer HttpConnection@3e7171e5::SocketChannelEndPoint@3d491fad{l=/127.0.0.1:35372,r=/127.0.0.1:60190,OPEN,fill=-,flush=-,to=0/30000}{io=0/0,kio=0,kro=1}->HttpConnection@3e7171e5[p=HttpParser{s=CONTENT,0 of -1},g=HttpGenerator@274dcaa5{s=START}]=>HttpChannelOverHttp@36eb5f45{s=HttpChannelState@23232c72{s=IDLE rs=BLOCKING os=OPEN is=IDLE awp=false se=false i=true al=0},r=26,c=false/false,a=IDLE,uri=//localhost:35372/RedirectServlet,age=0}
[DEBUG] handle //localhost:35372/RedirectServlet HttpChannelOverHttp@36eb5f45{s=HttpChannelState@23232c72{s=IDLE rs=BLOCKING os=OPEN is=IDLE awp=false se=false i=true al=0},r=26,c=false/false,a=IDLE,uri=//localhost:35372/RedirectServlet,age=0} 
[DEBUG] handling HttpChannelState@23232c72{s=IDLE rs=BLOCKING os=OPEN is=IDLE awp=false se=false i=true al=0}
[DEBUG] action DISPATCH HttpChannelOverHttp@36eb5f45{s=HttpChannelState@23232c72{s=HANDLING rs=BLOCKING os=OPEN is=IDLE awp=false se=false i=true al=0},r=26,c=false/false,a=HANDLING,uri=//localhost:35372/RedirectServlet,age=0}
[DEBUG] REQUEST GET /RedirectServlet on HttpChannelOverHttp@36eb5f45{s=HttpChannelState@23232c72{s=HANDLING rs=BLOCKING os=OPEN is=IDLE awp=false se=false i=true al=0},r=26,c=false/false,a=HANDLING,uri=//localhost:35372/RedirectServlet,age=0}
[DEBUG] servlet null|/RedirectServlet|null -> org.jsoup.integration.servlets.RedirectServlet-77bb0ab5==org.jsoup.integration.servlets.RedirectServlet@f84cd177{jsp=null,order=-1,inst=true,async=true,src=EMBEDDED:null,STARTED}
[DEBUG] chain=null
[DEBUG] handled=true async=false committed=false on HttpChannelOverHttp@36eb5f45{s=HttpChannelState@23232c72{s=HANDLING rs=BLOCKING os=OPEN is=IDLE awp=false se=false i=true al=0},r=26,c=false/false,a=HANDLING,uri=//localhost:35372/RedirectServlet,age=0}
[DEBUG] unhandle HttpChannelState@23232c72{s=HANDLING rs=BLOCKING os=OPEN is=IDLE awp=false se=false i=true al=0}
[DEBUG] nextAction(false) COMPLETE HttpChannelState@23232c72{s=HANDLING rs=COMPLETING os=OPEN is=IDLE awp=false se=false i=false al=0}
[DEBUG] action COMPLETE HttpChannelOverHttp@36eb5f45{s=HttpChannelState@23232c72{s=HANDLING rs=COMPLETING os=OPEN is=IDLE awp=false se=false i=false al=0},r=26,c=false/false,a=HANDLING,uri=//localhost:35372/RedirectServlet,age=0}
[DEBUG] filled 0 HeapByteBuffer@2a66826a[p=0,l=0,c=8192,r=0]={<<<>>>GET /File...\x86&h\xA0{\xC1\xC2}
[DEBUG] filled 0 HeapByteBuffer@2a66826a[p=0,l=0,c=8192,r=0]={<<<>>>GET /File...\x86&h\xA0{\xC1\xC2}
[DEBUG] HttpConnection@3e7171e5::SocketChannelEndPoint@3d491fad{l=/127.0.0.1:35372,r=/127.0.0.1:60190,OPEN,fill=-,flush=-,to=1/30000}{io=0/0,kio=0,kro=1}->HttpConnection@3e7171e5[p=HttpParser{s=CONTENT,0 of -1},g=HttpGenerator@274dcaa5{s=START}]=>HttpChannelOverHttp@36eb5f45{s=HttpChannelState@23232c72{s=HANDLING rs=COMPLETING os=OPEN is=IDLE awp=false se=false i=false al=0},r=26,c=false/false,a=HANDLING,uri=//localhost:35372/RedirectServlet,age=0} filled 0 HeapByteBuffer@2a66826a[p=0,l=0,c=8192,r=0]={<<<>>>GET /File...\x86&h\xA0{\xC1\xC2}
[DEBUG] HttpConnection@3e7171e5::SocketChannelEndPoint@3d491fad{l=/127.0.0.1:35372,r=/127.0.0.1:60190,OPEN,fill=-,flush=-,to=1/30000}{io=0/0,kio=0,kro=1}->HttpConnection@3e7171e5[p=HttpParser{s=CONTENT,0 of -1},g=HttpGenerator@274dcaa5{s=START}]=>HttpChannelOverHttp@36eb5f45{s=HttpChannelState@23232c72{s=HANDLING rs=COMPLETING os=OPEN is=IDLE awp=false se=false i=false al=0},r=26,c=false/false,a=HANDLING,uri=//localhost:35372/RedirectServlet,age=0} parse HeapByteBuffer@2a66826a[p=0,l=0,c=8192,r=0]={<<<>>>GET /File...\x86&h\xA0{\xC1\xC2} {}
[DEBUG] parseNext s=CONTENT HeapByteBuffer@2a66826a[p=0,l=0,c=8192,r=0]={<<<>>>GET /File...\x86&h\xA0{\xC1\xC2}
[DEBUG] CONTENT --> CONTENT_END
[DEBUG] onContentComplete HttpChannelOverHttp@36eb5f45{s=HttpChannelState@23232c72{s=HANDLING rs=COMPLETING os=OPEN is=IDLE awp=false se=false i=false al=0},r=26,c=false/false,a=HANDLING,uri=//localhost:35372/RedirectServlet,age=1}
[DEBUG] CONTENT_END --> END
[DEBUG] onRequestComplete HttpChannelOverHttp@36eb5f45{s=HttpChannelState@23232c72{s=HANDLING rs=COMPLETING os=OPEN is=IDLE awp=false se=false i=false al=0},r=26,c=false/false,a=HANDLING,uri=//localhost:35372/RedirectServlet,age=1}
[DEBUG] HttpInputOverHTTP@376cf161[c=0,q=0,[0]=null,s=STREAM] addContent EOF
[DEBUG] HttpConnection@3e7171e5::SocketChannelEndPoint@3d491fad{l=/127.0.0.1:35372,r=/127.0.0.1:60190,OPEN,fill=-,flush=-,to=1/30000}{io=0/0,kio=0,kro=1}->HttpConnection@3e7171e5[p=HttpParser{s=END,0 of -1},g=HttpGenerator@274dcaa5{s=START}]=>HttpChannelOverHttp@36eb5f45{s=HttpChannelState@23232c72{s=HANDLING rs=COMPLETING os=OPEN is=IDLE awp=false se=false i=false al=0},r=26,c=false/false,a=HANDLING,uri=//localhost:35372/RedirectServlet,age=1} parsed false HttpParser{s=END,0 of -1}
[DEBUG] releaseRequestBuffer HttpConnection@3e7171e5::SocketChannelEndPoint@3d491fad{l=/127.0.0.1:35372,r=/127.0.0.1:60190,OPEN,fill=-,flush=-,to=1/30000}{io=0/0,kio=0,kro=1}->HttpConnection@3e7171e5[p=HttpParser{s=END,0 of -1},g=HttpGenerator@274dcaa5{s=START}]=>HttpChannelOverHttp@36eb5f45{s=HttpChannelState@23232c72{s=HANDLING rs=COMPLETING os=OPEN is=IDLE awp=false se=false i=false al=0},r=26,c=false/false,a=HANDLING,uri=//localhost:35372/RedirectServlet,age=1}
[DEBUG] complete(org.eclipse.jetty.util.Callback$3@50c98396) s=CLOSING,api=BLOCKED,sc=false,e=null s=false e=null, c=HeapByteBuffer@13dae45a[p=0,l=0,c=0,r=0]={<<<>>>}
[DEBUG] sendResponse info=null content=HeapByteBuffer@13dae45a[p=0,l=0,c=0,r=0]={<<<>>>} complete=true committing=true callback=org.eclipse.jetty.server.HttpOutput$WriteCompleteCB@6fac4d17
[DEBUG] COMMIT for /RedirectServlet on HttpChannelOverHttp@36eb5f45{s=HttpChannelState@23232c72{s=HANDLING rs=COMPLETING os=COMMITTED is=IDLE awp=false se=false i=false al=0},r=26,c=false/false,a=HANDLING,uri=//localhost:35372/RedirectServlet,age=1}
302 null HTTP/1.1
Date: Tue, 28 Sep 2021 06:03:32 GMT
Location: 


[DEBUG] generate: NEED_HEADER for SendCallback@410c6bef[PROCESSING][i=HTTP/1.1{s=302,h=2,cl=-1},cb=org.eclipse.jetty.server.HttpChannel$SendCallback@39ee1aa9] (null,[p=0,l=0,c=0,r=0],true)@START
[DEBUG] generateHeaders HTTP/1.1{s=302,h=2,cl=-1} last=true content=HeapByteBuffer@13dae45a[p=0,l=0,c=0,r=0]={<<<>>>}
[DEBUG] Date: Tue, 28 Sep 2021 06:03:32 GMT
Location: 


[DEBUG] CONTENT_LENGTH
[DEBUG] generate: FLUSH for SendCallback@410c6bef[PROCESSING][i=HTTP/1.1{s=302,h=2,cl=-1},cb=org.eclipse.jetty.server.HttpChannel$SendCallback@39ee1aa9] ([p=0,l=123,c=8192,r=123],[p=0,l=0,c=0,r=0],true)@COMPLETING
[DEBUG] write: WriteFlusher@2071150d{IDLE}->null [HeapByteBuffer@460916c[p=0,l=123,c=8192,r=123]={<<<HTTP/1.1 302 Found\r\nDate:...y(9.4.43.v20210629)\r\n\r\n>>>er: Jetty...\x00\x00\x00\x00\x00\x00\x00}]
[DEBUG] update WriteFlusher@2071150d{WRITING}->null:IDLE-->WRITING
[DEBUG] flushed 123 SocketChannelEndPoint@3d491fad{l=/127.0.0.1:35372,r=/127.0.0.1:60190,OPEN,fill=-,flush=W,to=7/30000}{io=0/0,kio=0,kro=1}->HttpConnection@3e7171e5[p=HttpParser{s=END,0 of -1},g=HttpGenerator@274dcaa5{s=COMPLETING}]=>HttpChannelOverHttp@36eb5f45{s=HttpChannelState@23232c72{s=HANDLING rs=COMPLETING os=COMMITTED is=IDLE awp=false se=false i=false al=0},r=26,c=false/false,a=HANDLING,uri=//localhost:35372/RedirectServlet,age=7}
[DEBUG] Flushed=true written=123 remaining=0 WriteFlusher@2071150d{WRITING}->null
[DEBUG] update WriteFlusher@2071150d{IDLE}->null:WRITING-->IDLE
[DEBUG] generate: DONE for SendCallback@410c6bef[PROCESSING][i=HTTP/1.1{s=302,h=2,cl=-1},cb=org.eclipse.jetty.server.HttpChannel$SendCallback@39ee1aa9] ([p=123,l=123,c=8192,r=0],[p=0,l=0,c=0,r=0],true)@END
[DEBUG] onWriteComplete(true,null) s=CLOSING,api=BLOCKED,sc=false,e=null->s=CLOSED,api=BLOCKING,sc=false,e=null c=null cb=org.eclipse.jetty.util.Callback$3@50c98396 w=false
[DEBUG] completed HttpChannelState@23232c72{s=HANDLING rs=COMPLETING os=COMPLETED is=IDLE awp=false se=false i=false al=0}
[DEBUG] unhandle HttpChannelState@23232c72{s=HANDLING rs=COMPLETED os=COMPLETED is=IDLE awp=false se=false i=false al=0}
[DEBUG] nextAction(false) TERMINATED HttpChannelState@23232c72{s=IDLE rs=COMPLETED os=COMPLETED is=IDLE awp=false se=false i=false al=0}
[DEBUG] action TERMINATED HttpChannelOverHttp@36eb5f45{s=HttpChannelState@23232c72{s=IDLE rs=COMPLETED os=COMPLETED is=IDLE awp=false se=false i=false al=0},r=26,c=true/true,a=IDLE,uri=//localhost:35372/RedirectServlet,age=7}
[DEBUG] onCompleted for /RedirectServlet written=0
[DEBUG] recycle HttpChannelState@23232c72{s=IDLE rs=COMPLETED os=COMPLETED is=IDLE awp=false se=false i=false al=0}
[DEBUG] reset HttpParser{s=END,0 of -1}
[DEBUG] END --> START
[DEBUG] !handle TERMINATED HttpChannelOverHttp@36eb5f45{s=HttpChannelState@23232c72{s=IDLE rs=BLOCKING os=OPEN is=IDLE awp=false se=false i=true al=0},r=26,c=false/false,a=IDLE,uri=null,age=0}
[DEBUG] filled 294 HeapByteBuffer@1ef04a69[p=0,l=294,c=8192,r=294]={<<<GET /RedirectServlet HTTP...nection: keep-alive\r\n\r\n>>>g, *; q=....\x00\x00\x00\x00\x00\x00\x00}
[DEBUG] HttpConnection@3e7171e5::SocketChannelEndPoint@3d491fad{l=/127.0.0.1:35372,r=/127.0.0.1:60190,OPEN,fill=-,flush=-,to=0/30000}{io=0/0,kio=0,kro=1}->HttpConnection@3e7171e5[p=HttpParser{s=START,0 of -1},g=HttpGenerator@274dcaa5{s=START}]=>HttpChannelOverHttp@36eb5f45{s=HttpChannelState@23232c72{s=IDLE rs=BLOCKING os=OPEN is=IDLE awp=false se=false i=true al=0},r=26,c=false/false,a=IDLE,uri=null,age=0} filled 294 HeapByteBuffer@1ef04a69[p=0,l=294,c=8192,r=294]={<<<GET /RedirectServlet HTTP...nection: keep-alive\r\n\r\n>>>g, *; q=....\x00\x00\x00\x00\x00\x00\x00}
[DEBUG] HttpConnection@3e7171e5::SocketChannelEndPoint@3d491fad{l=/127.0.0.1:35372,r=/127.0.0.1:60190,OPEN,fill=-,flush=-,to=0/30000}{io=0/0,kio=0,kro=1}->HttpConnection@3e7171e5[p=HttpParser{s=START,0 of -1},g=HttpGenerator@274dcaa5{s=START}]=>HttpChannelOverHttp@36eb5f45{s=HttpChannelState@23232c72{s=IDLE rs=BLOCKING os=OPEN is=IDLE awp=false se=false i=true al=0},r=26,c=false/false,a=IDLE,uri=null,age=0} parse HeapByteBuffer@1ef04a69[p=0,l=294,c=8192,r=294]={<<<GET /RedirectServlet HTTP...nection: keep-alive\r\n\r\n>>>g, *; q=....\x00\x00\x00\x00\x00\x00\x00} {}
[DEBUG] parseNext s=START HeapByteBuffer@1ef04a69[p=0,l=294,c=8192,r=294]={<<<GET /RedirectServlet HTTP...nection: keep-alive\r\n\r\n>>>g, *; q=....\x00\x00\x00\x00\x00\x00\x00}
[DEBUG] START --> SPACE1
[DEBUG] SPACE1 --> URI
[DEBUG] URI --> SPACE2
[DEBUG] SPACE2 --> REQUEST_VERSION
[DEBUG] REQUEST_VERSION --> HEADER
[DEBUG] HEADER:Accept-Encoding: gzip --> IN_VALUE
[DEBUG] HEADER:Accept-Encoding: gzip --> FIELD
[DEBUG] HEADER:User-Agent: Mozilla/5.0 (Windows NT 10.0; Win64; x64) AppleWebKit/537.36 (KHTML, like Gecko) Chrome/79.0.3945.130 Safari/537.36 --> IN_VALUE
[DEBUG] HEADER:User-Agent: Mozilla/5.0 (Windows NT 10.0; Win64; x64) AppleWebKit/537.36 (KHTML, like Gecko) Chrome/79.0.3945.130 Safari/537.36 --> FIELD
[DEBUG] HEADER:Host: localhost:35372 --> IN_VALUE
[DEBUG] HEADER:Host: localhost:35372 --> FIELD
[DEBUG] HEADER:Accept: text/html, image/gif, image/jpeg, *; q=.2, */*; q=.2 --> IN_VALUE
[DEBUG] HEADER:Accept: text/html, image/gif, image/jpeg, *; q=.2, */*; q=.2 --> FIELD
[DEBUG] HEADER:Connection: keep-alive --> IN_VALUE
[DEBUG] HEADER:Connection: keep-alive --> FIELD
[DEBUG] HEADER --> CONTENT
[DEBUG] REQUEST for //localhost:35372/RedirectServlet on HttpChannelOverHttp@36eb5f45{s=HttpChannelState@23232c72{s=IDLE rs=BLOCKING os=OPEN is=IDLE awp=false se=false i=true al=0},r=27,c=false/false,a=IDLE,uri=//localhost:35372/RedirectServlet,age=0}
GET //localhost:35372/RedirectServlet HTTP/1.1
Accept-Encoding: gzip
User-Agent: Mozilla/5.0 (Windows NT 10.0; Win64; x64) AppleWebKit/537.36 (KHTML, like Gecko) Chrome/79.0.3945.130 Safari/537.36
Host: localhost:35372
Accept: text/html, image/gif, image/jpeg, *; q=.2, */*; q=.2
Connection: keep-alive


[DEBUG] HttpConnection@3e7171e5::SocketChannelEndPoint@3d491fad{l=/127.0.0.1:35372,r=/127.0.0.1:60190,OPEN,fill=-,flush=-,to=12/30000}{io=0/0,kio=0,kro=1}->HttpConnection@3e7171e5[p=HttpParser{s=CONTENT,0 of -1},g=HttpGenerator@274dcaa5{s=START}]=>HttpChannelOverHttp@36eb5f45{s=HttpChannelState@23232c72{s=IDLE rs=BLOCKING os=OPEN is=IDLE awp=false se=false i=true al=0},r=27,c=false/false,a=IDLE,uri=//localhost:35372/RedirectServlet,age=1} parsed true HttpParser{s=CONTENT,0 of -1}
[DEBUG] releaseRequestBuffer HttpConnection@3e7171e5::SocketChannelEndPoint@3d491fad{l=/127.0.0.1:35372,r=/127.0.0.1:60190,OPEN,fill=-,flush=-,to=12/30000}{io=0/0,kio=0,kro=1}->HttpConnection@3e7171e5[p=HttpParser{s=CONTENT,0 of -1},g=HttpGenerator@274dcaa5{s=START}]=>HttpChannelOverHttp@36eb5f45{s=HttpChannelState@23232c72{s=IDLE rs=BLOCKING os=OPEN is=IDLE awp=false se=false i=true al=0},r=27,c=false/false,a=IDLE,uri=//localhost:35372/RedirectServlet,age=1}
[DEBUG] handle //localhost:35372/RedirectServlet HttpChannelOverHttp@36eb5f45{s=HttpChannelState@23232c72{s=IDLE rs=BLOCKING os=OPEN is=IDLE awp=false se=false i=true al=0},r=27,c=false/false,a=IDLE,uri=//localhost:35372/RedirectServlet,age=1} 
[DEBUG] handling HttpChannelState@23232c72{s=IDLE rs=BLOCKING os=OPEN is=IDLE awp=false se=false i=true al=0}
[DEBUG] action DISPATCH HttpChannelOverHttp@36eb5f45{s=HttpChannelState@23232c72{s=HANDLING rs=BLOCKING os=OPEN is=IDLE awp=false se=false i=true al=0},r=27,c=false/false,a=HANDLING,uri=//localhost:35372/RedirectServlet,age=1}
[DEBUG] REQUEST GET /RedirectServlet on HttpChannelOverHttp@36eb5f45{s=HttpChannelState@23232c72{s=HANDLING rs=BLOCKING os=OPEN is=IDLE awp=false se=false i=true al=0},r=27,c=false/false,a=HANDLING,uri=//localhost:35372/RedirectServlet,age=1}
[DEBUG] servlet null|/RedirectServlet|null -> org.jsoup.integration.servlets.RedirectServlet-77bb0ab5==org.jsoup.integration.servlets.RedirectServlet@f84cd177{jsp=null,order=-1,inst=true,async=true,src=EMBEDDED:null,STARTED}
[DEBUG] chain=null
[DEBUG] handled=true async=false committed=false on HttpChannelOverHttp@36eb5f45{s=HttpChannelState@23232c72{s=HANDLING rs=BLOCKING os=OPEN is=IDLE awp=false se=false i=true al=0},r=27,c=false/false,a=HANDLING,uri=//localhost:35372/RedirectServlet,age=1}
[DEBUG] unhandle HttpChannelState@23232c72{s=HANDLING rs=BLOCKING os=OPEN is=IDLE awp=false se=false i=true al=0}
[DEBUG] nextAction(false) COMPLETE HttpChannelState@23232c72{s=HANDLING rs=COMPLETING os=OPEN is=IDLE awp=false se=false i=false al=0}
[DEBUG] action COMPLETE HttpChannelOverHttp@36eb5f45{s=HttpChannelState@23232c72{s=HANDLING rs=COMPLETING os=OPEN is=IDLE awp=false se=false i=false al=0},r=27,c=false/false,a=HANDLING,uri=//localhost:35372/RedirectServlet,age=1}
[DEBUG] filled 0 HeapByteBuffer@2a66826a[p=0,l=0,c=8192,r=0]={<<<>>>GET /File...\x86&h\xA0{\xC1\xC2}
[DEBUG] filled 0 HeapByteBuffer@2a66826a[p=0,l=0,c=8192,r=0]={<<<>>>GET /File...\x86&h\xA0{\xC1\xC2}
[DEBUG] HttpConnection@3e7171e5::SocketChannelEndPoint@3d491fad{l=/127.0.0.1:35372,r=/127.0.0.1:60190,OPEN,fill=-,flush=-,to=13/30000}{io=0/0,kio=0,kro=1}->HttpConnection@3e7171e5[p=HttpParser{s=CONTENT,0 of -1},g=HttpGenerator@274dcaa5{s=START}]=>HttpChannelOverHttp@36eb5f45{s=HttpChannelState@23232c72{s=HANDLING rs=COMPLETING os=OPEN is=IDLE awp=false se=false i=false al=0},r=27,c=false/false,a=HANDLING,uri=//localhost:35372/RedirectServlet,age=1} filled 0 HeapByteBuffer@2a66826a[p=0,l=0,c=8192,r=0]={<<<>>>GET /File...\x86&h\xA0{\xC1\xC2}
[DEBUG] HttpConnection@3e7171e5::SocketChannelEndPoint@3d491fad{l=/127.0.0.1:35372,r=/127.0.0.1:60190,OPEN,fill=-,flush=-,to=13/30000}{io=0/0,kio=0,kro=1}->HttpConnection@3e7171e5[p=HttpParser{s=CONTENT,0 of -1},g=HttpGenerator@274dcaa5{s=START}]=>HttpChannelOverHttp@36eb5f45{s=HttpChannelState@23232c72{s=HANDLING rs=COMPLETING os=OPEN is=IDLE awp=false se=false i=false al=0},r=27,c=false/false,a=HANDLING,uri=//localhost:35372/RedirectServlet,age=1} parse HeapByteBuffer@2a66826a[p=0,l=0,c=8192,r=0]={<<<>>>GET /File...\x86&h\xA0{\xC1\xC2} {}
[DEBUG] parseNext s=CONTENT HeapByteBuffer@2a66826a[p=0,l=0,c=8192,r=0]={<<<>>>GET /File...\x86&h\xA0{\xC1\xC2}
[DEBUG] CONTENT --> CONTENT_END
[DEBUG] onContentComplete HttpChannelOverHttp@36eb5f45{s=HttpChannelState@23232c72{s=HANDLING rs=COMPLETING os=OPEN is=IDLE awp=false se=false i=false al=0},r=27,c=false/false,a=HANDLING,uri=//localhost:35372/RedirectServlet,age=2}
[DEBUG] CONTENT_END --> END
[DEBUG] onRequestComplete HttpChannelOverHttp@36eb5f45{s=HttpChannelState@23232c72{s=HANDLING rs=COMPLETING os=OPEN is=IDLE awp=false se=false i=false al=0},r=27,c=false/false,a=HANDLING,uri=//localhost:35372/RedirectServlet,age=2}
[DEBUG] HttpInputOverHTTP@376cf161[c=0,q=0,[0]=null,s=STREAM] addContent EOF
[DEBUG] HttpConnection@3e7171e5::SocketChannelEndPoint@3d491fad{l=/127.0.0.1:35372,r=/127.0.0.1:60190,OPEN,fill=-,flush=-,to=13/30000}{io=0/0,kio=0,kro=1}->HttpConnection@3e7171e5[p=HttpParser{s=END,0 of -1},g=HttpGenerator@274dcaa5{s=START}]=>HttpChannelOverHttp@36eb5f45{s=HttpChannelState@23232c72{s=HANDLING rs=COMPLETING os=OPEN is=IDLE awp=false se=false i=false al=0},r=27,c=false/false,a=HANDLING,uri=//localhost:35372/RedirectServlet,age=2} parsed false HttpParser{s=END,0 of -1}
[DEBUG] releaseRequestBuffer HttpConnection@3e7171e5::SocketChannelEndPoint@3d491fad{l=/127.0.0.1:35372,r=/127.0.0.1:60190,OPEN,fill=-,flush=-,to=13/30000}{io=0/0,kio=0,kro=1}->HttpConnection@3e7171e5[p=HttpParser{s=END,0 of -1},g=HttpGenerator@274dcaa5{s=START}]=>HttpChannelOverHttp@36eb5f45{s=HttpChannelState@23232c72{s=HANDLING rs=COMPLETING os=OPEN is=IDLE awp=false se=false i=false al=0},r=27,c=false/false,a=HANDLING,uri=//localhost:35372/RedirectServlet,age=2}
[DEBUG] complete(org.eclipse.jetty.util.Callback$3@3a399ac4) s=CLOSING,api=BLOCKED,sc=false,e=null s=false e=null, c=HeapByteBuffer@13dae45a[p=0,l=0,c=0,r=0]={<<<>>>}
[DEBUG] sendResponse info=null content=HeapByteBuffer@13dae45a[p=0,l=0,c=0,r=0]={<<<>>>} complete=true committing=true callback=org.eclipse.jetty.server.HttpOutput$WriteCompleteCB@26706b26
[DEBUG] COMMIT for /RedirectServlet on HttpChannelOverHttp@36eb5f45{s=HttpChannelState@23232c72{s=HANDLING rs=COMPLETING os=COMMITTED is=IDLE awp=false se=false i=false al=0},r=27,c=false/false,a=HANDLING,uri=//localhost:35372/RedirectServlet,age=2}
302 null HTTP/1.1
Date: Tue, 28 Sep 2021 06:03:32 GMT
Location: 


[DEBUG] generate: NEED_HEADER for SendCallback@410c6bef[PROCESSING][i=HTTP/1.1{s=302,h=2,cl=-1},cb=org.eclipse.jetty.server.HttpChannel$SendCallback@2b395e0a] (null,[p=0,l=0,c=0,r=0],true)@START
[DEBUG] generateHeaders HTTP/1.1{s=302,h=2,cl=-1} last=true content=HeapByteBuffer@13dae45a[p=0,l=0,c=0,r=0]={<<<>>>}
[DEBUG] Date: Tue, 28 Sep 2021 06:03:32 GMT
Location: 


[DEBUG] CONTENT_LENGTH
[DEBUG] generate: FLUSH for SendCallback@410c6bef[PROCESSING][i=HTTP/1.1{s=302,h=2,cl=-1},cb=org.eclipse.jetty.server.HttpChannel$SendCallback@2b395e0a] ([p=0,l=123,c=8192,r=123],[p=0,l=0,c=0,r=0],true)@COMPLETING
[DEBUG] write: WriteFlusher@2071150d{IDLE}->null [HeapByteBuffer@460916c[p=0,l=123,c=8192,r=123]={<<<HTTP/1.1 302 Found\r\nDate:...y(9.4.43.v20210629)\r\n\r\n>>>er: Jetty...\x00\x00\x00\x00\x00\x00\x00}]
[DEBUG] update WriteFlusher@2071150d{WRITING}->null:IDLE-->WRITING
[DEBUG] flushed 123 SocketChannelEndPoint@3d491fad{l=/127.0.0.1:35372,r=/127.0.0.1:60190,OPEN,fill=-,flush=W,to=19/30000}{io=0/0,kio=0,kro=1}->HttpConnection@3e7171e5[p=HttpParser{s=END,0 of -1},g=HttpGenerator@274dcaa5{s=COMPLETING}]=>HttpChannelOverHttp@36eb5f45{s=HttpChannelState@23232c72{s=HANDLING rs=COMPLETING os=COMMITTED is=IDLE awp=false se=false i=false al=0},r=27,c=false/false,a=HANDLING,uri=//localhost:35372/RedirectServlet,age=8}
[DEBUG] Flushed=true written=123 remaining=0 WriteFlusher@2071150d{WRITING}->null
[DEBUG] update WriteFlusher@2071150d{IDLE}->null:WRITING-->IDLE
[DEBUG] generate: DONE for SendCallback@410c6bef[PROCESSING][i=HTTP/1.1{s=302,h=2,cl=-1},cb=org.eclipse.jetty.server.HttpChannel$SendCallback@2b395e0a] ([p=123,l=123,c=8192,r=0],[p=0,l=0,c=0,r=0],true)@END
[DEBUG] onWriteComplete(true,null) s=CLOSING,api=BLOCKED,sc=false,e=null->s=CLOSED,api=BLOCKING,sc=false,e=null c=null cb=org.eclipse.jetty.util.Callback$3@3a399ac4 w=false
[DEBUG] completed HttpChannelState@23232c72{s=HANDLING rs=COMPLETING os=COMPLETED is=IDLE awp=false se=false i=false al=0}
[DEBUG] unhandle HttpChannelState@23232c72{s=HANDLING rs=COMPLETED os=COMPLETED is=IDLE awp=false se=false i=false al=0}
[DEBUG] nextAction(false) TERMINATED HttpChannelState@23232c72{s=IDLE rs=COMPLETED os=COMPLETED is=IDLE awp=false se=false i=false al=0}
[DEBUG] action TERMINATED HttpChannelOverHttp@36eb5f45{s=HttpChannelState@23232c72{s=IDLE rs=COMPLETED os=COMPLETED is=IDLE awp=false se=false i=false al=0},r=27,c=true/true,a=IDLE,uri=//localhost:35372/RedirectServlet,age=8}
[DEBUG] onCompleted for /RedirectServlet written=0
[DEBUG] recycle HttpChannelState@23232c72{s=IDLE rs=COMPLETED os=COMPLETED is=IDLE awp=false se=false i=false al=0}
[DEBUG] reset HttpParser{s=END,0 of -1}
[DEBUG] END --> START
[DEBUG] !handle TERMINATED HttpChannelOverHttp@36eb5f45{s=HttpChannelState@23232c72{s=IDLE rs=BLOCKING os=OPEN is=IDLE awp=false se=false i=true al=0},r=27,c=false/false,a=IDLE,uri=null,age=0}
[DEBUG] filled 294 HeapByteBuffer@1ef04a69[p=0,l=294,c=8192,r=294]={<<<GET /RedirectServlet HTTP...nection: keep-alive\r\n\r\n>>>g, *; q=....\x00\x00\x00\x00\x00\x00\x00}
[DEBUG] HttpConnection@3e7171e5::SocketChannelEndPoint@3d491fad{l=/127.0.0.1:35372,r=/127.0.0.1:60190,OPEN,fill=-,flush=-,to=0/30000}{io=0/0,kio=0,kro=1}->HttpConnection@3e7171e5[p=HttpParser{s=START,0 of -1},g=HttpGenerator@274dcaa5{s=START}]=>HttpChannelOverHttp@36eb5f45{s=HttpChannelState@23232c72{s=IDLE rs=BLOCKING os=OPEN is=IDLE awp=false se=false i=true al=0},r=27,c=false/false,a=IDLE,uri=null,age=0} filled 294 HeapByteBuffer@1ef04a69[p=0,l=294,c=8192,r=294]={<<<GET /RedirectServlet HTTP...nection: keep-alive\r\n\r\n>>>g, *; q=....\x00\x00\x00\x00\x00\x00\x00}
[DEBUG] HttpConnection@3e7171e5::SocketChannelEndPoint@3d491fad{l=/127.0.0.1:35372,r=/127.0.0.1:60190,OPEN,fill=-,flush=-,to=0/30000}{io=0/0,kio=0,kro=1}->HttpConnection@3e7171e5[p=HttpParser{s=START,0 of -1},g=HttpGenerator@274dcaa5{s=START}]=>HttpChannelOverHttp@36eb5f45{s=HttpChannelState@23232c72{s=IDLE rs=BLOCKING os=OPEN is=IDLE awp=false se=false i=true al=0},r=27,c=false/false,a=IDLE,uri=null,age=0} parse HeapByteBuffer@1ef04a69[p=0,l=294,c=8192,r=294]={<<<GET /RedirectServlet HTTP...nection: keep-alive\r\n\r\n>>>g, *; q=....\x00\x00\x00\x00\x00\x00\x00} {}
[DEBUG] parseNext s=START HeapByteBuffer@1ef04a69[p=0,l=294,c=8192,r=294]={<<<GET /RedirectServlet HTTP...nection: keep-alive\r\n\r\n>>>g, *; q=....\x00\x00\x00\x00\x00\x00\x00}
[DEBUG] START --> SPACE1
[DEBUG] SPACE1 --> URI
[DEBUG] URI --> SPACE2
[DEBUG] SPACE2 --> REQUEST_VERSION
[DEBUG] REQUEST_VERSION --> HEADER
[DEBUG] HEADER:Accept-Encoding: gzip --> IN_VALUE
[DEBUG] HEADER:Accept-Encoding: gzip --> FIELD
[DEBUG] HEADER:User-Agent: Mozilla/5.0 (Windows NT 10.0; Win64; x64) AppleWebKit/537.36 (KHTML, like Gecko) Chrome/79.0.3945.130 Safari/537.36 --> IN_VALUE
[DEBUG] HEADER:User-Agent: Mozilla/5.0 (Windows NT 10.0; Win64; x64) AppleWebKit/537.36 (KHTML, like Gecko) Chrome/79.0.3945.130 Safari/537.36 --> FIELD
[DEBUG] HEADER:Host: localhost:35372 --> IN_VALUE
[DEBUG] HEADER:Host: localhost:35372 --> FIELD
[DEBUG] HEADER:Accept: text/html, image/gif, image/jpeg, *; q=.2, */*; q=.2 --> IN_VALUE
[DEBUG] HEADER:Accept: text/html, image/gif, image/jpeg, *; q=.2, */*; q=.2 --> FIELD
[DEBUG] HEADER:Connection: keep-alive --> IN_VALUE
[DEBUG] HEADER:Connection: keep-alive --> FIELD
[DEBUG] HEADER --> CONTENT
[DEBUG] REQUEST for //localhost:35372/RedirectServlet on HttpChannelOverHttp@36eb5f45{s=HttpChannelState@23232c72{s=IDLE rs=BLOCKING os=OPEN is=IDLE awp=false se=false i=true al=0},r=28,c=false/false,a=IDLE,uri=//localhost:35372/RedirectServlet,age=0}
GET //localhost:35372/RedirectServlet HTTP/1.1
Accept-Encoding: gzip
User-Agent: Mozilla/5.0 (Windows NT 10.0; Win64; x64) AppleWebKit/537.36 (KHTML, like Gecko) Chrome/79.0.3945.130 Safari/537.36
Host: localhost:35372
Accept: text/html, image/gif, image/jpeg, *; q=.2, */*; q=.2
Connection: keep-alive


[DEBUG] HttpConnection@3e7171e5::SocketChannelEndPoint@3d491fad{l=/127.0.0.1:35372,r=/127.0.0.1:60190,OPEN,fill=-,flush=-,to=0/30000}{io=0/0,kio=0,kro=1}->HttpConnection@3e7171e5[p=HttpParser{s=CONTENT,0 of -1},g=HttpGenerator@274dcaa5{s=START}]=>HttpChannelOverHttp@36eb5f45{s=HttpChannelState@23232c72{s=IDLE rs=BLOCKING os=OPEN is=IDLE awp=false se=false i=true al=0},r=28,c=false/false,a=IDLE,uri=//localhost:35372/RedirectServlet,age=1} parsed true HttpParser{s=CONTENT,0 of -1}
[DEBUG] releaseRequestBuffer HttpConnection@3e7171e5::SocketChannelEndPoint@3d491fad{l=/127.0.0.1:35372,r=/127.0.0.1:60190,OPEN,fill=-,flush=-,to=0/30000}{io=0/0,kio=0,kro=1}->HttpConnection@3e7171e5[p=HttpParser{s=CONTENT,0 of -1},g=HttpGenerator@274dcaa5{s=START}]=>HttpChannelOverHttp@36eb5f45{s=HttpChannelState@23232c72{s=IDLE rs=BLOCKING os=OPEN is=IDLE awp=false se=false i=true al=0},r=28,c=false/false,a=IDLE,uri=//localhost:35372/RedirectServlet,age=1}
[DEBUG] handle //localhost:35372/RedirectServlet HttpChannelOverHttp@36eb5f45{s=HttpChannelState@23232c72{s=IDLE rs=BLOCKING os=OPEN is=IDLE awp=false se=false i=true al=0},r=28,c=false/false,a=IDLE,uri=//localhost:35372/RedirectServlet,age=1} 
[DEBUG] handling HttpChannelState@23232c72{s=IDLE rs=BLOCKING os=OPEN is=IDLE awp=false se=false i=true al=0}
[DEBUG] action DISPATCH HttpChannelOverHttp@36eb5f45{s=HttpChannelState@23232c72{s=HANDLING rs=BLOCKING os=OPEN is=IDLE awp=false se=false i=true al=0},r=28,c=false/false,a=HANDLING,uri=//localhost:35372/RedirectServlet,age=1}
[DEBUG] REQUEST GET /RedirectServlet on HttpChannelOverHttp@36eb5f45{s=HttpChannelState@23232c72{s=HANDLING rs=BLOCKING os=OPEN is=IDLE awp=false se=false i=true al=0},r=28,c=false/false,a=HANDLING,uri=//localhost:35372/RedirectServlet,age=1}
[DEBUG] servlet null|/RedirectServlet|null -> org.jsoup.integration.servlets.RedirectServlet-77bb0ab5==org.jsoup.integration.servlets.RedirectServlet@f84cd177{jsp=null,order=-1,inst=true,async=true,src=EMBEDDED:null,STARTED}
[DEBUG] chain=null
[DEBUG] handled=true async=false committed=false on HttpChannelOverHttp@36eb5f45{s=HttpChannelState@23232c72{s=HANDLING rs=BLOCKING os=OPEN is=IDLE awp=false se=false i=true al=0},r=28,c=false/false,a=HANDLING,uri=//localhost:35372/RedirectServlet,age=1}
[DEBUG] unhandle HttpChannelState@23232c72{s=HANDLING rs=BLOCKING os=OPEN is=IDLE awp=false se=false i=true al=0}
[DEBUG] nextAction(false) COMPLETE HttpChannelState@23232c72{s=HANDLING rs=COMPLETING os=OPEN is=IDLE awp=false se=false i=false al=0}
[DEBUG] action COMPLETE HttpChannelOverHttp@36eb5f45{s=HttpChannelState@23232c72{s=HANDLING rs=COMPLETING os=OPEN is=IDLE awp=false se=false i=false al=0},r=28,c=false/false,a=HANDLING,uri=//localhost:35372/RedirectServlet,age=1}
[DEBUG] filled 0 HeapByteBuffer@2a66826a[p=0,l=0,c=8192,r=0]={<<<>>>GET /File...\x86&h\xA0{\xC1\xC2}
[DEBUG] filled 0 HeapByteBuffer@2a66826a[p=0,l=0,c=8192,r=0]={<<<>>>GET /File...\x86&h\xA0{\xC1\xC2}
[DEBUG] HttpConnection@3e7171e5::SocketChannelEndPoint@3d491fad{l=/127.0.0.1:35372,r=/127.0.0.1:60190,OPEN,fill=-,flush=-,to=1/30000}{io=0/0,kio=0,kro=1}->HttpConnection@3e7171e5[p=HttpParser{s=CONTENT,0 of -1},g=HttpGenerator@274dcaa5{s=START}]=>HttpChannelOverHttp@36eb5f45{s=HttpChannelState@23232c72{s=HANDLING rs=COMPLETING os=OPEN is=IDLE awp=false se=false i=false al=0},r=28,c=false/false,a=HANDLING,uri=//localhost:35372/RedirectServlet,age=1} filled 0 HeapByteBuffer@2a66826a[p=0,l=0,c=8192,r=0]={<<<>>>GET /File...\x86&h\xA0{\xC1\xC2}
[DEBUG] HttpConnection@3e7171e5::SocketChannelEndPoint@3d491fad{l=/127.0.0.1:35372,r=/127.0.0.1:60190,OPEN,fill=-,flush=-,to=1/30000}{io=0/0,kio=0,kro=1}->HttpConnection@3e7171e5[p=HttpParser{s=CONTENT,0 of -1},g=HttpGenerator@274dcaa5{s=START}]=>HttpChannelOverHttp@36eb5f45{s=HttpChannelState@23232c72{s=HANDLING rs=COMPLETING os=OPEN is=IDLE awp=false se=false i=false al=0},r=28,c=false/false,a=HANDLING,uri=//localhost:35372/RedirectServlet,age=1} parse HeapByteBuffer@2a66826a[p=0,l=0,c=8192,r=0]={<<<>>>GET /File...\x86&h\xA0{\xC1\xC2} {}
[DEBUG] parseNext s=CONTENT HeapByteBuffer@2a66826a[p=0,l=0,c=8192,r=0]={<<<>>>GET /File...\x86&h\xA0{\xC1\xC2}
[DEBUG] CONTENT --> CONTENT_END
[DEBUG] onContentComplete HttpChannelOverHttp@36eb5f45{s=HttpChannelState@23232c72{s=HANDLING rs=COMPLETING os=OPEN is=IDLE awp=false se=false i=false al=0},r=28,c=false/false,a=HANDLING,uri=//localhost:35372/RedirectServlet,age=1}
[DEBUG] CONTENT_END --> END
[DEBUG] onRequestComplete HttpChannelOverHttp@36eb5f45{s=HttpChannelState@23232c72{s=HANDLING rs=COMPLETING os=OPEN is=IDLE awp=false se=false i=false al=0},r=28,c=false/false,a=HANDLING,uri=//localhost:35372/RedirectServlet,age=1}
[DEBUG] HttpInputOverHTTP@376cf161[c=0,q=0,[0]=null,s=STREAM] addContent EOF
[DEBUG] HttpConnection@3e7171e5::SocketChannelEndPoint@3d491fad{l=/127.0.0.1:35372,r=/127.0.0.1:60190,OPEN,fill=-,flush=-,to=1/30000}{io=0/0,kio=0,kro=1}->HttpConnection@3e7171e5[p=HttpParser{s=END,0 of -1},g=HttpGenerator@274dcaa5{s=START}]=>HttpChannelOverHttp@36eb5f45{s=HttpChannelState@23232c72{s=HANDLING rs=COMPLETING os=OPEN is=IDLE awp=false se=false i=false al=0},r=28,c=false/false,a=HANDLING,uri=//localhost:35372/RedirectServlet,age=2} parsed false HttpParser{s=END,0 of -1}
[DEBUG] releaseRequestBuffer HttpConnection@3e7171e5::SocketChannelEndPoint@3d491fad{l=/127.0.0.1:35372,r=/127.0.0.1:60190,OPEN,fill=-,flush=-,to=1/30000}{io=0/0,kio=0,kro=1}->HttpConnection@3e7171e5[p=HttpParser{s=END,0 of -1},g=HttpGenerator@274dcaa5{s=START}]=>HttpChannelOverHttp@36eb5f45{s=HttpChannelState@23232c72{s=HANDLING rs=COMPLETING os=OPEN is=IDLE awp=false se=false i=false al=0},r=28,c=false/false,a=HANDLING,uri=//localhost:35372/RedirectServlet,age=2}
[DEBUG] complete(org.eclipse.jetty.util.Callback$3@62cb2296) s=CLOSING,api=BLOCKED,sc=false,e=null s=false e=null, c=HeapByteBuffer@13dae45a[p=0,l=0,c=0,r=0]={<<<>>>}
[DEBUG] sendResponse info=null content=HeapByteBuffer@13dae45a[p=0,l=0,c=0,r=0]={<<<>>>} complete=true committing=true callback=org.eclipse.jetty.server.HttpOutput$WriteCompleteCB@14527bb1
[DEBUG] COMMIT for /RedirectServlet on HttpChannelOverHttp@36eb5f45{s=HttpChannelState@23232c72{s=HANDLING rs=COMPLETING os=COMMITTED is=IDLE awp=false se=false i=false al=0},r=28,c=false/false,a=HANDLING,uri=//localhost:35372/RedirectServlet,age=2}
302 null HTTP/1.1
Date: Tue, 28 Sep 2021 06:03:32 GMT
Location: 


[DEBUG] generate: NEED_HEADER for SendCallback@410c6bef[PROCESSING][i=HTTP/1.1{s=302,h=2,cl=-1},cb=org.eclipse.jetty.server.HttpChannel$SendCallback@31de0b46] (null,[p=0,l=0,c=0,r=0],true)@START
[DEBUG] generateHeaders HTTP/1.1{s=302,h=2,cl=-1} last=true content=HeapByteBuffer@13dae45a[p=0,l=0,c=0,r=0]={<<<>>>}
[DEBUG] Date: Tue, 28 Sep 2021 06:03:32 GMT
Location: 


[DEBUG] CONTENT_LENGTH
[DEBUG] generate: FLUSH for SendCallback@410c6bef[PROCESSING][i=HTTP/1.1{s=302,h=2,cl=-1},cb=org.eclipse.jetty.server.HttpChannel$SendCallback@31de0b46] ([p=0,l=123,c=8192,r=123],[p=0,l=0,c=0,r=0],true)@COMPLETING
[DEBUG] write: WriteFlusher@2071150d{IDLE}->null [HeapByteBuffer@460916c[p=0,l=123,c=8192,r=123]={<<<HTTP/1.1 302 Found\r\nDate:...y(9.4.43.v20210629)\r\n\r\n>>>er: Jetty...\x00\x00\x00\x00\x00\x00\x00}]
[DEBUG] update WriteFlusher@2071150d{WRITING}->null:IDLE-->WRITING
[DEBUG] flushed 123 SocketChannelEndPoint@3d491fad{l=/127.0.0.1:35372,r=/127.0.0.1:60190,OPEN,fill=-,flush=W,to=11/30000}{io=0/0,kio=0,kro=1}->HttpConnection@3e7171e5[p=HttpParser{s=END,0 of -1},g=HttpGenerator@274dcaa5{s=COMPLETING}]=>HttpChannelOverHttp@36eb5f45{s=HttpChannelState@23232c72{s=HANDLING rs=COMPLETING os=COMMITTED is=IDLE awp=false se=false i=false al=0},r=28,c=false/false,a=HANDLING,uri=//localhost:35372/RedirectServlet,age=12}
[DEBUG] Flushed=true written=123 remaining=0 WriteFlusher@2071150d{WRITING}->null
[DEBUG] update WriteFlusher@2071150d{IDLE}->null:WRITING-->IDLE
[DEBUG] generate: DONE for SendCallback@410c6bef[PROCESSING][i=HTTP/1.1{s=302,h=2,cl=-1},cb=org.eclipse.jetty.server.HttpChannel$SendCallback@31de0b46] ([p=123,l=123,c=8192,r=0],[p=0,l=0,c=0,r=0],true)@END
[DEBUG] onWriteComplete(true,null) s=CLOSING,api=BLOCKED,sc=false,e=null->s=CLOSED,api=BLOCKING,sc=false,e=null c=null cb=org.eclipse.jetty.util.Callback$3@62cb2296 w=false
[DEBUG] completed HttpChannelState@23232c72{s=HANDLING rs=COMPLETING os=COMPLETED is=IDLE awp=false se=false i=false al=0}
[DEBUG] unhandle HttpChannelState@23232c72{s=HANDLING rs=COMPLETED os=COMPLETED is=IDLE awp=false se=false i=false al=0}
[DEBUG] nextAction(false) TERMINATED HttpChannelState@23232c72{s=IDLE rs=COMPLETED os=COMPLETED is=IDLE awp=false se=false i=false al=0}
[DEBUG] action TERMINATED HttpChannelOverHttp@36eb5f45{s=HttpChannelState@23232c72{s=IDLE rs=COMPLETED os=COMPLETED is=IDLE awp=false se=false i=false al=0},r=28,c=true/true,a=IDLE,uri=//localhost:35372/RedirectServlet,age=12}
[DEBUG] onCompleted for /RedirectServlet written=0
[DEBUG] recycle HttpChannelState@23232c72{s=IDLE rs=COMPLETED os=COMPLETED is=IDLE awp=false se=false i=false al=0}
[DEBUG] reset HttpParser{s=END,0 of -1}
[DEBUG] END --> START
[DEBUG] !handle TERMINATED HttpChannelOverHttp@36eb5f45{s=HttpChannelState@23232c72{s=IDLE rs=BLOCKING os=OPEN is=IDLE awp=false se=false i=true al=0},r=28,c=false/false,a=IDLE,uri=null,age=0}
[DEBUG] filled 294 HeapByteBuffer@1ef04a69[p=0,l=294,c=8192,r=294]={<<<GET /RedirectServlet HTTP...nection: keep-alive\r\n\r\n>>>g, *; q=....\x00\x00\x00\x00\x00\x00\x00}
[DEBUG] HttpConnection@3e7171e5::SocketChannelEndPoint@3d491fad{l=/127.0.0.1:35372,r=/127.0.0.1:60190,OPEN,fill=-,flush=-,to=0/30000}{io=0/0,kio=0,kro=1}->HttpConnection@3e7171e5[p=HttpParser{s=START,0 of -1},g=HttpGenerator@274dcaa5{s=START}]=>HttpChannelOverHttp@36eb5f45{s=HttpChannelState@23232c72{s=IDLE rs=BLOCKING os=OPEN is=IDLE awp=false se=false i=true al=0},r=28,c=false/false,a=IDLE,uri=null,age=0} filled 294 HeapByteBuffer@1ef04a69[p=0,l=294,c=8192,r=294]={<<<GET /RedirectServlet HTTP...nection: keep-alive\r\n\r\n>>>g, *; q=....\x00\x00\x00\x00\x00\x00\x00}
[DEBUG] HttpConnection@3e7171e5::SocketChannelEndPoint@3d491fad{l=/127.0.0.1:35372,r=/127.0.0.1:60190,OPEN,fill=-,flush=-,to=0/30000}{io=0/0,kio=0,kro=1}->HttpConnection@3e7171e5[p=HttpParser{s=START,0 of -1},g=HttpGenerator@274dcaa5{s=START}]=>HttpChannelOverHttp@36eb5f45{s=HttpChannelState@23232c72{s=IDLE rs=BLOCKING os=OPEN is=IDLE awp=false se=false i=true al=0},r=28,c=false/false,a=IDLE,uri=null,age=0} parse HeapByteBuffer@1ef04a69[p=0,l=294,c=8192,r=294]={<<<GET /RedirectServlet HTTP...nection: keep-alive\r\n\r\n>>>g, *; q=....\x00\x00\x00\x00\x00\x00\x00} {}
[DEBUG] parseNext s=START HeapByteBuffer@1ef04a69[p=0,l=294,c=8192,r=294]={<<<GET /RedirectServlet HTTP...nection: keep-alive\r\n\r\n>>>g, *; q=....\x00\x00\x00\x00\x00\x00\x00}
[DEBUG] START --> SPACE1
[DEBUG] SPACE1 --> URI
[DEBUG] URI --> SPACE2
[DEBUG] SPACE2 --> REQUEST_VERSION
[DEBUG] REQUEST_VERSION --> HEADER
[DEBUG] HEADER:Accept-Encoding: gzip --> IN_VALUE
[DEBUG] HEADER:Accept-Encoding: gzip --> FIELD
[DEBUG] HEADER:User-Agent: Mozilla/5.0 (Windows NT 10.0; Win64; x64) AppleWebKit/537.36 (KHTML, like Gecko) Chrome/79.0.3945.130 Safari/537.36 --> IN_VALUE
[DEBUG] HEADER:User-Agent: Mozilla/5.0 (Windows NT 10.0; Win64; x64) AppleWebKit/537.36 (KHTML, like Gecko) Chrome/79.0.3945.130 Safari/537.36 --> FIELD
[DEBUG] HEADER:Host: localhost:35372 --> IN_VALUE
[DEBUG] HEADER:Host: localhost:35372 --> FIELD
[DEBUG] HEADER:Accept: text/html, image/gif, image/jpeg, *; q=.2, */*; q=.2 --> IN_VALUE
[DEBUG] HEADER:Accept: text/html, image/gif, image/jpeg, *; q=.2, */*; q=.2 --> FIELD
[DEBUG] HEADER:Connection: keep-alive --> IN_VALUE
[DEBUG] HEADER:Connection: keep-alive --> FIELD
[DEBUG] HEADER --> CONTENT
[DEBUG] REQUEST for //localhost:35372/RedirectServlet on HttpChannelOverHttp@36eb5f45{s=HttpChannelState@23232c72{s=IDLE rs=BLOCKING os=OPEN is=IDLE awp=false se=false i=true al=0},r=29,c=false/false,a=IDLE,uri=//localhost:35372/RedirectServlet,age=0}
GET //localhost:35372/RedirectServlet HTTP/1.1
Accept-Encoding: gzip
User-Agent: Mozilla/5.0 (Windows NT 10.0; Win64; x64) AppleWebKit/537.36 (KHTML, like Gecko) Chrome/79.0.3945.130 Safari/537.36
Host: localhost:35372
Accept: text/html, image/gif, image/jpeg, *; q=.2, */*; q=.2
Connection: keep-alive


[DEBUG] HttpConnection@3e7171e5::SocketChannelEndPoint@3d491fad{l=/127.0.0.1:35372,r=/127.0.0.1:60190,OPEN,fill=-,flush=-,to=0/30000}{io=0/0,kio=0,kro=1}->HttpConnection@3e7171e5[p=HttpParser{s=CONTENT,0 of -1},g=HttpGenerator@274dcaa5{s=START}]=>HttpChannelOverHttp@36eb5f45{s=HttpChannelState@23232c72{s=IDLE rs=BLOCKING os=OPEN is=IDLE awp=false se=false i=true al=0},r=29,c=false/false,a=IDLE,uri=//localhost:35372/RedirectServlet,age=0} parsed true HttpParser{s=CONTENT,0 of -1}
[DEBUG] releaseRequestBuffer HttpConnection@3e7171e5::SocketChannelEndPoint@3d491fad{l=/127.0.0.1:35372,r=/127.0.0.1:60190,OPEN,fill=-,flush=-,to=0/30000}{io=0/0,kio=0,kro=1}->HttpConnection@3e7171e5[p=HttpParser{s=CONTENT,0 of -1},g=HttpGenerator@274dcaa5{s=START}]=>HttpChannelOverHttp@36eb5f45{s=HttpChannelState@23232c72{s=IDLE rs=BLOCKING os=OPEN is=IDLE awp=false se=false i=true al=0},r=29,c=false/false,a=IDLE,uri=//localhost:35372/RedirectServlet,age=0}
[DEBUG] handle //localhost:35372/RedirectServlet HttpChannelOverHttp@36eb5f45{s=HttpChannelState@23232c72{s=IDLE rs=BLOCKING os=OPEN is=IDLE awp=false se=false i=true al=0},r=29,c=false/false,a=IDLE,uri=//localhost:35372/RedirectServlet,age=0} 
[DEBUG] handling HttpChannelState@23232c72{s=IDLE rs=BLOCKING os=OPEN is=IDLE awp=false se=false i=true al=0}
[DEBUG] action DISPATCH HttpChannelOverHttp@36eb5f45{s=HttpChannelState@23232c72{s=HANDLING rs=BLOCKING os=OPEN is=IDLE awp=false se=false i=true al=0},r=29,c=false/false,a=HANDLING,uri=//localhost:35372/RedirectServlet,age=0}
[DEBUG] REQUEST GET /RedirectServlet on HttpChannelOverHttp@36eb5f45{s=HttpChannelState@23232c72{s=HANDLING rs=BLOCKING os=OPEN is=IDLE awp=false se=false i=true al=0},r=29,c=false/false,a=HANDLING,uri=//localhost:35372/RedirectServlet,age=0}
[DEBUG] servlet null|/RedirectServlet|null -> org.jsoup.integration.servlets.RedirectServlet-77bb0ab5==org.jsoup.integration.servlets.RedirectServlet@f84cd177{jsp=null,order=-1,inst=true,async=true,src=EMBEDDED:null,STARTED}
[DEBUG] chain=null
[DEBUG] handled=true async=false committed=false on HttpChannelOverHttp@36eb5f45{s=HttpChannelState@23232c72{s=HANDLING rs=BLOCKING os=OPEN is=IDLE awp=false se=false i=true al=0},r=29,c=false/false,a=HANDLING,uri=//localhost:35372/RedirectServlet,age=0}
[DEBUG] unhandle HttpChannelState@23232c72{s=HANDLING rs=BLOCKING os=OPEN is=IDLE awp=false se=false i=true al=0}
[DEBUG] nextAction(false) COMPLETE HttpChannelState@23232c72{s=HANDLING rs=COMPLETING os=OPEN is=IDLE awp=false se=false i=false al=0}
[DEBUG] action COMPLETE HttpChannelOverHttp@36eb5f45{s=HttpChannelState@23232c72{s=HANDLING rs=COMPLETING os=OPEN is=IDLE awp=false se=false i=false al=0},r=29,c=false/false,a=HANDLING,uri=//localhost:35372/RedirectServlet,age=0}
[DEBUG] filled 0 HeapByteBuffer@2a66826a[p=0,l=0,c=8192,r=0]={<<<>>>GET /File...\x86&h\xA0{\xC1\xC2}
[DEBUG] filled 0 HeapByteBuffer@2a66826a[p=0,l=0,c=8192,r=0]={<<<>>>GET /File...\x86&h\xA0{\xC1\xC2}
[DEBUG] HttpConnection@3e7171e5::SocketChannelEndPoint@3d491fad{l=/127.0.0.1:35372,r=/127.0.0.1:60190,OPEN,fill=-,flush=-,to=1/30000}{io=0/0,kio=0,kro=1}->HttpConnection@3e7171e5[p=HttpParser{s=CONTENT,0 of -1},g=HttpGenerator@274dcaa5{s=START}]=>HttpChannelOverHttp@36eb5f45{s=HttpChannelState@23232c72{s=HANDLING rs=COMPLETING os=OPEN is=IDLE awp=false se=false i=false al=0},r=29,c=false/false,a=HANDLING,uri=//localhost:35372/RedirectServlet,age=0} filled 0 HeapByteBuffer@2a66826a[p=0,l=0,c=8192,r=0]={<<<>>>GET /File...\x86&h\xA0{\xC1\xC2}
[DEBUG] HttpConnection@3e7171e5::SocketChannelEndPoint@3d491fad{l=/127.0.0.1:35372,r=/127.0.0.1:60190,OPEN,fill=-,flush=-,to=1/30000}{io=0/0,kio=0,kro=1}->HttpConnection@3e7171e5[p=HttpParser{s=CONTENT,0 of -1},g=HttpGenerator@274dcaa5{s=START}]=>HttpChannelOverHttp@36eb5f45{s=HttpChannelState@23232c72{s=HANDLING rs=COMPLETING os=OPEN is=IDLE awp=false se=false i=false al=0},r=29,c=false/false,a=HANDLING,uri=//localhost:35372/RedirectServlet,age=0} parse HeapByteBuffer@2a66826a[p=0,l=0,c=8192,r=0]={<<<>>>GET /File...\x86&h\xA0{\xC1\xC2} {}
[DEBUG] parseNext s=CONTENT HeapByteBuffer@2a66826a[p=0,l=0,c=8192,r=0]={<<<>>>GET /File...\x86&h\xA0{\xC1\xC2}
[DEBUG] CONTENT --> CONTENT_END
[DEBUG] onContentComplete HttpChannelOverHttp@36eb5f45{s=HttpChannelState@23232c72{s=HANDLING rs=COMPLETING os=OPEN is=IDLE awp=false se=false i=false al=0},r=29,c=false/false,a=HANDLING,uri=//localhost:35372/RedirectServlet,age=1}
[DEBUG] CONTENT_END --> END
[DEBUG] onRequestComplete HttpChannelOverHttp@36eb5f45{s=HttpChannelState@23232c72{s=HANDLING rs=COMPLETING os=OPEN is=IDLE awp=false se=false i=false al=0},r=29,c=false/false,a=HANDLING,uri=//localhost:35372/RedirectServlet,age=1}
[DEBUG] HttpInputOverHTTP@376cf161[c=0,q=0,[0]=null,s=STREAM] addContent EOF
[DEBUG] HttpConnection@3e7171e5::SocketChannelEndPoint@3d491fad{l=/127.0.0.1:35372,r=/127.0.0.1:60190,OPEN,fill=-,flush=-,to=1/30000}{io=0/0,kio=0,kro=1}->HttpConnection@3e7171e5[p=HttpParser{s=END,0 of -1},g=HttpGenerator@274dcaa5{s=START}]=>HttpChannelOverHttp@36eb5f45{s=HttpChannelState@23232c72{s=HANDLING rs=COMPLETING os=OPEN is=IDLE awp=false se=false i=false al=0},r=29,c=false/false,a=HANDLING,uri=//localhost:35372/RedirectServlet,age=1} parsed false HttpParser{s=END,0 of -1}
[DEBUG] releaseRequestBuffer HttpConnection@3e7171e5::SocketChannelEndPoint@3d491fad{l=/127.0.0.1:35372,r=/127.0.0.1:60190,OPEN,fill=-,flush=-,to=1/30000}{io=0/0,kio=0,kro=1}->HttpConnection@3e7171e5[p=HttpParser{s=END,0 of -1},g=HttpGenerator@274dcaa5{s=START}]=>HttpChannelOverHttp@36eb5f45{s=HttpChannelState@23232c72{s=HANDLING rs=COMPLETING os=OPEN is=IDLE awp=false se=false i=false al=0},r=29,c=false/false,a=HANDLING,uri=//localhost:35372/RedirectServlet,age=1}
[DEBUG] complete(org.eclipse.jetty.util.Callback$3@5076da79) s=CLOSING,api=BLOCKED,sc=false,e=null s=false e=null, c=HeapByteBuffer@13dae45a[p=0,l=0,c=0,r=0]={<<<>>>}
[DEBUG] sendResponse info=null content=HeapByteBuffer@13dae45a[p=0,l=0,c=0,r=0]={<<<>>>} complete=true committing=true callback=org.eclipse.jetty.server.HttpOutput$WriteCompleteCB@6b928d73
[DEBUG] COMMIT for /RedirectServlet on HttpChannelOverHttp@36eb5f45{s=HttpChannelState@23232c72{s=HANDLING rs=COMPLETING os=COMMITTED is=IDLE awp=false se=false i=false al=0},r=29,c=false/false,a=HANDLING,uri=//localhost:35372/RedirectServlet,age=1}
302 null HTTP/1.1
Date: Tue, 28 Sep 2021 06:03:32 GMT
Location: 


[DEBUG] generate: NEED_HEADER for SendCallback@410c6bef[PROCESSING][i=HTTP/1.1{s=302,h=2,cl=-1},cb=org.eclipse.jetty.server.HttpChannel$SendCallback@6c9aec43] (null,[p=0,l=0,c=0,r=0],true)@START
[DEBUG] generateHeaders HTTP/1.1{s=302,h=2,cl=-1} last=true content=HeapByteBuffer@13dae45a[p=0,l=0,c=0,r=0]={<<<>>>}
[DEBUG] Date: Tue, 28 Sep 2021 06:03:32 GMT
Location: 


[DEBUG] CONTENT_LENGTH
[DEBUG] generate: FLUSH for SendCallback@410c6bef[PROCESSING][i=HTTP/1.1{s=302,h=2,cl=-1},cb=org.eclipse.jetty.server.HttpChannel$SendCallback@6c9aec43] ([p=0,l=123,c=8192,r=123],[p=0,l=0,c=0,r=0],true)@COMPLETING
[DEBUG] write: WriteFlusher@2071150d{IDLE}->null [HeapByteBuffer@460916c[p=0,l=123,c=8192,r=123]={<<<HTTP/1.1 302 Found\r\nDate:...y(9.4.43.v20210629)\r\n\r\n>>>er: Jetty...\x00\x00\x00\x00\x00\x00\x00}]
[DEBUG] update WriteFlusher@2071150d{WRITING}->null:IDLE-->WRITING
[DEBUG] flushed 123 SocketChannelEndPoint@3d491fad{l=/127.0.0.1:35372,r=/127.0.0.1:60190,OPEN,fill=-,flush=W,to=3/30000}{io=0/0,kio=0,kro=1}->HttpConnection@3e7171e5[p=HttpParser{s=END,0 of -1},g=HttpGenerator@274dcaa5{s=COMPLETING}]=>HttpChannelOverHttp@36eb5f45{s=HttpChannelState@23232c72{s=HANDLING rs=COMPLETING os=COMMITTED is=IDLE awp=false se=false i=false al=0},r=29,c=false/false,a=HANDLING,uri=//localhost:35372/RedirectServlet,age=3}
[DEBUG] Flushed=true written=123 remaining=0 WriteFlusher@2071150d{WRITING}->null
[DEBUG] update WriteFlusher@2071150d{IDLE}->null:WRITING-->IDLE
[DEBUG] generate: DONE for SendCallback@410c6bef[PROCESSING][i=HTTP/1.1{s=302,h=2,cl=-1},cb=org.eclipse.jetty.server.HttpChannel$SendCallback@6c9aec43] ([p=123,l=123,c=8192,r=0],[p=0,l=0,c=0,r=0],true)@END
[DEBUG] onWriteComplete(true,null) s=CLOSING,api=BLOCKED,sc=false,e=null->s=CLOSED,api=BLOCKING,sc=false,e=null c=null cb=org.eclipse.jetty.util.Callback$3@5076da79 w=false
[DEBUG] completed HttpChannelState@23232c72{s=HANDLING rs=COMPLETING os=COMPLETED is=IDLE awp=false se=false i=false al=0}
[DEBUG] unhandle HttpChannelState@23232c72{s=HANDLING rs=COMPLETED os=COMPLETED is=IDLE awp=false se=false i=false al=0}
[DEBUG] nextAction(false) TERMINATED HttpChannelState@23232c72{s=IDLE rs=COMPLETED os=COMPLETED is=IDLE awp=false se=false i=false al=0}
[DEBUG] action TERMINATED HttpChannelOverHttp@36eb5f45{s=HttpChannelState@23232c72{s=IDLE rs=COMPLETED os=COMPLETED is=IDLE awp=false se=false i=false al=0},r=29,c=true/true,a=IDLE,uri=//localhost:35372/RedirectServlet,age=3}
[DEBUG] onCompleted for /RedirectServlet written=0
[DEBUG] recycle HttpChannelState@23232c72{s=IDLE rs=COMPLETED os=COMPLETED is=IDLE awp=false se=false i=false al=0}
[DEBUG] reset HttpParser{s=END,0 of -1}
[DEBUG] END --> START
[DEBUG] !handle TERMINATED HttpChannelOverHttp@36eb5f45{s=HttpChannelState@23232c72{s=IDLE rs=BLOCKING os=OPEN is=IDLE awp=false se=false i=true al=0},r=29,c=false/false,a=IDLE,uri=null,age=0}
[DEBUG] filled 294 HeapByteBuffer@1ef04a69[p=0,l=294,c=8192,r=294]={<<<GET /RedirectServlet HTTP...nection: keep-alive\r\n\r\n>>>g, *; q=....\x00\x00\x00\x00\x00\x00\x00}
[DEBUG] HttpConnection@3e7171e5::SocketChannelEndPoint@3d491fad{l=/127.0.0.1:35372,r=/127.0.0.1:60190,OPEN,fill=-,flush=-,to=0/30000}{io=0/0,kio=0,kro=1}->HttpConnection@3e7171e5[p=HttpParser{s=START,0 of -1},g=HttpGenerator@274dcaa5{s=START}]=>HttpChannelOverHttp@36eb5f45{s=HttpChannelState@23232c72{s=IDLE rs=BLOCKING os=OPEN is=IDLE awp=false se=false i=true al=0},r=29,c=false/false,a=IDLE,uri=null,age=0} filled 294 HeapByteBuffer@1ef04a69[p=0,l=294,c=8192,r=294]={<<<GET /RedirectServlet HTTP...nection: keep-alive\r\n\r\n>>>g, *; q=....\x00\x00\x00\x00\x00\x00\x00}
[DEBUG] HttpConnection@3e7171e5::SocketChannelEndPoint@3d491fad{l=/127.0.0.1:35372,r=/127.0.0.1:60190,OPEN,fill=-,flush=-,to=0/30000}{io=0/0,kio=0,kro=1}->HttpConnection@3e7171e5[p=HttpParser{s=START,0 of -1},g=HttpGenerator@274dcaa5{s=START}]=>HttpChannelOverHttp@36eb5f45{s=HttpChannelState@23232c72{s=IDLE rs=BLOCKING os=OPEN is=IDLE awp=false se=false i=true al=0},r=29,c=false/false,a=IDLE,uri=null,age=0} parse HeapByteBuffer@1ef04a69[p=0,l=294,c=8192,r=294]={<<<GET /RedirectServlet HTTP...nection: keep-alive\r\n\r\n>>>g, *; q=....\x00\x00\x00\x00\x00\x00\x00} {}
[DEBUG] parseNext s=START HeapByteBuffer@1ef04a69[p=0,l=294,c=8192,r=294]={<<<GET /RedirectServlet HTTP...nection: keep-alive\r\n\r\n>>>g, *; q=....\x00\x00\x00\x00\x00\x00\x00}
[DEBUG] START --> SPACE1
[DEBUG] SPACE1 --> URI
[DEBUG] URI --> SPACE2
[DEBUG] SPACE2 --> REQUEST_VERSION
[DEBUG] REQUEST_VERSION --> HEADER
[DEBUG] HEADER:Accept-Encoding: gzip --> IN_VALUE
[DEBUG] HEADER:Accept-Encoding: gzip --> FIELD
[DEBUG] HEADER:User-Agent: Mozilla/5.0 (Windows NT 10.0; Win64; x64) AppleWebKit/537.36 (KHTML, like Gecko) Chrome/79.0.3945.130 Safari/537.36 --> IN_VALUE
[DEBUG] HEADER:User-Agent: Mozilla/5.0 (Windows NT 10.0; Win64; x64) AppleWebKit/537.36 (KHTML, like Gecko) Chrome/79.0.3945.130 Safari/537.36 --> FIELD
[DEBUG] HEADER:Host: localhost:35372 --> IN_VALUE
[DEBUG] HEADER:Host: localhost:35372 --> FIELD
[DEBUG] HEADER:Accept: text/html, image/gif, image/jpeg, *; q=.2, */*; q=.2 --> IN_VALUE
[DEBUG] HEADER:Accept: text/html, image/gif, image/jpeg, *; q=.2, */*; q=.2 --> FIELD
[DEBUG] HEADER:Connection: keep-alive --> IN_VALUE
[DEBUG] HEADER:Connection: keep-alive --> FIELD
[DEBUG] HEADER --> CONTENT
[DEBUG] REQUEST for //localhost:35372/RedirectServlet on HttpChannelOverHttp@36eb5f45{s=HttpChannelState@23232c72{s=IDLE rs=BLOCKING os=OPEN is=IDLE awp=false se=false i=true al=0},r=30,c=false/false,a=IDLE,uri=//localhost:35372/RedirectServlet,age=0}
GET //localhost:35372/RedirectServlet HTTP/1.1
Accept-Encoding: gzip
User-Agent: Mozilla/5.0 (Windows NT 10.0; Win64; x64) AppleWebKit/537.36 (KHTML, like Gecko) Chrome/79.0.3945.130 Safari/537.36
Host: localhost:35372
Accept: text/html, image/gif, image/jpeg, *; q=.2, */*; q=.2
Connection: keep-alive


[DEBUG] HttpConnection@3e7171e5::SocketChannelEndPoint@3d491fad{l=/127.0.0.1:35372,r=/127.0.0.1:60190,OPEN,fill=-,flush=-,to=0/30000}{io=0/0,kio=0,kro=1}->HttpConnection@3e7171e5[p=HttpParser{s=CONTENT,0 of -1},g=HttpGenerator@274dcaa5{s=START}]=>HttpChannelOverHttp@36eb5f45{s=HttpChannelState@23232c72{s=IDLE rs=BLOCKING os=OPEN is=IDLE awp=false se=false i=true al=0},r=30,c=false/false,a=IDLE,uri=//localhost:35372/RedirectServlet,age=0} parsed true HttpParser{s=CONTENT,0 of -1}
[DEBUG] releaseRequestBuffer HttpConnection@3e7171e5::SocketChannelEndPoint@3d491fad{l=/127.0.0.1:35372,r=/127.0.0.1:60190,OPEN,fill=-,flush=-,to=0/30000}{io=0/0,kio=0,kro=1}->HttpConnection@3e7171e5[p=HttpParser{s=CONTENT,0 of -1},g=HttpGenerator@274dcaa5{s=START}]=>HttpChannelOverHttp@36eb5f45{s=HttpChannelState@23232c72{s=IDLE rs=BLOCKING os=OPEN is=IDLE awp=false se=false i=true al=0},r=30,c=false/false,a=IDLE,uri=//localhost:35372/RedirectServlet,age=0}
[DEBUG] handle //localhost:35372/RedirectServlet HttpChannelOverHttp@36eb5f45{s=HttpChannelState@23232c72{s=IDLE rs=BLOCKING os=OPEN is=IDLE awp=false se=false i=true al=0},r=30,c=false/false,a=IDLE,uri=//localhost:35372/RedirectServlet,age=15} 
[DEBUG] handling HttpChannelState@23232c72{s=IDLE rs=BLOCKING os=OPEN is=IDLE awp=false se=false i=true al=0}
[DEBUG] action DISPATCH HttpChannelOverHttp@36eb5f45{s=HttpChannelState@23232c72{s=HANDLING rs=BLOCKING os=OPEN is=IDLE awp=false se=false i=true al=0},r=30,c=false/false,a=HANDLING,uri=//localhost:35372/RedirectServlet,age=16}
[DEBUG] REQUEST GET /RedirectServlet on HttpChannelOverHttp@36eb5f45{s=HttpChannelState@23232c72{s=HANDLING rs=BLOCKING os=OPEN is=IDLE awp=false se=false i=true al=0},r=30,c=false/false,a=HANDLING,uri=//localhost:35372/RedirectServlet,age=16}
[DEBUG] servlet null|/RedirectServlet|null -> org.jsoup.integration.servlets.RedirectServlet-77bb0ab5==org.jsoup.integration.servlets.RedirectServlet@f84cd177{jsp=null,order=-1,inst=true,async=true,src=EMBEDDED:null,STARTED}
[DEBUG] chain=null
[DEBUG] handled=true async=false committed=false on HttpChannelOverHttp@36eb5f45{s=HttpChannelState@23232c72{s=HANDLING rs=BLOCKING os=OPEN is=IDLE awp=false se=false i=true al=0},r=30,c=false/false,a=HANDLING,uri=//localhost:35372/RedirectServlet,age=16}
[DEBUG] unhandle HttpChannelState@23232c72{s=HANDLING rs=BLOCKING os=OPEN is=IDLE awp=false se=false i=true al=0}
[DEBUG] nextAction(false) COMPLETE HttpChannelState@23232c72{s=HANDLING rs=COMPLETING os=OPEN is=IDLE awp=false se=false i=false al=0}
[DEBUG] action COMPLETE HttpChannelOverHttp@36eb5f45{s=HttpChannelState@23232c72{s=HANDLING rs=COMPLETING os=OPEN is=IDLE awp=false se=false i=false al=0},r=30,c=false/false,a=HANDLING,uri=//localhost:35372/RedirectServlet,age=16}
[DEBUG] filled 0 HeapByteBuffer@2a66826a[p=0,l=0,c=8192,r=0]={<<<>>>GET /File...\x86&h\xA0{\xC1\xC2}
[DEBUG] filled 0 HeapByteBuffer@2a66826a[p=0,l=0,c=8192,r=0]={<<<>>>GET /File...\x86&h\xA0{\xC1\xC2}
[DEBUG] HttpConnection@3e7171e5::SocketChannelEndPoint@3d491fad{l=/127.0.0.1:35372,r=/127.0.0.1:60190,OPEN,fill=-,flush=-,to=16/30000}{io=0/0,kio=0,kro=1}->HttpConnection@3e7171e5[p=HttpParser{s=CONTENT,0 of -1},g=HttpGenerator@274dcaa5{s=START}]=>HttpChannelOverHttp@36eb5f45{s=HttpChannelState@23232c72{s=HANDLING rs=COMPLETING os=OPEN is=IDLE awp=false se=false i=false al=0},r=30,c=false/false,a=HANDLING,uri=//localhost:35372/RedirectServlet,age=16} filled 0 HeapByteBuffer@2a66826a[p=0,l=0,c=8192,r=0]={<<<>>>GET /File...\x86&h\xA0{\xC1\xC2}
[DEBUG] HttpConnection@3e7171e5::SocketChannelEndPoint@3d491fad{l=/127.0.0.1:35372,r=/127.0.0.1:60190,OPEN,fill=-,flush=-,to=16/30000}{io=0/0,kio=0,kro=1}->HttpConnection@3e7171e5[p=HttpParser{s=CONTENT,0 of -1},g=HttpGenerator@274dcaa5{s=START}]=>HttpChannelOverHttp@36eb5f45{s=HttpChannelState@23232c72{s=HANDLING rs=COMPLETING os=OPEN is=IDLE awp=false se=false i=false al=0},r=30,c=false/false,a=HANDLING,uri=//localhost:35372/RedirectServlet,age=16} parse HeapByteBuffer@2a66826a[p=0,l=0,c=8192,r=0]={<<<>>>GET /File...\x86&h\xA0{\xC1\xC2} {}
[DEBUG] parseNext s=CONTENT HeapByteBuffer@2a66826a[p=0,l=0,c=8192,r=0]={<<<>>>GET /File...\x86&h\xA0{\xC1\xC2}
[DEBUG] CONTENT --> CONTENT_END
[DEBUG] onContentComplete HttpChannelOverHttp@36eb5f45{s=HttpChannelState@23232c72{s=HANDLING rs=COMPLETING os=OPEN is=IDLE awp=false se=false i=false al=0},r=30,c=false/false,a=HANDLING,uri=//localhost:35372/RedirectServlet,age=16}
[DEBUG] CONTENT_END --> END
[DEBUG] onRequestComplete HttpChannelOverHttp@36eb5f45{s=HttpChannelState@23232c72{s=HANDLING rs=COMPLETING os=OPEN is=IDLE awp=false se=false i=false al=0},r=30,c=false/false,a=HANDLING,uri=//localhost:35372/RedirectServlet,age=16}
[DEBUG] HttpInputOverHTTP@376cf161[c=0,q=0,[0]=null,s=STREAM] addContent EOF
[DEBUG] HttpConnection@3e7171e5::SocketChannelEndPoint@3d491fad{l=/127.0.0.1:35372,r=/127.0.0.1:60190,OPEN,fill=-,flush=-,to=17/30000}{io=0/0,kio=0,kro=1}->HttpConnection@3e7171e5[p=HttpParser{s=END,0 of -1},g=HttpGenerator@274dcaa5{s=START}]=>HttpChannelOverHttp@36eb5f45{s=HttpChannelState@23232c72{s=HANDLING rs=COMPLETING os=OPEN is=IDLE awp=false se=false i=false al=0},r=30,c=false/false,a=HANDLING,uri=//localhost:35372/RedirectServlet,age=16} parsed false HttpParser{s=END,0 of -1}
[DEBUG] releaseRequestBuffer HttpConnection@3e7171e5::SocketChannelEndPoint@3d491fad{l=/127.0.0.1:35372,r=/127.0.0.1:60190,OPEN,fill=-,flush=-,to=17/30000}{io=0/0,kio=0,kro=1}->HttpConnection@3e7171e5[p=HttpParser{s=END,0 of -1},g=HttpGenerator@274dcaa5{s=START}]=>HttpChannelOverHttp@36eb5f45{s=HttpChannelState@23232c72{s=HANDLING rs=COMPLETING os=OPEN is=IDLE awp=false se=false i=false al=0},r=30,c=false/false,a=HANDLING,uri=//localhost:35372/RedirectServlet,age=16}
[DEBUG] complete(org.eclipse.jetty.util.Callback$3@2d5f5ead) s=CLOSING,api=BLOCKED,sc=false,e=null s=false e=null, c=HeapByteBuffer@13dae45a[p=0,l=0,c=0,r=0]={<<<>>>}
[DEBUG] sendResponse info=null content=HeapByteBuffer@13dae45a[p=0,l=0,c=0,r=0]={<<<>>>} complete=true committing=true callback=org.eclipse.jetty.server.HttpOutput$WriteCompleteCB@4b9cec6d
[DEBUG] COMMIT for /RedirectServlet on HttpChannelOverHttp@36eb5f45{s=HttpChannelState@23232c72{s=HANDLING rs=COMPLETING os=COMMITTED is=IDLE awp=false se=false i=false al=0},r=30,c=false/false,a=HANDLING,uri=//localhost:35372/RedirectServlet,age=17}
302 null HTTP/1.1
Date: Tue, 28 Sep 2021 06:03:32 GMT
Location: 


[DEBUG] generate: NEED_HEADER for SendCallback@410c6bef[PROCESSING][i=HTTP/1.1{s=302,h=2,cl=-1},cb=org.eclipse.jetty.server.HttpChannel$SendCallback@341a0978] (null,[p=0,l=0,c=0,r=0],true)@START
[DEBUG] generateHeaders HTTP/1.1{s=302,h=2,cl=-1} last=true content=HeapByteBuffer@13dae45a[p=0,l=0,c=0,r=0]={<<<>>>}
[DEBUG] Date: Tue, 28 Sep 2021 06:03:32 GMT
Location: 


[DEBUG] CONTENT_LENGTH
[DEBUG] generate: FLUSH for SendCallback@410c6bef[PROCESSING][i=HTTP/1.1{s=302,h=2,cl=-1},cb=org.eclipse.jetty.server.HttpChannel$SendCallback@341a0978] ([p=0,l=123,c=8192,r=123],[p=0,l=0,c=0,r=0],true)@COMPLETING
[DEBUG] write: WriteFlusher@2071150d{IDLE}->null [HeapByteBuffer@460916c[p=0,l=123,c=8192,r=123]={<<<HTTP/1.1 302 Found\r\nDate:...y(9.4.43.v20210629)\r\n\r\n>>>er: Jetty...\x00\x00\x00\x00\x00\x00\x00}]
[DEBUG] update WriteFlusher@2071150d{WRITING}->null:IDLE-->WRITING
[DEBUG] flushed 123 SocketChannelEndPoint@3d491fad{l=/127.0.0.1:35372,r=/127.0.0.1:60190,OPEN,fill=-,flush=W,to=23/30000}{io=0/0,kio=0,kro=1}->HttpConnection@3e7171e5[p=HttpParser{s=END,0 of -1},g=HttpGenerator@274dcaa5{s=COMPLETING}]=>HttpChannelOverHttp@36eb5f45{s=HttpChannelState@23232c72{s=HANDLING rs=COMPLETING os=COMMITTED is=IDLE awp=false se=false i=false al=0},r=30,c=false/false,a=HANDLING,uri=//localhost:35372/RedirectServlet,age=23}
[DEBUG] Flushed=true written=123 remaining=0 WriteFlusher@2071150d{WRITING}->null
[DEBUG] update WriteFlusher@2071150d{IDLE}->null:WRITING-->IDLE
[DEBUG] generate: DONE for SendCallback@410c6bef[PROCESSING][i=HTTP/1.1{s=302,h=2,cl=-1},cb=org.eclipse.jetty.server.HttpChannel$SendCallback@341a0978] ([p=123,l=123,c=8192,r=0],[p=0,l=0,c=0,r=0],true)@END
[DEBUG] onWriteComplete(true,null) s=CLOSING,api=BLOCKED,sc=false,e=null->s=CLOSED,api=BLOCKING,sc=false,e=null c=null cb=org.eclipse.jetty.util.Callback$3@2d5f5ead w=false
[DEBUG] completed HttpChannelState@23232c72{s=HANDLING rs=COMPLETING os=COMPLETED is=IDLE awp=false se=false i=false al=0}
[DEBUG] unhandle HttpChannelState@23232c72{s=HANDLING rs=COMPLETED os=COMPLETED is=IDLE awp=false se=false i=false al=0}
[DEBUG] nextAction(false) TERMINATED HttpChannelState@23232c72{s=IDLE rs=COMPLETED os=COMPLETED is=IDLE awp=false se=false i=false al=0}
[DEBUG] action TERMINATED HttpChannelOverHttp@36eb5f45{s=HttpChannelState@23232c72{s=IDLE rs=COMPLETED os=COMPLETED is=IDLE awp=false se=false i=false al=0},r=30,c=true/true,a=IDLE,uri=//localhost:35372/RedirectServlet,age=23}
[DEBUG] onCompleted for /RedirectServlet written=0
[DEBUG] recycle HttpChannelState@23232c72{s=IDLE rs=COMPLETED os=COMPLETED is=IDLE awp=false se=false i=false al=0}
[DEBUG] reset HttpParser{s=END,0 of -1}
[DEBUG] END --> START
[DEBUG] !handle TERMINATED HttpChannelOverHttp@36eb5f45{s=HttpChannelState@23232c72{s=IDLE rs=BLOCKING os=OPEN is=IDLE awp=false se=false i=true al=0},r=30,c=false/false,a=IDLE,uri=null,age=0}
[DEBUG] filled 294 HeapByteBuffer@1ef04a69[p=0,l=294,c=8192,r=294]={<<<GET /RedirectServlet HTTP...nection: keep-alive\r\n\r\n>>>g, *; q=....\x00\x00\x00\x00\x00\x00\x00}
[DEBUG] HttpConnection@3e7171e5::SocketChannelEndPoint@3d491fad{l=/127.0.0.1:35372,r=/127.0.0.1:60190,OPEN,fill=-,flush=-,to=0/30000}{io=0/0,kio=0,kro=1}->HttpConnection@3e7171e5[p=HttpParser{s=START,0 of -1},g=HttpGenerator@274dcaa5{s=START}]=>HttpChannelOverHttp@36eb5f45{s=HttpChannelState@23232c72{s=IDLE rs=BLOCKING os=OPEN is=IDLE awp=false se=false i=true al=0},r=30,c=false/false,a=IDLE,uri=null,age=0} filled 294 HeapByteBuffer@1ef04a69[p=0,l=294,c=8192,r=294]={<<<GET /RedirectServlet HTTP...nection: keep-alive\r\n\r\n>>>g, *; q=....\x00\x00\x00\x00\x00\x00\x00}
[DEBUG] HttpConnection@3e7171e5::SocketChannelEndPoint@3d491fad{l=/127.0.0.1:35372,r=/127.0.0.1:60190,OPEN,fill=-,flush=-,to=0/30000}{io=0/0,kio=0,kro=1}->HttpConnection@3e7171e5[p=HttpParser{s=START,0 of -1},g=HttpGenerator@274dcaa5{s=START}]=>HttpChannelOverHttp@36eb5f45{s=HttpChannelState@23232c72{s=IDLE rs=BLOCKING os=OPEN is=IDLE awp=false se=false i=true al=0},r=30,c=false/false,a=IDLE,uri=null,age=0} parse HeapByteBuffer@1ef04a69[p=0,l=294,c=8192,r=294]={<<<GET /RedirectServlet HTTP...nection: keep-alive\r\n\r\n>>>g, *; q=....\x00\x00\x00\x00\x00\x00\x00} {}
[DEBUG] parseNext s=START HeapByteBuffer@1ef04a69[p=0,l=294,c=8192,r=294]={<<<GET /RedirectServlet HTTP...nection: keep-alive\r\n\r\n>>>g, *; q=....\x00\x00\x00\x00\x00\x00\x00}
[DEBUG] START --> SPACE1
[DEBUG] SPACE1 --> URI
[DEBUG] URI --> SPACE2
[DEBUG] SPACE2 --> REQUEST_VERSION
[DEBUG] REQUEST_VERSION --> HEADER
[DEBUG] HEADER:Accept-Encoding: gzip --> IN_VALUE
[DEBUG] HEADER:Accept-Encoding: gzip --> FIELD
[DEBUG] HEADER:User-Agent: Mozilla/5.0 (Windows NT 10.0; Win64; x64) AppleWebKit/537.36 (KHTML, like Gecko) Chrome/79.0.3945.130 Safari/537.36 --> IN_VALUE
[DEBUG] HEADER:User-Agent: Mozilla/5.0 (Windows NT 10.0; Win64; x64) AppleWebKit/537.36 (KHTML, like Gecko) Chrome/79.0.3945.130 Safari/537.36 --> FIELD
[DEBUG] HEADER:Host: localhost:35372 --> IN_VALUE
[DEBUG] HEADER:Host: localhost:35372 --> FIELD
[DEBUG] HEADER:Accept: text/html, image/gif, image/jpeg, *; q=.2, */*; q=.2 --> IN_VALUE
[DEBUG] HEADER:Accept: text/html, image/gif, image/jpeg, *; q=.2, */*; q=.2 --> FIELD
[DEBUG] HEADER:Connection: keep-alive --> IN_VALUE
[DEBUG] HEADER:Connection: keep-alive --> FIELD
[DEBUG] HEADER --> CONTENT
[DEBUG] REQUEST for //localhost:35372/RedirectServlet on HttpChannelOverHttp@36eb5f45{s=HttpChannelState@23232c72{s=IDLE rs=BLOCKING os=OPEN is=IDLE awp=false se=false i=true al=0},r=31,c=false/false,a=IDLE,uri=//localhost:35372/RedirectServlet,age=0}
GET //localhost:35372/RedirectServlet HTTP/1.1
Accept-Encoding: gzip
User-Agent: Mozilla/5.0 (Windows NT 10.0; Win64; x64) AppleWebKit/537.36 (KHTML, like Gecko) Chrome/79.0.3945.130 Safari/537.36
Host: localhost:35372
Accept: text/html, image/gif, image/jpeg, *; q=.2, */*; q=.2
Connection: keep-alive


[DEBUG] HttpConnection@3e7171e5::SocketChannelEndPoint@3d491fad{l=/127.0.0.1:35372,r=/127.0.0.1:60190,OPEN,fill=-,flush=-,to=0/30000}{io=0/0,kio=0,kro=1}->HttpConnection@3e7171e5[p=HttpParser{s=CONTENT,0 of -1},g=HttpGenerator@274dcaa5{s=START}]=>HttpChannelOverHttp@36eb5f45{s=HttpChannelState@23232c72{s=IDLE rs=BLOCKING os=OPEN is=IDLE awp=false se=false i=true al=0},r=31,c=false/false,a=IDLE,uri=//localhost:35372/RedirectServlet,age=0} parsed true HttpParser{s=CONTENT,0 of -1}
[DEBUG] releaseRequestBuffer HttpConnection@3e7171e5::SocketChannelEndPoint@3d491fad{l=/127.0.0.1:35372,r=/127.0.0.1:60190,OPEN,fill=-,flush=-,to=0/30000}{io=0/0,kio=0,kro=1}->HttpConnection@3e7171e5[p=HttpParser{s=CONTENT,0 of -1},g=HttpGenerator@274dcaa5{s=START}]=>HttpChannelOverHttp@36eb5f45{s=HttpChannelState@23232c72{s=IDLE rs=BLOCKING os=OPEN is=IDLE awp=false se=false i=true al=0},r=31,c=false/false,a=IDLE,uri=//localhost:35372/RedirectServlet,age=0}
[DEBUG] handle //localhost:35372/RedirectServlet HttpChannelOverHttp@36eb5f45{s=HttpChannelState@23232c72{s=IDLE rs=BLOCKING os=OPEN is=IDLE awp=false se=false i=true al=0},r=31,c=false/false,a=IDLE,uri=//localhost:35372/RedirectServlet,age=0} 
[DEBUG] handling HttpChannelState@23232c72{s=IDLE rs=BLOCKING os=OPEN is=IDLE awp=false se=false i=true al=0}
[DEBUG] action DISPATCH HttpChannelOverHttp@36eb5f45{s=HttpChannelState@23232c72{s=HANDLING rs=BLOCKING os=OPEN is=IDLE awp=false se=false i=true al=0},r=31,c=false/false,a=HANDLING,uri=//localhost:35372/RedirectServlet,age=0}
[DEBUG] REQUEST GET /RedirectServlet on HttpChannelOverHttp@36eb5f45{s=HttpChannelState@23232c72{s=HANDLING rs=BLOCKING os=OPEN is=IDLE awp=false se=false i=true al=0},r=31,c=false/false,a=HANDLING,uri=//localhost:35372/RedirectServlet,age=0}
[DEBUG] servlet null|/RedirectServlet|null -> org.jsoup.integration.servlets.RedirectServlet-77bb0ab5==org.jsoup.integration.servlets.RedirectServlet@f84cd177{jsp=null,order=-1,inst=true,async=true,src=EMBEDDED:null,STARTED}
[DEBUG] chain=null
[DEBUG] handled=true async=false committed=false on HttpChannelOverHttp@36eb5f45{s=HttpChannelState@23232c72{s=HANDLING rs=BLOCKING os=OPEN is=IDLE awp=false se=false i=true al=0},r=31,c=false/false,a=HANDLING,uri=//localhost:35372/RedirectServlet,age=0}
[DEBUG] unhandle HttpChannelState@23232c72{s=HANDLING rs=BLOCKING os=OPEN is=IDLE awp=false se=false i=true al=0}
[DEBUG] nextAction(false) COMPLETE HttpChannelState@23232c72{s=HANDLING rs=COMPLETING os=OPEN is=IDLE awp=false se=false i=false al=0}
[DEBUG] action COMPLETE HttpChannelOverHttp@36eb5f45{s=HttpChannelState@23232c72{s=HANDLING rs=COMPLETING os=OPEN is=IDLE awp=false se=false i=false al=0},r=31,c=false/false,a=HANDLING,uri=//localhost:35372/RedirectServlet,age=0}
[DEBUG] filled 0 HeapByteBuffer@2a66826a[p=0,l=0,c=8192,r=0]={<<<>>>GET /File...\x86&h\xA0{\xC1\xC2}
[DEBUG] filled 0 HeapByteBuffer@2a66826a[p=0,l=0,c=8192,r=0]={<<<>>>GET /File...\x86&h\xA0{\xC1\xC2}
[DEBUG] HttpConnection@3e7171e5::SocketChannelEndPoint@3d491fad{l=/127.0.0.1:35372,r=/127.0.0.1:60190,OPEN,fill=-,flush=-,to=1/30000}{io=0/0,kio=0,kro=1}->HttpConnection@3e7171e5[p=HttpParser{s=CONTENT,0 of -1},g=HttpGenerator@274dcaa5{s=START}]=>HttpChannelOverHttp@36eb5f45{s=HttpChannelState@23232c72{s=HANDLING rs=COMPLETING os=OPEN is=IDLE awp=false se=false i=false al=0},r=31,c=false/false,a=HANDLING,uri=//localhost:35372/RedirectServlet,age=0} filled 0 HeapByteBuffer@2a66826a[p=0,l=0,c=8192,r=0]={<<<>>>GET /File...\x86&h\xA0{\xC1\xC2}
[DEBUG] HttpConnection@3e7171e5::SocketChannelEndPoint@3d491fad{l=/127.0.0.1:35372,r=/127.0.0.1:60190,OPEN,fill=-,flush=-,to=1/30000}{io=0/0,kio=0,kro=1}->HttpConnection@3e7171e5[p=HttpParser{s=CONTENT,0 of -1},g=HttpGenerator@274dcaa5{s=START}]=>HttpChannelOverHttp@36eb5f45{s=HttpChannelState@23232c72{s=HANDLING rs=COMPLETING os=OPEN is=IDLE awp=false se=false i=false al=0},r=31,c=false/false,a=HANDLING,uri=//localhost:35372/RedirectServlet,age=0} parse HeapByteBuffer@2a66826a[p=0,l=0,c=8192,r=0]={<<<>>>GET /File...\x86&h\xA0{\xC1\xC2} {}
[DEBUG] parseNext s=CONTENT HeapByteBuffer@2a66826a[p=0,l=0,c=8192,r=0]={<<<>>>GET /File...\x86&h\xA0{\xC1\xC2}
[DEBUG] CONTENT --> CONTENT_END
[DEBUG] onContentComplete HttpChannelOverHttp@36eb5f45{s=HttpChannelState@23232c72{s=HANDLING rs=COMPLETING os=OPEN is=IDLE awp=false se=false i=false al=0},r=31,c=false/false,a=HANDLING,uri=//localhost:35372/RedirectServlet,age=1}
[DEBUG] CONTENT_END --> END
[DEBUG] onRequestComplete HttpChannelOverHttp@36eb5f45{s=HttpChannelState@23232c72{s=HANDLING rs=COMPLETING os=OPEN is=IDLE awp=false se=false i=false al=0},r=31,c=false/false,a=HANDLING,uri=//localhost:35372/RedirectServlet,age=1}
[DEBUG] HttpInputOverHTTP@376cf161[c=0,q=0,[0]=null,s=STREAM] addContent EOF
[DEBUG] HttpConnection@3e7171e5::SocketChannelEndPoint@3d491fad{l=/127.0.0.1:35372,r=/127.0.0.1:60190,OPEN,fill=-,flush=-,to=1/30000}{io=0/0,kio=0,kro=1}->HttpConnection@3e7171e5[p=HttpParser{s=END,0 of -1},g=HttpGenerator@274dcaa5{s=START}]=>HttpChannelOverHttp@36eb5f45{s=HttpChannelState@23232c72{s=HANDLING rs=COMPLETING os=OPEN is=IDLE awp=false se=false i=false al=0},r=31,c=false/false,a=HANDLING,uri=//localhost:35372/RedirectServlet,age=1} parsed false HttpParser{s=END,0 of -1}
[DEBUG] releaseRequestBuffer HttpConnection@3e7171e5::SocketChannelEndPoint@3d491fad{l=/127.0.0.1:35372,r=/127.0.0.1:60190,OPEN,fill=-,flush=-,to=1/30000}{io=0/0,kio=0,kro=1}->HttpConnection@3e7171e5[p=HttpParser{s=END,0 of -1},g=HttpGenerator@274dcaa5{s=START}]=>HttpChannelOverHttp@36eb5f45{s=HttpChannelState@23232c72{s=HANDLING rs=COMPLETING os=OPEN is=IDLE awp=false se=false i=false al=0},r=31,c=false/false,a=HANDLING,uri=//localhost:35372/RedirectServlet,age=1}
[DEBUG] complete(org.eclipse.jetty.util.Callback$3@f59034c) s=CLOSING,api=BLOCKED,sc=false,e=null s=false e=null, c=HeapByteBuffer@13dae45a[p=0,l=0,c=0,r=0]={<<<>>>}
[DEBUG] sendResponse info=null content=HeapByteBuffer@13dae45a[p=0,l=0,c=0,r=0]={<<<>>>} complete=true committing=true callback=org.eclipse.jetty.server.HttpOutput$WriteCompleteCB@58248e3c
[DEBUG] COMMIT for /RedirectServlet on HttpChannelOverHttp@36eb5f45{s=HttpChannelState@23232c72{s=HANDLING rs=COMPLETING os=COMMITTED is=IDLE awp=false se=false i=false al=0},r=31,c=false/false,a=HANDLING,uri=//localhost:35372/RedirectServlet,age=1}
302 null HTTP/1.1
Date: Tue, 28 Sep 2021 06:03:32 GMT
Location: 


[DEBUG] generate: NEED_HEADER for SendCallback@410c6bef[PROCESSING][i=HTTP/1.1{s=302,h=2,cl=-1},cb=org.eclipse.jetty.server.HttpChannel$SendCallback@7477fed1] (null,[p=0,l=0,c=0,r=0],true)@START
[DEBUG] generateHeaders HTTP/1.1{s=302,h=2,cl=-1} last=true content=HeapByteBuffer@13dae45a[p=0,l=0,c=0,r=0]={<<<>>>}
[DEBUG] Date: Tue, 28 Sep 2021 06:03:32 GMT
Location: 


[DEBUG] CONTENT_LENGTH
[DEBUG] generate: FLUSH for SendCallback@410c6bef[PROCESSING][i=HTTP/1.1{s=302,h=2,cl=-1},cb=org.eclipse.jetty.server.HttpChannel$SendCallback@7477fed1] ([p=0,l=123,c=8192,r=123],[p=0,l=0,c=0,r=0],true)@COMPLETING
[DEBUG] write: WriteFlusher@2071150d{IDLE}->null [HeapByteBuffer@460916c[p=0,l=123,c=8192,r=123]={<<<HTTP/1.1 302 Found\r\nDate:...y(9.4.43.v20210629)\r\n\r\n>>>er: Jetty...\x00\x00\x00\x00\x00\x00\x00}]
[DEBUG] update WriteFlusher@2071150d{WRITING}->null:IDLE-->WRITING
[DEBUG] flushed 123 SocketChannelEndPoint@3d491fad{l=/127.0.0.1:35372,r=/127.0.0.1:60190,OPEN,fill=-,flush=W,to=7/30000}{io=0/0,kio=0,kro=1}->HttpConnection@3e7171e5[p=HttpParser{s=END,0 of -1},g=HttpGenerator@274dcaa5{s=COMPLETING}]=>HttpChannelOverHttp@36eb5f45{s=HttpChannelState@23232c72{s=HANDLING rs=COMPLETING os=COMMITTED is=IDLE awp=false se=false i=false al=0},r=31,c=false/false,a=HANDLING,uri=//localhost:35372/RedirectServlet,age=7}
[DEBUG] Flushed=true written=123 remaining=0 WriteFlusher@2071150d{WRITING}->null
[DEBUG] update WriteFlusher@2071150d{IDLE}->null:WRITING-->IDLE
[DEBUG] generate: DONE for SendCallback@410c6bef[PROCESSING][i=HTTP/1.1{s=302,h=2,cl=-1},cb=org.eclipse.jetty.server.HttpChannel$SendCallback@7477fed1] ([p=123,l=123,c=8192,r=0],[p=0,l=0,c=0,r=0],true)@END
[DEBUG] onWriteComplete(true,null) s=CLOSING,api=BLOCKED,sc=false,e=null->s=CLOSED,api=BLOCKING,sc=false,e=null c=null cb=org.eclipse.jetty.util.Callback$3@f59034c w=false
[DEBUG] completed HttpChannelState@23232c72{s=HANDLING rs=COMPLETING os=COMPLETED is=IDLE awp=false se=false i=false al=0}
[DEBUG] unhandle HttpChannelState@23232c72{s=HANDLING rs=COMPLETED os=COMPLETED is=IDLE awp=false se=false i=false al=0}
[DEBUG] nextAction(false) TERMINATED HttpChannelState@23232c72{s=IDLE rs=COMPLETED os=COMPLETED is=IDLE awp=false se=false i=false al=0}
[DEBUG] action TERMINATED HttpChannelOverHttp@36eb5f45{s=HttpChannelState@23232c72{s=IDLE rs=COMPLETED os=COMPLETED is=IDLE awp=false se=false i=false al=0},r=31,c=true/true,a=IDLE,uri=//localhost:35372/RedirectServlet,age=7}
[DEBUG] onCompleted for /RedirectServlet written=0
[DEBUG] recycle HttpChannelState@23232c72{s=IDLE rs=COMPLETED os=COMPLETED is=IDLE awp=false se=false i=false al=0}
[DEBUG] reset HttpParser{s=END,0 of -1}
[DEBUG] END --> START
[DEBUG] !handle TERMINATED HttpChannelOverHttp@36eb5f45{s=HttpChannelState@23232c72{s=IDLE rs=BLOCKING os=OPEN is=IDLE awp=false se=false i=true al=0},r=31,c=false/false,a=IDLE,uri=null,age=0}
[DEBUG] filled 294 HeapByteBuffer@1ef04a69[p=0,l=294,c=8192,r=294]={<<<GET /RedirectServlet HTTP...nection: keep-alive\r\n\r\n>>>g, *; q=....\x00\x00\x00\x00\x00\x00\x00}
[DEBUG] HttpConnection@3e7171e5::SocketChannelEndPoint@3d491fad{l=/127.0.0.1:35372,r=/127.0.0.1:60190,OPEN,fill=-,flush=-,to=0/30000}{io=0/0,kio=0,kro=1}->HttpConnection@3e7171e5[p=HttpParser{s=START,0 of -1},g=HttpGenerator@274dcaa5{s=START}]=>HttpChannelOverHttp@36eb5f45{s=HttpChannelState@23232c72{s=IDLE rs=BLOCKING os=OPEN is=IDLE awp=false se=false i=true al=0},r=31,c=false/false,a=IDLE,uri=null,age=0} filled 294 HeapByteBuffer@1ef04a69[p=0,l=294,c=8192,r=294]={<<<GET /RedirectServlet HTTP...nection: keep-alive\r\n\r\n>>>g, *; q=....\x00\x00\x00\x00\x00\x00\x00}
[DEBUG] HttpConnection@3e7171e5::SocketChannelEndPoint@3d491fad{l=/127.0.0.1:35372,r=/127.0.0.1:60190,OPEN,fill=-,flush=-,to=0/30000}{io=0/0,kio=0,kro=1}->HttpConnection@3e7171e5[p=HttpParser{s=START,0 of -1},g=HttpGenerator@274dcaa5{s=START}]=>HttpChannelOverHttp@36eb5f45{s=HttpChannelState@23232c72{s=IDLE rs=BLOCKING os=OPEN is=IDLE awp=false se=false i=true al=0},r=31,c=false/false,a=IDLE,uri=null,age=0} parse HeapByteBuffer@1ef04a69[p=0,l=294,c=8192,r=294]={<<<GET /RedirectServlet HTTP...nection: keep-alive\r\n\r\n>>>g, *; q=....\x00\x00\x00\x00\x00\x00\x00} {}
[DEBUG] parseNext s=START HeapByteBuffer@1ef04a69[p=0,l=294,c=8192,r=294]={<<<GET /RedirectServlet HTTP...nection: keep-alive\r\n\r\n>>>g, *; q=....\x00\x00\x00\x00\x00\x00\x00}
[DEBUG] START --> SPACE1
[DEBUG] SPACE1 --> URI
[DEBUG] URI --> SPACE2
[DEBUG] SPACE2 --> REQUEST_VERSION
[DEBUG] REQUEST_VERSION --> HEADER
[DEBUG] HEADER:Accept-Encoding: gzip --> IN_VALUE
[DEBUG] HEADER:Accept-Encoding: gzip --> FIELD
[DEBUG] HEADER:User-Agent: Mozilla/5.0 (Windows NT 10.0; Win64; x64) AppleWebKit/537.36 (KHTML, like Gecko) Chrome/79.0.3945.130 Safari/537.36 --> IN_VALUE
[DEBUG] HEADER:User-Agent: Mozilla/5.0 (Windows NT 10.0; Win64; x64) AppleWebKit/537.36 (KHTML, like Gecko) Chrome/79.0.3945.130 Safari/537.36 --> FIELD
[DEBUG] HEADER:Host: localhost:35372 --> IN_VALUE
[DEBUG] HEADER:Host: localhost:35372 --> FIELD
[DEBUG] HEADER:Accept: text/html, image/gif, image/jpeg, *; q=.2, */*; q=.2 --> IN_VALUE
[DEBUG] HEADER:Accept: text/html, image/gif, image/jpeg, *; q=.2, */*; q=.2 --> FIELD
[DEBUG] HEADER:Connection: keep-alive --> IN_VALUE
[DEBUG] HEADER:Connection: keep-alive --> FIELD
[DEBUG] HEADER --> CONTENT
[DEBUG] REQUEST for //localhost:35372/RedirectServlet on HttpChannelOverHttp@36eb5f45{s=HttpChannelState@23232c72{s=IDLE rs=BLOCKING os=OPEN is=IDLE awp=false se=false i=true al=0},r=32,c=false/false,a=IDLE,uri=//localhost:35372/RedirectServlet,age=0}
GET //localhost:35372/RedirectServlet HTTP/1.1
Accept-Encoding: gzip
User-Agent: Mozilla/5.0 (Windows NT 10.0; Win64; x64) AppleWebKit/537.36 (KHTML, like Gecko) Chrome/79.0.3945.130 Safari/537.36
Host: localhost:35372
Accept: text/html, image/gif, image/jpeg, *; q=.2, */*; q=.2
Connection: keep-alive


[DEBUG] HttpConnection@3e7171e5::SocketChannelEndPoint@3d491fad{l=/127.0.0.1:35372,r=/127.0.0.1:60190,OPEN,fill=-,flush=-,to=0/30000}{io=0/0,kio=0,kro=1}->HttpConnection@3e7171e5[p=HttpParser{s=CONTENT,0 of -1},g=HttpGenerator@274dcaa5{s=START}]=>HttpChannelOverHttp@36eb5f45{s=HttpChannelState@23232c72{s=IDLE rs=BLOCKING os=OPEN is=IDLE awp=false se=false i=true al=0},r=32,c=false/false,a=IDLE,uri=//localhost:35372/RedirectServlet,age=1} parsed true HttpParser{s=CONTENT,0 of -1}
[DEBUG] releaseRequestBuffer HttpConnection@3e7171e5::SocketChannelEndPoint@3d491fad{l=/127.0.0.1:35372,r=/127.0.0.1:60190,OPEN,fill=-,flush=-,to=0/30000}{io=0/0,kio=0,kro=1}->HttpConnection@3e7171e5[p=HttpParser{s=CONTENT,0 of -1},g=HttpGenerator@274dcaa5{s=START}]=>HttpChannelOverHttp@36eb5f45{s=HttpChannelState@23232c72{s=IDLE rs=BLOCKING os=OPEN is=IDLE awp=false se=false i=true al=0},r=32,c=false/false,a=IDLE,uri=//localhost:35372/RedirectServlet,age=1}
[DEBUG] handle //localhost:35372/RedirectServlet HttpChannelOverHttp@36eb5f45{s=HttpChannelState@23232c72{s=IDLE rs=BLOCKING os=OPEN is=IDLE awp=false se=false i=true al=0},r=32,c=false/false,a=IDLE,uri=//localhost:35372/RedirectServlet,age=1} 
[DEBUG] handling HttpChannelState@23232c72{s=IDLE rs=BLOCKING os=OPEN is=IDLE awp=false se=false i=true al=0}
[DEBUG] action DISPATCH HttpChannelOverHttp@36eb5f45{s=HttpChannelState@23232c72{s=HANDLING rs=BLOCKING os=OPEN is=IDLE awp=false se=false i=true al=0},r=32,c=false/false,a=HANDLING,uri=//localhost:35372/RedirectServlet,age=1}
[DEBUG] REQUEST GET /RedirectServlet on HttpChannelOverHttp@36eb5f45{s=HttpChannelState@23232c72{s=HANDLING rs=BLOCKING os=OPEN is=IDLE awp=false se=false i=true al=0},r=32,c=false/false,a=HANDLING,uri=//localhost:35372/RedirectServlet,age=1}
[DEBUG] servlet null|/RedirectServlet|null -> org.jsoup.integration.servlets.RedirectServlet-77bb0ab5==org.jsoup.integration.servlets.RedirectServlet@f84cd177{jsp=null,order=-1,inst=true,async=true,src=EMBEDDED:null,STARTED}
[DEBUG] chain=null
[DEBUG] handled=true async=false committed=false on HttpChannelOverHttp@36eb5f45{s=HttpChannelState@23232c72{s=HANDLING rs=BLOCKING os=OPEN is=IDLE awp=false se=false i=true al=0},r=32,c=false/false,a=HANDLING,uri=//localhost:35372/RedirectServlet,age=1}
[DEBUG] unhandle HttpChannelState@23232c72{s=HANDLING rs=BLOCKING os=OPEN is=IDLE awp=false se=false i=true al=0}
[DEBUG] nextAction(false) COMPLETE HttpChannelState@23232c72{s=HANDLING rs=COMPLETING os=OPEN is=IDLE awp=false se=false i=false al=0}
[DEBUG] action COMPLETE HttpChannelOverHttp@36eb5f45{s=HttpChannelState@23232c72{s=HANDLING rs=COMPLETING os=OPEN is=IDLE awp=false se=false i=false al=0},r=32,c=false/false,a=HANDLING,uri=//localhost:35372/RedirectServlet,age=1}
[DEBUG] filled 0 HeapByteBuffer@2a66826a[p=0,l=0,c=8192,r=0]={<<<>>>GET /File...\x86&h\xA0{\xC1\xC2}
[DEBUG] filled 0 HeapByteBuffer@2a66826a[p=0,l=0,c=8192,r=0]={<<<>>>GET /File...\x86&h\xA0{\xC1\xC2}
[DEBUG] HttpConnection@3e7171e5::SocketChannelEndPoint@3d491fad{l=/127.0.0.1:35372,r=/127.0.0.1:60190,OPEN,fill=-,flush=-,to=1/30000}{io=0/0,kio=0,kro=1}->HttpConnection@3e7171e5[p=HttpParser{s=CONTENT,0 of -1},g=HttpGenerator@274dcaa5{s=START}]=>HttpChannelOverHttp@36eb5f45{s=HttpChannelState@23232c72{s=HANDLING rs=COMPLETING os=OPEN is=IDLE awp=false se=false i=false al=0},r=32,c=false/false,a=HANDLING,uri=//localhost:35372/RedirectServlet,age=1} filled 0 HeapByteBuffer@2a66826a[p=0,l=0,c=8192,r=0]={<<<>>>GET /File...\x86&h\xA0{\xC1\xC2}
[DEBUG] HttpConnection@3e7171e5::SocketChannelEndPoint@3d491fad{l=/127.0.0.1:35372,r=/127.0.0.1:60190,OPEN,fill=-,flush=-,to=1/30000}{io=0/0,kio=0,kro=1}->HttpConnection@3e7171e5[p=HttpParser{s=CONTENT,0 of -1},g=HttpGenerator@274dcaa5{s=START}]=>HttpChannelOverHttp@36eb5f45{s=HttpChannelState@23232c72{s=HANDLING rs=COMPLETING os=OPEN is=IDLE awp=false se=false i=false al=0},r=32,c=false/false,a=HANDLING,uri=//localhost:35372/RedirectServlet,age=1} parse HeapByteBuffer@2a66826a[p=0,l=0,c=8192,r=0]={<<<>>>GET /File...\x86&h\xA0{\xC1\xC2} {}
[DEBUG] parseNext s=CONTENT HeapByteBuffer@2a66826a[p=0,l=0,c=8192,r=0]={<<<>>>GET /File...\x86&h\xA0{\xC1\xC2}
[DEBUG] CONTENT --> CONTENT_END
[DEBUG] onContentComplete HttpChannelOverHttp@36eb5f45{s=HttpChannelState@23232c72{s=HANDLING rs=COMPLETING os=OPEN is=IDLE awp=false se=false i=false al=0},r=32,c=false/false,a=HANDLING,uri=//localhost:35372/RedirectServlet,age=1}
[DEBUG] CONTENT_END --> END
[DEBUG] onRequestComplete HttpChannelOverHttp@36eb5f45{s=HttpChannelState@23232c72{s=HANDLING rs=COMPLETING os=OPEN is=IDLE awp=false se=false i=false al=0},r=32,c=false/false,a=HANDLING,uri=//localhost:35372/RedirectServlet,age=1}
[DEBUG] HttpInputOverHTTP@376cf161[c=0,q=0,[0]=null,s=STREAM] addContent EOF
[DEBUG] HttpConnection@3e7171e5::SocketChannelEndPoint@3d491fad{l=/127.0.0.1:35372,r=/127.0.0.1:60190,OPEN,fill=-,flush=-,to=1/30000}{io=0/0,kio=0,kro=1}->HttpConnection@3e7171e5[p=HttpParser{s=END,0 of -1},g=HttpGenerator@274dcaa5{s=START}]=>HttpChannelOverHttp@36eb5f45{s=HttpChannelState@23232c72{s=HANDLING rs=COMPLETING os=OPEN is=IDLE awp=false se=false i=false al=0},r=32,c=false/false,a=HANDLING,uri=//localhost:35372/RedirectServlet,age=2} parsed false HttpParser{s=END,0 of -1}
[DEBUG] releaseRequestBuffer HttpConnection@3e7171e5::SocketChannelEndPoint@3d491fad{l=/127.0.0.1:35372,r=/127.0.0.1:60190,OPEN,fill=-,flush=-,to=1/30000}{io=0/0,kio=0,kro=1}->HttpConnection@3e7171e5[p=HttpParser{s=END,0 of -1},g=HttpGenerator@274dcaa5{s=START}]=>HttpChannelOverHttp@36eb5f45{s=HttpChannelState@23232c72{s=HANDLING rs=COMPLETING os=OPEN is=IDLE awp=false se=false i=false al=0},r=32,c=false/false,a=HANDLING,uri=//localhost:35372/RedirectServlet,age=2}
[DEBUG] complete(org.eclipse.jetty.util.Callback$3@10c278ee) s=CLOSING,api=BLOCKED,sc=false,e=null s=false e=null, c=HeapByteBuffer@13dae45a[p=0,l=0,c=0,r=0]={<<<>>>}
[DEBUG] sendResponse info=null content=HeapByteBuffer@13dae45a[p=0,l=0,c=0,r=0]={<<<>>>} complete=true committing=true callback=org.eclipse.jetty.server.HttpOutput$WriteCompleteCB@57c65ad9
[DEBUG] COMMIT for /RedirectServlet on HttpChannelOverHttp@36eb5f45{s=HttpChannelState@23232c72{s=HANDLING rs=COMPLETING os=COMMITTED is=IDLE awp=false se=false i=false al=0},r=32,c=false/false,a=HANDLING,uri=//localhost:35372/RedirectServlet,age=2}
302 null HTTP/1.1
Date: Tue, 28 Sep 2021 06:03:32 GMT
Location: 


[DEBUG] generate: NEED_HEADER for SendCallback@410c6bef[PROCESSING][i=HTTP/1.1{s=302,h=2,cl=-1},cb=org.eclipse.jetty.server.HttpChannel$SendCallback@2bef6b73] (null,[p=0,l=0,c=0,r=0],true)@START
[DEBUG] generateHeaders HTTP/1.1{s=302,h=2,cl=-1} last=true content=HeapByteBuffer@13dae45a[p=0,l=0,c=0,r=0]={<<<>>>}
[DEBUG] Date: Tue, 28 Sep 2021 06:03:32 GMT
Location: 


[DEBUG] CONTENT_LENGTH
[DEBUG] generate: FLUSH for SendCallback@410c6bef[PROCESSING][i=HTTP/1.1{s=302,h=2,cl=-1},cb=org.eclipse.jetty.server.HttpChannel$SendCallback@2bef6b73] ([p=0,l=123,c=8192,r=123],[p=0,l=0,c=0,r=0],true)@COMPLETING
[DEBUG] write: WriteFlusher@2071150d{IDLE}->null [HeapByteBuffer@460916c[p=0,l=123,c=8192,r=123]={<<<HTTP/1.1 302 Found\r\nDate:...y(9.4.43.v20210629)\r\n\r\n>>>er: Jetty...\x00\x00\x00\x00\x00\x00\x00}]
[DEBUG] update WriteFlusher@2071150d{WRITING}->null:IDLE-->WRITING
[DEBUG] flushed 123 SocketChannelEndPoint@3d491fad{l=/127.0.0.1:35372,r=/127.0.0.1:60190,OPEN,fill=-,flush=W,to=6/30000}{io=0/0,kio=0,kro=1}->HttpConnection@3e7171e5[p=HttpParser{s=END,0 of -1},g=HttpGenerator@274dcaa5{s=COMPLETING}]=>HttpChannelOverHttp@36eb5f45{s=HttpChannelState@23232c72{s=HANDLING rs=COMPLETING os=COMMITTED is=IDLE awp=false se=false i=false al=0},r=32,c=false/false,a=HANDLING,uri=//localhost:35372/RedirectServlet,age=7}
[DEBUG] Flushed=true written=123 remaining=0 WriteFlusher@2071150d{WRITING}->null
[DEBUG] update WriteFlusher@2071150d{IDLE}->null:WRITING-->IDLE
[DEBUG] generate: DONE for SendCallback@410c6bef[PROCESSING][i=HTTP/1.1{s=302,h=2,cl=-1},cb=org.eclipse.jetty.server.HttpChannel$SendCallback@2bef6b73] ([p=123,l=123,c=8192,r=0],[p=0,l=0,c=0,r=0],true)@END
[DEBUG] onWriteComplete(true,null) s=CLOSING,api=BLOCKED,sc=false,e=null->s=CLOSED,api=BLOCKING,sc=false,e=null c=null cb=org.eclipse.jetty.util.Callback$3@10c278ee w=false
[DEBUG] completed HttpChannelState@23232c72{s=HANDLING rs=COMPLETING os=COMPLETED is=IDLE awp=false se=false i=false al=0}
[DEBUG] unhandle HttpChannelState@23232c72{s=HANDLING rs=COMPLETED os=COMPLETED is=IDLE awp=false se=false i=false al=0}
[DEBUG] nextAction(false) TERMINATED HttpChannelState@23232c72{s=IDLE rs=COMPLETED os=COMPLETED is=IDLE awp=false se=false i=false al=0}
[DEBUG] action TERMINATED HttpChannelOverHttp@36eb5f45{s=HttpChannelState@23232c72{s=IDLE rs=COMPLETED os=COMPLETED is=IDLE awp=false se=false i=false al=0},r=32,c=true/true,a=IDLE,uri=//localhost:35372/RedirectServlet,age=7}
[DEBUG] onCompleted for /RedirectServlet written=0
[DEBUG] recycle HttpChannelState@23232c72{s=IDLE rs=COMPLETED os=COMPLETED is=IDLE awp=false se=false i=false al=0}
[DEBUG] reset HttpParser{s=END,0 of -1}
[DEBUG] END --> START
[DEBUG] !handle TERMINATED HttpChannelOverHttp@36eb5f45{s=HttpChannelState@23232c72{s=IDLE rs=BLOCKING os=OPEN is=IDLE awp=false se=false i=true al=0},r=32,c=false/false,a=IDLE,uri=null,age=0}
[DEBUG] filled 294 HeapByteBuffer@1ef04a69[p=0,l=294,c=8192,r=294]={<<<GET /RedirectServlet HTTP...nection: keep-alive\r\n\r\n>>>g, *; q=....\x00\x00\x00\x00\x00\x00\x00}
[DEBUG] HttpConnection@3e7171e5::SocketChannelEndPoint@3d491fad{l=/127.0.0.1:35372,r=/127.0.0.1:60190,OPEN,fill=-,flush=-,to=0/30000}{io=0/0,kio=0,kro=1}->HttpConnection@3e7171e5[p=HttpParser{s=START,0 of -1},g=HttpGenerator@274dcaa5{s=START}]=>HttpChannelOverHttp@36eb5f45{s=HttpChannelState@23232c72{s=IDLE rs=BLOCKING os=OPEN is=IDLE awp=false se=false i=true al=0},r=32,c=false/false,a=IDLE,uri=null,age=0} filled 294 HeapByteBuffer@1ef04a69[p=0,l=294,c=8192,r=294]={<<<GET /RedirectServlet HTTP...nection: keep-alive\r\n\r\n>>>g, *; q=....\x00\x00\x00\x00\x00\x00\x00}
[DEBUG] HttpConnection@3e7171e5::SocketChannelEndPoint@3d491fad{l=/127.0.0.1:35372,r=/127.0.0.1:60190,OPEN,fill=-,flush=-,to=0/30000}{io=0/0,kio=0,kro=1}->HttpConnection@3e7171e5[p=HttpParser{s=START,0 of -1},g=HttpGenerator@274dcaa5{s=START}]=>HttpChannelOverHttp@36eb5f45{s=HttpChannelState@23232c72{s=IDLE rs=BLOCKING os=OPEN is=IDLE awp=false se=false i=true al=0},r=32,c=false/false,a=IDLE,uri=null,age=0} parse HeapByteBuffer@1ef04a69[p=0,l=294,c=8192,r=294]={<<<GET /RedirectServlet HTTP...nection: keep-alive\r\n\r\n>>>g, *; q=....\x00\x00\x00\x00\x00\x00\x00} {}
[DEBUG] parseNext s=START HeapByteBuffer@1ef04a69[p=0,l=294,c=8192,r=294]={<<<GET /RedirectServlet HTTP...nection: keep-alive\r\n\r\n>>>g, *; q=....\x00\x00\x00\x00\x00\x00\x00}
[DEBUG] START --> SPACE1
[DEBUG] SPACE1 --> URI
[DEBUG] URI --> SPACE2
[DEBUG] SPACE2 --> REQUEST_VERSION
[DEBUG] REQUEST_VERSION --> HEADER
[DEBUG] HEADER:Accept-Encoding: gzip --> IN_VALUE
[DEBUG] HEADER:Accept-Encoding: gzip --> FIELD
[DEBUG] HEADER:User-Agent: Mozilla/5.0 (Windows NT 10.0; Win64; x64) AppleWebKit/537.36 (KHTML, like Gecko) Chrome/79.0.3945.130 Safari/537.36 --> IN_VALUE
[DEBUG] HEADER:User-Agent: Mozilla/5.0 (Windows NT 10.0; Win64; x64) AppleWebKit/537.36 (KHTML, like Gecko) Chrome/79.0.3945.130 Safari/537.36 --> FIELD
[DEBUG] HEADER:Host: localhost:35372 --> IN_VALUE
[DEBUG] HEADER:Host: localhost:35372 --> FIELD
[DEBUG] HEADER:Accept: text/html, image/gif, image/jpeg, *; q=.2, */*; q=.2 --> IN_VALUE
[DEBUG] HEADER:Accept: text/html, image/gif, image/jpeg, *; q=.2, */*; q=.2 --> FIELD
[DEBUG] HEADER:Connection: keep-alive --> IN_VALUE
[DEBUG] HEADER:Connection: keep-alive --> FIELD
[DEBUG] HEADER --> CONTENT
[DEBUG] REQUEST for //localhost:35372/RedirectServlet on HttpChannelOverHttp@36eb5f45{s=HttpChannelState@23232c72{s=IDLE rs=BLOCKING os=OPEN is=IDLE awp=false se=false i=true al=0},r=33,c=false/false,a=IDLE,uri=//localhost:35372/RedirectServlet,age=0}
GET //localhost:35372/RedirectServlet HTTP/1.1
Accept-Encoding: gzip
User-Agent: Mozilla/5.0 (Windows NT 10.0; Win64; x64) AppleWebKit/537.36 (KHTML, like Gecko) Chrome/79.0.3945.130 Safari/537.36
Host: localhost:35372
Accept: text/html, image/gif, image/jpeg, *; q=.2, */*; q=.2
Connection: keep-alive


[DEBUG] HttpConnection@3e7171e5::SocketChannelEndPoint@3d491fad{l=/127.0.0.1:35372,r=/127.0.0.1:60190,OPEN,fill=-,flush=-,to=0/30000}{io=0/0,kio=0,kro=1}->HttpConnection@3e7171e5[p=HttpParser{s=CONTENT,0 of -1},g=HttpGenerator@274dcaa5{s=START}]=>HttpChannelOverHttp@36eb5f45{s=HttpChannelState@23232c72{s=IDLE rs=BLOCKING os=OPEN is=IDLE awp=false se=false i=true al=0},r=33,c=false/false,a=IDLE,uri=//localhost:35372/RedirectServlet,age=1} parsed true HttpParser{s=CONTENT,0 of -1}
[DEBUG] releaseRequestBuffer HttpConnection@3e7171e5::SocketChannelEndPoint@3d491fad{l=/127.0.0.1:35372,r=/127.0.0.1:60190,OPEN,fill=-,flush=-,to=0/30000}{io=0/0,kio=0,kro=1}->HttpConnection@3e7171e5[p=HttpParser{s=CONTENT,0 of -1},g=HttpGenerator@274dcaa5{s=START}]=>HttpChannelOverHttp@36eb5f45{s=HttpChannelState@23232c72{s=IDLE rs=BLOCKING os=OPEN is=IDLE awp=false se=false i=true al=0},r=33,c=false/false,a=IDLE,uri=//localhost:35372/RedirectServlet,age=1}
[DEBUG] handle //localhost:35372/RedirectServlet HttpChannelOverHttp@36eb5f45{s=HttpChannelState@23232c72{s=IDLE rs=BLOCKING os=OPEN is=IDLE awp=false se=false i=true al=0},r=33,c=false/false,a=IDLE,uri=//localhost:35372/RedirectServlet,age=1} 
[DEBUG] handling HttpChannelState@23232c72{s=IDLE rs=BLOCKING os=OPEN is=IDLE awp=false se=false i=true al=0}
[DEBUG] action DISPATCH HttpChannelOverHttp@36eb5f45{s=HttpChannelState@23232c72{s=HANDLING rs=BLOCKING os=OPEN is=IDLE awp=false se=false i=true al=0},r=33,c=false/false,a=HANDLING,uri=//localhost:35372/RedirectServlet,age=1}
[DEBUG] REQUEST GET /RedirectServlet on HttpChannelOverHttp@36eb5f45{s=HttpChannelState@23232c72{s=HANDLING rs=BLOCKING os=OPEN is=IDLE awp=false se=false i=true al=0},r=33,c=false/false,a=HANDLING,uri=//localhost:35372/RedirectServlet,age=1}
[DEBUG] servlet null|/RedirectServlet|null -> org.jsoup.integration.servlets.RedirectServlet-77bb0ab5==org.jsoup.integration.servlets.RedirectServlet@f84cd177{jsp=null,order=-1,inst=true,async=true,src=EMBEDDED:null,STARTED}
[DEBUG] chain=null
[DEBUG] handled=true async=false committed=false on HttpChannelOverHttp@36eb5f45{s=HttpChannelState@23232c72{s=HANDLING rs=BLOCKING os=OPEN is=IDLE awp=false se=false i=true al=0},r=33,c=false/false,a=HANDLING,uri=//localhost:35372/RedirectServlet,age=1}
[DEBUG] unhandle HttpChannelState@23232c72{s=HANDLING rs=BLOCKING os=OPEN is=IDLE awp=false se=false i=true al=0}
[DEBUG] nextAction(false) COMPLETE HttpChannelState@23232c72{s=HANDLING rs=COMPLETING os=OPEN is=IDLE awp=false se=false i=false al=0}
[DEBUG] action COMPLETE HttpChannelOverHttp@36eb5f45{s=HttpChannelState@23232c72{s=HANDLING rs=COMPLETING os=OPEN is=IDLE awp=false se=false i=false al=0},r=33,c=false/false,a=HANDLING,uri=//localhost:35372/RedirectServlet,age=1}
[DEBUG] filled 0 HeapByteBuffer@2a66826a[p=0,l=0,c=8192,r=0]={<<<>>>GET /File...\x86&h\xA0{\xC1\xC2}
[DEBUG] filled 0 HeapByteBuffer@2a66826a[p=0,l=0,c=8192,r=0]={<<<>>>GET /File...\x86&h\xA0{\xC1\xC2}
[DEBUG] HttpConnection@3e7171e5::SocketChannelEndPoint@3d491fad{l=/127.0.0.1:35372,r=/127.0.0.1:60190,OPEN,fill=-,flush=-,to=1/30000}{io=0/0,kio=0,kro=1}->HttpConnection@3e7171e5[p=HttpParser{s=CONTENT,0 of -1},g=HttpGenerator@274dcaa5{s=START}]=>HttpChannelOverHttp@36eb5f45{s=HttpChannelState@23232c72{s=HANDLING rs=COMPLETING os=OPEN is=IDLE awp=false se=false i=false al=0},r=33,c=false/false,a=HANDLING,uri=//localhost:35372/RedirectServlet,age=1} filled 0 HeapByteBuffer@2a66826a[p=0,l=0,c=8192,r=0]={<<<>>>GET /File...\x86&h\xA0{\xC1\xC2}
[DEBUG] HttpConnection@3e7171e5::SocketChannelEndPoint@3d491fad{l=/127.0.0.1:35372,r=/127.0.0.1:60190,OPEN,fill=-,flush=-,to=12/30000}{io=0/0,kio=0,kro=1}->HttpConnection@3e7171e5[p=HttpParser{s=CONTENT,0 of -1},g=HttpGenerator@274dcaa5{s=START}]=>HttpChannelOverHttp@36eb5f45{s=HttpChannelState@23232c72{s=HANDLING rs=COMPLETING os=OPEN is=IDLE awp=false se=false i=false al=0},r=33,c=false/false,a=HANDLING,uri=//localhost:35372/RedirectServlet,age=12} parse HeapByteBuffer@2a66826a[p=0,l=0,c=8192,r=0]={<<<>>>GET /File...\x86&h\xA0{\xC1\xC2} {}
[DEBUG] parseNext s=CONTENT HeapByteBuffer@2a66826a[p=0,l=0,c=8192,r=0]={<<<>>>GET /File...\x86&h\xA0{\xC1\xC2}
[DEBUG] CONTENT --> CONTENT_END
[DEBUG] onContentComplete HttpChannelOverHttp@36eb5f45{s=HttpChannelState@23232c72{s=HANDLING rs=COMPLETING os=OPEN is=IDLE awp=false se=false i=false al=0},r=33,c=false/false,a=HANDLING,uri=//localhost:35372/RedirectServlet,age=12}
[DEBUG] CONTENT_END --> END
[DEBUG] onRequestComplete HttpChannelOverHttp@36eb5f45{s=HttpChannelState@23232c72{s=HANDLING rs=COMPLETING os=OPEN is=IDLE awp=false se=false i=false al=0},r=33,c=false/false,a=HANDLING,uri=//localhost:35372/RedirectServlet,age=12}
[DEBUG] HttpInputOverHTTP@376cf161[c=0,q=0,[0]=null,s=STREAM] addContent EOF
[DEBUG] HttpConnection@3e7171e5::SocketChannelEndPoint@3d491fad{l=/127.0.0.1:35372,r=/127.0.0.1:60190,OPEN,fill=-,flush=-,to=12/30000}{io=0/0,kio=0,kro=1}->HttpConnection@3e7171e5[p=HttpParser{s=END,0 of -1},g=HttpGenerator@274dcaa5{s=START}]=>HttpChannelOverHttp@36eb5f45{s=HttpChannelState@23232c72{s=HANDLING rs=COMPLETING os=OPEN is=IDLE awp=false se=false i=false al=0},r=33,c=false/false,a=HANDLING,uri=//localhost:35372/RedirectServlet,age=12} parsed false HttpParser{s=END,0 of -1}
[DEBUG] releaseRequestBuffer HttpConnection@3e7171e5::SocketChannelEndPoint@3d491fad{l=/127.0.0.1:35372,r=/127.0.0.1:60190,OPEN,fill=-,flush=-,to=12/30000}{io=0/0,kio=0,kro=1}->HttpConnection@3e7171e5[p=HttpParser{s=END,0 of -1},g=HttpGenerator@274dcaa5{s=START}]=>HttpChannelOverHttp@36eb5f45{s=HttpChannelState@23232c72{s=HANDLING rs=COMPLETING os=OPEN is=IDLE awp=false se=false i=false al=0},r=33,c=false/false,a=HANDLING,uri=//localhost:35372/RedirectServlet,age=13}
[DEBUG] complete(org.eclipse.jetty.util.Callback$3@602599a9) s=CLOSING,api=BLOCKED,sc=false,e=null s=false e=null, c=HeapByteBuffer@13dae45a[p=0,l=0,c=0,r=0]={<<<>>>}
[DEBUG] sendResponse info=null content=HeapByteBuffer@13dae45a[p=0,l=0,c=0,r=0]={<<<>>>} complete=true committing=true callback=org.eclipse.jetty.server.HttpOutput$WriteCompleteCB@6323984b
[DEBUG] COMMIT for /RedirectServlet on HttpChannelOverHttp@36eb5f45{s=HttpChannelState@23232c72{s=HANDLING rs=COMPLETING os=COMMITTED is=IDLE awp=false se=false i=false al=0},r=33,c=false/false,a=HANDLING,uri=//localhost:35372/RedirectServlet,age=13}
302 null HTTP/1.1
Date: Tue, 28 Sep 2021 06:03:32 GMT
Location: 


[DEBUG] generate: NEED_HEADER for SendCallback@410c6bef[PROCESSING][i=HTTP/1.1{s=302,h=2,cl=-1},cb=org.eclipse.jetty.server.HttpChannel$SendCallback@6561664] (null,[p=0,l=0,c=0,r=0],true)@START
[DEBUG] generateHeaders HTTP/1.1{s=302,h=2,cl=-1} last=true content=HeapByteBuffer@13dae45a[p=0,l=0,c=0,r=0]={<<<>>>}
[DEBUG] Date: Tue, 28 Sep 2021 06:03:32 GMT
Location: 


[DEBUG] CONTENT_LENGTH
[DEBUG] generate: FLUSH for SendCallback@410c6bef[PROCESSING][i=HTTP/1.1{s=302,h=2,cl=-1},cb=org.eclipse.jetty.server.HttpChannel$SendCallback@6561664] ([p=0,l=123,c=8192,r=123],[p=0,l=0,c=0,r=0],true)@COMPLETING
[DEBUG] write: WriteFlusher@2071150d{IDLE}->null [HeapByteBuffer@460916c[p=0,l=123,c=8192,r=123]={<<<HTTP/1.1 302 Found\r\nDate:...y(9.4.43.v20210629)\r\n\r\n>>>er: Jetty...\x00\x00\x00\x00\x00\x00\x00}]
[DEBUG] update WriteFlusher@2071150d{WRITING}->null:IDLE-->WRITING
[DEBUG] flushed 123 SocketChannelEndPoint@3d491fad{l=/127.0.0.1:35372,r=/127.0.0.1:60190,OPEN,fill=-,flush=W,to=14/30000}{io=0/0,kio=0,kro=1}->HttpConnection@3e7171e5[p=HttpParser{s=END,0 of -1},g=HttpGenerator@274dcaa5{s=COMPLETING}]=>HttpChannelOverHttp@36eb5f45{s=HttpChannelState@23232c72{s=HANDLING rs=COMPLETING os=COMMITTED is=IDLE awp=false se=false i=false al=0},r=33,c=false/false,a=HANDLING,uri=//localhost:35372/RedirectServlet,age=14}
[DEBUG] Flushed=true written=123 remaining=0 WriteFlusher@2071150d{WRITING}->null
[DEBUG] update WriteFlusher@2071150d{IDLE}->null:WRITING-->IDLE
[DEBUG] generate: DONE for SendCallback@410c6bef[PROCESSING][i=HTTP/1.1{s=302,h=2,cl=-1},cb=org.eclipse.jetty.server.HttpChannel$SendCallback@6561664] ([p=123,l=123,c=8192,r=0],[p=0,l=0,c=0,r=0],true)@END
[DEBUG] onWriteComplete(true,null) s=CLOSING,api=BLOCKED,sc=false,e=null->s=CLOSED,api=BLOCKING,sc=false,e=null c=null cb=org.eclipse.jetty.util.Callback$3@602599a9 w=false
[DEBUG] completed HttpChannelState@23232c72{s=HANDLING rs=COMPLETING os=COMPLETED is=IDLE awp=false se=false i=false al=0}
[DEBUG] unhandle HttpChannelState@23232c72{s=HANDLING rs=COMPLETED os=COMPLETED is=IDLE awp=false se=false i=false al=0}
[DEBUG] nextAction(false) TERMINATED HttpChannelState@23232c72{s=IDLE rs=COMPLETED os=COMPLETED is=IDLE awp=false se=false i=false al=0}
[DEBUG] action TERMINATED HttpChannelOverHttp@36eb5f45{s=HttpChannelState@23232c72{s=IDLE rs=COMPLETED os=COMPLETED is=IDLE awp=false se=false i=false al=0},r=33,c=true/true,a=IDLE,uri=//localhost:35372/RedirectServlet,age=14}
[DEBUG] onCompleted for /RedirectServlet written=0
[DEBUG] recycle HttpChannelState@23232c72{s=IDLE rs=COMPLETED os=COMPLETED is=IDLE awp=false se=false i=false al=0}
[DEBUG] reset HttpParser{s=END,0 of -1}
[DEBUG] END --> START
[DEBUG] !handle TERMINATED HttpChannelOverHttp@36eb5f45{s=HttpChannelState@23232c72{s=IDLE rs=BLOCKING os=OPEN is=IDLE awp=false se=false i=true al=0},r=33,c=false/false,a=IDLE,uri=null,age=0}
[DEBUG] filled 294 HeapByteBuffer@1ef04a69[p=0,l=294,c=8192,r=294]={<<<GET /RedirectServlet HTTP...nection: keep-alive\r\n\r\n>>>g, *; q=....\x00\x00\x00\x00\x00\x00\x00}
[DEBUG] HttpConnection@3e7171e5::SocketChannelEndPoint@3d491fad{l=/127.0.0.1:35372,r=/127.0.0.1:60190,OPEN,fill=-,flush=-,to=0/30000}{io=0/0,kio=0,kro=1}->HttpConnection@3e7171e5[p=HttpParser{s=START,0 of -1},g=HttpGenerator@274dcaa5{s=START}]=>HttpChannelOverHttp@36eb5f45{s=HttpChannelState@23232c72{s=IDLE rs=BLOCKING os=OPEN is=IDLE awp=false se=false i=true al=0},r=33,c=false/false,a=IDLE,uri=null,age=0} filled 294 HeapByteBuffer@1ef04a69[p=0,l=294,c=8192,r=294]={<<<GET /RedirectServlet HTTP...nection: keep-alive\r\n\r\n>>>g, *; q=....\x00\x00\x00\x00\x00\x00\x00}
[DEBUG] HttpConnection@3e7171e5::SocketChannelEndPoint@3d491fad{l=/127.0.0.1:35372,r=/127.0.0.1:60190,OPEN,fill=-,flush=-,to=0/30000}{io=0/0,kio=0,kro=1}->HttpConnection@3e7171e5[p=HttpParser{s=START,0 of -1},g=HttpGenerator@274dcaa5{s=START}]=>HttpChannelOverHttp@36eb5f45{s=HttpChannelState@23232c72{s=IDLE rs=BLOCKING os=OPEN is=IDLE awp=false se=false i=true al=0},r=33,c=false/false,a=IDLE,uri=null,age=0} parse HeapByteBuffer@1ef04a69[p=0,l=294,c=8192,r=294]={<<<GET /RedirectServlet HTTP...nection: keep-alive\r\n\r\n>>>g, *; q=....\x00\x00\x00\x00\x00\x00\x00} {}
[DEBUG] parseNext s=START HeapByteBuffer@1ef04a69[p=0,l=294,c=8192,r=294]={<<<GET /RedirectServlet HTTP...nection: keep-alive\r\n\r\n>>>g, *; q=....\x00\x00\x00\x00\x00\x00\x00}
[DEBUG] START --> SPACE1
[DEBUG] SPACE1 --> URI
[DEBUG] URI --> SPACE2
[DEBUG] SPACE2 --> REQUEST_VERSION
[DEBUG] REQUEST_VERSION --> HEADER
[DEBUG] HEADER:Accept-Encoding: gzip --> IN_VALUE
[DEBUG] HEADER:Accept-Encoding: gzip --> FIELD
[DEBUG] HEADER:User-Agent: Mozilla/5.0 (Windows NT 10.0; Win64; x64) AppleWebKit/537.36 (KHTML, like Gecko) Chrome/79.0.3945.130 Safari/537.36 --> IN_VALUE
[DEBUG] HEADER:User-Agent: Mozilla/5.0 (Windows NT 10.0; Win64; x64) AppleWebKit/537.36 (KHTML, like Gecko) Chrome/79.0.3945.130 Safari/537.36 --> FIELD
[DEBUG] HEADER:Host: localhost:35372 --> IN_VALUE
[DEBUG] HEADER:Host: localhost:35372 --> FIELD
[DEBUG] HEADER:Accept: text/html, image/gif, image/jpeg, *; q=.2, */*; q=.2 --> IN_VALUE
[DEBUG] HEADER:Accept: text/html, image/gif, image/jpeg, *; q=.2, */*; q=.2 --> FIELD
[DEBUG] HEADER:Connection: keep-alive --> IN_VALUE
[DEBUG] HEADER:Connection: keep-alive --> FIELD
[DEBUG] HEADER --> CONTENT
[DEBUG] REQUEST for //localhost:35372/RedirectServlet on HttpChannelOverHttp@36eb5f45{s=HttpChannelState@23232c72{s=IDLE rs=BLOCKING os=OPEN is=IDLE awp=false se=false i=true al=0},r=34,c=false/false,a=IDLE,uri=//localhost:35372/RedirectServlet,age=0}
GET //localhost:35372/RedirectServlet HTTP/1.1
Accept-Encoding: gzip
User-Agent: Mozilla/5.0 (Windows NT 10.0; Win64; x64) AppleWebKit/537.36 (KHTML, like Gecko) Chrome/79.0.3945.130 Safari/537.36
Host: localhost:35372
Accept: text/html, image/gif, image/jpeg, *; q=.2, */*; q=.2
Connection: keep-alive


[DEBUG] HttpConnection@3e7171e5::SocketChannelEndPoint@3d491fad{l=/127.0.0.1:35372,r=/127.0.0.1:60190,OPEN,fill=-,flush=-,to=0/30000}{io=0/0,kio=0,kro=1}->HttpConnection@3e7171e5[p=HttpParser{s=CONTENT,0 of -1},g=HttpGenerator@274dcaa5{s=START}]=>HttpChannelOverHttp@36eb5f45{s=HttpChannelState@23232c72{s=IDLE rs=BLOCKING os=OPEN is=IDLE awp=false se=false i=true al=0},r=34,c=false/false,a=IDLE,uri=//localhost:35372/RedirectServlet,age=0} parsed true HttpParser{s=CONTENT,0 of -1}
[DEBUG] releaseRequestBuffer HttpConnection@3e7171e5::SocketChannelEndPoint@3d491fad{l=/127.0.0.1:35372,r=/127.0.0.1:60190,OPEN,fill=-,flush=-,to=0/30000}{io=0/0,kio=0,kro=1}->HttpConnection@3e7171e5[p=HttpParser{s=CONTENT,0 of -1},g=HttpGenerator@274dcaa5{s=START}]=>HttpChannelOverHttp@36eb5f45{s=HttpChannelState@23232c72{s=IDLE rs=BLOCKING os=OPEN is=IDLE awp=false se=false i=true al=0},r=34,c=false/false,a=IDLE,uri=//localhost:35372/RedirectServlet,age=0}
[DEBUG] handle //localhost:35372/RedirectServlet HttpChannelOverHttp@36eb5f45{s=HttpChannelState@23232c72{s=IDLE rs=BLOCKING os=OPEN is=IDLE awp=false se=false i=true al=0},r=34,c=false/false,a=IDLE,uri=//localhost:35372/RedirectServlet,age=0} 
[DEBUG] handling HttpChannelState@23232c72{s=IDLE rs=BLOCKING os=OPEN is=IDLE awp=false se=false i=true al=0}
[DEBUG] action DISPATCH HttpChannelOverHttp@36eb5f45{s=HttpChannelState@23232c72{s=HANDLING rs=BLOCKING os=OPEN is=IDLE awp=false se=false i=true al=0},r=34,c=false/false,a=HANDLING,uri=//localhost:35372/RedirectServlet,age=0}
[DEBUG] REQUEST GET /RedirectServlet on HttpChannelOverHttp@36eb5f45{s=HttpChannelState@23232c72{s=HANDLING rs=BLOCKING os=OPEN is=IDLE awp=false se=false i=true al=0},r=34,c=false/false,a=HANDLING,uri=//localhost:35372/RedirectServlet,age=1}
[DEBUG] servlet null|/RedirectServlet|null -> org.jsoup.integration.servlets.RedirectServlet-77bb0ab5==org.jsoup.integration.servlets.RedirectServlet@f84cd177{jsp=null,order=-1,inst=true,async=true,src=EMBEDDED:null,STARTED}
[DEBUG] chain=null
[DEBUG] handled=true async=false committed=false on HttpChannelOverHttp@36eb5f45{s=HttpChannelState@23232c72{s=HANDLING rs=BLOCKING os=OPEN is=IDLE awp=false se=false i=true al=0},r=34,c=false/false,a=HANDLING,uri=//localhost:35372/RedirectServlet,age=1}
[DEBUG] unhandle HttpChannelState@23232c72{s=HANDLING rs=BLOCKING os=OPEN is=IDLE awp=false se=false i=true al=0}
[DEBUG] nextAction(false) COMPLETE HttpChannelState@23232c72{s=HANDLING rs=COMPLETING os=OPEN is=IDLE awp=false se=false i=false al=0}
[DEBUG] action COMPLETE HttpChannelOverHttp@36eb5f45{s=HttpChannelState@23232c72{s=HANDLING rs=COMPLETING os=OPEN is=IDLE awp=false se=false i=false al=0},r=34,c=false/false,a=HANDLING,uri=//localhost:35372/RedirectServlet,age=1}
[DEBUG] filled 0 HeapByteBuffer@2a66826a[p=0,l=0,c=8192,r=0]={<<<>>>GET /File...\x86&h\xA0{\xC1\xC2}
[DEBUG] filled 0 HeapByteBuffer@2a66826a[p=0,l=0,c=8192,r=0]={<<<>>>GET /File...\x86&h\xA0{\xC1\xC2}
[DEBUG] HttpConnection@3e7171e5::SocketChannelEndPoint@3d491fad{l=/127.0.0.1:35372,r=/127.0.0.1:60190,OPEN,fill=-,flush=-,to=1/30000}{io=0/0,kio=0,kro=1}->HttpConnection@3e7171e5[p=HttpParser{s=CONTENT,0 of -1},g=HttpGenerator@274dcaa5{s=START}]=>HttpChannelOverHttp@36eb5f45{s=HttpChannelState@23232c72{s=HANDLING rs=COMPLETING os=OPEN is=IDLE awp=false se=false i=false al=0},r=34,c=false/false,a=HANDLING,uri=//localhost:35372/RedirectServlet,age=1} filled 0 HeapByteBuffer@2a66826a[p=0,l=0,c=8192,r=0]={<<<>>>GET /File...\x86&h\xA0{\xC1\xC2}
[DEBUG] HttpConnection@3e7171e5::SocketChannelEndPoint@3d491fad{l=/127.0.0.1:35372,r=/127.0.0.1:60190,OPEN,fill=-,flush=-,to=1/30000}{io=0/0,kio=0,kro=1}->HttpConnection@3e7171e5[p=HttpParser{s=CONTENT,0 of -1},g=HttpGenerator@274dcaa5{s=START}]=>HttpChannelOverHttp@36eb5f45{s=HttpChannelState@23232c72{s=HANDLING rs=COMPLETING os=OPEN is=IDLE awp=false se=false i=false al=0},r=34,c=false/false,a=HANDLING,uri=//localhost:35372/RedirectServlet,age=1} parse HeapByteBuffer@2a66826a[p=0,l=0,c=8192,r=0]={<<<>>>GET /File...\x86&h\xA0{\xC1\xC2} {}
[DEBUG] parseNext s=CONTENT HeapByteBuffer@2a66826a[p=0,l=0,c=8192,r=0]={<<<>>>GET /File...\x86&h\xA0{\xC1\xC2}
[DEBUG] CONTENT --> CONTENT_END
[DEBUG] onContentComplete HttpChannelOverHttp@36eb5f45{s=HttpChannelState@23232c72{s=HANDLING rs=COMPLETING os=OPEN is=IDLE awp=false se=false i=false al=0},r=34,c=false/false,a=HANDLING,uri=//localhost:35372/RedirectServlet,age=1}
[DEBUG] CONTENT_END --> END
[DEBUG] onRequestComplete HttpChannelOverHttp@36eb5f45{s=HttpChannelState@23232c72{s=HANDLING rs=COMPLETING os=OPEN is=IDLE awp=false se=false i=false al=0},r=34,c=false/false,a=HANDLING,uri=//localhost:35372/RedirectServlet,age=1}
[DEBUG] HttpInputOverHTTP@376cf161[c=0,q=0,[0]=null,s=STREAM] addContent EOF
[DEBUG] HttpConnection@3e7171e5::SocketChannelEndPoint@3d491fad{l=/127.0.0.1:35372,r=/127.0.0.1:60190,OPEN,fill=-,flush=-,to=1/30000}{io=0/0,kio=0,kro=1}->HttpConnection@3e7171e5[p=HttpParser{s=END,0 of -1},g=HttpGenerator@274dcaa5{s=START}]=>HttpChannelOverHttp@36eb5f45{s=HttpChannelState@23232c72{s=HANDLING rs=COMPLETING os=OPEN is=IDLE awp=false se=false i=false al=0},r=34,c=false/false,a=HANDLING,uri=//localhost:35372/RedirectServlet,age=1} parsed false HttpParser{s=END,0 of -1}
[DEBUG] releaseRequestBuffer HttpConnection@3e7171e5::SocketChannelEndPoint@3d491fad{l=/127.0.0.1:35372,r=/127.0.0.1:60190,OPEN,fill=-,flush=-,to=1/30000}{io=0/0,kio=0,kro=1}->HttpConnection@3e7171e5[p=HttpParser{s=END,0 of -1},g=HttpGenerator@274dcaa5{s=START}]=>HttpChannelOverHttp@36eb5f45{s=HttpChannelState@23232c72{s=HANDLING rs=COMPLETING os=OPEN is=IDLE awp=false se=false i=false al=0},r=34,c=false/false,a=HANDLING,uri=//localhost:35372/RedirectServlet,age=1}
[DEBUG] complete(org.eclipse.jetty.util.Callback$3@56b2512e) s=CLOSING,api=BLOCKED,sc=false,e=null s=false e=null, c=HeapByteBuffer@13dae45a[p=0,l=0,c=0,r=0]={<<<>>>}
[DEBUG] sendResponse info=null content=HeapByteBuffer@13dae45a[p=0,l=0,c=0,r=0]={<<<>>>} complete=true committing=true callback=org.eclipse.jetty.server.HttpOutput$WriteCompleteCB@1a166280
[DEBUG] COMMIT for /RedirectServlet on HttpChannelOverHttp@36eb5f45{s=HttpChannelState@23232c72{s=HANDLING rs=COMPLETING os=COMMITTED is=IDLE awp=false se=false i=false al=0},r=34,c=false/false,a=HANDLING,uri=//localhost:35372/RedirectServlet,age=1}
302 null HTTP/1.1
Date: Tue, 28 Sep 2021 06:03:32 GMT
Location: 


[DEBUG] generate: NEED_HEADER for SendCallback@410c6bef[PROCESSING][i=HTTP/1.1{s=302,h=2,cl=-1},cb=org.eclipse.jetty.server.HttpChannel$SendCallback@65884049] (null,[p=0,l=0,c=0,r=0],true)@START
[DEBUG] generateHeaders HTTP/1.1{s=302,h=2,cl=-1} last=true content=HeapByteBuffer@13dae45a[p=0,l=0,c=0,r=0]={<<<>>>}
[DEBUG] Date: Tue, 28 Sep 2021 06:03:32 GMT
Location: 


[DEBUG] CONTENT_LENGTH
[DEBUG] generate: FLUSH for SendCallback@410c6bef[PROCESSING][i=HTTP/1.1{s=302,h=2,cl=-1},cb=org.eclipse.jetty.server.HttpChannel$SendCallback@65884049] ([p=0,l=123,c=8192,r=123],[p=0,l=0,c=0,r=0],true)@COMPLETING
[DEBUG] write: WriteFlusher@2071150d{IDLE}->null [HeapByteBuffer@460916c[p=0,l=123,c=8192,r=123]={<<<HTTP/1.1 302 Found\r\nDate:...y(9.4.43.v20210629)\r\n\r\n>>>er: Jetty...\x00\x00\x00\x00\x00\x00\x00}]
[DEBUG] update WriteFlusher@2071150d{WRITING}->null:IDLE-->WRITING
[DEBUG] flushed 123 SocketChannelEndPoint@3d491fad{l=/127.0.0.1:35372,r=/127.0.0.1:60190,OPEN,fill=-,flush=W,to=2/30000}{io=0/0,kio=0,kro=1}->HttpConnection@3e7171e5[p=HttpParser{s=END,0 of -1},g=HttpGenerator@274dcaa5{s=COMPLETING}]=>HttpChannelOverHttp@36eb5f45{s=HttpChannelState@23232c72{s=HANDLING rs=COMPLETING os=COMMITTED is=IDLE awp=false se=false i=false al=0},r=34,c=false/false,a=HANDLING,uri=//localhost:35372/RedirectServlet,age=2}
[DEBUG] Flushed=true written=123 remaining=0 WriteFlusher@2071150d{WRITING}->null
[DEBUG] update WriteFlusher@2071150d{IDLE}->null:WRITING-->IDLE
[DEBUG] generate: DONE for SendCallback@410c6bef[PROCESSING][i=HTTP/1.1{s=302,h=2,cl=-1},cb=org.eclipse.jetty.server.HttpChannel$SendCallback@65884049] ([p=123,l=123,c=8192,r=0],[p=0,l=0,c=0,r=0],true)@END
[DEBUG] onWriteComplete(true,null) s=CLOSING,api=BLOCKED,sc=false,e=null->s=CLOSED,api=BLOCKING,sc=false,e=null c=null cb=org.eclipse.jetty.util.Callback$3@56b2512e w=false
[DEBUG] completed HttpChannelState@23232c72{s=HANDLING rs=COMPLETING os=COMPLETED is=IDLE awp=false se=false i=false al=0}
[DEBUG] unhandle HttpChannelState@23232c72{s=HANDLING rs=COMPLETED os=COMPLETED is=IDLE awp=false se=false i=false al=0}
[DEBUG] nextAction(false) TERMINATED HttpChannelState@23232c72{s=IDLE rs=COMPLETED os=COMPLETED is=IDLE awp=false se=false i=false al=0}
[DEBUG] action TERMINATED HttpChannelOverHttp@36eb5f45{s=HttpChannelState@23232c72{s=IDLE rs=COMPLETED os=COMPLETED is=IDLE awp=false se=false i=false al=0},r=34,c=true/true,a=IDLE,uri=//localhost:35372/RedirectServlet,age=2}
[DEBUG] onCompleted for /RedirectServlet written=0
[DEBUG] recycle HttpChannelState@23232c72{s=IDLE rs=COMPLETED os=COMPLETED is=IDLE awp=false se=false i=false al=0}
[DEBUG] reset HttpParser{s=END,0 of -1}
[DEBUG] END --> START
[DEBUG] !handle TERMINATED HttpChannelOverHttp@36eb5f45{s=HttpChannelState@23232c72{s=IDLE rs=BLOCKING os=OPEN is=IDLE awp=false se=false i=true al=0},r=34,c=false/false,a=IDLE,uri=null,age=0}
[DEBUG] filled 294 HeapByteBuffer@1ef04a69[p=0,l=294,c=8192,r=294]={<<<GET /RedirectServlet HTTP...nection: keep-alive\r\n\r\n>>>g, *; q=....\x00\x00\x00\x00\x00\x00\x00}
[DEBUG] HttpConnection@3e7171e5::SocketChannelEndPoint@3d491fad{l=/127.0.0.1:35372,r=/127.0.0.1:60190,OPEN,fill=-,flush=-,to=0/30000}{io=0/0,kio=0,kro=1}->HttpConnection@3e7171e5[p=HttpParser{s=START,0 of -1},g=HttpGenerator@274dcaa5{s=START}]=>HttpChannelOverHttp@36eb5f45{s=HttpChannelState@23232c72{s=IDLE rs=BLOCKING os=OPEN is=IDLE awp=false se=false i=true al=0},r=34,c=false/false,a=IDLE,uri=null,age=0} filled 294 HeapByteBuffer@1ef04a69[p=0,l=294,c=8192,r=294]={<<<GET /RedirectServlet HTTP...nection: keep-alive\r\n\r\n>>>g, *; q=....\x00\x00\x00\x00\x00\x00\x00}
[DEBUG] HttpConnection@3e7171e5::SocketChannelEndPoint@3d491fad{l=/127.0.0.1:35372,r=/127.0.0.1:60190,OPEN,fill=-,flush=-,to=0/30000}{io=0/0,kio=0,kro=1}->HttpConnection@3e7171e5[p=HttpParser{s=START,0 of -1},g=HttpGenerator@274dcaa5{s=START}]=>HttpChannelOverHttp@36eb5f45{s=HttpChannelState@23232c72{s=IDLE rs=BLOCKING os=OPEN is=IDLE awp=false se=false i=true al=0},r=34,c=false/false,a=IDLE,uri=null,age=0} parse HeapByteBuffer@1ef04a69[p=0,l=294,c=8192,r=294]={<<<GET /RedirectServlet HTTP...nection: keep-alive\r\n\r\n>>>g, *; q=....\x00\x00\x00\x00\x00\x00\x00} {}
[DEBUG] parseNext s=START HeapByteBuffer@1ef04a69[p=0,l=294,c=8192,r=294]={<<<GET /RedirectServlet HTTP...nection: keep-alive\r\n\r\n>>>g, *; q=....\x00\x00\x00\x00\x00\x00\x00}
[DEBUG] START --> SPACE1
[DEBUG] SPACE1 --> URI
[DEBUG] URI --> SPACE2
[DEBUG] SPACE2 --> REQUEST_VERSION
[DEBUG] REQUEST_VERSION --> HEADER
[DEBUG] HEADER:Accept-Encoding: gzip --> IN_VALUE
[DEBUG] HEADER:Accept-Encoding: gzip --> FIELD
[DEBUG] HEADER:User-Agent: Mozilla/5.0 (Windows NT 10.0; Win64; x64) AppleWebKit/537.36 (KHTML, like Gecko) Chrome/79.0.3945.130 Safari/537.36 --> IN_VALUE
[DEBUG] HEADER:User-Agent: Mozilla/5.0 (Windows NT 10.0; Win64; x64) AppleWebKit/537.36 (KHTML, like Gecko) Chrome/79.0.3945.130 Safari/537.36 --> FIELD
[DEBUG] HEADER:Host: localhost:35372 --> IN_VALUE
[DEBUG] HEADER:Host: localhost:35372 --> FIELD
[DEBUG] HEADER:Accept: text/html, image/gif, image/jpeg, *; q=.2, */*; q=.2 --> IN_VALUE
[DEBUG] HEADER:Accept: text/html, image/gif, image/jpeg, *; q=.2, */*; q=.2 --> FIELD
[DEBUG] HEADER:Connection: keep-alive --> IN_VALUE
[DEBUG] HEADER:Connection: keep-alive --> FIELD
[DEBUG] HEADER --> CONTENT
[DEBUG] REQUEST for //localhost:35372/RedirectServlet on HttpChannelOverHttp@36eb5f45{s=HttpChannelState@23232c72{s=IDLE rs=BLOCKING os=OPEN is=IDLE awp=false se=false i=true al=0},r=35,c=false/false,a=IDLE,uri=//localhost:35372/RedirectServlet,age=0}
GET //localhost:35372/RedirectServlet HTTP/1.1
Accept-Encoding: gzip
User-Agent: Mozilla/5.0 (Windows NT 10.0; Win64; x64) AppleWebKit/537.36 (KHTML, like Gecko) Chrome/79.0.3945.130 Safari/537.36
Host: localhost:35372
Accept: text/html, image/gif, image/jpeg, *; q=.2, */*; q=.2
Connection: keep-alive


[DEBUG] HttpConnection@3e7171e5::SocketChannelEndPoint@3d491fad{l=/127.0.0.1:35372,r=/127.0.0.1:60190,OPEN,fill=-,flush=-,to=0/30000}{io=0/0,kio=0,kro=1}->HttpConnection@3e7171e5[p=HttpParser{s=CONTENT,0 of -1},g=HttpGenerator@274dcaa5{s=START}]=>HttpChannelOverHttp@36eb5f45{s=HttpChannelState@23232c72{s=IDLE rs=BLOCKING os=OPEN is=IDLE awp=false se=false i=true al=0},r=35,c=false/false,a=IDLE,uri=//localhost:35372/RedirectServlet,age=0} parsed true HttpParser{s=CONTENT,0 of -1}
[DEBUG] releaseRequestBuffer HttpConnection@3e7171e5::SocketChannelEndPoint@3d491fad{l=/127.0.0.1:35372,r=/127.0.0.1:60190,OPEN,fill=-,flush=-,to=0/30000}{io=0/0,kio=0,kro=1}->HttpConnection@3e7171e5[p=HttpParser{s=CONTENT,0 of -1},g=HttpGenerator@274dcaa5{s=START}]=>HttpChannelOverHttp@36eb5f45{s=HttpChannelState@23232c72{s=IDLE rs=BLOCKING os=OPEN is=IDLE awp=false se=false i=true al=0},r=35,c=false/false,a=IDLE,uri=//localhost:35372/RedirectServlet,age=0}
[DEBUG] handle //localhost:35372/RedirectServlet HttpChannelOverHttp@36eb5f45{s=HttpChannelState@23232c72{s=IDLE rs=BLOCKING os=OPEN is=IDLE awp=false se=false i=true al=0},r=35,c=false/false,a=IDLE,uri=//localhost:35372/RedirectServlet,age=0} 
[DEBUG] handling HttpChannelState@23232c72{s=IDLE rs=BLOCKING os=OPEN is=IDLE awp=false se=false i=true al=0}
[DEBUG] action DISPATCH HttpChannelOverHttp@36eb5f45{s=HttpChannelState@23232c72{s=HANDLING rs=BLOCKING os=OPEN is=IDLE awp=false se=false i=true al=0},r=35,c=false/false,a=HANDLING,uri=//localhost:35372/RedirectServlet,age=0}
[DEBUG] REQUEST GET /RedirectServlet on HttpChannelOverHttp@36eb5f45{s=HttpChannelState@23232c72{s=HANDLING rs=BLOCKING os=OPEN is=IDLE awp=false se=false i=true al=0},r=35,c=false/false,a=HANDLING,uri=//localhost:35372/RedirectServlet,age=0}
[DEBUG] servlet null|/RedirectServlet|null -> org.jsoup.integration.servlets.RedirectServlet-77bb0ab5==org.jsoup.integration.servlets.RedirectServlet@f84cd177{jsp=null,order=-1,inst=true,async=true,src=EMBEDDED:null,STARTED}
[DEBUG] chain=null
[DEBUG] handled=true async=false committed=false on HttpChannelOverHttp@36eb5f45{s=HttpChannelState@23232c72{s=HANDLING rs=BLOCKING os=OPEN is=IDLE awp=false se=false i=true al=0},r=35,c=false/false,a=HANDLING,uri=//localhost:35372/RedirectServlet,age=1}
[DEBUG] unhandle HttpChannelState@23232c72{s=HANDLING rs=BLOCKING os=OPEN is=IDLE awp=false se=false i=true al=0}
[DEBUG] nextAction(false) COMPLETE HttpChannelState@23232c72{s=HANDLING rs=COMPLETING os=OPEN is=IDLE awp=false se=false i=false al=0}
[DEBUG] action COMPLETE HttpChannelOverHttp@36eb5f45{s=HttpChannelState@23232c72{s=HANDLING rs=COMPLETING os=OPEN is=IDLE awp=false se=false i=false al=0},r=35,c=false/false,a=HANDLING,uri=//localhost:35372/RedirectServlet,age=1}
[DEBUG] filled 0 HeapByteBuffer@2a66826a[p=0,l=0,c=8192,r=0]={<<<>>>GET /File...\x86&h\xA0{\xC1\xC2}
[DEBUG] filled 0 HeapByteBuffer@2a66826a[p=0,l=0,c=8192,r=0]={<<<>>>GET /File...\x86&h\xA0{\xC1\xC2}
[DEBUG] HttpConnection@3e7171e5::SocketChannelEndPoint@3d491fad{l=/127.0.0.1:35372,r=/127.0.0.1:60190,OPEN,fill=-,flush=-,to=1/30000}{io=0/0,kio=0,kro=1}->HttpConnection@3e7171e5[p=HttpParser{s=CONTENT,0 of -1},g=HttpGenerator@274dcaa5{s=START}]=>HttpChannelOverHttp@36eb5f45{s=HttpChannelState@23232c72{s=HANDLING rs=COMPLETING os=OPEN is=IDLE awp=false se=false i=false al=0},r=35,c=false/false,a=HANDLING,uri=//localhost:35372/RedirectServlet,age=1} filled 0 HeapByteBuffer@2a66826a[p=0,l=0,c=8192,r=0]={<<<>>>GET /File...\x86&h\xA0{\xC1\xC2}
[DEBUG] HttpConnection@3e7171e5::SocketChannelEndPoint@3d491fad{l=/127.0.0.1:35372,r=/127.0.0.1:60190,OPEN,fill=-,flush=-,to=1/30000}{io=0/0,kio=0,kro=1}->HttpConnection@3e7171e5[p=HttpParser{s=CONTENT,0 of -1},g=HttpGenerator@274dcaa5{s=START}]=>HttpChannelOverHttp@36eb5f45{s=HttpChannelState@23232c72{s=HANDLING rs=COMPLETING os=OPEN is=IDLE awp=false se=false i=false al=0},r=35,c=false/false,a=HANDLING,uri=//localhost:35372/RedirectServlet,age=1} parse HeapByteBuffer@2a66826a[p=0,l=0,c=8192,r=0]={<<<>>>GET /File...\x86&h\xA0{\xC1\xC2} {}
[DEBUG] parseNext s=CONTENT HeapByteBuffer@2a66826a[p=0,l=0,c=8192,r=0]={<<<>>>GET /File...\x86&h\xA0{\xC1\xC2}
[DEBUG] CONTENT --> CONTENT_END
[DEBUG] onContentComplete HttpChannelOverHttp@36eb5f45{s=HttpChannelState@23232c72{s=HANDLING rs=COMPLETING os=OPEN is=IDLE awp=false se=false i=false al=0},r=35,c=false/false,a=HANDLING,uri=//localhost:35372/RedirectServlet,age=1}
[DEBUG] CONTENT_END --> END
[DEBUG] onRequestComplete HttpChannelOverHttp@36eb5f45{s=HttpChannelState@23232c72{s=HANDLING rs=COMPLETING os=OPEN is=IDLE awp=false se=false i=false al=0},r=35,c=false/false,a=HANDLING,uri=//localhost:35372/RedirectServlet,age=1}
[DEBUG] HttpInputOverHTTP@376cf161[c=0,q=0,[0]=null,s=STREAM] addContent EOF
[DEBUG] HttpConnection@3e7171e5::SocketChannelEndPoint@3d491fad{l=/127.0.0.1:35372,r=/127.0.0.1:60190,OPEN,fill=-,flush=-,to=1/30000}{io=0/0,kio=0,kro=1}->HttpConnection@3e7171e5[p=HttpParser{s=END,0 of -1},g=HttpGenerator@274dcaa5{s=START}]=>HttpChannelOverHttp@36eb5f45{s=HttpChannelState@23232c72{s=HANDLING rs=COMPLETING os=OPEN is=IDLE awp=false se=false i=false al=0},r=35,c=false/false,a=HANDLING,uri=//localhost:35372/RedirectServlet,age=1} parsed false HttpParser{s=END,0 of -1}
[DEBUG] releaseRequestBuffer HttpConnection@3e7171e5::SocketChannelEndPoint@3d491fad{l=/127.0.0.1:35372,r=/127.0.0.1:60190,OPEN,fill=-,flush=-,to=1/30000}{io=0/0,kio=0,kro=1}->HttpConnection@3e7171e5[p=HttpParser{s=END,0 of -1},g=HttpGenerator@274dcaa5{s=START}]=>HttpChannelOverHttp@36eb5f45{s=HttpChannelState@23232c72{s=HANDLING rs=COMPLETING os=OPEN is=IDLE awp=false se=false i=false al=0},r=35,c=false/false,a=HANDLING,uri=//localhost:35372/RedirectServlet,age=1}
[DEBUG] complete(org.eclipse.jetty.util.Callback$3@53db9faa) s=CLOSING,api=BLOCKED,sc=false,e=null s=false e=null, c=HeapByteBuffer@13dae45a[p=0,l=0,c=0,r=0]={<<<>>>}
[DEBUG] sendResponse info=null content=HeapByteBuffer@13dae45a[p=0,l=0,c=0,r=0]={<<<>>>} complete=true committing=true callback=org.eclipse.jetty.server.HttpOutput$WriteCompleteCB@17249fde
[DEBUG] COMMIT for /RedirectServlet on HttpChannelOverHttp@36eb5f45{s=HttpChannelState@23232c72{s=HANDLING rs=COMPLETING os=COMMITTED is=IDLE awp=false se=false i=false al=0},r=35,c=false/false,a=HANDLING,uri=//localhost:35372/RedirectServlet,age=1}
302 null HTTP/1.1
Date: Tue, 28 Sep 2021 06:03:32 GMT
Location: 


[DEBUG] generate: NEED_HEADER for SendCallback@410c6bef[PROCESSING][i=HTTP/1.1{s=302,h=2,cl=-1},cb=org.eclipse.jetty.server.HttpChannel$SendCallback@3e8ffdd8] (null,[p=0,l=0,c=0,r=0],true)@START
[DEBUG] generateHeaders HTTP/1.1{s=302,h=2,cl=-1} last=true content=HeapByteBuffer@13dae45a[p=0,l=0,c=0,r=0]={<<<>>>}
[DEBUG] Date: Tue, 28 Sep 2021 06:03:32 GMT
Location: 


[DEBUG] CONTENT_LENGTH
[DEBUG] generate: FLUSH for SendCallback@410c6bef[PROCESSING][i=HTTP/1.1{s=302,h=2,cl=-1},cb=org.eclipse.jetty.server.HttpChannel$SendCallback@3e8ffdd8] ([p=0,l=123,c=8192,r=123],[p=0,l=0,c=0,r=0],true)@COMPLETING
[DEBUG] write: WriteFlusher@2071150d{IDLE}->null [HeapByteBuffer@460916c[p=0,l=123,c=8192,r=123]={<<<HTTP/1.1 302 Found\r\nDate:...y(9.4.43.v20210629)\r\n\r\n>>>er: Jetty...\x00\x00\x00\x00\x00\x00\x00}]
[DEBUG] update WriteFlusher@2071150d{WRITING}->null:IDLE-->WRITING
[DEBUG] flushed 123 SocketChannelEndPoint@3d491fad{l=/127.0.0.1:35372,r=/127.0.0.1:60190,OPEN,fill=-,flush=W,to=6/30000}{io=0/0,kio=0,kro=1}->HttpConnection@3e7171e5[p=HttpParser{s=END,0 of -1},g=HttpGenerator@274dcaa5{s=COMPLETING}]=>HttpChannelOverHttp@36eb5f45{s=HttpChannelState@23232c72{s=HANDLING rs=COMPLETING os=COMMITTED is=IDLE awp=false se=false i=false al=0},r=35,c=false/false,a=HANDLING,uri=//localhost:35372/RedirectServlet,age=7}
[DEBUG] Flushed=true written=123 remaining=0 WriteFlusher@2071150d{WRITING}->null
[DEBUG] update WriteFlusher@2071150d{IDLE}->null:WRITING-->IDLE
[DEBUG] generate: DONE for SendCallback@410c6bef[PROCESSING][i=HTTP/1.1{s=302,h=2,cl=-1},cb=org.eclipse.jetty.server.HttpChannel$SendCallback@3e8ffdd8] ([p=123,l=123,c=8192,r=0],[p=0,l=0,c=0,r=0],true)@END
[DEBUG] onWriteComplete(true,null) s=CLOSING,api=BLOCKED,sc=false,e=null->s=CLOSED,api=BLOCKING,sc=false,e=null c=null cb=org.eclipse.jetty.util.Callback$3@53db9faa w=false
[DEBUG] completed HttpChannelState@23232c72{s=HANDLING rs=COMPLETING os=COMPLETED is=IDLE awp=false se=false i=false al=0}
[DEBUG] unhandle HttpChannelState@23232c72{s=HANDLING rs=COMPLETED os=COMPLETED is=IDLE awp=false se=false i=false al=0}
[DEBUG] nextAction(false) TERMINATED HttpChannelState@23232c72{s=IDLE rs=COMPLETED os=COMPLETED is=IDLE awp=false se=false i=false al=0}
[DEBUG] action TERMINATED HttpChannelOverHttp@36eb5f45{s=HttpChannelState@23232c72{s=IDLE rs=COMPLETED os=COMPLETED is=IDLE awp=false se=false i=false al=0},r=35,c=true/true,a=IDLE,uri=//localhost:35372/RedirectServlet,age=7}
[DEBUG] onCompleted for /RedirectServlet written=0
[DEBUG] recycle HttpChannelState@23232c72{s=IDLE rs=COMPLETED os=COMPLETED is=IDLE awp=false se=false i=false al=0}
[DEBUG] reset HttpParser{s=END,0 of -1}
[DEBUG] END --> START
[DEBUG] !handle TERMINATED HttpChannelOverHttp@36eb5f45{s=HttpChannelState@23232c72{s=IDLE rs=BLOCKING os=OPEN is=IDLE awp=false se=false i=true al=0},r=35,c=false/false,a=IDLE,uri=null,age=0}
[DEBUG] filled 294 HeapByteBuffer@1ef04a69[p=0,l=294,c=8192,r=294]={<<<GET /RedirectServlet HTTP...nection: keep-alive\r\n\r\n>>>g, *; q=....\x00\x00\x00\x00\x00\x00\x00}
[DEBUG] HttpConnection@3e7171e5::SocketChannelEndPoint@3d491fad{l=/127.0.0.1:35372,r=/127.0.0.1:60190,OPEN,fill=-,flush=-,to=0/30000}{io=0/0,kio=0,kro=1}->HttpConnection@3e7171e5[p=HttpParser{s=START,0 of -1},g=HttpGenerator@274dcaa5{s=START}]=>HttpChannelOverHttp@36eb5f45{s=HttpChannelState@23232c72{s=IDLE rs=BLOCKING os=OPEN is=IDLE awp=false se=false i=true al=0},r=35,c=false/false,a=IDLE,uri=null,age=0} filled 294 HeapByteBuffer@1ef04a69[p=0,l=294,c=8192,r=294]={<<<GET /RedirectServlet HTTP...nection: keep-alive\r\n\r\n>>>g, *; q=....\x00\x00\x00\x00\x00\x00\x00}
[DEBUG] HttpConnection@3e7171e5::SocketChannelEndPoint@3d491fad{l=/127.0.0.1:35372,r=/127.0.0.1:60190,OPEN,fill=-,flush=-,to=0/30000}{io=0/0,kio=0,kro=1}->HttpConnection@3e7171e5[p=HttpParser{s=START,0 of -1},g=HttpGenerator@274dcaa5{s=START}]=>HttpChannelOverHttp@36eb5f45{s=HttpChannelState@23232c72{s=IDLE rs=BLOCKING os=OPEN is=IDLE awp=false se=false i=true al=0},r=35,c=false/false,a=IDLE,uri=null,age=0} parse HeapByteBuffer@1ef04a69[p=0,l=294,c=8192,r=294]={<<<GET /RedirectServlet HTTP...nection: keep-alive\r\n\r\n>>>g, *; q=....\x00\x00\x00\x00\x00\x00\x00} {}
[DEBUG] parseNext s=START HeapByteBuffer@1ef04a69[p=0,l=294,c=8192,r=294]={<<<GET /RedirectServlet HTTP...nection: keep-alive\r\n\r\n>>>g, *; q=....\x00\x00\x00\x00\x00\x00\x00}
[DEBUG] START --> SPACE1
[DEBUG] SPACE1 --> URI
[DEBUG] URI --> SPACE2
[DEBUG] SPACE2 --> REQUEST_VERSION
[DEBUG] REQUEST_VERSION --> HEADER
[DEBUG] HEADER:Accept-Encoding: gzip --> IN_VALUE
[DEBUG] HEADER:Accept-Encoding: gzip --> FIELD
[DEBUG] HEADER:User-Agent: Mozilla/5.0 (Windows NT 10.0; Win64; x64) AppleWebKit/537.36 (KHTML, like Gecko) Chrome/79.0.3945.130 Safari/537.36 --> IN_VALUE
[DEBUG] HEADER:User-Agent: Mozilla/5.0 (Windows NT 10.0; Win64; x64) AppleWebKit/537.36 (KHTML, like Gecko) Chrome/79.0.3945.130 Safari/537.36 --> FIELD
[DEBUG] HEADER:Host: localhost:35372 --> IN_VALUE
[DEBUG] HEADER:Host: localhost:35372 --> FIELD
[DEBUG] HEADER:Accept: text/html, image/gif, image/jpeg, *; q=.2, */*; q=.2 --> IN_VALUE
[DEBUG] HEADER:Accept: text/html, image/gif, image/jpeg, *; q=.2, */*; q=.2 --> FIELD
[DEBUG] HEADER:Connection: keep-alive --> IN_VALUE
[DEBUG] HEADER:Connection: keep-alive --> FIELD
[DEBUG] HEADER --> CONTENT
[DEBUG] REQUEST for //localhost:35372/RedirectServlet on HttpChannelOverHttp@36eb5f45{s=HttpChannelState@23232c72{s=IDLE rs=BLOCKING os=OPEN is=IDLE awp=false se=false i=true al=0},r=36,c=false/false,a=IDLE,uri=//localhost:35372/RedirectServlet,age=0}
GET //localhost:35372/RedirectServlet HTTP/1.1
Accept-Encoding: gzip
User-Agent: Mozilla/5.0 (Windows NT 10.0; Win64; x64) AppleWebKit/537.36 (KHTML, like Gecko) Chrome/79.0.3945.130 Safari/537.36
Host: localhost:35372
Accept: text/html, image/gif, image/jpeg, *; q=.2, */*; q=.2
Connection: keep-alive


[DEBUG] HttpConnection@3e7171e5::SocketChannelEndPoint@3d491fad{l=/127.0.0.1:35372,r=/127.0.0.1:60190,OPEN,fill=-,flush=-,to=0/30000}{io=0/0,kio=0,kro=1}->HttpConnection@3e7171e5[p=HttpParser{s=CONTENT,0 of -1},g=HttpGenerator@274dcaa5{s=START}]=>HttpChannelOverHttp@36eb5f45{s=HttpChannelState@23232c72{s=IDLE rs=BLOCKING os=OPEN is=IDLE awp=false se=false i=true al=0},r=36,c=false/false,a=IDLE,uri=//localhost:35372/RedirectServlet,age=0} parsed true HttpParser{s=CONTENT,0 of -1}
[DEBUG] releaseRequestBuffer HttpConnection@3e7171e5::SocketChannelEndPoint@3d491fad{l=/127.0.0.1:35372,r=/127.0.0.1:60190,OPEN,fill=-,flush=-,to=0/30000}{io=0/0,kio=0,kro=1}->HttpConnection@3e7171e5[p=HttpParser{s=CONTENT,0 of -1},g=HttpGenerator@274dcaa5{s=START}]=>HttpChannelOverHttp@36eb5f45{s=HttpChannelState@23232c72{s=IDLE rs=BLOCKING os=OPEN is=IDLE awp=false se=false i=true al=0},r=36,c=false/false,a=IDLE,uri=//localhost:35372/RedirectServlet,age=0}
[DEBUG] handle //localhost:35372/RedirectServlet HttpChannelOverHttp@36eb5f45{s=HttpChannelState@23232c72{s=IDLE rs=BLOCKING os=OPEN is=IDLE awp=false se=false i=true al=0},r=36,c=false/false,a=IDLE,uri=//localhost:35372/RedirectServlet,age=0} 
[DEBUG] handling HttpChannelState@23232c72{s=IDLE rs=BLOCKING os=OPEN is=IDLE awp=false se=false i=true al=0}
[DEBUG] action DISPATCH HttpChannelOverHttp@36eb5f45{s=HttpChannelState@23232c72{s=HANDLING rs=BLOCKING os=OPEN is=IDLE awp=false se=false i=true al=0},r=36,c=false/false,a=HANDLING,uri=//localhost:35372/RedirectServlet,age=0}
[DEBUG] REQUEST GET /RedirectServlet on HttpChannelOverHttp@36eb5f45{s=HttpChannelState@23232c72{s=HANDLING rs=BLOCKING os=OPEN is=IDLE awp=false se=false i=true al=0},r=36,c=false/false,a=HANDLING,uri=//localhost:35372/RedirectServlet,age=0}
[DEBUG] servlet null|/RedirectServlet|null -> org.jsoup.integration.servlets.RedirectServlet-77bb0ab5==org.jsoup.integration.servlets.RedirectServlet@f84cd177{jsp=null,order=-1,inst=true,async=true,src=EMBEDDED:null,STARTED}
[DEBUG] chain=null
[DEBUG] handled=true async=false committed=false on HttpChannelOverHttp@36eb5f45{s=HttpChannelState@23232c72{s=HANDLING rs=BLOCKING os=OPEN is=IDLE awp=false se=false i=true al=0},r=36,c=false/false,a=HANDLING,uri=//localhost:35372/RedirectServlet,age=1}
[DEBUG] unhandle HttpChannelState@23232c72{s=HANDLING rs=BLOCKING os=OPEN is=IDLE awp=false se=false i=true al=0}
[DEBUG] nextAction(false) COMPLETE HttpChannelState@23232c72{s=HANDLING rs=COMPLETING os=OPEN is=IDLE awp=false se=false i=false al=0}
[DEBUG] action COMPLETE HttpChannelOverHttp@36eb5f45{s=HttpChannelState@23232c72{s=HANDLING rs=COMPLETING os=OPEN is=IDLE awp=false se=false i=false al=0},r=36,c=false/false,a=HANDLING,uri=//localhost:35372/RedirectServlet,age=1}
[DEBUG] filled 0 HeapByteBuffer@2a66826a[p=0,l=0,c=8192,r=0]={<<<>>>GET /File...\x86&h\xA0{\xC1\xC2}
[DEBUG] filled 0 HeapByteBuffer@2a66826a[p=0,l=0,c=8192,r=0]={<<<>>>GET /File...\x86&h\xA0{\xC1\xC2}
[DEBUG] HttpConnection@3e7171e5::SocketChannelEndPoint@3d491fad{l=/127.0.0.1:35372,r=/127.0.0.1:60190,OPEN,fill=-,flush=-,to=1/30000}{io=0/0,kio=0,kro=1}->HttpConnection@3e7171e5[p=HttpParser{s=CONTENT,0 of -1},g=HttpGenerator@274dcaa5{s=START}]=>HttpChannelOverHttp@36eb5f45{s=HttpChannelState@23232c72{s=HANDLING rs=COMPLETING os=OPEN is=IDLE awp=false se=false i=false al=0},r=36,c=false/false,a=HANDLING,uri=//localhost:35372/RedirectServlet,age=1} filled 0 HeapByteBuffer@2a66826a[p=0,l=0,c=8192,r=0]={<<<>>>GET /File...\x86&h\xA0{\xC1\xC2}
[DEBUG] HttpConnection@3e7171e5::SocketChannelEndPoint@3d491fad{l=/127.0.0.1:35372,r=/127.0.0.1:60190,OPEN,fill=-,flush=-,to=1/30000}{io=0/0,kio=0,kro=1}->HttpConnection@3e7171e5[p=HttpParser{s=CONTENT,0 of -1},g=HttpGenerator@274dcaa5{s=START}]=>HttpChannelOverHttp@36eb5f45{s=HttpChannelState@23232c72{s=HANDLING rs=COMPLETING os=OPEN is=IDLE awp=false se=false i=false al=0},r=36,c=false/false,a=HANDLING,uri=//localhost:35372/RedirectServlet,age=1} parse HeapByteBuffer@2a66826a[p=0,l=0,c=8192,r=0]={<<<>>>GET /File...\x86&h\xA0{\xC1\xC2} {}
[DEBUG] parseNext s=CONTENT HeapByteBuffer@2a66826a[p=0,l=0,c=8192,r=0]={<<<>>>GET /File...\x86&h\xA0{\xC1\xC2}
[DEBUG] CONTENT --> CONTENT_END
[DEBUG] onContentComplete HttpChannelOverHttp@36eb5f45{s=HttpChannelState@23232c72{s=HANDLING rs=COMPLETING os=OPEN is=IDLE awp=false se=false i=false al=0},r=36,c=false/false,a=HANDLING,uri=//localhost:35372/RedirectServlet,age=1}
[DEBUG] CONTENT_END --> END
[DEBUG] onRequestComplete HttpChannelOverHttp@36eb5f45{s=HttpChannelState@23232c72{s=HANDLING rs=COMPLETING os=OPEN is=IDLE awp=false se=false i=false al=0},r=36,c=false/false,a=HANDLING,uri=//localhost:35372/RedirectServlet,age=1}
[DEBUG] HttpInputOverHTTP@376cf161[c=0,q=0,[0]=null,s=STREAM] addContent EOF
[DEBUG] HttpConnection@3e7171e5::SocketChannelEndPoint@3d491fad{l=/127.0.0.1:35372,r=/127.0.0.1:60190,OPEN,fill=-,flush=-,to=1/30000}{io=0/0,kio=0,kro=1}->HttpConnection@3e7171e5[p=HttpParser{s=END,0 of -1},g=HttpGenerator@274dcaa5{s=START}]=>HttpChannelOverHttp@36eb5f45{s=HttpChannelState@23232c72{s=HANDLING rs=COMPLETING os=OPEN is=IDLE awp=false se=false i=false al=0},r=36,c=false/false,a=HANDLING,uri=//localhost:35372/RedirectServlet,age=1} parsed false HttpParser{s=END,0 of -1}
[DEBUG] releaseRequestBuffer HttpConnection@3e7171e5::SocketChannelEndPoint@3d491fad{l=/127.0.0.1:35372,r=/127.0.0.1:60190,OPEN,fill=-,flush=-,to=2/30000}{io=0/0,kio=0,kro=1}->HttpConnection@3e7171e5[p=HttpParser{s=END,0 of -1},g=HttpGenerator@274dcaa5{s=START}]=>HttpChannelOverHttp@36eb5f45{s=HttpChannelState@23232c72{s=HANDLING rs=COMPLETING os=OPEN is=IDLE awp=false se=false i=false al=0},r=36,c=false/false,a=HANDLING,uri=//localhost:35372/RedirectServlet,age=1}
[DEBUG] complete(org.eclipse.jetty.util.Callback$3@19226848) s=CLOSING,api=BLOCKED,sc=false,e=null s=false e=null, c=HeapByteBuffer@13dae45a[p=0,l=0,c=0,r=0]={<<<>>>}
[DEBUG] sendResponse info=null content=HeapByteBuffer@13dae45a[p=0,l=0,c=0,r=0]={<<<>>>} complete=true committing=true callback=org.eclipse.jetty.server.HttpOutput$WriteCompleteCB@160b9209
[DEBUG] COMMIT for /RedirectServlet on HttpChannelOverHttp@36eb5f45{s=HttpChannelState@23232c72{s=HANDLING rs=COMPLETING os=COMMITTED is=IDLE awp=false se=false i=false al=0},r=36,c=false/false,a=HANDLING,uri=//localhost:35372/RedirectServlet,age=11}
302 null HTTP/1.1
Date: Tue, 28 Sep 2021 06:03:32 GMT
Location: 


[DEBUG] generate: NEED_HEADER for SendCallback@410c6bef[PROCESSING][i=HTTP/1.1{s=302,h=2,cl=-1},cb=org.eclipse.jetty.server.HttpChannel$SendCallback@25e23579] (null,[p=0,l=0,c=0,r=0],true)@START
[DEBUG] generateHeaders HTTP/1.1{s=302,h=2,cl=-1} last=true content=HeapByteBuffer@13dae45a[p=0,l=0,c=0,r=0]={<<<>>>}
[DEBUG] Date: Tue, 28 Sep 2021 06:03:32 GMT
Location: 


[DEBUG] CONTENT_LENGTH
[DEBUG] generate: FLUSH for SendCallback@410c6bef[PROCESSING][i=HTTP/1.1{s=302,h=2,cl=-1},cb=org.eclipse.jetty.server.HttpChannel$SendCallback@25e23579] ([p=0,l=123,c=8192,r=123],[p=0,l=0,c=0,r=0],true)@COMPLETING
[DEBUG] write: WriteFlusher@2071150d{IDLE}->null [HeapByteBuffer@460916c[p=0,l=123,c=8192,r=123]={<<<HTTP/1.1 302 Found\r\nDate:...y(9.4.43.v20210629)\r\n\r\n>>>er: Jetty...\x00\x00\x00\x00\x00\x00\x00}]
[DEBUG] update WriteFlusher@2071150d{WRITING}->null:IDLE-->WRITING
[DEBUG] flushed 123 SocketChannelEndPoint@3d491fad{l=/127.0.0.1:35372,r=/127.0.0.1:60190,OPEN,fill=-,flush=W,to=12/30000}{io=0/0,kio=0,kro=1}->HttpConnection@3e7171e5[p=HttpParser{s=END,0 of -1},g=HttpGenerator@274dcaa5{s=COMPLETING}]=>HttpChannelOverHttp@36eb5f45{s=HttpChannelState@23232c72{s=HANDLING rs=COMPLETING os=COMMITTED is=IDLE awp=false se=false i=false al=0},r=36,c=false/false,a=HANDLING,uri=//localhost:35372/RedirectServlet,age=11}
[DEBUG] Flushed=true written=123 remaining=0 WriteFlusher@2071150d{WRITING}->null
[DEBUG] update WriteFlusher@2071150d{IDLE}->null:WRITING-->IDLE
[DEBUG] generate: DONE for SendCallback@410c6bef[PROCESSING][i=HTTP/1.1{s=302,h=2,cl=-1},cb=org.eclipse.jetty.server.HttpChannel$SendCallback@25e23579] ([p=123,l=123,c=8192,r=0],[p=0,l=0,c=0,r=0],true)@END
[DEBUG] onWriteComplete(true,null) s=CLOSING,api=BLOCKED,sc=false,e=null->s=CLOSED,api=BLOCKING,sc=false,e=null c=null cb=org.eclipse.jetty.util.Callback$3@19226848 w=false
[DEBUG] completed HttpChannelState@23232c72{s=HANDLING rs=COMPLETING os=COMPLETED is=IDLE awp=false se=false i=false al=0}
[DEBUG] unhandle HttpChannelState@23232c72{s=HANDLING rs=COMPLETED os=COMPLETED is=IDLE awp=false se=false i=false al=0}
[DEBUG] nextAction(false) TERMINATED HttpChannelState@23232c72{s=IDLE rs=COMPLETED os=COMPLETED is=IDLE awp=false se=false i=false al=0}
[DEBUG] action TERMINATED HttpChannelOverHttp@36eb5f45{s=HttpChannelState@23232c72{s=IDLE rs=COMPLETED os=COMPLETED is=IDLE awp=false se=false i=false al=0},r=36,c=true/true,a=IDLE,uri=//localhost:35372/RedirectServlet,age=12}
[DEBUG] onCompleted for /RedirectServlet written=0
[DEBUG] recycle HttpChannelState@23232c72{s=IDLE rs=COMPLETED os=COMPLETED is=IDLE awp=false se=false i=false al=0}
[DEBUG] reset HttpParser{s=END,0 of -1}
[DEBUG] END --> START
[DEBUG] !handle TERMINATED HttpChannelOverHttp@36eb5f45{s=HttpChannelState@23232c72{s=IDLE rs=BLOCKING os=OPEN is=IDLE awp=false se=false i=true al=0},r=36,c=false/false,a=IDLE,uri=null,age=0}
[DEBUG] filled 294 HeapByteBuffer@1ef04a69[p=0,l=294,c=8192,r=294]={<<<GET /RedirectServlet HTTP...nection: keep-alive\r\n\r\n>>>g, *; q=....\x00\x00\x00\x00\x00\x00\x00}
[DEBUG] HttpConnection@3e7171e5::SocketChannelEndPoint@3d491fad{l=/127.0.0.1:35372,r=/127.0.0.1:60190,OPEN,fill=-,flush=-,to=0/30000}{io=0/0,kio=0,kro=1}->HttpConnection@3e7171e5[p=HttpParser{s=START,0 of -1},g=HttpGenerator@274dcaa5{s=START}]=>HttpChannelOverHttp@36eb5f45{s=HttpChannelState@23232c72{s=IDLE rs=BLOCKING os=OPEN is=IDLE awp=false se=false i=true al=0},r=36,c=false/false,a=IDLE,uri=null,age=0} filled 294 HeapByteBuffer@1ef04a69[p=0,l=294,c=8192,r=294]={<<<GET /RedirectServlet HTTP...nection: keep-alive\r\n\r\n>>>g, *; q=....\x00\x00\x00\x00\x00\x00\x00}
[DEBUG] HttpConnection@3e7171e5::SocketChannelEndPoint@3d491fad{l=/127.0.0.1:35372,r=/127.0.0.1:60190,OPEN,fill=-,flush=-,to=0/30000}{io=0/0,kio=0,kro=1}->HttpConnection@3e7171e5[p=HttpParser{s=START,0 of -1},g=HttpGenerator@274dcaa5{s=START}]=>HttpChannelOverHttp@36eb5f45{s=HttpChannelState@23232c72{s=IDLE rs=BLOCKING os=OPEN is=IDLE awp=false se=false i=true al=0},r=36,c=false/false,a=IDLE,uri=null,age=0} parse HeapByteBuffer@1ef04a69[p=0,l=294,c=8192,r=294]={<<<GET /RedirectServlet HTTP...nection: keep-alive\r\n\r\n>>>g, *; q=....\x00\x00\x00\x00\x00\x00\x00} {}
[DEBUG] parseNext s=START HeapByteBuffer@1ef04a69[p=0,l=294,c=8192,r=294]={<<<GET /RedirectServlet HTTP...nection: keep-alive\r\n\r\n>>>g, *; q=....\x00\x00\x00\x00\x00\x00\x00}
[DEBUG] START --> SPACE1
[DEBUG] SPACE1 --> URI
[DEBUG] URI --> SPACE2
[DEBUG] SPACE2 --> REQUEST_VERSION
[DEBUG] REQUEST_VERSION --> HEADER
[DEBUG] HEADER:Accept-Encoding: gzip --> IN_VALUE
[DEBUG] HEADER:Accept-Encoding: gzip --> FIELD
[DEBUG] HEADER:User-Agent: Mozilla/5.0 (Windows NT 10.0; Win64; x64) AppleWebKit/537.36 (KHTML, like Gecko) Chrome/79.0.3945.130 Safari/537.36 --> IN_VALUE
[DEBUG] HEADER:User-Agent: Mozilla/5.0 (Windows NT 10.0; Win64; x64) AppleWebKit/537.36 (KHTML, like Gecko) Chrome/79.0.3945.130 Safari/537.36 --> FIELD
[DEBUG] HEADER:Host: localhost:35372 --> IN_VALUE
[DEBUG] HEADER:Host: localhost:35372 --> FIELD
[DEBUG] HEADER:Accept: text/html, image/gif, image/jpeg, *; q=.2, */*; q=.2 --> IN_VALUE
[DEBUG] HEADER:Accept: text/html, image/gif, image/jpeg, *; q=.2, */*; q=.2 --> FIELD
[DEBUG] HEADER:Connection: keep-alive --> IN_VALUE
[DEBUG] HEADER:Connection: keep-alive --> FIELD
[DEBUG] HEADER --> CONTENT
[DEBUG] REQUEST for //localhost:35372/RedirectServlet on HttpChannelOverHttp@36eb5f45{s=HttpChannelState@23232c72{s=IDLE rs=BLOCKING os=OPEN is=IDLE awp=false se=false i=true al=0},r=37,c=false/false,a=IDLE,uri=//localhost:35372/RedirectServlet,age=0}
GET //localhost:35372/RedirectServlet HTTP/1.1
Accept-Encoding: gzip
User-Agent: Mozilla/5.0 (Windows NT 10.0; Win64; x64) AppleWebKit/537.36 (KHTML, like Gecko) Chrome/79.0.3945.130 Safari/537.36
Host: localhost:35372
Accept: text/html, image/gif, image/jpeg, *; q=.2, */*; q=.2
Connection: keep-alive


[DEBUG] HttpConnection@3e7171e5::SocketChannelEndPoint@3d491fad{l=/127.0.0.1:35372,r=/127.0.0.1:60190,OPEN,fill=-,flush=-,to=0/30000}{io=0/0,kio=0,kro=1}->HttpConnection@3e7171e5[p=HttpParser{s=CONTENT,0 of -1},g=HttpGenerator@274dcaa5{s=START}]=>HttpChannelOverHttp@36eb5f45{s=HttpChannelState@23232c72{s=IDLE rs=BLOCKING os=OPEN is=IDLE awp=false se=false i=true al=0},r=37,c=false/false,a=IDLE,uri=//localhost:35372/RedirectServlet,age=0} parsed true HttpParser{s=CONTENT,0 of -1}
[DEBUG] releaseRequestBuffer HttpConnection@3e7171e5::SocketChannelEndPoint@3d491fad{l=/127.0.0.1:35372,r=/127.0.0.1:60190,OPEN,fill=-,flush=-,to=0/30000}{io=0/0,kio=0,kro=1}->HttpConnection@3e7171e5[p=HttpParser{s=CONTENT,0 of -1},g=HttpGenerator@274dcaa5{s=START}]=>HttpChannelOverHttp@36eb5f45{s=HttpChannelState@23232c72{s=IDLE rs=BLOCKING os=OPEN is=IDLE awp=false se=false i=true al=0},r=37,c=false/false,a=IDLE,uri=//localhost:35372/RedirectServlet,age=0}
[DEBUG] handle //localhost:35372/RedirectServlet HttpChannelOverHttp@36eb5f45{s=HttpChannelState@23232c72{s=IDLE rs=BLOCKING os=OPEN is=IDLE awp=false se=false i=true al=0},r=37,c=false/false,a=IDLE,uri=//localhost:35372/RedirectServlet,age=1} 
[DEBUG] handling HttpChannelState@23232c72{s=IDLE rs=BLOCKING os=OPEN is=IDLE awp=false se=false i=true al=0}
[DEBUG] action DISPATCH HttpChannelOverHttp@36eb5f45{s=HttpChannelState@23232c72{s=HANDLING rs=BLOCKING os=OPEN is=IDLE awp=false se=false i=true al=0},r=37,c=false/false,a=HANDLING,uri=//localhost:35372/RedirectServlet,age=1}
[DEBUG] REQUEST GET /RedirectServlet on HttpChannelOverHttp@36eb5f45{s=HttpChannelState@23232c72{s=HANDLING rs=BLOCKING os=OPEN is=IDLE awp=false se=false i=true al=0},r=37,c=false/false,a=HANDLING,uri=//localhost:35372/RedirectServlet,age=1}
[DEBUG] servlet null|/RedirectServlet|null -> org.jsoup.integration.servlets.RedirectServlet-77bb0ab5==org.jsoup.integration.servlets.RedirectServlet@f84cd177{jsp=null,order=-1,inst=true,async=true,src=EMBEDDED:null,STARTED}
[DEBUG] chain=null
[DEBUG] handled=true async=false committed=false on HttpChannelOverHttp@36eb5f45{s=HttpChannelState@23232c72{s=HANDLING rs=BLOCKING os=OPEN is=IDLE awp=false se=false i=true al=0},r=37,c=false/false,a=HANDLING,uri=//localhost:35372/RedirectServlet,age=1}
[DEBUG] unhandle HttpChannelState@23232c72{s=HANDLING rs=BLOCKING os=OPEN is=IDLE awp=false se=false i=true al=0}
[DEBUG] nextAction(false) COMPLETE HttpChannelState@23232c72{s=HANDLING rs=COMPLETING os=OPEN is=IDLE awp=false se=false i=false al=0}
[DEBUG] action COMPLETE HttpChannelOverHttp@36eb5f45{s=HttpChannelState@23232c72{s=HANDLING rs=COMPLETING os=OPEN is=IDLE awp=false se=false i=false al=0},r=37,c=false/false,a=HANDLING,uri=//localhost:35372/RedirectServlet,age=1}
[DEBUG] filled 0 HeapByteBuffer@2a66826a[p=0,l=0,c=8192,r=0]={<<<>>>GET /File...\x86&h\xA0{\xC1\xC2}
[DEBUG] filled 0 HeapByteBuffer@2a66826a[p=0,l=0,c=8192,r=0]={<<<>>>GET /File...\x86&h\xA0{\xC1\xC2}
[DEBUG] HttpConnection@3e7171e5::SocketChannelEndPoint@3d491fad{l=/127.0.0.1:35372,r=/127.0.0.1:60190,OPEN,fill=-,flush=-,to=1/30000}{io=0/0,kio=0,kro=1}->HttpConnection@3e7171e5[p=HttpParser{s=CONTENT,0 of -1},g=HttpGenerator@274dcaa5{s=START}]=>HttpChannelOverHttp@36eb5f45{s=HttpChannelState@23232c72{s=HANDLING rs=COMPLETING os=OPEN is=IDLE awp=false se=false i=false al=0},r=37,c=false/false,a=HANDLING,uri=//localhost:35372/RedirectServlet,age=2} filled 0 HeapByteBuffer@2a66826a[p=0,l=0,c=8192,r=0]={<<<>>>GET /File...\x86&h\xA0{\xC1\xC2}
[DEBUG] HttpConnection@3e7171e5::SocketChannelEndPoint@3d491fad{l=/127.0.0.1:35372,r=/127.0.0.1:60190,OPEN,fill=-,flush=-,to=1/30000}{io=0/0,kio=0,kro=1}->HttpConnection@3e7171e5[p=HttpParser{s=CONTENT,0 of -1},g=HttpGenerator@274dcaa5{s=START}]=>HttpChannelOverHttp@36eb5f45{s=HttpChannelState@23232c72{s=HANDLING rs=COMPLETING os=OPEN is=IDLE awp=false se=false i=false al=0},r=37,c=false/false,a=HANDLING,uri=//localhost:35372/RedirectServlet,age=2} parse HeapByteBuffer@2a66826a[p=0,l=0,c=8192,r=0]={<<<>>>GET /File...\x86&h\xA0{\xC1\xC2} {}
[DEBUG] parseNext s=CONTENT HeapByteBuffer@2a66826a[p=0,l=0,c=8192,r=0]={<<<>>>GET /File...\x86&h\xA0{\xC1\xC2}
[DEBUG] CONTENT --> CONTENT_END
[DEBUG] onContentComplete HttpChannelOverHttp@36eb5f45{s=HttpChannelState@23232c72{s=HANDLING rs=COMPLETING os=OPEN is=IDLE awp=false se=false i=false al=0},r=37,c=false/false,a=HANDLING,uri=//localhost:35372/RedirectServlet,age=2}
[DEBUG] CONTENT_END --> END
[DEBUG] onRequestComplete HttpChannelOverHttp@36eb5f45{s=HttpChannelState@23232c72{s=HANDLING rs=COMPLETING os=OPEN is=IDLE awp=false se=false i=false al=0},r=37,c=false/false,a=HANDLING,uri=//localhost:35372/RedirectServlet,age=2}
[DEBUG] HttpInputOverHTTP@376cf161[c=0,q=0,[0]=null,s=STREAM] addContent EOF
[DEBUG] HttpConnection@3e7171e5::SocketChannelEndPoint@3d491fad{l=/127.0.0.1:35372,r=/127.0.0.1:60190,OPEN,fill=-,flush=-,to=2/30000}{io=0/0,kio=0,kro=1}->HttpConnection@3e7171e5[p=HttpParser{s=END,0 of -1},g=HttpGenerator@274dcaa5{s=START}]=>HttpChannelOverHttp@36eb5f45{s=HttpChannelState@23232c72{s=HANDLING rs=COMPLETING os=OPEN is=IDLE awp=false se=false i=false al=0},r=37,c=false/false,a=HANDLING,uri=//localhost:35372/RedirectServlet,age=2} parsed false HttpParser{s=END,0 of -1}
[DEBUG] releaseRequestBuffer HttpConnection@3e7171e5::SocketChannelEndPoint@3d491fad{l=/127.0.0.1:35372,r=/127.0.0.1:60190,OPEN,fill=-,flush=-,to=2/30000}{io=0/0,kio=0,kro=1}->HttpConnection@3e7171e5[p=HttpParser{s=END,0 of -1},g=HttpGenerator@274dcaa5{s=START}]=>HttpChannelOverHttp@36eb5f45{s=HttpChannelState@23232c72{s=HANDLING rs=COMPLETING os=OPEN is=IDLE awp=false se=false i=false al=0},r=37,c=false/false,a=HANDLING,uri=//localhost:35372/RedirectServlet,age=2}
[DEBUG] complete(org.eclipse.jetty.util.Callback$3@64427d20) s=CLOSING,api=BLOCKED,sc=false,e=null s=false e=null, c=HeapByteBuffer@13dae45a[p=0,l=0,c=0,r=0]={<<<>>>}
[DEBUG] sendResponse info=null content=HeapByteBuffer@13dae45a[p=0,l=0,c=0,r=0]={<<<>>>} complete=true committing=true callback=org.eclipse.jetty.server.HttpOutput$WriteCompleteCB@6ea839c8
[DEBUG] COMMIT for /RedirectServlet on HttpChannelOverHttp@36eb5f45{s=HttpChannelState@23232c72{s=HANDLING rs=COMPLETING os=COMMITTED is=IDLE awp=false se=false i=false al=0},r=37,c=false/false,a=HANDLING,uri=//localhost:35372/RedirectServlet,age=2}
302 null HTTP/1.1
Date: Tue, 28 Sep 2021 06:03:32 GMT
Location: 


[DEBUG] generate: NEED_HEADER for SendCallback@410c6bef[PROCESSING][i=HTTP/1.1{s=302,h=2,cl=-1},cb=org.eclipse.jetty.server.HttpChannel$SendCallback@24f965ce] (null,[p=0,l=0,c=0,r=0],true)@START
[DEBUG] generateHeaders HTTP/1.1{s=302,h=2,cl=-1} last=true content=HeapByteBuffer@13dae45a[p=0,l=0,c=0,r=0]={<<<>>>}
[DEBUG] Date: Tue, 28 Sep 2021 06:03:32 GMT
Location: 


[DEBUG] CONTENT_LENGTH
[DEBUG] generate: FLUSH for SendCallback@410c6bef[PROCESSING][i=HTTP/1.1{s=302,h=2,cl=-1},cb=org.eclipse.jetty.server.HttpChannel$SendCallback@24f965ce] ([p=0,l=123,c=8192,r=123],[p=0,l=0,c=0,r=0],true)@COMPLETING
[DEBUG] write: WriteFlusher@2071150d{IDLE}->null [HeapByteBuffer@460916c[p=0,l=123,c=8192,r=123]={<<<HTTP/1.1 302 Found\r\nDate:...y(9.4.43.v20210629)\r\n\r\n>>>er: Jetty...\x00\x00\x00\x00\x00\x00\x00}]
[DEBUG] update WriteFlusher@2071150d{WRITING}->null:IDLE-->WRITING
[DEBUG] flushed 123 SocketChannelEndPoint@3d491fad{l=/127.0.0.1:35372,r=/127.0.0.1:60190,OPEN,fill=-,flush=W,to=3/30000}{io=0/0,kio=0,kro=1}->HttpConnection@3e7171e5[p=HttpParser{s=END,0 of -1},g=HttpGenerator@274dcaa5{s=COMPLETING}]=>HttpChannelOverHttp@36eb5f45{s=HttpChannelState@23232c72{s=HANDLING rs=COMPLETING os=COMMITTED is=IDLE awp=false se=false i=false al=0},r=37,c=false/false,a=HANDLING,uri=//localhost:35372/RedirectServlet,age=3}
[DEBUG] Flushed=true written=123 remaining=0 WriteFlusher@2071150d{WRITING}->null
[DEBUG] update WriteFlusher@2071150d{IDLE}->null:WRITING-->IDLE
[DEBUG] generate: DONE for SendCallback@410c6bef[PROCESSING][i=HTTP/1.1{s=302,h=2,cl=-1},cb=org.eclipse.jetty.server.HttpChannel$SendCallback@24f965ce] ([p=123,l=123,c=8192,r=0],[p=0,l=0,c=0,r=0],true)@END
[DEBUG] onWriteComplete(true,null) s=CLOSING,api=BLOCKED,sc=false,e=null->s=CLOSED,api=BLOCKING,sc=false,e=null c=null cb=org.eclipse.jetty.util.Callback$3@64427d20 w=false
[DEBUG] completed HttpChannelState@23232c72{s=HANDLING rs=COMPLETING os=COMPLETED is=IDLE awp=false se=false i=false al=0}
[DEBUG] unhandle HttpChannelState@23232c72{s=HANDLING rs=COMPLETED os=COMPLETED is=IDLE awp=false se=false i=false al=0}
[DEBUG] nextAction(false) TERMINATED HttpChannelState@23232c72{s=IDLE rs=COMPLETED os=COMPLETED is=IDLE awp=false se=false i=false al=0}
[DEBUG] action TERMINATED HttpChannelOverHttp@36eb5f45{s=HttpChannelState@23232c72{s=IDLE rs=COMPLETED os=COMPLETED is=IDLE awp=false se=false i=false al=0},r=37,c=true/true,a=IDLE,uri=//localhost:35372/RedirectServlet,age=4}
[DEBUG] onCompleted for /RedirectServlet written=0
[DEBUG] recycle HttpChannelState@23232c72{s=IDLE rs=COMPLETED os=COMPLETED is=IDLE awp=false se=false i=false al=0}
[DEBUG] reset HttpParser{s=END,0 of -1}
[DEBUG] END --> START
[DEBUG] !handle TERMINATED HttpChannelOverHttp@36eb5f45{s=HttpChannelState@23232c72{s=IDLE rs=BLOCKING os=OPEN is=IDLE awp=false se=false i=true al=0},r=37,c=false/false,a=IDLE,uri=null,age=0}
[DEBUG] filled 294 HeapByteBuffer@1ef04a69[p=0,l=294,c=8192,r=294]={<<<GET /RedirectServlet HTTP...nection: keep-alive\r\n\r\n>>>g, *; q=....\x00\x00\x00\x00\x00\x00\x00}
[DEBUG] HttpConnection@3e7171e5::SocketChannelEndPoint@3d491fad{l=/127.0.0.1:35372,r=/127.0.0.1:60190,OPEN,fill=-,flush=-,to=0/30000}{io=0/0,kio=0,kro=1}->HttpConnection@3e7171e5[p=HttpParser{s=START,0 of -1},g=HttpGenerator@274dcaa5{s=START}]=>HttpChannelOverHttp@36eb5f45{s=HttpChannelState@23232c72{s=IDLE rs=BLOCKING os=OPEN is=IDLE awp=false se=false i=true al=0},r=37,c=false/false,a=IDLE,uri=null,age=0} filled 294 HeapByteBuffer@1ef04a69[p=0,l=294,c=8192,r=294]={<<<GET /RedirectServlet HTTP...nection: keep-alive\r\n\r\n>>>g, *; q=....\x00\x00\x00\x00\x00\x00\x00}
[DEBUG] HttpConnection@3e7171e5::SocketChannelEndPoint@3d491fad{l=/127.0.0.1:35372,r=/127.0.0.1:60190,OPEN,fill=-,flush=-,to=0/30000}{io=0/0,kio=0,kro=1}->HttpConnection@3e7171e5[p=HttpParser{s=START,0 of -1},g=HttpGenerator@274dcaa5{s=START}]=>HttpChannelOverHttp@36eb5f45{s=HttpChannelState@23232c72{s=IDLE rs=BLOCKING os=OPEN is=IDLE awp=false se=false i=true al=0},r=37,c=false/false,a=IDLE,uri=null,age=0} parse HeapByteBuffer@1ef04a69[p=0,l=294,c=8192,r=294]={<<<GET /RedirectServlet HTTP...nection: keep-alive\r\n\r\n>>>g, *; q=....\x00\x00\x00\x00\x00\x00\x00} {}
[DEBUG] parseNext s=START HeapByteBuffer@1ef04a69[p=0,l=294,c=8192,r=294]={<<<GET /RedirectServlet HTTP...nection: keep-alive\r\n\r\n>>>g, *; q=....\x00\x00\x00\x00\x00\x00\x00}
[DEBUG] START --> SPACE1
[DEBUG] SPACE1 --> URI
[DEBUG] URI --> SPACE2
[DEBUG] SPACE2 --> REQUEST_VERSION
[DEBUG] REQUEST_VERSION --> HEADER
[DEBUG] HEADER:Accept-Encoding: gzip --> IN_VALUE
[DEBUG] HEADER:Accept-Encoding: gzip --> FIELD
[DEBUG] HEADER:User-Agent: Mozilla/5.0 (Windows NT 10.0; Win64; x64) AppleWebKit/537.36 (KHTML, like Gecko) Chrome/79.0.3945.130 Safari/537.36 --> IN_VALUE
[DEBUG] HEADER:User-Agent: Mozilla/5.0 (Windows NT 10.0; Win64; x64) AppleWebKit/537.36 (KHTML, like Gecko) Chrome/79.0.3945.130 Safari/537.36 --> FIELD
[DEBUG] HEADER:Host: localhost:35372 --> IN_VALUE
[DEBUG] HEADER:Host: localhost:35372 --> FIELD
[DEBUG] HEADER:Accept: text/html, image/gif, image/jpeg, *; q=.2, */*; q=.2 --> IN_VALUE
[DEBUG] HEADER:Accept: text/html, image/gif, image/jpeg, *; q=.2, */*; q=.2 --> FIELD
[DEBUG] HEADER:Connection: keep-alive --> IN_VALUE
[DEBUG] HEADER:Connection: keep-alive --> FIELD
[DEBUG] HEADER --> CONTENT
[DEBUG] REQUEST for //localhost:35372/RedirectServlet on HttpChannelOverHttp@36eb5f45{s=HttpChannelState@23232c72{s=IDLE rs=BLOCKING os=OPEN is=IDLE awp=false se=false i=true al=0},r=38,c=false/false,a=IDLE,uri=//localhost:35372/RedirectServlet,age=0}
GET //localhost:35372/RedirectServlet HTTP/1.1
Accept-Encoding: gzip
User-Agent: Mozilla/5.0 (Windows NT 10.0; Win64; x64) AppleWebKit/537.36 (KHTML, like Gecko) Chrome/79.0.3945.130 Safari/537.36
Host: localhost:35372
Accept: text/html, image/gif, image/jpeg, *; q=.2, */*; q=.2
Connection: keep-alive


[DEBUG] HttpConnection@3e7171e5::SocketChannelEndPoint@3d491fad{l=/127.0.0.1:35372,r=/127.0.0.1:60190,OPEN,fill=-,flush=-,to=0/30000}{io=0/0,kio=0,kro=1}->HttpConnection@3e7171e5[p=HttpParser{s=CONTENT,0 of -1},g=HttpGenerator@274dcaa5{s=START}]=>HttpChannelOverHttp@36eb5f45{s=HttpChannelState@23232c72{s=IDLE rs=BLOCKING os=OPEN is=IDLE awp=false se=false i=true al=0},r=38,c=false/false,a=IDLE,uri=//localhost:35372/RedirectServlet,age=0} parsed true HttpParser{s=CONTENT,0 of -1}
[DEBUG] releaseRequestBuffer HttpConnection@3e7171e5::SocketChannelEndPoint@3d491fad{l=/127.0.0.1:35372,r=/127.0.0.1:60190,OPEN,fill=-,flush=-,to=0/30000}{io=0/0,kio=0,kro=1}->HttpConnection@3e7171e5[p=HttpParser{s=CONTENT,0 of -1},g=HttpGenerator@274dcaa5{s=START}]=>HttpChannelOverHttp@36eb5f45{s=HttpChannelState@23232c72{s=IDLE rs=BLOCKING os=OPEN is=IDLE awp=false se=false i=true al=0},r=38,c=false/false,a=IDLE,uri=//localhost:35372/RedirectServlet,age=0}
[DEBUG] handle //localhost:35372/RedirectServlet HttpChannelOverHttp@36eb5f45{s=HttpChannelState@23232c72{s=IDLE rs=BLOCKING os=OPEN is=IDLE awp=false se=false i=true al=0},r=38,c=false/false,a=IDLE,uri=//localhost:35372/RedirectServlet,age=0} 
[DEBUG] handling HttpChannelState@23232c72{s=IDLE rs=BLOCKING os=OPEN is=IDLE awp=false se=false i=true al=0}
[DEBUG] action DISPATCH HttpChannelOverHttp@36eb5f45{s=HttpChannelState@23232c72{s=HANDLING rs=BLOCKING os=OPEN is=IDLE awp=false se=false i=true al=0},r=38,c=false/false,a=HANDLING,uri=//localhost:35372/RedirectServlet,age=0}
[DEBUG] REQUEST GET /RedirectServlet on HttpChannelOverHttp@36eb5f45{s=HttpChannelState@23232c72{s=HANDLING rs=BLOCKING os=OPEN is=IDLE awp=false se=false i=true al=0},r=38,c=false/false,a=HANDLING,uri=//localhost:35372/RedirectServlet,age=0}
[DEBUG] servlet null|/RedirectServlet|null -> org.jsoup.integration.servlets.RedirectServlet-77bb0ab5==org.jsoup.integration.servlets.RedirectServlet@f84cd177{jsp=null,order=-1,inst=true,async=true,src=EMBEDDED:null,STARTED}
[DEBUG] chain=null
[DEBUG] handled=true async=false committed=false on HttpChannelOverHttp@36eb5f45{s=HttpChannelState@23232c72{s=HANDLING rs=BLOCKING os=OPEN is=IDLE awp=false se=false i=true al=0},r=38,c=false/false,a=HANDLING,uri=//localhost:35372/RedirectServlet,age=1}
[DEBUG] unhandle HttpChannelState@23232c72{s=HANDLING rs=BLOCKING os=OPEN is=IDLE awp=false se=false i=true al=0}
[DEBUG] nextAction(false) COMPLETE HttpChannelState@23232c72{s=HANDLING rs=COMPLETING os=OPEN is=IDLE awp=false se=false i=false al=0}
[DEBUG] action COMPLETE HttpChannelOverHttp@36eb5f45{s=HttpChannelState@23232c72{s=HANDLING rs=COMPLETING os=OPEN is=IDLE awp=false se=false i=false al=0},r=38,c=false/false,a=HANDLING,uri=//localhost:35372/RedirectServlet,age=1}
[DEBUG] filled 0 HeapByteBuffer@2a66826a[p=0,l=0,c=8192,r=0]={<<<>>>GET /File...\x86&h\xA0{\xC1\xC2}
[DEBUG] filled 0 HeapByteBuffer@2a66826a[p=0,l=0,c=8192,r=0]={<<<>>>GET /File...\x86&h\xA0{\xC1\xC2}
[DEBUG] HttpConnection@3e7171e5::SocketChannelEndPoint@3d491fad{l=/127.0.0.1:35372,r=/127.0.0.1:60190,OPEN,fill=-,flush=-,to=1/30000}{io=0/0,kio=0,kro=1}->HttpConnection@3e7171e5[p=HttpParser{s=CONTENT,0 of -1},g=HttpGenerator@274dcaa5{s=START}]=>HttpChannelOverHttp@36eb5f45{s=HttpChannelState@23232c72{s=HANDLING rs=COMPLETING os=OPEN is=IDLE awp=false se=false i=false al=0},r=38,c=false/false,a=HANDLING,uri=//localhost:35372/RedirectServlet,age=1} filled 0 HeapByteBuffer@2a66826a[p=0,l=0,c=8192,r=0]={<<<>>>GET /File...\x86&h\xA0{\xC1\xC2}
[DEBUG] HttpConnection@3e7171e5::SocketChannelEndPoint@3d491fad{l=/127.0.0.1:35372,r=/127.0.0.1:60190,OPEN,fill=-,flush=-,to=1/30000}{io=0/0,kio=0,kro=1}->HttpConnection@3e7171e5[p=HttpParser{s=CONTENT,0 of -1},g=HttpGenerator@274dcaa5{s=START}]=>HttpChannelOverHttp@36eb5f45{s=HttpChannelState@23232c72{s=HANDLING rs=COMPLETING os=OPEN is=IDLE awp=false se=false i=false al=0},r=38,c=false/false,a=HANDLING,uri=//localhost:35372/RedirectServlet,age=1} parse HeapByteBuffer@2a66826a[p=0,l=0,c=8192,r=0]={<<<>>>GET /File...\x86&h\xA0{\xC1\xC2} {}
[DEBUG] parseNext s=CONTENT HeapByteBuffer@2a66826a[p=0,l=0,c=8192,r=0]={<<<>>>GET /File...\x86&h\xA0{\xC1\xC2}
[DEBUG] CONTENT --> CONTENT_END
[DEBUG] onContentComplete HttpChannelOverHttp@36eb5f45{s=HttpChannelState@23232c72{s=HANDLING rs=COMPLETING os=OPEN is=IDLE awp=false se=false i=false al=0},r=38,c=false/false,a=HANDLING,uri=//localhost:35372/RedirectServlet,age=1}
[DEBUG] CONTENT_END --> END
[DEBUG] onRequestComplete HttpChannelOverHttp@36eb5f45{s=HttpChannelState@23232c72{s=HANDLING rs=COMPLETING os=OPEN is=IDLE awp=false se=false i=false al=0},r=38,c=false/false,a=HANDLING,uri=//localhost:35372/RedirectServlet,age=1}
[DEBUG] HttpInputOverHTTP@376cf161[c=0,q=0,[0]=null,s=STREAM] addContent EOF
[DEBUG] HttpConnection@3e7171e5::SocketChannelEndPoint@3d491fad{l=/127.0.0.1:35372,r=/127.0.0.1:60190,OPEN,fill=-,flush=-,to=1/30000}{io=0/0,kio=0,kro=1}->HttpConnection@3e7171e5[p=HttpParser{s=END,0 of -1},g=HttpGenerator@274dcaa5{s=START}]=>HttpChannelOverHttp@36eb5f45{s=HttpChannelState@23232c72{s=HANDLING rs=COMPLETING os=OPEN is=IDLE awp=false se=false i=false al=0},r=38,c=false/false,a=HANDLING,uri=//localhost:35372/RedirectServlet,age=1} parsed false HttpParser{s=END,0 of -1}
[DEBUG] releaseRequestBuffer HttpConnection@3e7171e5::SocketChannelEndPoint@3d491fad{l=/127.0.0.1:35372,r=/127.0.0.1:60190,OPEN,fill=-,flush=-,to=1/30000}{io=0/0,kio=0,kro=1}->HttpConnection@3e7171e5[p=HttpParser{s=END,0 of -1},g=HttpGenerator@274dcaa5{s=START}]=>HttpChannelOverHttp@36eb5f45{s=HttpChannelState@23232c72{s=HANDLING rs=COMPLETING os=OPEN is=IDLE awp=false se=false i=false al=0},r=38,c=false/false,a=HANDLING,uri=//localhost:35372/RedirectServlet,age=1}
[DEBUG] complete(org.eclipse.jetty.util.Callback$3@1004d5d5) s=CLOSING,api=BLOCKED,sc=false,e=null s=false e=null, c=HeapByteBuffer@13dae45a[p=0,l=0,c=0,r=0]={<<<>>>}
[DEBUG] sendResponse info=null content=HeapByteBuffer@13dae45a[p=0,l=0,c=0,r=0]={<<<>>>} complete=true committing=true callback=org.eclipse.jetty.server.HttpOutput$WriteCompleteCB@67d81188
[DEBUG] COMMIT for /RedirectServlet on HttpChannelOverHttp@36eb5f45{s=HttpChannelState@23232c72{s=HANDLING rs=COMPLETING os=COMMITTED is=IDLE awp=false se=false i=false al=0},r=38,c=false/false,a=HANDLING,uri=//localhost:35372/RedirectServlet,age=7}
302 null HTTP/1.1
Date: Tue, 28 Sep 2021 06:03:32 GMT
Location: 


[DEBUG] generate: NEED_HEADER for SendCallback@410c6bef[PROCESSING][i=HTTP/1.1{s=302,h=2,cl=-1},cb=org.eclipse.jetty.server.HttpChannel$SendCallback@481112c2] (null,[p=0,l=0,c=0,r=0],true)@START
[DEBUG] generateHeaders HTTP/1.1{s=302,h=2,cl=-1} last=true content=HeapByteBuffer@13dae45a[p=0,l=0,c=0,r=0]={<<<>>>}
[DEBUG] Date: Tue, 28 Sep 2021 06:03:32 GMT
Location: 


[DEBUG] CONTENT_LENGTH
[DEBUG] generate: FLUSH for SendCallback@410c6bef[PROCESSING][i=HTTP/1.1{s=302,h=2,cl=-1},cb=org.eclipse.jetty.server.HttpChannel$SendCallback@481112c2] ([p=0,l=123,c=8192,r=123],[p=0,l=0,c=0,r=0],true)@COMPLETING
[DEBUG] write: WriteFlusher@2071150d{IDLE}->null [HeapByteBuffer@460916c[p=0,l=123,c=8192,r=123]={<<<HTTP/1.1 302 Found\r\nDate:...y(9.4.43.v20210629)\r\n\r\n>>>er: Jetty...\x00\x00\x00\x00\x00\x00\x00}]
[DEBUG] update WriteFlusher@2071150d{WRITING}->null:IDLE-->WRITING
[DEBUG] flushed 123 SocketChannelEndPoint@3d491fad{l=/127.0.0.1:35372,r=/127.0.0.1:60190,OPEN,fill=-,flush=W,to=12/30000}{io=0/0,kio=0,kro=1}->HttpConnection@3e7171e5[p=HttpParser{s=END,0 of -1},g=HttpGenerator@274dcaa5{s=COMPLETING}]=>HttpChannelOverHttp@36eb5f45{s=HttpChannelState@23232c72{s=HANDLING rs=COMPLETING os=COMMITTED is=IDLE awp=false se=false i=false al=0},r=38,c=false/false,a=HANDLING,uri=//localhost:35372/RedirectServlet,age=13}
[DEBUG] Flushed=true written=123 remaining=0 WriteFlusher@2071150d{WRITING}->null
[DEBUG] update WriteFlusher@2071150d{IDLE}->null:WRITING-->IDLE
[DEBUG] generate: DONE for SendCallback@410c6bef[PROCESSING][i=HTTP/1.1{s=302,h=2,cl=-1},cb=org.eclipse.jetty.server.HttpChannel$SendCallback@481112c2] ([p=123,l=123,c=8192,r=0],[p=0,l=0,c=0,r=0],true)@END
[DEBUG] onWriteComplete(true,null) s=CLOSING,api=BLOCKED,sc=false,e=null->s=CLOSED,api=BLOCKING,sc=false,e=null c=null cb=org.eclipse.jetty.util.Callback$3@1004d5d5 w=false
[DEBUG] completed HttpChannelState@23232c72{s=HANDLING rs=COMPLETING os=COMPLETED is=IDLE awp=false se=false i=false al=0}
[DEBUG] unhandle HttpChannelState@23232c72{s=HANDLING rs=COMPLETED os=COMPLETED is=IDLE awp=false se=false i=false al=0}
[DEBUG] nextAction(false) TERMINATED HttpChannelState@23232c72{s=IDLE rs=COMPLETED os=COMPLETED is=IDLE awp=false se=false i=false al=0}
[DEBUG] action TERMINATED HttpChannelOverHttp@36eb5f45{s=HttpChannelState@23232c72{s=IDLE rs=COMPLETED os=COMPLETED is=IDLE awp=false se=false i=false al=0},r=38,c=true/true,a=IDLE,uri=//localhost:35372/RedirectServlet,age=13}
[DEBUG] onCompleted for /RedirectServlet written=0
[DEBUG] recycle HttpChannelState@23232c72{s=IDLE rs=COMPLETED os=COMPLETED is=IDLE awp=false se=false i=false al=0}
[DEBUG] reset HttpParser{s=END,0 of -1}
[DEBUG] END --> START
[DEBUG] !handle TERMINATED HttpChannelOverHttp@36eb5f45{s=HttpChannelState@23232c72{s=IDLE rs=BLOCKING os=OPEN is=IDLE awp=false se=false i=true al=0},r=38,c=false/false,a=IDLE,uri=null,age=0}
[DEBUG] filled 294 HeapByteBuffer@1ef04a69[p=0,l=294,c=8192,r=294]={<<<GET /RedirectServlet HTTP...nection: keep-alive\r\n\r\n>>>g, *; q=....\x00\x00\x00\x00\x00\x00\x00}
[DEBUG] HttpConnection@3e7171e5::SocketChannelEndPoint@3d491fad{l=/127.0.0.1:35372,r=/127.0.0.1:60190,OPEN,fill=-,flush=-,to=0/30000}{io=0/0,kio=0,kro=1}->HttpConnection@3e7171e5[p=HttpParser{s=START,0 of -1},g=HttpGenerator@274dcaa5{s=START}]=>HttpChannelOverHttp@36eb5f45{s=HttpChannelState@23232c72{s=IDLE rs=BLOCKING os=OPEN is=IDLE awp=false se=false i=true al=0},r=38,c=false/false,a=IDLE,uri=null,age=0} filled 294 HeapByteBuffer@1ef04a69[p=0,l=294,c=8192,r=294]={<<<GET /RedirectServlet HTTP...nection: keep-alive\r\n\r\n>>>g, *; q=....\x00\x00\x00\x00\x00\x00\x00}
[DEBUG] HttpConnection@3e7171e5::SocketChannelEndPoint@3d491fad{l=/127.0.0.1:35372,r=/127.0.0.1:60190,OPEN,fill=-,flush=-,to=0/30000}{io=0/0,kio=0,kro=1}->HttpConnection@3e7171e5[p=HttpParser{s=START,0 of -1},g=HttpGenerator@274dcaa5{s=START}]=>HttpChannelOverHttp@36eb5f45{s=HttpChannelState@23232c72{s=IDLE rs=BLOCKING os=OPEN is=IDLE awp=false se=false i=true al=0},r=38,c=false/false,a=IDLE,uri=null,age=0} parse HeapByteBuffer@1ef04a69[p=0,l=294,c=8192,r=294]={<<<GET /RedirectServlet HTTP...nection: keep-alive\r\n\r\n>>>g, *; q=....\x00\x00\x00\x00\x00\x00\x00} {}
[DEBUG] parseNext s=START HeapByteBuffer@1ef04a69[p=0,l=294,c=8192,r=294]={<<<GET /RedirectServlet HTTP...nection: keep-alive\r\n\r\n>>>g, *; q=....\x00\x00\x00\x00\x00\x00\x00}
[DEBUG] START --> SPACE1
[DEBUG] SPACE1 --> URI
[DEBUG] URI --> SPACE2
[DEBUG] SPACE2 --> REQUEST_VERSION
[DEBUG] REQUEST_VERSION --> HEADER
[DEBUG] HEADER:Accept-Encoding: gzip --> IN_VALUE
[DEBUG] HEADER:Accept-Encoding: gzip --> FIELD
[DEBUG] HEADER:User-Agent: Mozilla/5.0 (Windows NT 10.0; Win64; x64) AppleWebKit/537.36 (KHTML, like Gecko) Chrome/79.0.3945.130 Safari/537.36 --> IN_VALUE
[DEBUG] HEADER:User-Agent: Mozilla/5.0 (Windows NT 10.0; Win64; x64) AppleWebKit/537.36 (KHTML, like Gecko) Chrome/79.0.3945.130 Safari/537.36 --> FIELD
[DEBUG] HEADER:Host: localhost:35372 --> IN_VALUE
[DEBUG] HEADER:Host: localhost:35372 --> FIELD
[DEBUG] HEADER:Accept: text/html, image/gif, image/jpeg, *; q=.2, */*; q=.2 --> IN_VALUE
[DEBUG] HEADER:Accept: text/html, image/gif, image/jpeg, *; q=.2, */*; q=.2 --> FIELD
[DEBUG] HEADER:Connection: keep-alive --> IN_VALUE
[DEBUG] HEADER:Connection: keep-alive --> FIELD
[DEBUG] HEADER --> CONTENT
[DEBUG] REQUEST for //localhost:35372/RedirectServlet on HttpChannelOverHttp@36eb5f45{s=HttpChannelState@23232c72{s=IDLE rs=BLOCKING os=OPEN is=IDLE awp=false se=false i=true al=0},r=39,c=false/false,a=IDLE,uri=//localhost:35372/RedirectServlet,age=0}
GET //localhost:35372/RedirectServlet HTTP/1.1
Accept-Encoding: gzip
User-Agent: Mozilla/5.0 (Windows NT 10.0; Win64; x64) AppleWebKit/537.36 (KHTML, like Gecko) Chrome/79.0.3945.130 Safari/537.36
Host: localhost:35372
Accept: text/html, image/gif, image/jpeg, *; q=.2, */*; q=.2
Connection: keep-alive


[DEBUG] HttpConnection@3e7171e5::SocketChannelEndPoint@3d491fad{l=/127.0.0.1:35372,r=/127.0.0.1:60190,OPEN,fill=-,flush=-,to=0/30000}{io=0/0,kio=0,kro=1}->HttpConnection@3e7171e5[p=HttpParser{s=CONTENT,0 of -1},g=HttpGenerator@274dcaa5{s=START}]=>HttpChannelOverHttp@36eb5f45{s=HttpChannelState@23232c72{s=IDLE rs=BLOCKING os=OPEN is=IDLE awp=false se=false i=true al=0},r=39,c=false/false,a=IDLE,uri=//localhost:35372/RedirectServlet,age=0} parsed true HttpParser{s=CONTENT,0 of -1}
[DEBUG] releaseRequestBuffer HttpConnection@3e7171e5::SocketChannelEndPoint@3d491fad{l=/127.0.0.1:35372,r=/127.0.0.1:60190,OPEN,fill=-,flush=-,to=0/30000}{io=0/0,kio=0,kro=1}->HttpConnection@3e7171e5[p=HttpParser{s=CONTENT,0 of -1},g=HttpGenerator@274dcaa5{s=START}]=>HttpChannelOverHttp@36eb5f45{s=HttpChannelState@23232c72{s=IDLE rs=BLOCKING os=OPEN is=IDLE awp=false se=false i=true al=0},r=39,c=false/false,a=IDLE,uri=//localhost:35372/RedirectServlet,age=0}
[DEBUG] handle //localhost:35372/RedirectServlet HttpChannelOverHttp@36eb5f45{s=HttpChannelState@23232c72{s=IDLE rs=BLOCKING os=OPEN is=IDLE awp=false se=false i=true al=0},r=39,c=false/false,a=IDLE,uri=//localhost:35372/RedirectServlet,age=0} 
[DEBUG] handling HttpChannelState@23232c72{s=IDLE rs=BLOCKING os=OPEN is=IDLE awp=false se=false i=true al=0}
[DEBUG] action DISPATCH HttpChannelOverHttp@36eb5f45{s=HttpChannelState@23232c72{s=HANDLING rs=BLOCKING os=OPEN is=IDLE awp=false se=false i=true al=0},r=39,c=false/false,a=HANDLING,uri=//localhost:35372/RedirectServlet,age=0}
[DEBUG] REQUEST GET /RedirectServlet on HttpChannelOverHttp@36eb5f45{s=HttpChannelState@23232c72{s=HANDLING rs=BLOCKING os=OPEN is=IDLE awp=false se=false i=true al=0},r=39,c=false/false,a=HANDLING,uri=//localhost:35372/RedirectServlet,age=0}
[DEBUG] servlet null|/RedirectServlet|null -> org.jsoup.integration.servlets.RedirectServlet-77bb0ab5==org.jsoup.integration.servlets.RedirectServlet@f84cd177{jsp=null,order=-1,inst=true,async=true,src=EMBEDDED:null,STARTED}
[DEBUG] chain=null
[DEBUG] handled=true async=false committed=false on HttpChannelOverHttp@36eb5f45{s=HttpChannelState@23232c72{s=HANDLING rs=BLOCKING os=OPEN is=IDLE awp=false se=false i=true al=0},r=39,c=false/false,a=HANDLING,uri=//localhost:35372/RedirectServlet,age=0}
[DEBUG] unhandle HttpChannelState@23232c72{s=HANDLING rs=BLOCKING os=OPEN is=IDLE awp=false se=false i=true al=0}
[DEBUG] nextAction(false) COMPLETE HttpChannelState@23232c72{s=HANDLING rs=COMPLETING os=OPEN is=IDLE awp=false se=false i=false al=0}
[DEBUG] action COMPLETE HttpChannelOverHttp@36eb5f45{s=HttpChannelState@23232c72{s=HANDLING rs=COMPLETING os=OPEN is=IDLE awp=false se=false i=false al=0},r=39,c=false/false,a=HANDLING,uri=//localhost:35372/RedirectServlet,age=0}
[DEBUG] filled 0 HeapByteBuffer@2a66826a[p=0,l=0,c=8192,r=0]={<<<>>>GET /File...\x86&h\xA0{\xC1\xC2}
[DEBUG] filled 0 HeapByteBuffer@2a66826a[p=0,l=0,c=8192,r=0]={<<<>>>GET /File...\x86&h\xA0{\xC1\xC2}
[DEBUG] HttpConnection@3e7171e5::SocketChannelEndPoint@3d491fad{l=/127.0.0.1:35372,r=/127.0.0.1:60190,OPEN,fill=-,flush=-,to=1/30000}{io=0/0,kio=0,kro=1}->HttpConnection@3e7171e5[p=HttpParser{s=CONTENT,0 of -1},g=HttpGenerator@274dcaa5{s=START}]=>HttpChannelOverHttp@36eb5f45{s=HttpChannelState@23232c72{s=HANDLING rs=COMPLETING os=OPEN is=IDLE awp=false se=false i=false al=0},r=39,c=false/false,a=HANDLING,uri=//localhost:35372/RedirectServlet,age=0} filled 0 HeapByteBuffer@2a66826a[p=0,l=0,c=8192,r=0]={<<<>>>GET /File...\x86&h\xA0{\xC1\xC2}
[DEBUG] HttpConnection@3e7171e5::SocketChannelEndPoint@3d491fad{l=/127.0.0.1:35372,r=/127.0.0.1:60190,OPEN,fill=-,flush=-,to=1/30000}{io=0/0,kio=0,kro=1}->HttpConnection@3e7171e5[p=HttpParser{s=CONTENT,0 of -1},g=HttpGenerator@274dcaa5{s=START}]=>HttpChannelOverHttp@36eb5f45{s=HttpChannelState@23232c72{s=HANDLING rs=COMPLETING os=OPEN is=IDLE awp=false se=false i=false al=0},r=39,c=false/false,a=HANDLING,uri=//localhost:35372/RedirectServlet,age=1} parse HeapByteBuffer@2a66826a[p=0,l=0,c=8192,r=0]={<<<>>>GET /File...\x86&h\xA0{\xC1\xC2} {}
[DEBUG] parseNext s=CONTENT HeapByteBuffer@2a66826a[p=0,l=0,c=8192,r=0]={<<<>>>GET /File...\x86&h\xA0{\xC1\xC2}
[DEBUG] CONTENT --> CONTENT_END
[DEBUG] onContentComplete HttpChannelOverHttp@36eb5f45{s=HttpChannelState@23232c72{s=HANDLING rs=COMPLETING os=OPEN is=IDLE awp=false se=false i=false al=0},r=39,c=false/false,a=HANDLING,uri=//localhost:35372/RedirectServlet,age=1}
[DEBUG] CONTENT_END --> END
[DEBUG] onRequestComplete HttpChannelOverHttp@36eb5f45{s=HttpChannelState@23232c72{s=HANDLING rs=COMPLETING os=OPEN is=IDLE awp=false se=false i=false al=0},r=39,c=false/false,a=HANDLING,uri=//localhost:35372/RedirectServlet,age=1}
[DEBUG] HttpInputOverHTTP@376cf161[c=0,q=0,[0]=null,s=STREAM] addContent EOF
[DEBUG] HttpConnection@3e7171e5::SocketChannelEndPoint@3d491fad{l=/127.0.0.1:35372,r=/127.0.0.1:60190,OPEN,fill=-,flush=-,to=1/30000}{io=0/0,kio=0,kro=1}->HttpConnection@3e7171e5[p=HttpParser{s=END,0 of -1},g=HttpGenerator@274dcaa5{s=START}]=>HttpChannelOverHttp@36eb5f45{s=HttpChannelState@23232c72{s=HANDLING rs=COMPLETING os=OPEN is=IDLE awp=false se=false i=false al=0},r=39,c=false/false,a=HANDLING,uri=//localhost:35372/RedirectServlet,age=1} parsed false HttpParser{s=END,0 of -1}
[DEBUG] releaseRequestBuffer HttpConnection@3e7171e5::SocketChannelEndPoint@3d491fad{l=/127.0.0.1:35372,r=/127.0.0.1:60190,OPEN,fill=-,flush=-,to=1/30000}{io=0/0,kio=0,kro=1}->HttpConnection@3e7171e5[p=HttpParser{s=END,0 of -1},g=HttpGenerator@274dcaa5{s=START}]=>HttpChannelOverHttp@36eb5f45{s=HttpChannelState@23232c72{s=HANDLING rs=COMPLETING os=OPEN is=IDLE awp=false se=false i=false al=0},r=39,c=false/false,a=HANDLING,uri=//localhost:35372/RedirectServlet,age=1}
[DEBUG] complete(org.eclipse.jetty.util.Callback$3@2729d91b) s=CLOSING,api=BLOCKED,sc=false,e=null s=false e=null, c=HeapByteBuffer@13dae45a[p=0,l=0,c=0,r=0]={<<<>>>}
[DEBUG] sendResponse info=null content=HeapByteBuffer@13dae45a[p=0,l=0,c=0,r=0]={<<<>>>} complete=true committing=true callback=org.eclipse.jetty.server.HttpOutput$WriteCompleteCB@11351a56
[DEBUG] COMMIT for /RedirectServlet on HttpChannelOverHttp@36eb5f45{s=HttpChannelState@23232c72{s=HANDLING rs=COMPLETING os=COMMITTED is=IDLE awp=false se=false i=false al=0},r=39,c=false/false,a=HANDLING,uri=//localhost:35372/RedirectServlet,age=1}
302 null HTTP/1.1
Date: Tue, 28 Sep 2021 06:03:32 GMT
Location: 


[DEBUG] generate: NEED_HEADER for SendCallback@410c6bef[PROCESSING][i=HTTP/1.1{s=302,h=2,cl=-1},cb=org.eclipse.jetty.server.HttpChannel$SendCallback@36461da9] (null,[p=0,l=0,c=0,r=0],true)@START
[DEBUG] generateHeaders HTTP/1.1{s=302,h=2,cl=-1} last=true content=HeapByteBuffer@13dae45a[p=0,l=0,c=0,r=0]={<<<>>>}
[DEBUG] Date: Tue, 28 Sep 2021 06:03:32 GMT
Location: 


[DEBUG] CONTENT_LENGTH
[DEBUG] generate: FLUSH for SendCallback@410c6bef[PROCESSING][i=HTTP/1.1{s=302,h=2,cl=-1},cb=org.eclipse.jetty.server.HttpChannel$SendCallback@36461da9] ([p=0,l=123,c=8192,r=123],[p=0,l=0,c=0,r=0],true)@COMPLETING
[DEBUG] write: WriteFlusher@2071150d{IDLE}->null [HeapByteBuffer@460916c[p=0,l=123,c=8192,r=123]={<<<HTTP/1.1 302 Found\r\nDate:...y(9.4.43.v20210629)\r\n\r\n>>>er: Jetty...\x00\x00\x00\x00\x00\x00\x00}]
[DEBUG] update WriteFlusher@2071150d{WRITING}->null:IDLE-->WRITING
[DEBUG] flushed 123 SocketChannelEndPoint@3d491fad{l=/127.0.0.1:35372,r=/127.0.0.1:60190,OPEN,fill=-,flush=W,to=6/30000}{io=0/0,kio=0,kro=1}->HttpConnection@3e7171e5[p=HttpParser{s=END,0 of -1},g=HttpGenerator@274dcaa5{s=COMPLETING}]=>HttpChannelOverHttp@36eb5f45{s=HttpChannelState@23232c72{s=HANDLING rs=COMPLETING os=COMMITTED is=IDLE awp=false se=false i=false al=0},r=39,c=false/false,a=HANDLING,uri=//localhost:35372/RedirectServlet,age=5}
[DEBUG] Flushed=true written=123 remaining=0 WriteFlusher@2071150d{WRITING}->null
[DEBUG] update WriteFlusher@2071150d{IDLE}->null:WRITING-->IDLE
[DEBUG] generate: DONE for SendCallback@410c6bef[PROCESSING][i=HTTP/1.1{s=302,h=2,cl=-1},cb=org.eclipse.jetty.server.HttpChannel$SendCallback@36461da9] ([p=123,l=123,c=8192,r=0],[p=0,l=0,c=0,r=0],true)@END
[DEBUG] onWriteComplete(true,null) s=CLOSING,api=BLOCKED,sc=false,e=null->s=CLOSED,api=BLOCKING,sc=false,e=null c=null cb=org.eclipse.jetty.util.Callback$3@2729d91b w=false
[DEBUG] completed HttpChannelState@23232c72{s=HANDLING rs=COMPLETING os=COMPLETED is=IDLE awp=false se=false i=false al=0}
[DEBUG] unhandle HttpChannelState@23232c72{s=HANDLING rs=COMPLETED os=COMPLETED is=IDLE awp=false se=false i=false al=0}
[DEBUG] nextAction(false) TERMINATED HttpChannelState@23232c72{s=IDLE rs=COMPLETED os=COMPLETED is=IDLE awp=false se=false i=false al=0}
[DEBUG] action TERMINATED HttpChannelOverHttp@36eb5f45{s=HttpChannelState@23232c72{s=IDLE rs=COMPLETED os=COMPLETED is=IDLE awp=false se=false i=false al=0},r=39,c=true/true,a=IDLE,uri=//localhost:35372/RedirectServlet,age=11}
[DEBUG] onCompleted for /RedirectServlet written=0
[DEBUG] recycle HttpChannelState@23232c72{s=IDLE rs=COMPLETED os=COMPLETED is=IDLE awp=false se=false i=false al=0}
[DEBUG] reset HttpParser{s=END,0 of -1}
[DEBUG] END --> START
[DEBUG] !handle TERMINATED HttpChannelOverHttp@36eb5f45{s=HttpChannelState@23232c72{s=IDLE rs=BLOCKING os=OPEN is=IDLE awp=false se=false i=true al=0},r=39,c=false/false,a=IDLE,uri=null,age=0}
[DEBUG] filled 294 HeapByteBuffer@1ef04a69[p=0,l=294,c=8192,r=294]={<<<GET /RedirectServlet HTTP...nection: keep-alive\r\n\r\n>>>g, *; q=....\x00\x00\x00\x00\x00\x00\x00}
[DEBUG] HttpConnection@3e7171e5::SocketChannelEndPoint@3d491fad{l=/127.0.0.1:35372,r=/127.0.0.1:60190,OPEN,fill=-,flush=-,to=0/30000}{io=0/0,kio=0,kro=1}->HttpConnection@3e7171e5[p=HttpParser{s=START,0 of -1},g=HttpGenerator@274dcaa5{s=START}]=>HttpChannelOverHttp@36eb5f45{s=HttpChannelState@23232c72{s=IDLE rs=BLOCKING os=OPEN is=IDLE awp=false se=false i=true al=0},r=39,c=false/false,a=IDLE,uri=null,age=0} filled 294 HeapByteBuffer@1ef04a69[p=0,l=294,c=8192,r=294]={<<<GET /RedirectServlet HTTP...nection: keep-alive\r\n\r\n>>>g, *; q=....\x00\x00\x00\x00\x00\x00\x00}
[DEBUG] HttpConnection@3e7171e5::SocketChannelEndPoint@3d491fad{l=/127.0.0.1:35372,r=/127.0.0.1:60190,OPEN,fill=-,flush=-,to=0/30000}{io=0/0,kio=0,kro=1}->HttpConnection@3e7171e5[p=HttpParser{s=START,0 of -1},g=HttpGenerator@274dcaa5{s=START}]=>HttpChannelOverHttp@36eb5f45{s=HttpChannelState@23232c72{s=IDLE rs=BLOCKING os=OPEN is=IDLE awp=false se=false i=true al=0},r=39,c=false/false,a=IDLE,uri=null,age=0} parse HeapByteBuffer@1ef04a69[p=0,l=294,c=8192,r=294]={<<<GET /RedirectServlet HTTP...nection: keep-alive\r\n\r\n>>>g, *; q=....\x00\x00\x00\x00\x00\x00\x00} {}
[DEBUG] parseNext s=START HeapByteBuffer@1ef04a69[p=0,l=294,c=8192,r=294]={<<<GET /RedirectServlet HTTP...nection: keep-alive\r\n\r\n>>>g, *; q=....\x00\x00\x00\x00\x00\x00\x00}
[DEBUG] START --> SPACE1
[DEBUG] SPACE1 --> URI
[DEBUG] URI --> SPACE2
[DEBUG] SPACE2 --> REQUEST_VERSION
[DEBUG] REQUEST_VERSION --> HEADER
[DEBUG] HEADER:Accept-Encoding: gzip --> IN_VALUE
[DEBUG] HEADER:Accept-Encoding: gzip --> FIELD
[DEBUG] HEADER:User-Agent: Mozilla/5.0 (Windows NT 10.0; Win64; x64) AppleWebKit/537.36 (KHTML, like Gecko) Chrome/79.0.3945.130 Safari/537.36 --> IN_VALUE
[DEBUG] HEADER:User-Agent: Mozilla/5.0 (Windows NT 10.0; Win64; x64) AppleWebKit/537.36 (KHTML, like Gecko) Chrome/79.0.3945.130 Safari/537.36 --> FIELD
[DEBUG] HEADER:Host: localhost:35372 --> IN_VALUE
[DEBUG] HEADER:Host: localhost:35372 --> FIELD
[DEBUG] HEADER:Accept: text/html, image/gif, image/jpeg, *; q=.2, */*; q=.2 --> IN_VALUE
[DEBUG] HEADER:Accept: text/html, image/gif, image/jpeg, *; q=.2, */*; q=.2 --> FIELD
[DEBUG] HEADER:Connection: keep-alive --> IN_VALUE
[DEBUG] HEADER:Connection: keep-alive --> FIELD
[DEBUG] HEADER --> CONTENT
[DEBUG] REQUEST for //localhost:35372/RedirectServlet on HttpChannelOverHttp@36eb5f45{s=HttpChannelState@23232c72{s=IDLE rs=BLOCKING os=OPEN is=IDLE awp=false se=false i=true al=0},r=40,c=false/false,a=IDLE,uri=//localhost:35372/RedirectServlet,age=0}
GET //localhost:35372/RedirectServlet HTTP/1.1
Accept-Encoding: gzip
User-Agent: Mozilla/5.0 (Windows NT 10.0; Win64; x64) AppleWebKit/537.36 (KHTML, like Gecko) Chrome/79.0.3945.130 Safari/537.36
Host: localhost:35372
Accept: text/html, image/gif, image/jpeg, *; q=.2, */*; q=.2
Connection: keep-alive


[DEBUG] HttpConnection@3e7171e5::SocketChannelEndPoint@3d491fad{l=/127.0.0.1:35372,r=/127.0.0.1:60190,OPEN,fill=-,flush=-,to=0/30000}{io=0/0,kio=0,kro=1}->HttpConnection@3e7171e5[p=HttpParser{s=CONTENT,0 of -1},g=HttpGenerator@274dcaa5{s=START}]=>HttpChannelOverHttp@36eb5f45{s=HttpChannelState@23232c72{s=IDLE rs=BLOCKING os=OPEN is=IDLE awp=false se=false i=true al=0},r=40,c=false/false,a=IDLE,uri=//localhost:35372/RedirectServlet,age=0} parsed true HttpParser{s=CONTENT,0 of -1}
[DEBUG] releaseRequestBuffer HttpConnection@3e7171e5::SocketChannelEndPoint@3d491fad{l=/127.0.0.1:35372,r=/127.0.0.1:60190,OPEN,fill=-,flush=-,to=0/30000}{io=0/0,kio=0,kro=1}->HttpConnection@3e7171e5[p=HttpParser{s=CONTENT,0 of -1},g=HttpGenerator@274dcaa5{s=START}]=>HttpChannelOverHttp@36eb5f45{s=HttpChannelState@23232c72{s=IDLE rs=BLOCKING os=OPEN is=IDLE awp=false se=false i=true al=0},r=40,c=false/false,a=IDLE,uri=//localhost:35372/RedirectServlet,age=0}
[DEBUG] handle //localhost:35372/RedirectServlet HttpChannelOverHttp@36eb5f45{s=HttpChannelState@23232c72{s=IDLE rs=BLOCKING os=OPEN is=IDLE awp=false se=false i=true al=0},r=40,c=false/false,a=IDLE,uri=//localhost:35372/RedirectServlet,age=0} 
[DEBUG] handling HttpChannelState@23232c72{s=IDLE rs=BLOCKING os=OPEN is=IDLE awp=false se=false i=true al=0}
[DEBUG] action DISPATCH HttpChannelOverHttp@36eb5f45{s=HttpChannelState@23232c72{s=HANDLING rs=BLOCKING os=OPEN is=IDLE awp=false se=false i=true al=0},r=40,c=false/false,a=HANDLING,uri=//localhost:35372/RedirectServlet,age=0}
[DEBUG] REQUEST GET /RedirectServlet on HttpChannelOverHttp@36eb5f45{s=HttpChannelState@23232c72{s=HANDLING rs=BLOCKING os=OPEN is=IDLE awp=false se=false i=true al=0},r=40,c=false/false,a=HANDLING,uri=//localhost:35372/RedirectServlet,age=1}
[DEBUG] servlet null|/RedirectServlet|null -> org.jsoup.integration.servlets.RedirectServlet-77bb0ab5==org.jsoup.integration.servlets.RedirectServlet@f84cd177{jsp=null,order=-1,inst=true,async=true,src=EMBEDDED:null,STARTED}
[DEBUG] chain=null
[DEBUG] handled=true async=false committed=false on HttpChannelOverHttp@36eb5f45{s=HttpChannelState@23232c72{s=HANDLING rs=BLOCKING os=OPEN is=IDLE awp=false se=false i=true al=0},r=40,c=false/false,a=HANDLING,uri=//localhost:35372/RedirectServlet,age=1}
[DEBUG] unhandle HttpChannelState@23232c72{s=HANDLING rs=BLOCKING os=OPEN is=IDLE awp=false se=false i=true al=0}
[DEBUG] nextAction(false) COMPLETE HttpChannelState@23232c72{s=HANDLING rs=COMPLETING os=OPEN is=IDLE awp=false se=false i=false al=0}
[DEBUG] action COMPLETE HttpChannelOverHttp@36eb5f45{s=HttpChannelState@23232c72{s=HANDLING rs=COMPLETING os=OPEN is=IDLE awp=false se=false i=false al=0},r=40,c=false/false,a=HANDLING,uri=//localhost:35372/RedirectServlet,age=1}
[DEBUG] filled 0 HeapByteBuffer@2a66826a[p=0,l=0,c=8192,r=0]={<<<>>>GET /File...\x86&h\xA0{\xC1\xC2}
[DEBUG] filled 0 HeapByteBuffer@2a66826a[p=0,l=0,c=8192,r=0]={<<<>>>GET /File...\x86&h\xA0{\xC1\xC2}
[DEBUG] HttpConnection@3e7171e5::SocketChannelEndPoint@3d491fad{l=/127.0.0.1:35372,r=/127.0.0.1:60190,OPEN,fill=-,flush=-,to=1/30000}{io=0/0,kio=0,kro=1}->HttpConnection@3e7171e5[p=HttpParser{s=CONTENT,0 of -1},g=HttpGenerator@274dcaa5{s=START}]=>HttpChannelOverHttp@36eb5f45{s=HttpChannelState@23232c72{s=HANDLING rs=COMPLETING os=OPEN is=IDLE awp=false se=false i=false al=0},r=40,c=false/false,a=HANDLING,uri=//localhost:35372/RedirectServlet,age=1} filled 0 HeapByteBuffer@2a66826a[p=0,l=0,c=8192,r=0]={<<<>>>GET /File...\x86&h\xA0{\xC1\xC2}
[DEBUG] HttpConnection@3e7171e5::SocketChannelEndPoint@3d491fad{l=/127.0.0.1:35372,r=/127.0.0.1:60190,OPEN,fill=-,flush=-,to=1/30000}{io=0/0,kio=0,kro=1}->HttpConnection@3e7171e5[p=HttpParser{s=CONTENT,0 of -1},g=HttpGenerator@274dcaa5{s=START}]=>HttpChannelOverHttp@36eb5f45{s=HttpChannelState@23232c72{s=HANDLING rs=COMPLETING os=OPEN is=IDLE awp=false se=false i=false al=0},r=40,c=false/false,a=HANDLING,uri=//localhost:35372/RedirectServlet,age=1} parse HeapByteBuffer@2a66826a[p=0,l=0,c=8192,r=0]={<<<>>>GET /File...\x86&h\xA0{\xC1\xC2} {}
[DEBUG] parseNext s=CONTENT HeapByteBuffer@2a66826a[p=0,l=0,c=8192,r=0]={<<<>>>GET /File...\x86&h\xA0{\xC1\xC2}
[DEBUG] CONTENT --> CONTENT_END
[DEBUG] onContentComplete HttpChannelOverHttp@36eb5f45{s=HttpChannelState@23232c72{s=HANDLING rs=COMPLETING os=OPEN is=IDLE awp=false se=false i=false al=0},r=40,c=false/false,a=HANDLING,uri=//localhost:35372/RedirectServlet,age=1}
[DEBUG] CONTENT_END --> END
[DEBUG] onRequestComplete HttpChannelOverHttp@36eb5f45{s=HttpChannelState@23232c72{s=HANDLING rs=COMPLETING os=OPEN is=IDLE awp=false se=false i=false al=0},r=40,c=false/false,a=HANDLING,uri=//localhost:35372/RedirectServlet,age=2}
[DEBUG] HttpInputOverHTTP@376cf161[c=0,q=0,[0]=null,s=STREAM] addContent EOF
[DEBUG] HttpConnection@3e7171e5::SocketChannelEndPoint@3d491fad{l=/127.0.0.1:35372,r=/127.0.0.1:60190,OPEN,fill=-,flush=-,to=1/30000}{io=0/0,kio=0,kro=1}->HttpConnection@3e7171e5[p=HttpParser{s=END,0 of -1},g=HttpGenerator@274dcaa5{s=START}]=>HttpChannelOverHttp@36eb5f45{s=HttpChannelState@23232c72{s=HANDLING rs=COMPLETING os=OPEN is=IDLE awp=false se=false i=false al=0},r=40,c=false/false,a=HANDLING,uri=//localhost:35372/RedirectServlet,age=8} parsed false HttpParser{s=END,0 of -1}
[DEBUG] releaseRequestBuffer HttpConnection@3e7171e5::SocketChannelEndPoint@3d491fad{l=/127.0.0.1:35372,r=/127.0.0.1:60190,OPEN,fill=-,flush=-,to=7/30000}{io=0/0,kio=0,kro=1}->HttpConnection@3e7171e5[p=HttpParser{s=END,0 of -1},g=HttpGenerator@274dcaa5{s=START}]=>HttpChannelOverHttp@36eb5f45{s=HttpChannelState@23232c72{s=HANDLING rs=COMPLETING os=OPEN is=IDLE awp=false se=false i=false al=0},r=40,c=false/false,a=HANDLING,uri=//localhost:35372/RedirectServlet,age=8}
[DEBUG] complete(org.eclipse.jetty.util.Callback$3@76019ea1) s=CLOSING,api=BLOCKED,sc=false,e=null s=false e=null, c=HeapByteBuffer@13dae45a[p=0,l=0,c=0,r=0]={<<<>>>}
[DEBUG] sendResponse info=null content=HeapByteBuffer@13dae45a[p=0,l=0,c=0,r=0]={<<<>>>} complete=true committing=true callback=org.eclipse.jetty.server.HttpOutput$WriteCompleteCB@1f09607b
[DEBUG] COMMIT for /RedirectServlet on HttpChannelOverHttp@36eb5f45{s=HttpChannelState@23232c72{s=HANDLING rs=COMPLETING os=COMMITTED is=IDLE awp=false se=false i=false al=0},r=40,c=false/false,a=HANDLING,uri=//localhost:35372/RedirectServlet,age=8}
302 null HTTP/1.1
Date: Tue, 28 Sep 2021 06:03:32 GMT
Location: 


[DEBUG] generate: NEED_HEADER for SendCallback@410c6bef[PROCESSING][i=HTTP/1.1{s=302,h=2,cl=-1},cb=org.eclipse.jetty.server.HttpChannel$SendCallback@26572e66] (null,[p=0,l=0,c=0,r=0],true)@START
[DEBUG] generateHeaders HTTP/1.1{s=302,h=2,cl=-1} last=true content=HeapByteBuffer@13dae45a[p=0,l=0,c=0,r=0]={<<<>>>}
[DEBUG] Date: Tue, 28 Sep 2021 06:03:32 GMT
Location: 


[DEBUG] CONTENT_LENGTH
[DEBUG] generate: FLUSH for SendCallback@410c6bef[PROCESSING][i=HTTP/1.1{s=302,h=2,cl=-1},cb=org.eclipse.jetty.server.HttpChannel$SendCallback@26572e66] ([p=0,l=123,c=8192,r=123],[p=0,l=0,c=0,r=0],true)@COMPLETING
[DEBUG] write: WriteFlusher@2071150d{IDLE}->null [HeapByteBuffer@460916c[p=0,l=123,c=8192,r=123]={<<<HTTP/1.1 302 Found\r\nDate:...y(9.4.43.v20210629)\r\n\r\n>>>er: Jetty...\x00\x00\x00\x00\x00\x00\x00}]
[DEBUG] update WriteFlusher@2071150d{WRITING}->null:IDLE-->WRITING
[DEBUG] flushed 123 SocketChannelEndPoint@3d491fad{l=/127.0.0.1:35372,r=/127.0.0.1:60190,OPEN,fill=-,flush=W,to=8/30000}{io=0/0,kio=0,kro=1}->HttpConnection@3e7171e5[p=HttpParser{s=END,0 of -1},g=HttpGenerator@274dcaa5{s=COMPLETING}]=>HttpChannelOverHttp@36eb5f45{s=HttpChannelState@23232c72{s=HANDLING rs=COMPLETING os=COMMITTED is=IDLE awp=false se=false i=false al=0},r=40,c=false/false,a=HANDLING,uri=//localhost:35372/RedirectServlet,age=9}
[DEBUG] Flushed=true written=123 remaining=0 WriteFlusher@2071150d{WRITING}->null
[DEBUG] update WriteFlusher@2071150d{IDLE}->null:WRITING-->IDLE
[DEBUG] generate: DONE for SendCallback@410c6bef[PROCESSING][i=HTTP/1.1{s=302,h=2,cl=-1},cb=org.eclipse.jetty.server.HttpChannel$SendCallback@26572e66] ([p=123,l=123,c=8192,r=0],[p=0,l=0,c=0,r=0],true)@END
[DEBUG] onWriteComplete(true,null) s=CLOSING,api=BLOCKED,sc=false,e=null->s=CLOSED,api=BLOCKING,sc=false,e=null c=null cb=org.eclipse.jetty.util.Callback$3@76019ea1 w=false
[DEBUG] completed HttpChannelState@23232c72{s=HANDLING rs=COMPLETING os=COMPLETED is=IDLE awp=false se=false i=false al=0}
[DEBUG] unhandle HttpChannelState@23232c72{s=HANDLING rs=COMPLETED os=COMPLETED is=IDLE awp=false se=false i=false al=0}
[DEBUG] nextAction(false) TERMINATED HttpChannelState@23232c72{s=IDLE rs=COMPLETED os=COMPLETED is=IDLE awp=false se=false i=false al=0}
[DEBUG] action TERMINATED HttpChannelOverHttp@36eb5f45{s=HttpChannelState@23232c72{s=IDLE rs=COMPLETED os=COMPLETED is=IDLE awp=false se=false i=false al=0},r=40,c=true/true,a=IDLE,uri=//localhost:35372/RedirectServlet,age=9}
[DEBUG] onCompleted for /RedirectServlet written=0
[DEBUG] recycle HttpChannelState@23232c72{s=IDLE rs=COMPLETED os=COMPLETED is=IDLE awp=false se=false i=false al=0}
[DEBUG] reset HttpParser{s=END,0 of -1}
[DEBUG] END --> START
[DEBUG] !handle TERMINATED HttpChannelOverHttp@36eb5f45{s=HttpChannelState@23232c72{s=IDLE rs=BLOCKING os=OPEN is=IDLE awp=false se=false i=true al=0},r=40,c=false/false,a=IDLE,uri=null,age=0}
[DEBUG] filled 294 HeapByteBuffer@1ef04a69[p=0,l=294,c=8192,r=294]={<<<GET /RedirectServlet HTTP...nection: keep-alive\r\n\r\n>>>g, *; q=....\x00\x00\x00\x00\x00\x00\x00}
[DEBUG] HttpConnection@3e7171e5::SocketChannelEndPoint@3d491fad{l=/127.0.0.1:35372,r=/127.0.0.1:60190,OPEN,fill=-,flush=-,to=0/30000}{io=0/0,kio=0,kro=1}->HttpConnection@3e7171e5[p=HttpParser{s=START,0 of -1},g=HttpGenerator@274dcaa5{s=START}]=>HttpChannelOverHttp@36eb5f45{s=HttpChannelState@23232c72{s=IDLE rs=BLOCKING os=OPEN is=IDLE awp=false se=false i=true al=0},r=40,c=false/false,a=IDLE,uri=null,age=0} filled 294 HeapByteBuffer@1ef04a69[p=0,l=294,c=8192,r=294]={<<<GET /RedirectServlet HTTP...nection: keep-alive\r\n\r\n>>>g, *; q=....\x00\x00\x00\x00\x00\x00\x00}
[DEBUG] HttpConnection@3e7171e5::SocketChannelEndPoint@3d491fad{l=/127.0.0.1:35372,r=/127.0.0.1:60190,OPEN,fill=-,flush=-,to=0/30000}{io=0/0,kio=0,kro=1}->HttpConnection@3e7171e5[p=HttpParser{s=START,0 of -1},g=HttpGenerator@274dcaa5{s=START}]=>HttpChannelOverHttp@36eb5f45{s=HttpChannelState@23232c72{s=IDLE rs=BLOCKING os=OPEN is=IDLE awp=false se=false i=true al=0},r=40,c=false/false,a=IDLE,uri=null,age=0} parse HeapByteBuffer@1ef04a69[p=0,l=294,c=8192,r=294]={<<<GET /RedirectServlet HTTP...nection: keep-alive\r\n\r\n>>>g, *; q=....\x00\x00\x00\x00\x00\x00\x00} {}
[DEBUG] parseNext s=START HeapByteBuffer@1ef04a69[p=0,l=294,c=8192,r=294]={<<<GET /RedirectServlet HTTP...nection: keep-alive\r\n\r\n>>>g, *; q=....\x00\x00\x00\x00\x00\x00\x00}
[DEBUG] START --> SPACE1
[DEBUG] SPACE1 --> URI
[DEBUG] URI --> SPACE2
[DEBUG] SPACE2 --> REQUEST_VERSION
[DEBUG] REQUEST_VERSION --> HEADER
[DEBUG] HEADER:Accept-Encoding: gzip --> IN_VALUE
[DEBUG] HEADER:Accept-Encoding: gzip --> FIELD
[DEBUG] HEADER:User-Agent: Mozilla/5.0 (Windows NT 10.0; Win64; x64) AppleWebKit/537.36 (KHTML, like Gecko) Chrome/79.0.3945.130 Safari/537.36 --> IN_VALUE
[DEBUG] HEADER:User-Agent: Mozilla/5.0 (Windows NT 10.0; Win64; x64) AppleWebKit/537.36 (KHTML, like Gecko) Chrome/79.0.3945.130 Safari/537.36 --> FIELD
[DEBUG] HEADER:Host: localhost:35372 --> IN_VALUE
[DEBUG] HEADER:Host: localhost:35372 --> FIELD
[DEBUG] HEADER:Accept: text/html, image/gif, image/jpeg, *; q=.2, */*; q=.2 --> IN_VALUE
[DEBUG] HEADER:Accept: text/html, image/gif, image/jpeg, *; q=.2, */*; q=.2 --> FIELD
[DEBUG] HEADER:Connection: keep-alive --> IN_VALUE
[DEBUG] HEADER:Connection: keep-alive --> FIELD
[DEBUG] HEADER --> CONTENT
[DEBUG] REQUEST for //localhost:35372/RedirectServlet on HttpChannelOverHttp@36eb5f45{s=HttpChannelState@23232c72{s=IDLE rs=BLOCKING os=OPEN is=IDLE awp=false se=false i=true al=0},r=41,c=false/false,a=IDLE,uri=//localhost:35372/RedirectServlet,age=0}
GET //localhost:35372/RedirectServlet HTTP/1.1
Accept-Encoding: gzip
User-Agent: Mozilla/5.0 (Windows NT 10.0; Win64; x64) AppleWebKit/537.36 (KHTML, like Gecko) Chrome/79.0.3945.130 Safari/537.36
Host: localhost:35372
Accept: text/html, image/gif, image/jpeg, *; q=.2, */*; q=.2
Connection: keep-alive


[DEBUG] HttpConnection@3e7171e5::SocketChannelEndPoint@3d491fad{l=/127.0.0.1:35372,r=/127.0.0.1:60190,OPEN,fill=-,flush=-,to=0/30000}{io=0/0,kio=0,kro=1}->HttpConnection@3e7171e5[p=HttpParser{s=CONTENT,0 of -1},g=HttpGenerator@274dcaa5{s=START}]=>HttpChannelOverHttp@36eb5f45{s=HttpChannelState@23232c72{s=IDLE rs=BLOCKING os=OPEN is=IDLE awp=false se=false i=true al=0},r=41,c=false/false,a=IDLE,uri=//localhost:35372/RedirectServlet,age=1} parsed true HttpParser{s=CONTENT,0 of -1}
[DEBUG] releaseRequestBuffer HttpConnection@3e7171e5::SocketChannelEndPoint@3d491fad{l=/127.0.0.1:35372,r=/127.0.0.1:60190,OPEN,fill=-,flush=-,to=0/30000}{io=0/0,kio=0,kro=1}->HttpConnection@3e7171e5[p=HttpParser{s=CONTENT,0 of -1},g=HttpGenerator@274dcaa5{s=START}]=>HttpChannelOverHttp@36eb5f45{s=HttpChannelState@23232c72{s=IDLE rs=BLOCKING os=OPEN is=IDLE awp=false se=false i=true al=0},r=41,c=false/false,a=IDLE,uri=//localhost:35372/RedirectServlet,age=1}
[DEBUG] handle //localhost:35372/RedirectServlet HttpChannelOverHttp@36eb5f45{s=HttpChannelState@23232c72{s=IDLE rs=BLOCKING os=OPEN is=IDLE awp=false se=false i=true al=0},r=41,c=false/false,a=IDLE,uri=//localhost:35372/RedirectServlet,age=1} 
[DEBUG] handling HttpChannelState@23232c72{s=IDLE rs=BLOCKING os=OPEN is=IDLE awp=false se=false i=true al=0}
[DEBUG] action DISPATCH HttpChannelOverHttp@36eb5f45{s=HttpChannelState@23232c72{s=HANDLING rs=BLOCKING os=OPEN is=IDLE awp=false se=false i=true al=0},r=41,c=false/false,a=HANDLING,uri=//localhost:35372/RedirectServlet,age=1}
[DEBUG] REQUEST GET /RedirectServlet on HttpChannelOverHttp@36eb5f45{s=HttpChannelState@23232c72{s=HANDLING rs=BLOCKING os=OPEN is=IDLE awp=false se=false i=true al=0},r=41,c=false/false,a=HANDLING,uri=//localhost:35372/RedirectServlet,age=1}
[DEBUG] servlet null|/RedirectServlet|null -> org.jsoup.integration.servlets.RedirectServlet-77bb0ab5==org.jsoup.integration.servlets.RedirectServlet@f84cd177{jsp=null,order=-1,inst=true,async=true,src=EMBEDDED:null,STARTED}
[DEBUG] chain=null
[DEBUG] handled=true async=false committed=false on HttpChannelOverHttp@36eb5f45{s=HttpChannelState@23232c72{s=HANDLING rs=BLOCKING os=OPEN is=IDLE awp=false se=false i=true al=0},r=41,c=false/false,a=HANDLING,uri=//localhost:35372/RedirectServlet,age=2}
[DEBUG] unhandle HttpChannelState@23232c72{s=HANDLING rs=BLOCKING os=OPEN is=IDLE awp=false se=false i=true al=0}
[DEBUG] nextAction(false) COMPLETE HttpChannelState@23232c72{s=HANDLING rs=COMPLETING os=OPEN is=IDLE awp=false se=false i=false al=0}
[DEBUG] action COMPLETE HttpChannelOverHttp@36eb5f45{s=HttpChannelState@23232c72{s=HANDLING rs=COMPLETING os=OPEN is=IDLE awp=false se=false i=false al=0},r=41,c=false/false,a=HANDLING,uri=//localhost:35372/RedirectServlet,age=2}
[DEBUG] filled 0 HeapByteBuffer@2a66826a[p=0,l=0,c=8192,r=0]={<<<>>>GET /File...\x86&h\xA0{\xC1\xC2}
[DEBUG] filled 0 HeapByteBuffer@2a66826a[p=0,l=0,c=8192,r=0]={<<<>>>GET /File...\x86&h\xA0{\xC1\xC2}
[DEBUG] HttpConnection@3e7171e5::SocketChannelEndPoint@3d491fad{l=/127.0.0.1:35372,r=/127.0.0.1:60190,OPEN,fill=-,flush=-,to=2/30000}{io=0/0,kio=0,kro=1}->HttpConnection@3e7171e5[p=HttpParser{s=CONTENT,0 of -1},g=HttpGenerator@274dcaa5{s=START}]=>HttpChannelOverHttp@36eb5f45{s=HttpChannelState@23232c72{s=HANDLING rs=COMPLETING os=OPEN is=IDLE awp=false se=false i=false al=0},r=41,c=false/false,a=HANDLING,uri=//localhost:35372/RedirectServlet,age=2} filled 0 HeapByteBuffer@2a66826a[p=0,l=0,c=8192,r=0]={<<<>>>GET /File...\x86&h\xA0{\xC1\xC2}
[DEBUG] HttpConnection@3e7171e5::SocketChannelEndPoint@3d491fad{l=/127.0.0.1:35372,r=/127.0.0.1:60190,OPEN,fill=-,flush=-,to=2/30000}{io=0/0,kio=0,kro=1}->HttpConnection@3e7171e5[p=HttpParser{s=CONTENT,0 of -1},g=HttpGenerator@274dcaa5{s=START}]=>HttpChannelOverHttp@36eb5f45{s=HttpChannelState@23232c72{s=HANDLING rs=COMPLETING os=OPEN is=IDLE awp=false se=false i=false al=0},r=41,c=false/false,a=HANDLING,uri=//localhost:35372/RedirectServlet,age=2} parse HeapByteBuffer@2a66826a[p=0,l=0,c=8192,r=0]={<<<>>>GET /File...\x86&h\xA0{\xC1\xC2} {}
[DEBUG] parseNext s=CONTENT HeapByteBuffer@2a66826a[p=0,l=0,c=8192,r=0]={<<<>>>GET /File...\x86&h\xA0{\xC1\xC2}
[DEBUG] CONTENT --> CONTENT_END
[DEBUG] onContentComplete HttpChannelOverHttp@36eb5f45{s=HttpChannelState@23232c72{s=HANDLING rs=COMPLETING os=OPEN is=IDLE awp=false se=false i=false al=0},r=41,c=false/false,a=HANDLING,uri=//localhost:35372/RedirectServlet,age=2}
[DEBUG] CONTENT_END --> END
[DEBUG] onRequestComplete HttpChannelOverHttp@36eb5f45{s=HttpChannelState@23232c72{s=HANDLING rs=COMPLETING os=OPEN is=IDLE awp=false se=false i=false al=0},r=41,c=false/false,a=HANDLING,uri=//localhost:35372/RedirectServlet,age=2}
[DEBUG] HttpInputOverHTTP@376cf161[c=0,q=0,[0]=null,s=STREAM] addContent EOF
[DEBUG] HttpConnection@3e7171e5::SocketChannelEndPoint@3d491fad{l=/127.0.0.1:35372,r=/127.0.0.1:60190,OPEN,fill=-,flush=-,to=2/30000}{io=0/0,kio=0,kro=1}->HttpConnection@3e7171e5[p=HttpParser{s=END,0 of -1},g=HttpGenerator@274dcaa5{s=START}]=>HttpChannelOverHttp@36eb5f45{s=HttpChannelState@23232c72{s=HANDLING rs=COMPLETING os=OPEN is=IDLE awp=false se=false i=false al=0},r=41,c=false/false,a=HANDLING,uri=//localhost:35372/RedirectServlet,age=3} parsed false HttpParser{s=END,0 of -1}
[DEBUG] releaseRequestBuffer HttpConnection@3e7171e5::SocketChannelEndPoint@3d491fad{l=/127.0.0.1:35372,r=/127.0.0.1:60190,OPEN,fill=-,flush=-,to=2/30000}{io=0/0,kio=0,kro=1}->HttpConnection@3e7171e5[p=HttpParser{s=END,0 of -1},g=HttpGenerator@274dcaa5{s=START}]=>HttpChannelOverHttp@36eb5f45{s=HttpChannelState@23232c72{s=HANDLING rs=COMPLETING os=OPEN is=IDLE awp=false se=false i=false al=0},r=41,c=false/false,a=HANDLING,uri=//localhost:35372/RedirectServlet,age=3}
[DEBUG] complete(org.eclipse.jetty.util.Callback$3@20fac450) s=CLOSING,api=BLOCKED,sc=false,e=null s=false e=null, c=HeapByteBuffer@13dae45a[p=0,l=0,c=0,r=0]={<<<>>>}
[DEBUG] sendResponse info=null content=HeapByteBuffer@13dae45a[p=0,l=0,c=0,r=0]={<<<>>>} complete=true committing=true callback=org.eclipse.jetty.server.HttpOutput$WriteCompleteCB@5af4b278
[DEBUG] COMMIT for /RedirectServlet on HttpChannelOverHttp@36eb5f45{s=HttpChannelState@23232c72{s=HANDLING rs=COMPLETING os=COMMITTED is=IDLE awp=false se=false i=false al=0},r=41,c=false/false,a=HANDLING,uri=//localhost:35372/RedirectServlet,age=3}
302 null HTTP/1.1
Date: Tue, 28 Sep 2021 06:03:32 GMT
Location: 


[DEBUG] generate: NEED_HEADER for SendCallback@410c6bef[PROCESSING][i=HTTP/1.1{s=302,h=2,cl=-1},cb=org.eclipse.jetty.server.HttpChannel$SendCallback@eaa0be5] (null,[p=0,l=0,c=0,r=0],true)@START
[DEBUG] generateHeaders HTTP/1.1{s=302,h=2,cl=-1} last=true content=HeapByteBuffer@13dae45a[p=0,l=0,c=0,r=0]={<<<>>>}
[DEBUG] Date: Tue, 28 Sep 2021 06:03:32 GMT
Location: 


[DEBUG] CONTENT_LENGTH
[DEBUG] generate: FLUSH for SendCallback@410c6bef[PROCESSING][i=HTTP/1.1{s=302,h=2,cl=-1},cb=org.eclipse.jetty.server.HttpChannel$SendCallback@eaa0be5] ([p=0,l=123,c=8192,r=123],[p=0,l=0,c=0,r=0],true)@COMPLETING
[DEBUG] write: WriteFlusher@2071150d{IDLE}->null [HeapByteBuffer@460916c[p=0,l=123,c=8192,r=123]={<<<HTTP/1.1 302 Found\r\nDate:...y(9.4.43.v20210629)\r\n\r\n>>>er: Jetty...\x00\x00\x00\x00\x00\x00\x00}]
[DEBUG] update WriteFlusher@2071150d{WRITING}->null:IDLE-->WRITING
]]></system-out>
  </testcase>
  <testcase name="canConnectToLocalServer" classname="org.jsoup.integration.ConnectTest" time="0.007">
    <system-out><![CDATA[[DEBUG] flushed 123 SocketChannelEndPoint@3d491fad{l=/127.0.0.1:35372,r=/127.0.0.1:60190,OPEN,fill=-,flush=W,to=7/30000}{io=0/0,kio=0,kro=1}->HttpConnection@3e7171e5[p=HttpParser{s=END,0 of -1},g=HttpGenerator@274dcaa5{s=COMPLETING}]=>HttpChannelOverHttp@36eb5f45{s=HttpChannelState@23232c72{s=HANDLING rs=COMPLETING os=COMMITTED is=IDLE awp=false se=false i=false al=0},r=41,c=false/false,a=HANDLING,uri=//localhost:35372/RedirectServlet,age=8}
[DEBUG] Flushed=true written=123 remaining=0 WriteFlusher@2071150d{WRITING}->null
[DEBUG] update WriteFlusher@2071150d{IDLE}->null:WRITING-->IDLE
[DEBUG] generate: DONE for SendCallback@410c6bef[PROCESSING][i=HTTP/1.1{s=302,h=2,cl=-1},cb=org.eclipse.jetty.server.HttpChannel$SendCallback@eaa0be5] ([p=123,l=123,c=8192,r=0],[p=0,l=0,c=0,r=0],true)@END
[DEBUG] onWriteComplete(true,null) s=CLOSING,api=BLOCKED,sc=false,e=null->s=CLOSED,api=BLOCKING,sc=false,e=null c=null cb=org.eclipse.jetty.util.Callback$3@20fac450 w=false
[DEBUG] completed HttpChannelState@23232c72{s=HANDLING rs=COMPLETING os=COMPLETED is=IDLE awp=false se=false i=false al=0}
[DEBUG] unhandle HttpChannelState@23232c72{s=HANDLING rs=COMPLETED os=COMPLETED is=IDLE awp=false se=false i=false al=0}
[DEBUG] nextAction(false) TERMINATED HttpChannelState@23232c72{s=IDLE rs=COMPLETED os=COMPLETED is=IDLE awp=false se=false i=false al=0}
[DEBUG] action TERMINATED HttpChannelOverHttp@36eb5f45{s=HttpChannelState@23232c72{s=IDLE rs=COMPLETED os=COMPLETED is=IDLE awp=false se=false i=false al=0},r=41,c=true/true,a=IDLE,uri=//localhost:35372/RedirectServlet,age=8}
[DEBUG] onCompleted for /RedirectServlet written=0
[DEBUG] recycle HttpChannelState@23232c72{s=IDLE rs=COMPLETED os=COMPLETED is=IDLE awp=false se=false i=false al=0}
[DEBUG] reset HttpParser{s=END,0 of -1}
[DEBUG] END --> START
[DEBUG] !handle TERMINATED HttpChannelOverHttp@36eb5f45{s=HttpChannelState@23232c72{s=IDLE rs=BLOCKING os=OPEN is=IDLE awp=false se=false i=true al=0},r=41,c=false/false,a=IDLE,uri=null,age=0}
[DEBUG] filled 291 HeapByteBuffer@1ef04a69[p=0,l=291,c=8192,r=291]={<<<GET /HelloServlet HTTP/1....nection: keep-alive\r\n\r\n>>>\n\r\ng, *; ...\x00\x00\x00\x00\x00\x00\x00}
[DEBUG] HttpConnection@3e7171e5::SocketChannelEndPoint@3d491fad{l=/127.0.0.1:35372,r=/127.0.0.1:60190,OPEN,fill=-,flush=-,to=0/30000}{io=0/0,kio=0,kro=1}->HttpConnection@3e7171e5[p=HttpParser{s=START,0 of -1},g=HttpGenerator@274dcaa5{s=START}]=>HttpChannelOverHttp@36eb5f45{s=HttpChannelState@23232c72{s=IDLE rs=BLOCKING os=OPEN is=IDLE awp=false se=false i=true al=0},r=41,c=false/false,a=IDLE,uri=null,age=0} filled 291 HeapByteBuffer@1ef04a69[p=0,l=291,c=8192,r=291]={<<<GET /HelloServlet HTTP/1....nection: keep-alive\r\n\r\n>>>\n\r\ng, *; ...\x00\x00\x00\x00\x00\x00\x00}
[DEBUG] HttpConnection@3e7171e5::SocketChannelEndPoint@3d491fad{l=/127.0.0.1:35372,r=/127.0.0.1:60190,OPEN,fill=-,flush=-,to=0/30000}{io=0/0,kio=0,kro=1}->HttpConnection@3e7171e5[p=HttpParser{s=START,0 of -1},g=HttpGenerator@274dcaa5{s=START}]=>HttpChannelOverHttp@36eb5f45{s=HttpChannelState@23232c72{s=IDLE rs=BLOCKING os=OPEN is=IDLE awp=false se=false i=true al=0},r=41,c=false/false,a=IDLE,uri=null,age=0} parse HeapByteBuffer@1ef04a69[p=0,l=291,c=8192,r=291]={<<<GET /HelloServlet HTTP/1....nection: keep-alive\r\n\r\n>>>\n\r\ng, *; ...\x00\x00\x00\x00\x00\x00\x00} {}
[DEBUG] parseNext s=START HeapByteBuffer@1ef04a69[p=0,l=291,c=8192,r=291]={<<<GET /HelloServlet HTTP/1....nection: keep-alive\r\n\r\n>>>\n\r\ng, *; ...\x00\x00\x00\x00\x00\x00\x00}
[DEBUG] START --> SPACE1
[DEBUG] SPACE1 --> URI
[DEBUG] URI --> SPACE2
[DEBUG] SPACE2 --> REQUEST_VERSION
[DEBUG] REQUEST_VERSION --> HEADER
[DEBUG] HEADER:Accept-Encoding: gzip --> IN_VALUE
[DEBUG] HEADER:Accept-Encoding: gzip --> FIELD
[DEBUG] HEADER:User-Agent: Mozilla/5.0 (Windows NT 10.0; Win64; x64) AppleWebKit/537.36 (KHTML, like Gecko) Chrome/79.0.3945.130 Safari/537.36 --> IN_VALUE
[DEBUG] HEADER:User-Agent: Mozilla/5.0 (Windows NT 10.0; Win64; x64) AppleWebKit/537.36 (KHTML, like Gecko) Chrome/79.0.3945.130 Safari/537.36 --> FIELD
[DEBUG] HEADER:Host: localhost:35372 --> IN_VALUE
[DEBUG] HEADER:Host: localhost:35372 --> FIELD
[DEBUG] HEADER:Accept: text/html, image/gif, image/jpeg, *; q=.2, */*; q=.2 --> IN_VALUE
[DEBUG] HEADER:Accept: text/html, image/gif, image/jpeg, *; q=.2, */*; q=.2 --> FIELD
[DEBUG] HEADER:Connection: keep-alive --> IN_VALUE
[DEBUG] HEADER:Connection: keep-alive --> FIELD
[DEBUG] HEADER --> CONTENT
[DEBUG] REQUEST for //localhost:35372/HelloServlet on HttpChannelOverHttp@36eb5f45{s=HttpChannelState@23232c72{s=IDLE rs=BLOCKING os=OPEN is=IDLE awp=false se=false i=true al=0},r=42,c=false/false,a=IDLE,uri=//localhost:35372/HelloServlet,age=0}
GET //localhost:35372/HelloServlet HTTP/1.1
Accept-Encoding: gzip
User-Agent: Mozilla/5.0 (Windows NT 10.0; Win64; x64) AppleWebKit/537.36 (KHTML, like Gecko) Chrome/79.0.3945.130 Safari/537.36
Host: localhost:35372
Accept: text/html, image/gif, image/jpeg, *; q=.2, */*; q=.2
Connection: keep-alive


[DEBUG] HttpConnection@3e7171e5::SocketChannelEndPoint@3d491fad{l=/127.0.0.1:35372,r=/127.0.0.1:60190,OPEN,fill=-,flush=-,to=0/30000}{io=0/0,kio=0,kro=1}->HttpConnection@3e7171e5[p=HttpParser{s=CONTENT,0 of -1},g=HttpGenerator@274dcaa5{s=START}]=>HttpChannelOverHttp@36eb5f45{s=HttpChannelState@23232c72{s=IDLE rs=BLOCKING os=OPEN is=IDLE awp=false se=false i=true al=0},r=42,c=false/false,a=IDLE,uri=//localhost:35372/HelloServlet,age=0} parsed true HttpParser{s=CONTENT,0 of -1}
[DEBUG] releaseRequestBuffer HttpConnection@3e7171e5::SocketChannelEndPoint@3d491fad{l=/127.0.0.1:35372,r=/127.0.0.1:60190,OPEN,fill=-,flush=-,to=1/30000}{io=0/0,kio=0,kro=1}->HttpConnection@3e7171e5[p=HttpParser{s=CONTENT,0 of -1},g=HttpGenerator@274dcaa5{s=START}]=>HttpChannelOverHttp@36eb5f45{s=HttpChannelState@23232c72{s=IDLE rs=BLOCKING os=OPEN is=IDLE awp=false se=false i=true al=0},r=42,c=false/false,a=IDLE,uri=//localhost:35372/HelloServlet,age=1}
[DEBUG] handle //localhost:35372/HelloServlet HttpChannelOverHttp@36eb5f45{s=HttpChannelState@23232c72{s=IDLE rs=BLOCKING os=OPEN is=IDLE awp=false se=false i=true al=0},r=42,c=false/false,a=IDLE,uri=//localhost:35372/HelloServlet,age=1} 
[DEBUG] handling HttpChannelState@23232c72{s=IDLE rs=BLOCKING os=OPEN is=IDLE awp=false se=false i=true al=0}
[DEBUG] action DISPATCH HttpChannelOverHttp@36eb5f45{s=HttpChannelState@23232c72{s=HANDLING rs=BLOCKING os=OPEN is=IDLE awp=false se=false i=true al=0},r=42,c=false/false,a=HANDLING,uri=//localhost:35372/HelloServlet,age=1}
[DEBUG] REQUEST GET /HelloServlet on HttpChannelOverHttp@36eb5f45{s=HttpChannelState@23232c72{s=HANDLING rs=BLOCKING os=OPEN is=IDLE awp=false se=false i=true al=0},r=42,c=false/false,a=HANDLING,uri=//localhost:35372/HelloServlet,age=1}
[DEBUG] servlet null|/HelloServlet|null -> org.jsoup.integration.servlets.HelloServlet-4fcc0416==org.jsoup.integration.servlets.HelloServlet@435c38c6{jsp=null,order=-1,inst=true,async=true,src=EMBEDDED:null,STARTED}
[DEBUG] chain=null
[DEBUG] write(array HeapByteBuffer@11913048[p=0,l=16,c=512,r=16]={<<<<p>Hello, World!>>>h><td>the...\x00\x00\x00\x00\x00\x00\x00})
[DEBUG] write(array) s=OPEN,api=BLOCKING,sc=false,e=null aggregated !flush DirectByteBuffer@7c27fa39[p=0,l=16,c=32768,r=16]={<<<<p>Hello, World!>>>UBLIC "-/...gue. Pr}
[DEBUG] handled=true async=false committed=false on HttpChannelOverHttp@36eb5f45{s=HttpChannelState@23232c72{s=HANDLING rs=BLOCKING os=OPEN is=IDLE awp=false se=false i=true al=0},r=42,c=false/false,a=HANDLING,uri=//localhost:35372/HelloServlet,age=1}
[DEBUG] unhandle HttpChannelState@23232c72{s=HANDLING rs=BLOCKING os=OPEN is=IDLE awp=false se=false i=true al=0}
[DEBUG] nextAction(false) COMPLETE HttpChannelState@23232c72{s=HANDLING rs=COMPLETING os=OPEN is=IDLE awp=false se=false i=false al=0}
[DEBUG] action COMPLETE HttpChannelOverHttp@36eb5f45{s=HttpChannelState@23232c72{s=HANDLING rs=COMPLETING os=OPEN is=IDLE awp=false se=false i=false al=0},r=42,c=false/false,a=HANDLING,uri=//localhost:35372/HelloServlet,age=1}
[DEBUG] filled 0 HeapByteBuffer@2a66826a[p=0,l=0,c=8192,r=0]={<<<>>>GET /File...\x86&h\xA0{\xC1\xC2}
[DEBUG] filled 0 HeapByteBuffer@2a66826a[p=0,l=0,c=8192,r=0]={<<<>>>GET /File...\x86&h\xA0{\xC1\xC2}
[DEBUG] HttpConnection@3e7171e5::SocketChannelEndPoint@3d491fad{l=/127.0.0.1:35372,r=/127.0.0.1:60190,OPEN,fill=-,flush=-,to=1/30000}{io=0/0,kio=0,kro=1}->HttpConnection@3e7171e5[p=HttpParser{s=CONTENT,0 of -1},g=HttpGenerator@274dcaa5{s=START}]=>HttpChannelOverHttp@36eb5f45{s=HttpChannelState@23232c72{s=HANDLING rs=COMPLETING os=OPEN is=IDLE awp=false se=false i=false al=0},r=42,c=false/false,a=HANDLING,uri=//localhost:35372/HelloServlet,age=1} filled 0 HeapByteBuffer@2a66826a[p=0,l=0,c=8192,r=0]={<<<>>>GET /File...\x86&h\xA0{\xC1\xC2}
[DEBUG] HttpConnection@3e7171e5::SocketChannelEndPoint@3d491fad{l=/127.0.0.1:35372,r=/127.0.0.1:60190,OPEN,fill=-,flush=-,to=1/30000}{io=0/0,kio=0,kro=1}->HttpConnection@3e7171e5[p=HttpParser{s=CONTENT,0 of -1},g=HttpGenerator@274dcaa5{s=START}]=>HttpChannelOverHttp@36eb5f45{s=HttpChannelState@23232c72{s=HANDLING rs=COMPLETING os=OPEN is=IDLE awp=false se=false i=false al=0},r=42,c=false/false,a=HANDLING,uri=//localhost:35372/HelloServlet,age=1} parse HeapByteBuffer@2a66826a[p=0,l=0,c=8192,r=0]={<<<>>>GET /File...\x86&h\xA0{\xC1\xC2} {}
[DEBUG] parseNext s=CONTENT HeapByteBuffer@2a66826a[p=0,l=0,c=8192,r=0]={<<<>>>GET /File...\x86&h\xA0{\xC1\xC2}
[DEBUG] CONTENT --> CONTENT_END
[DEBUG] onContentComplete HttpChannelOverHttp@36eb5f45{s=HttpChannelState@23232c72{s=HANDLING rs=COMPLETING os=OPEN is=IDLE awp=false se=false i=false al=0},r=42,c=false/false,a=HANDLING,uri=//localhost:35372/HelloServlet,age=1}
[DEBUG] CONTENT_END --> END
[DEBUG] onRequestComplete HttpChannelOverHttp@36eb5f45{s=HttpChannelState@23232c72{s=HANDLING rs=COMPLETING os=OPEN is=IDLE awp=false se=false i=false al=0},r=42,c=false/false,a=HANDLING,uri=//localhost:35372/HelloServlet,age=1}
[DEBUG] HttpInputOverHTTP@376cf161[c=0,q=0,[0]=null,s=STREAM] addContent EOF
[DEBUG] HttpConnection@3e7171e5::SocketChannelEndPoint@3d491fad{l=/127.0.0.1:35372,r=/127.0.0.1:60190,OPEN,fill=-,flush=-,to=1/30000}{io=0/0,kio=0,kro=1}->HttpConnection@3e7171e5[p=HttpParser{s=END,0 of -1},g=HttpGenerator@274dcaa5{s=START}]=>HttpChannelOverHttp@36eb5f45{s=HttpChannelState@23232c72{s=HANDLING rs=COMPLETING os=OPEN is=IDLE awp=false se=false i=false al=0},r=42,c=false/false,a=HANDLING,uri=//localhost:35372/HelloServlet,age=2} parsed false HttpParser{s=END,0 of -1}
[DEBUG] releaseRequestBuffer HttpConnection@3e7171e5::SocketChannelEndPoint@3d491fad{l=/127.0.0.1:35372,r=/127.0.0.1:60190,OPEN,fill=-,flush=-,to=2/30000}{io=0/0,kio=0,kro=1}->HttpConnection@3e7171e5[p=HttpParser{s=END,0 of -1},g=HttpGenerator@274dcaa5{s=START}]=>HttpChannelOverHttp@36eb5f45{s=HttpChannelState@23232c72{s=HANDLING rs=COMPLETING os=OPEN is=IDLE awp=false se=false i=false al=0},r=42,c=false/false,a=HANDLING,uri=//localhost:35372/HelloServlet,age=2}
[DEBUG] complete(org.eclipse.jetty.util.Callback$3@673fae6e) s=CLOSING,api=BLOCKED,sc=false,e=null s=false e=null, c=DirectByteBuffer@7c27fa39[p=0,l=16,c=32768,r=16]={<<<<p>Hello, World!>>>UBLIC "-/...gue. Pr}
[DEBUG] sendResponse info=null content=DirectByteBuffer@7c27fa39[p=0,l=16,c=32768,r=16]={<<<<p>Hello, World!>>>UBLIC "-/...gue. Pr} complete=true committing=true callback=org.eclipse.jetty.server.HttpOutput$WriteCompleteCB@18a7b783
[DEBUG] COMMIT for /HelloServlet on HttpChannelOverHttp@36eb5f45{s=HttpChannelState@23232c72{s=HANDLING rs=COMPLETING os=COMMITTED is=IDLE awp=false se=false i=false al=0},r=42,c=false/false,a=HANDLING,uri=//localhost:35372/HelloServlet,age=2}
200 null HTTP/1.1
Date: Tue, 28 Sep 2021 06:03:32 GMT
Content-Type: text/html;charset=utf-8


[DEBUG] generate: NEED_HEADER for SendCallback@410c6bef[PROCESSING][i=HTTP/1.1{s=200,h=2,cl=-1},cb=org.eclipse.jetty.server.HttpChannel$SendCallback@460c7251] (null,[p=0,l=16,c=32768,r=16],true)@START
[DEBUG] generateHeaders HTTP/1.1{s=200,h=2,cl=-1} last=true content=DirectByteBuffer@7c27fa39[p=0,l=16,c=32768,r=16]={<<<<p>Hello, World!>>>UBLIC "-/...gue. Pr}
[DEBUG] Date: Tue, 28 Sep 2021 06:03:32 GMT
Content-Type: text/html;charset=utf-8


[DEBUG] CONTENT_LENGTH
[DEBUG] generate: FLUSH for SendCallback@410c6bef[PROCESSING][i=HTTP/1.1{s=200,h=2,cl=-1},cb=org.eclipse.jetty.server.HttpChannel$SendCallback@460c7251] ([p=0,l=148,c=8192,r=148],[p=0,l=16,c=32768,r=16],true)@COMPLETING
[DEBUG] write: WriteFlusher@2071150d{IDLE}->null [HeapByteBuffer@460916c[p=0,l=148,c=8192,r=148]={<<<HTTP/1.1 200 OK\r\nDate: Tu...y(9.4.43.v20210629)\r\n\r\n>>>9)\r\n\r\n2D\r...\x00\x00\x00\x00\x00\x00\x00},DirectByteBuffer@7c27fa39[p=0,l=16,c=32768,r=16]={<<<<p>Hello, World!>>>UBLIC "-/...gue. Pr}]
[DEBUG] update WriteFlusher@2071150d{WRITING}->null:IDLE-->WRITING
]]></system-out>
  </testcase>
  <testcase name="ignoresExceptionIfSoConfigured" classname="org.jsoup.integration.ConnectTest" time="0.011">
    <system-out><![CDATA[[DEBUG] flushed 164 SocketChannelEndPoint@3d491fad{l=/127.0.0.1:35372,r=/127.0.0.1:60190,OPEN,fill=-,flush=W,to=10/30000}{io=0/0,kio=0,kro=1}->HttpConnection@3e7171e5[p=HttpParser{s=END,0 of -1},g=HttpGenerator@274dcaa5{s=COMPLETING}]=>HttpChannelOverHttp@36eb5f45{s=HttpChannelState@23232c72{s=HANDLING rs=COMPLETING os=COMMITTED is=IDLE awp=false se=false i=false al=0},r=42,c=false/false,a=HANDLING,uri=//localhost:35372/HelloServlet,age=10}
[DEBUG] Flushed=true written=164 remaining=0 WriteFlusher@2071150d{WRITING}->null
[DEBUG] update WriteFlusher@2071150d{IDLE}->null:WRITING-->IDLE
[DEBUG] generate: DONE for SendCallback@410c6bef[PROCESSING][i=HTTP/1.1{s=200,h=2,cl=-1},cb=org.eclipse.jetty.server.HttpChannel$SendCallback@460c7251] ([p=148,l=148,c=8192,r=0],[p=16,l=16,c=32768,r=0],true)@END
[DEBUG] onWriteComplete(true,null) s=CLOSING,api=BLOCKED,sc=false,e=null->s=CLOSED,api=BLOCKING,sc=false,e=null c=null cb=org.eclipse.jetty.util.Callback$3@673fae6e w=false
[DEBUG] completed HttpChannelState@23232c72{s=HANDLING rs=COMPLETING os=COMPLETED is=IDLE awp=false se=false i=false al=0}
[DEBUG] unhandle HttpChannelState@23232c72{s=HANDLING rs=COMPLETED os=COMPLETED is=IDLE awp=false se=false i=false al=0}
[DEBUG] nextAction(false) TERMINATED HttpChannelState@23232c72{s=IDLE rs=COMPLETED os=COMPLETED is=IDLE awp=false se=false i=false al=0}
[DEBUG] action TERMINATED HttpChannelOverHttp@36eb5f45{s=HttpChannelState@23232c72{s=IDLE rs=COMPLETED os=COMPLETED is=IDLE awp=false se=false i=false al=0},r=42,c=true/true,a=IDLE,uri=//localhost:35372/HelloServlet,age=10}
[DEBUG] onCompleted for /HelloServlet written=16
[DEBUG] recycle HttpChannelState@23232c72{s=IDLE rs=COMPLETED os=COMPLETED is=IDLE awp=false se=false i=false al=0}
[DEBUG] reset HttpParser{s=END,0 of -1}
[DEBUG] END --> START
[DEBUG] !handle TERMINATED HttpChannelOverHttp@36eb5f45{s=HttpChannelState@23232c72{s=IDLE rs=BLOCKING os=OPEN is=IDLE awp=false se=false i=true al=0},r=42,c=false/false,a=IDLE,uri=null,age=0}
[DEBUG] filled 301 HeapByteBuffer@1ef04a69[p=0,l=301,c=8192,r=301]={<<<GET /EchoServlet HTTP/1.1...nection: keep-alive\r\n\r\n>>>=.2, */*;...\x00\x00\x00\x00\x00\x00\x00}
[DEBUG] HttpConnection@3e7171e5::SocketChannelEndPoint@3d491fad{l=/127.0.0.1:35372,r=/127.0.0.1:60190,OPEN,fill=-,flush=-,to=0/30000}{io=0/0,kio=0,kro=1}->HttpConnection@3e7171e5[p=HttpParser{s=START,0 of -1},g=HttpGenerator@274dcaa5{s=START}]=>HttpChannelOverHttp@36eb5f45{s=HttpChannelState@23232c72{s=IDLE rs=BLOCKING os=OPEN is=IDLE awp=false se=false i=true al=0},r=42,c=false/false,a=IDLE,uri=null,age=0} filled 301 HeapByteBuffer@1ef04a69[p=0,l=301,c=8192,r=301]={<<<GET /EchoServlet HTTP/1.1...nection: keep-alive\r\n\r\n>>>=.2, */*;...\x00\x00\x00\x00\x00\x00\x00}
[DEBUG] HttpConnection@3e7171e5::SocketChannelEndPoint@3d491fad{l=/127.0.0.1:35372,r=/127.0.0.1:60190,OPEN,fill=-,flush=-,to=0/30000}{io=0/0,kio=0,kro=1}->HttpConnection@3e7171e5[p=HttpParser{s=START,0 of -1},g=HttpGenerator@274dcaa5{s=START}]=>HttpChannelOverHttp@36eb5f45{s=HttpChannelState@23232c72{s=IDLE rs=BLOCKING os=OPEN is=IDLE awp=false se=false i=true al=0},r=42,c=false/false,a=IDLE,uri=null,age=0} parse HeapByteBuffer@1ef04a69[p=0,l=301,c=8192,r=301]={<<<GET /EchoServlet HTTP/1.1...nection: keep-alive\r\n\r\n>>>=.2, */*;...\x00\x00\x00\x00\x00\x00\x00} {}
[DEBUG] parseNext s=START HeapByteBuffer@1ef04a69[p=0,l=301,c=8192,r=301]={<<<GET /EchoServlet HTTP/1.1...nection: keep-alive\r\n\r\n>>>=.2, */*;...\x00\x00\x00\x00\x00\x00\x00}
[DEBUG] START --> SPACE1
[DEBUG] SPACE1 --> URI
[DEBUG] URI --> SPACE2
[DEBUG] SPACE2 --> REQUEST_VERSION
[DEBUG] REQUEST_VERSION --> HEADER
[DEBUG] HEADER:Accept-Encoding: gzip --> IN_VALUE
[DEBUG] HEADER:Accept-Encoding: gzip --> FIELD
[DEBUG] HEADER:User-Agent: Mozilla/5.0 (Windows NT 10.0; Win64; x64) AppleWebKit/537.36 (KHTML, like Gecko) Chrome/79.0.3945.130 Safari/537.36 --> IN_VALUE
[DEBUG] HEADER:User-Agent: Mozilla/5.0 (Windows NT 10.0; Win64; x64) AppleWebKit/537.36 (KHTML, like Gecko) Chrome/79.0.3945.130 Safari/537.36 --> FIELD
[DEBUG] HEADER: --> IN_NAME
[DEBUG] HEADER:code --> VALUE
[DEBUG] HEADER:code --> IN_VALUE
[DEBUG] HEADER:code --> FIELD
[DEBUG] HEADER:Host: localhost:35372 --> IN_VALUE
[DEBUG] HEADER:Host: localhost:35372 --> FIELD
[DEBUG] HEADER:Accept: text/html, image/gif, image/jpeg, *; q=.2, */*; q=.2 --> IN_VALUE
[DEBUG] HEADER:Accept: text/html, image/gif, image/jpeg, *; q=.2, */*; q=.2 --> FIELD
[DEBUG] HEADER:Connection: keep-alive --> IN_VALUE
[DEBUG] HEADER:Connection: keep-alive --> FIELD
[DEBUG] HEADER --> CONTENT
[DEBUG] REQUEST for //localhost:35372/EchoServlet on HttpChannelOverHttp@36eb5f45{s=HttpChannelState@23232c72{s=IDLE rs=BLOCKING os=OPEN is=IDLE awp=false se=false i=true al=0},r=43,c=false/false,a=IDLE,uri=//localhost:35372/EchoServlet,age=0}
GET //localhost:35372/EchoServlet HTTP/1.1
Accept-Encoding: gzip
User-Agent: Mozilla/5.0 (Windows NT 10.0; Win64; x64) AppleWebKit/537.36 (KHTML, like Gecko) Chrome/79.0.3945.130 Safari/537.36
code: 404
Host: localhost:35372
Accept: text/html, image/gif, image/jpeg, *; q=.2, */*; q=.2
Connection: keep-alive


[DEBUG] HttpConnection@3e7171e5::SocketChannelEndPoint@3d491fad{l=/127.0.0.1:35372,r=/127.0.0.1:60190,OPEN,fill=-,flush=-,to=0/30000}{io=0/0,kio=0,kro=1}->HttpConnection@3e7171e5[p=HttpParser{s=CONTENT,0 of -1},g=HttpGenerator@274dcaa5{s=START}]=>HttpChannelOverHttp@36eb5f45{s=HttpChannelState@23232c72{s=IDLE rs=BLOCKING os=OPEN is=IDLE awp=false se=false i=true al=0},r=43,c=false/false,a=IDLE,uri=//localhost:35372/EchoServlet,age=1} parsed true HttpParser{s=CONTENT,0 of -1}
[DEBUG] releaseRequestBuffer HttpConnection@3e7171e5::SocketChannelEndPoint@3d491fad{l=/127.0.0.1:35372,r=/127.0.0.1:60190,OPEN,fill=-,flush=-,to=0/30000}{io=0/0,kio=0,kro=1}->HttpConnection@3e7171e5[p=HttpParser{s=CONTENT,0 of -1},g=HttpGenerator@274dcaa5{s=START}]=>HttpChannelOverHttp@36eb5f45{s=HttpChannelState@23232c72{s=IDLE rs=BLOCKING os=OPEN is=IDLE awp=false se=false i=true al=0},r=43,c=false/false,a=IDLE,uri=//localhost:35372/EchoServlet,age=1}
[DEBUG] handle //localhost:35372/EchoServlet HttpChannelOverHttp@36eb5f45{s=HttpChannelState@23232c72{s=IDLE rs=BLOCKING os=OPEN is=IDLE awp=false se=false i=true al=0},r=43,c=false/false,a=IDLE,uri=//localhost:35372/EchoServlet,age=1} 
[DEBUG] handling HttpChannelState@23232c72{s=IDLE rs=BLOCKING os=OPEN is=IDLE awp=false se=false i=true al=0}
[DEBUG] action DISPATCH HttpChannelOverHttp@36eb5f45{s=HttpChannelState@23232c72{s=HANDLING rs=BLOCKING os=OPEN is=IDLE awp=false se=false i=true al=0},r=43,c=false/false,a=HANDLING,uri=//localhost:35372/EchoServlet,age=1}
[DEBUG] REQUEST GET /EchoServlet on HttpChannelOverHttp@36eb5f45{s=HttpChannelState@23232c72{s=HANDLING rs=BLOCKING os=OPEN is=IDLE awp=false se=false i=true al=0},r=43,c=false/false,a=HANDLING,uri=//localhost:35372/EchoServlet,age=1}
[DEBUG] servlet null|/EchoServlet|null -> org.jsoup.integration.servlets.EchoServlet-60d1a32f==org.jsoup.integration.servlets.EchoServlet@1f7ecb09{jsp=null,order=-1,inst=true,async=true,src=EMBEDDED:null,STARTED}
[DEBUG] chain=null
[DEBUG] write(array HeapByteBuffer@5e8709a8[p=0,l=235,c=512,r=235]={<<<<title>Webserver Environm...\n    <table border="0">>>>\x00\x00\x00\x00\x00\x00\x00\x00\x00...\x00\x00\x00\x00\x00\x00\x00})
[DEBUG] write(array) s=OPEN,api=BLOCKING,sc=false,e=null aggregated !flush DirectByteBuffer@38e5eb8d[p=0,l=235,c=32768,r=235]={<<<<title>Webserver Environm...\n    <table border="0">>>><tr><th>M...gue. Pr}
[DEBUG] write(array HeapByteBuffer@445190c8[p=0,l=36,c=512,r=36]={<<<<tr><th>Method</th><td>GET</td></tr>>>>es</title...\x00\x00\x00\x00\x00\x00\x00})
[DEBUG] write(array) s=OPEN,api=BLOCKING,sc=false,e=null aggregated !flush DirectByteBuffer@38e5eb8d[p=0,l=271,c=32768,r=271]={<<<<title>Webserver Environm...d</th><td>GET</td></tr>>>>>\n<tr><th...gue. Pr}
[DEBUG] write(array HeapByteBuffer@61ef3c6e[p=0,l=1,c=512,r=1]={<<<\n>>>tr><th>Me...\x00\x00\x00\x00\x00\x00\x00})
[DEBUG] write(array) s=OPEN,api=BLOCKING,sc=false,e=null aggregated !flush DirectByteBuffer@38e5eb8d[p=0,l=272,c=32768,r=272]={<<<<title>Webserver Environm...</th><td>GET</td></tr>\n>>>\n<tr><th>...gue. Pr}
[DEBUG] write(array HeapByteBuffer@44d454f8[p=0,l=50,c=512,r=50]={<<<<tr><th>Request URI</th><...>/EchoServlet</td></tr>>>> <style t...\x00\x00\x00\x00\x00\x00\x00})
[DEBUG] write(array) s=OPEN,api=BLOCKING,sc=false,e=null aggregated !flush DirectByteBuffer@38e5eb8d[p=0,l=322,c=32768,r=322]={<<<<title>Webserver Environm...>/EchoServlet</td></tr>>>>>\n<tr><th...gue. Pr}
[DEBUG] write(array HeapByteBuffer@2278cf83[p=0,l=1,c=512,r=1]={<<<\n>>>tr><th>Re...\x00\x00\x00\x00\x00\x00\x00})
[DEBUG] write(array) s=OPEN,api=BLOCKING,sc=false,e=null aggregated !flush DirectByteBuffer@38e5eb8d[p=0,l=323,c=32768,r=323]={<<<<title>Webserver Environm.../EchoServlet</td></tr>\n>>>\n<tr><th>...gue. Pr}
[DEBUG] write(array HeapByteBuffer@6ae7dcd4[p=0,l=39,c=512,r=39]={<<<<tr><th>Query String</th><td></td></tr>>>>t</td></t...\x00\x00\x00\x00\x00\x00\x00})
[DEBUG] write(array) s=OPEN,api=BLOCKING,sc=false,e=null aggregated !flush DirectByteBuffer@38e5eb8d[p=0,l=362,c=32768,r=362]={<<<<title>Webserver Environm...ring</th><td></td></tr>>>>>\n<tr><th...gue. Pr}
[DEBUG] write(array HeapByteBuffer@72f381aa[p=0,l=1,c=512,r=1]={<<<\n>>>tr><th>Qu...\x00\x00\x00\x00\x00\x00\x00})
[DEBUG] write(array) s=OPEN,api=BLOCKING,sc=false,e=null aggregated !flush DirectByteBuffer@38e5eb8d[p=0,l=363,c=32768,r=363]={<<<<title>Webserver Environm...ing</th><td></td></tr>\n>>>\n<tr><th>...gue. Pr}
[DEBUG] write(array HeapByteBuffer@14e67898[p=0,l=34,c=512,r=34]={<<<<tr><th>code</th><td>404</td></tr>>>></tr>t</t...\x00\x00\x00\x00\x00\x00\x00})
[DEBUG] write(array) s=OPEN,api=BLOCKING,sc=false,e=null aggregated !flush DirectByteBuffer@38e5eb8d[p=0,l=397,c=32768,r=397]={<<<<title>Webserver Environm...e</th><td>404</td></tr>>>> image/gi...gue. Pr}
[DEBUG] write(array HeapByteBuffer@7086b950[p=0,l=1,c=512,r=1]={<<<\n>>>tr><th>co...\x00\x00\x00\x00\x00\x00\x00})
[DEBUG] write(array) s=OPEN,api=BLOCKING,sc=false,e=null aggregated !flush DirectByteBuffer@38e5eb8d[p=0,l=398,c=32768,r=398]={<<<<title>Webserver Environm...</th><td>404</td></tr>\n>>>image/gif...gue. Pr}
[DEBUG] write(array HeapByteBuffer@2453dae8[p=0,l=85,c=512,r=85]={<<<<tr><th>Accept</th><td>te....2, */*; q=.2</td></tr>>>>, td, th ...\x00\x00\x00\x00\x00\x00\x00})
[DEBUG] write(array) s=OPEN,api=BLOCKING,sc=false,e=null aggregated !flush DirectByteBuffer@38e5eb8d[p=0,l=483,c=32768,r=483]={<<<<title>Webserver Environm....2, */*; q=.2</td></tr>>>>a/5.0 (Ma...gue. Pr}
[DEBUG] write(array HeapByteBuffer@4ac3f119[p=0,l=1,c=512,r=1]={<<<\n>>>tr><th>Ac...\x00\x00\x00\x00\x00\x00\x00})
[DEBUG] write(array) s=OPEN,api=BLOCKING,sc=false,e=null aggregated !flush DirectByteBuffer@38e5eb8d[p=0,l=484,c=32768,r=484]={<<<<title>Webserver Environm...2, */*; q=.2</td></tr>\n>>>/5.0 (Mac...gue. Pr}
[DEBUG] write(array HeapByteBuffer@6d466261[p=0,l=152,c=512,r=152]={<<<<tr><th>User-Agent</th><t...Safari/537.36</td></tr>>>>      th ...\x00\x00\x00\x00\x00\x00\x00})
[DEBUG] write(array) s=OPEN,api=BLOCKING,sc=false,e=null aggregated !flush DirectByteBuffer@38e5eb8d[p=0,l=636,c=32768,r=636]={<<<<title>Webserver Environm...Safari/537.36</td></tr>>>>keep-aliv...gue. Pr}
[DEBUG] write(array HeapByteBuffer@28cf0aa0[p=0,l=1,c=512,r=1]={<<<\n>>>tr><th>Us...\x00\x00\x00\x00\x00\x00\x00})
[DEBUG] write(array) s=OPEN,api=BLOCKING,sc=false,e=null aggregated !flush DirectByteBuffer@38e5eb8d[p=0,l=637,c=32768,r=637]={<<<<title>Webserver Environm...afari/537.36</td></tr>\n>>>eep-alive...gue. Pr}
[DEBUG] write(array HeapByteBuffer@12f111cb[p=0,l=47,c=512,r=47]={<<<<tr><th>Connection</th><td>keep-alive</td></tr>>>> NT 10.0;...\x00\x00\x00\x00\x00\x00\x00})
[DEBUG] write(array) s=OPEN,api=BLOCKING,sc=false,e=null aggregated !flush DirectByteBuffer@38e5eb8d[p=0,l=684,c=32768,r=684]={<<<<title>Webserver Environm...td>keep-alive</td></tr>>>>ost:35372...gue. Pr}
[DEBUG] write(array HeapByteBuffer@47ef71b5[p=0,l=1,c=512,r=1]={<<<\n>>>tr><th>Co...\x00\x00\x00\x00\x00\x00\x00})
[DEBUG] write(array) s=OPEN,api=BLOCKING,sc=false,e=null aggregated !flush DirectByteBuffer@38e5eb8d[p=0,l=685,c=32768,r=685]={<<<<title>Webserver Environm...d>keep-alive</td></tr>\n>>>st:35372<...gue. Pr}
[DEBUG] write(array HeapByteBuffer@19645643[p=0,l=46,c=512,r=46]={<<<<tr><th>Host</th><td>localhost:35372</td></tr>>>>> NT 10.0...\x00\x00\x00\x00\x00\x00\x00})
[DEBUG] write(array) s=OPEN,api=BLOCKING,sc=false,e=null aggregated !flush DirectByteBuffer@38e5eb8d[p=0,l=731,c=32768,r=731]={<<<<title>Webserver Environm...calhost:35372</td></tr>>>>><td>gzip...gue. Pr}
[DEBUG] write(array HeapByteBuffer@49aec5c5[p=0,l=1,c=512,r=1]={<<<\n>>>tr><th>Ho...\x00\x00\x00\x00\x00\x00\x00})
[DEBUG] write(array) s=OPEN,api=BLOCKING,sc=false,e=null aggregated !flush DirectByteBuffer@38e5eb8d[p=0,l=732,c=32768,r=732]={<<<<title>Webserver Environm...alhost:35372</td></tr>\n>>><td>gzip<...gue. Pr}
[DEBUG] write(array HeapByteBuffer@53cbfa72[p=0,l=46,c=512,r=46]={<<<<tr><th>Accept-Encoding</th><td>gzip</td></tr>>>>> NT 10.0...\x00\x00\x00\x00\x00\x00\x00})
[DEBUG] write(array) s=OPEN,api=BLOCKING,sc=false,e=null aggregated !flush DirectByteBuffer@38e5eb8d[p=0,l=778,c=32768,r=778]={<<<<title>Webserver Environm...</th><td>gzip</td></tr>>>><td>11</t...gue. Pr}
[DEBUG] write(array HeapByteBuffer@6f154b67[p=0,l=1,c=512,r=1]={<<<\n>>>tr><th>Ac...\x00\x00\x00\x00\x00\x00\x00})
[DEBUG] write(array) s=OPEN,api=BLOCKING,sc=false,e=null aggregated !flush DirectByteBuffer@38e5eb8d[p=0,l=779,c=32768,r=779]={<<<<title>Webserver Environm.../th><td>gzip</td></tr>\n>>>td>11</td...gue. Pr}
[DEBUG] filled 0 HeapByteBuffer@2a66826a[p=0,l=0,c=8192,r=0]={<<<>>>GET /File...\x86&h\xA0{\xC1\xC2}
[DEBUG] filled 0 HeapByteBuffer@2a66826a[p=0,l=0,c=8192,r=0]={<<<>>>GET /File...\x86&h\xA0{\xC1\xC2}
[DEBUG] HttpConnection@3e7171e5::SocketChannelEndPoint@3d491fad{l=/127.0.0.1:35372,r=/127.0.0.1:60190,OPEN,fill=-,flush=-,to=2/30000}{io=0/0,kio=0,kro=1}->HttpConnection@3e7171e5[p=HttpParser{s=CONTENT,0 of -1},g=HttpGenerator@274dcaa5{s=START}]=>HttpChannelOverHttp@36eb5f45{s=HttpChannelState@23232c72{s=HANDLING rs=BLOCKING os=OPEN is=IDLE awp=false se=false i=true al=0},r=43,c=false/false,a=HANDLING,uri=//localhost:35372/EchoServlet,age=2} filled 0 HeapByteBuffer@2a66826a[p=0,l=0,c=8192,r=0]={<<<>>>GET /File...\x86&h\xA0{\xC1\xC2}
[DEBUG] HttpConnection@3e7171e5::SocketChannelEndPoint@3d491fad{l=/127.0.0.1:35372,r=/127.0.0.1:60190,OPEN,fill=-,flush=-,to=2/30000}{io=0/0,kio=0,kro=1}->HttpConnection@3e7171e5[p=HttpParser{s=CONTENT,0 of -1},g=HttpGenerator@274dcaa5{s=START}]=>HttpChannelOverHttp@36eb5f45{s=HttpChannelState@23232c72{s=HANDLING rs=BLOCKING os=OPEN is=IDLE awp=false se=false i=true al=0},r=43,c=false/false,a=HANDLING,uri=//localhost:35372/EchoServlet,age=3} parse HeapByteBuffer@2a66826a[p=0,l=0,c=8192,r=0]={<<<>>>GET /File...\x86&h\xA0{\xC1\xC2} {}
[DEBUG] parseNext s=CONTENT HeapByteBuffer@2a66826a[p=0,l=0,c=8192,r=0]={<<<>>>GET /File...\x86&h\xA0{\xC1\xC2}
[DEBUG] CONTENT --> CONTENT_END
[DEBUG] onContentComplete HttpChannelOverHttp@36eb5f45{s=HttpChannelState@23232c72{s=HANDLING rs=BLOCKING os=OPEN is=IDLE awp=false se=false i=true al=0},r=43,c=false/false,a=HANDLING,uri=//localhost:35372/EchoServlet,age=3}
[DEBUG] CONTENT_END --> END
[DEBUG] onRequestComplete HttpChannelOverHttp@36eb5f45{s=HttpChannelState@23232c72{s=HANDLING rs=BLOCKING os=OPEN is=IDLE awp=false se=false i=true al=0},r=43,c=false/false,a=HANDLING,uri=//localhost:35372/EchoServlet,age=3}
[DEBUG] HttpInputOverHTTP@376cf161[c=0,q=0,[0]=null,s=STREAM] addContent EOF
[DEBUG] HttpConnection@3e7171e5::SocketChannelEndPoint@3d491fad{l=/127.0.0.1:35372,r=/127.0.0.1:60190,OPEN,fill=-,flush=-,to=2/30000}{io=0/0,kio=0,kro=1}->HttpConnection@3e7171e5[p=HttpParser{s=END,0 of -1},g=HttpGenerator@274dcaa5{s=START}]=>HttpChannelOverHttp@36eb5f45{s=HttpChannelState@23232c72{s=HANDLING rs=BLOCKING os=OPEN is=IDLE awp=false se=false i=true al=0},r=43,c=false/false,a=HANDLING,uri=//localhost:35372/EchoServlet,age=3} parsed false HttpParser{s=END,0 of -1}
[DEBUG] releaseRequestBuffer HttpConnection@3e7171e5::SocketChannelEndPoint@3d491fad{l=/127.0.0.1:35372,r=/127.0.0.1:60190,OPEN,fill=-,flush=-,to=2/30000}{io=0/0,kio=0,kro=1}->HttpConnection@3e7171e5[p=HttpParser{s=END,0 of -1},g=HttpGenerator@274dcaa5{s=START}]=>HttpChannelOverHttp@36eb5f45{s=HttpChannelState@23232c72{s=HANDLING rs=BLOCKING os=OPEN is=IDLE awp=false se=false i=true al=0},r=43,c=false/false,a=HANDLING,uri=//localhost:35372/EchoServlet,age=3}
[DEBUG] onEof HttpChannelState@23232c72{s=HANDLING rs=BLOCKING os=OPEN is=IDLE awp=false se=false i=true al=0}
[DEBUG] write(array HeapByteBuffer@54f8ce88[p=0,l=8,c=512,r=8]={<<<</table>>>>Accept-En...\x00\x00\x00\x00\x00\x00\x00})
[DEBUG] write(array) s=OPEN,api=BLOCKING,sc=false,e=null aggregated !flush DirectByteBuffer@38e5eb8d[p=0,l=787,c=32768,r=787]={<<<<title>Webserver Environm...gzip</td></tr>\n</table>>>>d></tr>\n<...gue. Pr}
[DEBUG] write(array HeapByteBuffer@6b47b93f[p=0,l=1,c=512,r=1]={<<<\n>>>/table>Ac...\x00\x00\x00\x00\x00\x00\x00})
[DEBUG] write(array) s=OPEN,api=BLOCKING,sc=false,e=null aggregated !flush DirectByteBuffer@38e5eb8d[p=0,l=788,c=32768,r=788]={<<<<title>Webserver Environm...zip</td></tr>\n</table>\n>>>></tr>\n<t...gue. Pr}
[DEBUG] handled=true async=false committed=false on HttpChannelOverHttp@36eb5f45{s=HttpChannelState@23232c72{s=HANDLING rs=BLOCKING os=OPEN is=READY awp=false se=false i=true al=0},r=43,c=false/false,a=HANDLING,uri=//localhost:35372/EchoServlet,age=3}
[DEBUG] unhandle HttpChannelState@23232c72{s=HANDLING rs=BLOCKING os=OPEN is=READY awp=false se=false i=true al=0}
[DEBUG] nextAction(false) COMPLETE HttpChannelState@23232c72{s=HANDLING rs=COMPLETING os=OPEN is=READY awp=false se=false i=false al=0}
[DEBUG] action COMPLETE HttpChannelOverHttp@36eb5f45{s=HttpChannelState@23232c72{s=HANDLING rs=COMPLETING os=OPEN is=READY awp=false se=false i=false al=0},r=43,c=false/false,a=HANDLING,uri=//localhost:35372/EchoServlet,age=3}
[DEBUG] complete(org.eclipse.jetty.util.Callback$3@6753d64f) s=CLOSING,api=BLOCKED,sc=false,e=null s=false e=null, c=DirectByteBuffer@38e5eb8d[p=0,l=788,c=32768,r=788]={<<<<title>Webserver Environm...zip</td></tr>\n</table>\n>>>></tr>\n<t...gue. Pr}
[DEBUG] sendResponse info=null content=DirectByteBuffer@38e5eb8d[p=0,l=788,c=32768,r=788]={<<<<title>Webserver Environm...zip</td></tr>\n</table>\n>>>></tr>\n<t...gue. Pr} complete=true committing=true callback=org.eclipse.jetty.server.HttpOutput$WriteCompleteCB@2258f7b1
[DEBUG] COMMIT for /EchoServlet on HttpChannelOverHttp@36eb5f45{s=HttpChannelState@23232c72{s=HANDLING rs=COMPLETING os=COMMITTED is=READY awp=false se=false i=false al=0},r=43,c=false/false,a=HANDLING,uri=//localhost:35372/EchoServlet,age=3}
404 null HTTP/1.1
Date: Tue, 28 Sep 2021 06:03:32 GMT
Content-Type: text/html;charset=utf-8
Cache-Control: no-cache
Cache-Control: no-store


[DEBUG] generate: NEED_HEADER for SendCallback@410c6bef[PROCESSING][i=HTTP/1.1{s=404,h=4,cl=-1},cb=org.eclipse.jetty.server.HttpChannel$SendCallback@30c6e1fc] (null,[p=0,l=788,c=32768,r=788],true)@START
[DEBUG] generateHeaders HTTP/1.1{s=404,h=4,cl=-1} last=true content=DirectByteBuffer@38e5eb8d[p=0,l=788,c=32768,r=788]={<<<<title>Webserver Environm...zip</td></tr>\n</table>\n>>>></tr>\n<t...gue. Pr}
[DEBUG] Date: Tue, 28 Sep 2021 06:03:32 GMT
Content-Type: text/html;charset=utf-8
Cache-Control: no-cache
Cache-Control: no-store


[DEBUG] CONTENT_LENGTH
[DEBUG] generate: FLUSH for SendCallback@410c6bef[PROCESSING][i=HTTP/1.1{s=404,h=4,cl=-1},cb=org.eclipse.jetty.server.HttpChannel$SendCallback@30c6e1fc] ([p=0,l=206,c=8192,r=206],[p=0,l=788,c=32768,r=788],true)@COMPLETING
[DEBUG] write: WriteFlusher@2071150d{IDLE}->null [HeapByteBuffer@460916c[p=0,l=206,c=8192,r=206]={<<<HTTP/1.1 404 Not Found\r\nD...y(9.4.43.v20210629)\r\n\r\n>>>me/79.0.3...\x00\x00\x00\x00\x00\x00\x00},DirectByteBuffer@38e5eb8d[p=0,l=788,c=32768,r=788]={<<<<title>Webserver Environm...zip</td></tr>\n</table>\n>>>></tr>\n<t...gue. Pr}]
[DEBUG] update WriteFlusher@2071150d{WRITING}->null:IDLE-->WRITING
]]></system-out>
  </testcase>
  <testcase name="doesGet" classname="org.jsoup.integration.ConnectTest" time="0.016">
    <system-out><![CDATA[[DEBUG] flushed 994 SocketChannelEndPoint@3d491fad{l=/127.0.0.1:35372,r=/127.0.0.1:60190,OPEN,fill=-,flush=W,to=15/30000}{io=0/0,kio=0,kro=1}->HttpConnection@3e7171e5[p=HttpParser{s=END,0 of -1},g=HttpGenerator@274dcaa5{s=COMPLETING}]=>HttpChannelOverHttp@36eb5f45{s=HttpChannelState@23232c72{s=HANDLING rs=COMPLETING os=COMMITTED is=READY awp=false se=false i=false al=0},r=43,c=false/false,a=HANDLING,uri=//localhost:35372/EchoServlet,age=15}
[DEBUG] Flushed=true written=994 remaining=0 WriteFlusher@2071150d{WRITING}->null
[DEBUG] update WriteFlusher@2071150d{IDLE}->null:WRITING-->IDLE
[DEBUG] generate: DONE for SendCallback@410c6bef[PROCESSING][i=HTTP/1.1{s=404,h=4,cl=-1},cb=org.eclipse.jetty.server.HttpChannel$SendCallback@30c6e1fc] ([p=206,l=206,c=8192,r=0],[p=788,l=788,c=32768,r=0],true)@END
[DEBUG] onWriteComplete(true,null) s=CLOSING,api=BLOCKED,sc=false,e=null->s=CLOSED,api=BLOCKING,sc=false,e=null c=null cb=org.eclipse.jetty.util.Callback$3@6753d64f w=false
[DEBUG] completed HttpChannelState@23232c72{s=HANDLING rs=COMPLETING os=COMPLETED is=READY awp=false se=false i=false al=0}
[DEBUG] unhandle HttpChannelState@23232c72{s=HANDLING rs=COMPLETED os=COMPLETED is=READY awp=false se=false i=false al=0}
[DEBUG] nextAction(false) TERMINATED HttpChannelState@23232c72{s=IDLE rs=COMPLETED os=COMPLETED is=READY awp=false se=false i=false al=0}
[DEBUG] action TERMINATED HttpChannelOverHttp@36eb5f45{s=HttpChannelState@23232c72{s=IDLE rs=COMPLETED os=COMPLETED is=READY awp=false se=false i=false al=0},r=43,c=true/true,a=IDLE,uri=//localhost:35372/EchoServlet,age=16}
[DEBUG] onCompleted for /EchoServlet written=788
[DEBUG] recycle HttpChannelState@23232c72{s=IDLE rs=COMPLETED os=COMPLETED is=READY awp=false se=false i=false al=0}
[DEBUG] reset HttpParser{s=END,0 of -1}
[DEBUG] END --> START
[DEBUG] !handle TERMINATED HttpChannelOverHttp@36eb5f45{s=HttpChannelState@23232c72{s=IDLE rs=BLOCKING os=OPEN is=IDLE awp=false se=false i=true al=0},r=43,c=false/false,a=IDLE,uri=null,age=0}
[DEBUG] filled 241 HeapByteBuffer@1ef04a69[p=0,l=241,c=8192,r=241]={<<<GET /EchoServlet?what=the...nection: keep-alive\r\n\r\n>>>, image/j...\x00\x00\x00\x00\x00\x00\x00}
[DEBUG] HttpConnection@3e7171e5::SocketChannelEndPoint@3d491fad{l=/127.0.0.1:35372,r=/127.0.0.1:60190,OPEN,fill=-,flush=-,to=0/30000}{io=0/0,kio=0,kro=1}->HttpConnection@3e7171e5[p=HttpParser{s=START,0 of -1},g=HttpGenerator@274dcaa5{s=START}]=>HttpChannelOverHttp@36eb5f45{s=HttpChannelState@23232c72{s=IDLE rs=BLOCKING os=OPEN is=IDLE awp=false se=false i=true al=0},r=43,c=false/false,a=IDLE,uri=null,age=0} filled 241 HeapByteBuffer@1ef04a69[p=0,l=241,c=8192,r=241]={<<<GET /EchoServlet?what=the...nection: keep-alive\r\n\r\n>>>, image/j...\x00\x00\x00\x00\x00\x00\x00}
[DEBUG] HttpConnection@3e7171e5::SocketChannelEndPoint@3d491fad{l=/127.0.0.1:35372,r=/127.0.0.1:60190,OPEN,fill=-,flush=-,to=0/30000}{io=0/0,kio=0,kro=1}->HttpConnection@3e7171e5[p=HttpParser{s=START,0 of -1},g=HttpGenerator@274dcaa5{s=START}]=>HttpChannelOverHttp@36eb5f45{s=HttpChannelState@23232c72{s=IDLE rs=BLOCKING os=OPEN is=IDLE awp=false se=false i=true al=0},r=43,c=false/false,a=IDLE,uri=null,age=0} parse HeapByteBuffer@1ef04a69[p=0,l=241,c=8192,r=241]={<<<GET /EchoServlet?what=the...nection: keep-alive\r\n\r\n>>>, image/j...\x00\x00\x00\x00\x00\x00\x00} {}
[DEBUG] parseNext s=START HeapByteBuffer@1ef04a69[p=0,l=241,c=8192,r=241]={<<<GET /EchoServlet?what=the...nection: keep-alive\r\n\r\n>>>, image/j...\x00\x00\x00\x00\x00\x00\x00}
[DEBUG] START --> SPACE1
[DEBUG] SPACE1 --> URI
[DEBUG] URI --> SPACE2
[DEBUG] SPACE2 --> REQUEST_VERSION
[DEBUG] REQUEST_VERSION --> HEADER
[DEBUG] HEADER:Accept-Encoding: gzip --> IN_VALUE
[DEBUG] HEADER:Accept-Encoding: gzip --> FIELD
[DEBUG] HEADER:User-Agent --> VALUE
[DEBUG] HEADER:User-Agent --> IN_VALUE
[DEBUG] HEADER:User-Agent --> FIELD
[DEBUG] HEADER:Referer --> VALUE
[DEBUG] HEADER:Referer --> IN_VALUE
[DEBUG] HEADER:Referer --> FIELD
[DEBUG] HEADER:Host: localhost:35372 --> IN_VALUE
[DEBUG] HEADER:Host: localhost:35372 --> FIELD
[DEBUG] HEADER:Accept: text/html, image/gif, image/jpeg, *; q=.2, */*; q=.2 --> IN_VALUE
[DEBUG] HEADER:Accept: text/html, image/gif, image/jpeg, *; q=.2, */*; q=.2 --> FIELD
[DEBUG] HEADER:Connection: keep-alive --> IN_VALUE
[DEBUG] HEADER:Connection: keep-alive --> FIELD
[DEBUG] HEADER --> CONTENT
[DEBUG] REQUEST for //localhost:35372/EchoServlet?what=the&what=about+%26+me%3F on HttpChannelOverHttp@36eb5f45{s=HttpChannelState@23232c72{s=IDLE rs=BLOCKING os=OPEN is=IDLE awp=false se=false i=true al=0},r=44,c=false/false,a=IDLE,uri=//localhost:35372/EchoServlet?what=the&what=about+%26+me%3F,age=0}
GET //localhost:35372/EchoServlet?what=the&what=about+%26+me%3F HTTP/1.1
Accept-Encoding: gzip
User-Agent: Mozilla
Referer: http://example.com
Host: localhost:35372
Accept: text/html, image/gif, image/jpeg, *; q=.2, */*; q=.2
Connection: keep-alive


[DEBUG] HttpConnection@3e7171e5::SocketChannelEndPoint@3d491fad{l=/127.0.0.1:35372,r=/127.0.0.1:60190,OPEN,fill=-,flush=-,to=0/30000}{io=0/0,kio=0,kro=1}->HttpConnection@3e7171e5[p=HttpParser{s=CONTENT,0 of -1},g=HttpGenerator@274dcaa5{s=START}]=>HttpChannelOverHttp@36eb5f45{s=HttpChannelState@23232c72{s=IDLE rs=BLOCKING os=OPEN is=IDLE awp=false se=false i=true al=0},r=44,c=false/false,a=IDLE,uri=//localhost:35372/EchoServlet?what=the&what=about+%26+me%3F,age=1} parsed true HttpParser{s=CONTENT,0 of -1}
[DEBUG] releaseRequestBuffer HttpConnection@3e7171e5::SocketChannelEndPoint@3d491fad{l=/127.0.0.1:35372,r=/127.0.0.1:60190,OPEN,fill=-,flush=-,to=0/30000}{io=0/0,kio=0,kro=1}->HttpConnection@3e7171e5[p=HttpParser{s=CONTENT,0 of -1},g=HttpGenerator@274dcaa5{s=START}]=>HttpChannelOverHttp@36eb5f45{s=HttpChannelState@23232c72{s=IDLE rs=BLOCKING os=OPEN is=IDLE awp=false se=false i=true al=0},r=44,c=false/false,a=IDLE,uri=//localhost:35372/EchoServlet?what=the&what=about+%26+me%3F,age=1}
[DEBUG] handle //localhost:35372/EchoServlet?what=the&what=about+%26+me%3F HttpChannelOverHttp@36eb5f45{s=HttpChannelState@23232c72{s=IDLE rs=BLOCKING os=OPEN is=IDLE awp=false se=false i=true al=0},r=44,c=false/false,a=IDLE,uri=//localhost:35372/EchoServlet?what=the&what=about+%26+me%3F,age=1} 
[DEBUG] handling HttpChannelState@23232c72{s=IDLE rs=BLOCKING os=OPEN is=IDLE awp=false se=false i=true al=0}
[DEBUG] action DISPATCH HttpChannelOverHttp@36eb5f45{s=HttpChannelState@23232c72{s=HANDLING rs=BLOCKING os=OPEN is=IDLE awp=false se=false i=true al=0},r=44,c=false/false,a=HANDLING,uri=//localhost:35372/EchoServlet?what=the&what=about+%26+me%3F,age=1}
[DEBUG] REQUEST GET /EchoServlet on HttpChannelOverHttp@36eb5f45{s=HttpChannelState@23232c72{s=HANDLING rs=BLOCKING os=OPEN is=IDLE awp=false se=false i=true al=0},r=44,c=false/false,a=HANDLING,uri=//localhost:35372/EchoServlet?what=the&what=about+%26+me%3F,age=1}
[DEBUG] servlet null|/EchoServlet|null -> org.jsoup.integration.servlets.EchoServlet-60d1a32f==org.jsoup.integration.servlets.EchoServlet@1f7ecb09{jsp=null,order=-1,inst=true,async=true,src=EMBEDDED:null,STARTED}
[DEBUG] chain=null
[DEBUG] write(array HeapByteBuffer@669e389a[p=0,l=235,c=512,r=235]={<<<<title>Webserver Environm...\n    <table border="0">>>>\x00\x00\x00\x00\x00\x00\x00\x00\x00...\x00\x00\x00\x00\x00\x00\x00})
[DEBUG] write(array) s=OPEN,api=BLOCKING,sc=false,e=null aggregated !flush DirectByteBuffer@67223954[p=0,l=235,c=32768,r=235]={<<<<title>Webserver Environm...\n    <table border="0">>>><tr><th>M...gue. Pr}
[DEBUG] write(array HeapByteBuffer@1f067ba8[p=0,l=36,c=512,r=36]={<<<<tr><th>Method</th><td>GET</td></tr>>>>es</title...\x00\x00\x00\x00\x00\x00\x00})
[DEBUG] write(array) s=OPEN,api=BLOCKING,sc=false,e=null aggregated !flush DirectByteBuffer@67223954[p=0,l=271,c=32768,r=271]={<<<<title>Webserver Environm...d</th><td>GET</td></tr>>>>\n<tr><th>...gue. Pr}
[DEBUG] write(array HeapByteBuffer@7a86e286[p=0,l=1,c=512,r=1]={<<<\n>>>tr><th>Me...\x00\x00\x00\x00\x00\x00\x00})
[DEBUG] write(array) s=OPEN,api=BLOCKING,sc=false,e=null aggregated !flush DirectByteBuffer@67223954[p=0,l=272,c=32768,r=272]={<<<<title>Webserver Environm...</th><td>GET</td></tr>\n>>><tr><th>R...gue. Pr}
[DEBUG] write(array HeapByteBuffer@7dc8252b[p=0,l=50,c=512,r=50]={<<<<tr><th>Request URI</th><...>/EchoServlet</td></tr>>>> <style t...\x00\x00\x00\x00\x00\x00\x00})
[DEBUG] write(array) s=OPEN,api=BLOCKING,sc=false,e=null aggregated !flush DirectByteBuffer@67223954[p=0,l=322,c=32768,r=322]={<<<<title>Webserver Environm...>/EchoServlet</td></tr>>>>\n<tr><th>...gue. Pr}
[DEBUG] write(array HeapByteBuffer@6a0588e0[p=0,l=1,c=512,r=1]={<<<\n>>>tr><th>Re...\x00\x00\x00\x00\x00\x00\x00})
[DEBUG] write(array) s=OPEN,api=BLOCKING,sc=false,e=null aggregated !flush DirectByteBuffer@67223954[p=0,l=323,c=32768,r=323]={<<<<title>Webserver Environm.../EchoServlet</td></tr>\n>>><tr><th>Q...gue. Pr}
[DEBUG] write(array HeapByteBuffer@46f26533[p=0,l=72,c=512,r=72]={<<<<tr><th>Query String</th>...out+%26+me%3F</td></tr>>>>">\n      ...\x00\x00\x00\x00\x00\x00\x00})
[DEBUG] write(array) s=OPEN,api=BLOCKING,sc=false,e=null aggregated !flush DirectByteBuffer@67223954[p=0,l=395,c=32768,r=395]={<<<<title>Webserver Environm...out+%26+me%3F</td></tr>>>>, image/g...gue. Pr}
[DEBUG] write(array HeapByteBuffer@b2d2db9[p=0,l=1,c=512,r=1]={<<<\n>>>tr><th>Qu...\x00\x00\x00\x00\x00\x00\x00})
[DEBUG] write(array) s=OPEN,api=BLOCKING,sc=false,e=null aggregated !flush DirectByteBuffer@67223954[p=0,l=396,c=32768,r=396]={<<<<title>Webserver Environm...ut+%26+me%3F</td></tr>\n>>> image/gi...gue. Pr}
[DEBUG] write(array HeapByteBuffer@3770b08a[p=0,l=85,c=512,r=85]={<<<<tr><th>Accept</th><td>te....2, */*; q=.2</td></tr>>>>, td, th ...\x00\x00\x00\x00\x00\x00\x00})
[DEBUG] write(array) s=OPEN,api=BLOCKING,sc=false,e=null aggregated !flush DirectByteBuffer@67223954[p=0,l=481,c=32768,r=481]={<<<<title>Webserver Environm....2, */*; q=.2</td></tr>>>>la/5.0 (W...gue. Pr}
[DEBUG] write(array HeapByteBuffer@71746c0c[p=0,l=1,c=512,r=1]={<<<\n>>>tr><th>Ac...\x00\x00\x00\x00\x00\x00\x00})
[DEBUG] write(array) s=OPEN,api=BLOCKING,sc=false,e=null aggregated !flush DirectByteBuffer@67223954[p=0,l=482,c=32768,r=482]={<<<<title>Webserver Environm...2, */*; q=.2</td></tr>\n>>>a/5.0 (Wi...gue. Pr}
[DEBUG] write(array HeapByteBuffer@247a54ec[p=0,l=44,c=512,r=44]={<<<<tr><th>User-Agent</th><td>Mozilla</td></tr>>>> image/jp...\x00\x00\x00\x00\x00\x00\x00})
[DEBUG] write(array) s=OPEN,api=BLOCKING,sc=false,e=null aggregated !flush DirectByteBuffer@67223954[p=0,l=526,c=32768,r=526]={<<<<title>Webserver Environm...h><td>Mozilla</td></tr>>>>Kit/537.3...gue. Pr}
[DEBUG] write(array HeapByteBuffer@4658f53f[p=0,l=1,c=512,r=1]={<<<\n>>>tr><th>Us...\x00\x00\x00\x00\x00\x00\x00})
[DEBUG] write(array) s=OPEN,api=BLOCKING,sc=false,e=null aggregated !flush DirectByteBuffer@67223954[p=0,l=527,c=32768,r=527]={<<<<title>Webserver Environm...><td>Mozilla</td></tr>\n>>>it/537.36...gue. Pr}
[DEBUG] write(array HeapByteBuffer@749ee99e[p=0,l=52,c=512,r=52]={<<<<tr><th>Referer</th><td>h...//example.com</td></tr>>>>peg, *; q...\x00\x00\x00\x00\x00\x00\x00})
[DEBUG] write(array) s=OPEN,api=BLOCKING,sc=false,e=null aggregated !flush DirectByteBuffer@67223954[p=0,l=579,c=32768,r=579]={<<<<title>Webserver Environm...//example.com</td></tr>>>>afari/537...gue. Pr}
[DEBUG] write(array HeapByteBuffer@26d8ff0d[p=0,l=1,c=512,r=1]={<<<\n>>>tr><th>Re...\x00\x00\x00\x00\x00\x00\x00})
[DEBUG] write(array) s=OPEN,api=BLOCKING,sc=false,e=null aggregated !flush DirectByteBuffer@67223954[p=0,l=580,c=32768,r=580]={<<<<title>Webserver Environm.../example.com</td></tr>\n>>>fari/537....gue. Pr}
[DEBUG] write(array HeapByteBuffer@50f3120e[p=0,l=47,c=512,r=47]={<<<<tr><th>Connection</th><td>keep-alive</td></tr>>>></tr>peg,...\x00\x00\x00\x00\x00\x00\x00})
[DEBUG] write(array) s=OPEN,api=BLOCKING,sc=false,e=null aggregated !flush DirectByteBuffer@67223954[p=0,l=627,c=32768,r=627]={<<<<title>Webserver Environm...td>keep-alive</td></tr>>>>d>keep-al...gue. Pr}
[DEBUG] write(array HeapByteBuffer@5183f422[p=0,l=1,c=512,r=1]={<<<\n>>>tr><th>Co...\x00\x00\x00\x00\x00\x00\x00})
[DEBUG] write(array) s=OPEN,api=BLOCKING,sc=false,e=null aggregated !flush DirectByteBuffer@67223954[p=0,l=628,c=32768,r=628]={<<<<title>Webserver Environm...d>keep-alive</td></tr>\n>>>>keep-ali...gue. Pr}
[DEBUG] write(array HeapByteBuffer@52d23595[p=0,l=46,c=512,r=46]={<<<<tr><th>Host</th><td>localhost:35372</td></tr>>>>></tr>peg...\x00\x00\x00\x00\x00\x00\x00})
[DEBUG] write(array) s=OPEN,api=BLOCKING,sc=false,e=null aggregated !flush DirectByteBuffer@67223954[p=0,l=674,c=32768,r=674]={<<<<title>Webserver Environm...calhost:35372</td></tr>>>>alhost:35...gue. Pr}
[DEBUG] write(array HeapByteBuffer@33139855[p=0,l=1,c=512,r=1]={<<<\n>>>tr><th>Ho...\x00\x00\x00\x00\x00\x00\x00})
[DEBUG] write(array) s=OPEN,api=BLOCKING,sc=false,e=null aggregated !flush DirectByteBuffer@67223954[p=0,l=675,c=32768,r=675]={<<<<title>Webserver Environm...alhost:35372</td></tr>\n>>>lhost:353...gue. Pr}
[DEBUG] write(array HeapByteBuffer@7b389f5b[p=0,l=46,c=512,r=46]={<<<<tr><th>Accept-Encoding</th><td>gzip</td></tr>>>>></tr>peg...\x00\x00\x00\x00\x00\x00\x00})
[DEBUG] write(array) s=OPEN,api=BLOCKING,sc=false,e=null aggregated !flush DirectByteBuffer@67223954[p=0,l=721,c=32768,r=721]={<<<<title>Webserver Environm...</th><td>gzip</td></tr>>>>/th><td>g...gue. Pr}
[DEBUG] write(array HeapByteBuffer@355456fa[p=0,l=1,c=512,r=1]={<<<\n>>>tr><th>Ac...\x00\x00\x00\x00\x00\x00\x00})
[DEBUG] write(array) s=OPEN,api=BLOCKING,sc=false,e=null aggregated !flush DirectByteBuffer@67223954[p=0,l=722,c=32768,r=722]={<<<<title>Webserver Environm.../th><td>gzip</td></tr>\n>>>th><td>gz...gue. Pr}
[DEBUG] write(array HeapByteBuffer@7669b358[p=0,l=51,c=512,r=51]={<<<<tr><th>what</th><td>the,...out &amp; me?</td></tr>>>>>peg, *; ...\x00\x00\x00\x00\x00\x00\x00})
[DEBUG] write(array) s=OPEN,api=BLOCKING,sc=false,e=null aggregated !flush DirectByteBuffer@67223954[p=0,l=773,c=32768,r=773]={<<<<title>Webserver Environm...out &amp; me?</td></tr>>>>\x14\xAd\xC41]x\xB5\xF5\xF8...gue. Pr}
[DEBUG] write(array HeapByteBuffer@59175cf0[p=0,l=1,c=512,r=1]={<<<\n>>>tr><th>wh...\x00\x00\x00\x00\x00\x00\x00})
[DEBUG] write(array) s=OPEN,api=BLOCKING,sc=false,e=null aggregated !flush DirectByteBuffer@67223954[p=0,l=774,c=32768,r=774]={<<<<title>Webserver Environm...ut &amp; me?</td></tr>\n>>>\xAd\xC41]x\xB5\xF5\xF8\x1d...gue. Pr}
[DEBUG] filled 0 HeapByteBuffer@2a66826a[p=0,l=0,c=8192,r=0]={<<<>>>GET /File...\x86&h\xA0{\xC1\xC2}
[DEBUG] filled 0 HeapByteBuffer@2a66826a[p=0,l=0,c=8192,r=0]={<<<>>>GET /File...\x86&h\xA0{\xC1\xC2}
[DEBUG] HttpConnection@3e7171e5::SocketChannelEndPoint@3d491fad{l=/127.0.0.1:35372,r=/127.0.0.1:60190,OPEN,fill=-,flush=-,to=2/30000}{io=0/0,kio=0,kro=1}->HttpConnection@3e7171e5[p=HttpParser{s=CONTENT,0 of -1},g=HttpGenerator@274dcaa5{s=START}]=>HttpChannelOverHttp@36eb5f45{s=HttpChannelState@23232c72{s=HANDLING rs=BLOCKING os=OPEN is=IDLE awp=false se=false i=true al=0},r=44,c=false/false,a=HANDLING,uri=//localhost:35372/EchoServlet?what=the&what=about+%26+me%3F,age=3} filled 0 HeapByteBuffer@2a66826a[p=0,l=0,c=8192,r=0]={<<<>>>GET /File...\x86&h\xA0{\xC1\xC2}
[DEBUG] HttpConnection@3e7171e5::SocketChannelEndPoint@3d491fad{l=/127.0.0.1:35372,r=/127.0.0.1:60190,OPEN,fill=-,flush=-,to=3/30000}{io=0/0,kio=0,kro=1}->HttpConnection@3e7171e5[p=HttpParser{s=CONTENT,0 of -1},g=HttpGenerator@274dcaa5{s=START}]=>HttpChannelOverHttp@36eb5f45{s=HttpChannelState@23232c72{s=HANDLING rs=BLOCKING os=OPEN is=IDLE awp=false se=false i=true al=0},r=44,c=false/false,a=HANDLING,uri=//localhost:35372/EchoServlet?what=the&what=about+%26+me%3F,age=3} parse HeapByteBuffer@2a66826a[p=0,l=0,c=8192,r=0]={<<<>>>GET /File...\x86&h\xA0{\xC1\xC2} {}
[DEBUG] parseNext s=CONTENT HeapByteBuffer@2a66826a[p=0,l=0,c=8192,r=0]={<<<>>>GET /File...\x86&h\xA0{\xC1\xC2}
[DEBUG] CONTENT --> CONTENT_END
[DEBUG] onContentComplete HttpChannelOverHttp@36eb5f45{s=HttpChannelState@23232c72{s=HANDLING rs=BLOCKING os=OPEN is=IDLE awp=false se=false i=true al=0},r=44,c=false/false,a=HANDLING,uri=//localhost:35372/EchoServlet?what=the&what=about+%26+me%3F,age=3}
[DEBUG] CONTENT_END --> END
[DEBUG] onRequestComplete HttpChannelOverHttp@36eb5f45{s=HttpChannelState@23232c72{s=HANDLING rs=BLOCKING os=OPEN is=IDLE awp=false se=false i=true al=0},r=44,c=false/false,a=HANDLING,uri=//localhost:35372/EchoServlet?what=the&what=about+%26+me%3F,age=3}
[DEBUG] HttpInputOverHTTP@376cf161[c=0,q=0,[0]=null,s=STREAM] addContent EOF
[DEBUG] HttpConnection@3e7171e5::SocketChannelEndPoint@3d491fad{l=/127.0.0.1:35372,r=/127.0.0.1:60190,OPEN,fill=-,flush=-,to=3/30000}{io=0/0,kio=0,kro=1}->HttpConnection@3e7171e5[p=HttpParser{s=END,0 of -1},g=HttpGenerator@274dcaa5{s=START}]=>HttpChannelOverHttp@36eb5f45{s=HttpChannelState@23232c72{s=HANDLING rs=BLOCKING os=OPEN is=IDLE awp=false se=false i=true al=0},r=44,c=false/false,a=HANDLING,uri=//localhost:35372/EchoServlet?what=the&what=about+%26+me%3F,age=3} parsed false HttpParser{s=END,0 of -1}
[DEBUG] releaseRequestBuffer HttpConnection@3e7171e5::SocketChannelEndPoint@3d491fad{l=/127.0.0.1:35372,r=/127.0.0.1:60190,OPEN,fill=-,flush=-,to=3/30000}{io=0/0,kio=0,kro=1}->HttpConnection@3e7171e5[p=HttpParser{s=END,0 of -1},g=HttpGenerator@274dcaa5{s=START}]=>HttpChannelOverHttp@36eb5f45{s=HttpChannelState@23232c72{s=HANDLING rs=BLOCKING os=OPEN is=IDLE awp=false se=false i=true al=0},r=44,c=false/false,a=HANDLING,uri=//localhost:35372/EchoServlet?what=the&what=about+%26+me%3F,age=3}
[DEBUG] onEof HttpChannelState@23232c72{s=HANDLING rs=BLOCKING os=OPEN is=IDLE awp=false se=false i=true al=0}
[DEBUG] write(array HeapByteBuffer@666ac2ce[p=0,l=8,c=512,r=8]={<<<</table>>>>what</th>...\x00\x00\x00\x00\x00\x00\x00})
[DEBUG] write(array) s=OPEN,api=BLOCKING,sc=false,e=null aggregated !flush DirectByteBuffer@67223954[p=0,l=782,c=32768,r=782]={<<<<title>Webserver Environm... me?</td></tr>\n</table>>>>\x1dw\x9d7S\x96#y\xE5...gue. Pr}
[DEBUG] write(array HeapByteBuffer@711eab7f[p=0,l=1,c=512,r=1]={<<<\n>>>/table>wh...\x00\x00\x00\x00\x00\x00\x00})
[DEBUG] write(array) s=OPEN,api=BLOCKING,sc=false,e=null aggregated !flush DirectByteBuffer@67223954[p=0,l=783,c=32768,r=783]={<<<<title>Webserver Environm...me?</td></tr>\n</table>\n>>>w\x9d7S\x96#y\xE5\x83...gue. Pr}
[DEBUG] handled=true async=false committed=false on HttpChannelOverHttp@36eb5f45{s=HttpChannelState@23232c72{s=HANDLING rs=BLOCKING os=OPEN is=READY awp=false se=false i=true al=0},r=44,c=false/false,a=HANDLING,uri=//localhost:35372/EchoServlet?what=the&what=about+%26+me%3F,age=4}
[DEBUG] unhandle HttpChannelState@23232c72{s=HANDLING rs=BLOCKING os=OPEN is=READY awp=false se=false i=true al=0}
[DEBUG] nextAction(false) COMPLETE HttpChannelState@23232c72{s=HANDLING rs=COMPLETING os=OPEN is=READY awp=false se=false i=false al=0}
[DEBUG] action COMPLETE HttpChannelOverHttp@36eb5f45{s=HttpChannelState@23232c72{s=HANDLING rs=COMPLETING os=OPEN is=READY awp=false se=false i=false al=0},r=44,c=false/false,a=HANDLING,uri=//localhost:35372/EchoServlet?what=the&what=about+%26+me%3F,age=4}
[DEBUG] complete(org.eclipse.jetty.util.Callback$3@4ad63577) s=CLOSING,api=BLOCKED,sc=false,e=null s=false e=null, c=DirectByteBuffer@67223954[p=0,l=783,c=32768,r=783]={<<<<title>Webserver Environm...me?</td></tr>\n</table>\n>>>w\x9d7S\x96#y\xE5\x83...gue. Pr}
[DEBUG] sendResponse info=null content=DirectByteBuffer@67223954[p=0,l=783,c=32768,r=783]={<<<<title>Webserver Environm...me?</td></tr>\n</table>\n>>>w\x9d7S\x96#y\xE5\x83...gue. Pr} complete=true committing=true callback=org.eclipse.jetty.server.HttpOutput$WriteCompleteCB@29450001
[DEBUG] COMMIT for /EchoServlet on HttpChannelOverHttp@36eb5f45{s=HttpChannelState@23232c72{s=HANDLING rs=COMPLETING os=COMMITTED is=READY awp=false se=false i=false al=0},r=44,c=false/false,a=HANDLING,uri=//localhost:35372/EchoServlet?what=the&what=about+%26+me%3F,age=4}
200 null HTTP/1.1
Date: Tue, 28 Sep 2021 06:03:32 GMT
Content-Type: text/html;charset=utf-8
Cache-Control: no-cache
Cache-Control: no-store


[DEBUG] generate: NEED_HEADER for SendCallback@410c6bef[PROCESSING][i=HTTP/1.1{s=200,h=4,cl=-1},cb=org.eclipse.jetty.server.HttpChannel$SendCallback@1909db55] (null,[p=0,l=783,c=32768,r=783],true)@START
[DEBUG] generateHeaders HTTP/1.1{s=200,h=4,cl=-1} last=true content=DirectByteBuffer@67223954[p=0,l=783,c=32768,r=783]={<<<<title>Webserver Environm...me?</td></tr>\n</table>\n>>>w\x9d7S\x96#y\xE5\x83...gue. Pr}
[DEBUG] Date: Tue, 28 Sep 2021 06:03:32 GMT
Content-Type: text/html;charset=utf-8
Cache-Control: no-cache
Cache-Control: no-store


[DEBUG] CONTENT_LENGTH
[DEBUG] generate: FLUSH for SendCallback@410c6bef[PROCESSING][i=HTTP/1.1{s=200,h=4,cl=-1},cb=org.eclipse.jetty.server.HttpChannel$SendCallback@1909db55] ([p=0,l=199,c=8192,r=199],[p=0,l=783,c=32768,r=783],true)@COMPLETING
[DEBUG] write: WriteFlusher@2071150d{IDLE}->null [HeapByteBuffer@460916c[p=0,l=199,c=8192,r=199]={<<<HTTP/1.1 200 OK\r\nDate: Tu...y(9.4.43.v20210629)\r\n\r\n>>>29)\r\n\r\nme...\x00\x00\x00\x00\x00\x00\x00},DirectByteBuffer@67223954[p=0,l=783,c=32768,r=783]={<<<<title>Webserver Environm...me?</td></tr>\n</table>\n>>>w\x9d7S\x96#y\xE5\x83...gue. Pr}]
[DEBUG] update WriteFlusher@2071150d{WRITING}->null:IDLE-->WRITING
]]></system-out>
  </testcase>
  <testcase name="doesPut" classname="org.jsoup.integration.ConnectTest" time="0.026">
    <system-out><![CDATA[[DEBUG] flushed 982 SocketChannelEndPoint@3d491fad{l=/127.0.0.1:35372,r=/127.0.0.1:60190,OPEN,fill=-,flush=W,to=8/30000}{io=0/0,kio=0,kro=1}->HttpConnection@3e7171e5[p=HttpParser{s=END,0 of -1},g=HttpGenerator@274dcaa5{s=COMPLETING}]=>HttpChannelOverHttp@36eb5f45{s=HttpChannelState@23232c72{s=HANDLING rs=COMPLETING os=COMMITTED is=READY awp=false se=false i=false al=0},r=44,c=false/false,a=HANDLING,uri=//localhost:35372/EchoServlet?what=the&what=about+%26+me%3F,age=9}
[DEBUG] Flushed=true written=982 remaining=0 WriteFlusher@2071150d{WRITING}->null
[DEBUG] update WriteFlusher@2071150d{IDLE}->null:WRITING-->IDLE
[DEBUG] generate: DONE for SendCallback@410c6bef[PROCESSING][i=HTTP/1.1{s=200,h=4,cl=-1},cb=org.eclipse.jetty.server.HttpChannel$SendCallback@1909db55] ([p=199,l=199,c=8192,r=0],[p=783,l=783,c=32768,r=0],true)@END
[DEBUG] onWriteComplete(true,null) s=CLOSING,api=BLOCKED,sc=false,e=null->s=CLOSED,api=BLOCKING,sc=false,e=null c=null cb=org.eclipse.jetty.util.Callback$3@4ad63577 w=false
[DEBUG] completed HttpChannelState@23232c72{s=HANDLING rs=COMPLETING os=COMPLETED is=READY awp=false se=false i=false al=0}
[DEBUG] unhandle HttpChannelState@23232c72{s=HANDLING rs=COMPLETED os=COMPLETED is=READY awp=false se=false i=false al=0}
[DEBUG] nextAction(false) TERMINATED HttpChannelState@23232c72{s=IDLE rs=COMPLETED os=COMPLETED is=READY awp=false se=false i=false al=0}
[DEBUG] action TERMINATED HttpChannelOverHttp@36eb5f45{s=HttpChannelState@23232c72{s=IDLE rs=COMPLETED os=COMPLETED is=READY awp=false se=false i=false al=0},r=44,c=true/true,a=IDLE,uri=//localhost:35372/EchoServlet?what=the&what=about+%26+me%3F,age=9}
[DEBUG] onCompleted for /EchoServlet written=783
[DEBUG] recycle HttpChannelState@23232c72{s=IDLE rs=COMPLETED os=COMPLETED is=READY awp=false se=false i=false al=0}
[DEBUG] reset HttpParser{s=END,0 of -1}
[DEBUG] END --> START
[DEBUG] !handle TERMINATED HttpChannelOverHttp@36eb5f45{s=HttpChannelState@23232c72{s=IDLE rs=BLOCKING os=OPEN is=IDLE awp=false se=false i=true al=0},r=44,c=false/false,a=IDLE,uri=null,age=0}
[DEBUG] filled 458 HeapByteBuffer@1ef04a69[p=0,l=458,c=8192,r=458]={<<<PUT /EchoServlet HTTP/1.1...BA%A6%E4%B8%80%E4%B8%8B>>>\x00\x00\x00\x00\x00\x00\x00\x00\x00...\x00\x00\x00\x00\x00\x00\x00}
[DEBUG] HttpConnection@3e7171e5::SocketChannelEndPoint@3d491fad{l=/127.0.0.1:35372,r=/127.0.0.1:60190,OPEN,fill=-,flush=-,to=0/30000}{io=0/0,kio=0,kro=1}->HttpConnection@3e7171e5[p=HttpParser{s=START,0 of -1},g=HttpGenerator@274dcaa5{s=START}]=>HttpChannelOverHttp@36eb5f45{s=HttpChannelState@23232c72{s=IDLE rs=BLOCKING os=OPEN is=IDLE awp=false se=false i=true al=0},r=44,c=false/false,a=IDLE,uri=null,age=0} filled 458 HeapByteBuffer@1ef04a69[p=0,l=458,c=8192,r=458]={<<<PUT /EchoServlet HTTP/1.1...BA%A6%E4%B8%80%E4%B8%8B>>>\x00\x00\x00\x00\x00\x00\x00\x00\x00...\x00\x00\x00\x00\x00\x00\x00}
[DEBUG] HttpConnection@3e7171e5::SocketChannelEndPoint@3d491fad{l=/127.0.0.1:35372,r=/127.0.0.1:60190,OPEN,fill=-,flush=-,to=0/30000}{io=0/0,kio=0,kro=1}->HttpConnection@3e7171e5[p=HttpParser{s=START,0 of -1},g=HttpGenerator@274dcaa5{s=START}]=>HttpChannelOverHttp@36eb5f45{s=HttpChannelState@23232c72{s=IDLE rs=BLOCKING os=OPEN is=IDLE awp=false se=false i=true al=0},r=44,c=false/false,a=IDLE,uri=null,age=0} parse HeapByteBuffer@1ef04a69[p=0,l=458,c=8192,r=458]={<<<PUT /EchoServlet HTTP/1.1...BA%A6%E4%B8%80%E4%B8%8B>>>\x00\x00\x00\x00\x00\x00\x00\x00\x00...\x00\x00\x00\x00\x00\x00\x00} {}
[DEBUG] parseNext s=START HeapByteBuffer@1ef04a69[p=0,l=458,c=8192,r=458]={<<<PUT /EchoServlet HTTP/1.1...BA%A6%E4%B8%80%E4%B8%8B>>>\x00\x00\x00\x00\x00\x00\x00\x00\x00...\x00\x00\x00\x00\x00\x00\x00}
[DEBUG] START --> SPACE1
[DEBUG] SPACE1 --> URI
[DEBUG] URI --> SPACE2
[DEBUG] SPACE2 --> REQUEST_VERSION
[DEBUG] REQUEST_VERSION --> HEADER
[DEBUG] HEADER:Cookie: auth=token --> IN_VALUE
[DEBUG] HEADER:Cookie: auth=token --> FIELD
[DEBUG] HEADER:Accept-Encoding: gzip --> IN_VALUE
[DEBUG] HEADER:Accept-Encoding: gzip --> FIELD
[DEBUG] HEADER:User-Agent: Mozilla/5.0 (Windows NT 10.0; Win64; x64) AppleWebKit/537.36 (KHTML, like Gecko) Chrome/79.0.3945.130 Safari/537.36 --> IN_VALUE
[DEBUG] HEADER:User-Agent: Mozilla/5.0 (Windows NT 10.0; Win64; x64) AppleWebKit/537.36 (KHTML, like Gecko) Chrome/79.0.3945.130 Safari/537.36 --> FIELD
[DEBUG] HEADER:Content-Type: application/x-www-form-urlencoded; charset=UTF-8 --> IN_VALUE
[DEBUG] HEADER:Content-Type: application/x-www-form-urlencoded; charset=UTF-8 --> FIELD
[DEBUG] HEADER:Host: localhost:35372 --> IN_VALUE
[DEBUG] HEADER:Host: localhost:35372 --> FIELD
[DEBUG] HEADER:Accept: text/html, image/gif, image/jpeg, *; q=.2, */*; q=.2 --> IN_VALUE
[DEBUG] HEADER:Accept: text/html, image/gif, image/jpeg, *; q=.2, */*; q=.2 --> FIELD
[DEBUG] HEADER:Connection: keep-alive --> IN_VALUE
[DEBUG] HEADER:Connection: keep-alive --> FIELD
[DEBUG] HEADER:Content-Length --> VALUE
[DEBUG] HEADER:Content-Length --> IN_VALUE
[DEBUG] HEADER:Content-Length --> FIELD
[DEBUG] HEADER --> CONTENT
[DEBUG] REQUEST for //localhost:35372/EchoServlet on HttpChannelOverHttp@36eb5f45{s=HttpChannelState@23232c72{s=IDLE rs=BLOCKING os=OPEN is=IDLE awp=false se=false i=true al=0},r=45,c=false/false,a=IDLE,uri=//localhost:35372/EchoServlet,age=0}
PUT //localhost:35372/EchoServlet HTTP/1.1
Cookie: auth=token
Accept-Encoding: gzip
User-Agent: Mozilla/5.0 (Windows NT 10.0; Win64; x64) AppleWebKit/537.36 (KHTML, like Gecko) Chrome/79.0.3945.130 Safari/537.36
Content-Type: application/x-www-form-urlencoded; charset=UTF-8
Host: localhost:35372
Accept: text/html, image/gif, image/jpeg, *; q=.2, */*; q=.2
Connection: keep-alive
Content-Length: 64


[DEBUG] HttpConnection@3e7171e5::SocketChannelEndPoint@3d491fad{l=/127.0.0.1:35372,r=/127.0.0.1:60190,OPEN,fill=-,flush=-,to=0/30000}{io=0/0,kio=0,kro=1}->HttpConnection@3e7171e5[p=HttpParser{s=CONTENT,0 of 64},g=HttpGenerator@274dcaa5{s=START}]=>HttpChannelOverHttp@36eb5f45{s=HttpChannelState@23232c72{s=IDLE rs=BLOCKING os=OPEN is=IDLE awp=false se=false i=true al=0},r=45,c=false/false,a=IDLE,uri=//localhost:35372/EchoServlet,age=0} parsed true HttpParser{s=CONTENT,0 of 64}
[DEBUG] handle //localhost:35372/EchoServlet HttpChannelOverHttp@36eb5f45{s=HttpChannelState@23232c72{s=IDLE rs=BLOCKING os=OPEN is=IDLE awp=false se=false i=true al=0},r=45,c=false/false,a=IDLE,uri=//localhost:35372/EchoServlet,age=0} 
[DEBUG] handling HttpChannelState@23232c72{s=IDLE rs=BLOCKING os=OPEN is=IDLE awp=false se=false i=true al=0}
[DEBUG] action DISPATCH HttpChannelOverHttp@36eb5f45{s=HttpChannelState@23232c72{s=HANDLING rs=BLOCKING os=OPEN is=IDLE awp=false se=false i=true al=0},r=45,c=false/false,a=HANDLING,uri=//localhost:35372/EchoServlet,age=0}
[DEBUG] REQUEST PUT /EchoServlet on HttpChannelOverHttp@36eb5f45{s=HttpChannelState@23232c72{s=HANDLING rs=BLOCKING os=OPEN is=IDLE awp=false se=false i=true al=0},r=45,c=false/false,a=HANDLING,uri=//localhost:35372/EchoServlet,age=0}
[DEBUG] servlet null|/EchoServlet|null -> org.jsoup.integration.servlets.EchoServlet-60d1a32f==org.jsoup.integration.servlets.EchoServlet@1f7ecb09{jsp=null,order=-1,inst=true,async=true,src=EMBEDDED:null,STARTED}
[DEBUG] chain=null
[DEBUG] write(array HeapByteBuffer@1d48de58[p=0,l=235,c=512,r=235]={<<<<title>Webserver Environm...\n    <table border="0">>>>\x00\x00\x00\x00\x00\x00\x00\x00\x00...\x00\x00\x00\x00\x00\x00\x00})
[DEBUG] write(array) s=OPEN,api=BLOCKING,sc=false,e=null aggregated !flush DirectByteBuffer@341ca971[p=0,l=235,c=32768,r=235]={<<<<title>Webserver Environm...\n    <table border="0">>>><tr><th>M...gue. Pr}
[DEBUG] write(array HeapByteBuffer@664e3d0b[p=0,l=36,c=512,r=36]={<<<<tr><th>Method</th><td>PUT</td></tr>>>>es</title...\x00\x00\x00\x00\x00\x00\x00})
[DEBUG] write(array) s=OPEN,api=BLOCKING,sc=false,e=null aggregated !flush DirectByteBuffer@341ca971[p=0,l=271,c=32768,r=271]={<<<<title>Webserver Environm...d</th><td>PUT</td></tr>>>>>\n<tr><th...gue. Pr}
[DEBUG] write(array HeapByteBuffer@678a6ccb[p=0,l=1,c=512,r=1]={<<<\n>>>tr><th>Me...\x00\x00\x00\x00\x00\x00\x00})
[DEBUG] write(array) s=OPEN,api=BLOCKING,sc=false,e=null aggregated !flush DirectByteBuffer@341ca971[p=0,l=272,c=32768,r=272]={<<<<title>Webserver Environm...</th><td>PUT</td></tr>\n>>>\n<tr><th>...gue. Pr}
[DEBUG] write(array HeapByteBuffer@308ec01c[p=0,l=50,c=512,r=50]={<<<<tr><th>Request URI</th><...>/EchoServlet</td></tr>>>> <style t...\x00\x00\x00\x00\x00\x00\x00})
[DEBUG] write(array) s=OPEN,api=BLOCKING,sc=false,e=null aggregated !flush DirectByteBuffer@341ca971[p=0,l=322,c=32768,r=322]={<<<<title>Webserver Environm...>/EchoServlet</td></tr>>>>>\n<tr><th...gue. Pr}
[DEBUG] write(array HeapByteBuffer@6bef724b[p=0,l=1,c=512,r=1]={<<<\n>>>tr><th>Re...\x00\x00\x00\x00\x00\x00\x00})
[DEBUG] write(array) s=OPEN,api=BLOCKING,sc=false,e=null aggregated !flush DirectByteBuffer@341ca971[p=0,l=323,c=32768,r=323]={<<<<title>Webserver Environm.../EchoServlet</td></tr>\n>>>\n<tr><th>...gue. Pr}
[DEBUG] write(array HeapByteBuffer@7cdebc58[p=0,l=39,c=512,r=39]={<<<<tr><th>Query String</th><td></td></tr>>>>t</td></t...\x00\x00\x00\x00\x00\x00\x00})
[DEBUG] write(array) s=OPEN,api=BLOCKING,sc=false,e=null aggregated !flush DirectByteBuffer@341ca971[p=0,l=362,c=32768,r=362]={<<<<title>Webserver Environm...ring</th><td></td></tr>>>>/td></tr>...gue. Pr}
[DEBUG] write(array HeapByteBuffer@48067b3c[p=0,l=1,c=512,r=1]={<<<\n>>>tr><th>Qu...\x00\x00\x00\x00\x00\x00\x00})
[DEBUG] write(array) s=OPEN,api=BLOCKING,sc=false,e=null aggregated !flush DirectByteBuffer@341ca971[p=0,l=363,c=32768,r=363]={<<<<title>Webserver Environm...ing</th><td></td></tr>\n>>>td></tr>\n...gue. Pr}
[DEBUG] write(array HeapByteBuffer@e4ecc00[p=0,l=43,c=512,r=43]={<<<<tr><th>Cookie</th><td>auth=token</td></tr>>>>d></tr> <...\x00\x00\x00\x00\x00\x00\x00})
[DEBUG] write(array) s=OPEN,api=BLOCKING,sc=false,e=null aggregated !flush DirectByteBuffer@341ca971[p=0,l=406,c=32768,r=406]={<<<<title>Webserver Environm...td>auth=token</td></tr>>>>image/gif...gue. Pr}
[DEBUG] write(array HeapByteBuffer@1e239aa8[p=0,l=1,c=512,r=1]={<<<\n>>>tr><th>Co...\x00\x00\x00\x00\x00\x00\x00})
[DEBUG] write(array) s=OPEN,api=BLOCKING,sc=false,e=null aggregated !flush DirectByteBuffer@341ca971[p=0,l=407,c=32768,r=407]={<<<<title>Webserver Environm...d>auth=token</td></tr>\n>>>mage/gif,...gue. Pr}
[DEBUG] write(array HeapByteBuffer@1716d948[p=0,l=85,c=512,r=85]={<<<<tr><th>Accept</th><td>te....2, */*; q=.2</td></tr>>>>, td, th ...\x00\x00\x00\x00\x00\x00\x00})
[DEBUG] write(array) s=OPEN,api=BLOCKING,sc=false,e=null aggregated !flush DirectByteBuffer@341ca971[p=0,l=492,c=32768,r=492]={<<<<title>Webserver Environm....2, */*; q=.2</td></tr>>>>/5.0 (Mac...gue. Pr}
[DEBUG] write(array HeapByteBuffer@6c329f0d[p=0,l=1,c=512,r=1]={<<<\n>>>tr><th>Ac...\x00\x00\x00\x00\x00\x00\x00})
[DEBUG] write(array) s=OPEN,api=BLOCKING,sc=false,e=null aggregated !flush DirectByteBuffer@341ca971[p=0,l=493,c=32768,r=493]={<<<<title>Webserver Environm...2, */*; q=.2</td></tr>\n>>>5.0 (Maci...gue. Pr}
[DEBUG] write(array HeapByteBuffer@14646047[p=0,l=152,c=512,r=152]={<<<<tr><th>User-Agent</th><t...Safari/537.36</td></tr>>>>      th ...\x00\x00\x00\x00\x00\x00\x00})
[DEBUG] write(array) s=OPEN,api=BLOCKING,sc=false,e=null aggregated !flush DirectByteBuffer@341ca971[p=0,l=645,c=32768,r=645]={<<<<title>Webserver Environm...Safari/537.36</td></tr>>>>eep-alive...gue. Pr}
[DEBUG] write(array HeapByteBuffer@16905eb9[p=0,l=1,c=512,r=1]={<<<\n>>>tr><th>Us...\x00\x00\x00\x00\x00\x00\x00})
[DEBUG] write(array) s=OPEN,api=BLOCKING,sc=false,e=null aggregated !flush DirectByteBuffer@341ca971[p=0,l=646,c=32768,r=646]={<<<<title>Webserver Environm...afari/537.36</td></tr>\n>>>ep-alive<...gue. Pr}
[DEBUG] write(array HeapByteBuffer@37ed09ba[p=0,l=47,c=512,r=47]={<<<<tr><th>Connection</th><td>keep-alive</td></tr>>>> NT 10.0;...\x00\x00\x00\x00\x00\x00\x00})
[DEBUG] write(array) s=OPEN,api=BLOCKING,sc=false,e=null aggregated !flush DirectByteBuffer@341ca971[p=0,l=693,c=32768,r=693]={<<<<title>Webserver Environm...td>keep-alive</td></tr>>>>st:35372<...gue. Pr}
[DEBUG] write(array HeapByteBuffer@4f5f32bd[p=0,l=1,c=512,r=1]={<<<\n>>>tr><th>Co...\x00\x00\x00\x00\x00\x00\x00})
[DEBUG] write(array) s=OPEN,api=BLOCKING,sc=false,e=null aggregated !flush DirectByteBuffer@341ca971[p=0,l=694,c=32768,r=694]={<<<<title>Webserver Environm...d>keep-alive</td></tr>\n>>>t:35372</...gue. Pr}
[DEBUG] write(array HeapByteBuffer@788e0549[p=0,l=46,c=512,r=46]={<<<<tr><th>Host</th><td>localhost:35372</td></tr>>>>> NT 10.0...\x00\x00\x00\x00\x00\x00\x00})
[DEBUG] write(array) s=OPEN,api=BLOCKING,sc=false,e=null aggregated !flush DirectByteBuffer@341ca971[p=0,l=740,c=32768,r=740]={<<<<title>Webserver Environm...calhost:35372</td></tr>>>><td>gzip<...gue. Pr}
[DEBUG] write(array HeapByteBuffer@6cffe977[p=0,l=1,c=512,r=1]={<<<\n>>>tr><th>Ho...\x00\x00\x00\x00\x00\x00\x00})
[DEBUG] write(array) s=OPEN,api=BLOCKING,sc=false,e=null aggregated !flush DirectByteBuffer@341ca971[p=0,l=741,c=32768,r=741]={<<<<title>Webserver Environm...alhost:35372</td></tr>\n>>>td>gzip</...gue. Pr}
[DEBUG] write(array HeapByteBuffer@33008d8b[p=0,l=46,c=512,r=46]={<<<<tr><th>Accept-Encoding</th><td>gzip</td></tr>>>>> NT 10.0...\x00\x00\x00\x00\x00\x00\x00})
[DEBUG] write(array) s=OPEN,api=BLOCKING,sc=false,e=null aggregated !flush DirectByteBuffer@341ca971[p=0,l=787,c=32768,r=787]={<<<<title>Webserver Environm...</th><td>gzip</td></tr>>>>td>11</td...gue. Pr}
[DEBUG] write(array HeapByteBuffer@57c8b8c[p=0,l=1,c=512,r=1]={<<<\n>>>tr><th>Ac...\x00\x00\x00\x00\x00\x00\x00})
[DEBUG] write(array) s=OPEN,api=BLOCKING,sc=false,e=null aggregated !flush DirectByteBuffer@341ca971[p=0,l=788,c=32768,r=788]={<<<<title>Webserver Environm.../th><td>gzip</td></tr>\n>>>d>11</td>...gue. Pr}
[DEBUG] write(array HeapByteBuffer@d506227[p=0,l=43,c=512,r=43]={<<<<tr><th>Content-Length</th><td>64</td></tr>>>>tr>> NT 1...\x00\x00\x00\x00\x00\x00\x00})
[DEBUG] write(array) s=OPEN,api=BLOCKING,sc=false,e=null aggregated !flush DirectByteBuffer@341ca971[p=0,l=831,c=32768,r=831]={<<<<title>Webserver Environm...th</th><td>64</td></tr>>>>>applicat...gue. Pr}
[DEBUG] write(array HeapByteBuffer@1ef796ab[p=0,l=1,c=512,r=1]={<<<\n>>>tr><th>Co...\x00\x00\x00\x00\x00\x00\x00})
[DEBUG] write(array) s=OPEN,api=BLOCKING,sc=false,e=null aggregated !flush DirectByteBuffer@341ca971[p=0,l=832,c=32768,r=832]={<<<<title>Webserver Environm...h</th><td>64</td></tr>\n>>>applicati...gue. Pr}
[DEBUG] write(array HeapByteBuffer@292c3c2b[p=0,l=87,c=512,r=87]={<<<<tr><th>Content-Type</th>...charset=UTF-8</td></tr>>>> (KHTML, ...\x00\x00\x00\x00\x00\x00\x00})
[DEBUG] write(array) s=OPEN,api=BLOCKING,sc=false,e=null aggregated !flush DirectByteBuffer@341ca971[p=0,l=919,c=32768,r=919]={<<<<title>Webserver Environm...charset=UTF-8</td></tr>>>>>{key:val...gue. Pr}
[DEBUG] write(array HeapByteBuffer@48edf269[p=0,l=1,c=512,r=1]={<<<\n>>>tr><th>Co...\x00\x00\x00\x00\x00\x00\x00})
[DEBUG] write(array) s=OPEN,api=BLOCKING,sc=false,e=null aggregated !flush DirectByteBuffer@341ca971[p=0,l=920,c=32768,r=920]={<<<<title>Webserver Environm...harset=UTF-8</td></tr>\n>>>{key:valu...gue. Pr}
[DEBUG] write(array HeapByteBuffer@46a2f009[p=0,l=44,c=512,r=44]={<<<<tr><th>Cookie: auth</th><td>token</td></tr>>>>ww-form-u...\x00\x00\x00\x00\x00\x00\x00})
[DEBUG] write(array) s=OPEN,api=BLOCKING,sc=false,e=null aggregated !flush DirectByteBuffer@341ca971[p=0,l=964,c=32768,r=964]={<<<<title>Webserver Environm.../th><td>token</td></tr>>>>\n<tr><th>...gue. Pr}
[DEBUG] write(array HeapByteBuffer@64c264b8[p=0,l=1,c=512,r=1]={<<<\n>>>tr><th>Co...\x00\x00\x00\x00\x00\x00\x00})
[DEBUG] write(array) s=OPEN,api=BLOCKING,sc=false,e=null aggregated !flush DirectByteBuffer@341ca971[p=0,l=965,c=32768,r=965]={<<<<title>Webserver Environm...th><td>token</td></tr>\n>>><tr><th>\xE7...gue. Pr}
[DEBUG] HttpConnection@3e7171e5::SocketChannelEndPoint@3d491fad{l=/127.0.0.1:35372,r=/127.0.0.1:60190,OPEN,fill=-,flush=-,to=2/30000}{io=0/0,kio=0,kro=1}->HttpConnection@3e7171e5[p=HttpParser{s=CONTENT,0 of 64},g=HttpGenerator@274dcaa5{s=START}]=>HttpChannelOverHttp@36eb5f45{s=HttpChannelState@23232c72{s=HANDLING rs=BLOCKING os=OPEN is=IDLE awp=false se=false i=true al=0},r=45,c=false/false,a=HANDLING,uri=//localhost:35372/EchoServlet,age=2} parse HeapByteBuffer@1ef04a69[p=394,l=458,c=8192,r=64]={PUT /Echo... 64\r\n\r\n<<<uname=Jsoup&uname=Jonatha...BA%A6%E4%B8%80%E4%B8%8B>>>\x00\x00\x00\x00\x00\x00\x00\x00\x00...\x00\x00\x00\x00\x00\x00\x00} {}
[DEBUG] parseNext s=CONTENT HeapByteBuffer@1ef04a69[p=394,l=458,c=8192,r=64]={PUT /Echo... 64\r\n\r\n<<<uname=Jsoup&uname=Jonatha...BA%A6%E4%B8%80%E4%B8%8B>>>\x00\x00\x00\x00\x00\x00\x00\x00\x00...\x00\x00\x00\x00\x00\x00\x00}
[DEBUG] onContent HttpChannelOverHttp@36eb5f45{s=HttpChannelState@23232c72{s=HANDLING rs=BLOCKING os=OPEN is=IDLE awp=false se=false i=true al=0},r=45,c=false/false,a=HANDLING,uri=//localhost:35372/EchoServlet,age=2} Content@2c47d16f{HeapByteBufferR@b9e0034[p=394,l=458,c=8192,r=64]={PUT /Echo... 64\r\n\r\n<<<uname=Jsoup&uname=Jonatha...BA%A6%E4%B8%80%E4%B8%8B>>>\x00\x00\x00\x00\x00\x00\x00\x00\x00...\x00\x00\x00\x00\x00\x00\x00}}
[DEBUG] HttpInputOverHTTP@376cf161[c=0,q=0,[0]=null,s=STREAM] addContent Content@2c47d16f{HeapByteBufferR@b9e0034[p=394,l=458,c=8192,r=64]={PUT /Echo... 64\r\n\r\n<<<uname=Jsoup&uname=Jonatha...BA%A6%E4%B8%80%E4%B8%8B>>>\x00\x00\x00\x00\x00\x00\x00\x00\x00...\x00\x00\x00\x00\x00\x00\x00}}
[DEBUG] CONTENT --> CONTENT_END
[DEBUG] onContentComplete HttpChannelOverHttp@36eb5f45{s=HttpChannelState@23232c72{s=HANDLING rs=BLOCKING os=OPEN is=IDLE awp=false se=false i=true al=0},r=45,c=false/false,a=HANDLING,uri=//localhost:35372/EchoServlet,age=2}
[DEBUG] CONTENT_END --> END
[DEBUG] onRequestComplete HttpChannelOverHttp@36eb5f45{s=HttpChannelState@23232c72{s=HANDLING rs=BLOCKING os=OPEN is=IDLE awp=false se=false i=true al=0},r=45,c=false/false,a=HANDLING,uri=//localhost:35372/EchoServlet,age=2}
[DEBUG] HttpInputOverHTTP@376cf161[c=0,q=1,[0]=EOF,s=STREAM] addContent EOF
[DEBUG] HttpConnection@3e7171e5::SocketChannelEndPoint@3d491fad{l=/127.0.0.1:35372,r=/127.0.0.1:60190,OPEN,fill=-,flush=-,to=2/30000}{io=0/0,kio=0,kro=1}->HttpConnection@3e7171e5[p=HttpParser{s=END,64 of 64},g=HttpGenerator@274dcaa5{s=START}]=>HttpChannelOverHttp@36eb5f45{s=HttpChannelState@23232c72{s=HANDLING rs=BLOCKING os=OPEN is=IDLE awp=false se=false i=true al=0},r=45,c=false/false,a=HANDLING,uri=//localhost:35372/EchoServlet,age=2} parsed false HttpParser{s=END,64 of 64}
[DEBUG] HttpInputOverHTTP@376cf161[c=1,q=1,[0]=EOF,s=STREAM] read 1 from Content@2c47d16f{HeapByteBufferR@b9e0034[p=395,l=458,c=8192,r=63]={PUT /Echo...64\r\n\r\nu<<<name=Jsoup&uname=Jonathan...BA%A6%E4%B8%80%E4%B8%8B>>>\x00\x00\x00\x00\x00\x00\x00\x00\x00...\x00\x00\x00\x00\x00\x00\x00}}
[DEBUG] HttpInputOverHTTP@376cf161[c=2,q=1,[0]=EOF,s=STREAM] read 1 from Content@2c47d16f{HeapByteBufferR@b9e0034[p=396,l=458,c=8192,r=62]={PUT /Echo...4\r\n\r\nun<<<ame=Jsoup&uname=Jonathan&...BA%A6%E4%B8%80%E4%B8%8B>>>\x00\x00\x00\x00\x00\x00\x00\x00\x00...\x00\x00\x00\x00\x00\x00\x00}}
[DEBUG] HttpInputOverHTTP@376cf161[c=3,q=1,[0]=EOF,s=STREAM] read 1 from Content@2c47d16f{HeapByteBufferR@b9e0034[p=397,l=458,c=8192,r=61]={PUT /Echo...\r\n\r\nuna<<<me=Jsoup&uname=Jonathan&%...BA%A6%E4%B8%80%E4%B8%8B>>>\x00\x00\x00\x00\x00\x00\x00\x00\x00...\x00\x00\x00\x00\x00\x00\x00}}
[DEBUG] HttpInputOverHTTP@376cf161[c=4,q=1,[0]=EOF,s=STREAM] read 1 from Content@2c47d16f{HeapByteBufferR@b9e0034[p=398,l=458,c=8192,r=60]={PUT /Echo...\n\r\nunam<<<e=Jsoup&uname=Jonathan&%E...BA%A6%E4%B8%80%E4%B8%8B>>>\x00\x00\x00\x00\x00\x00\x00\x00\x00...\x00\x00\x00\x00\x00\x00\x00}}
[DEBUG] HttpInputOverHTTP@376cf161[c=5,q=1,[0]=EOF,s=STREAM] read 1 from Content@2c47d16f{HeapByteBufferR@b9e0034[p=399,l=458,c=8192,r=59]={PUT /Echo...\r\nuname<<<=Jsoup&uname=Jonathan&%E7...BA%A6%E4%B8%80%E4%B8%8B>>>\x00\x00\x00\x00\x00\x00\x00\x00\x00...\x00\x00\x00\x00\x00\x00\x00}}
[DEBUG] HttpInputOverHTTP@376cf161[c=6,q=1,[0]=EOF,s=STREAM] read 1 from Content@2c47d16f{HeapByteBufferR@b9e0034[p=400,l=458,c=8192,r=58]={PUT /Echo...\nuname=<<<Jsoup&uname=Jonathan&%E7%...BA%A6%E4%B8%80%E4%B8%8B>>>\x00\x00\x00\x00\x00\x00\x00\x00\x00...\x00\x00\x00\x00\x00\x00\x00}}
[DEBUG] HttpInputOverHTTP@376cf161[c=7,q=1,[0]=EOF,s=STREAM] read 1 from Content@2c47d16f{HeapByteBufferR@b9e0034[p=401,l=458,c=8192,r=57]={PUT /Echo...uname=J<<<soup&uname=Jonathan&%E7%9...BA%A6%E4%B8%80%E4%B8%8B>>>\x00\x00\x00\x00\x00\x00\x00\x00\x00...\x00\x00\x00\x00\x00\x00\x00}}
[DEBUG] HttpInputOverHTTP@376cf161[c=8,q=1,[0]=EOF,s=STREAM] read 1 from Content@2c47d16f{HeapByteBufferR@b9e0034[p=402,l=458,c=8192,r=56]={PUT /Echo...name=Js<<<oup&uname=Jonathan&%E7%99...BA%A6%E4%B8%80%E4%B8%8B>>>\x00\x00\x00\x00\x00\x00\x00\x00\x00...\x00\x00\x00\x00\x00\x00\x00}}
[DEBUG] HttpInputOverHTTP@376cf161[c=9,q=1,[0]=EOF,s=STREAM] read 1 from Content@2c47d16f{HeapByteBufferR@b9e0034[p=403,l=458,c=8192,r=55]={PUT /Echo...ame=Jso<<<up&uname=Jonathan&%E7%99%...BA%A6%E4%B8%80%E4%B8%8B>>>\x00\x00\x00\x00\x00\x00\x00\x00\x00...\x00\x00\x00\x00\x00\x00\x00}}
[DEBUG] HttpInputOverHTTP@376cf161[c=10,q=1,[0]=EOF,s=STREAM] read 1 from Content@2c47d16f{HeapByteBufferR@b9e0034[p=404,l=458,c=8192,r=54]={PUT /Echo...me=Jsou<<<p&uname=Jonathan&%E7%99%B...BA%A6%E4%B8%80%E4%B8%8B>>>\x00\x00\x00\x00\x00\x00\x00\x00\x00...\x00\x00\x00\x00\x00\x00\x00}}
[DEBUG] HttpInputOverHTTP@376cf161[c=11,q=1,[0]=EOF,s=STREAM] read 1 from Content@2c47d16f{HeapByteBufferR@b9e0034[p=405,l=458,c=8192,r=53]={PUT /Echo...e=Jsoup<<<&uname=Jonathan&%E7%99%BE...BA%A6%E4%B8%80%E4%B8%8B>>>\x00\x00\x00\x00\x00\x00\x00\x00\x00...\x00\x00\x00\x00\x00\x00\x00}}
[DEBUG] HttpInputOverHTTP@376cf161[c=12,q=1,[0]=EOF,s=STREAM] read 1 from Content@2c47d16f{HeapByteBufferR@b9e0034[p=406,l=458,c=8192,r=52]={PUT /Echo...=Jsoup&<<<uname=Jonathan&%E7%99%BE=...BA%A6%E4%B8%80%E4%B8%8B>>>\x00\x00\x00\x00\x00\x00\x00\x00\x00...\x00\x00\x00\x00\x00\x00\x00}}
[DEBUG] HttpInputOverHTTP@376cf161[c=13,q=1,[0]=EOF,s=STREAM] read 1 from Content@2c47d16f{HeapByteBufferR@b9e0034[p=407,l=458,c=8192,r=51]={PUT /Echo...Jsoup&u<<<name=Jonathan&%E7%99%BE=%...BA%A6%E4%B8%80%E4%B8%8B>>>\x00\x00\x00\x00\x00\x00\x00\x00\x00...\x00\x00\x00\x00\x00\x00\x00}}
[DEBUG] HttpInputOverHTTP@376cf161[c=14,q=1,[0]=EOF,s=STREAM] read 1 from Content@2c47d16f{HeapByteBufferR@b9e0034[p=408,l=458,c=8192,r=50]={PUT /Echo...soup&un<<<ame=Jonathan&%E7%99%BE=%E...BA%A6%E4%B8%80%E4%B8%8B>>>\x00\x00\x00\x00\x00\x00\x00\x00\x00...\x00\x00\x00\x00\x00\x00\x00}}
[DEBUG] HttpInputOverHTTP@376cf161[c=15,q=1,[0]=EOF,s=STREAM] read 1 from Content@2c47d16f{HeapByteBufferR@b9e0034[p=409,l=458,c=8192,r=49]={PUT /Echo...oup&una<<<me=Jonathan&%E7%99%BE=%E5...BA%A6%E4%B8%80%E4%B8%8B>>>\x00\x00\x00\x00\x00\x00\x00\x00\x00...\x00\x00\x00\x00\x00\x00\x00}}
[DEBUG] HttpInputOverHTTP@376cf161[c=16,q=1,[0]=EOF,s=STREAM] read 1 from Content@2c47d16f{HeapByteBufferR@b9e0034[p=410,l=458,c=8192,r=48]={PUT /Echo...up&unam<<<e=Jonathan&%E7%99%BE=%E5%BA%A6%E4%B8%80%E4%B8%8B>>>\x00\x00\x00\x00\x00\x00\x00\x00\x00...\x00\x00\x00\x00\x00\x00\x00}}
[DEBUG] HttpInputOverHTTP@376cf161[c=17,q=1,[0]=EOF,s=STREAM] read 1 from Content@2c47d16f{HeapByteBufferR@b9e0034[p=411,l=458,c=8192,r=47]={PUT /Echo...p&uname<<<=Jonathan&%E7%99%BE=%E5%BA%A6%E4%B8%80%E4%B8%8B>>>\x00\x00\x00\x00\x00\x00\x00\x00\x00...\x00\x00\x00\x00\x00\x00\x00}}
[DEBUG] HttpInputOverHTTP@376cf161[c=18,q=1,[0]=EOF,s=STREAM] read 1 from Content@2c47d16f{HeapByteBufferR@b9e0034[p=412,l=458,c=8192,r=46]={PUT /Echo...&uname=<<<Jonathan&%E7%99%BE=%E5%BA%A6%E4%B8%80%E4%B8%8B>>>\x00\x00\x00\x00\x00\x00\x00\x00\x00...\x00\x00\x00\x00\x00\x00\x00}}
[DEBUG] HttpInputOverHTTP@376cf161[c=19,q=1,[0]=EOF,s=STREAM] read 1 from Content@2c47d16f{HeapByteBufferR@b9e0034[p=413,l=458,c=8192,r=45]={PUT /Echo...uname=J<<<onathan&%E7%99%BE=%E5%BA%A6%E4%B8%80%E4%B8%8B>>>\x00\x00\x00\x00\x00\x00\x00\x00\x00...\x00\x00\x00\x00\x00\x00\x00}}
[DEBUG] HttpInputOverHTTP@376cf161[c=20,q=1,[0]=EOF,s=STREAM] read 1 from Content@2c47d16f{HeapByteBufferR@b9e0034[p=414,l=458,c=8192,r=44]={PUT /Echo...name=Jo<<<nathan&%E7%99%BE=%E5%BA%A6%E4%B8%80%E4%B8%8B>>>\x00\x00\x00\x00\x00\x00\x00\x00\x00...\x00\x00\x00\x00\x00\x00\x00}}
[DEBUG] HttpInputOverHTTP@376cf161[c=21,q=1,[0]=EOF,s=STREAM] read 1 from Content@2c47d16f{HeapByteBufferR@b9e0034[p=415,l=458,c=8192,r=43]={PUT /Echo...ame=Jon<<<athan&%E7%99%BE=%E5%BA%A6%E4%B8%80%E4%B8%8B>>>\x00\x00\x00\x00\x00\x00\x00\x00\x00...\x00\x00\x00\x00\x00\x00\x00}}
[DEBUG] HttpInputOverHTTP@376cf161[c=22,q=1,[0]=EOF,s=STREAM] read 1 from Content@2c47d16f{HeapByteBufferR@b9e0034[p=416,l=458,c=8192,r=42]={PUT /Echo...me=Jona<<<than&%E7%99%BE=%E5%BA%A6%E4%B8%80%E4%B8%8B>>>\x00\x00\x00\x00\x00\x00\x00\x00\x00...\x00\x00\x00\x00\x00\x00\x00}}
[DEBUG] HttpInputOverHTTP@376cf161[c=23,q=1,[0]=EOF,s=STREAM] read 1 from Content@2c47d16f{HeapByteBufferR@b9e0034[p=417,l=458,c=8192,r=41]={PUT /Echo...e=Jonat<<<han&%E7%99%BE=%E5%BA%A6%E4%B8%80%E4%B8%8B>>>\x00\x00\x00\x00\x00\x00\x00\x00\x00...\x00\x00\x00\x00\x00\x00\x00}}
[DEBUG] HttpInputOverHTTP@376cf161[c=24,q=1,[0]=EOF,s=STREAM] read 1 from Content@2c47d16f{HeapByteBufferR@b9e0034[p=418,l=458,c=8192,r=40]={PUT /Echo...=Jonath<<<an&%E7%99%BE=%E5%BA%A6%E4%B8%80%E4%B8%8B>>>\x00\x00\x00\x00\x00\x00\x00\x00\x00...\x00\x00\x00\x00\x00\x00\x00}}
[DEBUG] HttpInputOverHTTP@376cf161[c=25,q=1,[0]=EOF,s=STREAM] read 1 from Content@2c47d16f{HeapByteBufferR@b9e0034[p=419,l=458,c=8192,r=39]={PUT /Echo...Jonatha<<<n&%E7%99%BE=%E5%BA%A6%E4%B8%80%E4%B8%8B>>>\x00\x00\x00\x00\x00\x00\x00\x00\x00...\x00\x00\x00\x00\x00\x00\x00}}
[DEBUG] HttpInputOverHTTP@376cf161[c=26,q=1,[0]=EOF,s=STREAM] read 1 from Content@2c47d16f{HeapByteBufferR@b9e0034[p=420,l=458,c=8192,r=38]={PUT /Echo...onathan<<<&%E7%99%BE=%E5%BA%A6%E4%B8%80%E4%B8%8B>>>\x00\x00\x00\x00\x00\x00\x00\x00\x00...\x00\x00\x00\x00\x00\x00\x00}}
[DEBUG] HttpInputOverHTTP@376cf161[c=27,q=1,[0]=EOF,s=STREAM] read 1 from Content@2c47d16f{HeapByteBufferR@b9e0034[p=421,l=458,c=8192,r=37]={PUT /Echo...nathan&<<<%E7%99%BE=%E5%BA%A6%E4%B8%80%E4%B8%8B>>>\x00\x00\x00\x00\x00\x00\x00\x00\x00...\x00\x00\x00\x00\x00\x00\x00}}
[DEBUG] HttpInputOverHTTP@376cf161[c=28,q=1,[0]=EOF,s=STREAM] read 1 from Content@2c47d16f{HeapByteBufferR@b9e0034[p=422,l=458,c=8192,r=36]={PUT /Echo...athan&%<<<E7%99%BE=%E5%BA%A6%E4%B8%80%E4%B8%8B>>>\x00\x00\x00\x00\x00\x00\x00\x00\x00...\x00\x00\x00\x00\x00\x00\x00}}
[DEBUG] HttpInputOverHTTP@376cf161[c=29,q=1,[0]=EOF,s=STREAM] read 1 from Content@2c47d16f{HeapByteBufferR@b9e0034[p=423,l=458,c=8192,r=35]={PUT /Echo...than&%E<<<7%99%BE=%E5%BA%A6%E4%B8%80%E4%B8%8B>>>\x00\x00\x00\x00\x00\x00\x00\x00\x00...\x00\x00\x00\x00\x00\x00\x00}}
[DEBUG] HttpInputOverHTTP@376cf161[c=30,q=1,[0]=EOF,s=STREAM] read 1 from Content@2c47d16f{HeapByteBufferR@b9e0034[p=424,l=458,c=8192,r=34]={PUT /Echo...han&%E7<<<%99%BE=%E5%BA%A6%E4%B8%80%E4%B8%8B>>>\x00\x00\x00\x00\x00\x00\x00\x00\x00...\x00\x00\x00\x00\x00\x00\x00}}
[DEBUG] HttpInputOverHTTP@376cf161[c=31,q=1,[0]=EOF,s=STREAM] read 1 from Content@2c47d16f{HeapByteBufferR@b9e0034[p=425,l=458,c=8192,r=33]={PUT /Echo...an&%E7%<<<99%BE=%E5%BA%A6%E4%B8%80%E4%B8%8B>>>\x00\x00\x00\x00\x00\x00\x00\x00\x00...\x00\x00\x00\x00\x00\x00\x00}}
[DEBUG] HttpInputOverHTTP@376cf161[c=32,q=1,[0]=EOF,s=STREAM] read 1 from Content@2c47d16f{HeapByteBufferR@b9e0034[p=426,l=458,c=8192,r=32]={PUT /Echo...n&%E7%9<<<9%BE=%E5%BA%A6%E4%B8%80%E4%B8%8B>>>\x00\x00\x00\x00\x00\x00\x00\x00\x00...\x00\x00\x00\x00\x00\x00\x00}}
[DEBUG] HttpInputOverHTTP@376cf161[c=33,q=1,[0]=EOF,s=STREAM] read 1 from Content@2c47d16f{HeapByteBufferR@b9e0034[p=427,l=458,c=8192,r=31]={PUT /Echo...&%E7%99<<<%BE=%E5%BA%A6%E4%B8%80%E4%B8%8B>>>\x00\x00\x00\x00\x00\x00\x00\x00\x00...\x00\x00\x00\x00\x00\x00\x00}}
[DEBUG] HttpInputOverHTTP@376cf161[c=34,q=1,[0]=EOF,s=STREAM] read 1 from Content@2c47d16f{HeapByteBufferR@b9e0034[p=428,l=458,c=8192,r=30]={PUT /Echo...%E7%99%<<<BE=%E5%BA%A6%E4%B8%80%E4%B8%8B>>>\x00\x00\x00\x00\x00\x00\x00\x00\x00...\x00\x00\x00\x00\x00\x00\x00}}
[DEBUG] HttpInputOverHTTP@376cf161[c=35,q=1,[0]=EOF,s=STREAM] read 1 from Content@2c47d16f{HeapByteBufferR@b9e0034[p=429,l=458,c=8192,r=29]={PUT /Echo...E7%99%B<<<E=%E5%BA%A6%E4%B8%80%E4%B8%8B>>>\x00\x00\x00\x00\x00\x00\x00\x00\x00...\x00\x00\x00\x00\x00\x00\x00}}
[DEBUG] HttpInputOverHTTP@376cf161[c=36,q=1,[0]=EOF,s=STREAM] read 1 from Content@2c47d16f{HeapByteBufferR@b9e0034[p=430,l=458,c=8192,r=28]={PUT /Echo...7%99%BE<<<=%E5%BA%A6%E4%B8%80%E4%B8%8B>>>\x00\x00\x00\x00\x00\x00\x00\x00\x00...\x00\x00\x00\x00\x00\x00\x00}}
[DEBUG] HttpInputOverHTTP@376cf161[c=37,q=1,[0]=EOF,s=STREAM] read 1 from Content@2c47d16f{HeapByteBufferR@b9e0034[p=431,l=458,c=8192,r=27]={PUT /Echo...%99%BE=<<<%E5%BA%A6%E4%B8%80%E4%B8%8B>>>\x00\x00\x00\x00\x00\x00\x00\x00\x00...\x00\x00\x00\x00\x00\x00\x00}}
[DEBUG] HttpInputOverHTTP@376cf161[c=38,q=1,[0]=EOF,s=STREAM] read 1 from Content@2c47d16f{HeapByteBufferR@b9e0034[p=432,l=458,c=8192,r=26]={PUT /Echo...99%BE=%<<<E5%BA%A6%E4%B8%80%E4%B8%8B>>>\x00\x00\x00\x00\x00\x00\x00\x00\x00...\x00\x00\x00\x00\x00\x00\x00}}
[DEBUG] HttpInputOverHTTP@376cf161[c=39,q=1,[0]=EOF,s=STREAM] read 1 from Content@2c47d16f{HeapByteBufferR@b9e0034[p=433,l=458,c=8192,r=25]={PUT /Echo...9%BE=%E<<<5%BA%A6%E4%B8%80%E4%B8%8B>>>\x00\x00\x00\x00\x00\x00\x00\x00\x00...\x00\x00\x00\x00\x00\x00\x00}}
[DEBUG] HttpInputOverHTTP@376cf161[c=40,q=1,[0]=EOF,s=STREAM] read 1 from Content@2c47d16f{HeapByteBufferR@b9e0034[p=434,l=458,c=8192,r=24]={PUT /Echo...%BE=%E5<<<%BA%A6%E4%B8%80%E4%B8%8B>>>\x00\x00\x00\x00\x00\x00\x00\x00\x00...\x00\x00\x00\x00\x00\x00\x00}}
[DEBUG] HttpInputOverHTTP@376cf161[c=41,q=1,[0]=EOF,s=STREAM] read 1 from Content@2c47d16f{HeapByteBufferR@b9e0034[p=435,l=458,c=8192,r=23]={PUT /Echo...BE=%E5%<<<BA%A6%E4%B8%80%E4%B8%8B>>>\x00\x00\x00\x00\x00\x00\x00\x00\x00...\x00\x00\x00\x00\x00\x00\x00}}
[DEBUG] HttpInputOverHTTP@376cf161[c=42,q=1,[0]=EOF,s=STREAM] read 1 from Content@2c47d16f{HeapByteBufferR@b9e0034[p=436,l=458,c=8192,r=22]={PUT /Echo...E=%E5%B<<<A%A6%E4%B8%80%E4%B8%8B>>>\x00\x00\x00\x00\x00\x00\x00\x00\x00...\x00\x00\x00\x00\x00\x00\x00}}
[DEBUG] HttpInputOverHTTP@376cf161[c=43,q=1,[0]=EOF,s=STREAM] read 1 from Content@2c47d16f{HeapByteBufferR@b9e0034[p=437,l=458,c=8192,r=21]={PUT /Echo...=%E5%BA<<<%A6%E4%B8%80%E4%B8%8B>>>\x00\x00\x00\x00\x00\x00\x00\x00\x00...\x00\x00\x00\x00\x00\x00\x00}}
[DEBUG] HttpInputOverHTTP@376cf161[c=44,q=1,[0]=EOF,s=STREAM] read 1 from Content@2c47d16f{HeapByteBufferR@b9e0034[p=438,l=458,c=8192,r=20]={PUT /Echo...%E5%BA%<<<A6%E4%B8%80%E4%B8%8B>>>\x00\x00\x00\x00\x00\x00\x00\x00\x00...\x00\x00\x00\x00\x00\x00\x00}}
[DEBUG] HttpInputOverHTTP@376cf161[c=45,q=1,[0]=EOF,s=STREAM] read 1 from Content@2c47d16f{HeapByteBufferR@b9e0034[p=439,l=458,c=8192,r=19]={PUT /Echo...E5%BA%A<<<6%E4%B8%80%E4%B8%8B>>>\x00\x00\x00\x00\x00\x00\x00\x00\x00...\x00\x00\x00\x00\x00\x00\x00}}
[DEBUG] HttpInputOverHTTP@376cf161[c=46,q=1,[0]=EOF,s=STREAM] read 1 from Content@2c47d16f{HeapByteBufferR@b9e0034[p=440,l=458,c=8192,r=18]={PUT /Echo...5%BA%A6<<<%E4%B8%80%E4%B8%8B>>>\x00\x00\x00\x00\x00\x00\x00\x00\x00...\x00\x00\x00\x00\x00\x00\x00}}
[DEBUG] HttpInputOverHTTP@376cf161[c=47,q=1,[0]=EOF,s=STREAM] read 1 from Content@2c47d16f{HeapByteBufferR@b9e0034[p=441,l=458,c=8192,r=17]={PUT /Echo...%BA%A6%<<<E4%B8%80%E4%B8%8B>>>\x00\x00\x00\x00\x00\x00\x00\x00\x00...\x00\x00\x00\x00\x00\x00\x00}}
[DEBUG] HttpInputOverHTTP@376cf161[c=48,q=1,[0]=EOF,s=STREAM] read 1 from Content@2c47d16f{HeapByteBufferR@b9e0034[p=442,l=458,c=8192,r=16]={PUT /Echo...BA%A6%E<<<4%B8%80%E4%B8%8B>>>\x00\x00\x00\x00\x00\x00\x00\x00\x00...\x00\x00\x00\x00\x00\x00\x00}}
[DEBUG] HttpInputOverHTTP@376cf161[c=49,q=1,[0]=EOF,s=STREAM] read 1 from Content@2c47d16f{HeapByteBufferR@b9e0034[p=443,l=458,c=8192,r=15]={PUT /Echo...A%A6%E4<<<%B8%80%E4%B8%8B>>>\x00\x00\x00\x00\x00\x00\x00\x00\x00...\x00\x00\x00\x00\x00\x00\x00}}
[DEBUG] HttpInputOverHTTP@376cf161[c=50,q=1,[0]=EOF,s=STREAM] read 1 from Content@2c47d16f{HeapByteBufferR@b9e0034[p=444,l=458,c=8192,r=14]={PUT /Echo...%A6%E4%<<<B8%80%E4%B8%8B>>>\x00\x00\x00\x00\x00\x00\x00\x00\x00...\x00\x00\x00\x00\x00\x00\x00}}
[DEBUG] HttpInputOverHTTP@376cf161[c=51,q=1,[0]=EOF,s=STREAM] read 1 from Content@2c47d16f{HeapByteBufferR@b9e0034[p=445,l=458,c=8192,r=13]={PUT /Echo...A6%E4%B<<<8%80%E4%B8%8B>>>\x00\x00\x00\x00\x00\x00\x00\x00\x00...\x00\x00\x00\x00\x00\x00\x00}}
[DEBUG] HttpInputOverHTTP@376cf161[c=52,q=1,[0]=EOF,s=STREAM] read 1 from Content@2c47d16f{HeapByteBufferR@b9e0034[p=446,l=458,c=8192,r=12]={PUT /Echo...6%E4%B8<<<%80%E4%B8%8B>>>\x00\x00\x00\x00\x00\x00\x00\x00\x00...\x00\x00\x00\x00\x00\x00\x00}}
[DEBUG] HttpInputOverHTTP@376cf161[c=53,q=1,[0]=EOF,s=STREAM] read 1 from Content@2c47d16f{HeapByteBufferR@b9e0034[p=447,l=458,c=8192,r=11]={PUT /Echo...%E4%B8%<<<80%E4%B8%8B>>>\x00\x00\x00\x00\x00\x00\x00\x00\x00...\x00\x00\x00\x00\x00\x00\x00}}
[DEBUG] HttpInputOverHTTP@376cf161[c=54,q=1,[0]=EOF,s=STREAM] read 1 from Content@2c47d16f{HeapByteBufferR@b9e0034[p=448,l=458,c=8192,r=10]={PUT /Echo...E4%B8%8<<<0%E4%B8%8B>>>\x00\x00\x00\x00\x00\x00\x00\x00\x00...\x00\x00\x00\x00\x00\x00\x00}}
[DEBUG] HttpInputOverHTTP@376cf161[c=55,q=1,[0]=EOF,s=STREAM] read 1 from Content@2c47d16f{HeapByteBufferR@b9e0034[p=449,l=458,c=8192,r=9]={PUT /Echo...4%B8%80<<<%E4%B8%8B>>>\x00\x00\x00\x00\x00\x00\x00\x00\x00...\x00\x00\x00\x00\x00\x00\x00}}
[DEBUG] HttpInputOverHTTP@376cf161[c=56,q=1,[0]=EOF,s=STREAM] read 1 from Content@2c47d16f{HeapByteBufferR@b9e0034[p=450,l=458,c=8192,r=8]={PUT /Echo...%B8%80%<<<E4%B8%8B>>>\x00\x00\x00\x00\x00\x00\x00\x00\x00...\x00\x00\x00\x00\x00\x00\x00}}
[DEBUG] HttpInputOverHTTP@376cf161[c=57,q=1,[0]=EOF,s=STREAM] read 1 from Content@2c47d16f{HeapByteBufferR@b9e0034[p=451,l=458,c=8192,r=7]={PUT /Echo...B8%80%E<<<4%B8%8B>>>\x00\x00\x00\x00\x00\x00\x00\x00\x00...\x00\x00\x00\x00\x00\x00\x00}}
[DEBUG] HttpInputOverHTTP@376cf161[c=58,q=1,[0]=EOF,s=STREAM] read 1 from Content@2c47d16f{HeapByteBufferR@b9e0034[p=452,l=458,c=8192,r=6]={PUT /Echo...8%80%E4<<<%B8%8B>>>\x00\x00\x00\x00\x00\x00\x00\x00\x00...\x00\x00\x00\x00\x00\x00\x00}}
[DEBUG] HttpInputOverHTTP@376cf161[c=59,q=1,[0]=EOF,s=STREAM] read 1 from Content@2c47d16f{HeapByteBufferR@b9e0034[p=453,l=458,c=8192,r=5]={PUT /Echo...%80%E4%<<<B8%8B>>>\x00\x00\x00\x00\x00\x00\x00\x00\x00...\x00\x00\x00\x00\x00\x00\x00}}
[DEBUG] HttpInputOverHTTP@376cf161[c=60,q=1,[0]=EOF,s=STREAM] read 1 from Content@2c47d16f{HeapByteBufferR@b9e0034[p=454,l=458,c=8192,r=4]={PUT /Echo...80%E4%B<<<8%8B>>>\x00\x00\x00\x00\x00\x00\x00\x00\x00...\x00\x00\x00\x00\x00\x00\x00}}
[DEBUG] HttpInputOverHTTP@376cf161[c=61,q=1,[0]=EOF,s=STREAM] read 1 from Content@2c47d16f{HeapByteBufferR@b9e0034[p=455,l=458,c=8192,r=3]={PUT /Echo...0%E4%B8<<<%8B>>>\x00\x00\x00\x00\x00\x00\x00\x00\x00...\x00\x00\x00\x00\x00\x00\x00}}
[DEBUG] HttpInputOverHTTP@376cf161[c=62,q=1,[0]=EOF,s=STREAM] read 1 from Content@2c47d16f{HeapByteBufferR@b9e0034[p=456,l=458,c=8192,r=2]={PUT /Echo...%E4%B8%<<<8B>>>\x00\x00\x00\x00\x00\x00\x00\x00\x00...\x00\x00\x00\x00\x00\x00\x00}}
[DEBUG] HttpInputOverHTTP@376cf161[c=63,q=1,[0]=EOF,s=STREAM] read 1 from Content@2c47d16f{HeapByteBufferR@b9e0034[p=457,l=458,c=8192,r=1]={PUT /Echo...E4%B8%8<<<B>>>\x00\x00\x00\x00\x00\x00\x00\x00\x00...\x00\x00\x00\x00\x00\x00\x00}}
[DEBUG] HttpInputOverHTTP@376cf161[c=64,q=1,[0]=EOF,s=STREAM] read 1 from Content@2c47d16f{HeapByteBufferR@b9e0034[p=458,l=458,c=8192,r=0]={PUT /Echo...4%B8%8B<<<>>>\x00\x00\x00\x00\x00\x00\x00\x00\x00...\x00\x00\x00\x00\x00\x00\x00}}
[DEBUG] releaseRequestBuffer HttpConnection@3e7171e5::SocketChannelEndPoint@3d491fad{l=/127.0.0.1:35372,r=/127.0.0.1:60190,OPEN,fill=-,flush=-,to=10/30000}{io=0/0,kio=0,kro=1}->HttpConnection@3e7171e5[p=HttpParser{s=END,64 of 64},g=HttpGenerator@274dcaa5{s=START}]=>HttpChannelOverHttp@36eb5f45{s=HttpChannelState@23232c72{s=HANDLING rs=BLOCKING os=OPEN is=IDLE awp=false se=false i=true al=0},r=45,c=false/false,a=HANDLING,uri=//localhost:35372/EchoServlet,age=10}
[DEBUG] onEof HttpChannelState@23232c72{s=HANDLING rs=BLOCKING os=OPEN is=IDLE awp=false se=false i=true al=0}
[DEBUG] write(array HeapByteBuffer@5a6d9bf6[p=0,l=47,c=512,r=47]={<<<<tr><th>uname</th><td>Jsoup, Jonathan</td></tr>>>>form-urle...\x00\x00\x00\x00\x00\x00\x00})
[DEBUG] write(array) s=OPEN,api=BLOCKING,sc=false,e=null aggregated !flush DirectByteBuffer@341ca971[p=0,l=1012,c=32768,r=1012]={<<<<title>Webserver Environm...oup, Jonathan</td></tr>>>>>Post Dat...gue. Pr}
[DEBUG] write(array HeapByteBuffer@2d7dc3a7[p=0,l=1,c=512,r=1]={<<<\n>>>tr><th>un...\x00\x00\x00\x00\x00\x00\x00})
[DEBUG] write(array) s=OPEN,api=BLOCKING,sc=false,e=null aggregated !flush DirectByteBuffer@341ca971[p=0,l=1013,c=32768,r=1013]={<<<<title>Webserver Environm...up, Jonathan</td></tr>\n>>>Post Data...gue. Pr}
[DEBUG] write(array HeapByteBuffer@3f23a3ce[p=0,l=39,c=512,r=39]={<<<<tr><th>\xE7\x99\xBe</th><td>\xE5\xBa\xA6\xE4\xB8\x80\xE4\xB8\x8b</td></tr>>>>td></tr>f...\x00\x00\x00\x00\x00\x00\x00})
[DEBUG] write(array) s=OPEN,api=BLOCKING,sc=false,e=null aggregated !flush DirectByteBuffer@341ca971[p=0,l=1052,c=32768,r=1052]={<<<<title>Webserver Environm...<td>\xE5\xBa\xA6\xE4\xB8\x80\xE4\xB8\x8b</td></tr>>>>\n</table>...gue. Pr}
[DEBUG] write(array HeapByteBuffer@44478bbe[p=0,l=1,c=512,r=1]={<<<\n>>>tr><th>\xE7\x99...\x00\x00\x00\x00\x00\x00\x00})
[DEBUG] write(array) s=OPEN,api=BLOCKING,sc=false,e=null aggregated !flush DirectByteBuffer@341ca971[p=0,l=1053,c=32768,r=1053]={<<<<title>Webserver Environm...td>\xE5\xBa\xA6\xE4\xB8\x80\xE4\xB8\x8b</td></tr>\n>>></table>\n...gue. Pr}
[DEBUG] onEof HttpChannelState@23232c72{s=HANDLING rs=BLOCKING os=OPEN is=READY awp=false se=false i=true al=0}
[DEBUG] write(array HeapByteBuffer@72431aeb[p=0,l=8,c=512,r=8]={<<<</table>>>>\xE7\x99\xBe</th><...\x00\x00\x00\x00\x00\x00\x00})
[DEBUG] write(array) s=OPEN,api=BLOCKING,sc=false,e=null aggregated !flush DirectByteBuffer@341ca971[p=0,l=1061,c=32768,r=1061]={<<<<title>Webserver Environm...\x80\xE4\xB8\x8b</td></tr>\n</table>>>>\nimenaeos...gue. Pr}
[DEBUG] write(array HeapByteBuffer@31e09fff[p=0,l=1,c=512,r=1]={<<<\n>>>/table>\xE7\x99...\x00\x00\x00\x00\x00\x00\x00})
[DEBUG] write(array) s=OPEN,api=BLOCKING,sc=false,e=null aggregated !flush DirectByteBuffer@341ca971[p=0,l=1062,c=32768,r=1062]={<<<<title>Webserver Environm...\xE4\xB8\x8b</td></tr>\n</table>\n>>>imenaeos....gue. Pr}
[DEBUG] handled=true async=false committed=false on HttpChannelOverHttp@36eb5f45{s=HttpChannelState@23232c72{s=HANDLING rs=BLOCKING os=OPEN is=READY awp=false se=false i=true al=0},r=45,c=false/false,a=HANDLING,uri=//localhost:35372/EchoServlet,age=14}
[DEBUG] unhandle HttpChannelState@23232c72{s=HANDLING rs=BLOCKING os=OPEN is=READY awp=false se=false i=true al=0}
[DEBUG] nextAction(false) COMPLETE HttpChannelState@23232c72{s=HANDLING rs=COMPLETING os=OPEN is=READY awp=false se=false i=false al=0}
[DEBUG] action COMPLETE HttpChannelOverHttp@36eb5f45{s=HttpChannelState@23232c72{s=HANDLING rs=COMPLETING os=OPEN is=READY awp=false se=false i=false al=0},r=45,c=false/false,a=HANDLING,uri=//localhost:35372/EchoServlet,age=14}
[DEBUG] complete(org.eclipse.jetty.util.Callback$3@137f77de) s=CLOSING,api=BLOCKED,sc=false,e=null s=false e=null, c=DirectByteBuffer@341ca971[p=0,l=1062,c=32768,r=1062]={<<<<title>Webserver Environm...\xE4\xB8\x8b</td></tr>\n</table>\n>>>imenaeos....gue. Pr}
[DEBUG] sendResponse info=null content=DirectByteBuffer@341ca971[p=0,l=1062,c=32768,r=1062]={<<<<title>Webserver Environm...\xE4\xB8\x8b</td></tr>\n</table>\n>>>imenaeos....gue. Pr} complete=true committing=true callback=org.eclipse.jetty.server.HttpOutput$WriteCompleteCB@6b1d0474
[DEBUG] COMMIT for /EchoServlet on HttpChannelOverHttp@36eb5f45{s=HttpChannelState@23232c72{s=HANDLING rs=COMPLETING os=COMMITTED is=READY awp=false se=false i=false al=0},r=45,c=false/false,a=HANDLING,uri=//localhost:35372/EchoServlet,age=14}
200 null HTTP/1.1
Date: Tue, 28 Sep 2021 06:03:32 GMT
Content-Type: text/html;charset=utf-8
Cache-Control: no-cache
Cache-Control: no-store


[DEBUG] generate: NEED_HEADER for SendCallback@410c6bef[PROCESSING][i=HTTP/1.1{s=200,h=4,cl=-1},cb=org.eclipse.jetty.server.HttpChannel$SendCallback@163cfbe] (null,[p=0,l=1062,c=32768,r=1062],true)@START
[DEBUG] generateHeaders HTTP/1.1{s=200,h=4,cl=-1} last=true content=DirectByteBuffer@341ca971[p=0,l=1062,c=32768,r=1062]={<<<<title>Webserver Environm...\xE4\xB8\x8b</td></tr>\n</table>\n>>>imenaeos....gue. Pr}
[DEBUG] Date: Tue, 28 Sep 2021 06:03:32 GMT
Content-Type: text/html;charset=utf-8
Cache-Control: no-cache
Cache-Control: no-store


[DEBUG] CONTENT_LENGTH
[DEBUG] generate: FLUSH for SendCallback@410c6bef[PROCESSING][i=HTTP/1.1{s=200,h=4,cl=-1},cb=org.eclipse.jetty.server.HttpChannel$SendCallback@163cfbe] ([p=0,l=200,c=8192,r=200],[p=0,l=1062,c=32768,r=1062],true)@COMPLETING
[DEBUG] write: WriteFlusher@2071150d{IDLE}->null [HeapByteBuffer@2a66826a[p=0,l=200,c=8192,r=200]={<<<HTTP/1.1 200 OK\r\nDate: Tu...y(9.4.43.v20210629)\r\n\r\n>>>ko) Chrom...\x86&h\xA0{\xC1\xC2},DirectByteBuffer@341ca971[p=0,l=1062,c=32768,r=1062]={<<<<title>Webserver Environm...\xE4\xB8\x8b</td></tr>\n</table>\n>>>imenaeos....gue. Pr}]
[DEBUG] update WriteFlusher@2071150d{WRITING}->null:IDLE-->WRITING
]]></system-out>
  </testcase>
  <testcase name="testParseRss" classname="org.jsoup.integration.ConnectTest" time="0.01">
    <system-out><![CDATA[[DEBUG] flushed 1262 SocketChannelEndPoint@3d491fad{l=/127.0.0.1:35372,r=/127.0.0.1:60190,OPEN,fill=-,flush=W,to=23/30000}{io=0/0,kio=0,kro=1}->HttpConnection@3e7171e5[p=HttpParser{s=END,64 of 64},g=HttpGenerator@274dcaa5{s=COMPLETING}]=>HttpChannelOverHttp@36eb5f45{s=HttpChannelState@23232c72{s=HANDLING rs=COMPLETING os=COMMITTED is=READY awp=false se=false i=false al=0},r=45,c=false/false,a=HANDLING,uri=//localhost:35372/EchoServlet,age=22}
[DEBUG] Flushed=true written=1262 remaining=0 WriteFlusher@2071150d{WRITING}->null
[DEBUG] update WriteFlusher@2071150d{IDLE}->null:WRITING-->IDLE
[DEBUG] generate: DONE for SendCallback@410c6bef[PROCESSING][i=HTTP/1.1{s=200,h=4,cl=-1},cb=org.eclipse.jetty.server.HttpChannel$SendCallback@163cfbe] ([p=200,l=200,c=8192,r=0],[p=1062,l=1062,c=32768,r=0],true)@END
[DEBUG] onWriteComplete(true,null) s=CLOSING,api=BLOCKED,sc=false,e=null->s=CLOSED,api=BLOCKING,sc=false,e=null c=null cb=org.eclipse.jetty.util.Callback$3@137f77de w=false
[DEBUG] completed HttpChannelState@23232c72{s=HANDLING rs=COMPLETING os=COMPLETED is=READY awp=false se=false i=false al=0}
[DEBUG] unhandle HttpChannelState@23232c72{s=HANDLING rs=COMPLETED os=COMPLETED is=READY awp=false se=false i=false al=0}
[DEBUG] nextAction(false) TERMINATED HttpChannelState@23232c72{s=IDLE rs=COMPLETED os=COMPLETED is=READY awp=false se=false i=false al=0}
[DEBUG] action TERMINATED HttpChannelOverHttp@36eb5f45{s=HttpChannelState@23232c72{s=IDLE rs=COMPLETED os=COMPLETED is=READY awp=false se=false i=false al=0},r=45,c=true/true,a=IDLE,uri=//localhost:35372/EchoServlet,age=23}
[DEBUG] onCompleted for /EchoServlet written=1062
[DEBUG] recycle HttpChannelState@23232c72{s=IDLE rs=COMPLETED os=COMPLETED is=READY awp=false se=false i=false al=0}
[DEBUG] reset HttpParser{s=END,64 of 64}
[DEBUG] END --> START
[DEBUG] !handle TERMINATED HttpChannelOverHttp@36eb5f45{s=HttpChannelState@23232c72{s=IDLE rs=BLOCKING os=OPEN is=IDLE awp=false se=false i=true al=0},r=45,c=false/false,a=IDLE,uri=null,age=0}
[DEBUG] filled 349 HeapByteBuffer@460916c[p=0,l=349,c=8192,r=349]={<<<GET /FileServlet/htmltest...nection: keep-alive\r\n\r\n>>>h: 11\r\n\r\n...\x00\x00\x00\x00\x00\x00\x00}
[DEBUG] HttpConnection@3e7171e5::SocketChannelEndPoint@3d491fad{l=/127.0.0.1:35372,r=/127.0.0.1:60190,OPEN,fill=-,flush=-,to=0/30000}{io=0/0,kio=0,kro=1}->HttpConnection@3e7171e5[p=HttpParser{s=START,0 of -1},g=HttpGenerator@274dcaa5{s=START}]=>HttpChannelOverHttp@36eb5f45{s=HttpChannelState@23232c72{s=IDLE rs=BLOCKING os=OPEN is=IDLE awp=false se=false i=true al=0},r=45,c=false/false,a=IDLE,uri=null,age=0} filled 349 HeapByteBuffer@460916c[p=0,l=349,c=8192,r=349]={<<<GET /FileServlet/htmltest...nection: keep-alive\r\n\r\n>>>h: 11\r\n\r\n...\x00\x00\x00\x00\x00\x00\x00}
[DEBUG] HttpConnection@3e7171e5::SocketChannelEndPoint@3d491fad{l=/127.0.0.1:35372,r=/127.0.0.1:60190,OPEN,fill=-,flush=-,to=0/30000}{io=0/0,kio=0,kro=1}->HttpConnection@3e7171e5[p=HttpParser{s=START,0 of -1},g=HttpGenerator@274dcaa5{s=START}]=>HttpChannelOverHttp@36eb5f45{s=HttpChannelState@23232c72{s=IDLE rs=BLOCKING os=OPEN is=IDLE awp=false se=false i=true al=0},r=45,c=false/false,a=IDLE,uri=null,age=0} parse HeapByteBuffer@460916c[p=0,l=349,c=8192,r=349]={<<<GET /FileServlet/htmltest...nection: keep-alive\r\n\r\n>>>h: 11\r\n\r\n...\x00\x00\x00\x00\x00\x00\x00} {}
[DEBUG] parseNext s=START HeapByteBuffer@460916c[p=0,l=349,c=8192,r=349]={<<<GET /FileServlet/htmltest...nection: keep-alive\r\n\r\n>>>h: 11\r\n\r\n...\x00\x00\x00\x00\x00\x00\x00}
[DEBUG] START --> SPACE1
[DEBUG] SPACE1 --> URI
[DEBUG] URI --> SPACE2
[DEBUG] SPACE2 --> REQUEST_VERSION
[DEBUG] REQUEST_VERSION --> HEADER
[DEBUG] HEADER:Accept-Encoding: gzip --> IN_VALUE
[DEBUG] HEADER:Accept-Encoding: gzip --> FIELD
[DEBUG] HEADER:User-Agent: Mozilla/5.0 (Windows NT 10.0; Win64; x64) AppleWebKit/537.36 (KHTML, like Gecko) Chrome/79.0.3945.130 Safari/537.36 --> IN_VALUE
[DEBUG] HEADER:User-Agent: Mozilla/5.0 (Windows NT 10.0; Win64; x64) AppleWebKit/537.36 (KHTML, like Gecko) Chrome/79.0.3945.130 Safari/537.36 --> FIELD
[DEBUG] HEADER:Host: localhost:35372 --> IN_VALUE
[DEBUG] HEADER:Host: localhost:35372 --> FIELD
[DEBUG] HEADER:Accept: text/html, image/gif, image/jpeg, *; q=.2, */*; q=.2 --> IN_VALUE
[DEBUG] HEADER:Accept: text/html, image/gif, image/jpeg, *; q=.2, */*; q=.2 --> FIELD
[DEBUG] HEADER:Connection: keep-alive --> IN_VALUE
[DEBUG] HEADER:Connection: keep-alive --> FIELD
[DEBUG] HEADER --> CONTENT
[DEBUG] REQUEST for //localhost:35372/FileServlet/htmltests/test-rss.xml?contentType=application%2Frss%2Bxml on HttpChannelOverHttp@36eb5f45{s=HttpChannelState@23232c72{s=IDLE rs=BLOCKING os=OPEN is=IDLE awp=false se=false i=true al=0},r=46,c=false/false,a=IDLE,uri=//localhost:35372/FileServlet/htmltests/test-rss.xml?contentType=application%2Frss%2Bxml,age=0}
GET //localhost:35372/FileServlet/htmltests/test-rss.xml?contentType=application%2Frss%2Bxml HTTP/1.1
Accept-Encoding: gzip
User-Agent: Mozilla/5.0 (Windows NT 10.0; Win64; x64) AppleWebKit/537.36 (KHTML, like Gecko) Chrome/79.0.3945.130 Safari/537.36
Host: localhost:35372
Accept: text/html, image/gif, image/jpeg, *; q=.2, */*; q=.2
Connection: keep-alive


[DEBUG] HttpConnection@3e7171e5::SocketChannelEndPoint@3d491fad{l=/127.0.0.1:35372,r=/127.0.0.1:60190,OPEN,fill=-,flush=-,to=0/30000}{io=0/0,kio=0,kro=1}->HttpConnection@3e7171e5[p=HttpParser{s=CONTENT,0 of -1},g=HttpGenerator@274dcaa5{s=START}]=>HttpChannelOverHttp@36eb5f45{s=HttpChannelState@23232c72{s=IDLE rs=BLOCKING os=OPEN is=IDLE awp=false se=false i=true al=0},r=46,c=false/false,a=IDLE,uri=//localhost:35372/FileServlet/htmltests/test-rss.xml?contentType=application%2Frss%2Bxml,age=0} parsed true HttpParser{s=CONTENT,0 of -1}
[DEBUG] releaseRequestBuffer HttpConnection@3e7171e5::SocketChannelEndPoint@3d491fad{l=/127.0.0.1:35372,r=/127.0.0.1:60190,OPEN,fill=-,flush=-,to=0/30000}{io=0/0,kio=0,kro=1}->HttpConnection@3e7171e5[p=HttpParser{s=CONTENT,0 of -1},g=HttpGenerator@274dcaa5{s=START}]=>HttpChannelOverHttp@36eb5f45{s=HttpChannelState@23232c72{s=IDLE rs=BLOCKING os=OPEN is=IDLE awp=false se=false i=true al=0},r=46,c=false/false,a=IDLE,uri=//localhost:35372/FileServlet/htmltests/test-rss.xml?contentType=application%2Frss%2Bxml,age=0}
[DEBUG] handle //localhost:35372/FileServlet/htmltests/test-rss.xml?contentType=application%2Frss%2Bxml HttpChannelOverHttp@36eb5f45{s=HttpChannelState@23232c72{s=IDLE rs=BLOCKING os=OPEN is=IDLE awp=false se=false i=true al=0},r=46,c=false/false,a=IDLE,uri=//localhost:35372/FileServlet/htmltests/test-rss.xml?contentType=application%2Frss%2Bxml,age=0} 
[DEBUG] handling HttpChannelState@23232c72{s=IDLE rs=BLOCKING os=OPEN is=IDLE awp=false se=false i=true al=0}
[DEBUG] action DISPATCH HttpChannelOverHttp@36eb5f45{s=HttpChannelState@23232c72{s=HANDLING rs=BLOCKING os=OPEN is=IDLE awp=false se=false i=true al=0},r=46,c=false/false,a=HANDLING,uri=//localhost:35372/FileServlet/htmltests/test-rss.xml?contentType=application%2Frss%2Bxml,age=0}
[DEBUG] REQUEST GET /FileServlet/htmltests/test-rss.xml on HttpChannelOverHttp@36eb5f45{s=HttpChannelState@23232c72{s=HANDLING rs=BLOCKING os=OPEN is=IDLE awp=false se=false i=true al=0},r=46,c=false/false,a=HANDLING,uri=//localhost:35372/FileServlet/htmltests/test-rss.xml?contentType=application%2Frss%2Bxml,age=0}
[DEBUG] servlet null|/FileServlet|/htmltests/test-rss.xml -> org.jsoup.integration.servlets.FileServlet-60dce7ea==org.jsoup.integration.servlets.FileServlet@c786463a{jsp=null,order=-1,inst=true,async=true,src=EMBEDDED:null,STARTED}
[DEBUG] chain=null
[DEBUG] write(array HeapByteBuffer@3449b70a[p=0,l=808,c=8192,r=808]={<<<<?xml version="1.0" encod...>\n  </channel>\n\n</rss>\n>>>\x00\x00\x00\x00\x00\x00\x00\x00\x00...\x00\x00\x00\x00\x00\x00\x00})
[DEBUG] write(array) s=OPEN,api=BLOCKING,sc=false,e=null aggregated !flush DirectByteBuffer@6ae05ec4[p=0,l=808,c=32768,r=808]={<<<<?xml version="1.0" encod...>\n  </channel>\n\n</rss>\n>>>e</th><td...gue. Pr}
[DEBUG] sendResponse info=null content=DirectByteBuffer@6ae05ec4[p=0,l=808,c=32768,r=808]={<<<<?xml version="1.0" encod...>\n  </channel>\n\n</rss>\n>>>e</th><td...gue. Pr} complete=false committing=true callback=Blocker@7cb7664d{null}
[DEBUG] COMMIT for /FileServlet/htmltests/test-rss.xml on HttpChannelOverHttp@36eb5f45{s=HttpChannelState@23232c72{s=HANDLING rs=BLOCKING os=COMMITTED is=IDLE awp=false se=false i=true al=0},r=46,c=false/false,a=HANDLING,uri=//localhost:35372/FileServlet/htmltests/test-rss.xml?contentType=application%2Frss%2Bxml,age=1}
200 null HTTP/1.1
Date: Tue, 28 Sep 2021 06:03:32 GMT
Content-Type: application/rss+xml


[DEBUG] generate: NEED_HEADER for SendCallback@410c6bef[PROCESSING][i=HTTP/1.1{s=200,h=2,cl=-1},cb=org.eclipse.jetty.server.HttpChannel$SendCallback@5ce0f7da] (null,[p=0,l=808,c=32768,r=808],false)@START
[DEBUG] generateHeaders HTTP/1.1{s=200,h=2,cl=-1} last=false content=DirectByteBuffer@6ae05ec4[p=0,l=808,c=32768,r=808]={<<<<?xml version="1.0" encod...>\n  </channel>\n\n</rss>\n>>>e</th><td...gue. Pr}
[DEBUG] Date: Tue, 28 Sep 2021 06:03:32 GMT
Content-Type: application/rss+xml


[DEBUG] CHUNKED_CONTENT
[DEBUG] generate: FLUSH for SendCallback@410c6bef[PROCESSING][i=HTTP/1.1{s=200,h=2,cl=-1},cb=org.eclipse.jetty.server.HttpChannel$SendCallback@5ce0f7da] ([p=0,l=157,c=8192,r=157],[p=0,l=808,c=32768,r=808],false)@COMMITTED
[DEBUG] write: WriteFlusher@2071150d{IDLE}->null [HeapByteBuffer@1ef04a69[p=0,l=157,c=8192,r=157]={<<<HTTP/1.1 200 OK\r\nDate: Tu....43.v20210629)\r\n\r\n328\r\n>>>ecko) Chr...\x00\x00\x00\x00\x00\x00\x00},DirectByteBuffer@6ae05ec4[p=0,l=808,c=32768,r=808]={<<<<?xml version="1.0" encod...>\n  </channel>\n\n</rss>\n>>>e</th><td...gue. Pr}]
[DEBUG] update WriteFlusher@2071150d{WRITING}->null:IDLE-->WRITING
[DEBUG] flushed 965 SocketChannelEndPoint@3d491fad{l=/127.0.0.1:35372,r=/127.0.0.1:60190,OPEN,fill=-,flush=W,to=6/30000}{io=0/0,kio=0,kro=1}->HttpConnection@3e7171e5[p=HttpParser{s=CONTENT,0 of -1},g=HttpGenerator@274dcaa5{s=COMMITTED}]=>HttpChannelOverHttp@36eb5f45{s=HttpChannelState@23232c72{s=HANDLING rs=BLOCKING os=COMMITTED is=IDLE awp=false se=false i=true al=0},r=46,c=false/false,a=HANDLING,uri=//localhost:35372/FileServlet/htmltests/test-rss.xml?contentType=application%2Frss%2Bxml,age=6}
[DEBUG] Flushed=true written=965 remaining=0 WriteFlusher@2071150d{WRITING}->null
[DEBUG] update WriteFlusher@2071150d{IDLE}->null:WRITING-->IDLE
[DEBUG] generate: DONE for SendCallback@410c6bef[PROCESSING][i=HTTP/1.1{s=200,h=2,cl=-1},cb=org.eclipse.jetty.server.HttpChannel$SendCallback@5ce0f7da] ([p=157,l=157,c=8192,r=0],[p=808,l=808,c=32768,r=0],false)@COMMITTED
[DEBUG] onWriteComplete(false,null) s=OPEN,api=BLOCKED,sc=false,e=null->s=OPEN,api=BLOCKING,sc=false,e=null c=null cb=null w=false
[DEBUG] handled=true async=false committed=true on HttpChannelOverHttp@36eb5f45{s=HttpChannelState@23232c72{s=HANDLING rs=BLOCKING os=COMMITTED is=IDLE awp=false se=false i=true al=0},r=46,c=false/false,a=HANDLING,uri=//localhost:35372/FileServlet/htmltests/test-rss.xml?contentType=application%2Frss%2Bxml,age=6}
[DEBUG] unhandle HttpChannelState@23232c72{s=HANDLING rs=BLOCKING os=COMMITTED is=IDLE awp=false se=false i=true al=0}
[DEBUG] nextAction(false) COMPLETE HttpChannelState@23232c72{s=HANDLING rs=COMPLETING os=COMMITTED is=IDLE awp=false se=false i=false al=0}
[DEBUG] action COMPLETE HttpChannelOverHttp@36eb5f45{s=HttpChannelState@23232c72{s=HANDLING rs=COMPLETING os=COMMITTED is=IDLE awp=false se=false i=false al=0},r=46,c=false/false,a=HANDLING,uri=//localhost:35372/FileServlet/htmltests/test-rss.xml?contentType=application%2Frss%2Bxml,age=6}
[DEBUG] complete(org.eclipse.jetty.util.Callback$3@5fdd6696) s=CLOSING,api=BLOCKED,sc=false,e=null s=false e=null, c=HeapByteBuffer@13dae45a[p=0,l=0,c=0,r=0]={<<<>>>}
[DEBUG] sendResponse info=null content=HeapByteBuffer@13dae45a[p=0,l=0,c=0,r=0]={<<<>>>} complete=true committing=false callback=org.eclipse.jetty.server.HttpOutput$WriteCompleteCB@40dc4cec
[DEBUG] generate: CONTINUE for SendCallback@410c6bef[PROCESSING][i=null,cb=org.eclipse.jetty.server.HttpChannel$SendCallback@3954521a] (null,[p=0,l=0,c=0,r=0],true)@COMPLETING
[DEBUG] generate: NEED_CHUNK for SendCallback@410c6bef[PROCESSING][i=null,cb=org.eclipse.jetty.server.HttpChannel$SendCallback@3954521a] (null,[p=0,l=0,c=0,r=0],true)@COMPLETING
[DEBUG] generate: FLUSH for SendCallback@410c6bef[PROCESSING][i=null,cb=org.eclipse.jetty.server.HttpChannel$SendCallback@3954521a] (null,[p=0,l=0,c=0,r=0],true)@COMPLETING
[DEBUG] write: WriteFlusher@2071150d{IDLE}->null [HeapByteBuffer@54b3104a[p=0,l=7,c=1024,r=7]={<<<\r\n0\r\n\r\n>>>\n\x00\x00\x00\x00\x00\x00\x00\x00...\x00\x00\x00\x00\x00\x00\x00}]
[DEBUG] update WriteFlusher@2071150d{WRITING}->null:IDLE-->WRITING
]]></system-out>
  </testcase>
  <testcase name="exceptOnUnsupportedProtocol" classname="org.jsoup.integration.ConnectTest" time="0"/>
  <testcase name="doesNotPostFor302" classname="org.jsoup.integration.ConnectTest" time="0.035">
    <system-out><![CDATA[[DEBUG] flushed 7 SocketChannelEndPoint@3d491fad{l=/127.0.0.1:35372,r=/127.0.0.1:60190,OPEN,fill=-,flush=W,to=4/30000}{io=0/0,kio=0,kro=1}->HttpConnection@3e7171e5[p=HttpParser{s=CONTENT,0 of -1},g=HttpGenerator@274dcaa5{s=COMPLETING}]=>HttpChannelOverHttp@36eb5f45{s=HttpChannelState@23232c72{s=HANDLING rs=COMPLETING os=COMMITTED is=IDLE awp=false se=false i=false al=0},r=46,c=false/false,a=HANDLING,uri=//localhost:35372/FileServlet/htmltests/test-rss.xml?contentType=application%2Frss%2Bxml,age=10}
[DEBUG] Flushed=true written=7 remaining=0 WriteFlusher@2071150d{WRITING}->null
[DEBUG] update WriteFlusher@2071150d{IDLE}->null:WRITING-->IDLE
[DEBUG] generate: DONE for SendCallback@410c6bef[PROCESSING][i=null,cb=org.eclipse.jetty.server.HttpChannel$SendCallback@3954521a] (null,[p=0,l=0,c=0,r=0],true)@END
[DEBUG] onWriteComplete(true,null) s=CLOSING,api=BLOCKED,sc=false,e=null->s=CLOSED,api=BLOCKING,sc=false,e=null c=null cb=org.eclipse.jetty.util.Callback$3@5fdd6696 w=false
[DEBUG] completed HttpChannelState@23232c72{s=HANDLING rs=COMPLETING os=COMPLETED is=IDLE awp=false se=false i=false al=0}
[DEBUG] unhandle HttpChannelState@23232c72{s=HANDLING rs=COMPLETED os=COMPLETED is=IDLE awp=false se=false i=false al=0}
[DEBUG] nextAction(false) TERMINATED HttpChannelState@23232c72{s=IDLE rs=COMPLETED os=COMPLETED is=IDLE awp=false se=false i=false al=0}
[DEBUG] action TERMINATED HttpChannelOverHttp@36eb5f45{s=HttpChannelState@23232c72{s=IDLE rs=COMPLETED os=COMPLETED is=IDLE awp=false se=false i=false al=0},r=46,c=true/true,a=IDLE,uri=//localhost:35372/FileServlet/htmltests/test-rss.xml?contentType=application%2Frss%2Bxml,age=10}
[DEBUG] onCompleted for /FileServlet/htmltests/test-rss.xml written=808
[DEBUG] filled 439 HeapByteBuffer@2a66826a[p=0,l=439,c=8192,r=439]={<<<POST /RedirectServlet HTT...t%3A35372%2FEchoServlet>>>&code=307...\x86&h\xA0{\xC1\xC2}
[DEBUG] HttpConnection@3e7171e5::SocketChannelEndPoint@3d491fad{l=/127.0.0.1:35372,r=/127.0.0.1:60190,OPEN,fill=-,flush=-,to=0/30000}{io=0/0,kio=0,kro=1}->HttpConnection@3e7171e5[p=HttpParser{s=CONTENT,0 of -1},g=HttpGenerator@274dcaa5{s=END}]=>HttpChannelOverHttp@36eb5f45{s=HttpChannelState@23232c72{s=IDLE rs=COMPLETED os=COMPLETED is=IDLE awp=false se=false i=false al=0},r=46,c=true/true,a=IDLE,uri=//localhost:35372/FileServlet/htmltests/test-rss.xml?contentType=application%2Frss%2Bxml,age=10} filled 439 HeapByteBuffer@2a66826a[p=0,l=439,c=8192,r=439]={<<<POST /RedirectServlet HTT...t%3A35372%2FEchoServlet>>>&code=307...\x86&h\xA0{\xC1\xC2}
[DEBUG] HttpConnection@3e7171e5::SocketChannelEndPoint@3d491fad{l=/127.0.0.1:35372,r=/127.0.0.1:60190,OPEN,fill=-,flush=-,to=0/30000}{io=0/0,kio=0,kro=1}->HttpConnection@3e7171e5[p=HttpParser{s=CONTENT,0 of -1},g=HttpGenerator@274dcaa5{s=END}]=>HttpChannelOverHttp@36eb5f45{s=HttpChannelState@23232c72{s=IDLE rs=COMPLETED os=COMPLETED is=IDLE awp=false se=false i=false al=0},r=46,c=true/true,a=IDLE,uri=//localhost:35372/FileServlet/htmltests/test-rss.xml?contentType=application%2Frss%2Bxml,age=10} parse HeapByteBuffer@2a66826a[p=0,l=439,c=8192,r=439]={<<<POST /RedirectServlet HTT...t%3A35372%2FEchoServlet>>>&code=307...\x86&h\xA0{\xC1\xC2} {}
[DEBUG] parseNext s=CONTENT HeapByteBuffer@2a66826a[p=0,l=439,c=8192,r=439]={<<<POST /RedirectServlet HTT...t%3A35372%2FEchoServlet>>>&code=307...\x86&h\xA0{\xC1\xC2}
[DEBUG] CONTENT --> CONTENT_END
[DEBUG] onContentComplete HttpChannelOverHttp@36eb5f45{s=HttpChannelState@23232c72{s=IDLE rs=COMPLETED os=COMPLETED is=IDLE awp=false se=false i=false al=0},r=46,c=true/true,a=IDLE,uri=//localhost:35372/FileServlet/htmltests/test-rss.xml?contentType=application%2Frss%2Bxml,age=10}
[DEBUG] CONTENT_END --> END
[DEBUG] onRequestComplete HttpChannelOverHttp@36eb5f45{s=HttpChannelState@23232c72{s=IDLE rs=COMPLETED os=COMPLETED is=IDLE awp=false se=false i=false al=0},r=46,c=true/true,a=IDLE,uri=//localhost:35372/FileServlet/htmltests/test-rss.xml?contentType=application%2Frss%2Bxml,age=10}
[DEBUG] HttpInputOverHTTP@376cf161[c=0,q=0,[0]=null,s=STREAM] addContent EOF
[DEBUG] HttpConnection@3e7171e5::SocketChannelEndPoint@3d491fad{l=/127.0.0.1:35372,r=/127.0.0.1:60190,OPEN,fill=-,flush=-,to=0/30000}{io=0/0,kio=0,kro=1}->HttpConnection@3e7171e5[p=HttpParser{s=END,0 of -1},g=HttpGenerator@274dcaa5{s=END}]=>HttpChannelOverHttp@36eb5f45{s=HttpChannelState@23232c72{s=IDLE rs=COMPLETED os=COMPLETED is=IDLE awp=false se=false i=false al=0},r=46,c=true/true,a=IDLE,uri=//localhost:35372/FileServlet/htmltests/test-rss.xml?contentType=application%2Frss%2Bxml,age=10} parsed false HttpParser{s=END,0 of -1}
[DEBUG] recycle HttpChannelState@23232c72{s=IDLE rs=COMPLETED os=COMPLETED is=IDLE awp=false se=false i=false al=0}
[DEBUG] reset HttpParser{s=END,0 of -1}
[DEBUG] END --> START
[DEBUG] !handle TERMINATED HttpChannelOverHttp@36eb5f45{s=HttpChannelState@23232c72{s=IDLE rs=BLOCKING os=OPEN is=IDLE awp=false se=false i=true al=0},r=46,c=false/false,a=IDLE,uri=null,age=0}
[DEBUG] HttpConnection@3e7171e5::SocketChannelEndPoint@3d491fad{l=/127.0.0.1:35372,r=/127.0.0.1:60190,OPEN,fill=-,flush=-,to=0/30000}{io=0/0,kio=0,kro=1}->HttpConnection@3e7171e5[p=HttpParser{s=START,0 of -1},g=HttpGenerator@274dcaa5{s=START}]=>HttpChannelOverHttp@36eb5f45{s=HttpChannelState@23232c72{s=IDLE rs=BLOCKING os=OPEN is=IDLE awp=false se=false i=true al=0},r=46,c=false/false,a=IDLE,uri=null,age=0} parse HeapByteBuffer@2a66826a[p=0,l=439,c=8192,r=439]={<<<POST /RedirectServlet HTT...t%3A35372%2FEchoServlet>>>&code=307...\x86&h\xA0{\xC1\xC2} {}
[DEBUG] parseNext s=START HeapByteBuffer@2a66826a[p=0,l=439,c=8192,r=439]={<<<POST /RedirectServlet HTT...t%3A35372%2FEchoServlet>>>&code=307...\x86&h\xA0{\xC1\xC2}
[DEBUG] START --> SPACE1
[DEBUG] SPACE1 --> URI
[DEBUG] URI --> SPACE2
[DEBUG] SPACE2 --> REQUEST_VERSION
[DEBUG] REQUEST_VERSION --> HEADER
[DEBUG] HEADER:Accept-Encoding: gzip --> IN_VALUE
[DEBUG] HEADER:Accept-Encoding: gzip --> FIELD
[DEBUG] HEADER:User-Agent: Mozilla/5.0 (Windows NT 10.0; Win64; x64) AppleWebKit/537.36 (KHTML, like Gecko) Chrome/79.0.3945.130 Safari/537.36 --> IN_VALUE
[DEBUG] HEADER:User-Agent: Mozilla/5.0 (Windows NT 10.0; Win64; x64) AppleWebKit/537.36 (KHTML, like Gecko) Chrome/79.0.3945.130 Safari/537.36 --> FIELD
[DEBUG] HEADER:Content-Type: application/x-www-form-urlencoded; charset=UTF-8 --> IN_VALUE
[DEBUG] HEADER:Content-Type: application/x-www-form-urlencoded; charset=UTF-8 --> FIELD
[DEBUG] HEADER:Host: localhost:35372 --> IN_VALUE
[DEBUG] HEADER:Host: localhost:35372 --> FIELD
[DEBUG] HEADER:Accept: text/html, image/gif, image/jpeg, *; q=.2, */*; q=.2 --> IN_VALUE
[DEBUG] HEADER:Accept: text/html, image/gif, image/jpeg, *; q=.2, */*; q=.2 --> FIELD
[DEBUG] HEADER:Connection: keep-alive --> IN_VALUE
[DEBUG] HEADER:Connection: keep-alive --> FIELD
[DEBUG] HEADER:Content-Length --> VALUE
[DEBUG] HEADER:Content-Length --> IN_VALUE
[DEBUG] HEADER:Content-Length --> FIELD
[DEBUG] HEADER --> CONTENT
[DEBUG] REQUEST for //localhost:35372/RedirectServlet on HttpChannelOverHttp@36eb5f45{s=HttpChannelState@23232c72{s=IDLE rs=BLOCKING os=OPEN is=IDLE awp=false se=false i=true al=0},r=47,c=false/false,a=IDLE,uri=//localhost:35372/RedirectServlet,age=0}
POST //localhost:35372/RedirectServlet HTTP/1.1
Accept-Encoding: gzip
User-Agent: Mozilla/5.0 (Windows NT 10.0; Win64; x64) AppleWebKit/537.36 (KHTML, like Gecko) Chrome/79.0.3945.130 Safari/537.36
Content-Type: application/x-www-form-urlencoded; charset=UTF-8
Host: localhost:35372
Accept: text/html, image/gif, image/jpeg, *; q=.2, */*; q=.2
Connection: keep-alive
Content-Length: 60


[DEBUG] HttpConnection@3e7171e5::SocketChannelEndPoint@3d491fad{l=/127.0.0.1:35372,r=/127.0.0.1:60190,OPEN,fill=-,flush=-,to=2/30000}{io=0/0,kio=0,kro=1}->HttpConnection@3e7171e5[p=HttpParser{s=CONTENT,0 of 60},g=HttpGenerator@274dcaa5{s=START}]=>HttpChannelOverHttp@36eb5f45{s=HttpChannelState@23232c72{s=IDLE rs=BLOCKING os=OPEN is=IDLE awp=false se=false i=true al=0},r=47,c=false/false,a=IDLE,uri=//localhost:35372/RedirectServlet,age=0} parsed true HttpParser{s=CONTENT,0 of 60}
[DEBUG] handle //localhost:35372/RedirectServlet HttpChannelOverHttp@36eb5f45{s=HttpChannelState@23232c72{s=IDLE rs=BLOCKING os=OPEN is=IDLE awp=false se=false i=true al=0},r=47,c=false/false,a=IDLE,uri=//localhost:35372/RedirectServlet,age=0} 
[DEBUG] handling HttpChannelState@23232c72{s=IDLE rs=BLOCKING os=OPEN is=IDLE awp=false se=false i=true al=0}
[DEBUG] action DISPATCH HttpChannelOverHttp@36eb5f45{s=HttpChannelState@23232c72{s=HANDLING rs=BLOCKING os=OPEN is=IDLE awp=false se=false i=true al=0},r=47,c=false/false,a=HANDLING,uri=//localhost:35372/RedirectServlet,age=0}
[DEBUG] REQUEST POST /RedirectServlet on HttpChannelOverHttp@36eb5f45{s=HttpChannelState@23232c72{s=HANDLING rs=BLOCKING os=OPEN is=IDLE awp=false se=false i=true al=0},r=47,c=false/false,a=HANDLING,uri=//localhost:35372/RedirectServlet,age=0}
[DEBUG] servlet null|/RedirectServlet|null -> org.jsoup.integration.servlets.RedirectServlet-77bb0ab5==org.jsoup.integration.servlets.RedirectServlet@f84cd177{jsp=null,order=-1,inst=true,async=true,src=EMBEDDED:null,STARTED}
[DEBUG] chain=null
[DEBUG] HttpConnection@3e7171e5::SocketChannelEndPoint@3d491fad{l=/127.0.0.1:35372,r=/127.0.0.1:60190,OPEN,fill=-,flush=-,to=3/30000}{io=0/0,kio=0,kro=1}->HttpConnection@3e7171e5[p=HttpParser{s=CONTENT,0 of 60},g=HttpGenerator@274dcaa5{s=START}]=>HttpChannelOverHttp@36eb5f45{s=HttpChannelState@23232c72{s=HANDLING rs=BLOCKING os=OPEN is=IDLE awp=false se=false i=true al=0},r=47,c=false/false,a=HANDLING,uri=//localhost:35372/RedirectServlet,age=0} parse HeapByteBuffer@2a66826a[p=379,l=439,c=8192,r=60]={POST /Red... 60\r\n\r\n<<<Hello=there&loc=http%3A%2...t%3A35372%2FEchoServlet>>>&code=307...\x86&h\xA0{\xC1\xC2} {}
[DEBUG] parseNext s=CONTENT HeapByteBuffer@2a66826a[p=379,l=439,c=8192,r=60]={POST /Red... 60\r\n\r\n<<<Hello=there&loc=http%3A%2...t%3A35372%2FEchoServlet>>>&code=307...\x86&h\xA0{\xC1\xC2}
[DEBUG] onContent HttpChannelOverHttp@36eb5f45{s=HttpChannelState@23232c72{s=HANDLING rs=BLOCKING os=OPEN is=IDLE awp=false se=false i=true al=0},r=47,c=false/false,a=HANDLING,uri=//localhost:35372/RedirectServlet,age=1} Content@62512ccd{HeapByteBufferR@560c1fc7[p=379,l=439,c=8192,r=60]={POST /Red... 60\r\n\r\n<<<Hello=there&loc=http%3A%2...t%3A35372%2FEchoServlet>>>&code=307...\x86&h\xA0{\xC1\xC2}}
[DEBUG] HttpInputOverHTTP@376cf161[c=0,q=0,[0]=null,s=STREAM] addContent Content@62512ccd{HeapByteBufferR@560c1fc7[p=379,l=439,c=8192,r=60]={POST /Red... 60\r\n\r\n<<<Hello=there&loc=http%3A%2...t%3A35372%2FEchoServlet>>>&code=307...\x86&h\xA0{\xC1\xC2}}
[DEBUG] CONTENT --> CONTENT_END
[DEBUG] onContentComplete HttpChannelOverHttp@36eb5f45{s=HttpChannelState@23232c72{s=HANDLING rs=BLOCKING os=OPEN is=IDLE awp=false se=false i=true al=0},r=47,c=false/false,a=HANDLING,uri=//localhost:35372/RedirectServlet,age=1}
[DEBUG] CONTENT_END --> END
[DEBUG] onRequestComplete HttpChannelOverHttp@36eb5f45{s=HttpChannelState@23232c72{s=HANDLING rs=BLOCKING os=OPEN is=IDLE awp=false se=false i=true al=0},r=47,c=false/false,a=HANDLING,uri=//localhost:35372/RedirectServlet,age=1}
[DEBUG] HttpInputOverHTTP@376cf161[c=0,q=1,[0]=EOF,s=STREAM] addContent EOF
[DEBUG] HttpConnection@3e7171e5::SocketChannelEndPoint@3d491fad{l=/127.0.0.1:35372,r=/127.0.0.1:60190,OPEN,fill=-,flush=-,to=3/30000}{io=0/0,kio=0,kro=1}->HttpConnection@3e7171e5[p=HttpParser{s=END,60 of 60},g=HttpGenerator@274dcaa5{s=START}]=>HttpChannelOverHttp@36eb5f45{s=HttpChannelState@23232c72{s=HANDLING rs=BLOCKING os=OPEN is=IDLE awp=false se=false i=true al=0},r=47,c=false/false,a=HANDLING,uri=//localhost:35372/RedirectServlet,age=1} parsed false HttpParser{s=END,60 of 60}
[DEBUG] HttpInputOverHTTP@376cf161[c=1,q=1,[0]=EOF,s=STREAM] read 1 from Content@62512ccd{HeapByteBufferR@560c1fc7[p=380,l=439,c=8192,r=59]={POST /Red...60\r\n\r\nH<<<ello=there&loc=http%3A%2F...t%3A35372%2FEchoServlet>>>&code=307...\x86&h\xA0{\xC1\xC2}}
[DEBUG] HttpInputOverHTTP@376cf161[c=2,q=1,[0]=EOF,s=STREAM] read 1 from Content@62512ccd{HeapByteBufferR@560c1fc7[p=381,l=439,c=8192,r=58]={POST /Red...0\r\n\r\nHe<<<llo=there&loc=http%3A%2F%...t%3A35372%2FEchoServlet>>>&code=307...\x86&h\xA0{\xC1\xC2}}
[DEBUG] HttpInputOverHTTP@376cf161[c=3,q=1,[0]=EOF,s=STREAM] read 1 from Content@62512ccd{HeapByteBufferR@560c1fc7[p=382,l=439,c=8192,r=57]={POST /Red...\r\n\r\nHel<<<lo=there&loc=http%3A%2F%2...t%3A35372%2FEchoServlet>>>&code=307...\x86&h\xA0{\xC1\xC2}}
[DEBUG] HttpInputOverHTTP@376cf161[c=4,q=1,[0]=EOF,s=STREAM] read 1 from Content@62512ccd{HeapByteBufferR@560c1fc7[p=383,l=439,c=8192,r=56]={POST /Red...\n\r\nHell<<<o=there&loc=http%3A%2F%2F...t%3A35372%2FEchoServlet>>>&code=307...\x86&h\xA0{\xC1\xC2}}
[DEBUG] HttpInputOverHTTP@376cf161[c=5,q=1,[0]=EOF,s=STREAM] read 1 from Content@62512ccd{HeapByteBufferR@560c1fc7[p=384,l=439,c=8192,r=55]={POST /Red...\r\nHello<<<=there&loc=http%3A%2F%2Fl...t%3A35372%2FEchoServlet>>>&code=307...\x86&h\xA0{\xC1\xC2}}
[DEBUG] HttpInputOverHTTP@376cf161[c=6,q=1,[0]=EOF,s=STREAM] read 1 from Content@62512ccd{HeapByteBufferR@560c1fc7[p=385,l=439,c=8192,r=54]={POST /Red...\nHello=<<<there&loc=http%3A%2F%2Flo...t%3A35372%2FEchoServlet>>>&code=307...\x86&h\xA0{\xC1\xC2}}
[DEBUG] HttpInputOverHTTP@376cf161[c=7,q=1,[0]=EOF,s=STREAM] read 1 from Content@62512ccd{HeapByteBufferR@560c1fc7[p=386,l=439,c=8192,r=53]={POST /Red...Hello=t<<<here&loc=http%3A%2F%2Floc...t%3A35372%2FEchoServlet>>>&code=307...\x86&h\xA0{\xC1\xC2}}
[DEBUG] HttpInputOverHTTP@376cf161[c=8,q=1,[0]=EOF,s=STREAM] read 1 from Content@62512ccd{HeapByteBufferR@560c1fc7[p=387,l=439,c=8192,r=52]={POST /Red...ello=th<<<ere&loc=http%3A%2F%2Floca...t%3A35372%2FEchoServlet>>>&code=307...\x86&h\xA0{\xC1\xC2}}
[DEBUG] HttpInputOverHTTP@376cf161[c=9,q=1,[0]=EOF,s=STREAM] read 1 from Content@62512ccd{HeapByteBufferR@560c1fc7[p=388,l=439,c=8192,r=51]={POST /Red...llo=the<<<re&loc=http%3A%2F%2Flocal...t%3A35372%2FEchoServlet>>>&code=307...\x86&h\xA0{\xC1\xC2}}
[DEBUG] HttpInputOverHTTP@376cf161[c=10,q=1,[0]=EOF,s=STREAM] read 1 from Content@62512ccd{HeapByteBufferR@560c1fc7[p=389,l=439,c=8192,r=50]={POST /Red...lo=ther<<<e&loc=http%3A%2F%2Flocalh...t%3A35372%2FEchoServlet>>>&code=307...\x86&h\xA0{\xC1\xC2}}
[DEBUG] HttpInputOverHTTP@376cf161[c=11,q=1,[0]=EOF,s=STREAM] read 1 from Content@62512ccd{HeapByteBufferR@560c1fc7[p=390,l=439,c=8192,r=49]={POST /Red...o=there<<<&loc=http%3A%2F%2Flocalho...t%3A35372%2FEchoServlet>>>&code=307...\x86&h\xA0{\xC1\xC2}}
[DEBUG] HttpInputOverHTTP@376cf161[c=12,q=1,[0]=EOF,s=STREAM] read 1 from Content@62512ccd{HeapByteBufferR@560c1fc7[p=391,l=439,c=8192,r=48]={POST /Red...=there&<<<loc=http%3A%2F%2Flocalhost%3A35372%2FEchoServlet>>>&code=307...\x86&h\xA0{\xC1\xC2}}
[DEBUG] HttpInputOverHTTP@376cf161[c=13,q=1,[0]=EOF,s=STREAM] read 1 from Content@62512ccd{HeapByteBufferR@560c1fc7[p=392,l=439,c=8192,r=47]={POST /Red...there&l<<<oc=http%3A%2F%2Flocalhost%3A35372%2FEchoServlet>>>&code=307...\x86&h\xA0{\xC1\xC2}}
[DEBUG] HttpInputOverHTTP@376cf161[c=14,q=1,[0]=EOF,s=STREAM] read 1 from Content@62512ccd{HeapByteBufferR@560c1fc7[p=393,l=439,c=8192,r=46]={POST /Red...here&lo<<<c=http%3A%2F%2Flocalhost%3A35372%2FEchoServlet>>>&code=307...\x86&h\xA0{\xC1\xC2}}
[DEBUG] HttpInputOverHTTP@376cf161[c=15,q=1,[0]=EOF,s=STREAM] read 1 from Content@62512ccd{HeapByteBufferR@560c1fc7[p=394,l=439,c=8192,r=45]={POST /Red...ere&loc<<<=http%3A%2F%2Flocalhost%3A35372%2FEchoServlet>>>&code=307...\x86&h\xA0{\xC1\xC2}}
[DEBUG] HttpInputOverHTTP@376cf161[c=16,q=1,[0]=EOF,s=STREAM] read 1 from Content@62512ccd{HeapByteBufferR@560c1fc7[p=395,l=439,c=8192,r=44]={POST /Red...re&loc=<<<http%3A%2F%2Flocalhost%3A35372%2FEchoServlet>>>&code=307...\x86&h\xA0{\xC1\xC2}}
[DEBUG] HttpInputOverHTTP@376cf161[c=17,q=1,[0]=EOF,s=STREAM] read 1 from Content@62512ccd{HeapByteBufferR@560c1fc7[p=396,l=439,c=8192,r=43]={POST /Red...e&loc=h<<<ttp%3A%2F%2Flocalhost%3A35372%2FEchoServlet>>>&code=307...\x86&h\xA0{\xC1\xC2}}
[DEBUG] HttpInputOverHTTP@376cf161[c=18,q=1,[0]=EOF,s=STREAM] read 1 from Content@62512ccd{HeapByteBufferR@560c1fc7[p=397,l=439,c=8192,r=42]={POST /Red...&loc=ht<<<tp%3A%2F%2Flocalhost%3A35372%2FEchoServlet>>>&code=307...\x86&h\xA0{\xC1\xC2}}
[DEBUG] HttpInputOverHTTP@376cf161[c=19,q=1,[0]=EOF,s=STREAM] read 1 from Content@62512ccd{HeapByteBufferR@560c1fc7[p=398,l=439,c=8192,r=41]={POST /Red...loc=htt<<<p%3A%2F%2Flocalhost%3A35372%2FEchoServlet>>>&code=307...\x86&h\xA0{\xC1\xC2}}
[DEBUG] HttpInputOverHTTP@376cf161[c=20,q=1,[0]=EOF,s=STREAM] read 1 from Content@62512ccd{HeapByteBufferR@560c1fc7[p=399,l=439,c=8192,r=40]={POST /Red...oc=http<<<%3A%2F%2Flocalhost%3A35372%2FEchoServlet>>>&code=307...\x86&h\xA0{\xC1\xC2}}
[DEBUG] HttpInputOverHTTP@376cf161[c=21,q=1,[0]=EOF,s=STREAM] read 1 from Content@62512ccd{HeapByteBufferR@560c1fc7[p=400,l=439,c=8192,r=39]={POST /Red...c=http%<<<3A%2F%2Flocalhost%3A35372%2FEchoServlet>>>&code=307...\x86&h\xA0{\xC1\xC2}}
[DEBUG] HttpInputOverHTTP@376cf161[c=22,q=1,[0]=EOF,s=STREAM] read 1 from Content@62512ccd{HeapByteBufferR@560c1fc7[p=401,l=439,c=8192,r=38]={POST /Red...=http%3<<<A%2F%2Flocalhost%3A35372%2FEchoServlet>>>&code=307...\x86&h\xA0{\xC1\xC2}}
[DEBUG] HttpInputOverHTTP@376cf161[c=23,q=1,[0]=EOF,s=STREAM] read 1 from Content@62512ccd{HeapByteBufferR@560c1fc7[p=402,l=439,c=8192,r=37]={POST /Red...http%3A<<<%2F%2Flocalhost%3A35372%2FEchoServlet>>>&code=307...\x86&h\xA0{\xC1\xC2}}
[DEBUG] HttpInputOverHTTP@376cf161[c=24,q=1,[0]=EOF,s=STREAM] read 1 from Content@62512ccd{HeapByteBufferR@560c1fc7[p=403,l=439,c=8192,r=36]={POST /Red...ttp%3A%<<<2F%2Flocalhost%3A35372%2FEchoServlet>>>&code=307...\x86&h\xA0{\xC1\xC2}}
[DEBUG] HttpInputOverHTTP@376cf161[c=25,q=1,[0]=EOF,s=STREAM] read 1 from Content@62512ccd{HeapByteBufferR@560c1fc7[p=404,l=439,c=8192,r=35]={POST /Red...tp%3A%2<<<F%2Flocalhost%3A35372%2FEchoServlet>>>&code=307...\x86&h\xA0{\xC1\xC2}}
[DEBUG] HttpInputOverHTTP@376cf161[c=26,q=1,[0]=EOF,s=STREAM] read 1 from Content@62512ccd{HeapByteBufferR@560c1fc7[p=405,l=439,c=8192,r=34]={POST /Red...p%3A%2F<<<%2Flocalhost%3A35372%2FEchoServlet>>>&code=307...\x86&h\xA0{\xC1\xC2}}
[DEBUG] HttpInputOverHTTP@376cf161[c=27,q=1,[0]=EOF,s=STREAM] read 1 from Content@62512ccd{HeapByteBufferR@560c1fc7[p=406,l=439,c=8192,r=33]={POST /Red...%3A%2F%<<<2Flocalhost%3A35372%2FEchoServlet>>>&code=307...\x86&h\xA0{\xC1\xC2}}
[DEBUG] HttpInputOverHTTP@376cf161[c=28,q=1,[0]=EOF,s=STREAM] read 1 from Content@62512ccd{HeapByteBufferR@560c1fc7[p=407,l=439,c=8192,r=32]={POST /Red...3A%2F%2<<<Flocalhost%3A35372%2FEchoServlet>>>&code=307...\x86&h\xA0{\xC1\xC2}}
[DEBUG] HttpInputOverHTTP@376cf161[c=29,q=1,[0]=EOF,s=STREAM] read 1 from Content@62512ccd{HeapByteBufferR@560c1fc7[p=408,l=439,c=8192,r=31]={POST /Red...A%2F%2F<<<localhost%3A35372%2FEchoServlet>>>&code=307...\x86&h\xA0{\xC1\xC2}}
[DEBUG] HttpInputOverHTTP@376cf161[c=30,q=1,[0]=EOF,s=STREAM] read 1 from Content@62512ccd{HeapByteBufferR@560c1fc7[p=409,l=439,c=8192,r=30]={POST /Red...%2F%2Fl<<<ocalhost%3A35372%2FEchoServlet>>>&code=307...\x86&h\xA0{\xC1\xC2}}
[DEBUG] HttpInputOverHTTP@376cf161[c=31,q=1,[0]=EOF,s=STREAM] read 1 from Content@62512ccd{HeapByteBufferR@560c1fc7[p=410,l=439,c=8192,r=29]={POST /Red...2F%2Flo<<<calhost%3A35372%2FEchoServlet>>>&code=307...\x86&h\xA0{\xC1\xC2}}
[DEBUG] HttpInputOverHTTP@376cf161[c=32,q=1,[0]=EOF,s=STREAM] read 1 from Content@62512ccd{HeapByteBufferR@560c1fc7[p=411,l=439,c=8192,r=28]={POST /Red...F%2Floc<<<alhost%3A35372%2FEchoServlet>>>&code=307...\x86&h\xA0{\xC1\xC2}}
[DEBUG] HttpInputOverHTTP@376cf161[c=33,q=1,[0]=EOF,s=STREAM] read 1 from Content@62512ccd{HeapByteBufferR@560c1fc7[p=412,l=439,c=8192,r=27]={POST /Red...%2Floca<<<lhost%3A35372%2FEchoServlet>>>&code=307...\x86&h\xA0{\xC1\xC2}}
[DEBUG] HttpInputOverHTTP@376cf161[c=34,q=1,[0]=EOF,s=STREAM] read 1 from Content@62512ccd{HeapByteBufferR@560c1fc7[p=413,l=439,c=8192,r=26]={POST /Red...2Flocal<<<host%3A35372%2FEchoServlet>>>&code=307...\x86&h\xA0{\xC1\xC2}}
[DEBUG] HttpInputOverHTTP@376cf161[c=35,q=1,[0]=EOF,s=STREAM] read 1 from Content@62512ccd{HeapByteBufferR@560c1fc7[p=414,l=439,c=8192,r=25]={POST /Red...Flocalh<<<ost%3A35372%2FEchoServlet>>>&code=307...\x86&h\xA0{\xC1\xC2}}
[DEBUG] HttpInputOverHTTP@376cf161[c=36,q=1,[0]=EOF,s=STREAM] read 1 from Content@62512ccd{HeapByteBufferR@560c1fc7[p=415,l=439,c=8192,r=24]={POST /Red...localho<<<st%3A35372%2FEchoServlet>>>&code=307...\x86&h\xA0{\xC1\xC2}}
[DEBUG] HttpInputOverHTTP@376cf161[c=37,q=1,[0]=EOF,s=STREAM] read 1 from Content@62512ccd{HeapByteBufferR@560c1fc7[p=416,l=439,c=8192,r=23]={POST /Red...ocalhos<<<t%3A35372%2FEchoServlet>>>&code=307...\x86&h\xA0{\xC1\xC2}}
[DEBUG] HttpInputOverHTTP@376cf161[c=38,q=1,[0]=EOF,s=STREAM] read 1 from Content@62512ccd{HeapByteBufferR@560c1fc7[p=417,l=439,c=8192,r=22]={POST /Red...calhost<<<%3A35372%2FEchoServlet>>>&code=307...\x86&h\xA0{\xC1\xC2}}
[DEBUG] HttpInputOverHTTP@376cf161[c=39,q=1,[0]=EOF,s=STREAM] read 1 from Content@62512ccd{HeapByteBufferR@560c1fc7[p=418,l=439,c=8192,r=21]={POST /Red...alhost%<<<3A35372%2FEchoServlet>>>&code=307...\x86&h\xA0{\xC1\xC2}}
[DEBUG] HttpInputOverHTTP@376cf161[c=40,q=1,[0]=EOF,s=STREAM] read 1 from Content@62512ccd{HeapByteBufferR@560c1fc7[p=419,l=439,c=8192,r=20]={POST /Red...lhost%3<<<A35372%2FEchoServlet>>>&code=307...\x86&h\xA0{\xC1\xC2}}
[DEBUG] HttpInputOverHTTP@376cf161[c=41,q=1,[0]=EOF,s=STREAM] read 1 from Content@62512ccd{HeapByteBufferR@560c1fc7[p=420,l=439,c=8192,r=19]={POST /Red...host%3A<<<35372%2FEchoServlet>>>&code=307...\x86&h\xA0{\xC1\xC2}}
[DEBUG] HttpInputOverHTTP@376cf161[c=42,q=1,[0]=EOF,s=STREAM] read 1 from Content@62512ccd{HeapByteBufferR@560c1fc7[p=421,l=439,c=8192,r=18]={POST /Red...ost%3A3<<<5372%2FEchoServlet>>>&code=307...\x86&h\xA0{\xC1\xC2}}
[DEBUG] HttpInputOverHTTP@376cf161[c=43,q=1,[0]=EOF,s=STREAM] read 1 from Content@62512ccd{HeapByteBufferR@560c1fc7[p=422,l=439,c=8192,r=17]={POST /Red...st%3A35<<<372%2FEchoServlet>>>&code=307...\x86&h\xA0{\xC1\xC2}}
[DEBUG] HttpInputOverHTTP@376cf161[c=44,q=1,[0]=EOF,s=STREAM] read 1 from Content@62512ccd{HeapByteBufferR@560c1fc7[p=423,l=439,c=8192,r=16]={POST /Red...t%3A353<<<72%2FEchoServlet>>>&code=307...\x86&h\xA0{\xC1\xC2}}
[DEBUG] HttpInputOverHTTP@376cf161[c=45,q=1,[0]=EOF,s=STREAM] read 1 from Content@62512ccd{HeapByteBufferR@560c1fc7[p=424,l=439,c=8192,r=15]={POST /Red...%3A3537<<<2%2FEchoServlet>>>&code=307...\x86&h\xA0{\xC1\xC2}}
[DEBUG] HttpInputOverHTTP@376cf161[c=46,q=1,[0]=EOF,s=STREAM] read 1 from Content@62512ccd{HeapByteBufferR@560c1fc7[p=425,l=439,c=8192,r=14]={POST /Red...3A35372<<<%2FEchoServlet>>>&code=307...\x86&h\xA0{\xC1\xC2}}
[DEBUG] HttpInputOverHTTP@376cf161[c=47,q=1,[0]=EOF,s=STREAM] read 1 from Content@62512ccd{HeapByteBufferR@560c1fc7[p=426,l=439,c=8192,r=13]={POST /Red...A35372%<<<2FEchoServlet>>>&code=307...\x86&h\xA0{\xC1\xC2}}
[DEBUG] HttpInputOverHTTP@376cf161[c=48,q=1,[0]=EOF,s=STREAM] read 1 from Content@62512ccd{HeapByteBufferR@560c1fc7[p=427,l=439,c=8192,r=12]={POST /Red...35372%2<<<FEchoServlet>>>&code=307...\x86&h\xA0{\xC1\xC2}}
[DEBUG] HttpInputOverHTTP@376cf161[c=49,q=1,[0]=EOF,s=STREAM] read 1 from Content@62512ccd{HeapByteBufferR@560c1fc7[p=428,l=439,c=8192,r=11]={POST /Red...5372%2F<<<EchoServlet>>>&code=307...\x86&h\xA0{\xC1\xC2}}
[DEBUG] HttpInputOverHTTP@376cf161[c=50,q=1,[0]=EOF,s=STREAM] read 1 from Content@62512ccd{HeapByteBufferR@560c1fc7[p=429,l=439,c=8192,r=10]={POST /Red...372%2FE<<<choServlet>>>&code=307...\x86&h\xA0{\xC1\xC2}}
[DEBUG] HttpInputOverHTTP@376cf161[c=51,q=1,[0]=EOF,s=STREAM] read 1 from Content@62512ccd{HeapByteBufferR@560c1fc7[p=430,l=439,c=8192,r=9]={POST /Red...72%2FEc<<<hoServlet>>>&code=307...\x86&h\xA0{\xC1\xC2}}
[DEBUG] HttpInputOverHTTP@376cf161[c=52,q=1,[0]=EOF,s=STREAM] read 1 from Content@62512ccd{HeapByteBufferR@560c1fc7[p=431,l=439,c=8192,r=8]={POST /Red...2%2FEch<<<oServlet>>>&code=307...\x86&h\xA0{\xC1\xC2}}
[DEBUG] HttpInputOverHTTP@376cf161[c=53,q=1,[0]=EOF,s=STREAM] read 1 from Content@62512ccd{HeapByteBufferR@560c1fc7[p=432,l=439,c=8192,r=7]={POST /Red...%2FEcho<<<Servlet>>>&code=307...\x86&h\xA0{\xC1\xC2}}
[DEBUG] HttpInputOverHTTP@376cf161[c=54,q=1,[0]=EOF,s=STREAM] read 1 from Content@62512ccd{HeapByteBufferR@560c1fc7[p=433,l=439,c=8192,r=6]={POST /Red...2FEchoS<<<ervlet>>>&code=307...\x86&h\xA0{\xC1\xC2}}
[DEBUG] HttpInputOverHTTP@376cf161[c=55,q=1,[0]=EOF,s=STREAM] read 1 from Content@62512ccd{HeapByteBufferR@560c1fc7[p=434,l=439,c=8192,r=5]={POST /Red...FEchoSe<<<rvlet>>>&code=307...\x86&h\xA0{\xC1\xC2}}
[DEBUG] HttpInputOverHTTP@376cf161[c=56,q=1,[0]=EOF,s=STREAM] read 1 from Content@62512ccd{HeapByteBufferR@560c1fc7[p=435,l=439,c=8192,r=4]={POST /Red...EchoSer<<<vlet>>>&code=307...\x86&h\xA0{\xC1\xC2}}
[DEBUG] HttpInputOverHTTP@376cf161[c=57,q=1,[0]=EOF,s=STREAM] read 1 from Content@62512ccd{HeapByteBufferR@560c1fc7[p=436,l=439,c=8192,r=3]={POST /Red...choServ<<<let>>>&code=307...\x86&h\xA0{\xC1\xC2}}
[DEBUG] HttpInputOverHTTP@376cf161[c=58,q=1,[0]=EOF,s=STREAM] read 1 from Content@62512ccd{HeapByteBufferR@560c1fc7[p=437,l=439,c=8192,r=2]={POST /Red...hoServl<<<et>>>&code=307...\x86&h\xA0{\xC1\xC2}}
[DEBUG] HttpInputOverHTTP@376cf161[c=59,q=1,[0]=EOF,s=STREAM] read 1 from Content@62512ccd{HeapByteBufferR@560c1fc7[p=438,l=439,c=8192,r=1]={POST /Red...oServle<<<t>>>&code=307...\x86&h\xA0{\xC1\xC2}}
[DEBUG] HttpInputOverHTTP@376cf161[c=60,q=1,[0]=EOF,s=STREAM] read 1 from Content@62512ccd{HeapByteBufferR@560c1fc7[p=439,l=439,c=8192,r=0]={POST /Red...Servlet<<<>>>&code=307...\x86&h\xA0{\xC1\xC2}}
[DEBUG] releaseRequestBuffer HttpConnection@3e7171e5::SocketChannelEndPoint@3d491fad{l=/127.0.0.1:35372,r=/127.0.0.1:60190,OPEN,fill=-,flush=-,to=11/30000}{io=0/0,kio=0,kro=1}->HttpConnection@3e7171e5[p=HttpParser{s=END,60 of 60},g=HttpGenerator@274dcaa5{s=START}]=>HttpChannelOverHttp@36eb5f45{s=HttpChannelState@23232c72{s=HANDLING rs=BLOCKING os=OPEN is=IDLE awp=false se=false i=true al=0},r=47,c=false/false,a=HANDLING,uri=//localhost:35372/RedirectServlet,age=9}
[DEBUG] onEof HttpChannelState@23232c72{s=HANDLING rs=BLOCKING os=OPEN is=IDLE awp=false se=false i=true al=0}
[DEBUG] handled=true async=false committed=false on HttpChannelOverHttp@36eb5f45{s=HttpChannelState@23232c72{s=HANDLING rs=BLOCKING os=OPEN is=READY awp=false se=false i=true al=0},r=47,c=false/false,a=HANDLING,uri=//localhost:35372/RedirectServlet,age=9}
[DEBUG] unhandle HttpChannelState@23232c72{s=HANDLING rs=BLOCKING os=OPEN is=READY awp=false se=false i=true al=0}
[DEBUG] nextAction(false) COMPLETE HttpChannelState@23232c72{s=HANDLING rs=COMPLETING os=OPEN is=READY awp=false se=false i=false al=0}
[DEBUG] action COMPLETE HttpChannelOverHttp@36eb5f45{s=HttpChannelState@23232c72{s=HANDLING rs=COMPLETING os=OPEN is=READY awp=false se=false i=false al=0},r=47,c=false/false,a=HANDLING,uri=//localhost:35372/RedirectServlet,age=9}
[DEBUG] complete(org.eclipse.jetty.util.Callback$3@741592c6) s=CLOSING,api=BLOCKED,sc=false,e=null s=false e=null, c=HeapByteBuffer@13dae45a[p=0,l=0,c=0,r=0]={<<<>>>}
[DEBUG] sendResponse info=null content=HeapByteBuffer@13dae45a[p=0,l=0,c=0,r=0]={<<<>>>} complete=true committing=true callback=org.eclipse.jetty.server.HttpOutput$WriteCompleteCB@6f4adadc
[DEBUG] COMMIT for /RedirectServlet on HttpChannelOverHttp@36eb5f45{s=HttpChannelState@23232c72{s=HANDLING rs=COMPLETING os=COMMITTED is=READY awp=false se=false i=false al=0},r=47,c=false/false,a=HANDLING,uri=//localhost:35372/RedirectServlet,age=9}
302 null HTTP/1.1
Date: Tue, 28 Sep 2021 06:03:32 GMT
Location: http://localhost:35372/EchoServlet


[DEBUG] generate: NEED_HEADER for SendCallback@410c6bef[PROCESSING][i=HTTP/1.1{s=302,h=2,cl=-1},cb=org.eclipse.jetty.server.HttpChannel$SendCallback@496b4bc] (null,[p=0,l=0,c=0,r=0],true)@START
[DEBUG] generateHeaders HTTP/1.1{s=302,h=2,cl=-1} last=true content=HeapByteBuffer@13dae45a[p=0,l=0,c=0,r=0]={<<<>>>}
[DEBUG] Date: Tue, 28 Sep 2021 06:03:32 GMT
Location: http://localhost:35372/EchoServlet


[DEBUG] CONTENT_LENGTH
[DEBUG] generate: FLUSH for SendCallback@410c6bef[PROCESSING][i=HTTP/1.1{s=302,h=2,cl=-1},cb=org.eclipse.jetty.server.HttpChannel$SendCallback@496b4bc] ([p=0,l=157,c=8192,r=157],[p=0,l=0,c=0,r=0],true)@COMPLETING
[DEBUG] write: WriteFlusher@2071150d{IDLE}->null [HeapByteBuffer@460916c[p=0,l=157,c=8192,r=157]={<<<HTTP/1.1 302 Found\r\nDate:...y(9.4.43.v20210629)\r\n\r\n>>> x64) App...\x00\x00\x00\x00\x00\x00\x00}]
[DEBUG] update WriteFlusher@2071150d{WRITING}->null:IDLE-->WRITING
[DEBUG] flushed 157 SocketChannelEndPoint@3d491fad{l=/127.0.0.1:35372,r=/127.0.0.1:60190,OPEN,fill=-,flush=W,to=13/30000}{io=0/0,kio=0,kro=1}->HttpConnection@3e7171e5[p=HttpParser{s=END,60 of 60},g=HttpGenerator@274dcaa5{s=COMPLETING}]=>HttpChannelOverHttp@36eb5f45{s=HttpChannelState@23232c72{s=HANDLING rs=COMPLETING os=COMMITTED is=READY awp=false se=false i=false al=0},r=47,c=false/false,a=HANDLING,uri=//localhost:35372/RedirectServlet,age=11}
[DEBUG] Flushed=true written=157 remaining=0 WriteFlusher@2071150d{WRITING}->null
[DEBUG] update WriteFlusher@2071150d{IDLE}->null:WRITING-->IDLE
[DEBUG] generate: DONE for SendCallback@410c6bef[PROCESSING][i=HTTP/1.1{s=302,h=2,cl=-1},cb=org.eclipse.jetty.server.HttpChannel$SendCallback@496b4bc] ([p=157,l=157,c=8192,r=0],[p=0,l=0,c=0,r=0],true)@END
[DEBUG] onWriteComplete(true,null) s=CLOSING,api=BLOCKED,sc=false,e=null->s=CLOSED,api=BLOCKING,sc=false,e=null c=null cb=org.eclipse.jetty.util.Callback$3@741592c6 w=false
[DEBUG] completed HttpChannelState@23232c72{s=HANDLING rs=COMPLETING os=COMPLETED is=READY awp=false se=false i=false al=0}
[DEBUG] unhandle HttpChannelState@23232c72{s=HANDLING rs=COMPLETED os=COMPLETED is=READY awp=false se=false i=false al=0}
[DEBUG] nextAction(false) TERMINATED HttpChannelState@23232c72{s=IDLE rs=COMPLETED os=COMPLETED is=READY awp=false se=false i=false al=0}
[DEBUG] action TERMINATED HttpChannelOverHttp@36eb5f45{s=HttpChannelState@23232c72{s=IDLE rs=COMPLETED os=COMPLETED is=READY awp=false se=false i=false al=0},r=47,c=true/true,a=IDLE,uri=//localhost:35372/RedirectServlet,age=11}
[DEBUG] onCompleted for /RedirectServlet written=0
[DEBUG] recycle HttpChannelState@23232c72{s=IDLE rs=COMPLETED os=COMPLETED is=READY awp=false se=false i=false al=0}
[DEBUG] reset HttpParser{s=END,60 of 60}
[DEBUG] END --> START
[DEBUG] !handle TERMINATED HttpChannelOverHttp@36eb5f45{s=HttpChannelState@23232c72{s=IDLE rs=BLOCKING os=OPEN is=IDLE awp=false se=false i=true al=0},r=47,c=false/false,a=IDLE,uri=null,age=0}
[DEBUG] filled 290 HeapByteBuffer@1ef04a69[p=0,l=290,c=8192,r=290]={<<<GET /EchoServlet HTTP/1.1...nection: keep-alive\r\n\r\n>>>pt: text/...\x00\x00\x00\x00\x00\x00\x00}
[DEBUG] HttpConnection@3e7171e5::SocketChannelEndPoint@3d491fad{l=/127.0.0.1:35372,r=/127.0.0.1:60190,OPEN,fill=-,flush=-,to=0/30000}{io=0/0,kio=0,kro=1}->HttpConnection@3e7171e5[p=HttpParser{s=START,0 of -1},g=HttpGenerator@274dcaa5{s=START}]=>HttpChannelOverHttp@36eb5f45{s=HttpChannelState@23232c72{s=IDLE rs=BLOCKING os=OPEN is=IDLE awp=false se=false i=true al=0},r=47,c=false/false,a=IDLE,uri=null,age=0} filled 290 HeapByteBuffer@1ef04a69[p=0,l=290,c=8192,r=290]={<<<GET /EchoServlet HTTP/1.1...nection: keep-alive\r\n\r\n>>>pt: text/...\x00\x00\x00\x00\x00\x00\x00}
[DEBUG] HttpConnection@3e7171e5::SocketChannelEndPoint@3d491fad{l=/127.0.0.1:35372,r=/127.0.0.1:60190,OPEN,fill=-,flush=-,to=0/30000}{io=0/0,kio=0,kro=1}->HttpConnection@3e7171e5[p=HttpParser{s=START,0 of -1},g=HttpGenerator@274dcaa5{s=START}]=>HttpChannelOverHttp@36eb5f45{s=HttpChannelState@23232c72{s=IDLE rs=BLOCKING os=OPEN is=IDLE awp=false se=false i=true al=0},r=47,c=false/false,a=IDLE,uri=null,age=0} parse HeapByteBuffer@1ef04a69[p=0,l=290,c=8192,r=290]={<<<GET /EchoServlet HTTP/1.1...nection: keep-alive\r\n\r\n>>>pt: text/...\x00\x00\x00\x00\x00\x00\x00} {}
[DEBUG] parseNext s=START HeapByteBuffer@1ef04a69[p=0,l=290,c=8192,r=290]={<<<GET /EchoServlet HTTP/1.1...nection: keep-alive\r\n\r\n>>>pt: text/...\x00\x00\x00\x00\x00\x00\x00}
[DEBUG] START --> SPACE1
[DEBUG] SPACE1 --> URI
[DEBUG] URI --> SPACE2
[DEBUG] SPACE2 --> REQUEST_VERSION
[DEBUG] REQUEST_VERSION --> HEADER
[DEBUG] HEADER:Accept-Encoding: gzip --> IN_VALUE
[DEBUG] HEADER:Accept-Encoding: gzip --> FIELD
[DEBUG] HEADER:User-Agent: Mozilla/5.0 (Windows NT 10.0; Win64; x64) AppleWebKit/537.36 (KHTML, like Gecko) Chrome/79.0.3945.130 Safari/537.36 --> IN_VALUE
[DEBUG] HEADER:User-Agent: Mozilla/5.0 (Windows NT 10.0; Win64; x64) AppleWebKit/537.36 (KHTML, like Gecko) Chrome/79.0.3945.130 Safari/537.36 --> FIELD
[DEBUG] HEADER:Host: localhost:35372 --> IN_VALUE
[DEBUG] HEADER:Host: localhost:35372 --> FIELD
[DEBUG] HEADER:Accept: text/html, image/gif, image/jpeg, *; q=.2, */*; q=.2 --> IN_VALUE
[DEBUG] HEADER:Accept: text/html, image/gif, image/jpeg, *; q=.2, */*; q=.2 --> FIELD
[DEBUG] HEADER:Connection: keep-alive --> IN_VALUE
[DEBUG] HEADER:Connection: keep-alive --> FIELD
[DEBUG] HEADER --> CONTENT
[DEBUG] REQUEST for //localhost:35372/EchoServlet on HttpChannelOverHttp@36eb5f45{s=HttpChannelState@23232c72{s=IDLE rs=BLOCKING os=OPEN is=IDLE awp=false se=false i=true al=0},r=48,c=false/false,a=IDLE,uri=//localhost:35372/EchoServlet,age=0}
GET //localhost:35372/EchoServlet HTTP/1.1
Accept-Encoding: gzip
User-Agent: Mozilla/5.0 (Windows NT 10.0; Win64; x64) AppleWebKit/537.36 (KHTML, like Gecko) Chrome/79.0.3945.130 Safari/537.36
Host: localhost:35372
Accept: text/html, image/gif, image/jpeg, *; q=.2, */*; q=.2
Connection: keep-alive


[DEBUG] HttpConnection@3e7171e5::SocketChannelEndPoint@3d491fad{l=/127.0.0.1:35372,r=/127.0.0.1:60190,OPEN,fill=-,flush=-,to=0/30000}{io=0/0,kio=0,kro=1}->HttpConnection@3e7171e5[p=HttpParser{s=CONTENT,0 of -1},g=HttpGenerator@274dcaa5{s=START}]=>HttpChannelOverHttp@36eb5f45{s=HttpChannelState@23232c72{s=IDLE rs=BLOCKING os=OPEN is=IDLE awp=false se=false i=true al=0},r=48,c=false/false,a=IDLE,uri=//localhost:35372/EchoServlet,age=0} parsed true HttpParser{s=CONTENT,0 of -1}
[DEBUG] releaseRequestBuffer HttpConnection@3e7171e5::SocketChannelEndPoint@3d491fad{l=/127.0.0.1:35372,r=/127.0.0.1:60190,OPEN,fill=-,flush=-,to=0/30000}{io=0/0,kio=0,kro=1}->HttpConnection@3e7171e5[p=HttpParser{s=CONTENT,0 of -1},g=HttpGenerator@274dcaa5{s=START}]=>HttpChannelOverHttp@36eb5f45{s=HttpChannelState@23232c72{s=IDLE rs=BLOCKING os=OPEN is=IDLE awp=false se=false i=true al=0},r=48,c=false/false,a=IDLE,uri=//localhost:35372/EchoServlet,age=0}
[DEBUG] handle //localhost:35372/EchoServlet HttpChannelOverHttp@36eb5f45{s=HttpChannelState@23232c72{s=IDLE rs=BLOCKING os=OPEN is=IDLE awp=false se=false i=true al=0},r=48,c=false/false,a=IDLE,uri=//localhost:35372/EchoServlet,age=0} 
[DEBUG] handling HttpChannelState@23232c72{s=IDLE rs=BLOCKING os=OPEN is=IDLE awp=false se=false i=true al=0}
[DEBUG] action DISPATCH HttpChannelOverHttp@36eb5f45{s=HttpChannelState@23232c72{s=HANDLING rs=BLOCKING os=OPEN is=IDLE awp=false se=false i=true al=0},r=48,c=false/false,a=HANDLING,uri=//localhost:35372/EchoServlet,age=0}
[DEBUG] REQUEST GET /EchoServlet on HttpChannelOverHttp@36eb5f45{s=HttpChannelState@23232c72{s=HANDLING rs=BLOCKING os=OPEN is=IDLE awp=false se=false i=true al=0},r=48,c=false/false,a=HANDLING,uri=//localhost:35372/EchoServlet,age=0}
[DEBUG] servlet null|/EchoServlet|null -> org.jsoup.integration.servlets.EchoServlet-60d1a32f==org.jsoup.integration.servlets.EchoServlet@1f7ecb09{jsp=null,order=-1,inst=true,async=true,src=EMBEDDED:null,STARTED}
[DEBUG] chain=null
[DEBUG] write(array HeapByteBuffer@32d261ce[p=0,l=235,c=512,r=235]={<<<<title>Webserver Environm...\n    <table border="0">>>>\x00\x00\x00\x00\x00\x00\x00\x00\x00...\x00\x00\x00\x00\x00\x00\x00})
[DEBUG] write(array) s=OPEN,api=BLOCKING,sc=false,e=null aggregated !flush DirectByteBuffer@7c27fa39[p=0,l=235,c=32768,r=235]={<<<<title>Webserver Environm...\n    <table border="0">>>>utf-8" />...gue. Pr}
[DEBUG] write(array HeapByteBuffer@6a8956f0[p=0,l=36,c=512,r=36]={<<<<tr><th>Method</th><td>GET</td></tr>>>>es</title...\x00\x00\x00\x00\x00\x00\x00})
[DEBUG] write(array) s=OPEN,api=BLOCKING,sc=false,e=null aggregated !flush DirectByteBuffer@7c27fa39[p=0,l=271,c=32768,r=271]={<<<<title>Webserver Environm...d</th><td>GET</td></tr>>>>le.com" /...gue. Pr}
[DEBUG] write(array HeapByteBuffer@53acfd47[p=0,l=1,c=512,r=1]={<<<\n>>>tr><th>Me...\x00\x00\x00\x00\x00\x00\x00})
[DEBUG] write(array) s=OPEN,api=BLOCKING,sc=false,e=null aggregated !flush DirectByteBuffer@7c27fa39[p=0,l=272,c=32768,r=272]={<<<<title>Webserver Environm...</th><td>GET</td></tr>\n>>>e.com" />...gue. Pr}
[DEBUG] write(array HeapByteBuffer@622e80da[p=0,l=50,c=512,r=50]={<<<<tr><th>Request URI</th><...>/EchoServlet</td></tr>>>> <style t...\x00\x00\x00\x00\x00\x00\x00})
[DEBUG] write(array) s=OPEN,api=BLOCKING,sc=false,e=null aggregated !flush DirectByteBuffer@7c27fa39[p=0,l=322,c=32768,r=322]={<<<<title>Webserver Environm...>/EchoServlet</td></tr>>>>body>\n</h...gue. Pr}
[DEBUG] write(array HeapByteBuffer@43d34140[p=0,l=1,c=512,r=1]={<<<\n>>>tr><th>Re...\x00\x00\x00\x00\x00\x00\x00})
[DEBUG] write(array) s=OPEN,api=BLOCKING,sc=false,e=null aggregated !flush DirectByteBuffer@7c27fa39[p=0,l=323,c=32768,r=323]={<<<<title>Webserver Environm.../EchoServlet</td></tr>\n>>>ody>\n</ht...gue. Pr}
[DEBUG] write(array HeapByteBuffer@63cda11c[p=0,l=39,c=512,r=39]={<<<<tr><th>Query String</th><td></td></tr>>>>t</td></t...\x00\x00\x00\x00\x00\x00\x00})
[DEBUG] write(array) s=OPEN,api=BLOCKING,sc=false,e=null aggregated !flush DirectByteBuffer@7c27fa39[p=0,l=362,c=32768,r=362]={<<<<title>Webserver Environm...ring</th><td></td></tr>>>>et pede f...gue. Pr}
[DEBUG] write(array HeapByteBuffer@573f2ee7[p=0,l=1,c=512,r=1]={<<<\n>>>tr><th>Qu...\x00\x00\x00\x00\x00\x00\x00})
[DEBUG] write(array) s=OPEN,api=BLOCKING,sc=false,e=null aggregated !flush DirectByteBuffer@7c27fa39[p=0,l=363,c=32768,r=363]={<<<<title>Webserver Environm...ing</th><td></td></tr>\n>>>t pede fa...gue. Pr}
[DEBUG] write(array HeapByteBuffer@41014c8a[p=0,l=85,c=512,r=85]={<<<<tr><th>Accept</th><td>te....2, */*; q=.2</td></tr>>>>, td, th ...\x00\x00\x00\x00\x00\x00\x00})
[DEBUG] write(array) s=OPEN,api=BLOCKING,sc=false,e=null aggregated !flush DirectByteBuffer@7c27fa39[p=0,l=448,c=32768,r=448]={<<<<title>Webserver Environm....2, */*; q=.2</td></tr>>>>is at, ne...gue. Pr}
[DEBUG] write(array HeapByteBuffer@1801ccab[p=0,l=1,c=512,r=1]={<<<\n>>>tr><th>Ac...\x00\x00\x00\x00\x00\x00\x00})
[DEBUG] write(array) s=OPEN,api=BLOCKING,sc=false,e=null aggregated !flush DirectByteBuffer@7c27fa39[p=0,l=449,c=32768,r=449]={<<<<title>Webserver Environm...2, */*; q=.2</td></tr>\n>>>s at, neq...gue. Pr}
[DEBUG] write(array HeapByteBuffer@16ca4bf6[p=0,l=152,c=512,r=152]={<<<<tr><th>User-Agent</th><t...Safari/537.36</td></tr>>>>      th ...\x00\x00\x00\x00\x00\x00\x00})
[DEBUG] write(array) s=OPEN,api=BLOCKING,sc=false,e=null aggregated !flush DirectByteBuffer@7c27fa39[p=0,l=601,c=32768,r=601]={<<<<title>Webserver Environm...Safari/537.36</td></tr>>>>s. Vivamu...gue. Pr}
[DEBUG] write(array HeapByteBuffer@38ac17de[p=0,l=1,c=512,r=1]={<<<\n>>>tr><th>Us...\x00\x00\x00\x00\x00\x00\x00})
[DEBUG] write(array) s=OPEN,api=BLOCKING,sc=false,e=null aggregated !flush DirectByteBuffer@7c27fa39[p=0,l=602,c=32768,r=602]={<<<<title>Webserver Environm...afari/537.36</td></tr>\n>>>. Vivamus...gue. Pr}
[DEBUG] write(array HeapByteBuffer@7302695d[p=0,l=47,c=512,r=47]={<<<<tr><th>Connection</th><td>keep-alive</td></tr>>>> NT 10.0;...\x00\x00\x00\x00\x00\x00\x00})
[DEBUG] write(array) s=OPEN,api=BLOCKING,sc=false,e=null aggregated !flush DirectByteBuffer@7c27fa39[p=0,l=649,c=32768,r=649]={<<<<title>Webserver Environm...td>keep-alive</td></tr>>>>p>Lorem i...gue. Pr}
[DEBUG] write(array HeapByteBuffer@65708702[p=0,l=1,c=512,r=1]={<<<\n>>>tr><th>Co...\x00\x00\x00\x00\x00\x00\x00})
[DEBUG] write(array) s=OPEN,api=BLOCKING,sc=false,e=null aggregated !flush DirectByteBuffer@7c27fa39[p=0,l=650,c=32768,r=650]={<<<<title>Webserver Environm...d>keep-alive</td></tr>\n>>>>Lorem ip...gue. Pr}
[DEBUG] write(array HeapByteBuffer@21a1f5a1[p=0,l=46,c=512,r=46]={<<<<tr><th>Host</th><td>localhost:35372</td></tr>>>>> NT 10.0...\x00\x00\x00\x00\x00\x00\x00})
[DEBUG] write(array) s=OPEN,api=BLOCKING,sc=false,e=null aggregated !flush DirectByteBuffer@7c27fa39[p=0,l=696,c=32768,r=696]={<<<<title>Webserver Environm...calhost:35372</td></tr>>>>scing eli...gue. Pr}
[DEBUG] write(array HeapByteBuffer@79eb14ac[p=0,l=1,c=512,r=1]={<<<\n>>>tr><th>Ho...\x00\x00\x00\x00\x00\x00\x00})
[DEBUG] write(array) s=OPEN,api=BLOCKING,sc=false,e=null aggregated !flush DirectByteBuffer@7c27fa39[p=0,l=697,c=32768,r=697]={<<<<title>Webserver Environm...alhost:35372</td></tr>\n>>>cing elit...gue. Pr}
[DEBUG] write(array HeapByteBuffer@1943c24d[p=0,l=46,c=512,r=46]={<<<<tr><th>Accept-Encoding</th><td>gzip</td></tr>>>>> NT 10.0...\x00\x00\x00\x00\x00\x00\x00})
[DEBUG] write(array) s=OPEN,api=BLOCKING,sc=false,e=null aggregated !flush DirectByteBuffer@7c27fa39[p=0,l=743,c=32768,r=743]={<<<<title>Webserver Environm...</th><td>gzip</td></tr>>>><i>Intege...gue. Pr}
[DEBUG] write(array HeapByteBuffer@786a1ef0[p=0,l=1,c=512,r=1]={<<<\n>>>tr><th>Ac...\x00\x00\x00\x00\x00\x00\x00})
[DEBUG] write(array) s=OPEN,api=BLOCKING,sc=false,e=null aggregated !flush DirectByteBuffer@7c27fa39[p=0,l=744,c=32768,r=744]={<<<<title>Webserver Environm.../th><td>gzip</td></tr>\n>>>i>Integer...gue. Pr}
[DEBUG] filled 0 HeapByteBuffer@2a66826a[p=0,l=0,c=8192,r=0]={<<<>>>POST /Red...\x86&h\xA0{\xC1\xC2}
[DEBUG] filled 0 HeapByteBuffer@2a66826a[p=0,l=0,c=8192,r=0]={<<<>>>POST /Red...\x86&h\xA0{\xC1\xC2}
[DEBUG] HttpConnection@3e7171e5::SocketChannelEndPoint@3d491fad{l=/127.0.0.1:35372,r=/127.0.0.1:60190,OPEN,fill=-,flush=-,to=14/30000}{io=0/0,kio=0,kro=1}->HttpConnection@3e7171e5[p=HttpParser{s=CONTENT,0 of -1},g=HttpGenerator@274dcaa5{s=START}]=>HttpChannelOverHttp@36eb5f45{s=HttpChannelState@23232c72{s=HANDLING rs=BLOCKING os=OPEN is=IDLE awp=false se=false i=true al=0},r=48,c=false/false,a=HANDLING,uri=//localhost:35372/EchoServlet,age=14} filled 0 HeapByteBuffer@2a66826a[p=0,l=0,c=8192,r=0]={<<<>>>POST /Red...\x86&h\xA0{\xC1\xC2}
[DEBUG] HttpConnection@3e7171e5::SocketChannelEndPoint@3d491fad{l=/127.0.0.1:35372,r=/127.0.0.1:60190,OPEN,fill=-,flush=-,to=14/30000}{io=0/0,kio=0,kro=1}->HttpConnection@3e7171e5[p=HttpParser{s=CONTENT,0 of -1},g=HttpGenerator@274dcaa5{s=START}]=>HttpChannelOverHttp@36eb5f45{s=HttpChannelState@23232c72{s=HANDLING rs=BLOCKING os=OPEN is=IDLE awp=false se=false i=true al=0},r=48,c=false/false,a=HANDLING,uri=//localhost:35372/EchoServlet,age=14} parse HeapByteBuffer@2a66826a[p=0,l=0,c=8192,r=0]={<<<>>>POST /Red...\x86&h\xA0{\xC1\xC2} {}
[DEBUG] parseNext s=CONTENT HeapByteBuffer@2a66826a[p=0,l=0,c=8192,r=0]={<<<>>>POST /Red...\x86&h\xA0{\xC1\xC2}
[DEBUG] CONTENT --> CONTENT_END
[DEBUG] onContentComplete HttpChannelOverHttp@36eb5f45{s=HttpChannelState@23232c72{s=HANDLING rs=BLOCKING os=OPEN is=IDLE awp=false se=false i=true al=0},r=48,c=false/false,a=HANDLING,uri=//localhost:35372/EchoServlet,age=14}
[DEBUG] CONTENT_END --> END
[DEBUG] onRequestComplete HttpChannelOverHttp@36eb5f45{s=HttpChannelState@23232c72{s=HANDLING rs=BLOCKING os=OPEN is=IDLE awp=false se=false i=true al=0},r=48,c=false/false,a=HANDLING,uri=//localhost:35372/EchoServlet,age=14}
[DEBUG] HttpInputOverHTTP@376cf161[c=0,q=0,[0]=null,s=STREAM] addContent EOF
[DEBUG] HttpConnection@3e7171e5::SocketChannelEndPoint@3d491fad{l=/127.0.0.1:35372,r=/127.0.0.1:60190,OPEN,fill=-,flush=-,to=15/30000}{io=0/0,kio=0,kro=1}->HttpConnection@3e7171e5[p=HttpParser{s=END,0 of -1},g=HttpGenerator@274dcaa5{s=START}]=>HttpChannelOverHttp@36eb5f45{s=HttpChannelState@23232c72{s=HANDLING rs=BLOCKING os=OPEN is=IDLE awp=false se=false i=true al=0},r=48,c=false/false,a=HANDLING,uri=//localhost:35372/EchoServlet,age=15} parsed false HttpParser{s=END,0 of -1}
[DEBUG] releaseRequestBuffer HttpConnection@3e7171e5::SocketChannelEndPoint@3d491fad{l=/127.0.0.1:35372,r=/127.0.0.1:60190,OPEN,fill=-,flush=-,to=15/30000}{io=0/0,kio=0,kro=1}->HttpConnection@3e7171e5[p=HttpParser{s=END,0 of -1},g=HttpGenerator@274dcaa5{s=START}]=>HttpChannelOverHttp@36eb5f45{s=HttpChannelState@23232c72{s=HANDLING rs=BLOCKING os=OPEN is=IDLE awp=false se=false i=true al=0},r=48,c=false/false,a=HANDLING,uri=//localhost:35372/EchoServlet,age=15}
[DEBUG] onEof HttpChannelState@23232c72{s=HANDLING rs=BLOCKING os=OPEN is=IDLE awp=false se=false i=true al=0}
[DEBUG] write(array HeapByteBuffer@56c8e0a1[p=0,l=8,c=512,r=8]={<<<</table>>>>Accept-En...\x00\x00\x00\x00\x00\x00\x00})
[DEBUG] write(array) s=OPEN,api=BLOCKING,sc=false,e=null aggregated !flush DirectByteBuffer@7c27fa39[p=0,l=752,c=32768,r=752]={<<<<title>Webserver Environm...gzip</td></tr>\n</table>>>>r id quam...gue. Pr}
[DEBUG] write(array HeapByteBuffer@7727c0a0[p=0,l=1,c=512,r=1]={<<<\n>>>/table>Ac...\x00\x00\x00\x00\x00\x00\x00})
[DEBUG] write(array) s=OPEN,api=BLOCKING,sc=false,e=null aggregated !flush DirectByteBuffer@7c27fa39[p=0,l=753,c=32768,r=753]={<<<<title>Webserver Environm...zip</td></tr>\n</table>\n>>> id quam<...gue. Pr}
[DEBUG] handled=true async=false committed=false on HttpChannelOverHttp@36eb5f45{s=HttpChannelState@23232c72{s=HANDLING rs=BLOCKING os=OPEN is=READY awp=false se=false i=true al=0},r=48,c=false/false,a=HANDLING,uri=//localhost:35372/EchoServlet,age=15}
[DEBUG] unhandle HttpChannelState@23232c72{s=HANDLING rs=BLOCKING os=OPEN is=READY awp=false se=false i=true al=0}
[DEBUG] nextAction(false) COMPLETE HttpChannelState@23232c72{s=HANDLING rs=COMPLETING os=OPEN is=READY awp=false se=false i=false al=0}
[DEBUG] action COMPLETE HttpChannelOverHttp@36eb5f45{s=HttpChannelState@23232c72{s=HANDLING rs=COMPLETING os=OPEN is=READY awp=false se=false i=false al=0},r=48,c=false/false,a=HANDLING,uri=//localhost:35372/EchoServlet,age=15}
[DEBUG] complete(org.eclipse.jetty.util.Callback$3@707135a3) s=CLOSING,api=BLOCKED,sc=false,e=null s=false e=null, c=DirectByteBuffer@7c27fa39[p=0,l=753,c=32768,r=753]={<<<<title>Webserver Environm...zip</td></tr>\n</table>\n>>> id quam<...gue. Pr}
[DEBUG] sendResponse info=null content=DirectByteBuffer@7c27fa39[p=0,l=753,c=32768,r=753]={<<<<title>Webserver Environm...zip</td></tr>\n</table>\n>>> id quam<...gue. Pr} complete=true committing=true callback=org.eclipse.jetty.server.HttpOutput$WriteCompleteCB@58c438c3
[DEBUG] COMMIT for /EchoServlet on HttpChannelOverHttp@36eb5f45{s=HttpChannelState@23232c72{s=HANDLING rs=COMPLETING os=COMMITTED is=READY awp=false se=false i=false al=0},r=48,c=false/false,a=HANDLING,uri=//localhost:35372/EchoServlet,age=15}
200 null HTTP/1.1
Date: Tue, 28 Sep 2021 06:03:32 GMT
Content-Type: text/html;charset=utf-8
Cache-Control: no-cache
Cache-Control: no-store


[DEBUG] generate: NEED_HEADER for SendCallback@410c6bef[PROCESSING][i=HTTP/1.1{s=200,h=4,cl=-1},cb=org.eclipse.jetty.server.HttpChannel$SendCallback@49981692] (null,[p=0,l=753,c=32768,r=753],true)@START
[DEBUG] generateHeaders HTTP/1.1{s=200,h=4,cl=-1} last=true content=DirectByteBuffer@7c27fa39[p=0,l=753,c=32768,r=753]={<<<<title>Webserver Environm...zip</td></tr>\n</table>\n>>> id quam<...gue. Pr}
[DEBUG] Date: Tue, 28 Sep 2021 06:03:32 GMT
Content-Type: text/html;charset=utf-8
Cache-Control: no-cache
Cache-Control: no-store


[DEBUG] CONTENT_LENGTH
[DEBUG] generate: FLUSH for SendCallback@410c6bef[PROCESSING][i=HTTP/1.1{s=200,h=4,cl=-1},cb=org.eclipse.jetty.server.HttpChannel$SendCallback@49981692] ([p=0,l=199,c=8192,r=199],[p=0,l=753,c=32768,r=753],true)@COMPLETING
[DEBUG] write: WriteFlusher@2071150d{IDLE}->null [HeapByteBuffer@460916c[p=0,l=199,c=8192,r=199]={<<<HTTP/1.1 200 OK\r\nDate: Tu...y(9.4.43.v20210629)\r\n\r\n>>>o) Chrome...\x00\x00\x00\x00\x00\x00\x00},DirectByteBuffer@7c27fa39[p=0,l=753,c=32768,r=753]={<<<<title>Webserver Environm...zip</td></tr>\n</table>\n>>> id quam<...gue. Pr}]
[DEBUG] update WriteFlusher@2071150d{WRITING}->null:IDLE-->WRITING
]]></system-out>
  </testcase>
  <testcase name="postFiles" classname="org.jsoup.integration.ConnectTest" time="0.027">
    <system-out><![CDATA[[DEBUG] flushed 952 SocketChannelEndPoint@3d491fad{l=/127.0.0.1:35372,r=/127.0.0.1:60190,OPEN,fill=-,flush=W,to=21/30000}{io=0/0,kio=0,kro=1}->HttpConnection@3e7171e5[p=HttpParser{s=END,0 of -1},g=HttpGenerator@274dcaa5{s=COMPLETING}]=>HttpChannelOverHttp@36eb5f45{s=HttpChannelState@23232c72{s=HANDLING rs=COMPLETING os=COMMITTED is=READY awp=false se=false i=false al=0},r=48,c=false/false,a=HANDLING,uri=//localhost:35372/EchoServlet,age=21}
[DEBUG] Flushed=true written=952 remaining=0 WriteFlusher@2071150d{WRITING}->null
[DEBUG] update WriteFlusher@2071150d{IDLE}->null:WRITING-->IDLE
[DEBUG] generate: DONE for SendCallback@410c6bef[PROCESSING][i=HTTP/1.1{s=200,h=4,cl=-1},cb=org.eclipse.jetty.server.HttpChannel$SendCallback@49981692] ([p=199,l=199,c=8192,r=0],[p=753,l=753,c=32768,r=0],true)@END
[DEBUG] onWriteComplete(true,null) s=CLOSING,api=BLOCKED,sc=false,e=null->s=CLOSED,api=BLOCKING,sc=false,e=null c=null cb=org.eclipse.jetty.util.Callback$3@707135a3 w=false
[DEBUG] completed HttpChannelState@23232c72{s=HANDLING rs=COMPLETING os=COMPLETED is=READY awp=false se=false i=false al=0}
[DEBUG] unhandle HttpChannelState@23232c72{s=HANDLING rs=COMPLETED os=COMPLETED is=READY awp=false se=false i=false al=0}
[DEBUG] nextAction(false) TERMINATED HttpChannelState@23232c72{s=IDLE rs=COMPLETED os=COMPLETED is=READY awp=false se=false i=false al=0}
[DEBUG] action TERMINATED HttpChannelOverHttp@36eb5f45{s=HttpChannelState@23232c72{s=IDLE rs=COMPLETED os=COMPLETED is=READY awp=false se=false i=false al=0},r=48,c=true/true,a=IDLE,uri=//localhost:35372/EchoServlet,age=21}
[DEBUG] onCompleted for /EchoServlet written=753
[DEBUG] recycle HttpChannelState@23232c72{s=IDLE rs=COMPLETED os=COMPLETED is=READY awp=false se=false i=false al=0}
[DEBUG] reset HttpParser{s=END,0 of -1}
[DEBUG] END --> START
[DEBUG] !handle TERMINATED HttpChannelOverHttp@36eb5f45{s=HttpChannelState@23232c72{s=IDLE rs=BLOCKING os=OPEN is=IDLE awp=false se=false i=true al=0},r=48,c=false/false,a=IDLE,uri=null,age=0}
[DEBUG] filled 8192 HeapByteBuffer@1ef04a69[p=0,l=8192,c=8192,r=8192]={<<<POST /EchoServlet HTTP/1....\xFe\xE0\xA1\xB1xP\xA9s~\xE6}\x1f\x95\x9a\x01q\xCe\x1f\xAf\xC2\x8d\xCey>>>}
[DEBUG] HttpConnection@3e7171e5::SocketChannelEndPoint@3d491fad{l=/127.0.0.1:35372,r=/127.0.0.1:60190,OPEN,fill=-,flush=-,to=0/30000}{io=0/0,kio=0,kro=1}->HttpConnection@3e7171e5[p=HttpParser{s=START,0 of -1},g=HttpGenerator@274dcaa5{s=START}]=>HttpChannelOverHttp@36eb5f45{s=HttpChannelState@23232c72{s=IDLE rs=BLOCKING os=OPEN is=IDLE awp=false se=false i=true al=0},r=48,c=false/false,a=IDLE,uri=null,age=0} filled 8192 HeapByteBuffer@1ef04a69[p=0,l=8192,c=8192,r=8192]={<<<POST /EchoServlet HTTP/1....\xFe\xE0\xA1\xB1xP\xA9s~\xE6}\x1f\x95\x9a\x01q\xCe\x1f\xAf\xC2\x8d\xCey>>>}
[DEBUG] HttpConnection@3e7171e5::SocketChannelEndPoint@3d491fad{l=/127.0.0.1:35372,r=/127.0.0.1:60190,OPEN,fill=-,flush=-,to=0/30000}{io=0/0,kio=0,kro=1}->HttpConnection@3e7171e5[p=HttpParser{s=START,0 of -1},g=HttpGenerator@274dcaa5{s=START}]=>HttpChannelOverHttp@36eb5f45{s=HttpChannelState@23232c72{s=IDLE rs=BLOCKING os=OPEN is=IDLE awp=false se=false i=true al=0},r=48,c=false/false,a=IDLE,uri=null,age=0} parse HeapByteBuffer@1ef04a69[p=0,l=8192,c=8192,r=8192]={<<<POST /EchoServlet HTTP/1....\xFe\xE0\xA1\xB1xP\xA9s~\xE6}\x1f\x95\x9a\x01q\xCe\x1f\xAf\xC2\x8d\xCey>>>} {}
[DEBUG] parseNext s=START HeapByteBuffer@1ef04a69[p=0,l=8192,c=8192,r=8192]={<<<POST /EchoServlet HTTP/1....\xFe\xE0\xA1\xB1xP\xA9s~\xE6}\x1f\x95\x9a\x01q\xCe\x1f\xAf\xC2\x8d\xCey>>>}
[DEBUG] START --> SPACE1
[DEBUG] SPACE1 --> URI
[DEBUG] URI --> SPACE2
[DEBUG] SPACE2 --> REQUEST_VERSION
[DEBUG] REQUEST_VERSION --> HEADER
[DEBUG] HEADER:Accept-Encoding: gzip --> IN_VALUE
[DEBUG] HEADER:Accept-Encoding: gzip --> FIELD
[DEBUG] HEADER:User-Agent: Mozilla/5.0 (Windows NT 10.0; Win64; x64) AppleWebKit/537.36 (KHTML, like Gecko) Chrome/79.0.3945.130 Safari/537.36 --> IN_VALUE
[DEBUG] HEADER:User-Agent: Mozilla/5.0 (Windows NT 10.0; Win64; x64) AppleWebKit/537.36 (KHTML, like Gecko) Chrome/79.0.3945.130 Safari/537.36 --> FIELD
[DEBUG] HEADER:Content-Type --> VALUE
[DEBUG] HEADER:Content-Type --> IN_VALUE
[DEBUG] HEADER:Content-Type --> FIELD
[DEBUG] HEADER:Host: localhost:35372 --> IN_VALUE
[DEBUG] HEADER:Host: localhost:35372 --> FIELD
[DEBUG] HEADER:Accept: text/html, image/gif, image/jpeg, *; q=.2, */*; q=.2 --> IN_VALUE
[DEBUG] HEADER:Accept: text/html, image/gif, image/jpeg, *; q=.2, */*; q=.2 --> FIELD
[DEBUG] HEADER:Connection: keep-alive --> IN_VALUE
[DEBUG] HEADER:Connection: keep-alive --> FIELD
[DEBUG] HEADER:Content-Length --> VALUE
[DEBUG] HEADER:Content-Length --> IN_VALUE
[DEBUG] HEADER:Content-Length --> FIELD
[DEBUG] HEADER --> CONTENT
[DEBUG] REQUEST for //localhost:35372/EchoServlet on HttpChannelOverHttp@36eb5f45{s=HttpChannelState@23232c72{s=IDLE rs=BLOCKING os=OPEN is=IDLE awp=false se=false i=true al=0},r=49,c=false/false,a=IDLE,uri=//localhost:35372/EchoServlet,age=0}
POST //localhost:35372/EchoServlet HTTP/1.1
Accept-Encoding: gzip
User-Agent: Mozilla/5.0 (Windows NT 10.0; Win64; x64) AppleWebKit/537.36 (KHTML, like Gecko) Chrome/79.0.3945.130 Safari/537.36
Content-Type: multipart/form-data; boundary=nDr2-jyGCjOClpr04ZYt-so7cnAoxCLA
Host: localhost:35372
Accept: text/html, image/gif, image/jpeg, *; q=.2, */*; q=.2
Connection: keep-alive
Content-Length: 13786


[DEBUG] HttpConnection@3e7171e5::SocketChannelEndPoint@3d491fad{l=/127.0.0.1:35372,r=/127.0.0.1:60190,OPEN,fill=-,flush=-,to=5/30000}{io=0/0,kio=0,kro=1}->HttpConnection@3e7171e5[p=HttpParser{s=CONTENT,0 of 13786},g=HttpGenerator@274dcaa5{s=START}]=>HttpChannelOverHttp@36eb5f45{s=HttpChannelState@23232c72{s=IDLE rs=BLOCKING os=OPEN is=IDLE awp=false se=false i=true al=0},r=49,c=false/false,a=IDLE,uri=//localhost:35372/EchoServlet,age=0} parsed true HttpParser{s=CONTENT,0 of 13786}
[DEBUG] handle //localhost:35372/EchoServlet HttpChannelOverHttp@36eb5f45{s=HttpChannelState@23232c72{s=IDLE rs=BLOCKING os=OPEN is=IDLE awp=false se=false i=true al=0},r=49,c=false/false,a=IDLE,uri=//localhost:35372/EchoServlet,age=0} 
[DEBUG] handling HttpChannelState@23232c72{s=IDLE rs=BLOCKING os=OPEN is=IDLE awp=false se=false i=true al=0}
[DEBUG] action DISPATCH HttpChannelOverHttp@36eb5f45{s=HttpChannelState@23232c72{s=HANDLING rs=BLOCKING os=OPEN is=IDLE awp=false se=false i=true al=0},r=49,c=false/false,a=HANDLING,uri=//localhost:35372/EchoServlet,age=0}
[DEBUG] REQUEST POST /EchoServlet on HttpChannelOverHttp@36eb5f45{s=HttpChannelState@23232c72{s=HANDLING rs=BLOCKING os=OPEN is=IDLE awp=false se=false i=true al=0},r=49,c=false/false,a=HANDLING,uri=//localhost:35372/EchoServlet,age=0}
[DEBUG] servlet null|/EchoServlet|null -> org.jsoup.integration.servlets.EchoServlet-60d1a32f==org.jsoup.integration.servlets.EchoServlet@1f7ecb09{jsp=null,order=-1,inst=true,async=true,src=EMBEDDED:null,STARTED}
[DEBUG] chain=null
[DEBUG] write(array HeapByteBuffer@f3edc1[p=0,l=235,c=512,r=235]={<<<<title>Webserver Environm...\n    <table border="0">>>>\x00\x00\x00\x00\x00\x00\x00\x00\x00...\x00\x00\x00\x00\x00\x00\x00})
[DEBUG] write(array) s=OPEN,api=BLOCKING,sc=false,e=null aggregated !flush DirectByteBuffer@38e5eb8d[p=0,l=235,c=32768,r=235]={<<<<title>Webserver Environm...\n    <table border="0">>>><tr><th>M...gue. Pr}
[DEBUG] write(array HeapByteBuffer@79d60c51[p=0,l=37,c=512,r=37]={<<<<tr><th>Method</th><td>POST</td></tr>>>>s</title>...\x00\x00\x00\x00\x00\x00\x00})
[DEBUG] write(array) s=OPEN,api=BLOCKING,sc=false,e=null aggregated !flush DirectByteBuffer@38e5eb8d[p=0,l=272,c=32768,r=272]={<<<<title>Webserver Environm...</th><td>POST</td></tr>>>><tr><th>R...gue. Pr}
[DEBUG] write(array HeapByteBuffer@ad2188[p=0,l=1,c=512,r=1]={<<<\n>>>tr><th>Me...\x00\x00\x00\x00\x00\x00\x00})
[DEBUG] write(array) s=OPEN,api=BLOCKING,sc=false,e=null aggregated !flush DirectByteBuffer@38e5eb8d[p=0,l=273,c=32768,r=273]={<<<<title>Webserver Environm.../th><td>POST</td></tr>\n>>>tr><th>Re...gue. Pr}
[DEBUG] write(array HeapByteBuffer@9888b89[p=0,l=50,c=512,r=50]={<<<<tr><th>Request URI</th><...>/EchoServlet</td></tr>>>> <style t...\x00\x00\x00\x00\x00\x00\x00})
[DEBUG] write(array) s=OPEN,api=BLOCKING,sc=false,e=null aggregated !flush DirectByteBuffer@38e5eb8d[p=0,l=323,c=32768,r=323]={<<<<title>Webserver Environm...>/EchoServlet</td></tr>>>><tr><th>Q...gue. Pr}
[DEBUG] write(array HeapByteBuffer@160af29c[p=0,l=1,c=512,r=1]={<<<\n>>>tr><th>Re...\x00\x00\x00\x00\x00\x00\x00})
[DEBUG] write(array) s=OPEN,api=BLOCKING,sc=false,e=null aggregated !flush DirectByteBuffer@38e5eb8d[p=0,l=324,c=32768,r=324]={<<<<title>Webserver Environm.../EchoServlet</td></tr>\n>>>tr><th>Qu...gue. Pr}
[DEBUG] write(array HeapByteBuffer@5f77c088[p=0,l=39,c=512,r=39]={<<<<tr><th>Query String</th><td></td></tr>>>>t</td></t...\x00\x00\x00\x00\x00\x00\x00})
[DEBUG] write(array) s=OPEN,api=BLOCKING,sc=false,e=null aggregated !flush DirectByteBuffer@38e5eb8d[p=0,l=363,c=32768,r=363]={<<<<title>Webserver Environm...ring</th><td></td></tr>>>><tr><th>c...gue. Pr}
[DEBUG] write(array HeapByteBuffer@36bf1b8f[p=0,l=1,c=512,r=1]={<<<\n>>>tr><th>Qu...\x00\x00\x00\x00\x00\x00\x00})
[DEBUG] write(array) s=OPEN,api=BLOCKING,sc=false,e=null aggregated !flush DirectByteBuffer@38e5eb8d[p=0,l=364,c=32768,r=364]={<<<<title>Webserver Environm...ing</th><td></td></tr>\n>>>tr><th>co...gue. Pr}
[DEBUG] write(array HeapByteBuffer@7b261a12[p=0,l=85,c=512,r=85]={<<<<tr><th>Accept</th><td>te....2, */*; q=.2</td></tr>>>>, td, th ...\x00\x00\x00\x00\x00\x00\x00})
[DEBUG] write(array) s=OPEN,api=BLOCKING,sc=false,e=null aggregated !flush DirectByteBuffer@38e5eb8d[p=0,l=449,c=32768,r=449]={<<<<title>Webserver Environm....2, */*; q=.2</td></tr>>>>jpeg, *; ...gue. Pr}
[DEBUG] write(array HeapByteBuffer@3af989f8[p=0,l=1,c=512,r=1]={<<<\n>>>tr><th>Ac...\x00\x00\x00\x00\x00\x00\x00})
[DEBUG] write(array) s=OPEN,api=BLOCKING,sc=false,e=null aggregated !flush DirectByteBuffer@38e5eb8d[p=0,l=450,c=32768,r=450]={<<<<title>Webserver Environm...2, */*; q=.2</td></tr>\n>>>peg, *; q...gue. Pr}
[DEBUG] write(array HeapByteBuffer@5beb6daf[p=0,l=152,c=512,r=152]={<<<<tr><th>User-Agent</th><t...Safari/537.36</td></tr>>>>      th ...\x00\x00\x00\x00\x00\x00\x00})
[DEBUG] write(array) s=OPEN,api=BLOCKING,sc=false,e=null aggregated !flush DirectByteBuffer@38e5eb8d[p=0,l=602,c=32768,r=602]={<<<<title>Webserver Environm...Safari/537.36</td></tr>>>>0.3945.13...gue. Pr}
[DEBUG] write(array HeapByteBuffer@15c6763e[p=0,l=1,c=512,r=1]={<<<\n>>>tr><th>Us...\x00\x00\x00\x00\x00\x00\x00})
[DEBUG] write(array) s=OPEN,api=BLOCKING,sc=false,e=null aggregated !flush DirectByteBuffer@38e5eb8d[p=0,l=603,c=32768,r=603]={<<<<title>Webserver Environm...afari/537.36</td></tr>\n>>>.3945.130...gue. Pr}
[DEBUG] write(array HeapByteBuffer@5efb181e[p=0,l=47,c=512,r=47]={<<<<tr><th>Connection</th><td>keep-alive</td></tr>>>> NT 10.0;...\x00\x00\x00\x00\x00\x00\x00})
[DEBUG] write(array) s=OPEN,api=BLOCKING,sc=false,e=null aggregated !flush DirectByteBuffer@38e5eb8d[p=0,l=650,c=32768,r=650]={<<<<title>Webserver Environm...td>keep-alive</td></tr>>>>ction</th...gue. Pr}
[DEBUG] write(array HeapByteBuffer@283bec70[p=0,l=1,c=512,r=1]={<<<\n>>>tr><th>Co...\x00\x00\x00\x00\x00\x00\x00})
[DEBUG] write(array) s=OPEN,api=BLOCKING,sc=false,e=null aggregated !flush DirectByteBuffer@38e5eb8d[p=0,l=651,c=32768,r=651]={<<<<title>Webserver Environm...d>keep-alive</td></tr>\n>>>tion</th>...gue. Pr}
[DEBUG] write(array HeapByteBuffer@283d7acd[p=0,l=46,c=512,r=46]={<<<<tr><th>Host</th><td>localhost:35372</td></tr>>>>> NT 10.0...\x00\x00\x00\x00\x00\x00\x00})
[DEBUG] write(array) s=OPEN,api=BLOCKING,sc=false,e=null aggregated !flush DirectByteBuffer@38e5eb8d[p=0,l=697,c=32768,r=697]={<<<<title>Webserver Environm...calhost:35372</td></tr>>>></th><td>...gue. Pr}
[DEBUG] write(array HeapByteBuffer@eec9e72[p=0,l=1,c=512,r=1]={<<<\n>>>tr><th>Ho...\x00\x00\x00\x00\x00\x00\x00})
[DEBUG] write(array) s=OPEN,api=BLOCKING,sc=false,e=null aggregated !flush DirectByteBuffer@38e5eb8d[p=0,l=698,c=32768,r=698]={<<<<title>Webserver Environm...alhost:35372</td></tr>\n>>>/th><td>l...gue. Pr}
[DEBUG] write(array HeapByteBuffer@8514c59[p=0,l=46,c=512,r=46]={<<<<tr><th>Accept-Encoding</th><td>gzip</td></tr>>>>> NT 10.0...\x00\x00\x00\x00\x00\x00\x00})
[DEBUG] write(array) s=OPEN,api=BLOCKING,sc=false,e=null aggregated !flush DirectByteBuffer@38e5eb8d[p=0,l=744,c=32768,r=744]={<<<<title>Webserver Environm...</th><td>gzip</td></tr>>>>pt-Encodi...gue. Pr}
[DEBUG] write(array HeapByteBuffer@7ffe694f[p=0,l=1,c=512,r=1]={<<<\n>>>tr><th>Ac...\x00\x00\x00\x00\x00\x00\x00})
[DEBUG] write(array) s=OPEN,api=BLOCKING,sc=false,e=null aggregated !flush DirectByteBuffer@38e5eb8d[p=0,l=745,c=32768,r=745]={<<<<title>Webserver Environm.../th><td>gzip</td></tr>\n>>>t-Encodin...gue. Pr}
[DEBUG] write(array HeapByteBuffer@3c569f6f[p=0,l=46,c=512,r=46]={<<<<tr><th>Content-Length</th><td>13786</td></tr>>>>> NT 10.0...\x00\x00\x00\x00\x00\x00\x00})
[DEBUG] write(array) s=OPEN,api=BLOCKING,sc=false,e=null aggregated !flush DirectByteBuffer@38e5eb8d[p=0,l=791,c=32768,r=791]={<<<<title>Webserver Environm.../th><td>13786</td></tr>>>>tr>\n<tr><...gue. Pr}
[DEBUG] write(array HeapByteBuffer@56238999[p=0,l=1,c=512,r=1]={<<<\n>>>tr><th>Co...\x00\x00\x00\x00\x00\x00\x00})
[DEBUG] write(array) s=OPEN,api=BLOCKING,sc=false,e=null aggregated !flush DirectByteBuffer@38e5eb8d[p=0,l=792,c=32768,r=792]={<<<<title>Webserver Environm...th><td>13786</td></tr>\n>>>r>\n<tr><t...gue. Pr}
[DEBUG] write(array HeapByteBuffer@54123480[p=0,l=101,c=512,r=101]={<<<<tr><th>Content-Type</th>...t-so7cnAoxCLA</td></tr>>>>Gecko) Ch...\x00\x00\x00\x00\x00\x00\x00})
[DEBUG] write(array) s=OPEN,api=BLOCKING,sc=false,e=null aggregated !flush DirectByteBuffer@38e5eb8d[p=0,l=893,c=32768,r=893]={<<<<title>Webserver Environm...t-so7cnAoxCLA</td></tr>>>></tr>\n</t...gue. Pr}
[DEBUG] write(array HeapByteBuffer@582a9b5c[p=0,l=1,c=512,r=1]={<<<\n>>>tr><th>Co...\x00\x00\x00\x00\x00\x00\x00})
[DEBUG] write(array) s=OPEN,api=BLOCKING,sc=false,e=null aggregated !flush DirectByteBuffer@38e5eb8d[p=0,l=894,c=32768,r=894]={<<<<title>Webserver Environm...-so7cnAoxCLA</td></tr>\n>>>/tr>\n</ta...gue. Pr}
[DEBUG] newMultiParts LEGACY Request(POST //localhost:35372/EchoServlet)@500fcad1
[DEBUG] HttpConnection@3e7171e5::SocketChannelEndPoint@3d491fad{l=/127.0.0.1:35372,r=/127.0.0.1:60190,OPEN,fill=-,flush=-,to=7/30000}{io=0/0,kio=0,kro=1}->HttpConnection@3e7171e5[p=HttpParser{s=CONTENT,0 of 13786},g=HttpGenerator@274dcaa5{s=START}]=>HttpChannelOverHttp@36eb5f45{s=HttpChannelState@23232c72{s=HANDLING rs=BLOCKING os=OPEN is=IDLE awp=false se=false i=true al=0},r=49,c=false/false,a=HANDLING,uri=//localhost:35372/EchoServlet,age=2} parse HeapByteBuffer@1ef04a69[p=392,l=8192,c=8192,r=7800]={POST /Ech...786\r\n\r\n<<<--nDr2-jyGCjOClpr04ZYt-so...\xFe\xE0\xA1\xB1xP\xA9s~\xE6}\x1f\x95\x9a\x01q\xCe\x1f\xAf\xC2\x8d\xCey>>>} {}
[DEBUG] parseNext s=CONTENT HeapByteBuffer@1ef04a69[p=392,l=8192,c=8192,r=7800]={POST /Ech...786\r\n\r\n<<<--nDr2-jyGCjOClpr04ZYt-so...\xFe\xE0\xA1\xB1xP\xA9s~\xE6}\x1f\x95\x9a\x01q\xCe\x1f\xAf\xC2\x8d\xCey>>>}
[DEBUG] onContent HttpChannelOverHttp@36eb5f45{s=HttpChannelState@23232c72{s=HANDLING rs=BLOCKING os=OPEN is=IDLE awp=false se=false i=true al=0},r=49,c=false/false,a=HANDLING,uri=//localhost:35372/EchoServlet,age=2} Content@1a2aee08{HeapByteBufferR@5f596ff9[p=392,l=8192,c=8192,r=7800]={POST /Ech...786\r\n\r\n<<<--nDr2-jyGCjOClpr04ZYt-so...\xFe\xE0\xA1\xB1xP\xA9s~\xE6}\x1f\x95\x9a\x01q\xCe\x1f\xAf\xC2\x8d\xCey>>>}}
[DEBUG] HttpInputOverHTTP@376cf161[c=0,q=0,[0]=null,s=STREAM] addContent Content@1a2aee08{HeapByteBufferR@5f596ff9[p=392,l=8192,c=8192,r=7800]={POST /Ech...786\r\n\r\n<<<--nDr2-jyGCjOClpr04ZYt-so...\xFe\xE0\xA1\xB1xP\xA9s~\xE6}\x1f\x95\x9a\x01q\xCe\x1f\xAf\xC2\x8d\xCey>>>}}
[DEBUG] HttpConnection@3e7171e5::SocketChannelEndPoint@3d491fad{l=/127.0.0.1:35372,r=/127.0.0.1:60190,OPEN,fill=-,flush=-,to=7/30000}{io=0/0,kio=0,kro=1}->HttpConnection@3e7171e5[p=HttpParser{s=CONTENT,7800 of 13786},g=HttpGenerator@274dcaa5{s=START}]=>HttpChannelOverHttp@36eb5f45{s=HttpChannelState@23232c72{s=HANDLING rs=BLOCKING os=OPEN is=IDLE awp=false se=false i=true al=0},r=49,c=false/false,a=HANDLING,uri=//localhost:35372/EchoServlet,age=2} parsed false HttpParser{s=CONTENT,7800 of 13786}
[DEBUG] HttpInputOverHTTP@376cf161[c=7800,q=0,[0]=null,s=STREAM] read 7800 from Content@1a2aee08{HeapByteBufferR@5f596ff9[p=8192,l=8192,c=8192,r=0]={POST /Ech...\xCe\x1f\xAf\xC2\x8d\xCey<<<>>>}}
[DEBUG] releaseRequestBuffer HttpConnection@3e7171e5::SocketChannelEndPoint@3d491fad{l=/127.0.0.1:35372,r=/127.0.0.1:60190,OPEN,fill=-,flush=-,to=7/30000}{io=0/0,kio=0,kro=1}->HttpConnection@3e7171e5[p=HttpParser{s=CONTENT,7800 of 13786},g=HttpGenerator@274dcaa5{s=START}]=>HttpChannelOverHttp@36eb5f45{s=HttpChannelState@23232c72{s=HANDLING rs=BLOCKING os=OPEN is=IDLE awp=false se=false i=true al=0},r=49,c=false/false,a=HANDLING,uri=//localhost:35372/EchoServlet,age=2}
[DEBUG] filled 5986 HeapByteBuffer@2a66826a[p=0,l=5986,c=8192,r=5986]={<<<\x82\x87\x06\xD7\xE8\xE6Jn\xB7\x87\xBdB{\xE4\xD6\n\xCbE\xEd\x16\x8d\xDd\xC7%o...Clpr04ZYt-so7cnAoxCLA-->>>\x83\xBa\x91\x9d\xEe\xC3"N\xF9...\x86&h\xA0{\xC1\xC2}
[DEBUG] HttpConnection@3e7171e5::SocketChannelEndPoint@3d491fad{l=/127.0.0.1:35372,r=/127.0.0.1:60190,OPEN,fill=-,flush=-,to=0/30000}{io=0/0,kio=0,kro=1}->HttpConnection@3e7171e5[p=HttpParser{s=CONTENT,7800 of 13786},g=HttpGenerator@274dcaa5{s=START}]=>HttpChannelOverHttp@36eb5f45{s=HttpChannelState@23232c72{s=HANDLING rs=BLOCKING os=OPEN is=IDLE awp=false se=false i=true al=0},r=49,c=false/false,a=HANDLING,uri=//localhost:35372/EchoServlet,age=7} filled 5986 HeapByteBuffer@2a66826a[p=0,l=5986,c=8192,r=5986]={<<<\x82\x87\x06\xD7\xE8\xE6Jn\xB7\x87\xBdB{\xE4\xD6\n\xCbE\xEd\x16\x8d\xDd\xC7%o...Clpr04ZYt-so7cnAoxCLA-->>>\x83\xBa\x91\x9d\xEe\xC3"N\xF9...\x86&h\xA0{\xC1\xC2}
[DEBUG] HttpConnection@3e7171e5::SocketChannelEndPoint@3d491fad{l=/127.0.0.1:35372,r=/127.0.0.1:60190,OPEN,fill=-,flush=-,to=0/30000}{io=0/0,kio=0,kro=1}->HttpConnection@3e7171e5[p=HttpParser{s=CONTENT,7800 of 13786},g=HttpGenerator@274dcaa5{s=START}]=>HttpChannelOverHttp@36eb5f45{s=HttpChannelState@23232c72{s=HANDLING rs=BLOCKING os=OPEN is=IDLE awp=false se=false i=true al=0},r=49,c=false/false,a=HANDLING,uri=//localhost:35372/EchoServlet,age=7} parse HeapByteBuffer@2a66826a[p=0,l=5986,c=8192,r=5986]={<<<\x82\x87\x06\xD7\xE8\xE6Jn\xB7\x87\xBdB{\xE4\xD6\n\xCbE\xEd\x16\x8d\xDd\xC7%o...Clpr04ZYt-so7cnAoxCLA-->>>\x83\xBa\x91\x9d\xEe\xC3"N\xF9...\x86&h\xA0{\xC1\xC2} {}
[DEBUG] parseNext s=CONTENT HeapByteBuffer@2a66826a[p=0,l=5986,c=8192,r=5986]={<<<\x82\x87\x06\xD7\xE8\xE6Jn\xB7\x87\xBdB{\xE4\xD6\n\xCbE\xEd\x16\x8d\xDd\xC7%o...Clpr04ZYt-so7cnAoxCLA-->>>\x83\xBa\x91\x9d\xEe\xC3"N\xF9...\x86&h\xA0{\xC1\xC2}
[DEBUG] onContent HttpChannelOverHttp@36eb5f45{s=HttpChannelState@23232c72{s=HANDLING rs=BLOCKING os=OPEN is=IDLE awp=false se=false i=true al=0},r=49,c=false/false,a=HANDLING,uri=//localhost:35372/EchoServlet,age=7} Content@5325ff35{HeapByteBufferR@7d52eec2[p=0,l=5986,c=8192,r=5986]={<<<\x82\x87\x06\xD7\xE8\xE6Jn\xB7\x87\xBdB{\xE4\xD6\n\xCbE\xEd\x16\x8d\xDd\xC7%o...Clpr04ZYt-so7cnAoxCLA-->>>\x83\xBa\x91\x9d\xEe\xC3"N\xF9...\x86&h\xA0{\xC1\xC2}}
[DEBUG] HttpInputOverHTTP@376cf161[c=7800,q=0,[0]=null,s=STREAM] addContent Content@5325ff35{HeapByteBufferR@7d52eec2[p=0,l=5986,c=8192,r=5986]={<<<\x82\x87\x06\xD7\xE8\xE6Jn\xB7\x87\xBdB{\xE4\xD6\n\xCbE\xEd\x16\x8d\xDd\xC7%o...Clpr04ZYt-so7cnAoxCLA-->>>\x83\xBa\x91\x9d\xEe\xC3"N\xF9...\x86&h\xA0{\xC1\xC2}}
[DEBUG] CONTENT --> CONTENT_END
[DEBUG] onContentComplete HttpChannelOverHttp@36eb5f45{s=HttpChannelState@23232c72{s=HANDLING rs=BLOCKING os=OPEN is=IDLE awp=false se=false i=true al=0},r=49,c=false/false,a=HANDLING,uri=//localhost:35372/EchoServlet,age=7}
[DEBUG] CONTENT_END --> END
[DEBUG] onRequestComplete HttpChannelOverHttp@36eb5f45{s=HttpChannelState@23232c72{s=HANDLING rs=BLOCKING os=OPEN is=IDLE awp=false se=false i=true al=0},r=49,c=false/false,a=HANDLING,uri=//localhost:35372/EchoServlet,age=7}
[DEBUG] HttpInputOverHTTP@376cf161[c=7800,q=1,[0]=EOF,s=STREAM] addContent EOF
[DEBUG] HttpConnection@3e7171e5::SocketChannelEndPoint@3d491fad{l=/127.0.0.1:35372,r=/127.0.0.1:60190,OPEN,fill=-,flush=-,to=0/30000}{io=0/0,kio=0,kro=1}->HttpConnection@3e7171e5[p=HttpParser{s=END,13786 of 13786},g=HttpGenerator@274dcaa5{s=START}]=>HttpChannelOverHttp@36eb5f45{s=HttpChannelState@23232c72{s=HANDLING rs=BLOCKING os=OPEN is=IDLE awp=false se=false i=true al=0},r=49,c=false/false,a=HANDLING,uri=//localhost:35372/EchoServlet,age=7} parsed false HttpParser{s=END,13786 of 13786}
[DEBUG] HttpInputOverHTTP@376cf161[c=8192,q=1,[0]=EOF,s=STREAM] read 392 from Content@5325ff35{HeapByteBufferR@7d52eec2[p=392,l=5986,c=8192,r=5594]={\x82\x87\x06\xD7\xE8\xE6Jn\xB7...\x8c\x05\x1c\xC3\x8e\x17\xCf<<<0//\xC0K3\x95\\\x82\xCe\x81\x83\x18\xA1\xB3[)\x11\xEe< \xB0\x9f\xA8\xA0...Clpr04ZYt-so7cnAoxCLA-->>>\x83\xBa\x91\x9d\xEe\xC3"N\xF9...\x86&h\xA0{\xC1\xC2}}
[DEBUG] HttpInputOverHTTP@376cf161[c=13786,q=1,[0]=EOF,s=STREAM] read 5594 from Content@5325ff35{HeapByteBufferR@7d52eec2[p=5986,l=5986,c=8192,r=0]={\x82\x87\x06\xD7\xE8\xE6Jn\xB7...oxCLA--<<<>>>\x83\xBa\x91\x9d\xEe\xC3"N\xF9...\x86&h\xA0{\xC1\xC2}}
[DEBUG] releaseRequestBuffer HttpConnection@3e7171e5::SocketChannelEndPoint@3d491fad{l=/127.0.0.1:35372,r=/127.0.0.1:60190,OPEN,fill=-,flush=-,to=1/30000}{io=0/0,kio=0,kro=1}->HttpConnection@3e7171e5[p=HttpParser{s=END,13786 of 13786},g=HttpGenerator@274dcaa5{s=START}]=>HttpChannelOverHttp@36eb5f45{s=HttpChannelState@23232c72{s=HANDLING rs=BLOCKING os=OPEN is=IDLE awp=false se=false i=true al=0},r=49,c=false/false,a=HANDLING,uri=//localhost:35372/EchoServlet,age=8}
[DEBUG] onEof HttpChannelState@23232c72{s=HANDLING rs=BLOCKING os=OPEN is=IDLE awp=false se=false i=true al=0}
[DEBUG] onEof HttpChannelState@23232c72{s=HANDLING rs=BLOCKING os=OPEN is=READY awp=false se=false i=true al=0}
[DEBUG] write(array HeapByteBuffer@304515ce[p=0,l=39,c=512,r=39]={<<<<tr><th>firstname</th><td>Jay</td></tr>>>>form-data...\x00\x00\x00\x00\x00\x00\x00})
[DEBUG] write(array) s=OPEN,api=BLOCKING,sc=false,e=null aggregated !flush DirectByteBuffer@38e5eb8d[p=0,l=933,c=32768,r=933]={<<<<title>Webserver Environm...e</th><td>Jay</td></tr>>>>ie: auth<...gue. Pr}
[DEBUG] write(array HeapByteBuffer@24779298[p=0,l=1,c=512,r=1]={<<<\n>>>tr><th>fi...\x00\x00\x00\x00\x00\x00\x00})
[DEBUG] write(array) s=OPEN,api=BLOCKING,sc=false,e=null aggregated !flush DirectByteBuffer@38e5eb8d[p=0,l=934,c=32768,r=934]={<<<<title>Webserver Environm...</th><td>Jay</td></tr>\n>>>e: auth</...gue. Pr}
[DEBUG] write(array HeapByteBuffer@58d71d74[p=0,l=38,c=512,r=38]={<<<<tr><th>surname</th><td>Soup</td></tr>>>>>form-dat...\x00\x00\x00\x00\x00\x00\x00})
[DEBUG] write(array) s=OPEN,api=BLOCKING,sc=false,e=null aggregated !flush DirectByteBuffer@38e5eb8d[p=0,l=972,c=32768,r=972]={<<<<title>Webserver Environm...</th><td>Soup</td></tr>>>>h>uname</...gue. Pr}
[DEBUG] write(array HeapByteBuffer@3219cc52[p=0,l=1,c=512,r=1]={<<<\n>>>tr><th>su...\x00\x00\x00\x00\x00\x00\x00})
[DEBUG] write(array) s=OPEN,api=BLOCKING,sc=false,e=null aggregated !flush DirectByteBuffer@38e5eb8d[p=0,l=973,c=32768,r=973]={<<<<title>Webserver Environm.../th><td>Soup</td></tr>\n>>>>uname</t...gue. Pr}
[DEBUG] onEof HttpChannelState@23232c72{s=HANDLING rs=BLOCKING os=OPEN is=READY awp=false se=false i=true al=0}
[DEBUG] write(array HeapByteBuffer@2aea54ba[p=0,l=33,c=512,r=33]={<<<<tr><th>Parts</th><td>4</td></tr>>>></tr>>for...\x00\x00\x00\x00\x00\x00\x00})
[DEBUG] write(array) s=OPEN,api=BLOCKING,sc=false,e=null aggregated !flush DirectByteBuffer@38e5eb8d[p=0,l=1006,c=32768,r=1006]={<<<<title>Webserver Environm...rts</th><td>4</td></tr>>>>d></tr>\n<...gue. Pr}
[DEBUG] write(array HeapByteBuffer@3291f02d[p=0,l=1,c=512,r=1]={<<<\n>>>tr><th>Pa...\x00\x00\x00\x00\x00\x00\x00})
[DEBUG] write(array) s=OPEN,api=BLOCKING,sc=false,e=null aggregated !flush DirectByteBuffer@38e5eb8d[p=0,l=1007,c=32768,r=1007]={<<<<title>Webserver Environm...ts</th><td>4</td></tr>\n>>>></tr>\n<t...gue. Pr}
[DEBUG] write(array HeapByteBuffer@524d77b6[p=0,l=53,c=512,r=53]={<<<<tr><th>Part firstname Co...Type</th><td></td></tr>>>>ndary=nDr...\x00\x00\x00\x00\x00\x00\x00})
[DEBUG] write(array) s=OPEN,api=BLOCKING,sc=false,e=null aggregated !flush DirectByteBuffer@38e5eb8d[p=0,l=1060,c=32768,r=1060]={<<<<title>Webserver Environm...Type</th><td></td></tr>>>>e>\nmenaeo...gue. Pr}
[DEBUG] write(array HeapByteBuffer@2e4a4af1[p=0,l=1,c=512,r=1]={<<<\n>>>tr><th>Pa...\x00\x00\x00\x00\x00\x00\x00})
[DEBUG] write(array) s=OPEN,api=BLOCKING,sc=false,e=null aggregated !flush DirectByteBuffer@38e5eb8d[p=0,l=1061,c=32768,r=1061]={<<<<title>Webserver Environm...ype</th><td></td></tr>\n>>>>\nmenaeos...gue. Pr}
[DEBUG] write(array HeapByteBuffer@56fd9406[p=0,l=55,c=512,r=55]={<<<<tr><th>Part firstname Na...<td>firstname</td></tr>>>>ary=nDr2-...\x00\x00\x00\x00\x00\x00\x00})
[DEBUG] write(array) s=OPEN,api=BLOCKING,sc=false,e=null aggregated !flush DirectByteBuffer@38e5eb8d[p=0,l=1116,c=32768,r=1116]={<<<<title>Webserver Environm...<td>firstname</td></tr>>>> Sed dign...gue. Pr}
[DEBUG] write(array HeapByteBuffer@6b50166c[p=0,l=1,c=512,r=1]={<<<\n>>>tr><th>Pa...\x00\x00\x00\x00\x00\x00\x00})
[DEBUG] write(array) s=OPEN,api=BLOCKING,sc=false,e=null aggregated !flush DirectByteBuffer@38e5eb8d[p=0,l=1117,c=32768,r=1117]={<<<<title>Webserver Environm...td>firstname</td></tr>\n>>>Sed digni...gue. Pr}
[DEBUG] write(array HeapByteBuffer@52193c77[p=0,l=50,c=512,r=50]={<<<<tr><th>Part firstname Fi...name</th><td></td></tr>>>></tr>ary=...\x00\x00\x00\x00\x00\x00\x00})
[DEBUG] write(array) s=OPEN,api=BLOCKING,sc=false,e=null aggregated !flush DirectByteBuffer@38e5eb8d[p=0,l=1167,c=32768,r=1167]={<<<<title>Webserver Environm...name</th><td></td></tr>>>>t eu diam...gue. Pr}
[DEBUG] write(array HeapByteBuffer@2ef8e907[p=0,l=1,c=512,r=1]={<<<\n>>>tr><th>Pa...\x00\x00\x00\x00\x00\x00\x00})
[DEBUG] write(array) s=OPEN,api=BLOCKING,sc=false,e=null aggregated !flush DirectByteBuffer@38e5eb8d[p=0,l=1168,c=32768,r=1168]={<<<<title>Webserver Environm...ame</th><td></td></tr>\n>>> eu diam ...gue. Pr}
[DEBUG] write(array HeapByteBuffer@141f057a[p=0,l=47,c=512,r=47]={<<<<tr><th>Part firstname Size</th><td>3</td></tr>>>>tr></tr>a...\x00\x00\x00\x00\x00\x00\x00})
[DEBUG] write(array) s=OPEN,api=BLOCKING,sc=false,e=null aggregated !flush DirectByteBuffer@38e5eb8d[p=0,l=1215,c=32768,r=1215]={<<<<title>Webserver Environm...ize</th><td>3</td></tr>>>>sque nibh...gue. Pr}
[DEBUG] write(array HeapByteBuffer@7f9792e3[p=0,l=1,c=512,r=1]={<<<\n>>>tr><th>Pa...\x00\x00\x00\x00\x00\x00\x00})
[DEBUG] write(array) s=OPEN,api=BLOCKING,sc=false,e=null aggregated !flush DirectByteBuffer@38e5eb8d[p=0,l=1216,c=32768,r=1216]={<<<<title>Webserver Environm...ze</th><td>3</td></tr>\n>>>que nibh....gue. Pr}
[DEBUG] write(array HeapByteBuffer@64f6e3e2[p=0,l=78,c=512,r=78]={<<<<tr><th>Part secondPart C.../octet-stream</td></tr>>>>t-so7cnAo...\x00\x00\x00\x00\x00\x00\x00})
[DEBUG] write(array) s=OPEN,api=BLOCKING,sc=false,e=null aggregated !flush DirectByteBuffer@38e5eb8d[p=0,l=1294,c=32768,r=1294]={<<<<title>Webserver Environm.../octet-stream</td></tr>>>>llis tris...gue. Pr}
[DEBUG] write(array HeapByteBuffer@d2f9eaa[p=0,l=1,c=512,r=1]={<<<\n>>>tr><th>Pa...\x00\x00\x00\x00\x00\x00\x00})
[DEBUG] write(array) s=OPEN,api=BLOCKING,sc=false,e=null aggregated !flush DirectByteBuffer@38e5eb8d[p=0,l=1295,c=32768,r=1295]={<<<<title>Webserver Environm...octet-stream</td></tr>\n>>>lis trist...gue. Pr}
[DEBUG] write(array HeapByteBuffer@61f76ea0[p=0,l=57,c=512,r=57]={<<<<tr><th>Part secondPart N...td>secondPart</td></tr>>>>ctet-stre...\x00\x00\x00\x00\x00\x00\x00})
[DEBUG] write(array) s=OPEN,api=BLOCKING,sc=false,e=null aggregated !flush DirectByteBuffer@38e5eb8d[p=0,l=1352,c=32768,r=1352]={<<<<title>Webserver Environm...td>secondPart</td></tr>>>>itor. Mor...gue. Pr}
[DEBUG] write(array HeapByteBuffer@2234e8f7[p=0,l=1,c=512,r=1]={<<<\n>>>tr><th>Pa...\x00\x00\x00\x00\x00\x00\x00})
[DEBUG] write(array) s=OPEN,api=BLOCKING,sc=false,e=null aggregated !flush DirectByteBuffer@38e5eb8d[p=0,l=1353,c=32768,r=1353]={<<<<title>Webserver Environm...d>secondPart</td></tr>\n>>>tor. Morb...gue. Pr}
[DEBUG] write(array HeapByteBuffer@718ee6a0[p=0,l=70,c=512,r=70]={<<<<tr><th>Part secondPart F...-ipod.html.gz</td></tr>>>>td></tr>t...\x00\x00\x00\x00\x00\x00\x00})
[DEBUG] write(array) s=OPEN,api=BLOCKING,sc=false,e=null aggregated !flush DirectByteBuffer@38e5eb8d[p=0,l=1423,c=32768,r=1423]={<<<<title>Webserver Environm...-ipod.html.gz</td></tr>>>>. Fusce a...gue. Pr}
[DEBUG] write(array HeapByteBuffer@a5ecf5[p=0,l=1,c=512,r=1]={<<<\n>>>tr><th>Pa...\x00\x00\x00\x00\x00\x00\x00})
[DEBUG] write(array) s=OPEN,api=BLOCKING,sc=false,e=null aggregated !flush DirectByteBuffer@38e5eb8d[p=0,l=1424,c=32768,r=1424]={<<<<title>Webserver Environm...ipod.html.gz</td></tr>\n>>> Fusce ac...gue. Pr}
[DEBUG] write(array HeapByteBuffer@5afd002f[p=0,l=52,c=512,r=52]={<<<<tr><th>Part secondPart S.../th><td>12212</td></tr>>>>.html.gz<...\x00\x00\x00\x00\x00\x00\x00})
[DEBUG] write(array) s=OPEN,api=BLOCKING,sc=false,e=null aggregated !flush DirectByteBuffer@38e5eb8d[p=0,l=1476,c=32768,r=1476]={<<<<title>Webserver Environm.../th><td>12212</td></tr>>>> ipsum. N...gue. Pr}
[DEBUG] write(array HeapByteBuffer@5f8b38d7[p=0,l=1,c=512,r=1]={<<<\n>>>tr><th>Pa...\x00\x00\x00\x00\x00\x00\x00})
[DEBUG] write(array) s=OPEN,api=BLOCKING,sc=false,e=null aggregated !flush DirectByteBuffer@38e5eb8d[p=0,l=1477,c=32768,r=1477]={<<<<title>Webserver Environm...th><td>12212</td></tr>\n>>>ipsum. Nu...gue. Pr}
[DEBUG] write(array HeapByteBuffer@59b67e60[p=0,l=51,c=512,r=51]={<<<<tr><th>Part surname Cont...Type</th><td></td></tr>>>>>.html.gz...\x00\x00\x00\x00\x00\x00\x00})
[DEBUG] write(array) s=OPEN,api=BLOCKING,sc=false,e=null aggregated !flush DirectByteBuffer@38e5eb8d[p=0,l=1528,c=32768,r=1528]={<<<<title>Webserver Environm...Type</th><td></td></tr>>>>t sed, eu...gue. Pr}
[DEBUG] write(array HeapByteBuffer@765bf3e7[p=0,l=1,c=512,r=1]={<<<\n>>>tr><th>Pa...\x00\x00\x00\x00\x00\x00\x00})
[DEBUG] write(array) s=OPEN,api=BLOCKING,sc=false,e=null aggregated !flush DirectByteBuffer@38e5eb8d[p=0,l=1529,c=32768,r=1529]={<<<<title>Webserver Environm...ype</th><td></td></tr>\n>>> sed, eui...gue. Pr}
[DEBUG] write(array HeapByteBuffer@4495797b[p=0,l=51,c=512,r=51]={<<<<tr><th>Part surname Name...h><td>surname</td></tr>>>>>.html.gz...\x00\x00\x00\x00\x00\x00\x00})
[DEBUG] write(array) s=OPEN,api=BLOCKING,sc=false,e=null aggregated !flush DirectByteBuffer@38e5eb8d[p=0,l=1580,c=32768,r=1580]={<<<<title>Webserver Environm...h><td>surname</td></tr>>>>m velit. ...gue. Pr}
[DEBUG] write(array HeapByteBuffer@425ebcbe[p=0,l=1,c=512,r=1]={<<<\n>>>tr><th>Pa...\x00\x00\x00\x00\x00\x00\x00})
[DEBUG] write(array) s=OPEN,api=BLOCKING,sc=false,e=null aggregated !flush DirectByteBuffer@38e5eb8d[p=0,l=1581,c=32768,r=1581]={<<<<title>Webserver Environm...><td>surname</td></tr>\n>>> velit. <...gue. Pr}
[DEBUG] write(array HeapByteBuffer@28f19feb[p=0,l=48,c=512,r=48]={<<<<tr><th>Part surname Filename</th><td></td></tr>>>>tr>>.html...\x00\x00\x00\x00\x00\x00\x00})
[DEBUG] write(array) s=OPEN,api=BLOCKING,sc=false,e=null aggregated !flush DirectByteBuffer@38e5eb8d[p=0,l=1629,c=32768,r=1629]={<<<<title>Webserver Environm...name</th><td></td></tr>>>> litora t...gue. Pr}
[DEBUG] write(array HeapByteBuffer@19c95d9[p=0,l=1,c=512,r=1]={<<<\n>>>tr><th>Pa...\x00\x00\x00\x00\x00\x00\x00})
[DEBUG] write(array) s=OPEN,api=BLOCKING,sc=false,e=null aggregated !flush DirectByteBuffer@38e5eb8d[p=0,l=1630,c=32768,r=1630]={<<<<title>Webserver Environm...ame</th><td></td></tr>\n>>>litora to...gue. Pr}
[DEBUG] write(array HeapByteBuffer@6e2d7a30[p=0,l=45,c=512,r=45]={<<<<tr><th>Part surname Size</th><td>4</td></tr>>>>tr>tr>>.h...\x00\x00\x00\x00\x00\x00\x00})
[DEBUG] write(array) s=OPEN,api=BLOCKING,sc=false,e=null aggregated !flush DirectByteBuffer@38e5eb8d[p=0,l=1675,c=32768,r=1675]={<<<<title>Webserver Environm...ize</th><td>4</td></tr>>>>tos himen...gue. Pr}
[DEBUG] write(array HeapByteBuffer@59a18007[p=0,l=1,c=512,r=1]={<<<\n>>>tr><th>Pa...\x00\x00\x00\x00\x00\x00\x00})
[DEBUG] write(array) s=OPEN,api=BLOCKING,sc=false,e=null aggregated !flush DirectByteBuffer@38e5eb8d[p=0,l=1676,c=32768,r=1676]={<<<<title>Webserver Environm...ze</th><td>4</td></tr>\n>>>os himena...gue. Pr}
[DEBUG] write(array HeapByteBuffer@7d0b421f[p=0,l=63,c=512,r=63]={<<<<tr><th>Part firstPart Co...td>image/jpeg</td></tr>>>>d></tr>td...\x00\x00\x00\x00\x00\x00\x00})
[DEBUG] write(array) s=OPEN,api=BLOCKING,sc=false,e=null aggregated !flush DirectByteBuffer@38e5eb8d[p=0,l=1739,c=32768,r=1739]={<<<<title>Webserver Environm...td>image/jpeg</td></tr>>>>tis, tort...gue. Pr}
[DEBUG] write(array HeapByteBuffer@185c323a[p=0,l=1,c=512,r=1]={<<<\n>>>tr><th>Pa...\x00\x00\x00\x00\x00\x00\x00})
[DEBUG] write(array) s=OPEN,api=BLOCKING,sc=false,e=null aggregated !flush DirectByteBuffer@38e5eb8d[p=0,l=1740,c=32768,r=1740]={<<<<title>Webserver Environm...d>image/jpeg</td></tr>\n>>>is, torto...gue. Pr}
[DEBUG] write(array HeapByteBuffer@1da527fb[p=0,l=55,c=512,r=55]={<<<<tr><th>Part firstPart Na...<td>firstPart</td></tr>>>>td></tr>d...\x00\x00\x00\x00\x00\x00\x00})
[DEBUG] write(array) s=OPEN,api=BLOCKING,sc=false,e=null aggregated !flush DirectByteBuffer@38e5eb8d[p=0,l=1795,c=32768,r=1795]={<<<<title>Webserver Environm...<td>firstPart</td></tr>>>>uis turpi...gue. Pr}
[DEBUG] write(array HeapByteBuffer@48512df0[p=0,l=1,c=512,r=1]={<<<\n>>>tr><th>Pa...\x00\x00\x00\x00\x00\x00\x00})
[DEBUG] write(array) s=OPEN,api=BLOCKING,sc=false,e=null aggregated !flush DirectByteBuffer@38e5eb8d[p=0,l=1796,c=32768,r=1796]={<<<<title>Webserver Environm...td>firstPart</td></tr>\n>>>is turpis...gue. Pr}
[DEBUG] write(array HeapByteBuffer@6fed955f[p=0,l=59,c=512,r=59]={<<<<tr><th>Part firstPart Fi...<td>thumb.jpg</td></tr>>>>/tr>d></t...\x00\x00\x00\x00\x00\x00\x00})
[DEBUG] write(array) s=OPEN,api=BLOCKING,sc=false,e=null aggregated !flush DirectByteBuffer@38e5eb8d[p=0,l=1855,c=32768,r=1855]={<<<<title>Webserver Environm...<td>thumb.jpg</td></tr>>>>b>. Nulla...gue. Pr}
[DEBUG] write(array HeapByteBuffer@1659b77a[p=0,l=1,c=512,r=1]={<<<\n>>>tr><th>Pa...\x00\x00\x00\x00\x00\x00\x00})
[DEBUG] write(array) s=OPEN,api=BLOCKING,sc=false,e=null aggregated !flush DirectByteBuffer@38e5eb8d[p=0,l=1856,c=32768,r=1856]={<<<<title>Webserver Environm...td>thumb.jpg</td></tr>\n>>>>. Nulla ...gue. Pr}
[DEBUG] write(array HeapByteBuffer@2277d0b5[p=0,l=50,c=512,r=50]={<<<<tr><th>Part firstPart Si...</th><td>1052</td></tr>>>>/td></tr>...\x00\x00\x00\x00\x00\x00\x00})
[DEBUG] write(array) s=OPEN,api=BLOCKING,sc=false,e=null aggregated !flush DirectByteBuffer@38e5eb8d[p=0,l=1906,c=32768,r=1906]={<<<<title>Webserver Environm...</th><td>1052</td></tr>>>>ti. Nunc ...gue. Pr}
[DEBUG] write(array HeapByteBuffer@630857a6[p=0,l=1,c=512,r=1]={<<<\n>>>tr><th>Pa...\x00\x00\x00\x00\x00\x00\x00})
[DEBUG] write(array) s=OPEN,api=BLOCKING,sc=false,e=null aggregated !flush DirectByteBuffer@38e5eb8d[p=0,l=1907,c=32768,r=1907]={<<<<title>Webserver Environm.../th><td>1052</td></tr>\n>>>i. Nunc f...gue. Pr}
[DEBUG] write(array HeapByteBuffer@604c61f5[p=0,l=8,c=512,r=8]={<<<</table>>>>Part firs...\x00\x00\x00\x00\x00\x00\x00})
[DEBUG] write(array) s=OPEN,api=BLOCKING,sc=false,e=null aggregated !flush DirectByteBuffer@38e5eb8d[p=0,l=1915,c=32768,r=1915]={<<<<title>Webserver Environm...1052</td></tr>\n</table>>>>feugiat m...gue. Pr}
[DEBUG] write(array HeapByteBuffer@3b75f8e1[p=0,l=1,c=512,r=1]={<<<\n>>>/table>Pa...\x00\x00\x00\x00\x00\x00\x00})
[DEBUG] write(array) s=OPEN,api=BLOCKING,sc=false,e=null aggregated !flush DirectByteBuffer@38e5eb8d[p=0,l=1916,c=32768,r=1916]={<<<<title>Webserver Environm...052</td></tr>\n</table>\n>>>eugiat mi...gue. Pr}
[DEBUG] handled=true async=false committed=false on HttpChannelOverHttp@36eb5f45{s=HttpChannelState@23232c72{s=HANDLING rs=BLOCKING os=OPEN is=READY awp=false se=false i=true al=0},r=49,c=false/false,a=HANDLING,uri=//localhost:35372/EchoServlet,age=14}
[DEBUG] unhandle HttpChannelState@23232c72{s=HANDLING rs=BLOCKING os=OPEN is=READY awp=false se=false i=true al=0}
[DEBUG] nextAction(false) COMPLETE HttpChannelState@23232c72{s=HANDLING rs=COMPLETING os=OPEN is=READY awp=false se=false i=false al=0}
[DEBUG] action COMPLETE HttpChannelOverHttp@36eb5f45{s=HttpChannelState@23232c72{s=HANDLING rs=COMPLETING os=OPEN is=READY awp=false se=false i=false al=0},r=49,c=false/false,a=HANDLING,uri=//localhost:35372/EchoServlet,age=15}
[DEBUG] complete(org.eclipse.jetty.util.Callback$3@279b7542) s=CLOSING,api=BLOCKED,sc=false,e=null s=false e=null, c=DirectByteBuffer@38e5eb8d[p=0,l=1916,c=32768,r=1916]={<<<<title>Webserver Environm...052</td></tr>\n</table>\n>>>eugiat mi...gue. Pr}
[DEBUG] sendResponse info=null content=DirectByteBuffer@38e5eb8d[p=0,l=1916,c=32768,r=1916]={<<<<title>Webserver Environm...052</td></tr>\n</table>\n>>>eugiat mi...gue. Pr} complete=true committing=true callback=org.eclipse.jetty.server.HttpOutput$WriteCompleteCB@68fa370
[DEBUG] COMMIT for /EchoServlet on HttpChannelOverHttp@36eb5f45{s=HttpChannelState@23232c72{s=HANDLING rs=COMPLETING os=COMMITTED is=READY awp=false se=false i=false al=0},r=49,c=false/false,a=HANDLING,uri=//localhost:35372/EchoServlet,age=15}
200 null HTTP/1.1
Date: Tue, 28 Sep 2021 06:03:32 GMT
Content-Type: text/html;charset=utf-8
Cache-Control: no-cache
Cache-Control: no-store


[DEBUG] generate: NEED_HEADER for SendCallback@410c6bef[PROCESSING][i=HTTP/1.1{s=200,h=4,cl=-1},cb=org.eclipse.jetty.server.HttpChannel$SendCallback@54f399d] (null,[p=0,l=1916,c=32768,r=1916],true)@START
[DEBUG] generateHeaders HTTP/1.1{s=200,h=4,cl=-1} last=true content=DirectByteBuffer@38e5eb8d[p=0,l=1916,c=32768,r=1916]={<<<<title>Webserver Environm...052</td></tr>\n</table>\n>>>eugiat mi...gue. Pr}
[DEBUG] Date: Tue, 28 Sep 2021 06:03:32 GMT
Content-Type: text/html;charset=utf-8
Cache-Control: no-cache
Cache-Control: no-store


[DEBUG] CONTENT_LENGTH
[DEBUG] generate: FLUSH for SendCallback@410c6bef[PROCESSING][i=HTTP/1.1{s=200,h=4,cl=-1},cb=org.eclipse.jetty.server.HttpChannel$SendCallback@54f399d] ([p=0,l=200,c=8192,r=200],[p=0,l=1916,c=32768,r=1916],true)@COMPLETING
[DEBUG] write: WriteFlusher@2071150d{IDLE}->null [HeapByteBuffer@460916c[p=0,l=200,c=8192,r=200]={<<<HTTP/1.1 200 OK\r\nDate: Tu...y(9.4.43.v20210629)\r\n\r\n>>>) Chrome/...\x00\x00\x00\x00\x00\x00\x00},DirectByteBuffer@38e5eb8d[p=0,l=1916,c=32768,r=1916]={<<<<title>Webserver Environm...052</td></tr>\n</table>\n>>>eugiat mi...gue. Pr}]
[DEBUG] update WriteFlusher@2071150d{WRITING}->null:IDLE-->WRITING
]]></system-out>
  </testcase>
  <testcase name="secFetchHeadersSurviveRedirect" classname="org.jsoup.integration.ConnectTest" time="0.017">
    <system-out><![CDATA[[DEBUG] flushed 2116 SocketChannelEndPoint@3d491fad{l=/127.0.0.1:35372,r=/127.0.0.1:60190,OPEN,fill=-,flush=W,to=16/30000}{io=0/0,kio=0,kro=1}->HttpConnection@3e7171e5[p=HttpParser{s=END,13786 of 13786},g=HttpGenerator@274dcaa5{s=COMPLETING}]=>HttpChannelOverHttp@36eb5f45{s=HttpChannelState@23232c72{s=HANDLING rs=COMPLETING os=COMMITTED is=READY awp=false se=false i=false al=0},r=49,c=false/false,a=HANDLING,uri=//localhost:35372/EchoServlet,age=23}
[DEBUG] Flushed=true written=2116 remaining=0 WriteFlusher@2071150d{WRITING}->null
[DEBUG] update WriteFlusher@2071150d{IDLE}->null:WRITING-->IDLE
[DEBUG] generate: DONE for SendCallback@410c6bef[PROCESSING][i=HTTP/1.1{s=200,h=4,cl=-1},cb=org.eclipse.jetty.server.HttpChannel$SendCallback@54f399d] ([p=200,l=200,c=8192,r=0],[p=1916,l=1916,c=32768,r=0],true)@END
[DEBUG] onWriteComplete(true,null) s=CLOSING,api=BLOCKED,sc=false,e=null->s=CLOSED,api=BLOCKING,sc=false,e=null c=null cb=org.eclipse.jetty.util.Callback$3@279b7542 w=false
[DEBUG] completed HttpChannelState@23232c72{s=HANDLING rs=COMPLETING os=COMPLETED is=READY awp=false se=false i=false al=0}
[DEBUG] unhandle HttpChannelState@23232c72{s=HANDLING rs=COMPLETED os=COMPLETED is=READY awp=false se=false i=false al=0}
[DEBUG] nextAction(false) TERMINATED HttpChannelState@23232c72{s=IDLE rs=COMPLETED os=COMPLETED is=READY awp=false se=false i=false al=0}
[DEBUG] action TERMINATED HttpChannelOverHttp@36eb5f45{s=HttpChannelState@23232c72{s=IDLE rs=COMPLETED os=COMPLETED is=READY awp=false se=false i=false al=0},r=49,c=true/true,a=IDLE,uri=//localhost:35372/EchoServlet,age=24}
[DEBUG] onCompleted for /EchoServlet written=1916
[DEBUG] recycle HttpChannelState@23232c72{s=IDLE rs=COMPLETED os=COMPLETED is=READY awp=false se=false i=false al=0}
[DEBUG] reset HttpParser{s=END,13786 of 13786}
[DEBUG] END --> START
[DEBUG] !handle TERMINATED HttpChannelOverHttp@36eb5f45{s=HttpChannelState@23232c72{s=IDLE rs=BLOCKING os=OPEN is=IDLE awp=false se=false i=true al=0},r=49,c=false/false,a=IDLE,uri=null,age=0}
[DEBUG] filled 420 HeapByteBuffer@1ef04a69[p=0,l=420,c=8192,r=420]={<<<GET /RedirectServlet?loc=...nection: keep-alive\r\n\r\n>>>AoxCLA\r\nC...\xCe\x1f\xAf\xC2\x8d\xCey}
[DEBUG] HttpConnection@3e7171e5::SocketChannelEndPoint@3d491fad{l=/127.0.0.1:35372,r=/127.0.0.1:60190,OPEN,fill=-,flush=-,to=0/30000}{io=0/0,kio=0,kro=1}->HttpConnection@3e7171e5[p=HttpParser{s=START,0 of -1},g=HttpGenerator@274dcaa5{s=START}]=>HttpChannelOverHttp@36eb5f45{s=HttpChannelState@23232c72{s=IDLE rs=BLOCKING os=OPEN is=IDLE awp=false se=false i=true al=0},r=49,c=false/false,a=IDLE,uri=null,age=0} filled 420 HeapByteBuffer@1ef04a69[p=0,l=420,c=8192,r=420]={<<<GET /RedirectServlet?loc=...nection: keep-alive\r\n\r\n>>>AoxCLA\r\nC...\xCe\x1f\xAf\xC2\x8d\xCey}
[DEBUG] HttpConnection@3e7171e5::SocketChannelEndPoint@3d491fad{l=/127.0.0.1:35372,r=/127.0.0.1:60190,OPEN,fill=-,flush=-,to=0/30000}{io=0/0,kio=0,kro=1}->HttpConnection@3e7171e5[p=HttpParser{s=START,0 of -1},g=HttpGenerator@274dcaa5{s=START}]=>HttpChannelOverHttp@36eb5f45{s=HttpChannelState@23232c72{s=IDLE rs=BLOCKING os=OPEN is=IDLE awp=false se=false i=true al=0},r=49,c=false/false,a=IDLE,uri=null,age=0} parse HeapByteBuffer@1ef04a69[p=0,l=420,c=8192,r=420]={<<<GET /RedirectServlet?loc=...nection: keep-alive\r\n\r\n>>>AoxCLA\r\nC...\xCe\x1f\xAf\xC2\x8d\xCey} {}
[DEBUG] parseNext s=START HeapByteBuffer@1ef04a69[p=0,l=420,c=8192,r=420]={<<<GET /RedirectServlet?loc=...nection: keep-alive\r\n\r\n>>>AoxCLA\r\nC...\xCe\x1f\xAf\xC2\x8d\xCey}
[DEBUG] START --> SPACE1
[DEBUG] SPACE1 --> URI
[DEBUG] URI --> SPACE2
[DEBUG] SPACE2 --> REQUEST_VERSION
[DEBUG] REQUEST_VERSION --> HEADER
[DEBUG] HEADER:Accept-Encoding: gzip --> IN_VALUE
[DEBUG] HEADER:Accept-Encoding: gzip --> FIELD
[DEBUG] HEADER:User-Agent: Mozilla/5.0 (Windows NT 10.0; Win64; x64) AppleWebKit/537.36 (KHTML, like Gecko) Chrome/79.0.3945.130 Safari/537.36 --> IN_VALUE
[DEBUG] HEADER:User-Agent: Mozilla/5.0 (Windows NT 10.0; Win64; x64) AppleWebKit/537.36 (KHTML, like Gecko) Chrome/79.0.3945.130 Safari/537.36 --> FIELD
[DEBUG] HEADER: --> IN_NAME
[DEBUG] HEADER:Random-Header-name --> VALUE
[DEBUG] HEADER:Random-Header-name --> IN_VALUE
[DEBUG] HEADER:Random-Header-name --> FIELD
[DEBUG] HEADER: --> IN_NAME
[DEBUG] HEADER:Sec-Fetch-Site --> VALUE
[DEBUG] HEADER:Sec-Fetch-Site --> IN_VALUE
[DEBUG] HEADER:Sec-Fetch-Site --> FIELD
[DEBUG] HEADER: --> IN_NAME
[DEBUG] HEADER:Sec-Fetch-Mode --> VALUE
[DEBUG] HEADER:Sec-Fetch-Mode --> IN_VALUE
[DEBUG] HEADER:Sec-Fetch-Mode --> FIELD
[DEBUG] HEADER:Host: localhost:35372 --> IN_VALUE
[DEBUG] HEADER:Host: localhost:35372 --> FIELD
[DEBUG] HEADER:Accept: text/html, image/gif, image/jpeg, *; q=.2, */*; q=.2 --> IN_VALUE
[DEBUG] HEADER:Accept: text/html, image/gif, image/jpeg, *; q=.2, */*; q=.2 --> FIELD
[DEBUG] HEADER:Connection: keep-alive --> IN_VALUE
[DEBUG] HEADER:Connection: keep-alive --> FIELD
[DEBUG] HEADER --> CONTENT
[DEBUG] REQUEST for //localhost:35372/RedirectServlet?loc=http%3A%2F%2Flocalhost%3A35372%2FEchoServlet on HttpChannelOverHttp@36eb5f45{s=HttpChannelState@23232c72{s=IDLE rs=BLOCKING os=OPEN is=IDLE awp=false se=false i=true al=0},r=50,c=false/false,a=IDLE,uri=//localhost:35372/RedirectServlet?loc=http%3A%2F%2Flocalhost%3A35372%2FEchoServlet,age=0}
GET //localhost:35372/RedirectServlet?loc=http%3A%2F%2Flocalhost%3A35372%2FEchoServlet HTTP/1.1
Accept-Encoding: gzip
User-Agent: Mozilla/5.0 (Windows NT 10.0; Win64; x64) AppleWebKit/537.36 (KHTML, like Gecko) Chrome/79.0.3945.130 Safari/537.36
Random-Header-name: hello
Sec-Fetch-Site: cross-site
Sec-Fetch-Mode: cors
Host: localhost:35372
Accept: text/html, image/gif, image/jpeg, *; q=.2, */*; q=.2
Connection: keep-alive


[DEBUG] HttpConnection@3e7171e5::SocketChannelEndPoint@3d491fad{l=/127.0.0.1:35372,r=/127.0.0.1:60190,OPEN,fill=-,flush=-,to=0/30000}{io=0/0,kio=0,kro=1}->HttpConnection@3e7171e5[p=HttpParser{s=CONTENT,0 of -1},g=HttpGenerator@274dcaa5{s=START}]=>HttpChannelOverHttp@36eb5f45{s=HttpChannelState@23232c72{s=IDLE rs=BLOCKING os=OPEN is=IDLE awp=false se=false i=true al=0},r=50,c=false/false,a=IDLE,uri=//localhost:35372/RedirectServlet?loc=http%3A%2F%2Flocalhost%3A35372%2FEchoServlet,age=0} parsed true HttpParser{s=CONTENT,0 of -1}
[DEBUG] releaseRequestBuffer HttpConnection@3e7171e5::SocketChannelEndPoint@3d491fad{l=/127.0.0.1:35372,r=/127.0.0.1:60190,OPEN,fill=-,flush=-,to=0/30000}{io=0/0,kio=0,kro=1}->HttpConnection@3e7171e5[p=HttpParser{s=CONTENT,0 of -1},g=HttpGenerator@274dcaa5{s=START}]=>HttpChannelOverHttp@36eb5f45{s=HttpChannelState@23232c72{s=IDLE rs=BLOCKING os=OPEN is=IDLE awp=false se=false i=true al=0},r=50,c=false/false,a=IDLE,uri=//localhost:35372/RedirectServlet?loc=http%3A%2F%2Flocalhost%3A35372%2FEchoServlet,age=0}
[DEBUG] handle //localhost:35372/RedirectServlet?loc=http%3A%2F%2Flocalhost%3A35372%2FEchoServlet HttpChannelOverHttp@36eb5f45{s=HttpChannelState@23232c72{s=IDLE rs=BLOCKING os=OPEN is=IDLE awp=false se=false i=true al=0},r=50,c=false/false,a=IDLE,uri=//localhost:35372/RedirectServlet?loc=http%3A%2F%2Flocalhost%3A35372%2FEchoServlet,age=0} 
[DEBUG] handling HttpChannelState@23232c72{s=IDLE rs=BLOCKING os=OPEN is=IDLE awp=false se=false i=true al=0}
[DEBUG] action DISPATCH HttpChannelOverHttp@36eb5f45{s=HttpChannelState@23232c72{s=HANDLING rs=BLOCKING os=OPEN is=IDLE awp=false se=false i=true al=0},r=50,c=false/false,a=HANDLING,uri=//localhost:35372/RedirectServlet?loc=http%3A%2F%2Flocalhost%3A35372%2FEchoServlet,age=0}
[DEBUG] REQUEST GET /RedirectServlet on HttpChannelOverHttp@36eb5f45{s=HttpChannelState@23232c72{s=HANDLING rs=BLOCKING os=OPEN is=IDLE awp=false se=false i=true al=0},r=50,c=false/false,a=HANDLING,uri=//localhost:35372/RedirectServlet?loc=http%3A%2F%2Flocalhost%3A35372%2FEchoServlet,age=0}
[DEBUG] servlet null|/RedirectServlet|null -> org.jsoup.integration.servlets.RedirectServlet-77bb0ab5==org.jsoup.integration.servlets.RedirectServlet@f84cd177{jsp=null,order=-1,inst=true,async=true,src=EMBEDDED:null,STARTED}
[DEBUG] chain=null
[DEBUG] handled=true async=false committed=false on HttpChannelOverHttp@36eb5f45{s=HttpChannelState@23232c72{s=HANDLING rs=BLOCKING os=OPEN is=IDLE awp=false se=false i=true al=0},r=50,c=false/false,a=HANDLING,uri=//localhost:35372/RedirectServlet?loc=http%3A%2F%2Flocalhost%3A35372%2FEchoServlet,age=5}
[DEBUG] unhandle HttpChannelState@23232c72{s=HANDLING rs=BLOCKING os=OPEN is=IDLE awp=false se=false i=true al=0}
[DEBUG] nextAction(false) COMPLETE HttpChannelState@23232c72{s=HANDLING rs=COMPLETING os=OPEN is=IDLE awp=false se=false i=false al=0}
[DEBUG] action COMPLETE HttpChannelOverHttp@36eb5f45{s=HttpChannelState@23232c72{s=HANDLING rs=COMPLETING os=OPEN is=IDLE awp=false se=false i=false al=0},r=50,c=false/false,a=HANDLING,uri=//localhost:35372/RedirectServlet?loc=http%3A%2F%2Flocalhost%3A35372%2FEchoServlet,age=5}
[DEBUG] filled 0 HeapByteBuffer@2a66826a[p=0,l=0,c=8192,r=0]={<<<>>>\x82\x87\x06\xD7\xE8\xE6Jn\xB7...\x86&h\xA0{\xC1\xC2}
[DEBUG] filled 0 HeapByteBuffer@2a66826a[p=0,l=0,c=8192,r=0]={<<<>>>\x82\x87\x06\xD7\xE8\xE6Jn\xB7...\x86&h\xA0{\xC1\xC2}
[DEBUG] HttpConnection@3e7171e5::SocketChannelEndPoint@3d491fad{l=/127.0.0.1:35372,r=/127.0.0.1:60190,OPEN,fill=-,flush=-,to=6/30000}{io=0/0,kio=0,kro=1}->HttpConnection@3e7171e5[p=HttpParser{s=CONTENT,0 of -1},g=HttpGenerator@274dcaa5{s=START}]=>HttpChannelOverHttp@36eb5f45{s=HttpChannelState@23232c72{s=HANDLING rs=COMPLETING os=OPEN is=IDLE awp=false se=false i=false al=0},r=50,c=false/false,a=HANDLING,uri=//localhost:35372/RedirectServlet?loc=http%3A%2F%2Flocalhost%3A35372%2FEchoServlet,age=5} filled 0 HeapByteBuffer@2a66826a[p=0,l=0,c=8192,r=0]={<<<>>>\x82\x87\x06\xD7\xE8\xE6Jn\xB7...\x86&h\xA0{\xC1\xC2}
[DEBUG] HttpConnection@3e7171e5::SocketChannelEndPoint@3d491fad{l=/127.0.0.1:35372,r=/127.0.0.1:60190,OPEN,fill=-,flush=-,to=6/30000}{io=0/0,kio=0,kro=1}->HttpConnection@3e7171e5[p=HttpParser{s=CONTENT,0 of -1},g=HttpGenerator@274dcaa5{s=START}]=>HttpChannelOverHttp@36eb5f45{s=HttpChannelState@23232c72{s=HANDLING rs=COMPLETING os=OPEN is=IDLE awp=false se=false i=false al=0},r=50,c=false/false,a=HANDLING,uri=//localhost:35372/RedirectServlet?loc=http%3A%2F%2Flocalhost%3A35372%2FEchoServlet,age=5} parse HeapByteBuffer@2a66826a[p=0,l=0,c=8192,r=0]={<<<>>>\x82\x87\x06\xD7\xE8\xE6Jn\xB7...\x86&h\xA0{\xC1\xC2} {}
[DEBUG] parseNext s=CONTENT HeapByteBuffer@2a66826a[p=0,l=0,c=8192,r=0]={<<<>>>\x82\x87\x06\xD7\xE8\xE6Jn\xB7...\x86&h\xA0{\xC1\xC2}
[DEBUG] CONTENT --> CONTENT_END
[DEBUG] onContentComplete HttpChannelOverHttp@36eb5f45{s=HttpChannelState@23232c72{s=HANDLING rs=COMPLETING os=OPEN is=IDLE awp=false se=false i=false al=0},r=50,c=false/false,a=HANDLING,uri=//localhost:35372/RedirectServlet?loc=http%3A%2F%2Flocalhost%3A35372%2FEchoServlet,age=5}
[DEBUG] CONTENT_END --> END
[DEBUG] onRequestComplete HttpChannelOverHttp@36eb5f45{s=HttpChannelState@23232c72{s=HANDLING rs=COMPLETING os=OPEN is=IDLE awp=false se=false i=false al=0},r=50,c=false/false,a=HANDLING,uri=//localhost:35372/RedirectServlet?loc=http%3A%2F%2Flocalhost%3A35372%2FEchoServlet,age=6}
[DEBUG] HttpInputOverHTTP@376cf161[c=0,q=0,[0]=null,s=STREAM] addContent EOF
[DEBUG] HttpConnection@3e7171e5::SocketChannelEndPoint@3d491fad{l=/127.0.0.1:35372,r=/127.0.0.1:60190,OPEN,fill=-,flush=-,to=6/30000}{io=0/0,kio=0,kro=1}->HttpConnection@3e7171e5[p=HttpParser{s=END,0 of -1},g=HttpGenerator@274dcaa5{s=START}]=>HttpChannelOverHttp@36eb5f45{s=HttpChannelState@23232c72{s=HANDLING rs=COMPLETING os=OPEN is=IDLE awp=false se=false i=false al=0},r=50,c=false/false,a=HANDLING,uri=//localhost:35372/RedirectServlet?loc=http%3A%2F%2Flocalhost%3A35372%2FEchoServlet,age=6} parsed false HttpParser{s=END,0 of -1}
[DEBUG] releaseRequestBuffer HttpConnection@3e7171e5::SocketChannelEndPoint@3d491fad{l=/127.0.0.1:35372,r=/127.0.0.1:60190,OPEN,fill=-,flush=-,to=6/30000}{io=0/0,kio=0,kro=1}->HttpConnection@3e7171e5[p=HttpParser{s=END,0 of -1},g=HttpGenerator@274dcaa5{s=START}]=>HttpChannelOverHttp@36eb5f45{s=HttpChannelState@23232c72{s=HANDLING rs=COMPLETING os=OPEN is=IDLE awp=false se=false i=false al=0},r=50,c=false/false,a=HANDLING,uri=//localhost:35372/RedirectServlet?loc=http%3A%2F%2Flocalhost%3A35372%2FEchoServlet,age=6}
[DEBUG] complete(org.eclipse.jetty.util.Callback$3@11697b25) s=CLOSING,api=BLOCKED,sc=false,e=null s=false e=null, c=HeapByteBuffer@13dae45a[p=0,l=0,c=0,r=0]={<<<>>>}
[DEBUG] sendResponse info=null content=HeapByteBuffer@13dae45a[p=0,l=0,c=0,r=0]={<<<>>>} complete=true committing=true callback=org.eclipse.jetty.server.HttpOutput$WriteCompleteCB@6da43d2f
[DEBUG] COMMIT for /RedirectServlet on HttpChannelOverHttp@36eb5f45{s=HttpChannelState@23232c72{s=HANDLING rs=COMPLETING os=COMMITTED is=IDLE awp=false se=false i=false al=0},r=50,c=false/false,a=HANDLING,uri=//localhost:35372/RedirectServlet?loc=http%3A%2F%2Flocalhost%3A35372%2FEchoServlet,age=6}
302 null HTTP/1.1
Date: Tue, 28 Sep 2021 06:03:32 GMT
Location: http://localhost:35372/EchoServlet


[DEBUG] generate: NEED_HEADER for SendCallback@410c6bef[PROCESSING][i=HTTP/1.1{s=302,h=2,cl=-1},cb=org.eclipse.jetty.server.HttpChannel$SendCallback@16cb87c8] (null,[p=0,l=0,c=0,r=0],true)@START
[DEBUG] generateHeaders HTTP/1.1{s=302,h=2,cl=-1} last=true content=HeapByteBuffer@13dae45a[p=0,l=0,c=0,r=0]={<<<>>>}
[DEBUG] Date: Tue, 28 Sep 2021 06:03:32 GMT
Location: http://localhost:35372/EchoServlet


[DEBUG] CONTENT_LENGTH
[DEBUG] generate: FLUSH for SendCallback@410c6bef[PROCESSING][i=HTTP/1.1{s=302,h=2,cl=-1},cb=org.eclipse.jetty.server.HttpChannel$SendCallback@16cb87c8] ([p=0,l=157,c=8192,r=157],[p=0,l=0,c=0,r=0],true)@COMPLETING
[DEBUG] write: WriteFlusher@2071150d{IDLE}->null [HeapByteBuffer@460916c[p=0,l=157,c=8192,r=157]={<<<HTTP/1.1 302 Found\r\nDate:...y(9.4.43.v20210629)\r\n\r\n>>>: 1916\r\nS...\x00\x00\x00\x00\x00\x00\x00}]
[DEBUG] update WriteFlusher@2071150d{WRITING}->null:IDLE-->WRITING
[DEBUG] flushed 157 SocketChannelEndPoint@3d491fad{l=/127.0.0.1:35372,r=/127.0.0.1:60190,OPEN,fill=-,flush=W,to=7/30000}{io=0/0,kio=0,kro=1}->HttpConnection@3e7171e5[p=HttpParser{s=END,0 of -1},g=HttpGenerator@274dcaa5{s=COMPLETING}]=>HttpChannelOverHttp@36eb5f45{s=HttpChannelState@23232c72{s=HANDLING rs=COMPLETING os=COMMITTED is=IDLE awp=false se=false i=false al=0},r=50,c=false/false,a=HANDLING,uri=//localhost:35372/RedirectServlet?loc=http%3A%2F%2Flocalhost%3A35372%2FEchoServlet,age=7}
[DEBUG] Flushed=true written=157 remaining=0 WriteFlusher@2071150d{WRITING}->null
[DEBUG] update WriteFlusher@2071150d{IDLE}->null:WRITING-->IDLE
[DEBUG] generate: DONE for SendCallback@410c6bef[PROCESSING][i=HTTP/1.1{s=302,h=2,cl=-1},cb=org.eclipse.jetty.server.HttpChannel$SendCallback@16cb87c8] ([p=157,l=157,c=8192,r=0],[p=0,l=0,c=0,r=0],true)@END
[DEBUG] onWriteComplete(true,null) s=CLOSING,api=BLOCKED,sc=false,e=null->s=CLOSED,api=BLOCKING,sc=false,e=null c=null cb=org.eclipse.jetty.util.Callback$3@11697b25 w=false
[DEBUG] completed HttpChannelState@23232c72{s=HANDLING rs=COMPLETING os=COMPLETED is=IDLE awp=false se=false i=false al=0}
[DEBUG] unhandle HttpChannelState@23232c72{s=HANDLING rs=COMPLETED os=COMPLETED is=IDLE awp=false se=false i=false al=0}
[DEBUG] nextAction(false) TERMINATED HttpChannelState@23232c72{s=IDLE rs=COMPLETED os=COMPLETED is=IDLE awp=false se=false i=false al=0}
[DEBUG] action TERMINATED HttpChannelOverHttp@36eb5f45{s=HttpChannelState@23232c72{s=IDLE rs=COMPLETED os=COMPLETED is=IDLE awp=false se=false i=false al=0},r=50,c=true/true,a=IDLE,uri=//localhost:35372/RedirectServlet?loc=http%3A%2F%2Flocalhost%3A35372%2FEchoServlet,age=7}
[DEBUG] onCompleted for /RedirectServlet written=0
[DEBUG] recycle HttpChannelState@23232c72{s=IDLE rs=COMPLETED os=COMPLETED is=IDLE awp=false se=false i=false al=0}
[DEBUG] reset HttpParser{s=END,0 of -1}
[DEBUG] END --> START
[DEBUG] !handle TERMINATED HttpChannelOverHttp@36eb5f45{s=HttpChannelState@23232c72{s=IDLE rs=BLOCKING os=OPEN is=IDLE awp=false se=false i=true al=0},r=50,c=false/false,a=IDLE,uri=null,age=0}
[DEBUG] filled 367 HeapByteBuffer@1ef04a69[p=0,l=367,c=8192,r=367]={<<<GET /EchoServlet HTTP/1.1...nection: keep-alive\r\n\r\n>>>/jpeg, *;...\xCe\x1f\xAf\xC2\x8d\xCey}
[DEBUG] HttpConnection@3e7171e5::SocketChannelEndPoint@3d491fad{l=/127.0.0.1:35372,r=/127.0.0.1:60190,OPEN,fill=-,flush=-,to=0/30000}{io=0/0,kio=0,kro=1}->HttpConnection@3e7171e5[p=HttpParser{s=START,0 of -1},g=HttpGenerator@274dcaa5{s=START}]=>HttpChannelOverHttp@36eb5f45{s=HttpChannelState@23232c72{s=IDLE rs=BLOCKING os=OPEN is=IDLE awp=false se=false i=true al=0},r=50,c=false/false,a=IDLE,uri=null,age=0} filled 367 HeapByteBuffer@1ef04a69[p=0,l=367,c=8192,r=367]={<<<GET /EchoServlet HTTP/1.1...nection: keep-alive\r\n\r\n>>>/jpeg, *;...\xCe\x1f\xAf\xC2\x8d\xCey}
[DEBUG] HttpConnection@3e7171e5::SocketChannelEndPoint@3d491fad{l=/127.0.0.1:35372,r=/127.0.0.1:60190,OPEN,fill=-,flush=-,to=0/30000}{io=0/0,kio=0,kro=1}->HttpConnection@3e7171e5[p=HttpParser{s=START,0 of -1},g=HttpGenerator@274dcaa5{s=START}]=>HttpChannelOverHttp@36eb5f45{s=HttpChannelState@23232c72{s=IDLE rs=BLOCKING os=OPEN is=IDLE awp=false se=false i=true al=0},r=50,c=false/false,a=IDLE,uri=null,age=0} parse HeapByteBuffer@1ef04a69[p=0,l=367,c=8192,r=367]={<<<GET /EchoServlet HTTP/1.1...nection: keep-alive\r\n\r\n>>>/jpeg, *;...\xCe\x1f\xAf\xC2\x8d\xCey} {}
[DEBUG] parseNext s=START HeapByteBuffer@1ef04a69[p=0,l=367,c=8192,r=367]={<<<GET /EchoServlet HTTP/1.1...nection: keep-alive\r\n\r\n>>>/jpeg, *;...\xCe\x1f\xAf\xC2\x8d\xCey}
[DEBUG] START --> SPACE1
[DEBUG] SPACE1 --> URI
[DEBUG] URI --> SPACE2
[DEBUG] SPACE2 --> REQUEST_VERSION
[DEBUG] REQUEST_VERSION --> HEADER
[DEBUG] HEADER:Accept-Encoding: gzip --> IN_VALUE
[DEBUG] HEADER:Accept-Encoding: gzip --> FIELD
[DEBUG] HEADER:User-Agent: Mozilla/5.0 (Windows NT 10.0; Win64; x64) AppleWebKit/537.36 (KHTML, like Gecko) Chrome/79.0.3945.130 Safari/537.36 --> IN_VALUE
[DEBUG] HEADER:User-Agent: Mozilla/5.0 (Windows NT 10.0; Win64; x64) AppleWebKit/537.36 (KHTML, like Gecko) Chrome/79.0.3945.130 Safari/537.36 --> FIELD
[DEBUG] HEADER: --> IN_NAME
[DEBUG] HEADER:Random-Header-name --> VALUE
[DEBUG] HEADER:Random-Header-name --> IN_VALUE
[DEBUG] HEADER:Random-Header-name --> FIELD
[DEBUG] HEADER: --> IN_NAME
[DEBUG] HEADER:Sec-Fetch-Site --> VALUE
[DEBUG] HEADER:Sec-Fetch-Site --> IN_VALUE
[DEBUG] HEADER:Sec-Fetch-Site --> FIELD
[DEBUG] HEADER: --> IN_NAME
[DEBUG] HEADER:Sec-Fetch-Mode --> VALUE
[DEBUG] HEADER:Sec-Fetch-Mode --> IN_VALUE
[DEBUG] HEADER:Sec-Fetch-Mode --> FIELD
[DEBUG] HEADER:Host: localhost:35372 --> IN_VALUE
[DEBUG] HEADER:Host: localhost:35372 --> FIELD
[DEBUG] HEADER:Accept: text/html, image/gif, image/jpeg, *; q=.2, */*; q=.2 --> IN_VALUE
[DEBUG] HEADER:Accept: text/html, image/gif, image/jpeg, *; q=.2, */*; q=.2 --> FIELD
[DEBUG] HEADER:Connection: keep-alive --> IN_VALUE
[DEBUG] HEADER:Connection: keep-alive --> FIELD
[DEBUG] HEADER --> CONTENT
[DEBUG] REQUEST for //localhost:35372/EchoServlet on HttpChannelOverHttp@36eb5f45{s=HttpChannelState@23232c72{s=IDLE rs=BLOCKING os=OPEN is=IDLE awp=false se=false i=true al=0},r=51,c=false/false,a=IDLE,uri=//localhost:35372/EchoServlet,age=0}
GET //localhost:35372/EchoServlet HTTP/1.1
Accept-Encoding: gzip
User-Agent: Mozilla/5.0 (Windows NT 10.0; Win64; x64) AppleWebKit/537.36 (KHTML, like Gecko) Chrome/79.0.3945.130 Safari/537.36
Random-Header-name: hello
Sec-Fetch-Site: cross-site
Sec-Fetch-Mode: cors
Host: localhost:35372
Accept: text/html, image/gif, image/jpeg, *; q=.2, */*; q=.2
Connection: keep-alive


[DEBUG] HttpConnection@3e7171e5::SocketChannelEndPoint@3d491fad{l=/127.0.0.1:35372,r=/127.0.0.1:60190,OPEN,fill=-,flush=-,to=0/30000}{io=0/0,kio=0,kro=1}->HttpConnection@3e7171e5[p=HttpParser{s=CONTENT,0 of -1},g=HttpGenerator@274dcaa5{s=START}]=>HttpChannelOverHttp@36eb5f45{s=HttpChannelState@23232c72{s=IDLE rs=BLOCKING os=OPEN is=IDLE awp=false se=false i=true al=0},r=51,c=false/false,a=IDLE,uri=//localhost:35372/EchoServlet,age=0} parsed true HttpParser{s=CONTENT,0 of -1}
[DEBUG] releaseRequestBuffer HttpConnection@3e7171e5::SocketChannelEndPoint@3d491fad{l=/127.0.0.1:35372,r=/127.0.0.1:60190,OPEN,fill=-,flush=-,to=0/30000}{io=0/0,kio=0,kro=1}->HttpConnection@3e7171e5[p=HttpParser{s=CONTENT,0 of -1},g=HttpGenerator@274dcaa5{s=START}]=>HttpChannelOverHttp@36eb5f45{s=HttpChannelState@23232c72{s=IDLE rs=BLOCKING os=OPEN is=IDLE awp=false se=false i=true al=0},r=51,c=false/false,a=IDLE,uri=//localhost:35372/EchoServlet,age=0}
[DEBUG] handle //localhost:35372/EchoServlet HttpChannelOverHttp@36eb5f45{s=HttpChannelState@23232c72{s=IDLE rs=BLOCKING os=OPEN is=IDLE awp=false se=false i=true al=0},r=51,c=false/false,a=IDLE,uri=//localhost:35372/EchoServlet,age=0} 
[DEBUG] handling HttpChannelState@23232c72{s=IDLE rs=BLOCKING os=OPEN is=IDLE awp=false se=false i=true al=0}
[DEBUG] action DISPATCH HttpChannelOverHttp@36eb5f45{s=HttpChannelState@23232c72{s=HANDLING rs=BLOCKING os=OPEN is=IDLE awp=false se=false i=true al=0},r=51,c=false/false,a=HANDLING,uri=//localhost:35372/EchoServlet,age=0}
[DEBUG] REQUEST GET /EchoServlet on HttpChannelOverHttp@36eb5f45{s=HttpChannelState@23232c72{s=HANDLING rs=BLOCKING os=OPEN is=IDLE awp=false se=false i=true al=0},r=51,c=false/false,a=HANDLING,uri=//localhost:35372/EchoServlet,age=0}
[DEBUG] servlet null|/EchoServlet|null -> org.jsoup.integration.servlets.EchoServlet-60d1a32f==org.jsoup.integration.servlets.EchoServlet@1f7ecb09{jsp=null,order=-1,inst=true,async=true,src=EMBEDDED:null,STARTED}
[DEBUG] chain=null
[DEBUG] write(array HeapByteBuffer@6a34c75d[p=0,l=235,c=512,r=235]={<<<<title>Webserver Environm...\n    <table border="0">>>>\x00\x00\x00\x00\x00\x00\x00\x00\x00...\x00\x00\x00\x00\x00\x00\x00})
[DEBUG] write(array) s=OPEN,api=BLOCKING,sc=false,e=null aggregated !flush DirectByteBuffer@67223954[p=0,l=235,c=32768,r=235]={<<<<title>Webserver Environm...\n    <table border="0">>>><tr><th>M...gue. Pr}
[DEBUG] write(array HeapByteBuffer@305e396d[p=0,l=36,c=512,r=36]={<<<<tr><th>Method</th><td>GET</td></tr>>>>es</title...\x00\x00\x00\x00\x00\x00\x00})
[DEBUG] write(array) s=OPEN,api=BLOCKING,sc=false,e=null aggregated !flush DirectByteBuffer@67223954[p=0,l=271,c=32768,r=271]={<<<<title>Webserver Environm...d</th><td>GET</td></tr>>>>\n<tr><th>...gue. Pr}
[DEBUG] write(array HeapByteBuffer@7c5f370c[p=0,l=1,c=512,r=1]={<<<\n>>>tr><th>Me...\x00\x00\x00\x00\x00\x00\x00})
[DEBUG] write(array) s=OPEN,api=BLOCKING,sc=false,e=null aggregated !flush DirectByteBuffer@67223954[p=0,l=272,c=32768,r=272]={<<<<title>Webserver Environm...</th><td>GET</td></tr>\n>>><tr><th>R...gue. Pr}
[DEBUG] write(array HeapByteBuffer@36600a88[p=0,l=50,c=512,r=50]={<<<<tr><th>Request URI</th><...>/EchoServlet</td></tr>>>> <style t...\x00\x00\x00\x00\x00\x00\x00})
[DEBUG] write(array) s=OPEN,api=BLOCKING,sc=false,e=null aggregated !flush DirectByteBuffer@67223954[p=0,l=322,c=32768,r=322]={<<<<title>Webserver Environm...>/EchoServlet</td></tr>>>>\n<tr><th>...gue. Pr}
[DEBUG] write(array HeapByteBuffer@7a223d36[p=0,l=1,c=512,r=1]={<<<\n>>>tr><th>Re...\x00\x00\x00\x00\x00\x00\x00})
[DEBUG] write(array) s=OPEN,api=BLOCKING,sc=false,e=null aggregated !flush DirectByteBuffer@67223954[p=0,l=323,c=32768,r=323]={<<<<title>Webserver Environm.../EchoServlet</td></tr>\n>>><tr><th>Q...gue. Pr}
[DEBUG] write(array HeapByteBuffer@3b76e64e[p=0,l=39,c=512,r=39]={<<<<tr><th>Query String</th><td></td></tr>>>>t</td></t...\x00\x00\x00\x00\x00\x00\x00})
[DEBUG] write(array) s=OPEN,api=BLOCKING,sc=false,e=null aggregated !flush DirectByteBuffer@67223954[p=0,l=362,c=32768,r=362]={<<<<title>Webserver Environm...ring</th><td></td></tr>>>>mp;what=a...gue. Pr}
[DEBUG] write(array HeapByteBuffer@3e14517b[p=0,l=1,c=512,r=1]={<<<\n>>>tr><th>Qu...\x00\x00\x00\x00\x00\x00\x00})
[DEBUG] write(array) s=OPEN,api=BLOCKING,sc=false,e=null aggregated !flush DirectByteBuffer@67223954[p=0,l=363,c=32768,r=363]={<<<<title>Webserver Environm...ing</th><td></td></tr>\n>>>p;what=ab...gue. Pr}
[DEBUG] write(array HeapByteBuffer@896387b[p=0,l=50,c=512,r=50]={<<<<tr><th>Random-Header-nam.../th><td>hello</td></tr>>>> <style t...\x00\x00\x00\x00\x00\x00\x00})
[DEBUG] write(array) s=OPEN,api=BLOCKING,sc=false,e=null aggregated !flush DirectByteBuffer@67223954[p=0,l=413,c=32768,r=413]={<<<<title>Webserver Environm.../th><td>hello</td></tr>>>>h><td>tex...gue. Pr}
[DEBUG] write(array HeapByteBuffer@63b67fd2[p=0,l=1,c=512,r=1]={<<<\n>>>tr><th>Ra...\x00\x00\x00\x00\x00\x00\x00})
[DEBUG] write(array) s=OPEN,api=BLOCKING,sc=false,e=null aggregated !flush DirectByteBuffer@67223954[p=0,l=414,c=32768,r=414]={<<<<title>Webserver Environm...th><td>hello</td></tr>\n>>>><td>text...gue. Pr}
[DEBUG] write(array HeapByteBuffer@6f7eb17c[p=0,l=85,c=512,r=85]={<<<<tr><th>Accept</th><td>te....2, */*; q=.2</td></tr>>>>, td, th ...\x00\x00\x00\x00\x00\x00\x00})
[DEBUG] write(array) s=OPEN,api=BLOCKING,sc=false,e=null aggregated !flush DirectByteBuffer@67223954[p=0,l=499,c=32768,r=499]={<<<<title>Webserver Environm....2, */*; q=.2</td></tr>>>>t</th><td...gue. Pr}
[DEBUG] write(array HeapByteBuffer@73fdaa61[p=0,l=1,c=512,r=1]={<<<\n>>>tr><th>Ac...\x00\x00\x00\x00\x00\x00\x00})
[DEBUG] write(array) s=OPEN,api=BLOCKING,sc=false,e=null aggregated !flush DirectByteBuffer@67223954[p=0,l=500,c=32768,r=500]={<<<<title>Webserver Environm...2, */*; q=.2</td></tr>\n>>></th><td>...gue. Pr}
[DEBUG] write(array HeapByteBuffer@4a111185[p=0,l=152,c=512,r=152]={<<<<tr><th>User-Agent</th><t...Safari/537.36</td></tr>>>>      th ...\x00\x00\x00\x00\x00\x00\x00})
[DEBUG] write(array) s=OPEN,api=BLOCKING,sc=false,e=null aggregated !flush DirectByteBuffer@67223954[p=0,l=652,c=32768,r=652]={<<<<title>Webserver Environm...Safari/537.36</td></tr>>>>alhost:35...gue. Pr}
[DEBUG] write(array HeapByteBuffer@1a09affa[p=0,l=1,c=512,r=1]={<<<\n>>>tr><th>Us...\x00\x00\x00\x00\x00\x00\x00})
[DEBUG] write(array) s=OPEN,api=BLOCKING,sc=false,e=null aggregated !flush DirectByteBuffer@67223954[p=0,l=653,c=32768,r=653]={<<<<title>Webserver Environm...afari/537.36</td></tr>\n>>>lhost:353...gue. Pr}
[DEBUG] write(array HeapByteBuffer@661896[p=0,l=47,c=512,r=47]={<<<<tr><th>Connection</th><td>keep-alive</td></tr>>>> NT 10.0;...\x00\x00\x00\x00\x00\x00\x00})
[DEBUG] write(array) s=OPEN,api=BLOCKING,sc=false,e=null aggregated !flush DirectByteBuffer@67223954[p=0,l=700,c=32768,r=700]={<<<<title>Webserver Environm...td>keep-alive</td></tr>>>>th><td>gz...gue. Pr}
[DEBUG] write(array HeapByteBuffer@1e561459[p=0,l=1,c=512,r=1]={<<<\n>>>tr><th>Co...\x00\x00\x00\x00\x00\x00\x00})
[DEBUG] write(array) s=OPEN,api=BLOCKING,sc=false,e=null aggregated !flush DirectByteBuffer@67223954[p=0,l=701,c=32768,r=701]={<<<<title>Webserver Environm...d>keep-alive</td></tr>\n>>>h><td>gzi...gue. Pr}
[DEBUG] write(array HeapByteBuffer@5c89a32f[p=0,l=51,c=512,r=51]={<<<<tr><th>Sec-Fetch-Site</t...td>cross-site</td></tr>>>>10.0; Win...\x00\x00\x00\x00\x00\x00\x00})
[DEBUG] write(array) s=OPEN,api=BLOCKING,sc=false,e=null aggregated !flush DirectByteBuffer@67223954[p=0,l=752,c=32768,r=752]={<<<<title>Webserver Environm...td>cross-site</td></tr>>>>t &amp; m...gue. Pr}
[DEBUG] write(array HeapByteBuffer@b28b13b[p=0,l=1,c=512,r=1]={<<<\n>>>tr><th>Se...\x00\x00\x00\x00\x00\x00\x00})
[DEBUG] write(array) s=OPEN,api=BLOCKING,sc=false,e=null aggregated !flush DirectByteBuffer@67223954[p=0,l=753,c=32768,r=753]={<<<<title>Webserver Environm...d>cross-site</td></tr>\n>>> &amp; me...gue. Pr}
[DEBUG] write(array HeapByteBuffer@3bbaba60[p=0,l=46,c=512,r=46]={<<<<tr><th>Host</th><td>localhost:35372</td></tr>>>></tr>10.0...\x00\x00\x00\x00\x00\x00\x00})
[DEBUG] write(array) s=OPEN,api=BLOCKING,sc=false,e=null aggregated !flush DirectByteBuffer@67223954[p=0,l=799,c=32768,r=799]={<<<<title>Webserver Environm...calhost:35372</td></tr>>>>\xC3\xE6\xC6\x01\x15\xDf\xC7\x02]...gue. Pr}
[DEBUG] write(array HeapByteBuffer@15609592[p=0,l=1,c=512,r=1]={<<<\n>>>tr><th>Ho...\x00\x00\x00\x00\x00\x00\x00})
[DEBUG] write(array) s=OPEN,api=BLOCKING,sc=false,e=null aggregated !flush DirectByteBuffer@67223954[p=0,l=800,c=32768,r=800]={<<<<title>Webserver Environm...alhost:35372</td></tr>\n>>>\xE6\xC6\x01\x15\xDf\xC7\x02]A...gue. Pr}
[DEBUG] write(array HeapByteBuffer@461dcca[p=0,l=46,c=512,r=46]={<<<<tr><th>Accept-Encoding</th><td>gzip</td></tr>>>></tr>10.0...\x00\x00\x00\x00\x00\x00\x00})
[DEBUG] write(array) s=OPEN,api=BLOCKING,sc=false,e=null aggregated !flush DirectByteBuffer@67223954[p=0,l=846,c=32768,r=846]={<<<<title>Webserver Environm...</th><td>gzip</td></tr>>>>R\xD8\x18\xF4\x19\x1c\x83\xD7\x9e...gue. Pr}
[DEBUG] write(array HeapByteBuffer@4a8e0414[p=0,l=1,c=512,r=1]={<<<\n>>>tr><th>Ac...\x00\x00\x00\x00\x00\x00\x00})
[DEBUG] write(array) s=OPEN,api=BLOCKING,sc=false,e=null aggregated !flush DirectByteBuffer@67223954[p=0,l=847,c=32768,r=847]={<<<<title>Webserver Environm.../th><td>gzip</td></tr>\n>>>\xD8\x18\xF4\x19\x1c\x83\xD7\x9e\xB5...gue. Pr}
[DEBUG] write(array HeapByteBuffer@2409ce9f[p=0,l=45,c=512,r=45]={<<<<tr><th>Sec-Fetch-Mode</th><td>cors</td></tr>>>>></tr>10....\x00\x00\x00\x00\x00\x00\x00})
[DEBUG] write(array) s=OPEN,api=BLOCKING,sc=false,e=null aggregated !flush DirectByteBuffer@67223954[p=0,l=892,c=32768,r=892]={<<<<title>Webserver Environm...</th><td>cors</td></tr>>>>\xEd4\x8d*\xF1u\x1b5\x9a...gue. Pr}
[DEBUG] write(array HeapByteBuffer@35d40389[p=0,l=1,c=512,r=1]={<<<\n>>>tr><th>Se...\x00\x00\x00\x00\x00\x00\x00})
[DEBUG] write(array) s=OPEN,api=BLOCKING,sc=false,e=null aggregated !flush DirectByteBuffer@67223954[p=0,l=893,c=32768,r=893]={<<<<title>Webserver Environm.../th><td>cors</td></tr>\n>>>4\x8d*\xF1u\x1b5\x9a\xD1...gue. Pr}
[DEBUG] filled 0 HeapByteBuffer@2a66826a[p=0,l=0,c=8192,r=0]={<<<>>>\x82\x87\x06\xD7\xE8\xE6Jn\xB7...\x86&h\xA0{\xC1\xC2}
[DEBUG] filled 0 HeapByteBuffer@2a66826a[p=0,l=0,c=8192,r=0]={<<<>>>\x82\x87\x06\xD7\xE8\xE6Jn\xB7...\x86&h\xA0{\xC1\xC2}
[DEBUG] HttpConnection@3e7171e5::SocketChannelEndPoint@3d491fad{l=/127.0.0.1:35372,r=/127.0.0.1:60190,OPEN,fill=-,flush=-,to=5/30000}{io=0/0,kio=0,kro=1}->HttpConnection@3e7171e5[p=HttpParser{s=CONTENT,0 of -1},g=HttpGenerator@274dcaa5{s=START}]=>HttpChannelOverHttp@36eb5f45{s=HttpChannelState@23232c72{s=HANDLING rs=BLOCKING os=OPEN is=IDLE awp=false se=false i=true al=0},r=51,c=false/false,a=HANDLING,uri=//localhost:35372/EchoServlet,age=5} filled 0 HeapByteBuffer@2a66826a[p=0,l=0,c=8192,r=0]={<<<>>>\x82\x87\x06\xD7\xE8\xE6Jn\xB7...\x86&h\xA0{\xC1\xC2}
[DEBUG] HttpConnection@3e7171e5::SocketChannelEndPoint@3d491fad{l=/127.0.0.1:35372,r=/127.0.0.1:60190,OPEN,fill=-,flush=-,to=5/30000}{io=0/0,kio=0,kro=1}->HttpConnection@3e7171e5[p=HttpParser{s=CONTENT,0 of -1},g=HttpGenerator@274dcaa5{s=START}]=>HttpChannelOverHttp@36eb5f45{s=HttpChannelState@23232c72{s=HANDLING rs=BLOCKING os=OPEN is=IDLE awp=false se=false i=true al=0},r=51,c=false/false,a=HANDLING,uri=//localhost:35372/EchoServlet,age=5} parse HeapByteBuffer@2a66826a[p=0,l=0,c=8192,r=0]={<<<>>>\x82\x87\x06\xD7\xE8\xE6Jn\xB7...\x86&h\xA0{\xC1\xC2} {}
[DEBUG] parseNext s=CONTENT HeapByteBuffer@2a66826a[p=0,l=0,c=8192,r=0]={<<<>>>\x82\x87\x06\xD7\xE8\xE6Jn\xB7...\x86&h\xA0{\xC1\xC2}
[DEBUG] CONTENT --> CONTENT_END
[DEBUG] onContentComplete HttpChannelOverHttp@36eb5f45{s=HttpChannelState@23232c72{s=HANDLING rs=BLOCKING os=OPEN is=IDLE awp=false se=false i=true al=0},r=51,c=false/false,a=HANDLING,uri=//localhost:35372/EchoServlet,age=5}
[DEBUG] CONTENT_END --> END
[DEBUG] onRequestComplete HttpChannelOverHttp@36eb5f45{s=HttpChannelState@23232c72{s=HANDLING rs=BLOCKING os=OPEN is=IDLE awp=false se=false i=true al=0},r=51,c=false/false,a=HANDLING,uri=//localhost:35372/EchoServlet,age=5}
[DEBUG] HttpInputOverHTTP@376cf161[c=0,q=0,[0]=null,s=STREAM] addContent EOF
[DEBUG] HttpConnection@3e7171e5::SocketChannelEndPoint@3d491fad{l=/127.0.0.1:35372,r=/127.0.0.1:60190,OPEN,fill=-,flush=-,to=6/30000}{io=0/0,kio=0,kro=1}->HttpConnection@3e7171e5[p=HttpParser{s=END,0 of -1},g=HttpGenerator@274dcaa5{s=START}]=>HttpChannelOverHttp@36eb5f45{s=HttpChannelState@23232c72{s=HANDLING rs=BLOCKING os=OPEN is=IDLE awp=false se=false i=true al=0},r=51,c=false/false,a=HANDLING,uri=//localhost:35372/EchoServlet,age=5} parsed false HttpParser{s=END,0 of -1}
[DEBUG] releaseRequestBuffer HttpConnection@3e7171e5::SocketChannelEndPoint@3d491fad{l=/127.0.0.1:35372,r=/127.0.0.1:60190,OPEN,fill=-,flush=-,to=6/30000}{io=0/0,kio=0,kro=1}->HttpConnection@3e7171e5[p=HttpParser{s=END,0 of -1},g=HttpGenerator@274dcaa5{s=START}]=>HttpChannelOverHttp@36eb5f45{s=HttpChannelState@23232c72{s=HANDLING rs=BLOCKING os=OPEN is=IDLE awp=false se=false i=true al=0},r=51,c=false/false,a=HANDLING,uri=//localhost:35372/EchoServlet,age=6}
[DEBUG] onEof HttpChannelState@23232c72{s=HANDLING rs=BLOCKING os=OPEN is=IDLE awp=false se=false i=true al=0}
[DEBUG] write(array HeapByteBuffer@3fd90e75[p=0,l=8,c=512,r=8]={<<<</table>>>>Sec-Fetch...\x00\x00\x00\x00\x00\x00\x00})
[DEBUG] write(array) s=OPEN,api=BLOCKING,sc=false,e=null aggregated !flush DirectByteBuffer@67223954[p=0,l=901,c=32768,r=901]={<<<<title>Webserver Environm...cors</td></tr>\n</table>>>>\xD1\x824\x82(\xCb\x17*G...gue. Pr}
[DEBUG] write(array HeapByteBuffer@5cd133e[p=0,l=1,c=512,r=1]={<<<\n>>>/table>Se...\x00\x00\x00\x00\x00\x00\x00})
[DEBUG] write(array) s=OPEN,api=BLOCKING,sc=false,e=null aggregated !flush DirectByteBuffer@67223954[p=0,l=902,c=32768,r=902]={<<<<title>Webserver Environm...ors</td></tr>\n</table>\n>>>\x824\x82(\xCb\x17*G-...gue. Pr}
[DEBUG] handled=true async=false committed=false on HttpChannelOverHttp@36eb5f45{s=HttpChannelState@23232c72{s=HANDLING rs=BLOCKING os=OPEN is=READY awp=false se=false i=true al=0},r=51,c=false/false,a=HANDLING,uri=//localhost:35372/EchoServlet,age=6}
[DEBUG] unhandle HttpChannelState@23232c72{s=HANDLING rs=BLOCKING os=OPEN is=READY awp=false se=false i=true al=0}
[DEBUG] nextAction(false) COMPLETE HttpChannelState@23232c72{s=HANDLING rs=COMPLETING os=OPEN is=READY awp=false se=false i=false al=0}
[DEBUG] action COMPLETE HttpChannelOverHttp@36eb5f45{s=HttpChannelState@23232c72{s=HANDLING rs=COMPLETING os=OPEN is=READY awp=false se=false i=false al=0},r=51,c=false/false,a=HANDLING,uri=//localhost:35372/EchoServlet,age=6}
[DEBUG] complete(org.eclipse.jetty.util.Callback$3@6fda582e) s=CLOSING,api=BLOCKED,sc=false,e=null s=false e=null, c=DirectByteBuffer@67223954[p=0,l=902,c=32768,r=902]={<<<<title>Webserver Environm...ors</td></tr>\n</table>\n>>>\x824\x82(\xCb\x17*G-...gue. Pr}
[DEBUG] sendResponse info=null content=DirectByteBuffer@67223954[p=0,l=902,c=32768,r=902]={<<<<title>Webserver Environm...ors</td></tr>\n</table>\n>>>\x824\x82(\xCb\x17*G-...gue. Pr} complete=true committing=true callback=org.eclipse.jetty.server.HttpOutput$WriteCompleteCB@7a87d617
[DEBUG] COMMIT for /EchoServlet on HttpChannelOverHttp@36eb5f45{s=HttpChannelState@23232c72{s=HANDLING rs=COMPLETING os=COMMITTED is=READY awp=false se=false i=false al=0},r=51,c=false/false,a=HANDLING,uri=//localhost:35372/EchoServlet,age=6}
200 null HTTP/1.1
Date: Tue, 28 Sep 2021 06:03:32 GMT
Content-Type: text/html;charset=utf-8
Cache-Control: no-cache
Cache-Control: no-store


[DEBUG] generate: NEED_HEADER for SendCallback@410c6bef[PROCESSING][i=HTTP/1.1{s=200,h=4,cl=-1},cb=org.eclipse.jetty.server.HttpChannel$SendCallback@d5ac594] (null,[p=0,l=902,c=32768,r=902],true)@START
[DEBUG] generateHeaders HTTP/1.1{s=200,h=4,cl=-1} last=true content=DirectByteBuffer@67223954[p=0,l=902,c=32768,r=902]={<<<<title>Webserver Environm...ors</td></tr>\n</table>\n>>>\x824\x82(\xCb\x17*G-...gue. Pr}
[DEBUG] Date: Tue, 28 Sep 2021 06:03:32 GMT
Content-Type: text/html;charset=utf-8
Cache-Control: no-cache
Cache-Control: no-store


[DEBUG] CONTENT_LENGTH
[DEBUG] generate: FLUSH for SendCallback@410c6bef[PROCESSING][i=HTTP/1.1{s=200,h=4,cl=-1},cb=org.eclipse.jetty.server.HttpChannel$SendCallback@d5ac594] ([p=0,l=199,c=8192,r=199],[p=0,l=902,c=32768,r=902],true)@COMPLETING
[DEBUG] write: WriteFlusher@2071150d{IDLE}->null [HeapByteBuffer@460916c[p=0,l=199,c=8192,r=199]={<<<HTTP/1.1 200 OK\r\nDate: Tu...y(9.4.43.v20210629)\r\n\r\n>>>\n) Chrome...\x00\x00\x00\x00\x00\x00\x00},DirectByteBuffer@67223954[p=0,l=902,c=32768,r=902]={<<<<title>Webserver Environm...ors</td></tr>\n</table>\n>>>\x824\x82(\xCb\x17*G-...gue. Pr}]
[DEBUG] update WriteFlusher@2071150d{WRITING}->null:IDLE-->WRITING
]]></system-out>
  </testcase>
  <testcase name="canSendSecFetchHeaders" classname="org.jsoup.integration.ConnectTest" time="0.017">
    <system-out><![CDATA[[DEBUG] flushed 1101 SocketChannelEndPoint@3d491fad{l=/127.0.0.1:35372,r=/127.0.0.1:60190,OPEN,fill=-,flush=W,to=14/30000}{io=0/0,kio=0,kro=1}->HttpConnection@3e7171e5[p=HttpParser{s=END,0 of -1},g=HttpGenerator@274dcaa5{s=COMPLETING}]=>HttpChannelOverHttp@36eb5f45{s=HttpChannelState@23232c72{s=HANDLING rs=COMPLETING os=COMMITTED is=READY awp=false se=false i=false al=0},r=51,c=false/false,a=HANDLING,uri=//localhost:35372/EchoServlet,age=13}
[DEBUG] Flushed=true written=1101 remaining=0 WriteFlusher@2071150d{WRITING}->null
[DEBUG] update WriteFlusher@2071150d{IDLE}->null:WRITING-->IDLE
[DEBUG] generate: DONE for SendCallback@410c6bef[PROCESSING][i=HTTP/1.1{s=200,h=4,cl=-1},cb=org.eclipse.jetty.server.HttpChannel$SendCallback@d5ac594] ([p=199,l=199,c=8192,r=0],[p=902,l=902,c=32768,r=0],true)@END
[DEBUG] onWriteComplete(true,null) s=CLOSING,api=BLOCKED,sc=false,e=null->s=CLOSED,api=BLOCKING,sc=false,e=null c=null cb=org.eclipse.jetty.util.Callback$3@6fda582e w=false
[DEBUG] completed HttpChannelState@23232c72{s=HANDLING rs=COMPLETING os=COMPLETED is=READY awp=false se=false i=false al=0}
[DEBUG] unhandle HttpChannelState@23232c72{s=HANDLING rs=COMPLETED os=COMPLETED is=READY awp=false se=false i=false al=0}
[DEBUG] nextAction(false) TERMINATED HttpChannelState@23232c72{s=IDLE rs=COMPLETED os=COMPLETED is=READY awp=false se=false i=false al=0}
[DEBUG] action TERMINATED HttpChannelOverHttp@36eb5f45{s=HttpChannelState@23232c72{s=IDLE rs=COMPLETED os=COMPLETED is=READY awp=false se=false i=false al=0},r=51,c=true/true,a=IDLE,uri=//localhost:35372/EchoServlet,age=14}
[DEBUG] onCompleted for /EchoServlet written=902
[DEBUG] recycle HttpChannelState@23232c72{s=IDLE rs=COMPLETED os=COMPLETED is=READY awp=false se=false i=false al=0}
[DEBUG] reset HttpParser{s=END,0 of -1}
[DEBUG] END --> START
[DEBUG] !handle TERMINATED HttpChannelOverHttp@36eb5f45{s=HttpChannelState@23232c72{s=IDLE rs=BLOCKING os=OPEN is=IDLE awp=false se=false i=true al=0},r=51,c=false/false,a=IDLE,uri=null,age=0}
[DEBUG] filled 367 HeapByteBuffer@1ef04a69[p=0,l=367,c=8192,r=367]={<<<GET /EchoServlet HTTP/1.1...nection: keep-alive\r\n\r\n>>>/jpeg, *;...\xCe\x1f\xAf\xC2\x8d\xCey}
[DEBUG] HttpConnection@3e7171e5::SocketChannelEndPoint@3d491fad{l=/127.0.0.1:35372,r=/127.0.0.1:60190,OPEN,fill=-,flush=-,to=0/30000}{io=0/0,kio=0,kro=1}->HttpConnection@3e7171e5[p=HttpParser{s=START,0 of -1},g=HttpGenerator@274dcaa5{s=START}]=>HttpChannelOverHttp@36eb5f45{s=HttpChannelState@23232c72{s=IDLE rs=BLOCKING os=OPEN is=IDLE awp=false se=false i=true al=0},r=51,c=false/false,a=IDLE,uri=null,age=0} filled 367 HeapByteBuffer@1ef04a69[p=0,l=367,c=8192,r=367]={<<<GET /EchoServlet HTTP/1.1...nection: keep-alive\r\n\r\n>>>/jpeg, *;...\xCe\x1f\xAf\xC2\x8d\xCey}
[DEBUG] HttpConnection@3e7171e5::SocketChannelEndPoint@3d491fad{l=/127.0.0.1:35372,r=/127.0.0.1:60190,OPEN,fill=-,flush=-,to=0/30000}{io=0/0,kio=0,kro=1}->HttpConnection@3e7171e5[p=HttpParser{s=START,0 of -1},g=HttpGenerator@274dcaa5{s=START}]=>HttpChannelOverHttp@36eb5f45{s=HttpChannelState@23232c72{s=IDLE rs=BLOCKING os=OPEN is=IDLE awp=false se=false i=true al=0},r=51,c=false/false,a=IDLE,uri=null,age=0} parse HeapByteBuffer@1ef04a69[p=0,l=367,c=8192,r=367]={<<<GET /EchoServlet HTTP/1.1...nection: keep-alive\r\n\r\n>>>/jpeg, *;...\xCe\x1f\xAf\xC2\x8d\xCey} {}
[DEBUG] parseNext s=START HeapByteBuffer@1ef04a69[p=0,l=367,c=8192,r=367]={<<<GET /EchoServlet HTTP/1.1...nection: keep-alive\r\n\r\n>>>/jpeg, *;...\xCe\x1f\xAf\xC2\x8d\xCey}
[DEBUG] START --> SPACE1
[DEBUG] SPACE1 --> URI
[DEBUG] URI --> SPACE2
[DEBUG] SPACE2 --> REQUEST_VERSION
[DEBUG] REQUEST_VERSION --> HEADER
[DEBUG] HEADER:Accept-Encoding: gzip --> IN_VALUE
[DEBUG] HEADER:Accept-Encoding: gzip --> FIELD
[DEBUG] HEADER:User-Agent: Mozilla/5.0 (Windows NT 10.0; Win64; x64) AppleWebKit/537.36 (KHTML, like Gecko) Chrome/79.0.3945.130 Safari/537.36 --> IN_VALUE
[DEBUG] HEADER:User-Agent: Mozilla/5.0 (Windows NT 10.0; Win64; x64) AppleWebKit/537.36 (KHTML, like Gecko) Chrome/79.0.3945.130 Safari/537.36 --> FIELD
[DEBUG] HEADER: --> IN_NAME
[DEBUG] HEADER:Random-Header-name --> VALUE
[DEBUG] HEADER:Random-Header-name --> IN_VALUE
[DEBUG] HEADER:Random-Header-name --> FIELD
[DEBUG] HEADER: --> IN_NAME
[DEBUG] HEADER:Sec-Fetch-Site --> VALUE
[DEBUG] HEADER:Sec-Fetch-Site --> IN_VALUE
[DEBUG] HEADER:Sec-Fetch-Site --> FIELD
[DEBUG] HEADER: --> IN_NAME
[DEBUG] HEADER:Sec-Fetch-Mode --> VALUE
[DEBUG] HEADER:Sec-Fetch-Mode --> IN_VALUE
[DEBUG] HEADER:Sec-Fetch-Mode --> FIELD
[DEBUG] HEADER:Host: localhost:35372 --> IN_VALUE
[DEBUG] HEADER:Host: localhost:35372 --> FIELD
[DEBUG] HEADER:Accept: text/html, image/gif, image/jpeg, *; q=.2, */*; q=.2 --> IN_VALUE
[DEBUG] HEADER:Accept: text/html, image/gif, image/jpeg, *; q=.2, */*; q=.2 --> FIELD
[DEBUG] HEADER:Connection: keep-alive --> IN_VALUE
[DEBUG] HEADER:Connection: keep-alive --> FIELD
[DEBUG] HEADER --> CONTENT
[DEBUG] REQUEST for //localhost:35372/EchoServlet on HttpChannelOverHttp@36eb5f45{s=HttpChannelState@23232c72{s=IDLE rs=BLOCKING os=OPEN is=IDLE awp=false se=false i=true al=0},r=52,c=false/false,a=IDLE,uri=//localhost:35372/EchoServlet,age=0}
GET //localhost:35372/EchoServlet HTTP/1.1
Accept-Encoding: gzip
User-Agent: Mozilla/5.0 (Windows NT 10.0; Win64; x64) AppleWebKit/537.36 (KHTML, like Gecko) Chrome/79.0.3945.130 Safari/537.36
Random-Header-name: hello
Sec-Fetch-Site: cross-site
Sec-Fetch-Mode: cors
Host: localhost:35372
Accept: text/html, image/gif, image/jpeg, *; q=.2, */*; q=.2
Connection: keep-alive


[DEBUG] HttpConnection@3e7171e5::SocketChannelEndPoint@3d491fad{l=/127.0.0.1:35372,r=/127.0.0.1:60190,OPEN,fill=-,flush=-,to=0/30000}{io=0/0,kio=0,kro=1}->HttpConnection@3e7171e5[p=HttpParser{s=CONTENT,0 of -1},g=HttpGenerator@274dcaa5{s=START}]=>HttpChannelOverHttp@36eb5f45{s=HttpChannelState@23232c72{s=IDLE rs=BLOCKING os=OPEN is=IDLE awp=false se=false i=true al=0},r=52,c=false/false,a=IDLE,uri=//localhost:35372/EchoServlet,age=1} parsed true HttpParser{s=CONTENT,0 of -1}
[DEBUG] releaseRequestBuffer HttpConnection@3e7171e5::SocketChannelEndPoint@3d491fad{l=/127.0.0.1:35372,r=/127.0.0.1:60190,OPEN,fill=-,flush=-,to=0/30000}{io=0/0,kio=0,kro=1}->HttpConnection@3e7171e5[p=HttpParser{s=CONTENT,0 of -1},g=HttpGenerator@274dcaa5{s=START}]=>HttpChannelOverHttp@36eb5f45{s=HttpChannelState@23232c72{s=IDLE rs=BLOCKING os=OPEN is=IDLE awp=false se=false i=true al=0},r=52,c=false/false,a=IDLE,uri=//localhost:35372/EchoServlet,age=1}
[DEBUG] handle //localhost:35372/EchoServlet HttpChannelOverHttp@36eb5f45{s=HttpChannelState@23232c72{s=IDLE rs=BLOCKING os=OPEN is=IDLE awp=false se=false i=true al=0},r=52,c=false/false,a=IDLE,uri=//localhost:35372/EchoServlet,age=1} 
[DEBUG] handling HttpChannelState@23232c72{s=IDLE rs=BLOCKING os=OPEN is=IDLE awp=false se=false i=true al=0}
[DEBUG] action DISPATCH HttpChannelOverHttp@36eb5f45{s=HttpChannelState@23232c72{s=HANDLING rs=BLOCKING os=OPEN is=IDLE awp=false se=false i=true al=0},r=52,c=false/false,a=HANDLING,uri=//localhost:35372/EchoServlet,age=1}
[DEBUG] REQUEST GET /EchoServlet on HttpChannelOverHttp@36eb5f45{s=HttpChannelState@23232c72{s=HANDLING rs=BLOCKING os=OPEN is=IDLE awp=false se=false i=true al=0},r=52,c=false/false,a=HANDLING,uri=//localhost:35372/EchoServlet,age=1}
[DEBUG] servlet null|/EchoServlet|null -> org.jsoup.integration.servlets.EchoServlet-60d1a32f==org.jsoup.integration.servlets.EchoServlet@1f7ecb09{jsp=null,order=-1,inst=true,async=true,src=EMBEDDED:null,STARTED}
[DEBUG] chain=null
[DEBUG] write(array HeapByteBuffer@606363e2[p=0,l=235,c=512,r=235]={<<<<title>Webserver Environm...\n    <table border="0">>>>\x00\x00\x00\x00\x00\x00\x00\x00\x00...\x00\x00\x00\x00\x00\x00\x00})
[DEBUG] write(array) s=OPEN,api=BLOCKING,sc=false,e=null aggregated !flush DirectByteBuffer@341ca971[p=0,l=235,c=32768,r=235]={<<<<title>Webserver Environm...\n    <table border="0">>>><tr><th>M...gue. Pr}
[DEBUG] write(array HeapByteBuffer@5dc54ce8[p=0,l=36,c=512,r=36]={<<<<tr><th>Method</th><td>GET</td></tr>>>>es</title...\x00\x00\x00\x00\x00\x00\x00})
[DEBUG] write(array) s=OPEN,api=BLOCKING,sc=false,e=null aggregated !flush DirectByteBuffer@341ca971[p=0,l=271,c=32768,r=271]={<<<<title>Webserver Environm...d</th><td>GET</td></tr>>>>\n<tr><th>...gue. Pr}
[DEBUG] write(array HeapByteBuffer@19361e29[p=0,l=1,c=512,r=1]={<<<\n>>>tr><th>Me...\x00\x00\x00\x00\x00\x00\x00})
[DEBUG] write(array) s=OPEN,api=BLOCKING,sc=false,e=null aggregated !flush DirectByteBuffer@341ca971[p=0,l=272,c=32768,r=272]={<<<<title>Webserver Environm...</th><td>GET</td></tr>\n>>><tr><th>R...gue. Pr}
[DEBUG] write(array HeapByteBuffer@421b1efe[p=0,l=50,c=512,r=50]={<<<<tr><th>Request URI</th><...>/EchoServlet</td></tr>>>> <style t...\x00\x00\x00\x00\x00\x00\x00})
[DEBUG] write(array) s=OPEN,api=BLOCKING,sc=false,e=null aggregated !flush DirectByteBuffer@341ca971[p=0,l=322,c=32768,r=322]={<<<<title>Webserver Environm...>/EchoServlet</td></tr>>>>\n<tr><th>...gue. Pr}
[DEBUG] write(array HeapByteBuffer@399c092c[p=0,l=1,c=512,r=1]={<<<\n>>>tr><th>Re...\x00\x00\x00\x00\x00\x00\x00})
[DEBUG] write(array) s=OPEN,api=BLOCKING,sc=false,e=null aggregated !flush DirectByteBuffer@341ca971[p=0,l=323,c=32768,r=323]={<<<<title>Webserver Environm.../EchoServlet</td></tr>\n>>><tr><th>Q...gue. Pr}
[DEBUG] write(array HeapByteBuffer@4e49a0fb[p=0,l=39,c=512,r=39]={<<<<tr><th>Query String</th><td></td></tr>>>>t</td></t...\x00\x00\x00\x00\x00\x00\x00})
[DEBUG] write(array) s=OPEN,api=BLOCKING,sc=false,e=null aggregated !flush DirectByteBuffer@341ca971[p=0,l=362,c=32768,r=362]={<<<<title>Webserver Environm...ring</th><td></td></tr>>>>\n<tr><th>...gue. Pr}
[DEBUG] write(array HeapByteBuffer@67a7384d[p=0,l=1,c=512,r=1]={<<<\n>>>tr><th>Qu...\x00\x00\x00\x00\x00\x00\x00})
[DEBUG] write(array) s=OPEN,api=BLOCKING,sc=false,e=null aggregated !flush DirectByteBuffer@341ca971[p=0,l=363,c=32768,r=363]={<<<<title>Webserver Environm...ing</th><td></td></tr>\n>>><tr><th>C...gue. Pr}
[DEBUG] write(array HeapByteBuffer@7d5136a9[p=0,l=50,c=512,r=50]={<<<<tr><th>Random-Header-nam.../th><td>hello</td></tr>>>> <style t...\x00\x00\x00\x00\x00\x00\x00})
[DEBUG] write(array) s=OPEN,api=BLOCKING,sc=false,e=null aggregated !flush DirectByteBuffer@341ca971[p=0,l=413,c=32768,r=413]={<<<<title>Webserver Environm.../th><td>hello</td></tr>>>>h>Accept<...gue. Pr}
[DEBUG] write(array HeapByteBuffer@245d8546[p=0,l=1,c=512,r=1]={<<<\n>>>tr><th>Ra...\x00\x00\x00\x00\x00\x00\x00})
[DEBUG] write(array) s=OPEN,api=BLOCKING,sc=false,e=null aggregated !flush DirectByteBuffer@341ca971[p=0,l=414,c=32768,r=414]={<<<<title>Webserver Environm...th><td>hello</td></tr>\n>>>>Accept</...gue. Pr}
[DEBUG] write(array HeapByteBuffer@2710a74e[p=0,l=85,c=512,r=85]={<<<<tr><th>Accept</th><td>te....2, */*; q=.2</td></tr>>>>, td, th ...\x00\x00\x00\x00\x00\x00\x00})
[DEBUG] write(array) s=OPEN,api=BLOCKING,sc=false,e=null aggregated !flush DirectByteBuffer@341ca971[p=0,l=499,c=32768,r=499]={<<<<title>Webserver Environm....2, */*; q=.2</td></tr>>>>h>User-Ag...gue. Pr}
[DEBUG] write(array HeapByteBuffer@792b86b1[p=0,l=1,c=512,r=1]={<<<\n>>>tr><th>Ac...\x00\x00\x00\x00\x00\x00\x00})
[DEBUG] write(array) s=OPEN,api=BLOCKING,sc=false,e=null aggregated !flush DirectByteBuffer@341ca971[p=0,l=500,c=32768,r=500]={<<<<title>Webserver Environm...2, */*; q=.2</td></tr>\n>>>>User-Age...gue. Pr}
[DEBUG] write(array HeapByteBuffer@d3b0343[p=0,l=152,c=512,r=152]={<<<<tr><th>User-Agent</th><t...Safari/537.36</td></tr>>>>      th ...\x00\x00\x00\x00\x00\x00\x00})
[DEBUG] write(array) s=OPEN,api=BLOCKING,sc=false,e=null aggregated !flush DirectByteBuffer@341ca971[p=0,l=652,c=32768,r=652]={<<<<title>Webserver Environm...Safari/537.36</td></tr>>>>h>Connect...gue. Pr}
[DEBUG] write(array HeapByteBuffer@4504c017[p=0,l=1,c=512,r=1]={<<<\n>>>tr><th>Us...\x00\x00\x00\x00\x00\x00\x00})
[DEBUG] write(array) s=OPEN,api=BLOCKING,sc=false,e=null aggregated !flush DirectByteBuffer@341ca971[p=0,l=653,c=32768,r=653]={<<<<title>Webserver Environm...afari/537.36</td></tr>\n>>>>Connecti...gue. Pr}
[DEBUG] write(array HeapByteBuffer@670c352e[p=0,l=47,c=512,r=47]={<<<<tr><th>Connection</th><td>keep-alive</td></tr>>>> NT 10.0;...\x00\x00\x00\x00\x00\x00\x00})
[DEBUG] write(array) s=OPEN,api=BLOCKING,sc=false,e=null aggregated !flush DirectByteBuffer@341ca971[p=0,l=700,c=32768,r=700]={<<<<title>Webserver Environm...td>keep-alive</td></tr>>>>h>Host</t...gue. Pr}
[DEBUG] write(array HeapByteBuffer@42b72970[p=0,l=1,c=512,r=1]={<<<\n>>>tr><th>Co...\x00\x00\x00\x00\x00\x00\x00})
[DEBUG] write(array) s=OPEN,api=BLOCKING,sc=false,e=null aggregated !flush DirectByteBuffer@341ca971[p=0,l=701,c=32768,r=701]={<<<<title>Webserver Environm...d>keep-alive</td></tr>\n>>>>Host</th...gue. Pr}
[DEBUG] write(array HeapByteBuffer@17430b7e[p=0,l=51,c=512,r=51]={<<<<tr><th>Sec-Fetch-Site</t...td>cross-site</td></tr>>>>10.0; Win...\x00\x00\x00\x00\x00\x00\x00})
[DEBUG] write(array) s=OPEN,api=BLOCKING,sc=false,e=null aggregated !flush DirectByteBuffer@341ca971[p=0,l=752,c=32768,r=752]={<<<<title>Webserver Environm...td>cross-site</td></tr>>>>ept-Encod...gue. Pr}
[DEBUG] write(array HeapByteBuffer@742475f9[p=0,l=1,c=512,r=1]={<<<\n>>>tr><th>Se...\x00\x00\x00\x00\x00\x00\x00})
[DEBUG] write(array) s=OPEN,api=BLOCKING,sc=false,e=null aggregated !flush DirectByteBuffer@341ca971[p=0,l=753,c=32768,r=753]={<<<<title>Webserver Environm...d>cross-site</td></tr>\n>>>pt-Encodi...gue. Pr}
[DEBUG] write(array HeapByteBuffer@72879b16[p=0,l=46,c=512,r=46]={<<<<tr><th>Host</th><td>localhost:35372</td></tr>>>></tr>10.0...\x00\x00\x00\x00\x00\x00\x00})
[DEBUG] write(array) s=OPEN,api=BLOCKING,sc=false,e=null aggregated !flush DirectByteBuffer@341ca971[p=0,l=799,c=32768,r=799]={<<<<title>Webserver Environm...calhost:35372</td></tr>>>>tent-Leng...gue. Pr}
[DEBUG] write(array HeapByteBuffer@900c09f[p=0,l=1,c=512,r=1]={<<<\n>>>tr><th>Ho...\x00\x00\x00\x00\x00\x00\x00})
[DEBUG] write(array) s=OPEN,api=BLOCKING,sc=false,e=null aggregated !flush DirectByteBuffer@341ca971[p=0,l=800,c=32768,r=800]={<<<<title>Webserver Environm...alhost:35372</td></tr>\n>>>ent-Lengt...gue. Pr}
[DEBUG] write(array HeapByteBuffer@617223a[p=0,l=46,c=512,r=46]={<<<<tr><th>Accept-Encoding</th><td>gzip</td></tr>>>></tr>10.0...\x00\x00\x00\x00\x00\x00\x00})
[DEBUG] write(array) s=OPEN,api=BLOCKING,sc=false,e=null aggregated !flush DirectByteBuffer@341ca971[p=0,l=846,c=32768,r=846]={<<<<title>Webserver Environm...</th><td>gzip</td></tr>>>>t-Type</t...gue. Pr}
[DEBUG] write(array HeapByteBuffer@51cb14bc[p=0,l=1,c=512,r=1]={<<<\n>>>tr><th>Ac...\x00\x00\x00\x00\x00\x00\x00})
[DEBUG] write(array) s=OPEN,api=BLOCKING,sc=false,e=null aggregated !flush DirectByteBuffer@341ca971[p=0,l=847,c=32768,r=847]={<<<<title>Webserver Environm.../th><td>gzip</td></tr>\n>>>-Type</th...gue. Pr}
[DEBUG] write(array HeapByteBuffer@1fda6ab8[p=0,l=45,c=512,r=45]={<<<<tr><th>Sec-Fetch-Mode</th><td>cors</td></tr>>>>></tr>10....\x00\x00\x00\x00\x00\x00\x00})
[DEBUG] write(array) s=OPEN,api=BLOCKING,sc=false,e=null aggregated !flush DirectByteBuffer@341ca971[p=0,l=892,c=32768,r=892]={<<<<title>Webserver Environm...</th><td>cors</td></tr>>>>ed; chars...gue. Pr}
[DEBUG] write(array HeapByteBuffer@10d155e4[p=0,l=1,c=512,r=1]={<<<\n>>>tr><th>Se...\x00\x00\x00\x00\x00\x00\x00})
[DEBUG] write(array) s=OPEN,api=BLOCKING,sc=false,e=null aggregated !flush DirectByteBuffer@341ca971[p=0,l=893,c=32768,r=893]={<<<<title>Webserver Environm.../th><td>cors</td></tr>\n>>>d; charse...gue. Pr}
[DEBUG] filled 0 HeapByteBuffer@2a66826a[p=0,l=0,c=8192,r=0]={<<<>>>\x82\x87\x06\xD7\xE8\xE6Jn\xB7...\x86&h\xA0{\xC1\xC2}
[DEBUG] filled 0 HeapByteBuffer@2a66826a[p=0,l=0,c=8192,r=0]={<<<>>>\x82\x87\x06\xD7\xE8\xE6Jn\xB7...\x86&h\xA0{\xC1\xC2}
[DEBUG] HttpConnection@3e7171e5::SocketChannelEndPoint@3d491fad{l=/127.0.0.1:35372,r=/127.0.0.1:60190,OPEN,fill=-,flush=-,to=7/30000}{io=0/0,kio=0,kro=1}->HttpConnection@3e7171e5[p=HttpParser{s=CONTENT,0 of -1},g=HttpGenerator@274dcaa5{s=START}]=>HttpChannelOverHttp@36eb5f45{s=HttpChannelState@23232c72{s=HANDLING rs=BLOCKING os=OPEN is=IDLE awp=false se=false i=true al=0},r=52,c=false/false,a=HANDLING,uri=//localhost:35372/EchoServlet,age=8} filled 0 HeapByteBuffer@2a66826a[p=0,l=0,c=8192,r=0]={<<<>>>\x82\x87\x06\xD7\xE8\xE6Jn\xB7...\x86&h\xA0{\xC1\xC2}
[DEBUG] HttpConnection@3e7171e5::SocketChannelEndPoint@3d491fad{l=/127.0.0.1:35372,r=/127.0.0.1:60190,OPEN,fill=-,flush=-,to=7/30000}{io=0/0,kio=0,kro=1}->HttpConnection@3e7171e5[p=HttpParser{s=CONTENT,0 of -1},g=HttpGenerator@274dcaa5{s=START}]=>HttpChannelOverHttp@36eb5f45{s=HttpChannelState@23232c72{s=HANDLING rs=BLOCKING os=OPEN is=IDLE awp=false se=false i=true al=0},r=52,c=false/false,a=HANDLING,uri=//localhost:35372/EchoServlet,age=8} parse HeapByteBuffer@2a66826a[p=0,l=0,c=8192,r=0]={<<<>>>\x82\x87\x06\xD7\xE8\xE6Jn\xB7...\x86&h\xA0{\xC1\xC2} {}
[DEBUG] parseNext s=CONTENT HeapByteBuffer@2a66826a[p=0,l=0,c=8192,r=0]={<<<>>>\x82\x87\x06\xD7\xE8\xE6Jn\xB7...\x86&h\xA0{\xC1\xC2}
[DEBUG] CONTENT --> CONTENT_END
[DEBUG] onContentComplete HttpChannelOverHttp@36eb5f45{s=HttpChannelState@23232c72{s=HANDLING rs=BLOCKING os=OPEN is=IDLE awp=false se=false i=true al=0},r=52,c=false/false,a=HANDLING,uri=//localhost:35372/EchoServlet,age=8}
[DEBUG] CONTENT_END --> END
[DEBUG] onRequestComplete HttpChannelOverHttp@36eb5f45{s=HttpChannelState@23232c72{s=HANDLING rs=BLOCKING os=OPEN is=IDLE awp=false se=false i=true al=0},r=52,c=false/false,a=HANDLING,uri=//localhost:35372/EchoServlet,age=8}
[DEBUG] HttpInputOverHTTP@376cf161[c=0,q=0,[0]=null,s=STREAM] addContent EOF
[DEBUG] HttpConnection@3e7171e5::SocketChannelEndPoint@3d491fad{l=/127.0.0.1:35372,r=/127.0.0.1:60190,OPEN,fill=-,flush=-,to=8/30000}{io=0/0,kio=0,kro=1}->HttpConnection@3e7171e5[p=HttpParser{s=END,0 of -1},g=HttpGenerator@274dcaa5{s=START}]=>HttpChannelOverHttp@36eb5f45{s=HttpChannelState@23232c72{s=HANDLING rs=BLOCKING os=OPEN is=IDLE awp=false se=false i=true al=0},r=52,c=false/false,a=HANDLING,uri=//localhost:35372/EchoServlet,age=8} parsed false HttpParser{s=END,0 of -1}
[DEBUG] releaseRequestBuffer HttpConnection@3e7171e5::SocketChannelEndPoint@3d491fad{l=/127.0.0.1:35372,r=/127.0.0.1:60190,OPEN,fill=-,flush=-,to=8/30000}{io=0/0,kio=0,kro=1}->HttpConnection@3e7171e5[p=HttpParser{s=END,0 of -1},g=HttpGenerator@274dcaa5{s=START}]=>HttpChannelOverHttp@36eb5f45{s=HttpChannelState@23232c72{s=HANDLING rs=BLOCKING os=OPEN is=IDLE awp=false se=false i=true al=0},r=52,c=false/false,a=HANDLING,uri=//localhost:35372/EchoServlet,age=8}
[DEBUG] onEof HttpChannelState@23232c72{s=HANDLING rs=BLOCKING os=OPEN is=IDLE awp=false se=false i=true al=0}
[DEBUG] write(array HeapByteBuffer@2f68a336[p=0,l=8,c=512,r=8]={<<<</table>>>>Sec-Fetch...\x00\x00\x00\x00\x00\x00\x00})
[DEBUG] write(array) s=OPEN,api=BLOCKING,sc=false,e=null aggregated !flush DirectByteBuffer@341ca971[p=0,l=901,c=32768,r=901]={<<<<title>Webserver Environm...cors</td></tr>\n</table>>>>et=UTF-8<...gue. Pr}
[DEBUG] write(array HeapByteBuffer@260f2c93[p=0,l=1,c=512,r=1]={<<<\n>>>/table>Se...\x00\x00\x00\x00\x00\x00\x00})
[DEBUG] write(array) s=OPEN,api=BLOCKING,sc=false,e=null aggregated !flush DirectByteBuffer@341ca971[p=0,l=902,c=32768,r=902]={<<<<title>Webserver Environm...ors</td></tr>\n</table>\n>>>t=UTF-8</...gue. Pr}
[DEBUG] handled=true async=false committed=false on HttpChannelOverHttp@36eb5f45{s=HttpChannelState@23232c72{s=HANDLING rs=BLOCKING os=OPEN is=READY awp=false se=false i=true al=0},r=52,c=false/false,a=HANDLING,uri=//localhost:35372/EchoServlet,age=8}
[DEBUG] unhandle HttpChannelState@23232c72{s=HANDLING rs=BLOCKING os=OPEN is=READY awp=false se=false i=true al=0}
[DEBUG] nextAction(false) COMPLETE HttpChannelState@23232c72{s=HANDLING rs=COMPLETING os=OPEN is=READY awp=false se=false i=false al=0}
[DEBUG] action COMPLETE HttpChannelOverHttp@36eb5f45{s=HttpChannelState@23232c72{s=HANDLING rs=COMPLETING os=OPEN is=READY awp=false se=false i=false al=0},r=52,c=false/false,a=HANDLING,uri=//localhost:35372/EchoServlet,age=8}
[DEBUG] complete(org.eclipse.jetty.util.Callback$3@6a4c1d40) s=CLOSING,api=BLOCKED,sc=false,e=null s=false e=null, c=DirectByteBuffer@341ca971[p=0,l=902,c=32768,r=902]={<<<<title>Webserver Environm...ors</td></tr>\n</table>\n>>>t=UTF-8</...gue. Pr}
[DEBUG] sendResponse info=null content=DirectByteBuffer@341ca971[p=0,l=902,c=32768,r=902]={<<<<title>Webserver Environm...ors</td></tr>\n</table>\n>>>t=UTF-8</...gue. Pr} complete=true committing=true callback=org.eclipse.jetty.server.HttpOutput$WriteCompleteCB@70a81b98
[DEBUG] COMMIT for /EchoServlet on HttpChannelOverHttp@36eb5f45{s=HttpChannelState@23232c72{s=HANDLING rs=COMPLETING os=COMMITTED is=READY awp=false se=false i=false al=0},r=52,c=false/false,a=HANDLING,uri=//localhost:35372/EchoServlet,age=8}
200 null HTTP/1.1
Date: Tue, 28 Sep 2021 06:03:32 GMT
Content-Type: text/html;charset=utf-8
Cache-Control: no-cache
Cache-Control: no-store


[DEBUG] generate: NEED_HEADER for SendCallback@410c6bef[PROCESSING][i=HTTP/1.1{s=200,h=4,cl=-1},cb=org.eclipse.jetty.server.HttpChannel$SendCallback@1a3367a8] (null,[p=0,l=902,c=32768,r=902],true)@START
[DEBUG] generateHeaders HTTP/1.1{s=200,h=4,cl=-1} last=true content=DirectByteBuffer@341ca971[p=0,l=902,c=32768,r=902]={<<<<title>Webserver Environm...ors</td></tr>\n</table>\n>>>t=UTF-8</...gue. Pr}
[DEBUG] Date: Tue, 28 Sep 2021 06:03:32 GMT
Content-Type: text/html;charset=utf-8
Cache-Control: no-cache
Cache-Control: no-store


[DEBUG] CONTENT_LENGTH
[DEBUG] generate: FLUSH for SendCallback@410c6bef[PROCESSING][i=HTTP/1.1{s=200,h=4,cl=-1},cb=org.eclipse.jetty.server.HttpChannel$SendCallback@1a3367a8] ([p=0,l=199,c=8192,r=199],[p=0,l=902,c=32768,r=902],true)@COMPLETING
[DEBUG] write: WriteFlusher@2071150d{IDLE}->null [HeapByteBuffer@460916c[p=0,l=199,c=8192,r=199]={<<<HTTP/1.1 200 OK\r\nDate: Tu...y(9.4.43.v20210629)\r\n\r\n>>>\n) Chrome...\x00\x00\x00\x00\x00\x00\x00},DirectByteBuffer@341ca971[p=0,l=902,c=32768,r=902]={<<<<title>Webserver Environm...ors</td></tr>\n</table>\n>>>t=UTF-8</...gue. Pr}]
[DEBUG] update WriteFlusher@2071150d{WRITING}->null:IDLE-->WRITING
]]></system-out>
  </testcase>
  <testcase name="handlesLargerContentLengthParseRead" classname="org.jsoup.integration.ConnectTest" time="0.033">
    <system-out><![CDATA[[DEBUG] flushed 1101 SocketChannelEndPoint@3d491fad{l=/127.0.0.1:35372,r=/127.0.0.1:60190,OPEN,fill=-,flush=W,to=14/30000}{io=0/0,kio=0,kro=1}->HttpConnection@3e7171e5[p=HttpParser{s=END,0 of -1},g=HttpGenerator@274dcaa5{s=COMPLETING}]=>HttpChannelOverHttp@36eb5f45{s=HttpChannelState@23232c72{s=HANDLING rs=COMPLETING os=COMMITTED is=READY awp=false se=false i=false al=0},r=52,c=false/false,a=HANDLING,uri=//localhost:35372/EchoServlet,age=14}
[DEBUG] Flushed=true written=1101 remaining=0 WriteFlusher@2071150d{WRITING}->null
[DEBUG] update WriteFlusher@2071150d{IDLE}->null:WRITING-->IDLE
[DEBUG] generate: DONE for SendCallback@410c6bef[PROCESSING][i=HTTP/1.1{s=200,h=4,cl=-1},cb=org.eclipse.jetty.server.HttpChannel$SendCallback@1a3367a8] ([p=199,l=199,c=8192,r=0],[p=902,l=902,c=32768,r=0],true)@END
[DEBUG] onWriteComplete(true,null) s=CLOSING,api=BLOCKED,sc=false,e=null->s=CLOSED,api=BLOCKING,sc=false,e=null c=null cb=org.eclipse.jetty.util.Callback$3@6a4c1d40 w=false
[DEBUG] completed HttpChannelState@23232c72{s=HANDLING rs=COMPLETING os=COMPLETED is=READY awp=false se=false i=false al=0}
[DEBUG] unhandle HttpChannelState@23232c72{s=HANDLING rs=COMPLETED os=COMPLETED is=READY awp=false se=false i=false al=0}
[DEBUG] nextAction(false) TERMINATED HttpChannelState@23232c72{s=IDLE rs=COMPLETED os=COMPLETED is=READY awp=false se=false i=false al=0}
[DEBUG] action TERMINATED HttpChannelOverHttp@36eb5f45{s=HttpChannelState@23232c72{s=IDLE rs=COMPLETED os=COMPLETED is=READY awp=false se=false i=false al=0},r=52,c=true/true,a=IDLE,uri=//localhost:35372/EchoServlet,age=14}
[DEBUG] onCompleted for /EchoServlet written=902
[DEBUG] recycle HttpChannelState@23232c72{s=IDLE rs=COMPLETED os=COMPLETED is=READY awp=false se=false i=false al=0}
[DEBUG] reset HttpParser{s=END,0 of -1}
[DEBUG] END --> START
[DEBUG] !handle TERMINATED HttpChannelOverHttp@36eb5f45{s=HttpChannelState@23232c72{s=IDLE rs=BLOCKING os=OPEN is=IDLE awp=false se=false i=true al=0},r=52,c=false/false,a=IDLE,uri=null,age=0}
[DEBUG] filled 314 HeapByteBuffer@1ef04a69[p=0,l=314,c=8192,r=314]={<<<GET /InterruptedServlet?m...nection: keep-alive\r\n\r\n>>>/jpeg, *;...\xCe\x1f\xAf\xC2\x8d\xCey}
[DEBUG] HttpConnection@3e7171e5::SocketChannelEndPoint@3d491fad{l=/127.0.0.1:35372,r=/127.0.0.1:60190,OPEN,fill=-,flush=-,to=0/30000}{io=0/0,kio=0,kro=1}->HttpConnection@3e7171e5[p=HttpParser{s=START,0 of -1},g=HttpGenerator@274dcaa5{s=START}]=>HttpChannelOverHttp@36eb5f45{s=HttpChannelState@23232c72{s=IDLE rs=BLOCKING os=OPEN is=IDLE awp=false se=false i=true al=0},r=52,c=false/false,a=IDLE,uri=null,age=0} filled 314 HeapByteBuffer@1ef04a69[p=0,l=314,c=8192,r=314]={<<<GET /InterruptedServlet?m...nection: keep-alive\r\n\r\n>>>/jpeg, *;...\xCe\x1f\xAf\xC2\x8d\xCey}
[DEBUG] HttpConnection@3e7171e5::SocketChannelEndPoint@3d491fad{l=/127.0.0.1:35372,r=/127.0.0.1:60190,OPEN,fill=-,flush=-,to=0/30000}{io=0/0,kio=0,kro=1}->HttpConnection@3e7171e5[p=HttpParser{s=START,0 of -1},g=HttpGenerator@274dcaa5{s=START}]=>HttpChannelOverHttp@36eb5f45{s=HttpChannelState@23232c72{s=IDLE rs=BLOCKING os=OPEN is=IDLE awp=false se=false i=true al=0},r=52,c=false/false,a=IDLE,uri=null,age=0} parse HeapByteBuffer@1ef04a69[p=0,l=314,c=8192,r=314]={<<<GET /InterruptedServlet?m...nection: keep-alive\r\n\r\n>>>/jpeg, *;...\xCe\x1f\xAf\xC2\x8d\xCey} {}
[DEBUG] parseNext s=START HeapByteBuffer@1ef04a69[p=0,l=314,c=8192,r=314]={<<<GET /InterruptedServlet?m...nection: keep-alive\r\n\r\n>>>/jpeg, *;...\xCe\x1f\xAf\xC2\x8d\xCey}
[DEBUG] START --> SPACE1
[DEBUG] SPACE1 --> URI
[DEBUG] URI --> SPACE2
[DEBUG] SPACE2 --> REQUEST_VERSION
[DEBUG] REQUEST_VERSION --> HEADER
[DEBUG] HEADER:Accept-Encoding: gzip --> IN_VALUE
[DEBUG] HEADER:Accept-Encoding: gzip --> FIELD
[DEBUG] HEADER:User-Agent: Mozilla/5.0 (Windows NT 10.0; Win64; x64) AppleWebKit/537.36 (KHTML, like Gecko) Chrome/79.0.3945.130 Safari/537.36 --> IN_VALUE
[DEBUG] HEADER:User-Agent: Mozilla/5.0 (Windows NT 10.0; Win64; x64) AppleWebKit/537.36 (KHTML, like Gecko) Chrome/79.0.3945.130 Safari/537.36 --> FIELD
[DEBUG] HEADER:Host: localhost:35372 --> IN_VALUE
[DEBUG] HEADER:Host: localhost:35372 --> FIELD
[DEBUG] HEADER:Accept: text/html, image/gif, image/jpeg, *; q=.2, */*; q=.2 --> IN_VALUE
[DEBUG] HEADER:Accept: text/html, image/gif, image/jpeg, *; q=.2, */*; q=.2 --> FIELD
[DEBUG] HEADER:Connection: keep-alive --> IN_VALUE
[DEBUG] HEADER:Connection: keep-alive --> FIELD
[DEBUG] HEADER --> CONTENT
[DEBUG] REQUEST for //localhost:35372/InterruptedServlet?magnitude=larger on HttpChannelOverHttp@36eb5f45{s=HttpChannelState@23232c72{s=IDLE rs=BLOCKING os=OPEN is=IDLE awp=false se=false i=true al=0},r=53,c=false/false,a=IDLE,uri=//localhost:35372/InterruptedServlet?magnitude=larger,age=0}
GET //localhost:35372/InterruptedServlet?magnitude=larger HTTP/1.1
Accept-Encoding: gzip
User-Agent: Mozilla/5.0 (Windows NT 10.0; Win64; x64) AppleWebKit/537.36 (KHTML, like Gecko) Chrome/79.0.3945.130 Safari/537.36
Host: localhost:35372
Accept: text/html, image/gif, image/jpeg, *; q=.2, */*; q=.2
Connection: keep-alive


[DEBUG] HttpConnection@3e7171e5::SocketChannelEndPoint@3d491fad{l=/127.0.0.1:35372,r=/127.0.0.1:60190,OPEN,fill=-,flush=-,to=0/30000}{io=0/0,kio=0,kro=1}->HttpConnection@3e7171e5[p=HttpParser{s=CONTENT,0 of -1},g=HttpGenerator@274dcaa5{s=START}]=>HttpChannelOverHttp@36eb5f45{s=HttpChannelState@23232c72{s=IDLE rs=BLOCKING os=OPEN is=IDLE awp=false se=false i=true al=0},r=53,c=false/false,a=IDLE,uri=//localhost:35372/InterruptedServlet?magnitude=larger,age=0} parsed true HttpParser{s=CONTENT,0 of -1}
[DEBUG] releaseRequestBuffer HttpConnection@3e7171e5::SocketChannelEndPoint@3d491fad{l=/127.0.0.1:35372,r=/127.0.0.1:60190,OPEN,fill=-,flush=-,to=0/30000}{io=0/0,kio=0,kro=1}->HttpConnection@3e7171e5[p=HttpParser{s=CONTENT,0 of -1},g=HttpGenerator@274dcaa5{s=START}]=>HttpChannelOverHttp@36eb5f45{s=HttpChannelState@23232c72{s=IDLE rs=BLOCKING os=OPEN is=IDLE awp=false se=false i=true al=0},r=53,c=false/false,a=IDLE,uri=//localhost:35372/InterruptedServlet?magnitude=larger,age=0}
[DEBUG] handle //localhost:35372/InterruptedServlet?magnitude=larger HttpChannelOverHttp@36eb5f45{s=HttpChannelState@23232c72{s=IDLE rs=BLOCKING os=OPEN is=IDLE awp=false se=false i=true al=0},r=53,c=false/false,a=IDLE,uri=//localhost:35372/InterruptedServlet?magnitude=larger,age=0} 
[DEBUG] handling HttpChannelState@23232c72{s=IDLE rs=BLOCKING os=OPEN is=IDLE awp=false se=false i=true al=0}
[DEBUG] action DISPATCH HttpChannelOverHttp@36eb5f45{s=HttpChannelState@23232c72{s=HANDLING rs=BLOCKING os=OPEN is=IDLE awp=false se=false i=true al=0},r=53,c=false/false,a=HANDLING,uri=//localhost:35372/InterruptedServlet?magnitude=larger,age=0}
[DEBUG] REQUEST GET /InterruptedServlet on HttpChannelOverHttp@36eb5f45{s=HttpChannelState@23232c72{s=HANDLING rs=BLOCKING os=OPEN is=IDLE awp=false se=false i=true al=0},r=53,c=false/false,a=HANDLING,uri=//localhost:35372/InterruptedServlet?magnitude=larger,age=1}
[DEBUG] servlet null|/InterruptedServlet|null -> org.jsoup.integration.servlets.InterruptedServlet-1f86099a==org.jsoup.integration.servlets.InterruptedServlet@b675065f{jsp=null,order=-1,inst=true,async=true,src=EMBEDDED:null,STARTED}
[DEBUG] chain=null
[DEBUG] write(array HeapByteBuffer@4587bbc9[p=0,l=512,c=512,r=512]={<<<<title>Something</title>A... of data. \nA suitable a>>>})
[DEBUG] write(array) s=OPEN,api=BLOCKING,sc=false,e=null aggregated !flush DirectByteBuffer@6ae05ec4[p=0,l=512,c=32768,r=512]={<<<<title>Something</title>A... of data. \nA suitable a>>>tle>jsoup...gue. Pr}
[DEBUG] write(array HeapByteBuffer@4f2b1824[p=0,l=512,c=512,r=512]={<<<mount of data. \nA suitabl.... \nA suitable amount of>>>})
[DEBUG] write(array) s=OPEN,api=BLOCKING,sc=false,e=null aggregated !flush DirectByteBuffer@6ae05ec4[p=0,l=1024,c=32768,r=1024]={<<<<title>Something</title>A.... \nA suitable amount of>>>ent per c...gue. Pr}
[DEBUG] write(array HeapByteBuffer@7fefae82[p=0,l=512,c=512,r=512]={<<< data. \nA suitable amount...table amount of data. \n>>>})
[DEBUG] write(array) s=OPEN,api=BLOCKING,sc=false,e=null aggregated !flush DirectByteBuffer@6ae05ec4[p=0,l=1536,c=32768,r=1536]={<<<<title>Something</title>A...table amount of data. \n>>>uismod in...gue. Pr}
[DEBUG] write(array HeapByteBuffer@7e6088f0[p=0,l=512,c=512,r=512]={<<<A suitable amount of data...ount of data. \nA suitab>>>})
[DEBUG] write(array) s=OPEN,api=BLOCKING,sc=false,e=null aggregated !flush DirectByteBuffer@6ae05ec4[p=0,l=2048,c=32768,r=2048]={<<<<title>Something</title>A...ount of data. \nA suitab>>>. </p>\n\n<...gue. Pr}
[DEBUG] write(array HeapByteBuffer@6c13d06[p=0,l=512,c=512,r=512]={<<<le amount of data. \nA sui...data. \nA suitable amoun>>>})
[DEBUG] write(array) s=OPEN,api=BLOCKING,sc=false,e=null aggregated !flush DirectByteBuffer@6ae05ec4[p=0,l=2560,c=32768,r=2560]={<<<<title>Something</title>A...data. \nA suitable amoun>>> Vestibul...gue. Pr}
[DEBUG] write(array HeapByteBuffer@11bcefc2[p=0,l=512,c=512,r=512]={<<<t of data. \nA suitable am... suitable amount of dat>>>})
[DEBUG] write(array) s=OPEN,api=BLOCKING,sc=false,e=null aggregated !flush DirectByteBuffer@6ae05ec4[p=0,l=3072,c=32768,r=3072]={<<<<title>Something</title>A... suitable amount of dat>>>cursus qu...gue. Pr}
[DEBUG] write(array HeapByteBuffer@1325d8c9[p=0,l=512,c=512,r=512]={<<<a. \nA suitable amount of ...e amount of data. \nA su>>>})
[DEBUG] write(array) s=OPEN,api=BLOCKING,sc=false,e=null aggregated !flush DirectByteBuffer@6ae05ec4[p=0,l=3584,c=32768,r=3584]={<<<<title>Something</title>A...e amount of data. \nA su>>>ementum i...gue. Pr}
[DEBUG] write(array HeapByteBuffer@69f8e555[p=0,l=512,c=512,r=512]={<<<itable amount of data. \nA... of data. \nA suitable a>>>})
[DEBUG] write(array) s=OPEN,api=BLOCKING,sc=false,e=null aggregated !flush DirectByteBuffer@6ae05ec4[p=0,l=4096,c=32768,r=4096]={<<<<title>Something</title>A... of data. \nA suitable a>>>oin ut li...gue. Pr}
[DEBUG] write(array HeapByteBuffer@66decc61[p=0,l=512,c=512,r=512]={<<<mount of data. \nA suitabl.... \nA suitable amount of>>>})
[DEBUG] write(array) s=OPEN,api=BLOCKING,sc=false,e=null aggregated !flush DirectByteBuffer@6ae05ec4[p=0,l=4608,c=32768,r=4608]={<<<<title>Something</title>A.... \nA suitable amount of>>>lla facil...gue. Pr}
[DEBUG] write(array HeapByteBuffer@106afd87[p=0,l=512,c=512,r=512]={<<< data. \nA suitable amount...table amount of data. \n>>>})
[DEBUG] write(array) s=OPEN,api=BLOCKING,sc=false,e=null aggregated !flush DirectByteBuffer@6ae05ec4[p=0,l=5120,c=32768,r=5120]={<<<<title>Something</title>A...table amount of data. \n>>>get diam....gue. Pr}
[DEBUG] write(array HeapByteBuffer@2d348cd3[p=0,l=512,c=512,r=512]={<<<A suitable amount of data...ount of data. \nA suitab>>>})
[DEBUG] write(array) s=OPEN,api=BLOCKING,sc=false,e=null aggregated !flush DirectByteBuffer@6ae05ec4[p=0,l=5632,c=32768,r=5632]={<<<<title>Something</title>A...ount of data. \nA suitab>>>la facili...gue. Pr}
[DEBUG] write(array HeapByteBuffer@348066d[p=0,l=512,c=512,r=512]={<<<le amount of data. \nA sui...data. \nA suitable amoun>>>})
[DEBUG] write(array) s=OPEN,api=BLOCKING,sc=false,e=null aggregated !flush DirectByteBuffer@6ae05ec4[p=0,l=6144,c=32768,r=6144]={<<<<title>Something</title>A...data. \nA suitable amoun>>>etium bla...gue. Pr}
[DEBUG] write(array HeapByteBuffer@13657fa1[p=0,l=512,c=512,r=512]={<<<t of data. \nA suitable am... suitable amount of dat>>>})
[DEBUG] write(array) s=OPEN,api=BLOCKING,sc=false,e=null aggregated !flush DirectByteBuffer@6ae05ec4[p=0,l=6656,c=32768,r=6656]={<<<<title>Something</title>A... suitable amount of dat>>>. Integer...gue. Pr}
[DEBUG] write(array HeapByteBuffer@54a42e8f[p=0,l=512,c=512,r=512]={<<<a. \nA suitable amount of ...e amount of data. \nA su>>>})
[DEBUG] write(array) s=OPEN,api=BLOCKING,sc=false,e=null aggregated !flush DirectByteBuffer@6ae05ec4[p=0,l=7168,c=32768,r=7168]={<<<<title>Something</title>A...e amount of data. \nA su>>>r sodales...gue. Pr}
[DEBUG] write(array HeapByteBuffer@5dff72dc[p=0,l=512,c=512,r=512]={<<<itable amount of data. \nA... of data. \nA suitable a>>>})
[DEBUG] write(array) s=OPEN,api=BLOCKING,sc=false,e=null aggregated !flush DirectByteBuffer@6ae05ec4[p=0,l=7680,c=32768,r=7680]={<<<<title>Something</title>A... of data. \nA suitable a>>>mentum ve...gue. Pr}
[DEBUG] write(array HeapByteBuffer@1ec77c60[p=0,l=512,c=512,r=512]={<<<mount of data. \nA suitabl.... \nA suitable amount of>>>})
[DEBUG] write(array) s=OPEN,api=BLOCKING,sc=false,e=null aggregated !flush DirectByteBuffer@6ae05ec4[p=0,l=8192,c=32768,r=8192]={<<<<title>Something</title>A.... \nA suitable amount of>>>na. Quisq...gue. Pr}
[DEBUG] write(array HeapByteBuffer@26e7806e[p=0,l=512,c=512,r=512]={<<< data. \nA suitable amount...table amount of data. \n>>>})
[DEBUG] write(array) s=OPEN,api=BLOCKING,sc=false,e=null aggregated !flush DirectByteBuffer@6ae05ec4[p=0,l=8704,c=32768,r=8704]={<<<<title>Something</title>A...table amount of data. \n>>>esuada te...gue. Pr}
[DEBUG] write(array HeapByteBuffer@53c2026b[p=0,l=512,c=512,r=512]={<<<A suitable amount of data...ount of data. \nA suitab>>>})
[DEBUG] write(array) s=OPEN,api=BLOCKING,sc=false,e=null aggregated !flush DirectByteBuffer@6ae05ec4[p=0,l=9216,c=32768,r=9216]={<<<<title>Something</title>A...ount of data. \nA suitab>>>s ultrice...gue. Pr}
[DEBUG] write(array HeapByteBuffer@758de35d[p=0,l=512,c=512,r=512]={<<<le amount of data. \nA sui...data. \nA suitable amoun>>>})
[DEBUG] write(array) s=OPEN,api=BLOCKING,sc=false,e=null aggregated !flush DirectByteBuffer@6ae05ec4[p=0,l=9728,c=32768,r=9728]={<<<<title>Something</title>A...data. \nA suitable amoun>>>s consect...gue. Pr}
[DEBUG] write(array HeapByteBuffer@500ca5f0[p=0,l=512,c=512,r=512]={<<<t of data. \nA suitable am... suitable amount of dat>>>})
[DEBUG] write(array) s=OPEN,api=BLOCKING,sc=false,e=null aggregated !flush DirectByteBuffer@6ae05ec4[p=0,l=10240,c=32768,r=10240]={<<<<title>Something</title>A... suitable amount of dat>>> conubia ...gue. Pr}
[DEBUG] write(array HeapByteBuffer@4af2bb6f[p=0,l=512,c=512,r=512]={<<<a. \nA suitable amount of ...e amount of data. \nA su>>>})
[DEBUG] write(array) s=OPEN,api=BLOCKING,sc=false,e=null aggregated !flush DirectByteBuffer@6ae05ec4[p=0,l=10752,c=32768,r=10752]={<<<<title>Something</title>A...e amount of data. \nA su>>>cidunt se...gue. Pr}
[DEBUG] write(array HeapByteBuffer@9e03900[p=0,l=512,c=512,r=512]={<<<itable amount of data. \nA... of data. \nA suitable a>>>})
[DEBUG] write(array) s=OPEN,api=BLOCKING,sc=false,e=null aggregated !flush DirectByteBuffer@6ae05ec4[p=0,l=11264,c=32768,r=11264]={<<<<title>Something</title>A... of data. \nA suitable a>>> suscipit...gue. Pr}
[DEBUG] write(array HeapByteBuffer@13edb46a[p=0,l=512,c=512,r=512]={<<<mount of data. \nA suitabl.... \nA suitable amount of>>>})
[DEBUG] write(array) s=OPEN,api=BLOCKING,sc=false,e=null aggregated !flush DirectByteBuffer@6ae05ec4[p=0,l=11776,c=32768,r=11776]={<<<<title>Something</title>A.... \nA suitable amount of>>>vel, eges...gue. Pr}
[DEBUG] write(array HeapByteBuffer@26fbb0c2[p=0,l=512,c=512,r=512]={<<< data. \nA suitable amount...table amount of data. \n>>>})
[DEBUG] write(array) s=OPEN,api=BLOCKING,sc=false,e=null aggregated !flush DirectByteBuffer@6ae05ec4[p=0,l=12288,c=32768,r=12288]={<<<<title>Something</title>A...table amount of data. \n>>> eget ant...gue. Pr}
[DEBUG] write(array HeapByteBuffer@790d5eb1[p=0,l=512,c=512,r=512]={<<<A suitable amount of data...ount of data. \nA suitab>>>})
[DEBUG] write(array) s=OPEN,api=BLOCKING,sc=false,e=null aggregated !flush DirectByteBuffer@6ae05ec4[p=0,l=12800,c=32768,r=12800]={<<<<title>Something</title>A...ount of data. \nA suitab>>>facilisis...gue. Pr}
[DEBUG] write(array HeapByteBuffer@71ad50a9[p=0,l=512,c=512,r=512]={<<<le amount of data. \nA sui...data. \nA suitable amoun>>>})
[DEBUG] write(array) s=OPEN,api=BLOCKING,sc=false,e=null aggregated !flush DirectByteBuffer@6ae05ec4[p=0,l=13312,c=32768,r=13312]={<<<<title>Something</title>A...data. \nA suitable amoun>>>ociosqu a...gue. Pr}
[DEBUG] write(array HeapByteBuffer@f9df412[p=0,l=512,c=512,r=512]={<<<t of data. \nA suitable am... suitable amount of dat>>>})
[DEBUG] write(array) s=OPEN,api=BLOCKING,sc=false,e=null aggregated !flush DirectByteBuffer@6ae05ec4[p=0,l=13824,c=32768,r=13824]={<<<<title>Something</title>A... suitable amount of dat>>> vel, tin...gue. Pr}
[DEBUG] write(array HeapByteBuffer@741b2883[p=0,l=512,c=512,r=512]={<<<a. \nA suitable amount of ...e amount of data. \nA su>>>})
[DEBUG] write(array) s=OPEN,api=BLOCKING,sc=false,e=null aggregated !flush DirectByteBuffer@6ae05ec4[p=0,l=14336,c=32768,r=14336]={<<<<title>Something</title>A...e amount of data. \nA su>>>n quam. E...gue. Pr}
[DEBUG] write(array HeapByteBuffer@67701867[p=0,l=512,c=512,r=512]={<<<itable amount of data. \nA... of data. \nA suitable a>>>})
[DEBUG] write(array) s=OPEN,api=BLOCKING,sc=false,e=null aggregated !flush DirectByteBuffer@6ae05ec4[p=0,l=14848,c=32768,r=14848]={<<<<title>Something</title>A... of data. \nA suitable a>>> in ipsum...gue. Pr}
[DEBUG] write(array HeapByteBuffer@7c432438[p=0,l=512,c=512,r=512]={<<<mount of data. \nA suitabl.... \nA suitable amount of>>>})
[DEBUG] write(array) s=OPEN,api=BLOCKING,sc=false,e=null aggregated !flush DirectByteBuffer@6ae05ec4[p=0,l=15360,c=32768,r=15360]={<<<<title>Something</title>A.... \nA suitable amount of>>>m. Aenean...gue. Pr}
[DEBUG] write(array HeapByteBuffer@1c9e72c6[p=0,l=512,c=512,r=512]={<<< data. \nA suitable amount...table amount of data. \n>>>})
[DEBUG] write(array) s=OPEN,api=BLOCKING,sc=false,e=null aggregated !flush DirectByteBuffer@6ae05ec4[p=0,l=15872,c=32768,r=15872]={<<<<title>Something</title>A...table amount of data. \n>>>lum nisi ...gue. Pr}
[DEBUG] write(array HeapByteBuffer@31ec0ee6[p=0,l=512,c=512,r=512]={<<<A suitable amount of data...ount of data. \nA suitab>>>})
[DEBUG] write(array) s=OPEN,api=BLOCKING,sc=false,e=null aggregated !flush DirectByteBuffer@6ae05ec4[p=0,l=16384,c=32768,r=16384]={<<<<title>Something</title>A...ount of data. \nA suitab>>>osqu ad l...gue. Pr}
[DEBUG] write(array HeapByteBuffer@56b88b9c[p=0,l=512,c=512,r=512]={<<<le amount of data. \nA sui...data. \nA suitable amoun>>>})
[DEBUG] write(array) s=OPEN,api=BLOCKING,sc=false,e=null aggregated !flush DirectByteBuffer@6ae05ec4[p=0,l=16896,c=32768,r=16896]={<<<<title>Something</title>A...data. \nA suitable amoun>>>et, conse...gue. Pr}
[DEBUG] write(array HeapByteBuffer@33bf0797[p=0,l=512,c=512,r=512]={<<<t of data. \nA suitable am... suitable amount of dat>>>})
[DEBUG] write(array) s=OPEN,api=BLOCKING,sc=false,e=null aggregated !flush DirectByteBuffer@6ae05ec4[p=0,l=17408,c=32768,r=17408]={<<<<title>Something</title>A... suitable amount of dat>>>at mi a t...gue. Pr}
[DEBUG] write(array HeapByteBuffer@5cd84b64[p=0,l=512,c=512,r=512]={<<<a. \nA suitable amount of ...e amount of data. \nA su>>>})
[DEBUG] write(array) s=OPEN,api=BLOCKING,sc=false,e=null aggregated !flush DirectByteBuffer@6ae05ec4[p=0,l=17920,c=32768,r=17920]={<<<<title>Something</title>A...e amount of data. \nA su>>> mi sit a...gue. Pr}
[DEBUG] write(array HeapByteBuffer@d92e527[p=0,l=512,c=512,r=512]={<<<itable amount of data. \nA... of data. \nA suitable a>>>})
[DEBUG] write(array) s=OPEN,api=BLOCKING,sc=false,e=null aggregated !flush DirectByteBuffer@6ae05ec4[p=0,l=18432,c=32768,r=18432]={<<<<title>Something</title>A... of data. \nA suitable a>>>ue congue...gue. Pr}
[DEBUG] write(array HeapByteBuffer@1fe47b62[p=0,l=512,c=512,r=512]={<<<mount of data. \nA suitabl.... \nA suitable amount of>>>})
[DEBUG] write(array) s=OPEN,api=BLOCKING,sc=false,e=null aggregated !flush DirectByteBuffer@6ae05ec4[p=0,l=18944,c=32768,r=18944]={<<<<title>Something</title>A.... \nA suitable amount of>>>>\n\n<p>Qui...gue. Pr}
[DEBUG] write(array HeapByteBuffer@54ac44b6[p=0,l=512,c=512,r=512]={<<< data. \nA suitable amount...table amount of data. \n>>>})
[DEBUG] write(array) s=OPEN,api=BLOCKING,sc=false,e=null aggregated !flush DirectByteBuffer@6ae05ec4[p=0,l=19456,c=32768,r=19456]={<<<<title>Something</title>A...table amount of data. \n>>>r euismod...gue. Pr}
[DEBUG] write(array HeapByteBuffer@4ab1b62c[p=0,l=512,c=512,r=512]={<<<A suitable amount of data...ount of data. \nA suitab>>>})
[DEBUG] write(array) s=OPEN,api=BLOCKING,sc=false,e=null aggregated !flush DirectByteBuffer@6ae05ec4[p=0,l=19968,c=32768,r=19968]={<<<<title>Something</title>A...ount of data. \nA suitab>>>m. Curabi...gue. Pr}
[DEBUG] write(array HeapByteBuffer@5010d980[p=0,l=512,c=512,r=512]={<<<le amount of data. \nA sui...data. \nA suitable amoun>>>})
[DEBUG] write(array) s=OPEN,api=BLOCKING,sc=false,e=null aggregated !flush DirectByteBuffer@6ae05ec4[p=0,l=20480,c=32768,r=20480]={<<<<title>Something</title>A...data. \nA suitable amoun>>>risus, ac...gue. Pr}
[DEBUG] write(array HeapByteBuffer@6c13878b[p=0,l=512,c=512,r=512]={<<<t of data. \nA suitable am... suitable amount of dat>>>})
[DEBUG] write(array) s=OPEN,api=BLOCKING,sc=false,e=null aggregated !flush DirectByteBuffer@6ae05ec4[p=0,l=20992,c=32768,r=20992]={<<<<title>Something</title>A... suitable amount of dat>>> Sed curs...gue. Pr}
[DEBUG] write(array HeapByteBuffer@5a2cf74b[p=0,l=512,c=512,r=512]={<<<a. \nA suitable amount of ...e amount of data. \nA su>>>})
[DEBUG] write(array) s=OPEN,api=BLOCKING,sc=false,e=null aggregated !flush DirectByteBuffer@6ae05ec4[p=0,l=21504,c=32768,r=21504]={<<<<title>Something</title>A...e amount of data. \nA su>>>im lacini...gue. Pr}
[DEBUG] write(array HeapByteBuffer@1deb3af4[p=0,l=512,c=512,r=512]={<<<itable amount of data. \nA... of data. \nA suitable a>>>})
[DEBUG] write(array) s=OPEN,api=BLOCKING,sc=false,e=null aggregated !flush DirectByteBuffer@6ae05ec4[p=0,l=22016,c=32768,r=22016]={<<<<title>Something</title>A... of data. \nA suitable a>>>tora torq...gue. Pr}
[DEBUG] write(array HeapByteBuffer@4be13c10[p=0,l=512,c=512,r=512]={<<<mount of data. \nA suitabl.... \nA suitable amount of>>>})
[DEBUG] write(array) s=OPEN,api=BLOCKING,sc=false,e=null aggregated !flush DirectByteBuffer@6ae05ec4[p=0,l=22528,c=32768,r=22528]={<<<<title>Something</title>A.... \nA suitable amount of>>>etra auct...gue. Pr}
[DEBUG] write(array HeapByteBuffer@3b3ed538[p=0,l=512,c=512,r=512]={<<< data. \nA suitable amount...table amount of data. \n>>>})
[DEBUG] write(array) s=OPEN,api=BLOCKING,sc=false,e=null aggregated !flush DirectByteBuffer@6ae05ec4[p=0,l=23040,c=32768,r=23040]={<<<<title>Something</title>A...table amount of data. \n>>>met mauri...gue. Pr}
[DEBUG] write(array HeapByteBuffer@615ebbb[p=0,l=512,c=512,r=512]={<<<A suitable amount of data...ount of data. \nA suitab>>>})
[DEBUG] write(array) s=OPEN,api=BLOCKING,sc=false,e=null aggregated !flush DirectByteBuffer@6ae05ec4[p=0,l=23552,c=32768,r=23552]={<<<<title>Something</title>A...ount of data. \nA suitab>>>ique, dig...gue. Pr}
[DEBUG] write(array HeapByteBuffer@426d5d17[p=0,l=512,c=512,r=512]={<<<le amount of data. \nA sui...data. \nA suitable amoun>>>})
[DEBUG] write(array) s=OPEN,api=BLOCKING,sc=false,e=null aggregated !flush DirectByteBuffer@6ae05ec4[p=0,l=24064,c=32768,r=24064]={<<<<title>Something</title>A...data. \nA suitable amoun>>>erdiet. <...gue. Pr}
[DEBUG] write(array HeapByteBuffer@aef8f6[p=0,l=512,c=512,r=512]={<<<t of data. \nA suitable am... suitable amount of dat>>>})
[DEBUG] write(array) s=OPEN,api=BLOCKING,sc=false,e=null aggregated !flush DirectByteBuffer@6ae05ec4[p=0,l=24576,c=32768,r=24576]={<<<<title>Something</title>A... suitable amount of dat>>> sed augu...gue. Pr}
[DEBUG] write(array HeapByteBuffer@4df47ace[p=0,l=512,c=512,r=512]={<<<a. \nA suitable amount of ...e amount of data. \nA su>>>})
[DEBUG] write(array) s=OPEN,api=BLOCKING,sc=false,e=null aggregated !flush DirectByteBuffer@6ae05ec4[p=0,l=25088,c=32768,r=25088]={<<<<title>Something</title>A...e amount of data. \nA su>>>pit quis,...gue. Pr}
[DEBUG] write(array HeapByteBuffer@649518f8[p=0,l=512,c=512,r=512]={<<<itable amount of data. \nA... of data. \nA suitable a>>>})
[DEBUG] write(array) s=OPEN,api=BLOCKING,sc=false,e=null aggregated !flush DirectByteBuffer@6ae05ec4[p=0,l=25600,c=32768,r=25600]={<<<<title>Something</title>A... of data. \nA suitable a>>>i. Nunc f...gue. Pr}
[DEBUG] write(array HeapByteBuffer@4cb86498[p=0,l=512,c=512,r=512]={<<<mount of data. \nA suitabl.... \nA suitable amount of>>>})
[DEBUG] write(array) s=OPEN,api=BLOCKING,sc=false,e=null aggregated !flush DirectByteBuffer@6ae05ec4[p=0,l=26112,c=32768,r=26112]={<<<<title>Something</title>A.... \nA suitable amount of>>>Sed non q...gue. Pr}
[DEBUG] write(array HeapByteBuffer@3ba64cb1[p=0,l=512,c=512,r=512]={<<< data. \nA suitable amount...table amount of data. \n>>>})
[DEBUG] write(array) s=OPEN,api=BLOCKING,sc=false,e=null aggregated !flush DirectByteBuffer@6ae05ec4[p=0,l=26624,c=32768,r=26624]={<<<<title>Something</title>A...table amount of data. \n>>>et, augue...gue. Pr}
[DEBUG] write(array HeapByteBuffer@55ea6301[p=0,l=512,c=512,r=512]={<<<A suitable amount of data...ount of data. \nA suitab>>>})
[DEBUG] write(array) s=OPEN,api=BLOCKING,sc=false,e=null aggregated !flush DirectByteBuffer@6ae05ec4[p=0,l=27136,c=32768,r=27136]={<<<<title>Something</title>A...ount of data. \nA suitab>>> aliquet ...gue. Pr}
[DEBUG] write(array HeapByteBuffer@19f4e39c[p=0,l=512,c=512,r=512]={<<<le amount of data. \nA sui...data. \nA suitable amoun>>>})
[DEBUG] write(array) s=OPEN,api=BLOCKING,sc=false,e=null aggregated !flush DirectByteBuffer@6ae05ec4[p=0,l=27648,c=32768,r=27648]={<<<<title>Something</title>A...data. \nA suitable amoun>>>r incepto...gue. Pr}
[DEBUG] write(array HeapByteBuffer@16e7d89e[p=0,l=512,c=512,r=512]={<<<t of data. \nA suitable am... suitable amount of dat>>>})
[DEBUG] write(array) s=OPEN,api=BLOCKING,sc=false,e=null aggregated !flush DirectByteBuffer@6ae05ec4[p=0,l=28160,c=32768,r=28160]={<<<<title>Something</title>A... suitable amount of dat>>>lutpat co...gue. Pr}
[DEBUG] write(array HeapByteBuffer@1f2dcd37[p=0,l=512,c=512,r=512]={<<<a. \nA suitable amount of ...e amount of data. \nA su>>>})
[DEBUG] write(array) s=OPEN,api=BLOCKING,sc=false,e=null aggregated !flush DirectByteBuffer@6ae05ec4[p=0,l=28672,c=32768,r=28672]={<<<<title>Something</title>A...e amount of data. \nA su>>>magna. Qu...gue. Pr}
[DEBUG] write(array HeapByteBuffer@19d947b8[p=0,l=512,c=512,r=512]={<<<itable amount of data. \nA... of data. \nA suitable a>>>})
[DEBUG] write(array) s=OPEN,api=BLOCKING,sc=false,e=null aggregated !flush DirectByteBuffer@6ae05ec4[p=0,l=29184,c=32768,r=29184]={<<<<title>Something</title>A... of data. \nA suitable a>>>dunt male...gue. Pr}
[DEBUG] write(array HeapByteBuffer@278fbf1c[p=0,l=512,c=512,r=512]={<<<mount of data. \nA suitabl.... \nA suitable amount of>>>})
[DEBUG] write(array) s=OPEN,api=BLOCKING,sc=false,e=null aggregated !flush DirectByteBuffer@6ae05ec4[p=0,l=29696,c=32768,r=29696]={<<<<title>Something</title>A.... \nA suitable amount of>>>lla quam....gue. Pr}
[DEBUG] write(array HeapByteBuffer@f04b05b[p=0,l=512,c=512,r=512]={<<< data. \nA suitable amount...table amount of data. \n>>>})
[DEBUG] write(array) s=OPEN,api=BLOCKING,sc=false,e=null aggregated !flush DirectByteBuffer@6ae05ec4[p=0,l=30208,c=32768,r=30208]={<<<<title>Something</title>A...table amount of data. \n>>>llis lect...gue. Pr}
[DEBUG] write(array HeapByteBuffer@7eb190f9[p=0,l=512,c=512,r=512]={<<<A suitable amount of data...ount of data. \nA suitab>>>})
[DEBUG] write(array) s=OPEN,api=BLOCKING,sc=false,e=null aggregated !flush DirectByteBuffer@6ae05ec4[p=0,l=30720,c=32768,r=30720]={<<<<title>Something</title>A...ount of data. \nA suitab>>>ec odio</...gue. Pr}
[DEBUG] write(array HeapByteBuffer@2d06fc10[p=0,l=512,c=512,r=512]={<<<le amount of data. \nA sui...data. \nA suitable amoun>>>})
[DEBUG] write(array) s=OPEN,api=BLOCKING,sc=false,e=null aggregated !flush DirectByteBuffer@6ae05ec4[p=0,l=31232,c=32768,r=31232]={<<<<title>Something</title>A...data. \nA suitable amoun>>>condiment...gue. Pr}
[DEBUG] write(array HeapByteBuffer@772bd1f3[p=0,l=512,c=512,r=512]={<<<t of data. \nA suitable am... suitable amount of dat>>>})
[DEBUG] write(array) s=OPEN,api=BLOCKING,sc=false,e=null aggregated !flush DirectByteBuffer@6ae05ec4[p=0,l=31744,c=32768,r=31744]={<<<<title>Something</title>A... suitable amount of dat>>>. Integer...gue. Pr}
[DEBUG] write(array HeapByteBuffer@5d073125[p=0,l=512,c=512,r=512]={<<<a. \nA suitable amount of ...e amount of data. \nA su>>>})
[DEBUG] write(array) s=OPEN,api=BLOCKING,sc=false,e=null aggregated !flush DirectByteBuffer@6ae05ec4[p=0,l=32256,c=32768,r=32256]={<<<<title>Something</title>A...e amount of data. \nA su>>>cus nunc,...gue. Pr}
[DEBUG] write(array HeapByteBuffer@2fc34424[p=0,l=512,c=512,r=512]={<<<itable amount of data. \nA... of data. \nA suitable a>>>})
[DEBUG] write(array) s=OPEN,api=BLOCKED,sc=false,e=null last=false agg=true flush=true async=false, len=0 DirectByteBuffer@6ae05ec4[p=0,l=32768,c=32768,r=32768]={<<<<title>Something</title>A... of data. \nA suitable a>>>}
[DEBUG] sendResponse info=null content=DirectByteBuffer@6ae05ec4[p=0,l=32768,c=32768,r=32768]={<<<<title>Something</title>A... of data. \nA suitable a>>>} complete=false committing=true callback=Blocker@7cb7664d{null}
[DEBUG] COMMIT for /InterruptedServlet on HttpChannelOverHttp@36eb5f45{s=HttpChannelState@23232c72{s=HANDLING rs=BLOCKING os=COMMITTED is=IDLE awp=false se=false i=true al=0},r=53,c=false/false,a=HANDLING,uri=//localhost:35372/InterruptedServlet?magnitude=larger,age=3}
200 null HTTP/1.1
Date: Tue, 28 Sep 2021 06:03:32 GMT
Content-Type: text/html;charset=utf-8
Content-Length: 65596


[DEBUG] generate: NEED_HEADER for SendCallback@410c6bef[PROCESSING][i=HTTP/1.1{s=200,h=3,cl=65596},cb=org.eclipse.jetty.server.HttpChannel$SendCallback@353fdbb0] (null,[p=0,l=32768,c=32768,r=32768],false)@START
[DEBUG] generateHeaders HTTP/1.1{s=200,h=3,cl=65596} last=false content=DirectByteBuffer@6ae05ec4[p=0,l=32768,c=32768,r=32768]={<<<<title>Something</title>A... of data. \nA suitable a>>>}
[DEBUG] Date: Tue, 28 Sep 2021 06:03:32 GMT
Content-Type: text/html;charset=utf-8
Content-Length: 65596


[DEBUG] CONTENT_LENGTH
[DEBUG] generate: FLUSH for SendCallback@410c6bef[PROCESSING][i=HTTP/1.1{s=200,h=3,cl=65596},cb=org.eclipse.jetty.server.HttpChannel$SendCallback@353fdbb0] ([p=0,l=151,c=8192,r=151],[p=0,l=32768,c=32768,r=32768],false)@COMMITTED
[DEBUG] write: WriteFlusher@2071150d{IDLE}->null [HeapByteBuffer@2a66826a[p=0,l=151,c=8192,r=151]={<<<HTTP/1.1 200 OK\r\nDate: Tu...y(9.4.43.v20210629)\r\n\r\n>>>\x0e\x9cTt\xF0,U\xBc\xE6...\x86&h\xA0{\xC1\xC2},DirectByteBuffer@6ae05ec4[p=0,l=32768,c=32768,r=32768]={<<<<title>Something</title>A... of data. \nA suitable a>>>}]
[DEBUG] update WriteFlusher@2071150d{WRITING}->null:IDLE-->WRITING
[DEBUG] flushed 32919 SocketChannelEndPoint@3d491fad{l=/127.0.0.1:35372,r=/127.0.0.1:60190,OPEN,fill=-,flush=W,to=9/30000}{io=0/0,kio=0,kro=1}->HttpConnection@3e7171e5[p=HttpParser{s=CONTENT,0 of -1},g=HttpGenerator@274dcaa5{s=COMMITTED}]=>HttpChannelOverHttp@36eb5f45{s=HttpChannelState@23232c72{s=HANDLING rs=BLOCKING os=COMMITTED is=IDLE awp=false se=false i=true al=0},r=53,c=false/false,a=HANDLING,uri=//localhost:35372/InterruptedServlet?magnitude=larger,age=10}
[DEBUG] Flushed=true written=32919 remaining=0 WriteFlusher@2071150d{WRITING}->null
[DEBUG] update WriteFlusher@2071150d{IDLE}->null:WRITING-->IDLE
[DEBUG] generate: DONE for SendCallback@410c6bef[PROCESSING][i=HTTP/1.1{s=200,h=3,cl=65596},cb=org.eclipse.jetty.server.HttpChannel$SendCallback@353fdbb0] ([p=151,l=151,c=8192,r=0],[p=32768,l=32768,c=32768,r=0],false)@COMMITTED
[DEBUG] onWriteComplete(false,null) s=OPEN,api=BLOCKED,sc=false,e=null->s=OPEN,api=BLOCKING,sc=false,e=null c=null cb=null w=false
[DEBUG] write(array HeapByteBuffer@1cb230ad[p=0,l=30,c=512,r=30]={<<<mount of data. \n<p>Finale.</p>>>>able amou...table a})
[DEBUG] write(array) s=OPEN,api=BLOCKING,sc=false,e=null aggregated !flush DirectByteBuffer@6ae05ec4[p=0,l=30,c=32768,r=30]={<<<mount of data. \n<p>Finale.</p>>>>able amou...table a}
[DEBUG] handled=true async=false committed=true on HttpChannelOverHttp@36eb5f45{s=HttpChannelState@23232c72{s=HANDLING rs=BLOCKING os=COMMITTED is=IDLE awp=false se=false i=true al=0},r=53,c=false/false,a=HANDLING,uri=//localhost:35372/InterruptedServlet?magnitude=larger,age=10}
[DEBUG] unhandle HttpChannelState@23232c72{s=HANDLING rs=BLOCKING os=COMMITTED is=IDLE awp=false se=false i=true al=0}
[DEBUG] nextAction(false) COMPLETE HttpChannelState@23232c72{s=HANDLING rs=COMPLETING os=COMMITTED is=IDLE awp=false se=false i=false al=0}
[DEBUG] action COMPLETE HttpChannelOverHttp@36eb5f45{s=HttpChannelState@23232c72{s=HANDLING rs=COMPLETING os=COMMITTED is=IDLE awp=false se=false i=false al=0},r=53,c=false/false,a=HANDLING,uri=//localhost:35372/InterruptedServlet?magnitude=larger,age=10}
[DEBUG] abort HttpConnection@3e7171e5::SocketChannelEndPoint@3d491fad{l=/127.0.0.1:35372,r=/127.0.0.1:60190,OPEN,fill=-,flush=-,to=0/30000}{io=0/0,kio=0,kro=1}->HttpConnection@3e7171e5[p=HttpParser{s=CONTENT,0 of -1},g=HttpGenerator@274dcaa5{s=COMMITTED}]=>HttpChannelOverHttp@36eb5f45{s=HttpChannelState@23232c72{s=HANDLING rs=COMPLETING os=ABORTED is=IDLE awp=false se=false i=false al=0},r=53,c=false/false,a=HANDLING,uri=//localhost:35372/InterruptedServlet?magnitude=larger,age=10} java.io.IOException: insufficient content written
[DEBUG] close SocketChannelEndPoint@3d491fad{l=/127.0.0.1:35372,r=/127.0.0.1:60190,OPEN,fill=-,flush=-,to=0/30000}{io=0/0,kio=0,kro=1}->HttpConnection@3e7171e5[p=HttpParser{s=CONTENT,0 of -1},g=HttpGenerator@274dcaa5{s=COMMITTED}]=>HttpChannelOverHttp@36eb5f45{s=HttpChannelState@23232c72{s=HANDLING rs=COMPLETING os=ABORTED is=IDLE awp=false se=false i=false al=0},r=53,c=false/false,a=HANDLING,uri=//localhost:35372/InterruptedServlet?magnitude=larger,age=10}
[DEBUG] close(null) SocketChannelEndPoint@3d491fad{l=/127.0.0.1:35372,r=/127.0.0.1:60190,OPEN,fill=-,flush=-,to=0/30000}{io=0/0,kio=0,kro=1}->HttpConnection@3e7171e5[p=HttpParser{s=CONTENT,0 of -1},g=HttpGenerator@274dcaa5{s=COMMITTED}]=>HttpChannelOverHttp@36eb5f45{s=HttpChannelState@23232c72{s=HANDLING rs=COMPLETING os=ABORTED is=IDLE awp=false se=false i=false al=0},r=53,c=false/false,a=HANDLING,uri=//localhost:35372/InterruptedServlet?magnitude=larger,age=10}
[DEBUG] doClose SocketChannelEndPoint@3d491fad{l=/127.0.0.1:35372,r=/127.0.0.1:60190,CLOSED,fill=-,flush=-,to=0/30000}{io=0/0,kio=0,kro=1}->HttpConnection@3e7171e5[p=HttpParser{s=CONTENT,0 of -1},g=HttpGenerator@274dcaa5{s=COMMITTED}]=>HttpChannelOverHttp@36eb5f45{s=HttpChannelState@23232c72{s=HANDLING rs=COMPLETING os=ABORTED is=IDLE awp=false se=false i=false al=0},r=53,c=false/false,a=HANDLING,uri=//localhost:35372/InterruptedServlet?magnitude=larger,age=10}
[DEBUG] onClose FillInterest@1d372282{null}
[DEBUG] Wakeup ManagedSelector@72cf2de5{STARTED} id=0 keys=3 selected=0 updates=0
[DEBUG] Selector sun.nio.ch.EPollSelectorImpl@36abfb12 woken with none selected
[DEBUG] Selector sun.nio.ch.EPollSelectorImpl@36abfb12 woken up from select, 0/0/2 selected
[DEBUG] Selector sun.nio.ch.EPollSelectorImpl@36abfb12 processing 0 keys, 0 updates
[DEBUG] updateable 0
[DEBUG] updates 0
[DEBUG] Selector sun.nio.ch.EPollSelectorImpl@36abfb12 waiting with 2 keys
[DEBUG] run org.eclipse.jetty.io.ManagedSelector$DestroyEndPoint@6d64da4d in QueuedThreadPool[qtp638486177]@260e86a1{STARTED,8<=8<=200,i=3,r=-1,q=0}[ReservedThreadExecutor@278bb07e{s=1/1,p=0}]
[DEBUG] Destroyed SocketChannelEndPoint@3d491fad{l=0.0.0.0/0.0.0.0:35372,r=null,CLOSED,fill=-,flush=-,to=1/30000}{io=0/0,kio=-1,kro=-1}->HttpConnection@3e7171e5[p=HttpParser{s=CONTENT,0 of -1},g=HttpGenerator@274dcaa5{s=COMMITTED}]=>HttpChannelOverHttp@36eb5f45{s=HttpChannelState@23232c72{s=HANDLING rs=COMPLETING os=ABORTED is=IDLE awp=false se=false i=false al=0},r=53,c=false/false,a=HANDLING,uri=//localhost:35372/InterruptedServlet?magnitude=larger,age=12}
[DEBUG] onClose HttpConnection@3e7171e5::SocketChannelEndPoint@3d491fad{l=0.0.0.0/0.0.0.0:35372,r=null,CLOSED,fill=-,flush=-,to=2/30000}{io=0/0,kio=-1,kro=-1}->HttpConnection@3e7171e5[p=HttpParser{s=CONTENT,0 of -1},g=HttpGenerator@274dcaa5{s=COMMITTED}]=>HttpChannelOverHttp@36eb5f45{s=HttpChannelState@23232c72{s=HANDLING rs=COMPLETING os=ABORTED is=IDLE awp=false se=false i=false al=0},r=53,c=false/false,a=HANDLING,uri=//localhost:35372/InterruptedServlet?magnitude=larger,age=12}
[DEBUG] queue org.eclipse.jetty.io.ManagedSelector$DestroyEndPoint@6d64da4d startThread=0
[DEBUG] complete(org.eclipse.jetty.util.Callback$3@78d8a407) s=CLOSING,api=BLOCKED,sc=false,e=null s=false e=null, c=DirectByteBuffer@6ae05ec4[p=0,l=30,c=32768,r=30]={<<<mount of data. \n<p>Finale.</p>>>>able amou...table a}
[DEBUG] sendResponse info=null content=DirectByteBuffer@6ae05ec4[p=0,l=30,c=32768,r=30]={<<<mount of data. \n<p>Finale.</p>>>>able amou...table a} complete=true committing=false callback=org.eclipse.jetty.server.HttpOutput$WriteCompleteCB@4d0f3d5c
[DEBUG] Commit failed
org.eclipse.jetty.io.EofException: null
	at org.eclipse.jetty.server.HttpConnection$SendCallback.reset(HttpConnection.java:730) [jetty-server-9.4.43.v20210629.jar:9.4.43.v20210629]
	at org.eclipse.jetty.server.HttpConnection$SendCallback.access$300(HttpConnection.java:689) [jetty-server-9.4.43.v20210629.jar:9.4.43.v20210629]
	at org.eclipse.jetty.server.HttpConnection.send(HttpConnection.java:548) [jetty-server-9.4.43.v20210629.jar:9.4.43.v20210629]
	at org.eclipse.jetty.server.HttpChannel.sendResponse(HttpChannel.java:915) [jetty-server-9.4.43.v20210629.jar:9.4.43.v20210629]
	at org.eclipse.jetty.server.HttpChannel.write(HttpChannel.java:987) [jetty-server-9.4.43.v20210629.jar:9.4.43.v20210629]
	at org.eclipse.jetty.server.HttpOutput.channelWrite(HttpOutput.java:285) [jetty-server-9.4.43.v20210629.jar:9.4.43.v20210629]
	at org.eclipse.jetty.server.HttpOutput.complete(HttpOutput.java:515) [jetty-server-9.4.43.v20210629.jar:9.4.43.v20210629]
	at org.eclipse.jetty.server.HttpWriter.complete(HttpWriter.java:53) [jetty-server-9.4.43.v20210629.jar:9.4.43.v20210629]
	at org.eclipse.jetty.server.ResponseWriter.complete(ResponseWriter.java:181) [jetty-server-9.4.43.v20210629.jar:9.4.43.v20210629]
	at org.eclipse.jetty.server.Response.completeOutput(Response.java:924) [jetty-server-9.4.43.v20210629.jar:9.4.43.v20210629]
	at org.eclipse.jetty.server.HttpChannel.handle(HttpChannel.java:538) [jetty-server-9.4.43.v20210629.jar:9.4.43.v20210629]
	at org.eclipse.jetty.server.HttpConnection.onFillable(HttpConnection.java:277) [jetty-server-9.4.43.v20210629.jar:9.4.43.v20210629]
	at org.eclipse.jetty.io.AbstractConnection$ReadCallback.succeeded(AbstractConnection.java:311) [jetty-io-9.4.43.v20210629.jar:9.4.43.v20210629]
	at org.eclipse.jetty.io.FillInterest.fillable(FillInterest.java:105) [jetty-io-9.4.43.v20210629.jar:9.4.43.v20210629]
	at org.eclipse.jetty.io.ChannelEndPoint$1.run(ChannelEndPoint.java:104) [jetty-io-9.4.43.v20210629.jar:9.4.43.v20210629]
	at org.eclipse.jetty.util.thread.strategy.EatWhatYouKill.runTask(EatWhatYouKill.java:338) [jetty-util-9.4.43.v20210629.jar:9.4.43.v20210629]
	at org.eclipse.jetty.util.thread.strategy.EatWhatYouKill.doProduce(EatWhatYouKill.java:315) [jetty-util-9.4.43.v20210629.jar:9.4.43.v20210629]
	at org.eclipse.jetty.util.thread.strategy.EatWhatYouKill.tryProduce(EatWhatYouKill.java:173) [jetty-util-9.4.43.v20210629.jar:9.4.43.v20210629]
	at org.eclipse.jetty.util.thread.strategy.EatWhatYouKill.run(EatWhatYouKill.java:131) [jetty-util-9.4.43.v20210629.jar:9.4.43.v20210629]
	at org.eclipse.jetty.util.thread.ReservedThreadExecutor$ReservedThread.run(ReservedThreadExecutor.java:386) [jetty-util-9.4.43.v20210629.jar:9.4.43.v20210629]
	at org.eclipse.jetty.util.thread.QueuedThreadPool.runJob(QueuedThreadPool.java:883) [jetty-util-9.4.43.v20210629.jar:9.4.43.v20210629]
	at org.eclipse.jetty.util.thread.QueuedThreadPool$Runner.run(QueuedThreadPool.java:1034) [jetty-util-9.4.43.v20210629.jar:9.4.43.v20210629]
	at java.lang.Thread.run(Thread.java:748) [na:1.8.0_292]
[DEBUG] onWriteComplete(true,org.eclipse.jetty.io.EofException) s=CLOSING,api=BLOCKED,sc=false,e=null->s=CLOSED,api=BLOCKING,sc=false,e=null c=null cb=org.eclipse.jetty.util.Callback$3@78d8a407 w=false
[DEBUG] completed HttpChannelState@23232c72{s=HANDLING rs=COMPLETING os=ABORTED is=IDLE awp=false se=false i=false al=0}
[DEBUG] unhandle HttpChannelState@23232c72{s=HANDLING rs=COMPLETED os=ABORTED is=IDLE awp=false se=false i=false al=0}
[DEBUG] nextAction(false) TERMINATED HttpChannelState@23232c72{s=IDLE rs=COMPLETED os=ABORTED is=IDLE awp=false se=false i=false al=0}
[DEBUG] action TERMINATED HttpChannelOverHttp@36eb5f45{s=HttpChannelState@23232c72{s=IDLE rs=COMPLETED os=ABORTED is=IDLE awp=false se=false i=false al=0},r=53,c=true/false,a=IDLE,uri=//localhost:35372/InterruptedServlet?magnitude=larger,age=20}
[DEBUG] onCompleted for /InterruptedServlet written=32768
[DEBUG] atEOF HttpParser{s=CONTENT,0 of -1}
[DEBUG] HttpConnection@3e7171e5::SocketChannelEndPoint@3d491fad{l=0.0.0.0/0.0.0.0:35372,r=null,CLOSED,fill=-,flush=-,to=10/30000}{io=0/0,kio=-1,kro=-1}->HttpConnection@3e7171e5[p=HttpParser{s=CONTENT,0 of -1},g=HttpGenerator@274dcaa5{s=COMMITTED}]=>HttpChannelOverHttp@36eb5f45{s=HttpChannelState@23232c72{s=IDLE rs=COMPLETED os=ABORTED is=IDLE awp=false se=false i=false al=0},r=53,c=true/false,a=IDLE,uri=//localhost:35372/InterruptedServlet?magnitude=larger,age=20} filled -1 HeapByteBuffer@460916c[p=0,l=0,c=8192,r=0]={<<<>>>HTTP/1.1 ...\x00\x00\x00\x00\x00\x00\x00}
[DEBUG] HttpConnection@3e7171e5::SocketChannelEndPoint@3d491fad{l=0.0.0.0/0.0.0.0:35372,r=null,CLOSED,fill=-,flush=-,to=10/30000}{io=0/0,kio=-1,kro=-1}->HttpConnection@3e7171e5[p=HttpParser{s=CONTENT,0 of -1},g=HttpGenerator@274dcaa5{s=COMMITTED}]=>HttpChannelOverHttp@36eb5f45{s=HttpChannelState@23232c72{s=IDLE rs=COMPLETED os=ABORTED is=IDLE awp=false se=false i=false al=0},r=53,c=true/false,a=IDLE,uri=//localhost:35372/InterruptedServlet?magnitude=larger,age=20} parse HeapByteBuffer@460916c[p=0,l=0,c=8192,r=0]={<<<>>>HTTP/1.1 ...\x00\x00\x00\x00\x00\x00\x00} {}
[DEBUG] parseNext s=CONTENT HeapByteBuffer@460916c[p=0,l=0,c=8192,r=0]={<<<>>>HTTP/1.1 ...\x00\x00\x00\x00\x00\x00\x00}
[DEBUG] CONTENT --> CONTENT_END
[DEBUG] onContentComplete HttpChannelOverHttp@36eb5f45{s=HttpChannelState@23232c72{s=IDLE rs=COMPLETED os=ABORTED is=IDLE awp=false se=false i=false al=0},r=53,c=true/false,a=IDLE,uri=//localhost:35372/InterruptedServlet?magnitude=larger,age=20}
[DEBUG] CONTENT_END --> END
[DEBUG] onRequestComplete HttpChannelOverHttp@36eb5f45{s=HttpChannelState@23232c72{s=IDLE rs=COMPLETED os=ABORTED is=IDLE awp=false se=false i=false al=0},r=53,c=true/false,a=IDLE,uri=//localhost:35372/InterruptedServlet?magnitude=larger,age=20}
[DEBUG] HttpInputOverHTTP@376cf161[c=0,q=0,[0]=null,s=STREAM] addContent EOF
[DEBUG] END --> CLOSED
[DEBUG] HttpConnection@3e7171e5::SocketChannelEndPoint@3d491fad{l=0.0.0.0/0.0.0.0:35372,r=null,CLOSED,fill=-,flush=-,to=10/30000}{io=0/0,kio=-1,kro=-1}->HttpConnection@3e7171e5[p=HttpParser{s=CLOSED,0 of -1},g=HttpGenerator@274dcaa5{s=COMMITTED}]=>HttpChannelOverHttp@36eb5f45{s=HttpChannelState@23232c72{s=IDLE rs=COMPLETED os=ABORTED is=IDLE awp=false se=false i=false al=0},r=53,c=true/false,a=IDLE,uri=//localhost:35372/InterruptedServlet?magnitude=larger,age=20} parsed false HttpParser{s=CLOSED,0 of -1}
[DEBUG] releaseRequestBuffer HttpConnection@3e7171e5::SocketChannelEndPoint@3d491fad{l=0.0.0.0/0.0.0.0:35372,r=null,CLOSED,fill=-,flush=-,to=10/30000}{io=0/0,kio=-1,kro=-1}->HttpConnection@3e7171e5[p=HttpParser{s=CLOSED,0 of -1},g=HttpGenerator@274dcaa5{s=COMMITTED}]=>HttpChannelOverHttp@36eb5f45{s=HttpChannelState@23232c72{s=IDLE rs=COMPLETED os=ABORTED is=IDLE awp=false se=false i=false al=0},r=53,c=true/false,a=IDLE,uri=//localhost:35372/InterruptedServlet?magnitude=larger,age=20}
[DEBUG] recycle HttpChannelState@23232c72{s=IDLE rs=COMPLETED os=ABORTED is=IDLE awp=false se=false i=false al=0}
[DEBUG] !handle TERMINATED HttpChannelOverHttp@36eb5f45{s=HttpChannelState@23232c72{s=IDLE rs=BLOCKING os=OPEN is=IDLE awp=false se=false i=true al=0},r=53,c=false/false,a=IDLE,uri=null,age=0}
[DEBUG] HttpConnection@3e7171e5::SocketChannelEndPoint@3d491fad{l=0.0.0.0/0.0.0.0:35372,r=null,CLOSED,fill=-,flush=-,to=10/30000}{io=0/0,kio=-1,kro=-1}->HttpConnection@3e7171e5[p=HttpParser{s=CLOSED,0 of -1},g=HttpGenerator@274dcaa5{s=START}]=>HttpChannelOverHttp@36eb5f45{s=HttpChannelState@23232c72{s=IDLE rs=BLOCKING os=OPEN is=IDLE awp=false se=false i=true al=0},r=53,c=false/false,a=IDLE,uri=null,age=0} onFillable exit HttpChannelState@23232c72{s=IDLE rs=BLOCKING os=OPEN is=IDLE awp=false se=false i=true al=0} null
[DEBUG] ReservedThreadExecutor@278bb07e{s=1/1,p=0}@1041de31 size 1 > capacity
[DEBUG] ran ReservedThreadExecutor@278bb07e{s=1/1,p=0}@1041de31 in QueuedThreadPool[qtp638486177]@260e86a1{STARTED,8<=8<=200,i=3,r=-1,q=0}[ReservedThreadExecutor@278bb07e{s=1/1,p=0}]
]]></system-out>
  </testcase>
  <testcase name="requestCookiesSurviveRedirect" classname="org.jsoup.integration.ConnectTest" time="0.018">
    <system-out><![CDATA[[DEBUG] ran org.eclipse.jetty.io.ManagedSelector$DestroyEndPoint@6d64da4d in QueuedThreadPool[qtp638486177]@260e86a1{STARTED,8<=8<=200,i=4,r=-1,q=0}[ReservedThreadExecutor@278bb07e{s=1/1,p=0}]
[DEBUG] Selector sun.nio.ch.EPollSelectorImpl@36abfb12 woken up from select, 1/1/2 selected
[DEBUG] Selector sun.nio.ch.EPollSelectorImpl@36abfb12 processing 1 keys, 0 updates
[DEBUG] selected 1 sun.nio.ch.SelectionKeyImpl@2e590379 SocketChannelEndPoint@61fd9662{l=/127.0.0.1:35372,r=/127.0.0.1:60188,OPEN,fill=FI,flush=-,to=2096/30000}{io=1/1,kio=1,kro=1}->HttpConnection@2e077e16[p=HttpParser{s=START,0 of -1},g=HttpGenerator@1f63306b{s=START}]=>HttpChannelOverHttp@6f3a742d{s=HttpChannelState@6b05fd12{s=IDLE rs=BLOCKING os=OPEN is=IDLE awp=false se=false i=true al=0},r=9,c=false/false,a=IDLE,uri=null,age=0} 
[DEBUG] onSelected 1->0 r=true w=false for SocketChannelEndPoint@61fd9662{l=/127.0.0.1:35372,r=/127.0.0.1:60188,OPEN,fill=FI,flush=-,to=2096/30000}{io=1/0,kio=1,kro=1}->HttpConnection@2e077e16[p=HttpParser{s=START,0 of -1},g=HttpGenerator@1f63306b{s=START}]=>HttpChannelOverHttp@6f3a742d{s=HttpChannelState@6b05fd12{s=IDLE rs=BLOCKING os=OPEN is=IDLE awp=false se=false i=true al=0},r=9,c=false/false,a=IDLE,uri=null,age=0}
[DEBUG] task CEP:SocketChannelEndPoint@61fd9662{l=/127.0.0.1:35372,r=/127.0.0.1:60188,OPEN,fill=FI,flush=-,to=2096/30000}{io=1/0,kio=1,kro=1}->HttpConnection@2e077e16[p=HttpParser{s=START,0 of -1},g=HttpGenerator@1f63306b{s=START}]=>HttpChannelOverHttp@6f3a742d{s=HttpChannelState@6b05fd12{s=IDLE rs=BLOCKING os=OPEN is=IDLE awp=false se=false i=true al=0},r=9,c=false/false,a=IDLE,uri=null,age=0}:runFillable:BLOCKING
[DEBUG] ReservedThreadExecutor@278bb07e{s=1/1,p=0} tryExecute EatWhatYouKill@63b1d4fa/SelectorProducer@4c4d27c8/PRODUCING/p=false/QueuedThreadPool[qtp638486177]@260e86a1{STARTED,8<=8<=200,i=5,r=-1,q=0}[ReservedThreadExecutor@278bb07e{s=1/1,p=0}][pc=0,pic=0,pec=1,epc=12]@2021-09-28T06:03:32.918Z
[DEBUG] ReservedThreadExecutor@278bb07e{s=0/1,p=0}@ec17b69 offer EatWhatYouKill@63b1d4fa/SelectorProducer@4c4d27c8/PRODUCING/p=false/QueuedThreadPool[qtp638486177]@260e86a1{STARTED,8<=8<=200,i=5,r=-1,q=0}[ReservedThreadExecutor@278bb07e{s=0/1,p=0}][pc=0,pic=0,pec=1,epc=12]@2021-09-28T06:03:32.918Z
[DEBUG] ReservedThreadExecutor@278bb07e{s=0/1,p=1} startReservedThread p=1
[DEBUG] queue ReservedThreadExecutor@278bb07e{s=0/1,p=1}@84550b startThread=0
[DEBUG] EatWhatYouKill@63b1d4fa/SelectorProducer@4c4d27c8/IDLE/p=true/QueuedThreadPool[qtp638486177]@260e86a1{STARTED,8<=8<=200,i=4,r=-1,q=0}[ReservedThreadExecutor@278bb07e{s=0/1,p=1}][pc=0,pic=0,pec=1,epc=12]@2021-09-28T06:03:32.918Z m=EXECUTE_PRODUCE_CONSUME t=CEP:SocketChannelEndPoint@61fd9662{l=/127.0.0.1:35372,r=/127.0.0.1:60188,OPEN,fill=FI,flush=-,to=2097/30000}{io=1/0,kio=1,kro=1}->HttpConnection@2e077e16[p=HttpParser{s=START,0 of -1},g=HttpGenerator@1f63306b{s=START}]=>HttpChannelOverHttp@6f3a742d{s=HttpChannelState@6b05fd12{s=IDLE rs=BLOCKING os=OPEN is=IDLE awp=false se=false i=true al=0},r=9,c=false/false,a=IDLE,uri=null,age=0}:runFillable:BLOCKING/BLOCKING
[DEBUG] fillable FillInterest@5bcaa3f8{AC.ReadCB@2e077e16{HttpConnection@2e077e16::SocketChannelEndPoint@61fd9662{l=/127.0.0.1:35372,r=/127.0.0.1:60188,OPEN,fill=FI,flush=-,to=2097/30000}{io=1/0,kio=1,kro=1}->HttpConnection@2e077e16[p=HttpParser{s=START,0 of -1},g=HttpGenerator@1f63306b{s=START}]=>HttpChannelOverHttp@6f3a742d{s=HttpChannelState@6b05fd12{s=IDLE rs=BLOCKING os=OPEN is=IDLE awp=false se=false i=true al=0},r=9,c=false/false,a=IDLE,uri=null,age=0}}}
[DEBUG] HttpConnection@2e077e16::SocketChannelEndPoint@61fd9662{l=/127.0.0.1:35372,r=/127.0.0.1:60188,OPEN,fill=-,flush=-,to=2097/30000}{io=1/0,kio=1,kro=1}->HttpConnection@2e077e16[p=HttpParser{s=START,0 of -1},g=HttpGenerator@1f63306b{s=START}]=>HttpChannelOverHttp@6f3a742d{s=HttpChannelState@6b05fd12{s=IDLE rs=BLOCKING os=OPEN is=IDLE awp=false se=false i=true al=0},r=9,c=false/false,a=IDLE,uri=null,age=0} onFillable enter HttpChannelState@6b05fd12{s=IDLE rs=BLOCKING os=OPEN is=IDLE awp=false se=false i=true al=0} null
[DEBUG] filled 381 HeapByteBuffer@1ef04a69[p=0,l=381,c=8192,r=381]={<<<GET /RedirectServlet?loc=...nection: keep-alive\r\n\r\n>>>, */*; q=...\xCe\x1f\xAf\xC2\x8d\xCey}
[DEBUG] HttpConnection@2e077e16::SocketChannelEndPoint@61fd9662{l=/127.0.0.1:35372,r=/127.0.0.1:60188,OPEN,fill=-,flush=-,to=0/30000}{io=1/0,kio=1,kro=1}->HttpConnection@2e077e16[p=HttpParser{s=START,0 of -1},g=HttpGenerator@1f63306b{s=START}]=>HttpChannelOverHttp@6f3a742d{s=HttpChannelState@6b05fd12{s=IDLE rs=BLOCKING os=OPEN is=IDLE awp=false se=false i=true al=0},r=9,c=false/false,a=IDLE,uri=null,age=0} filled 381 HeapByteBuffer@1ef04a69[p=0,l=381,c=8192,r=381]={<<<GET /RedirectServlet?loc=...nection: keep-alive\r\n\r\n>>>, */*; q=...\xCe\x1f\xAf\xC2\x8d\xCey}
[DEBUG] HttpConnection@2e077e16::SocketChannelEndPoint@61fd9662{l=/127.0.0.1:35372,r=/127.0.0.1:60188,OPEN,fill=-,flush=-,to=0/30000}{io=1/0,kio=1,kro=1}->HttpConnection@2e077e16[p=HttpParser{s=START,0 of -1},g=HttpGenerator@1f63306b{s=START}]=>HttpChannelOverHttp@6f3a742d{s=HttpChannelState@6b05fd12{s=IDLE rs=BLOCKING os=OPEN is=IDLE awp=false se=false i=true al=0},r=9,c=false/false,a=IDLE,uri=null,age=0} parse HeapByteBuffer@1ef04a69[p=0,l=381,c=8192,r=381]={<<<GET /RedirectServlet?loc=...nection: keep-alive\r\n\r\n>>>, */*; q=...\xCe\x1f\xAf\xC2\x8d\xCey} {}
[DEBUG] parseNext s=START HeapByteBuffer@1ef04a69[p=0,l=381,c=8192,r=381]={<<<GET /RedirectServlet?loc=...nection: keep-alive\r\n\r\n>>>, */*; q=...\xCe\x1f\xAf\xC2\x8d\xCey}
[DEBUG] START --> SPACE1
[DEBUG] SPACE1 --> URI
[DEBUG] URI --> SPACE2
[DEBUG] SPACE2 --> REQUEST_VERSION
[DEBUG] REQUEST_VERSION --> HEADER
[DEBUG] HEADER:Cookie --> VALUE
[DEBUG] HEADER:Cookie --> IN_VALUE
[DEBUG] HEADER:Cookie --> FIELD
[DEBUG] HEADER:Accept-Encoding: gzip --> IN_VALUE
[DEBUG] HEADER:Accept-Encoding: gzip --> FIELD
[DEBUG] HEADER:User-Agent: Mozilla/5.0 (Windows NT 10.0; Win64; x64) AppleWebKit/537.36 (KHTML, like Gecko) Chrome/79.0.3945.130 Safari/537.36 --> IN_VALUE
[DEBUG] HEADER:User-Agent: Mozilla/5.0 (Windows NT 10.0; Win64; x64) AppleWebKit/537.36 (KHTML, like Gecko) Chrome/79.0.3945.130 Safari/537.36 --> FIELD
[DEBUG] HEADER:Host: localhost:35372 --> IN_VALUE
[DEBUG] HEADER:Host: localhost:35372 --> FIELD
[DEBUG] HEADER:Accept: text/html, image/gif, image/jpeg, *; q=.2, */*; q=.2 --> IN_VALUE
[DEBUG] HEADER:Accept: text/html, image/gif, image/jpeg, *; q=.2, */*; q=.2 --> FIELD
[DEBUG] HEADER:Connection: keep-alive --> IN_VALUE
[DEBUG] HEADER:Connection: keep-alive --> FIELD
[DEBUG] HEADER --> CONTENT
[DEBUG] REQUEST for //localhost:35372/RedirectServlet?loc=http%3A%2F%2Flocalhost%3A35372%2FEchoServlet on HttpChannelOverHttp@6f3a742d{s=HttpChannelState@6b05fd12{s=IDLE rs=BLOCKING os=OPEN is=IDLE awp=false se=false i=true al=0},r=10,c=false/false,a=IDLE,uri=//localhost:35372/RedirectServlet?loc=http%3A%2F%2Flocalhost%3A35372%2FEchoServlet,age=0}
GET //localhost:35372/RedirectServlet?loc=http%3A%2F%2Flocalhost%3A35372%2FEchoServlet HTTP/1.1
Cookie: LetMeIn=True; DoesItWork=Yes
Accept-Encoding: gzip
User-Agent: Mozilla/5.0 (Windows NT 10.0; Win64; x64) AppleWebKit/537.36 (KHTML, like Gecko) Chrome/79.0.3945.130 Safari/537.36
Host: localhost:35372
Accept: text/html, image/gif, image/jpeg, *; q=.2, */*; q=.2
Connection: keep-alive


[DEBUG] HttpConnection@2e077e16::SocketChannelEndPoint@61fd9662{l=/127.0.0.1:35372,r=/127.0.0.1:60188,OPEN,fill=-,flush=-,to=0/30000}{io=1/0,kio=1,kro=1}->HttpConnection@2e077e16[p=HttpParser{s=CONTENT,0 of -1},g=HttpGenerator@1f63306b{s=START}]=>HttpChannelOverHttp@6f3a742d{s=HttpChannelState@6b05fd12{s=IDLE rs=BLOCKING os=OPEN is=IDLE awp=false se=false i=true al=0},r=10,c=false/false,a=IDLE,uri=//localhost:35372/RedirectServlet?loc=http%3A%2F%2Flocalhost%3A35372%2FEchoServlet,age=0} parsed true HttpParser{s=CONTENT,0 of -1}
[DEBUG] releaseRequestBuffer HttpConnection@2e077e16::SocketChannelEndPoint@61fd9662{l=/127.0.0.1:35372,r=/127.0.0.1:60188,OPEN,fill=-,flush=-,to=0/30000}{io=1/0,kio=1,kro=1}->HttpConnection@2e077e16[p=HttpParser{s=CONTENT,0 of -1},g=HttpGenerator@1f63306b{s=START}]=>HttpChannelOverHttp@6f3a742d{s=HttpChannelState@6b05fd12{s=IDLE rs=BLOCKING os=OPEN is=IDLE awp=false se=false i=true al=0},r=10,c=false/false,a=IDLE,uri=//localhost:35372/RedirectServlet?loc=http%3A%2F%2Flocalhost%3A35372%2FEchoServlet,age=0}
[DEBUG] handle //localhost:35372/RedirectServlet?loc=http%3A%2F%2Flocalhost%3A35372%2FEchoServlet HttpChannelOverHttp@6f3a742d{s=HttpChannelState@6b05fd12{s=IDLE rs=BLOCKING os=OPEN is=IDLE awp=false se=false i=true al=0},r=10,c=false/false,a=IDLE,uri=//localhost:35372/RedirectServlet?loc=http%3A%2F%2Flocalhost%3A35372%2FEchoServlet,age=1} 
[DEBUG] handling HttpChannelState@6b05fd12{s=IDLE rs=BLOCKING os=OPEN is=IDLE awp=false se=false i=true al=0}
[DEBUG] action DISPATCH HttpChannelOverHttp@6f3a742d{s=HttpChannelState@6b05fd12{s=HANDLING rs=BLOCKING os=OPEN is=IDLE awp=false se=false i=true al=0},r=10,c=false/false,a=HANDLING,uri=//localhost:35372/RedirectServlet?loc=http%3A%2F%2Flocalhost%3A35372%2FEchoServlet,age=1}
[DEBUG] REQUEST GET /RedirectServlet on HttpChannelOverHttp@6f3a742d{s=HttpChannelState@6b05fd12{s=HANDLING rs=BLOCKING os=OPEN is=IDLE awp=false se=false i=true al=0},r=10,c=false/false,a=HANDLING,uri=//localhost:35372/RedirectServlet?loc=http%3A%2F%2Flocalhost%3A35372%2FEchoServlet,age=1}
[DEBUG] servlet null|/RedirectServlet|null -> org.jsoup.integration.servlets.RedirectServlet-77bb0ab5==org.jsoup.integration.servlets.RedirectServlet@f84cd177{jsp=null,order=-1,inst=true,async=true,src=EMBEDDED:null,STARTED}
[DEBUG] chain=null
[DEBUG] handled=true async=false committed=false on HttpChannelOverHttp@6f3a742d{s=HttpChannelState@6b05fd12{s=HANDLING rs=BLOCKING os=OPEN is=IDLE awp=false se=false i=true al=0},r=10,c=false/false,a=HANDLING,uri=//localhost:35372/RedirectServlet?loc=http%3A%2F%2Flocalhost%3A35372%2FEchoServlet,age=1}
[DEBUG] unhandle HttpChannelState@6b05fd12{s=HANDLING rs=BLOCKING os=OPEN is=IDLE awp=false se=false i=true al=0}
[DEBUG] nextAction(false) COMPLETE HttpChannelState@6b05fd12{s=HANDLING rs=COMPLETING os=OPEN is=IDLE awp=false se=false i=false al=0}
[DEBUG] action COMPLETE HttpChannelOverHttp@6f3a742d{s=HttpChannelState@6b05fd12{s=HANDLING rs=COMPLETING os=OPEN is=IDLE awp=false se=false i=false al=0},r=10,c=false/false,a=HANDLING,uri=//localhost:35372/RedirectServlet?loc=http%3A%2F%2Flocalhost%3A35372%2FEchoServlet,age=1}
[DEBUG] filled 0 HeapByteBuffer@2a66826a[p=0,l=0,c=8192,r=0]={<<<>>>HTTP/1.1 ...\x86&h\xA0{\xC1\xC2}
[DEBUG] filled 0 HeapByteBuffer@2a66826a[p=0,l=0,c=8192,r=0]={<<<>>>HTTP/1.1 ...\x86&h\xA0{\xC1\xC2}
[DEBUG] HttpConnection@2e077e16::SocketChannelEndPoint@61fd9662{l=/127.0.0.1:35372,r=/127.0.0.1:60188,OPEN,fill=-,flush=-,to=1/30000}{io=1/0,kio=1,kro=1}->HttpConnection@2e077e16[p=HttpParser{s=CONTENT,0 of -1},g=HttpGenerator@1f63306b{s=START}]=>HttpChannelOverHttp@6f3a742d{s=HttpChannelState@6b05fd12{s=HANDLING rs=COMPLETING os=OPEN is=IDLE awp=false se=false i=false al=0},r=10,c=false/false,a=HANDLING,uri=//localhost:35372/RedirectServlet?loc=http%3A%2F%2Flocalhost%3A35372%2FEchoServlet,age=1} filled 0 HeapByteBuffer@2a66826a[p=0,l=0,c=8192,r=0]={<<<>>>HTTP/1.1 ...\x86&h\xA0{\xC1\xC2}
[DEBUG] HttpConnection@2e077e16::SocketChannelEndPoint@61fd9662{l=/127.0.0.1:35372,r=/127.0.0.1:60188,OPEN,fill=-,flush=-,to=1/30000}{io=1/0,kio=1,kro=1}->HttpConnection@2e077e16[p=HttpParser{s=CONTENT,0 of -1},g=HttpGenerator@1f63306b{s=START}]=>HttpChannelOverHttp@6f3a742d{s=HttpChannelState@6b05fd12{s=HANDLING rs=COMPLETING os=OPEN is=IDLE awp=false se=false i=false al=0},r=10,c=false/false,a=HANDLING,uri=//localhost:35372/RedirectServlet?loc=http%3A%2F%2Flocalhost%3A35372%2FEchoServlet,age=1} parse HeapByteBuffer@2a66826a[p=0,l=0,c=8192,r=0]={<<<>>>HTTP/1.1 ...\x86&h\xA0{\xC1\xC2} {}
[DEBUG] parseNext s=CONTENT HeapByteBuffer@2a66826a[p=0,l=0,c=8192,r=0]={<<<>>>HTTP/1.1 ...\x86&h\xA0{\xC1\xC2}
[DEBUG] CONTENT --> CONTENT_END
[DEBUG] onContentComplete HttpChannelOverHttp@6f3a742d{s=HttpChannelState@6b05fd12{s=HANDLING rs=COMPLETING os=OPEN is=IDLE awp=false se=false i=false al=0},r=10,c=false/false,a=HANDLING,uri=//localhost:35372/RedirectServlet?loc=http%3A%2F%2Flocalhost%3A35372%2FEchoServlet,age=1}
[DEBUG] CONTENT_END --> END
[DEBUG] onRequestComplete HttpChannelOverHttp@6f3a742d{s=HttpChannelState@6b05fd12{s=HANDLING rs=COMPLETING os=OPEN is=IDLE awp=false se=false i=false al=0},r=10,c=false/false,a=HANDLING,uri=//localhost:35372/RedirectServlet?loc=http%3A%2F%2Flocalhost%3A35372%2FEchoServlet,age=1}
[DEBUG] HttpInputOverHTTP@1e5b6482[c=0,q=0,[0]=null,s=STREAM] addContent EOF
[DEBUG] HttpConnection@2e077e16::SocketChannelEndPoint@61fd9662{l=/127.0.0.1:35372,r=/127.0.0.1:60188,OPEN,fill=-,flush=-,to=1/30000}{io=1/0,kio=1,kro=1}->HttpConnection@2e077e16[p=HttpParser{s=END,0 of -1},g=HttpGenerator@1f63306b{s=START}]=>HttpChannelOverHttp@6f3a742d{s=HttpChannelState@6b05fd12{s=HANDLING rs=COMPLETING os=OPEN is=IDLE awp=false se=false i=false al=0},r=10,c=false/false,a=HANDLING,uri=//localhost:35372/RedirectServlet?loc=http%3A%2F%2Flocalhost%3A35372%2FEchoServlet,age=1} parsed false HttpParser{s=END,0 of -1}
[DEBUG] releaseRequestBuffer HttpConnection@2e077e16::SocketChannelEndPoint@61fd9662{l=/127.0.0.1:35372,r=/127.0.0.1:60188,OPEN,fill=-,flush=-,to=1/30000}{io=1/0,kio=1,kro=1}->HttpConnection@2e077e16[p=HttpParser{s=END,0 of -1},g=HttpGenerator@1f63306b{s=START}]=>HttpChannelOverHttp@6f3a742d{s=HttpChannelState@6b05fd12{s=HANDLING rs=COMPLETING os=OPEN is=IDLE awp=false se=false i=false al=0},r=10,c=false/false,a=HANDLING,uri=//localhost:35372/RedirectServlet?loc=http%3A%2F%2Flocalhost%3A35372%2FEchoServlet,age=2}
[DEBUG] complete(org.eclipse.jetty.util.Callback$3@636b9da1) s=CLOSING,api=BLOCKED,sc=false,e=null s=false e=null, c=HeapByteBuffer@13dae45a[p=0,l=0,c=0,r=0]={<<<>>>}
[DEBUG] sendResponse info=null content=HeapByteBuffer@13dae45a[p=0,l=0,c=0,r=0]={<<<>>>} complete=true committing=true callback=org.eclipse.jetty.server.HttpOutput$WriteCompleteCB@7a410ad6
[DEBUG] COMMIT for /RedirectServlet on HttpChannelOverHttp@6f3a742d{s=HttpChannelState@6b05fd12{s=HANDLING rs=COMPLETING os=COMMITTED is=IDLE awp=false se=false i=false al=0},r=10,c=false/false,a=HANDLING,uri=//localhost:35372/RedirectServlet?loc=http%3A%2F%2Flocalhost%3A35372%2FEchoServlet,age=2}
302 null HTTP/1.1
Date: Tue, 28 Sep 2021 06:03:32 GMT
Location: http://localhost:35372/EchoServlet


[DEBUG] generate: NEED_HEADER for SendCallback@96c627e[PROCESSING][i=HTTP/1.1{s=302,h=2,cl=-1},cb=org.eclipse.jetty.server.HttpChannel$SendCallback@9844b9c] (null,[p=0,l=0,c=0,r=0],true)@START
[DEBUG] generateHeaders HTTP/1.1{s=302,h=2,cl=-1} last=true content=HeapByteBuffer@13dae45a[p=0,l=0,c=0,r=0]={<<<>>>}
[DEBUG] Date: Tue, 28 Sep 2021 06:03:32 GMT
Location: http://localhost:35372/EchoServlet


[DEBUG] CONTENT_LENGTH
[DEBUG] generate: FLUSH for SendCallback@96c627e[PROCESSING][i=HTTP/1.1{s=302,h=2,cl=-1},cb=org.eclipse.jetty.server.HttpChannel$SendCallback@9844b9c] ([p=0,l=157,c=8192,r=157],[p=0,l=0,c=0,r=0],true)@COMPLETING
[DEBUG] write: WriteFlusher@d847498{IDLE}->null [HeapByteBuffer@460916c[p=0,l=157,c=8192,r=157]={<<<HTTP/1.1 302 Found\r\nDate:...y(9.4.43.v20210629)\r\n\r\n>>>: 902\r\nSe...\x00\x00\x00\x00\x00\x00\x00}]
[DEBUG] update WriteFlusher@d847498{WRITING}->null:IDLE-->WRITING
[DEBUG] ReservedThreadExecutor@278bb07e{s=0/1,p=1}@ec17b69 task=EatWhatYouKill@63b1d4fa/SelectorProducer@4c4d27c8/IDLE/p=true/QueuedThreadPool[qtp638486177]@260e86a1{STARTED,8<=8<=200,i=4,r=-1,q=0}[ReservedThreadExecutor@278bb07e{s=0/1,p=1}][pc=0,pic=0,pec=1,epc=13]@2021-09-28T06:03:32.922Z
[DEBUG] EatWhatYouKill@63b1d4fa/SelectorProducer@4c4d27c8/IDLE/p=true/QueuedThreadPool[qtp638486177]@260e86a1{STARTED,8<=8<=200,i=4,r=-1,q=0}[ReservedThreadExecutor@278bb07e{s=0/1,p=1}][pc=0,pic=0,pec=1,epc=13]@2021-09-28T06:03:32.922Z tryProduce true
[DEBUG] updateable 0
[DEBUG] updates 0
[DEBUG] Key interests updated 1 -> 0 on SocketChannelEndPoint@61fd9662{l=/127.0.0.1:35372,r=/127.0.0.1:60188,OPEN,fill=-,flush=W,to=3/30000}{io=0/0,kio=0,kro=1}->HttpConnection@2e077e16[p=HttpParser{s=END,0 of -1},g=HttpGenerator@1f63306b{s=COMPLETING}]=>HttpChannelOverHttp@6f3a742d{s=HttpChannelState@6b05fd12{s=HANDLING rs=COMPLETING os=COMMITTED is=IDLE awp=false se=false i=false al=0},r=10,c=false/false,a=HANDLING,uri=//localhost:35372/RedirectServlet?loc=http%3A%2F%2Flocalhost%3A35372%2FEchoServlet,age=4}
[DEBUG] Selector sun.nio.ch.EPollSelectorImpl@36abfb12 waiting with 2 keys
[DEBUG] run ReservedThreadExecutor@278bb07e{s=0/1,p=1}@84550b in QueuedThreadPool[qtp638486177]@260e86a1{STARTED,8<=8<=200,i=4,r=-1,q=0}[ReservedThreadExecutor@278bb07e{s=0/1,p=1}]
[DEBUG] ReservedThreadExecutor@278bb07e{s=1/1,p=1}@84550b started
[DEBUG] ReservedThreadExecutor@278bb07e{s=1/1,p=0}@84550b waiting
[DEBUG] flushed 157 SocketChannelEndPoint@61fd9662{l=/127.0.0.1:35372,r=/127.0.0.1:60188,OPEN,fill=-,flush=W,to=7/30000}{io=0/0,kio=0,kro=1}->HttpConnection@2e077e16[p=HttpParser{s=END,0 of -1},g=HttpGenerator@1f63306b{s=COMPLETING}]=>HttpChannelOverHttp@6f3a742d{s=HttpChannelState@6b05fd12{s=HANDLING rs=COMPLETING os=COMMITTED is=IDLE awp=false se=false i=false al=0},r=10,c=false/false,a=HANDLING,uri=//localhost:35372/RedirectServlet?loc=http%3A%2F%2Flocalhost%3A35372%2FEchoServlet,age=7}
[DEBUG] Flushed=true written=157 remaining=0 WriteFlusher@d847498{WRITING}->null
[DEBUG] update WriteFlusher@d847498{IDLE}->null:WRITING-->IDLE
[DEBUG] generate: DONE for SendCallback@96c627e[PROCESSING][i=HTTP/1.1{s=302,h=2,cl=-1},cb=org.eclipse.jetty.server.HttpChannel$SendCallback@9844b9c] ([p=157,l=157,c=8192,r=0],[p=0,l=0,c=0,r=0],true)@END
[DEBUG] onWriteComplete(true,null) s=CLOSING,api=BLOCKED,sc=false,e=null->s=CLOSED,api=BLOCKING,sc=false,e=null c=null cb=org.eclipse.jetty.util.Callback$3@636b9da1 w=false
[DEBUG] completed HttpChannelState@6b05fd12{s=HANDLING rs=COMPLETING os=COMPLETED is=IDLE awp=false se=false i=false al=0}
[DEBUG] unhandle HttpChannelState@6b05fd12{s=HANDLING rs=COMPLETED os=COMPLETED is=IDLE awp=false se=false i=false al=0}
[DEBUG] nextAction(false) TERMINATED HttpChannelState@6b05fd12{s=IDLE rs=COMPLETED os=COMPLETED is=IDLE awp=false se=false i=false al=0}
[DEBUG] action TERMINATED HttpChannelOverHttp@6f3a742d{s=HttpChannelState@6b05fd12{s=IDLE rs=COMPLETED os=COMPLETED is=IDLE awp=false se=false i=false al=0},r=10,c=true/true,a=IDLE,uri=//localhost:35372/RedirectServlet?loc=http%3A%2F%2Flocalhost%3A35372%2FEchoServlet,age=7}
[DEBUG] onCompleted for /RedirectServlet written=0
[DEBUG] recycle HttpChannelState@6b05fd12{s=IDLE rs=COMPLETED os=COMPLETED is=IDLE awp=false se=false i=false al=0}
[DEBUG] reset HttpParser{s=END,0 of -1}
[DEBUG] END --> START
[DEBUG] !handle TERMINATED HttpChannelOverHttp@6f3a742d{s=HttpChannelState@6b05fd12{s=IDLE rs=BLOCKING os=OPEN is=IDLE awp=false se=false i=true al=0},r=10,c=false/false,a=IDLE,uri=null,age=0}
[DEBUG] filled 328 HeapByteBuffer@1ef04a69[p=0,l=328,c=8192,r=328]={<<<GET /EchoServlet HTTP/1.1...nection: keep-alive\r\n\r\n>>>/jpeg, *;...\xCe\x1f\xAf\xC2\x8d\xCey}
[DEBUG] HttpConnection@2e077e16::SocketChannelEndPoint@61fd9662{l=/127.0.0.1:35372,r=/127.0.0.1:60188,OPEN,fill=-,flush=-,to=0/30000}{io=0/0,kio=0,kro=1}->HttpConnection@2e077e16[p=HttpParser{s=START,0 of -1},g=HttpGenerator@1f63306b{s=START}]=>HttpChannelOverHttp@6f3a742d{s=HttpChannelState@6b05fd12{s=IDLE rs=BLOCKING os=OPEN is=IDLE awp=false se=false i=true al=0},r=10,c=false/false,a=IDLE,uri=null,age=0} filled 328 HeapByteBuffer@1ef04a69[p=0,l=328,c=8192,r=328]={<<<GET /EchoServlet HTTP/1.1...nection: keep-alive\r\n\r\n>>>/jpeg, *;...\xCe\x1f\xAf\xC2\x8d\xCey}
[DEBUG] HttpConnection@2e077e16::SocketChannelEndPoint@61fd9662{l=/127.0.0.1:35372,r=/127.0.0.1:60188,OPEN,fill=-,flush=-,to=0/30000}{io=0/0,kio=0,kro=1}->HttpConnection@2e077e16[p=HttpParser{s=START,0 of -1},g=HttpGenerator@1f63306b{s=START}]=>HttpChannelOverHttp@6f3a742d{s=HttpChannelState@6b05fd12{s=IDLE rs=BLOCKING os=OPEN is=IDLE awp=false se=false i=true al=0},r=10,c=false/false,a=IDLE,uri=null,age=0} parse HeapByteBuffer@1ef04a69[p=0,l=328,c=8192,r=328]={<<<GET /EchoServlet HTTP/1.1...nection: keep-alive\r\n\r\n>>>/jpeg, *;...\xCe\x1f\xAf\xC2\x8d\xCey} {}
[DEBUG] parseNext s=START HeapByteBuffer@1ef04a69[p=0,l=328,c=8192,r=328]={<<<GET /EchoServlet HTTP/1.1...nection: keep-alive\r\n\r\n>>>/jpeg, *;...\xCe\x1f\xAf\xC2\x8d\xCey}
[DEBUG] START --> SPACE1
[DEBUG] SPACE1 --> URI
[DEBUG] URI --> SPACE2
[DEBUG] SPACE2 --> REQUEST_VERSION
[DEBUG] REQUEST_VERSION --> HEADER
[DEBUG] HEADER:Cookie: LetMeIn=True; DoesItWork=Yes --> IN_VALUE
[DEBUG] HEADER:Cookie: LetMeIn=True; DoesItWork=Yes --> FIELD
[DEBUG] HEADER:Accept-Encoding: gzip --> IN_VALUE
[DEBUG] HEADER:Accept-Encoding: gzip --> FIELD
[DEBUG] HEADER:User-Agent: Mozilla/5.0 (Windows NT 10.0; Win64; x64) AppleWebKit/537.36 (KHTML, like Gecko) Chrome/79.0.3945.130 Safari/537.36 --> IN_VALUE
[DEBUG] HEADER:User-Agent: Mozilla/5.0 (Windows NT 10.0; Win64; x64) AppleWebKit/537.36 (KHTML, like Gecko) Chrome/79.0.3945.130 Safari/537.36 --> FIELD
[DEBUG] HEADER:Host: localhost:35372 --> IN_VALUE
[DEBUG] HEADER:Host: localhost:35372 --> FIELD
[DEBUG] HEADER:Accept: text/html, image/gif, image/jpeg, *; q=.2, */*; q=.2 --> IN_VALUE
[DEBUG] HEADER:Accept: text/html, image/gif, image/jpeg, *; q=.2, */*; q=.2 --> FIELD
[DEBUG] HEADER:Connection: keep-alive --> IN_VALUE
[DEBUG] HEADER:Connection: keep-alive --> FIELD
[DEBUG] HEADER --> CONTENT
[DEBUG] REQUEST for //localhost:35372/EchoServlet on HttpChannelOverHttp@6f3a742d{s=HttpChannelState@6b05fd12{s=IDLE rs=BLOCKING os=OPEN is=IDLE awp=false se=false i=true al=0},r=11,c=false/false,a=IDLE,uri=//localhost:35372/EchoServlet,age=0}
GET //localhost:35372/EchoServlet HTTP/1.1
Cookie: LetMeIn=True; DoesItWork=Yes
Accept-Encoding: gzip
User-Agent: Mozilla/5.0 (Windows NT 10.0; Win64; x64) AppleWebKit/537.36 (KHTML, like Gecko) Chrome/79.0.3945.130 Safari/537.36
Host: localhost:35372
Accept: text/html, image/gif, image/jpeg, *; q=.2, */*; q=.2
Connection: keep-alive


[DEBUG] HttpConnection@2e077e16::SocketChannelEndPoint@61fd9662{l=/127.0.0.1:35372,r=/127.0.0.1:60188,OPEN,fill=-,flush=-,to=0/30000}{io=0/0,kio=0,kro=1}->HttpConnection@2e077e16[p=HttpParser{s=CONTENT,0 of -1},g=HttpGenerator@1f63306b{s=START}]=>HttpChannelOverHttp@6f3a742d{s=HttpChannelState@6b05fd12{s=IDLE rs=BLOCKING os=OPEN is=IDLE awp=false se=false i=true al=0},r=11,c=false/false,a=IDLE,uri=//localhost:35372/EchoServlet,age=0} parsed true HttpParser{s=CONTENT,0 of -1}
[DEBUG] releaseRequestBuffer HttpConnection@2e077e16::SocketChannelEndPoint@61fd9662{l=/127.0.0.1:35372,r=/127.0.0.1:60188,OPEN,fill=-,flush=-,to=0/30000}{io=0/0,kio=0,kro=1}->HttpConnection@2e077e16[p=HttpParser{s=CONTENT,0 of -1},g=HttpGenerator@1f63306b{s=START}]=>HttpChannelOverHttp@6f3a742d{s=HttpChannelState@6b05fd12{s=IDLE rs=BLOCKING os=OPEN is=IDLE awp=false se=false i=true al=0},r=11,c=false/false,a=IDLE,uri=//localhost:35372/EchoServlet,age=0}
[DEBUG] handle //localhost:35372/EchoServlet HttpChannelOverHttp@6f3a742d{s=HttpChannelState@6b05fd12{s=IDLE rs=BLOCKING os=OPEN is=IDLE awp=false se=false i=true al=0},r=11,c=false/false,a=IDLE,uri=//localhost:35372/EchoServlet,age=0} 
[DEBUG] handling HttpChannelState@6b05fd12{s=IDLE rs=BLOCKING os=OPEN is=IDLE awp=false se=false i=true al=0}
[DEBUG] action DISPATCH HttpChannelOverHttp@6f3a742d{s=HttpChannelState@6b05fd12{s=HANDLING rs=BLOCKING os=OPEN is=IDLE awp=false se=false i=true al=0},r=11,c=false/false,a=HANDLING,uri=//localhost:35372/EchoServlet,age=0}
[DEBUG] REQUEST GET /EchoServlet on HttpChannelOverHttp@6f3a742d{s=HttpChannelState@6b05fd12{s=HANDLING rs=BLOCKING os=OPEN is=IDLE awp=false se=false i=true al=0},r=11,c=false/false,a=HANDLING,uri=//localhost:35372/EchoServlet,age=0}
[DEBUG] servlet null|/EchoServlet|null -> org.jsoup.integration.servlets.EchoServlet-60d1a32f==org.jsoup.integration.servlets.EchoServlet@1f7ecb09{jsp=null,order=-1,inst=true,async=true,src=EMBEDDED:null,STARTED}
[DEBUG] chain=null
[DEBUG] write(array HeapByteBuffer@2b8a6baa[p=0,l=235,c=512,r=235]={<<<<title>Webserver Environm...\n    <table border="0">>>>\x00\x00\x00\x00\x00\x00\x00\x00\x00...\x00\x00\x00\x00\x00\x00\x00})
[DEBUG] write(array) s=OPEN,api=BLOCKING,sc=false,e=null aggregated !flush DirectByteBuffer@7c27fa39[p=0,l=235,c=32768,r=235]={<<<<title>Webserver Environm...\n    <table border="0">>>><tr><th>M...gue. Pr}
[DEBUG] write(array HeapByteBuffer@14b37def[p=0,l=36,c=512,r=36]={<<<<tr><th>Method</th><td>GET</td></tr>>>>es</title...\x00\x00\x00\x00\x00\x00\x00})
[DEBUG] write(array) s=OPEN,api=BLOCKING,sc=false,e=null aggregated !flush DirectByteBuffer@7c27fa39[p=0,l=271,c=32768,r=271]={<<<<title>Webserver Environm...d</th><td>GET</td></tr>>>>\n<tr><th>...gue. Pr}
[DEBUG] write(array HeapByteBuffer@6656c215[p=0,l=1,c=512,r=1]={<<<\n>>>tr><th>Me...\x00\x00\x00\x00\x00\x00\x00})
[DEBUG] write(array) s=OPEN,api=BLOCKING,sc=false,e=null aggregated !flush DirectByteBuffer@7c27fa39[p=0,l=272,c=32768,r=272]={<<<<title>Webserver Environm...</th><td>GET</td></tr>\n>>><tr><th>R...gue. Pr}
[DEBUG] write(array HeapByteBuffer@4da5bde8[p=0,l=50,c=512,r=50]={<<<<tr><th>Request URI</th><...>/EchoServlet</td></tr>>>> <style t...\x00\x00\x00\x00\x00\x00\x00})
[DEBUG] write(array) s=OPEN,api=BLOCKING,sc=false,e=null aggregated !flush DirectByteBuffer@7c27fa39[p=0,l=322,c=32768,r=322]={<<<<title>Webserver Environm...>/EchoServlet</td></tr>>>>\n<tr><th>...gue. Pr}
[DEBUG] write(array HeapByteBuffer@350a58cd[p=0,l=1,c=512,r=1]={<<<\n>>>tr><th>Re...\x00\x00\x00\x00\x00\x00\x00})
[DEBUG] write(array) s=OPEN,api=BLOCKING,sc=false,e=null aggregated !flush DirectByteBuffer@7c27fa39[p=0,l=323,c=32768,r=323]={<<<<title>Webserver Environm.../EchoServlet</td></tr>\n>>><tr><th>Q...gue. Pr}
[DEBUG] write(array HeapByteBuffer@3a590786[p=0,l=39,c=512,r=39]={<<<<tr><th>Query String</th><td></td></tr>>>>t</td></t...\x00\x00\x00\x00\x00\x00\x00})
[DEBUG] write(array) s=OPEN,api=BLOCKING,sc=false,e=null aggregated !flush DirectByteBuffer@7c27fa39[p=0,l=362,c=32768,r=362]={<<<<title>Webserver Environm...ring</th><td></td></tr>>>>\n<tr><th>...gue. Pr}
[DEBUG] write(array HeapByteBuffer@6acf2cb2[p=0,l=1,c=512,r=1]={<<<\n>>>tr><th>Qu...\x00\x00\x00\x00\x00\x00\x00})
[DEBUG] write(array) s=OPEN,api=BLOCKING,sc=false,e=null aggregated !flush DirectByteBuffer@7c27fa39[p=0,l=363,c=32768,r=363]={<<<<title>Webserver Environm...ing</th><td></td></tr>\n>>><tr><th>A...gue. Pr}
[DEBUG] write(array HeapByteBuffer@ae586fe[p=0,l=61,c=512,r=61]={<<<<tr><th>Cookie</th><td>Le...oesItWork=Yes</td></tr>>>>e="text/c...\x00\x00\x00\x00\x00\x00\x00})
[DEBUG] write(array) s=OPEN,api=BLOCKING,sc=false,e=null aggregated !flush DirectByteBuffer@7c27fa39[p=0,l=424,c=32768,r=424]={<<<<title>Webserver Environm...oesItWork=Yes</td></tr>>>>=.2, */*;...gue. Pr}
[DEBUG] write(array HeapByteBuffer@6d4e6b5f[p=0,l=1,c=512,r=1]={<<<\n>>>tr><th>Co...\x00\x00\x00\x00\x00\x00\x00})
[DEBUG] write(array) s=OPEN,api=BLOCKING,sc=false,e=null aggregated !flush DirectByteBuffer@7c27fa39[p=0,l=425,c=32768,r=425]={<<<<title>Webserver Environm...esItWork=Yes</td></tr>\n>>>.2, */*; ...gue. Pr}
[DEBUG] write(array HeapByteBuffer@1fd92447[p=0,l=85,c=512,r=85]={<<<<tr><th>Accept</th><td>te....2, */*; q=.2</td></tr>>>>, td, th ...\x00\x00\x00\x00\x00\x00\x00})
[DEBUG] write(array) s=OPEN,api=BLOCKING,sc=false,e=null aggregated !flush DirectByteBuffer@7c27fa39[p=0,l=510,c=32768,r=510]={<<<<title>Webserver Environm....2, */*; q=.2</td></tr>>>>4; x64) A...gue. Pr}
[DEBUG] write(array HeapByteBuffer@ce031b2[p=0,l=1,c=512,r=1]={<<<\n>>>tr><th>Ac...\x00\x00\x00\x00\x00\x00\x00})
[DEBUG] write(array) s=OPEN,api=BLOCKING,sc=false,e=null aggregated !flush DirectByteBuffer@7c27fa39[p=0,l=511,c=32768,r=511]={<<<<title>Webserver Environm...2, */*; q=.2</td></tr>\n>>>; x64) Ap...gue. Pr}
[DEBUG] write(array HeapByteBuffer@2a9484a6[p=0,l=152,c=512,r=152]={<<<<tr><th>User-Agent</th><t...Safari/537.36</td></tr>>>>      th ...\x00\x00\x00\x00\x00\x00\x00})
[DEBUG] write(array) s=OPEN,api=BLOCKING,sc=false,e=null aggregated !flush DirectByteBuffer@7c27fa39[p=0,l=663,c=32768,r=663]={<<<<title>Webserver Environm...Safari/537.36</td></tr>>>>/th><td>l...gue. Pr}
[DEBUG] write(array HeapByteBuffer@341e0638[p=0,l=1,c=512,r=1]={<<<\n>>>tr><th>Us...\x00\x00\x00\x00\x00\x00\x00})
[DEBUG] write(array) s=OPEN,api=BLOCKING,sc=false,e=null aggregated !flush DirectByteBuffer@7c27fa39[p=0,l=664,c=32768,r=664]={<<<<title>Webserver Environm...afari/537.36</td></tr>\n>>>th><td>lo...gue. Pr}
[DEBUG] write(array HeapByteBuffer@6233f7e0[p=0,l=47,c=512,r=47]={<<<<tr><th>Connection</th><td>keep-alive</td></tr>>>> NT 10.0;...\x00\x00\x00\x00\x00\x00\x00})
[DEBUG] write(array) s=OPEN,api=BLOCKING,sc=false,e=null aggregated !flush DirectByteBuffer@7c27fa39[p=0,l=711,c=32768,r=711]={<<<<title>Webserver Environm...td>keep-alive</td></tr>>>>-Encoding...gue. Pr}
[DEBUG] write(array HeapByteBuffer@6fd337b5[p=0,l=1,c=512,r=1]={<<<\n>>>tr><th>Co...\x00\x00\x00\x00\x00\x00\x00})
[DEBUG] write(array) s=OPEN,api=BLOCKING,sc=false,e=null aggregated !flush DirectByteBuffer@7c27fa39[p=0,l=712,c=32768,r=712]={<<<<title>Webserver Environm...d>keep-alive</td></tr>\n>>>Encoding<...gue. Pr}
[DEBUG] write(array HeapByteBuffer@61ec2f5d[p=0,l=46,c=512,r=46]={<<<<tr><th>Host</th><td>localhost:35372</td></tr>>>>> NT 10.0...\x00\x00\x00\x00\x00\x00\x00})
[DEBUG] write(array) s=OPEN,api=BLOCKING,sc=false,e=null aggregated !flush DirectByteBuffer@7c27fa39[p=0,l=758,c=32768,r=758]={<<<<title>Webserver Environm...calhost:35372</td></tr>>>>uam</i>. ...gue. Pr}
[DEBUG] write(array HeapByteBuffer@2587ca9e[p=0,l=1,c=512,r=1]={<<<\n>>>tr><th>Ho...\x00\x00\x00\x00\x00\x00\x00})
[DEBUG] write(array) s=OPEN,api=BLOCKING,sc=false,e=null aggregated !flush DirectByteBuffer@7c27fa39[p=0,l=759,c=32768,r=759]={<<<<title>Webserver Environm...alhost:35372</td></tr>\n>>>am</i>. S...gue. Pr}
[DEBUG] write(array HeapByteBuffer@58f6b539[p=0,l=46,c=512,r=46]={<<<<tr><th>Accept-Encoding</th><td>gzip</td></tr>>>>> NT 10.0...\x00\x00\x00\x00\x00\x00\x00})
[DEBUG] write(array) s=OPEN,api=BLOCKING,sc=false,e=null aggregated !flush DirectByteBuffer@7c27fa39[p=0,l=805,c=32768,r=805]={<<<<title>Webserver Environm...</th><td>gzip</td></tr>>>>. Nulla q...gue. Pr}
[DEBUG] write(array HeapByteBuffer@2eee5f0d[p=0,l=1,c=512,r=1]={<<<\n>>>tr><th>Ac...\x00\x00\x00\x00\x00\x00\x00})
[DEBUG] write(array) s=OPEN,api=BLOCKING,sc=false,e=null aggregated !flush DirectByteBuffer@7c27fa39[p=0,l=806,c=32768,r=806]={<<<<title>Webserver Environm.../th><td>gzip</td></tr>\n>>> Nulla qu...gue. Pr}
[DEBUG] write(array HeapByteBuffer@2e781b4a[p=0,l=46,c=512,r=46]={<<<<tr><th>Cookie: LetMeIn</th><td>True</td></tr>>>>> NT 10.0...\x00\x00\x00\x00\x00\x00\x00})
[DEBUG] write(array) s=OPEN,api=BLOCKING,sc=false,e=null aggregated !flush DirectByteBuffer@7c27fa39[p=0,l=852,c=32768,r=852]={<<<<title>Webserver Environm...</th><td>True</td></tr>>>>uis sagit...gue. Pr}
[DEBUG] write(array HeapByteBuffer@35b0e721[p=0,l=1,c=512,r=1]={<<<\n>>>tr><th>Co...\x00\x00\x00\x00\x00\x00\x00})
[DEBUG] write(array) s=OPEN,api=BLOCKING,sc=false,e=null aggregated !flush DirectByteBuffer@7c27fa39[p=0,l=853,c=32768,r=853]={<<<<title>Webserver Environm.../th><td>True</td></tr>\n>>>is sagitt...gue. Pr}
[DEBUG] write(array HeapByteBuffer@5882d3d3[p=0,l=48,c=512,r=48]={<<<<tr><th>Cookie: DoesItWork</th><td>Yes</td></tr>>>>NT 10.0; ...\x00\x00\x00\x00\x00\x00\x00})
[DEBUG] write(array) s=OPEN,api=BLOCKING,sc=false,e=null aggregated !flush DirectByteBuffer@7c27fa39[p=0,l=901,c=32768,r=901]={<<<<title>Webserver Environm...k</th><td>Yes</td></tr>>>>llus sed ...gue. Pr}
[DEBUG] write(array HeapByteBuffer@448e9f9[p=0,l=1,c=512,r=1]={<<<\n>>>tr><th>Co...\x00\x00\x00\x00\x00\x00\x00})
[DEBUG] write(array) s=OPEN,api=BLOCKING,sc=false,e=null aggregated !flush DirectByteBuffer@7c27fa39[p=0,l=902,c=32768,r=902]={<<<<title>Webserver Environm...</th><td>Yes</td></tr>\n>>>lus sed a...gue. Pr}
[DEBUG] filled 0 HeapByteBuffer@2a66826a[p=0,l=0,c=8192,r=0]={<<<>>>HTTP/1.1 ...\x86&h\xA0{\xC1\xC2}
[DEBUG] filled 0 HeapByteBuffer@2a66826a[p=0,l=0,c=8192,r=0]={<<<>>>HTTP/1.1 ...\x86&h\xA0{\xC1\xC2}
[DEBUG] HttpConnection@2e077e16::SocketChannelEndPoint@61fd9662{l=/127.0.0.1:35372,r=/127.0.0.1:60188,OPEN,fill=-,flush=-,to=3/30000}{io=0/0,kio=0,kro=1}->HttpConnection@2e077e16[p=HttpParser{s=CONTENT,0 of -1},g=HttpGenerator@1f63306b{s=START}]=>HttpChannelOverHttp@6f3a742d{s=HttpChannelState@6b05fd12{s=HANDLING rs=BLOCKING os=OPEN is=IDLE awp=false se=false i=true al=0},r=11,c=false/false,a=HANDLING,uri=//localhost:35372/EchoServlet,age=3} filled 0 HeapByteBuffer@2a66826a[p=0,l=0,c=8192,r=0]={<<<>>>HTTP/1.1 ...\x86&h\xA0{\xC1\xC2}
[DEBUG] HttpConnection@2e077e16::SocketChannelEndPoint@61fd9662{l=/127.0.0.1:35372,r=/127.0.0.1:60188,OPEN,fill=-,flush=-,to=3/30000}{io=0/0,kio=0,kro=1}->HttpConnection@2e077e16[p=HttpParser{s=CONTENT,0 of -1},g=HttpGenerator@1f63306b{s=START}]=>HttpChannelOverHttp@6f3a742d{s=HttpChannelState@6b05fd12{s=HANDLING rs=BLOCKING os=OPEN is=IDLE awp=false se=false i=true al=0},r=11,c=false/false,a=HANDLING,uri=//localhost:35372/EchoServlet,age=3} parse HeapByteBuffer@2a66826a[p=0,l=0,c=8192,r=0]={<<<>>>HTTP/1.1 ...\x86&h\xA0{\xC1\xC2} {}
[DEBUG] parseNext s=CONTENT HeapByteBuffer@2a66826a[p=0,l=0,c=8192,r=0]={<<<>>>HTTP/1.1 ...\x86&h\xA0{\xC1\xC2}
[DEBUG] CONTENT --> CONTENT_END
[DEBUG] onContentComplete HttpChannelOverHttp@6f3a742d{s=HttpChannelState@6b05fd12{s=HANDLING rs=BLOCKING os=OPEN is=IDLE awp=false se=false i=true al=0},r=11,c=false/false,a=HANDLING,uri=//localhost:35372/EchoServlet,age=3}
[DEBUG] CONTENT_END --> END
[DEBUG] onRequestComplete HttpChannelOverHttp@6f3a742d{s=HttpChannelState@6b05fd12{s=HANDLING rs=BLOCKING os=OPEN is=IDLE awp=false se=false i=true al=0},r=11,c=false/false,a=HANDLING,uri=//localhost:35372/EchoServlet,age=3}
[DEBUG] HttpInputOverHTTP@1e5b6482[c=0,q=0,[0]=null,s=STREAM] addContent EOF
[DEBUG] HttpConnection@2e077e16::SocketChannelEndPoint@61fd9662{l=/127.0.0.1:35372,r=/127.0.0.1:60188,OPEN,fill=-,flush=-,to=3/30000}{io=0/0,kio=0,kro=1}->HttpConnection@2e077e16[p=HttpParser{s=END,0 of -1},g=HttpGenerator@1f63306b{s=START}]=>HttpChannelOverHttp@6f3a742d{s=HttpChannelState@6b05fd12{s=HANDLING rs=BLOCKING os=OPEN is=IDLE awp=false se=false i=true al=0},r=11,c=false/false,a=HANDLING,uri=//localhost:35372/EchoServlet,age=4} parsed false HttpParser{s=END,0 of -1}
[DEBUG] releaseRequestBuffer HttpConnection@2e077e16::SocketChannelEndPoint@61fd9662{l=/127.0.0.1:35372,r=/127.0.0.1:60188,OPEN,fill=-,flush=-,to=4/30000}{io=0/0,kio=0,kro=1}->HttpConnection@2e077e16[p=HttpParser{s=END,0 of -1},g=HttpGenerator@1f63306b{s=START}]=>HttpChannelOverHttp@6f3a742d{s=HttpChannelState@6b05fd12{s=HANDLING rs=BLOCKING os=OPEN is=IDLE awp=false se=false i=true al=0},r=11,c=false/false,a=HANDLING,uri=//localhost:35372/EchoServlet,age=4}
[DEBUG] onEof HttpChannelState@6b05fd12{s=HANDLING rs=BLOCKING os=OPEN is=IDLE awp=false se=false i=true al=0}
[DEBUG] write(array HeapByteBuffer@6a840071[p=0,l=8,c=512,r=8]={<<<</table>>>>Cookie: D...\x00\x00\x00\x00\x00\x00\x00})
[DEBUG] write(array) s=OPEN,api=BLOCKING,sc=false,e=null aggregated !flush DirectByteBuffer@7c27fa39[p=0,l=910,c=32768,r=910]={<<<<title>Webserver Environm...>Yes</td></tr>\n</table>>>>augue sem...gue. Pr}
[DEBUG] write(array HeapByteBuffer@583f6bef[p=0,l=1,c=512,r=1]={<<<\n>>>/table>Co...\x00\x00\x00\x00\x00\x00\x00})
[DEBUG] write(array) s=OPEN,api=BLOCKING,sc=false,e=null aggregated !flush DirectByteBuffer@7c27fa39[p=0,l=911,c=32768,r=911]={<<<<title>Webserver Environm...Yes</td></tr>\n</table>\n>>>ugue semp...gue. Pr}
[DEBUG] handled=true async=false committed=false on HttpChannelOverHttp@6f3a742d{s=HttpChannelState@6b05fd12{s=HANDLING rs=BLOCKING os=OPEN is=READY awp=false se=false i=true al=0},r=11,c=false/false,a=HANDLING,uri=//localhost:35372/EchoServlet,age=4}
[DEBUG] unhandle HttpChannelState@6b05fd12{s=HANDLING rs=BLOCKING os=OPEN is=READY awp=false se=false i=true al=0}
[DEBUG] nextAction(false) COMPLETE HttpChannelState@6b05fd12{s=HANDLING rs=COMPLETING os=OPEN is=READY awp=false se=false i=false al=0}
[DEBUG] action COMPLETE HttpChannelOverHttp@6f3a742d{s=HttpChannelState@6b05fd12{s=HANDLING rs=COMPLETING os=OPEN is=READY awp=false se=false i=false al=0},r=11,c=false/false,a=HANDLING,uri=//localhost:35372/EchoServlet,age=4}
[DEBUG] complete(org.eclipse.jetty.util.Callback$3@16ed3770) s=CLOSING,api=BLOCKED,sc=false,e=null s=false e=null, c=DirectByteBuffer@7c27fa39[p=0,l=911,c=32768,r=911]={<<<<title>Webserver Environm...Yes</td></tr>\n</table>\n>>>ugue semp...gue. Pr}
[DEBUG] sendResponse info=null content=DirectByteBuffer@7c27fa39[p=0,l=911,c=32768,r=911]={<<<<title>Webserver Environm...Yes</td></tr>\n</table>\n>>>ugue semp...gue. Pr} complete=true committing=true callback=org.eclipse.jetty.server.HttpOutput$WriteCompleteCB@55a90375
[DEBUG] COMMIT for /EchoServlet on HttpChannelOverHttp@6f3a742d{s=HttpChannelState@6b05fd12{s=HANDLING rs=COMPLETING os=COMMITTED is=READY awp=false se=false i=false al=0},r=11,c=false/false,a=HANDLING,uri=//localhost:35372/EchoServlet,age=4}
200 null HTTP/1.1
Date: Tue, 28 Sep 2021 06:03:32 GMT
Content-Type: text/html;charset=utf-8
Cache-Control: no-cache
Cache-Control: no-store


[DEBUG] generate: NEED_HEADER for SendCallback@96c627e[PROCESSING][i=HTTP/1.1{s=200,h=4,cl=-1},cb=org.eclipse.jetty.server.HttpChannel$SendCallback@1f641639] (null,[p=0,l=911,c=32768,r=911],true)@START
[DEBUG] generateHeaders HTTP/1.1{s=200,h=4,cl=-1} last=true content=DirectByteBuffer@7c27fa39[p=0,l=911,c=32768,r=911]={<<<<title>Webserver Environm...Yes</td></tr>\n</table>\n>>>ugue semp...gue. Pr}
[DEBUG] Date: Tue, 28 Sep 2021 06:03:32 GMT
Content-Type: text/html;charset=utf-8
Cache-Control: no-cache
Cache-Control: no-store


[DEBUG] CONTENT_LENGTH
[DEBUG] generate: FLUSH for SendCallback@96c627e[PROCESSING][i=HTTP/1.1{s=200,h=4,cl=-1},cb=org.eclipse.jetty.server.HttpChannel$SendCallback@1f641639] ([p=0,l=199,c=8192,r=199],[p=0,l=911,c=32768,r=911],true)@COMPLETING
[DEBUG] write: WriteFlusher@d847498{IDLE}->null [HeapByteBuffer@460916c[p=0,l=199,c=8192,r=199]={<<<HTTP/1.1 200 OK\r\nDate: Tu...y(9.4.43.v20210629)\r\n\r\n>>>\n) Chrome...\x00\x00\x00\x00\x00\x00\x00},DirectByteBuffer@7c27fa39[p=0,l=911,c=32768,r=911]={<<<<title>Webserver Environm...Yes</td></tr>\n</table>\n>>>ugue semp...gue. Pr}]
[DEBUG] update WriteFlusher@d847498{WRITING}->null:IDLE-->WRITING
]]></system-out>
  </testcase>
</testsuite>