<?xml version="1.0" encoding="UTF-8"?>
<testsuite xmlns:xsi="http://www.w3.org/2001/XMLSchema-instance" xsi:noNamespaceSchemaLocation="https://maven.apache.org/surefire/maven-surefire-plugin/xsd/surefire-test-report-3.0.xsd" version="3.0" name="org.jsoup.integration.SessionTest" time="0.394" tests="4" errors="0" skipped="1" failures="0">
  <properties>
    <property name="awt.toolkit" value="sun.awt.X11.XToolkit"/>
    <property name="file.encoding.pkg" value="sun.io"/>
    <property name="java.specification.version" value="1.8"/>
    <property name="sun.cpu.isalist" value=""/>
    <property name="sun.jnu.encoding" value="ANSI_X3.4-1968"/>
    <property name="java.class.path" value="/home/ubuntu/hw2/jsoup/target/test-classes:/home/ubuntu/hw2/jsoup/target/generated-classes/cobertura:/home/ubuntu/.m2/repository/org/junit/jupiter/junit-jupiter/5.8.1/junit-jupiter-5.8.1.jar:/home/ubuntu/.m2/repository/org/junit/jupiter/junit-jupiter-api/5.8.1/junit-jupiter-api-5.8.1.jar:/home/ubuntu/.m2/repository/org/opentest4j/opentest4j/1.2.0/opentest4j-1.2.0.jar:/home/ubuntu/.m2/repository/org/junit/platform/junit-platform-commons/1.8.1/junit-platform-commons-1.8.1.jar:/home/ubuntu/.m2/repository/org/apiguardian/apiguardian-api/1.1.2/apiguardian-api-1.1.2.jar:/home/ubuntu/.m2/repository/org/junit/jupiter/junit-jupiter-params/5.8.1/junit-jupiter-params-5.8.1.jar:/home/ubuntu/.m2/repository/org/junit/jupiter/junit-jupiter-engine/5.8.1/junit-jupiter-engine-5.8.1.jar:/home/ubuntu/.m2/repository/org/junit/platform/junit-platform-engine/1.8.1/junit-platform-engine-1.8.1.jar:/home/ubuntu/.m2/repository/com/google/code/gson/gson/2.8.8/gson-2.8.8.jar:/home/ubuntu/.m2/repository/org/eclipse/jetty/jetty-server/9.4.43.v20210629/jetty-server-9.4.43.v20210629.jar:/home/ubuntu/.m2/repository/javax/servlet/javax.servlet-api/3.1.0/javax.servlet-api-3.1.0.jar:/home/ubuntu/.m2/repository/org/eclipse/jetty/jetty-http/9.4.43.v20210629/jetty-http-9.4.43.v20210629.jar:/home/ubuntu/.m2/repository/org/eclipse/jetty/jetty-util/9.4.43.v20210629/jetty-util-9.4.43.v20210629.jar:/home/ubuntu/.m2/repository/org/eclipse/jetty/jetty-io/9.4.43.v20210629/jetty-io-9.4.43.v20210629.jar:/home/ubuntu/.m2/repository/org/eclipse/jetty/jetty-servlet/9.4.43.v20210629/jetty-servlet-9.4.43.v20210629.jar:/home/ubuntu/.m2/repository/org/eclipse/jetty/jetty-security/9.4.43.v20210629/jetty-security-9.4.43.v20210629.jar:/home/ubuntu/.m2/repository/org/eclipse/jetty/jetty-util-ajax/9.4.43.v20210629/jetty-util-ajax-9.4.43.v20210629.jar:/home/ubuntu/.m2/repository/com/google/code/findbugs/jsr305/3.0.2/jsr305-3.0.2.jar:/home/ubuntu/.m2/repository/net/sourceforge/cobertura/cobertura/2.1.1/cobertura-2.1.1.jar:/home/ubuntu/.m2/repository/jaxen/jaxen/1.1.4/jaxen-1.1.4.jar:/home/ubuntu/.m2/repository/org/apache/ant/ant/1.8.3/ant-1.8.3.jar:/home/ubuntu/.m2/repository/org/apache/ant/ant-launcher/1.8.3/ant-launcher-1.8.3.jar:/home/ubuntu/.m2/repository/org/apache/ant/ant-junit/1.8.3/ant-junit-1.8.3.jar:/home/ubuntu/.m2/repository/org/mortbay/jetty/servlet-api-2.5/6.1.14/servlet-api-2.5-6.1.14.jar:/home/ubuntu/.m2/repository/org/mortbay/jetty/jetty/6.1.14/jetty-6.1.14.jar:/home/ubuntu/.m2/repository/org/mortbay/jetty/jetty-util/6.1.14/jetty-util-6.1.14.jar:/usr/lib/jvm/java-8-openjdk-amd64/jre/../lib/tools.jar:/home/ubuntu/.m2/repository/org/slf4j/slf4j-api/1.7.5/slf4j-api-1.7.5.jar:/home/ubuntu/.m2/repository/ch/qos/logback/logback-classic/1.0.13/logback-classic-1.0.13.jar:/home/ubuntu/.m2/repository/ch/qos/logback/logback-core/1.0.13/logback-core-1.0.13.jar:/home/ubuntu/.m2/repository/junit/junit/4.11/junit-4.11.jar:/home/ubuntu/.m2/repository/org/hamcrest/hamcrest-core/1.3/hamcrest-core-1.3.jar:/home/ubuntu/.m2/repository/org/apache/commons/commons-lang3/3.3.2/commons-lang3-3.3.2.jar:"/>
    <property name="java.vm.vendor" value="Private Build"/>
    <property name="sun.arch.data.model" value="64"/>
    <property name="java.vendor.url" value="http://java.oracle.com/"/>
    <property name="user.timezone" value="Etc/UTC"/>
    <property name="java.vm.specification.version" value="1.8"/>
    <property name="os.name" value="Linux"/>
    <property name="user.country" value="US"/>
    <property name="sun.java.launcher" value="SUN_STANDARD"/>
    <property name="sun.boot.library.path" value="/usr/lib/jvm/java-8-openjdk-amd64/jre/lib/amd64"/>
    <property name="sun.java.command" value="/home/ubuntu/hw2/jsoup/target/surefire/surefirebooter4701075921476652133.jar /home/ubuntu/hw2/jsoup/target/surefire 2021-09-28T06-03-17_693-jvmRun1 surefire1794840511097801536tmp surefire_0704956775821110536tmp"/>
    <property name="surefire.test.class.path" value="/home/ubuntu/hw2/jsoup/target/test-classes:/home/ubuntu/hw2/jsoup/target/generated-classes/cobertura:/home/ubuntu/.m2/repository/org/junit/jupiter/junit-jupiter/5.8.1/junit-jupiter-5.8.1.jar:/home/ubuntu/.m2/repository/org/junit/jupiter/junit-jupiter-api/5.8.1/junit-jupiter-api-5.8.1.jar:/home/ubuntu/.m2/repository/org/opentest4j/opentest4j/1.2.0/opentest4j-1.2.0.jar:/home/ubuntu/.m2/repository/org/junit/platform/junit-platform-commons/1.8.1/junit-platform-commons-1.8.1.jar:/home/ubuntu/.m2/repository/org/apiguardian/apiguardian-api/1.1.2/apiguardian-api-1.1.2.jar:/home/ubuntu/.m2/repository/org/junit/jupiter/junit-jupiter-params/5.8.1/junit-jupiter-params-5.8.1.jar:/home/ubuntu/.m2/repository/org/junit/jupiter/junit-jupiter-engine/5.8.1/junit-jupiter-engine-5.8.1.jar:/home/ubuntu/.m2/repository/org/junit/platform/junit-platform-engine/1.8.1/junit-platform-engine-1.8.1.jar:/home/ubuntu/.m2/repository/com/google/code/gson/gson/2.8.8/gson-2.8.8.jar:/home/ubuntu/.m2/repository/org/eclipse/jetty/jetty-server/9.4.43.v20210629/jetty-server-9.4.43.v20210629.jar:/home/ubuntu/.m2/repository/javax/servlet/javax.servlet-api/3.1.0/javax.servlet-api-3.1.0.jar:/home/ubuntu/.m2/repository/org/eclipse/jetty/jetty-http/9.4.43.v20210629/jetty-http-9.4.43.v20210629.jar:/home/ubuntu/.m2/repository/org/eclipse/jetty/jetty-util/9.4.43.v20210629/jetty-util-9.4.43.v20210629.jar:/home/ubuntu/.m2/repository/org/eclipse/jetty/jetty-io/9.4.43.v20210629/jetty-io-9.4.43.v20210629.jar:/home/ubuntu/.m2/repository/org/eclipse/jetty/jetty-servlet/9.4.43.v20210629/jetty-servlet-9.4.43.v20210629.jar:/home/ubuntu/.m2/repository/org/eclipse/jetty/jetty-security/9.4.43.v20210629/jetty-security-9.4.43.v20210629.jar:/home/ubuntu/.m2/repository/org/eclipse/jetty/jetty-util-ajax/9.4.43.v20210629/jetty-util-ajax-9.4.43.v20210629.jar:/home/ubuntu/.m2/repository/com/google/code/findbugs/jsr305/3.0.2/jsr305-3.0.2.jar:/home/ubuntu/.m2/repository/net/sourceforge/cobertura/cobertura/2.1.1/cobertura-2.1.1.jar:/home/ubuntu/.m2/repository/jaxen/jaxen/1.1.4/jaxen-1.1.4.jar:/home/ubuntu/.m2/repository/org/apache/ant/ant/1.8.3/ant-1.8.3.jar:/home/ubuntu/.m2/repository/org/apache/ant/ant-launcher/1.8.3/ant-launcher-1.8.3.jar:/home/ubuntu/.m2/repository/org/apache/ant/ant-junit/1.8.3/ant-junit-1.8.3.jar:/home/ubuntu/.m2/repository/org/mortbay/jetty/servlet-api-2.5/6.1.14/servlet-api-2.5-6.1.14.jar:/home/ubuntu/.m2/repository/org/mortbay/jetty/jetty/6.1.14/jetty-6.1.14.jar:/home/ubuntu/.m2/repository/org/mortbay/jetty/jetty-util/6.1.14/jetty-util-6.1.14.jar:/usr/lib/jvm/java-8-openjdk-amd64/jre/../lib/tools.jar:/home/ubuntu/.m2/repository/org/slf4j/slf4j-api/1.7.5/slf4j-api-1.7.5.jar:/home/ubuntu/.m2/repository/ch/qos/logback/logback-classic/1.0.13/logback-classic-1.0.13.jar:/home/ubuntu/.m2/repository/ch/qos/logback/logback-core/1.0.13/logback-core-1.0.13.jar:/home/ubuntu/.m2/repository/junit/junit/4.11/junit-4.11.jar:/home/ubuntu/.m2/repository/org/hamcrest/hamcrest-core/1.3/hamcrest-core-1.3.jar:/home/ubuntu/.m2/repository/org/apache/commons/commons-lang3/3.3.2/commons-lang3-3.3.2.jar:"/>
    <property name="sun.cpu.endian" value="little"/>
    <property name="user.home" value="/home/ubuntu"/>
    <property name="user.language" value="en"/>
    <property name="java.specification.vendor" value="Oracle Corporation"/>
    <property name="java.home" value="/usr/lib/jvm/java-8-openjdk-amd64/jre"/>
    <property name="basedir" value="/home/ubuntu/hw2/jsoup"/>
    <property name="file.separator" value="/"/>
    <property name="line.separator" value="&#10;"/>
    <property name="java.vm.specification.vendor" value="Oracle Corporation"/>
    <property name="java.specification.name" value="Java Platform API Specification"/>
    <property name="java.awt.graphicsenv" value="sun.awt.X11GraphicsEnvironment"/>
    <property name="surefire.real.class.path" value="/home/ubuntu/hw2/jsoup/target/surefire/surefirebooter4701075921476652133.jar"/>
    <property name="sun.boot.class.path" value="/usr/lib/jvm/java-8-openjdk-amd64/jre/lib/resources.jar:/usr/lib/jvm/java-8-openjdk-amd64/jre/lib/rt.jar:/usr/lib/jvm/java-8-openjdk-amd64/jre/lib/sunrsasign.jar:/usr/lib/jvm/java-8-openjdk-amd64/jre/lib/jsse.jar:/usr/lib/jvm/java-8-openjdk-amd64/jre/lib/jce.jar:/usr/lib/jvm/java-8-openjdk-amd64/jre/lib/charsets.jar:/usr/lib/jvm/java-8-openjdk-amd64/jre/lib/jfr.jar:/usr/lib/jvm/java-8-openjdk-amd64/jre/classes"/>
    <property name="sun.management.compiler" value="HotSpot 64-Bit Tiered Compilers"/>
    <property name="java.runtime.version" value="1.8.0_292-8u292-b10-0ubuntu1~16.04.1-b10"/>
    <property name="user.name" value="ubuntu"/>
    <property name="path.separator" value=":"/>
    <property name="os.version" value="4.4.0-1128-aws"/>
    <property name="java.endorsed.dirs" value="/usr/lib/jvm/java-8-openjdk-amd64/jre/lib/endorsed"/>
    <property name="java.runtime.name" value="OpenJDK Runtime Environment"/>
    <property name="file.encoding" value="ANSI_X3.4-1968"/>
    <property name="sun.net.http.allowRestrictedHeaders" value="true"/>
    <property name="java.vm.name" value="OpenJDK 64-Bit Server VM"/>
    <property name="localRepository" value="/home/ubuntu/.m2/repository"/>
    <property name="java.vendor.url.bug" value="http://bugreport.sun.com/bugreport/"/>
    <property name="jetty.git.hash" value="526006ecfa3af7f1a27ef3a288e2bef7ea9dd7e8"/>
    <property name="java.io.tmpdir" value="/tmp"/>
    <property name="java.version" value="1.8.0_292"/>
    <property name="user.dir" value="/home/ubuntu/hw2/jsoup"/>
    <property name="os.arch" value="amd64"/>
    <property name="java.vm.specification.name" value="Java Virtual Machine Specification"/>
    <property name="java.awt.printerjob" value="sun.print.PSPrinterJob"/>
    <property name="sun.os.patch.level" value="unknown"/>
    <property name="java.library.path" value="/usr/java/packages/lib/amd64:/usr/lib/x86_64-linux-gnu/jni:/lib/x86_64-linux-gnu:/usr/lib/x86_64-linux-gnu:/usr/lib/jni:/lib:/usr/lib"/>
    <property name="java.vm.info" value="mixed mode"/>
    <property name="java.vendor" value="Private Build"/>
    <property name="java.vm.version" value="25.292-b10"/>
    <property name="java.ext.dirs" value="/usr/lib/jvm/java-8-openjdk-amd64/jre/lib/ext:/usr/java/packages/lib/ext"/>
    <property name="sun.io.unicode.encoding" value="UnicodeLittle"/>
    <property name="java.class.version" value="52.0"/>
  </properties>
  <testcase name="" classname="org.jsoup.integration.UrlConnectTest" time="0">
    <skipped message="class org.jsoup.integration.UrlConnectTest is @Disabled"/>
  </testcase>
  <testcase name="testCanChangeParsers" classname="org.jsoup.integration.SessionTest" time="0.05">
    <system-out><![CDATA[[DEBUG] Queued change lazy=false Accept@18eb2f0a[java.nio.channels.SocketChannel[connected local=/127.0.0.1:35372 remote=/127.0.0.1:60200]] on ManagedSelector@72cf2de5{STARTED} id=0 keys=1 selected=0 updates=0
[DEBUG] Wakeup on submit ManagedSelector@72cf2de5{STARTED} id=0 keys=1 selected=0 updates=1
[DEBUG] Selector sun.nio.ch.EPollSelectorImpl@36abfb12 woken with none selected
[DEBUG] Selector sun.nio.ch.EPollSelectorImpl@36abfb12 woken up from select, 0/0/1 selected
[DEBUG] Selector sun.nio.ch.EPollSelectorImpl@36abfb12 processing 0 keys, 1 updates
[DEBUG] updateable 1
[DEBUG] update Accept@18eb2f0a[java.nio.channels.SocketChannel[connected local=/127.0.0.1:35372 remote=/127.0.0.1:60200]]
[DEBUG] queue Accept@18eb2f0a[java.nio.channels.SocketChannel[connected local=/127.0.0.1:35372 remote=/127.0.0.1:60200]] startThread=0
[DEBUG] updates 0
[DEBUG] Selector sun.nio.ch.EPollSelectorImpl@36abfb12 waiting with 2 keys
[DEBUG] run Accept@18eb2f0a[java.nio.channels.SocketChannel[connected local=/127.0.0.1:35372 remote=/127.0.0.1:60200]] in QueuedThreadPool[qtp638486177]@260e86a1{STARTED,8<=8<=200,i=4,r=-1,q=0}[ReservedThreadExecutor@278bb07e{s=1/1,p=0}]
[DEBUG] SocketChannelEndPoint@6269d16{l=/127.0.0.1:35372,r=/127.0.0.1:60200,OPEN,fill=-,flush=-,to=0/30000}{io=0/0,kio=0,kro=0}-><null> idle timeout check, elapsed: 0 ms, remaining: 30000 ms
[DEBUG] new HttpChannelOverHttp@b9cf227{s=HttpChannelState@365987cf{s=IDLE rs=BLOCKING os=OPEN is=IDLE awp=false se=false i=true al=0},r=0,c=false/false,a=IDLE,uri=null,age=0} -> SocketChannelEndPoint@6269d16{l=/127.0.0.1:35372,r=/127.0.0.1:60200,OPEN,fill=-,flush=-,to=0/30000}{io=0/0,kio=0,kro=0}-><null>,null,HttpChannelState@365987cf{s=IDLE rs=BLOCKING os=OPEN is=IDLE awp=false se=false i=true al=0}
[DEBUG] New HTTP Connection HttpConnection@208a985::SocketChannelEndPoint@6269d16{l=/127.0.0.1:35372,r=/127.0.0.1:60200,OPEN,fill=-,flush=-,to=0/30000}{io=0/0,kio=0,kro=0}-><null>
[DEBUG] Queued change lazy=true org.eclipse.jetty.io.ManagedSelector$$Lambda$478/2084879914@30f44aff on ManagedSelector@72cf2de5{STARTED} id=0 keys=2 selected=0 updates=0
[DEBUG] onOpen SocketChannelEndPoint@6269d16{l=/127.0.0.1:35372,r=/127.0.0.1:60200,OPEN,fill=-,flush=-,to=0/30000}{io=0/0,kio=0,kro=0}->HttpConnection@208a985[p=HttpParser{s=START,0 of -1},g=HttpGenerator@5c958b0c{s=START}]=>HttpChannelOverHttp@b9cf227{s=HttpChannelState@365987cf{s=IDLE rs=BLOCKING os=OPEN is=IDLE awp=false se=false i=true al=0},r=0,c=false/false,a=IDLE,uri=null,age=0}
[DEBUG] onOpen HttpConnection@208a985::SocketChannelEndPoint@6269d16{l=/127.0.0.1:35372,r=/127.0.0.1:60200,OPEN,fill=-,flush=-,to=0/30000}{io=0/0,kio=0,kro=0}->HttpConnection@208a985[p=HttpParser{s=START,0 of -1},g=HttpGenerator@5c958b0c{s=START}]=>HttpChannelOverHttp@b9cf227{s=HttpChannelState@365987cf{s=IDLE rs=BLOCKING os=OPEN is=IDLE awp=false se=false i=true al=0},r=0,c=false/false,a=IDLE,uri=null,age=0}
[DEBUG] fillInterested HttpConnection@208a985::SocketChannelEndPoint@6269d16{l=/127.0.0.1:35372,r=/127.0.0.1:60200,OPEN,fill=-,flush=-,to=0/30000}{io=0/0,kio=0,kro=0}->HttpConnection@208a985[p=HttpParser{s=START,0 of -1},g=HttpGenerator@5c958b0c{s=START}]=>HttpChannelOverHttp@b9cf227{s=HttpChannelState@365987cf{s=IDLE rs=BLOCKING os=OPEN is=IDLE awp=false se=false i=true al=0},r=0,c=false/false,a=IDLE,uri=null,age=0}
[DEBUG] interested FillInterest@268818ae{AC.ReadCB@208a985{HttpConnection@208a985::SocketChannelEndPoint@6269d16{l=/127.0.0.1:35372,r=/127.0.0.1:60200,OPEN,fill=FI,flush=-,to=0/30000}{io=0/0,kio=0,kro=0}->HttpConnection@208a985[p=HttpParser{s=START,0 of -1},g=HttpGenerator@5c958b0c{s=START}]=>HttpChannelOverHttp@b9cf227{s=HttpChannelState@365987cf{s=IDLE rs=BLOCKING os=OPEN is=IDLE awp=false se=false i=true al=0},r=0,c=false/false,a=IDLE,uri=null,age=0}}}
[DEBUG] changeInterests p=false 0->1 for SocketChannelEndPoint@6269d16{l=/127.0.0.1:35372,r=/127.0.0.1:60200,OPEN,fill=FI,flush=-,to=0/30000}{io=0/1,kio=0,kro=0}->HttpConnection@208a985[p=HttpParser{s=START,0 of -1},g=HttpGenerator@5c958b0c{s=START}]=>HttpChannelOverHttp@b9cf227{s=HttpChannelState@365987cf{s=IDLE rs=BLOCKING os=OPEN is=IDLE awp=false se=false i=true al=0},r=0,c=false/false,a=IDLE,uri=null,age=0}
[DEBUG] Queued change lazy=false org.eclipse.jetty.io.ChannelEndPoint$$Lambda$475/336675676@618bd97b on ManagedSelector@72cf2de5{STARTED} id=0 keys=2 selected=0 updates=1
[DEBUG] Wakeup on submit ManagedSelector@72cf2de5{STARTED} id=0 keys=2 selected=0 updates=2
[DEBUG] Created SocketChannelEndPoint@6269d16{l=/127.0.0.1:35372,r=/127.0.0.1:60200,OPEN,fill=FI,flush=-,to=0/30000}{io=0/1,kio=0,kro=0}->HttpConnection@208a985[p=HttpParser{s=START,0 of -1},g=HttpGenerator@5c958b0c{s=START}]=>HttpChannelOverHttp@b9cf227{s=HttpChannelState@365987cf{s=IDLE rs=BLOCKING os=OPEN is=IDLE awp=false se=false i=true al=0},r=0,c=false/false,a=IDLE,uri=null,age=0}
[DEBUG] ran Accept@18eb2f0a[java.nio.channels.SocketChannel[connected local=/127.0.0.1:35372 remote=/127.0.0.1:60200]] in QueuedThreadPool[qtp638486177]@260e86a1{STARTED,8<=8<=200,i=4,r=-1,q=0}[ReservedThreadExecutor@278bb07e{s=1/1,p=0}]
[DEBUG] Selector sun.nio.ch.EPollSelectorImpl@36abfb12 woken with none selected
[DEBUG] Selector sun.nio.ch.EPollSelectorImpl@36abfb12 woken up from select, 0/0/2 selected
[DEBUG] Selector sun.nio.ch.EPollSelectorImpl@36abfb12 processing 0 keys, 2 updates
[DEBUG] updateable 2
[DEBUG] update org.eclipse.jetty.io.ManagedSelector$$Lambda$478/2084879914@30f44aff
[DEBUG] update org.eclipse.jetty.io.ChannelEndPoint$$Lambda$475/336675676@618bd97b
[DEBUG] Key interests updated 0 -> 1 on SocketChannelEndPoint@6269d16{l=/127.0.0.1:35372,r=/127.0.0.1:60200,OPEN,fill=FI,flush=-,to=0/30000}{io=1/1,kio=1,kro=0}->HttpConnection@208a985[p=HttpParser{s=START,0 of -1},g=HttpGenerator@5c958b0c{s=START}]=>HttpChannelOverHttp@b9cf227{s=HttpChannelState@365987cf{s=IDLE rs=BLOCKING os=OPEN is=IDLE awp=false se=false i=true al=0},r=0,c=false/false,a=IDLE,uri=null,age=0}
[DEBUG] updates 0
[DEBUG] Selector sun.nio.ch.EPollSelectorImpl@36abfb12 waiting with 2 keys
[DEBUG] Selector sun.nio.ch.EPollSelectorImpl@36abfb12 woken up from select, 1/1/2 selected
[DEBUG] Selector sun.nio.ch.EPollSelectorImpl@36abfb12 processing 1 keys, 0 updates
[DEBUG] selected 1 sun.nio.ch.SelectionKeyImpl@4faccb5d SocketChannelEndPoint@6269d16{l=/127.0.0.1:35372,r=/127.0.0.1:60200,OPEN,fill=FI,flush=-,to=0/30000}{io=1/1,kio=1,kro=1}->HttpConnection@208a985[p=HttpParser{s=START,0 of -1},g=HttpGenerator@5c958b0c{s=START}]=>HttpChannelOverHttp@b9cf227{s=HttpChannelState@365987cf{s=IDLE rs=BLOCKING os=OPEN is=IDLE awp=false se=false i=true al=0},r=0,c=false/false,a=IDLE,uri=null,age=0} 
[DEBUG] onSelected 1->0 r=true w=false for SocketChannelEndPoint@6269d16{l=/127.0.0.1:35372,r=/127.0.0.1:60200,OPEN,fill=FI,flush=-,to=0/30000}{io=1/0,kio=1,kro=1}->HttpConnection@208a985[p=HttpParser{s=START,0 of -1},g=HttpGenerator@5c958b0c{s=START}]=>HttpChannelOverHttp@b9cf227{s=HttpChannelState@365987cf{s=IDLE rs=BLOCKING os=OPEN is=IDLE awp=false se=false i=true al=0},r=0,c=false/false,a=IDLE,uri=null,age=0}
[DEBUG] task CEP:SocketChannelEndPoint@6269d16{l=/127.0.0.1:35372,r=/127.0.0.1:60200,OPEN,fill=FI,flush=-,to=1/30000}{io=1/0,kio=1,kro=1}->HttpConnection@208a985[p=HttpParser{s=START,0 of -1},g=HttpGenerator@5c958b0c{s=START}]=>HttpChannelOverHttp@b9cf227{s=HttpChannelState@365987cf{s=IDLE rs=BLOCKING os=OPEN is=IDLE awp=false se=false i=true al=0},r=0,c=false/false,a=IDLE,uri=null,age=0}:runFillable:BLOCKING
[DEBUG] ReservedThreadExecutor@278bb07e{s=1/1,p=0} tryExecute EatWhatYouKill@63b1d4fa/SelectorProducer@4c4d27c8/PRODUCING/p=false/QueuedThreadPool[qtp638486177]@260e86a1{STARTED,8<=8<=200,i=5,r=-1,q=0}[ReservedThreadExecutor@278bb07e{s=1/1,p=0}][pc=0,pic=0,pec=1,epc=14]@2021-09-28T06:03:38.794Z
[DEBUG] ReservedThreadExecutor@278bb07e{s=0/1,p=0}@6a730571 offer EatWhatYouKill@63b1d4fa/SelectorProducer@4c4d27c8/PRODUCING/p=false/QueuedThreadPool[qtp638486177]@260e86a1{STARTED,8<=8<=200,i=5,r=-1,q=0}[ReservedThreadExecutor@278bb07e{s=0/1,p=0}][pc=0,pic=0,pec=1,epc=14]@2021-09-28T06:03:38.794Z
[DEBUG] ReservedThreadExecutor@278bb07e{s=0/1,p=1} startReservedThread p=1
[DEBUG] run ReservedThreadExecutor@278bb07e{s=0/1,p=1}@265130df in QueuedThreadPool[qtp638486177]@260e86a1{STARTED,8<=8<=200,i=4,r=-1,q=0}[ReservedThreadExecutor@278bb07e{s=0/1,p=1}]
[DEBUG] ReservedThreadExecutor@278bb07e{s=1/1,p=1}@265130df started
[DEBUG] ReservedThreadExecutor@278bb07e{s=1/1,p=0}@265130df waiting
[DEBUG] queue ReservedThreadExecutor@278bb07e{s=1/1,p=0}@265130df startThread=0
[DEBUG] ReservedThreadExecutor@278bb07e{s=0/1,p=0}@6a730571 task=EatWhatYouKill@63b1d4fa/SelectorProducer@4c4d27c8/IDLE/p=true/QueuedThreadPool[qtp638486177]@260e86a1{STARTED,8<=8<=200,i=4,r=-1,q=0}[ReservedThreadExecutor@278bb07e{s=1/1,p=0}][pc=0,pic=0,pec=1,epc=14]@2021-09-28T06:03:38.795Z
[DEBUG] EatWhatYouKill@63b1d4fa/SelectorProducer@4c4d27c8/IDLE/p=true/QueuedThreadPool[qtp638486177]@260e86a1{STARTED,8<=8<=200,i=4,r=-1,q=0}[ReservedThreadExecutor@278bb07e{s=1/1,p=0}][pc=0,pic=0,pec=1,epc=14]@2021-09-28T06:03:38.796Z tryProduce true
[DEBUG] updateable 0
[DEBUG] updates 0
[DEBUG] Key interests updated 1 -> 0 on SocketChannelEndPoint@6269d16{l=/127.0.0.1:35372,r=/127.0.0.1:60200,OPEN,fill=FI,flush=-,to=2/30000}{io=0/0,kio=0,kro=1}->HttpConnection@208a985[p=HttpParser{s=START,0 of -1},g=HttpGenerator@5c958b0c{s=START}]=>HttpChannelOverHttp@b9cf227{s=HttpChannelState@365987cf{s=IDLE rs=BLOCKING os=OPEN is=IDLE awp=false se=false i=true al=0},r=0,c=false/false,a=IDLE,uri=null,age=0}
[DEBUG] Selector sun.nio.ch.EPollSelectorImpl@36abfb12 waiting with 2 keys
[DEBUG] EatWhatYouKill@63b1d4fa/SelectorProducer@4c4d27c8/PRODUCING/p=false/QueuedThreadPool[qtp638486177]@260e86a1{STARTED,8<=8<=200,i=4,r=-1,q=0}[ReservedThreadExecutor@278bb07e{s=1/1,p=0}][pc=0,pic=0,pec=1,epc=14]@2021-09-28T06:03:38.796Z m=EXECUTE_PRODUCE_CONSUME t=CEP:SocketChannelEndPoint@6269d16{l=/127.0.0.1:35372,r=/127.0.0.1:60200,OPEN,fill=FI,flush=-,to=3/30000}{io=0/0,kio=0,kro=1}->HttpConnection@208a985[p=HttpParser{s=START,0 of -1},g=HttpGenerator@5c958b0c{s=START}]=>HttpChannelOverHttp@b9cf227{s=HttpChannelState@365987cf{s=IDLE rs=BLOCKING os=OPEN is=IDLE awp=false se=false i=true al=0},r=0,c=false/false,a=IDLE,uri=null,age=0}:runFillable:BLOCKING/BLOCKING
[DEBUG] fillable FillInterest@268818ae{AC.ReadCB@208a985{HttpConnection@208a985::SocketChannelEndPoint@6269d16{l=/127.0.0.1:35372,r=/127.0.0.1:60200,OPEN,fill=FI,flush=-,to=3/30000}{io=0/0,kio=0,kro=1}->HttpConnection@208a985[p=HttpParser{s=START,0 of -1},g=HttpGenerator@5c958b0c{s=START}]=>HttpChannelOverHttp@b9cf227{s=HttpChannelState@365987cf{s=IDLE rs=BLOCKING os=OPEN is=IDLE awp=false se=false i=true al=0},r=0,c=false/false,a=IDLE,uri=null,age=0}}}
[DEBUG] HttpConnection@208a985::SocketChannelEndPoint@6269d16{l=/127.0.0.1:35372,r=/127.0.0.1:60200,OPEN,fill=-,flush=-,to=3/30000}{io=0/0,kio=0,kro=1}->HttpConnection@208a985[p=HttpParser{s=START,0 of -1},g=HttpGenerator@5c958b0c{s=START}]=>HttpChannelOverHttp@b9cf227{s=HttpChannelState@365987cf{s=IDLE rs=BLOCKING os=OPEN is=IDLE awp=false se=false i=true al=0},r=0,c=false/false,a=IDLE,uri=null,age=0} onFillable enter HttpChannelState@365987cf{s=IDLE rs=BLOCKING os=OPEN is=IDLE awp=false se=false i=true al=0} null
[DEBUG] filled 313 HeapByteBuffer@460916c[p=0,l=313,c=8192,r=313]={<<<GET /FileServlet/htmltest...nection: keep-alive\r\n\r\n>>>/*; q=.2\r...\x00\x00\x00\x00\x00\x00\x00}
[DEBUG] HttpConnection@208a985::SocketChannelEndPoint@6269d16{l=/127.0.0.1:35372,r=/127.0.0.1:60200,OPEN,fill=-,flush=-,to=0/30000}{io=0/0,kio=0,kro=1}->HttpConnection@208a985[p=HttpParser{s=START,0 of -1},g=HttpGenerator@5c958b0c{s=START}]=>HttpChannelOverHttp@b9cf227{s=HttpChannelState@365987cf{s=IDLE rs=BLOCKING os=OPEN is=IDLE awp=false se=false i=true al=0},r=0,c=false/false,a=IDLE,uri=null,age=0} filled 313 HeapByteBuffer@460916c[p=0,l=313,c=8192,r=313]={<<<GET /FileServlet/htmltest...nection: keep-alive\r\n\r\n>>>/*; q=.2\r...\x00\x00\x00\x00\x00\x00\x00}
[DEBUG] HttpConnection@208a985::SocketChannelEndPoint@6269d16{l=/127.0.0.1:35372,r=/127.0.0.1:60200,OPEN,fill=-,flush=-,to=0/30000}{io=0/0,kio=0,kro=1}->HttpConnection@208a985[p=HttpParser{s=START,0 of -1},g=HttpGenerator@5c958b0c{s=START}]=>HttpChannelOverHttp@b9cf227{s=HttpChannelState@365987cf{s=IDLE rs=BLOCKING os=OPEN is=IDLE awp=false se=false i=true al=0},r=0,c=false/false,a=IDLE,uri=null,age=0} parse HeapByteBuffer@460916c[p=0,l=313,c=8192,r=313]={<<<GET /FileServlet/htmltest...nection: keep-alive\r\n\r\n>>>/*; q=.2\r...\x00\x00\x00\x00\x00\x00\x00} {}
[DEBUG] parseNext s=START HeapByteBuffer@460916c[p=0,l=313,c=8192,r=313]={<<<GET /FileServlet/htmltest...nection: keep-alive\r\n\r\n>>>/*; q=.2\r...\x00\x00\x00\x00\x00\x00\x00}
[DEBUG] START --> SPACE1
[DEBUG] SPACE1 --> URI
[DEBUG] URI --> SPACE2
[DEBUG] SPACE2 --> REQUEST_VERSION
[DEBUG] REQUEST_VERSION --> HEADER
[DEBUG] HEADER:Accept-Encoding: gzip --> IN_VALUE
[DEBUG] HEADER:Accept-Encoding: gzip --> FIELD
[DEBUG] HEADER:User-Agent --> VALUE
[DEBUG] HEADER:User-Agent --> IN_VALUE
[DEBUG] HEADER:User-Agent --> FIELD
[DEBUG] HEADER:Host --> VALUE
[DEBUG] HEADER:Host --> IN_VALUE
[DEBUG] HEADER:Host --> FIELD
[DEBUG] HEADER:Accept --> VALUE
[DEBUG] HEADER:Accept --> IN_VALUE
[DEBUG] HEADER:Accept --> FIELD
[DEBUG] HEADER:Connection: keep-alive --> IN_VALUE
[DEBUG] HEADER:Connection: keep-alive --> FIELD
[DEBUG] HEADER --> CONTENT
[DEBUG] REQUEST for //localhost:35372/FileServlet/htmltests/xml-test.xml on HttpChannelOverHttp@b9cf227{s=HttpChannelState@365987cf{s=IDLE rs=BLOCKING os=OPEN is=IDLE awp=false se=false i=true al=0},r=1,c=false/false,a=IDLE,uri=//localhost:35372/FileServlet/htmltests/xml-test.xml,age=0}
GET //localhost:35372/FileServlet/htmltests/xml-test.xml HTTP/1.1
Accept-Encoding: gzip
User-Agent: Mozilla/5.0 (Windows NT 10.0; Win64; x64) AppleWebKit/537.36 (KHTML, like Gecko) Chrome/79.0.3945.130 Safari/537.36
Host: localhost:35372
Accept: text/html, image/gif, image/jpeg, *; q=.2, */*; q=.2
Connection: keep-alive


[DEBUG] HttpConnection@208a985::SocketChannelEndPoint@6269d16{l=/127.0.0.1:35372,r=/127.0.0.1:60200,OPEN,fill=-,flush=-,to=0/30000}{io=0/0,kio=0,kro=1}->HttpConnection@208a985[p=HttpParser{s=CONTENT,0 of -1},g=HttpGenerator@5c958b0c{s=START}]=>HttpChannelOverHttp@b9cf227{s=HttpChannelState@365987cf{s=IDLE rs=BLOCKING os=OPEN is=IDLE awp=false se=false i=true al=0},r=1,c=false/false,a=IDLE,uri=//localhost:35372/FileServlet/htmltests/xml-test.xml,age=0} parsed true HttpParser{s=CONTENT,0 of -1}
[DEBUG] releaseRequestBuffer HttpConnection@208a985::SocketChannelEndPoint@6269d16{l=/127.0.0.1:35372,r=/127.0.0.1:60200,OPEN,fill=-,flush=-,to=1/30000}{io=0/0,kio=0,kro=1}->HttpConnection@208a985[p=HttpParser{s=CONTENT,0 of -1},g=HttpGenerator@5c958b0c{s=START}]=>HttpChannelOverHttp@b9cf227{s=HttpChannelState@365987cf{s=IDLE rs=BLOCKING os=OPEN is=IDLE awp=false se=false i=true al=0},r=1,c=false/false,a=IDLE,uri=//localhost:35372/FileServlet/htmltests/xml-test.xml,age=1}
[DEBUG] handle //localhost:35372/FileServlet/htmltests/xml-test.xml HttpChannelOverHttp@b9cf227{s=HttpChannelState@365987cf{s=IDLE rs=BLOCKING os=OPEN is=IDLE awp=false se=false i=true al=0},r=1,c=false/false,a=IDLE,uri=//localhost:35372/FileServlet/htmltests/xml-test.xml,age=1} 
[DEBUG] handling HttpChannelState@365987cf{s=IDLE rs=BLOCKING os=OPEN is=IDLE awp=false se=false i=true al=0}
[DEBUG] action DISPATCH HttpChannelOverHttp@b9cf227{s=HttpChannelState@365987cf{s=HANDLING rs=BLOCKING os=OPEN is=IDLE awp=false se=false i=true al=0},r=1,c=false/false,a=HANDLING,uri=//localhost:35372/FileServlet/htmltests/xml-test.xml,age=1}
[DEBUG] REQUEST GET /FileServlet/htmltests/xml-test.xml on HttpChannelOverHttp@b9cf227{s=HttpChannelState@365987cf{s=HANDLING rs=BLOCKING os=OPEN is=IDLE awp=false se=false i=true al=0},r=1,c=false/false,a=HANDLING,uri=//localhost:35372/FileServlet/htmltests/xml-test.xml,age=1}
[DEBUG] servlet null|/FileServlet|/htmltests/xml-test.xml -> org.jsoup.integration.servlets.FileServlet-60dce7ea==org.jsoup.integration.servlets.FileServlet@c786463a{jsp=null,order=-1,inst=true,async=true,src=EMBEDDED:null,STARTED}
[DEBUG] chain=null
[DEBUG] write(array HeapByteBuffer@45e2329e[p=0,l=45,c=8192,r=45]={<<<<doc><val>One<val>Two</val>Three</val></doc>\n>>>\x00\x00\x00\x00\x00\x00\x00\x00\x00...\x00\x00\x00\x00\x00\x00\x00})
[DEBUG] write(array) s=OPEN,api=BLOCKING,sc=false,e=null aggregated !flush DirectByteBuffer@38e5eb8d[p=0,l=45,c=32768,r=45]={<<<<doc><val>One<val>Two</val>Three</val></doc>\n>>>>\n    <st...gue. Pr}
[DEBUG] sendResponse info=null content=DirectByteBuffer@38e5eb8d[p=0,l=45,c=32768,r=45]={<<<<doc><val>One<val>Two</val>Three</val></doc>\n>>>>\n    <st...gue. Pr} complete=false committing=true callback=Blocker@4afdb61a{null}
[DEBUG] COMMIT for /FileServlet/htmltests/xml-test.xml on HttpChannelOverHttp@b9cf227{s=HttpChannelState@365987cf{s=HANDLING rs=BLOCKING os=COMMITTED is=IDLE awp=false se=false i=true al=0},r=1,c=false/false,a=HANDLING,uri=//localhost:35372/FileServlet/htmltests/xml-test.xml,age=5}
200 null HTTP/1.1
Date: Tue, 28 Sep 2021 06:03:38 GMT
Content-Type: text/html


[DEBUG] generate: NEED_HEADER for SendCallback@5755ce19[PROCESSING][i=HTTP/1.1{s=200,h=2,cl=-1},cb=org.eclipse.jetty.server.HttpChannel$SendCallback@7e0a018d] (null,[p=0,l=45,c=32768,r=45],false)@START
[DEBUG] generateHeaders HTTP/1.1{s=200,h=2,cl=-1} last=false content=DirectByteBuffer@38e5eb8d[p=0,l=45,c=32768,r=45]={<<<<doc><val>One<val>Two</val>Three</val></doc>\n>>>>\n    <st...gue. Pr}
[DEBUG] Date: Tue, 28 Sep 2021 06:03:38 GMT
Content-Type: text/html


[DEBUG] CHUNKED_CONTENT
[DEBUG] generate: FLUSH for SendCallback@5755ce19[PROCESSING][i=HTTP/1.1{s=200,h=2,cl=-1},cb=org.eclipse.jetty.server.HttpChannel$SendCallback@7e0a018d] ([p=0,l=146,c=8192,r=146],[p=0,l=45,c=32768,r=45],false)@COMMITTED
[DEBUG] write: WriteFlusher@2aa8ba10{IDLE}->null [HeapByteBuffer@1ef04a69[p=0,l=146,c=8192,r=146]={<<<HTTP/1.1 200 OK\r\nDate: Tu...4.43.v20210629)\r\n\r\n2D\r\n>>>eWebKit/5...\xCe\x1f\xAf\xC2\x8d\xCey},DirectByteBuffer@38e5eb8d[p=0,l=45,c=32768,r=45]={<<<<doc><val>One<val>Two</val>Three</val></doc>\n>>>>\n    <st...gue. Pr}]
[DEBUG] update WriteFlusher@2aa8ba10{WRITING}->null:IDLE-->WRITING
[DEBUG] flushed 191 SocketChannelEndPoint@6269d16{l=/127.0.0.1:35372,r=/127.0.0.1:60200,OPEN,fill=-,flush=W,to=8/30000}{io=0/0,kio=0,kro=1}->HttpConnection@208a985[p=HttpParser{s=CONTENT,0 of -1},g=HttpGenerator@5c958b0c{s=COMMITTED}]=>HttpChannelOverHttp@b9cf227{s=HttpChannelState@365987cf{s=HANDLING rs=BLOCKING os=COMMITTED is=IDLE awp=false se=false i=true al=0},r=1,c=false/false,a=HANDLING,uri=//localhost:35372/FileServlet/htmltests/xml-test.xml,age=9}
[DEBUG] Flushed=true written=191 remaining=0 WriteFlusher@2aa8ba10{WRITING}->null
[DEBUG] update WriteFlusher@2aa8ba10{IDLE}->null:WRITING-->IDLE
[DEBUG] generate: DONE for SendCallback@5755ce19[PROCESSING][i=HTTP/1.1{s=200,h=2,cl=-1},cb=org.eclipse.jetty.server.HttpChannel$SendCallback@7e0a018d] ([p=146,l=146,c=8192,r=0],[p=45,l=45,c=32768,r=0],false)@COMMITTED
[DEBUG] onWriteComplete(false,null) s=OPEN,api=BLOCKED,sc=false,e=null->s=OPEN,api=BLOCKING,sc=false,e=null c=null cb=null w=false
[DEBUG] handled=true async=false committed=true on HttpChannelOverHttp@b9cf227{s=HttpChannelState@365987cf{s=HANDLING rs=BLOCKING os=COMMITTED is=IDLE awp=false se=false i=true al=0},r=1,c=false/false,a=HANDLING,uri=//localhost:35372/FileServlet/htmltests/xml-test.xml,age=9}
[DEBUG] unhandle HttpChannelState@365987cf{s=HANDLING rs=BLOCKING os=COMMITTED is=IDLE awp=false se=false i=true al=0}
[DEBUG] nextAction(false) COMPLETE HttpChannelState@365987cf{s=HANDLING rs=COMPLETING os=COMMITTED is=IDLE awp=false se=false i=false al=0}
[DEBUG] action COMPLETE HttpChannelOverHttp@b9cf227{s=HttpChannelState@365987cf{s=HANDLING rs=COMPLETING os=COMMITTED is=IDLE awp=false se=false i=false al=0},r=1,c=false/false,a=HANDLING,uri=//localhost:35372/FileServlet/htmltests/xml-test.xml,age=9}
[DEBUG] complete(org.eclipse.jetty.util.Callback$3@d428439) s=CLOSING,api=BLOCKED,sc=false,e=null s=false e=null, c=HeapByteBuffer@13dae45a[p=0,l=0,c=0,r=0]={<<<>>>}
[DEBUG] sendResponse info=null content=HeapByteBuffer@13dae45a[p=0,l=0,c=0,r=0]={<<<>>>} complete=true committing=false callback=org.eclipse.jetty.server.HttpOutput$WriteCompleteCB@741ea68e
[DEBUG] generate: CONTINUE for SendCallback@5755ce19[PROCESSING][i=null,cb=org.eclipse.jetty.server.HttpChannel$SendCallback@5a36c7e9] (null,[p=0,l=0,c=0,r=0],true)@COMPLETING
[DEBUG] generate: NEED_CHUNK for SendCallback@5755ce19[PROCESSING][i=null,cb=org.eclipse.jetty.server.HttpChannel$SendCallback@5a36c7e9] (null,[p=0,l=0,c=0,r=0],true)@COMPLETING
[DEBUG] generate: FLUSH for SendCallback@5755ce19[PROCESSING][i=null,cb=org.eclipse.jetty.server.HttpChannel$SendCallback@5a36c7e9] (null,[p=0,l=0,c=0,r=0],true)@COMPLETING
[DEBUG] write: WriteFlusher@2aa8ba10{IDLE}->null [HeapByteBuffer@52377fdf[p=0,l=7,c=1024,r=7]={<<<\r\n0\r\n\r\n>>>\n\x00\x00\x00\x00\x00\x00\x00\x00...\x00\x00\x00\x00\x00\x00\x00}]
[DEBUG] update WriteFlusher@2aa8ba10{WRITING}->null:IDLE-->WRITING
[DEBUG] flushed 7 SocketChannelEndPoint@6269d16{l=/127.0.0.1:35372,r=/127.0.0.1:60200,OPEN,fill=-,flush=W,to=1/30000}{io=0/0,kio=0,kro=1}->HttpConnection@208a985[p=HttpParser{s=CONTENT,0 of -1},g=HttpGenerator@5c958b0c{s=COMPLETING}]=>HttpChannelOverHttp@b9cf227{s=HttpChannelState@365987cf{s=HANDLING rs=COMPLETING os=COMMITTED is=IDLE awp=false se=false i=false al=0},r=1,c=false/false,a=HANDLING,uri=//localhost:35372/FileServlet/htmltests/xml-test.xml,age=11}
[DEBUG] Flushed=true written=7 remaining=0 WriteFlusher@2aa8ba10{WRITING}->null
[DEBUG] update WriteFlusher@2aa8ba10{IDLE}->null:WRITING-->IDLE
[DEBUG] generate: DONE for SendCallback@5755ce19[PROCESSING][i=null,cb=org.eclipse.jetty.server.HttpChannel$SendCallback@5a36c7e9] (null,[p=0,l=0,c=0,r=0],true)@END
[DEBUG] onWriteComplete(true,null) s=CLOSING,api=BLOCKED,sc=false,e=null->s=CLOSED,api=BLOCKING,sc=false,e=null c=null cb=org.eclipse.jetty.util.Callback$3@d428439 w=false
[DEBUG] completed HttpChannelState@365987cf{s=HANDLING rs=COMPLETING os=COMPLETED is=IDLE awp=false se=false i=false al=0}
[DEBUG] unhandle HttpChannelState@365987cf{s=HANDLING rs=COMPLETED os=COMPLETED is=IDLE awp=false se=false i=false al=0}
[DEBUG] nextAction(false) TERMINATED HttpChannelState@365987cf{s=IDLE rs=COMPLETED os=COMPLETED is=IDLE awp=false se=false i=false al=0}
[DEBUG] action TERMINATED HttpChannelOverHttp@b9cf227{s=HttpChannelState@365987cf{s=IDLE rs=COMPLETED os=COMPLETED is=IDLE awp=false se=false i=false al=0},r=1,c=true/true,a=IDLE,uri=//localhost:35372/FileServlet/htmltests/xml-test.xml,age=11}
[DEBUG] onCompleted for /FileServlet/htmltests/xml-test.xml written=45
[DEBUG] filled 313 HeapByteBuffer@2a66826a[p=0,l=313,c=8192,r=313]={<<<GET /FileServlet/htmltest...nection: keep-alive\r\n\r\n>>>\xDe\xF2\xF4\x97\x1c\xE4\xA6\xE9s...\x86&h\xA0{\xC1\xC2}
[DEBUG] HttpConnection@208a985::SocketChannelEndPoint@6269d16{l=/127.0.0.1:35372,r=/127.0.0.1:60200,OPEN,fill=-,flush=-,to=0/30000}{io=0/0,kio=0,kro=1}->HttpConnection@208a985[p=HttpParser{s=CONTENT,0 of -1},g=HttpGenerator@5c958b0c{s=END}]=>HttpChannelOverHttp@b9cf227{s=HttpChannelState@365987cf{s=IDLE rs=COMPLETED os=COMPLETED is=IDLE awp=false se=false i=false al=0},r=1,c=true/true,a=IDLE,uri=//localhost:35372/FileServlet/htmltests/xml-test.xml,age=11} filled 313 HeapByteBuffer@2a66826a[p=0,l=313,c=8192,r=313]={<<<GET /FileServlet/htmltest...nection: keep-alive\r\n\r\n>>>\xDe\xF2\xF4\x97\x1c\xE4\xA6\xE9s...\x86&h\xA0{\xC1\xC2}
[DEBUG] HttpConnection@208a985::SocketChannelEndPoint@6269d16{l=/127.0.0.1:35372,r=/127.0.0.1:60200,OPEN,fill=-,flush=-,to=0/30000}{io=0/0,kio=0,kro=1}->HttpConnection@208a985[p=HttpParser{s=CONTENT,0 of -1},g=HttpGenerator@5c958b0c{s=END}]=>HttpChannelOverHttp@b9cf227{s=HttpChannelState@365987cf{s=IDLE rs=COMPLETED os=COMPLETED is=IDLE awp=false se=false i=false al=0},r=1,c=true/true,a=IDLE,uri=//localhost:35372/FileServlet/htmltests/xml-test.xml,age=11} parse HeapByteBuffer@2a66826a[p=0,l=313,c=8192,r=313]={<<<GET /FileServlet/htmltest...nection: keep-alive\r\n\r\n>>>\xDe\xF2\xF4\x97\x1c\xE4\xA6\xE9s...\x86&h\xA0{\xC1\xC2} {}
[DEBUG] parseNext s=CONTENT HeapByteBuffer@2a66826a[p=0,l=313,c=8192,r=313]={<<<GET /FileServlet/htmltest...nection: keep-alive\r\n\r\n>>>\xDe\xF2\xF4\x97\x1c\xE4\xA6\xE9s...\x86&h\xA0{\xC1\xC2}
[DEBUG] CONTENT --> CONTENT_END
[DEBUG] onContentComplete HttpChannelOverHttp@b9cf227{s=HttpChannelState@365987cf{s=IDLE rs=COMPLETED os=COMPLETED is=IDLE awp=false se=false i=false al=0},r=1,c=true/true,a=IDLE,uri=//localhost:35372/FileServlet/htmltests/xml-test.xml,age=11}
[DEBUG] CONTENT_END --> END
[DEBUG] onRequestComplete HttpChannelOverHttp@b9cf227{s=HttpChannelState@365987cf{s=IDLE rs=COMPLETED os=COMPLETED is=IDLE awp=false se=false i=false al=0},r=1,c=true/true,a=IDLE,uri=//localhost:35372/FileServlet/htmltests/xml-test.xml,age=11}
[DEBUG] HttpInputOverHTTP@35a18e85[c=0,q=0,[0]=null,s=STREAM] addContent EOF
[DEBUG] HttpConnection@208a985::SocketChannelEndPoint@6269d16{l=/127.0.0.1:35372,r=/127.0.0.1:60200,OPEN,fill=-,flush=-,to=0/30000}{io=0/0,kio=0,kro=1}->HttpConnection@208a985[p=HttpParser{s=END,0 of -1},g=HttpGenerator@5c958b0c{s=END}]=>HttpChannelOverHttp@b9cf227{s=HttpChannelState@365987cf{s=IDLE rs=COMPLETED os=COMPLETED is=IDLE awp=false se=false i=false al=0},r=1,c=true/true,a=IDLE,uri=//localhost:35372/FileServlet/htmltests/xml-test.xml,age=11} parsed false HttpParser{s=END,0 of -1}
[DEBUG] recycle HttpChannelState@365987cf{s=IDLE rs=COMPLETED os=COMPLETED is=IDLE awp=false se=false i=false al=0}
[DEBUG] reset HttpParser{s=END,0 of -1}
[DEBUG] END --> START
[DEBUG] !handle TERMINATED HttpChannelOverHttp@b9cf227{s=HttpChannelState@365987cf{s=IDLE rs=BLOCKING os=OPEN is=IDLE awp=false se=false i=true al=0},r=1,c=false/false,a=IDLE,uri=null,age=0}
[DEBUG] HttpConnection@208a985::SocketChannelEndPoint@6269d16{l=/127.0.0.1:35372,r=/127.0.0.1:60200,OPEN,fill=-,flush=-,to=0/30000}{io=0/0,kio=0,kro=1}->HttpConnection@208a985[p=HttpParser{s=START,0 of -1},g=HttpGenerator@5c958b0c{s=START}]=>HttpChannelOverHttp@b9cf227{s=HttpChannelState@365987cf{s=IDLE rs=BLOCKING os=OPEN is=IDLE awp=false se=false i=true al=0},r=1,c=false/false,a=IDLE,uri=null,age=0} parse HeapByteBuffer@2a66826a[p=0,l=313,c=8192,r=313]={<<<GET /FileServlet/htmltest...nection: keep-alive\r\n\r\n>>>\xDe\xF2\xF4\x97\x1c\xE4\xA6\xE9s...\x86&h\xA0{\xC1\xC2} {}
[DEBUG] parseNext s=START HeapByteBuffer@2a66826a[p=0,l=313,c=8192,r=313]={<<<GET /FileServlet/htmltest...nection: keep-alive\r\n\r\n>>>\xDe\xF2\xF4\x97\x1c\xE4\xA6\xE9s...\x86&h\xA0{\xC1\xC2}
[DEBUG] START --> SPACE1
[DEBUG] SPACE1 --> URI
[DEBUG] URI --> SPACE2
[DEBUG] SPACE2 --> REQUEST_VERSION
[DEBUG] REQUEST_VERSION --> HEADER
[DEBUG] HEADER:Accept-Encoding: gzip --> IN_VALUE
[DEBUG] HEADER:Accept-Encoding: gzip --> FIELD
[DEBUG] HEADER:User-Agent: Mozilla/5.0 (Windows NT 10.0; Win64; x64) AppleWebKit/537.36 (KHTML, like Gecko) Chrome/79.0.3945.130 Safari/537.36 --> IN_VALUE
[DEBUG] HEADER:User-Agent: Mozilla/5.0 (Windows NT 10.0; Win64; x64) AppleWebKit/537.36 (KHTML, like Gecko) Chrome/79.0.3945.130 Safari/537.36 --> FIELD
[DEBUG] HEADER:Host: localhost:35372 --> IN_VALUE
[DEBUG] HEADER:Host: localhost:35372 --> FIELD
[DEBUG] HEADER:Accept: text/html, image/gif, image/jpeg, *; q=.2, */*; q=.2 --> IN_VALUE
[DEBUG] HEADER:Accept: text/html, image/gif, image/jpeg, *; q=.2, */*; q=.2 --> FIELD
[DEBUG] HEADER:Connection: keep-alive --> IN_VALUE
[DEBUG] HEADER:Connection: keep-alive --> FIELD
[DEBUG] HEADER --> CONTENT
[DEBUG] REQUEST for //localhost:35372/FileServlet/htmltests/xml-test.xml on HttpChannelOverHttp@b9cf227{s=HttpChannelState@365987cf{s=IDLE rs=BLOCKING os=OPEN is=IDLE awp=false se=false i=true al=0},r=2,c=false/false,a=IDLE,uri=//localhost:35372/FileServlet/htmltests/xml-test.xml,age=0}
GET //localhost:35372/FileServlet/htmltests/xml-test.xml HTTP/1.1
Accept-Encoding: gzip
User-Agent: Mozilla/5.0 (Windows NT 10.0; Win64; x64) AppleWebKit/537.36 (KHTML, like Gecko) Chrome/79.0.3945.130 Safari/537.36
Host: localhost:35372
Accept: text/html, image/gif, image/jpeg, *; q=.2, */*; q=.2
Connection: keep-alive


[DEBUG] HttpConnection@208a985::SocketChannelEndPoint@6269d16{l=/127.0.0.1:35372,r=/127.0.0.1:60200,OPEN,fill=-,flush=-,to=0/30000}{io=0/0,kio=0,kro=1}->HttpConnection@208a985[p=HttpParser{s=CONTENT,0 of -1},g=HttpGenerator@5c958b0c{s=START}]=>HttpChannelOverHttp@b9cf227{s=HttpChannelState@365987cf{s=IDLE rs=BLOCKING os=OPEN is=IDLE awp=false se=false i=true al=0},r=2,c=false/false,a=IDLE,uri=//localhost:35372/FileServlet/htmltests/xml-test.xml,age=0} parsed true HttpParser{s=CONTENT,0 of -1}
[DEBUG] releaseRequestBuffer HttpConnection@208a985::SocketChannelEndPoint@6269d16{l=/127.0.0.1:35372,r=/127.0.0.1:60200,OPEN,fill=-,flush=-,to=1/30000}{io=0/0,kio=0,kro=1}->HttpConnection@208a985[p=HttpParser{s=CONTENT,0 of -1},g=HttpGenerator@5c958b0c{s=START}]=>HttpChannelOverHttp@b9cf227{s=HttpChannelState@365987cf{s=IDLE rs=BLOCKING os=OPEN is=IDLE awp=false se=false i=true al=0},r=2,c=false/false,a=IDLE,uri=//localhost:35372/FileServlet/htmltests/xml-test.xml,age=0}
[DEBUG] handle //localhost:35372/FileServlet/htmltests/xml-test.xml HttpChannelOverHttp@b9cf227{s=HttpChannelState@365987cf{s=IDLE rs=BLOCKING os=OPEN is=IDLE awp=false se=false i=true al=0},r=2,c=false/false,a=IDLE,uri=//localhost:35372/FileServlet/htmltests/xml-test.xml,age=0} 
[DEBUG] handling HttpChannelState@365987cf{s=IDLE rs=BLOCKING os=OPEN is=IDLE awp=false se=false i=true al=0}
[DEBUG] action DISPATCH HttpChannelOverHttp@b9cf227{s=HttpChannelState@365987cf{s=HANDLING rs=BLOCKING os=OPEN is=IDLE awp=false se=false i=true al=0},r=2,c=false/false,a=HANDLING,uri=//localhost:35372/FileServlet/htmltests/xml-test.xml,age=0}
[DEBUG] REQUEST GET /FileServlet/htmltests/xml-test.xml on HttpChannelOverHttp@b9cf227{s=HttpChannelState@365987cf{s=HANDLING rs=BLOCKING os=OPEN is=IDLE awp=false se=false i=true al=0},r=2,c=false/false,a=HANDLING,uri=//localhost:35372/FileServlet/htmltests/xml-test.xml,age=0}
[DEBUG] servlet null|/FileServlet|/htmltests/xml-test.xml -> org.jsoup.integration.servlets.FileServlet-60dce7ea==org.jsoup.integration.servlets.FileServlet@c786463a{jsp=null,order=-1,inst=true,async=true,src=EMBEDDED:null,STARTED}
[DEBUG] chain=null
[DEBUG] write(array HeapByteBuffer@2cdbb744[p=0,l=45,c=8192,r=45]={<<<<doc><val>One<val>Two</val>Three</val></doc>\n>>>\x00\x00\x00\x00\x00\x00\x00\x00\x00...\x00\x00\x00\x00\x00\x00\x00})
[DEBUG] write(array) s=OPEN,api=BLOCKING,sc=false,e=null aggregated !flush DirectByteBuffer@67223954[p=0,l=45,c=32768,r=45]={<<<<doc><val>One<val>Two</val>Three</val></doc>\n>>>>\n    <st...gue. Pr}
[DEBUG] sendResponse info=null content=DirectByteBuffer@67223954[p=0,l=45,c=32768,r=45]={<<<<doc><val>One<val>Two</val>Three</val></doc>\n>>>>\n    <st...gue. Pr} complete=false committing=true callback=Blocker@4afdb61a{null}
[DEBUG] COMMIT for /FileServlet/htmltests/xml-test.xml on HttpChannelOverHttp@b9cf227{s=HttpChannelState@365987cf{s=HANDLING rs=BLOCKING os=COMMITTED is=IDLE awp=false se=false i=true al=0},r=2,c=false/false,a=HANDLING,uri=//localhost:35372/FileServlet/htmltests/xml-test.xml,age=3}
200 null HTTP/1.1
Date: Tue, 28 Sep 2021 06:03:38 GMT
Content-Type: text/html


[DEBUG] generate: NEED_HEADER for SendCallback@5755ce19[PROCESSING][i=HTTP/1.1{s=200,h=2,cl=-1},cb=org.eclipse.jetty.server.HttpChannel$SendCallback@2d705e87] (null,[p=0,l=45,c=32768,r=45],false)@START
[DEBUG] generateHeaders HTTP/1.1{s=200,h=2,cl=-1} last=false content=DirectByteBuffer@67223954[p=0,l=45,c=32768,r=45]={<<<<doc><val>One<val>Two</val>Three</val></doc>\n>>>>\n    <st...gue. Pr}
[DEBUG] Date: Tue, 28 Sep 2021 06:03:38 GMT
Content-Type: text/html


[DEBUG] CHUNKED_CONTENT
[DEBUG] generate: FLUSH for SendCallback@5755ce19[PROCESSING][i=HTTP/1.1{s=200,h=2,cl=-1},cb=org.eclipse.jetty.server.HttpChannel$SendCallback@2d705e87] ([p=0,l=146,c=8192,r=146],[p=0,l=45,c=32768,r=45],false)@COMMITTED
[DEBUG] write: WriteFlusher@2aa8ba10{IDLE}->null [HeapByteBuffer@460916c[p=0,l=146,c=8192,r=146]={<<<HTTP/1.1 200 OK\r\nDate: Tu...4.43.v20210629)\r\n\r\n2D\r\n>>>(KHTML, l...\x00\x00\x00\x00\x00\x00\x00},DirectByteBuffer@67223954[p=0,l=45,c=32768,r=45]={<<<<doc><val>One<val>Two</val>Three</val></doc>\n>>>>\n    <st...gue. Pr}]
[DEBUG] update WriteFlusher@2aa8ba10{WRITING}->null:IDLE-->WRITING
[DEBUG] flushed 191 SocketChannelEndPoint@6269d16{l=/127.0.0.1:35372,r=/127.0.0.1:60200,OPEN,fill=-,flush=W,to=5/30000}{io=0/0,kio=0,kro=1}->HttpConnection@208a985[p=HttpParser{s=CONTENT,0 of -1},g=HttpGenerator@5c958b0c{s=COMMITTED}]=>HttpChannelOverHttp@b9cf227{s=HttpChannelState@365987cf{s=HANDLING rs=BLOCKING os=COMMITTED is=IDLE awp=false se=false i=true al=0},r=2,c=false/false,a=HANDLING,uri=//localhost:35372/FileServlet/htmltests/xml-test.xml,age=5}
[DEBUG] Flushed=true written=191 remaining=0 WriteFlusher@2aa8ba10{WRITING}->null
[DEBUG] update WriteFlusher@2aa8ba10{IDLE}->null:WRITING-->IDLE
[DEBUG] generate: DONE for SendCallback@5755ce19[PROCESSING][i=HTTP/1.1{s=200,h=2,cl=-1},cb=org.eclipse.jetty.server.HttpChannel$SendCallback@2d705e87] ([p=146,l=146,c=8192,r=0],[p=45,l=45,c=32768,r=0],false)@COMMITTED
[DEBUG] onWriteComplete(false,null) s=OPEN,api=BLOCKED,sc=false,e=null->s=OPEN,api=BLOCKING,sc=false,e=null c=null cb=null w=false
[DEBUG] handled=true async=false committed=true on HttpChannelOverHttp@b9cf227{s=HttpChannelState@365987cf{s=HANDLING rs=BLOCKING os=COMMITTED is=IDLE awp=false se=false i=true al=0},r=2,c=false/false,a=HANDLING,uri=//localhost:35372/FileServlet/htmltests/xml-test.xml,age=5}
[DEBUG] unhandle HttpChannelState@365987cf{s=HANDLING rs=BLOCKING os=COMMITTED is=IDLE awp=false se=false i=true al=0}
[DEBUG] nextAction(false) COMPLETE HttpChannelState@365987cf{s=HANDLING rs=COMPLETING os=COMMITTED is=IDLE awp=false se=false i=false al=0}
[DEBUG] action COMPLETE HttpChannelOverHttp@b9cf227{s=HttpChannelState@365987cf{s=HANDLING rs=COMPLETING os=COMMITTED is=IDLE awp=false se=false i=false al=0},r=2,c=false/false,a=HANDLING,uri=//localhost:35372/FileServlet/htmltests/xml-test.xml,age=5}
[DEBUG] complete(org.eclipse.jetty.util.Callback$3@4195dd4f) s=CLOSING,api=BLOCKED,sc=false,e=null s=false e=null, c=HeapByteBuffer@13dae45a[p=0,l=0,c=0,r=0]={<<<>>>}
[DEBUG] sendResponse info=null content=HeapByteBuffer@13dae45a[p=0,l=0,c=0,r=0]={<<<>>>} complete=true committing=false callback=org.eclipse.jetty.server.HttpOutput$WriteCompleteCB@78f9b65e
[DEBUG] generate: CONTINUE for SendCallback@5755ce19[PROCESSING][i=null,cb=org.eclipse.jetty.server.HttpChannel$SendCallback@9e94f92] (null,[p=0,l=0,c=0,r=0],true)@COMPLETING
[DEBUG] generate: NEED_CHUNK for SendCallback@5755ce19[PROCESSING][i=null,cb=org.eclipse.jetty.server.HttpChannel$SendCallback@9e94f92] (null,[p=0,l=0,c=0,r=0],true)@COMPLETING
[DEBUG] generate: FLUSH for SendCallback@5755ce19[PROCESSING][i=null,cb=org.eclipse.jetty.server.HttpChannel$SendCallback@9e94f92] (null,[p=0,l=0,c=0,r=0],true)@COMPLETING
[DEBUG] write: WriteFlusher@2aa8ba10{IDLE}->null [HeapByteBuffer@2ed6021b[p=0,l=7,c=1024,r=7]={<<<\r\n0\r\n\r\n>>>\n\x00\x00\x00\x00\x00\x00\x00\x00...\x00\x00\x00\x00\x00\x00\x00}]
[DEBUG] update WriteFlusher@2aa8ba10{WRITING}->null:IDLE-->WRITING
[DEBUG] flushed 7 SocketChannelEndPoint@6269d16{l=/127.0.0.1:35372,r=/127.0.0.1:60200,OPEN,fill=-,flush=W,to=1/30000}{io=0/0,kio=0,kro=1}->HttpConnection@208a985[p=HttpParser{s=CONTENT,0 of -1},g=HttpGenerator@5c958b0c{s=COMPLETING}]=>HttpChannelOverHttp@b9cf227{s=HttpChannelState@365987cf{s=HANDLING rs=COMPLETING os=COMMITTED is=IDLE awp=false se=false i=false al=0},r=2,c=false/false,a=HANDLING,uri=//localhost:35372/FileServlet/htmltests/xml-test.xml,age=6}
[DEBUG] Flushed=true written=7 remaining=0 WriteFlusher@2aa8ba10{WRITING}->null
[DEBUG] update WriteFlusher@2aa8ba10{IDLE}->null:WRITING-->IDLE
[DEBUG] generate: DONE for SendCallback@5755ce19[PROCESSING][i=null,cb=org.eclipse.jetty.server.HttpChannel$SendCallback@9e94f92] (null,[p=0,l=0,c=0,r=0],true)@END
[DEBUG] onWriteComplete(true,null) s=CLOSING,api=BLOCKED,sc=false,e=null->s=CLOSED,api=BLOCKING,sc=false,e=null c=null cb=org.eclipse.jetty.util.Callback$3@4195dd4f w=false
[DEBUG] completed HttpChannelState@365987cf{s=HANDLING rs=COMPLETING os=COMPLETED is=IDLE awp=false se=false i=false al=0}
[DEBUG] unhandle HttpChannelState@365987cf{s=HANDLING rs=COMPLETED os=COMPLETED is=IDLE awp=false se=false i=false al=0}
[DEBUG] nextAction(false) TERMINATED HttpChannelState@365987cf{s=IDLE rs=COMPLETED os=COMPLETED is=IDLE awp=false se=false i=false al=0}
[DEBUG] action TERMINATED HttpChannelOverHttp@b9cf227{s=HttpChannelState@365987cf{s=IDLE rs=COMPLETED os=COMPLETED is=IDLE awp=false se=false i=false al=0},r=2,c=true/true,a=IDLE,uri=//localhost:35372/FileServlet/htmltests/xml-test.xml,age=9}
[DEBUG] onCompleted for /FileServlet/htmltests/xml-test.xml written=45
[DEBUG] filled 313 HeapByteBuffer@1ef04a69[p=0,l=313,c=8192,r=313]={<<<GET /FileServlet/htmltest...nection: keep-alive\r\n\r\n>>> keep-ali...\xCe\x1f\xAf\xC2\x8d\xCey}
[DEBUG] HttpConnection@208a985::SocketChannelEndPoint@6269d16{l=/127.0.0.1:35372,r=/127.0.0.1:60200,OPEN,fill=-,flush=-,to=0/30000}{io=0/0,kio=0,kro=1}->HttpConnection@208a985[p=HttpParser{s=CONTENT,0 of -1},g=HttpGenerator@5c958b0c{s=END}]=>HttpChannelOverHttp@b9cf227{s=HttpChannelState@365987cf{s=IDLE rs=COMPLETED os=COMPLETED is=IDLE awp=false se=false i=false al=0},r=2,c=true/true,a=IDLE,uri=//localhost:35372/FileServlet/htmltests/xml-test.xml,age=9} filled 313 HeapByteBuffer@1ef04a69[p=0,l=313,c=8192,r=313]={<<<GET /FileServlet/htmltest...nection: keep-alive\r\n\r\n>>> keep-ali...\xCe\x1f\xAf\xC2\x8d\xCey}
[DEBUG] HttpConnection@208a985::SocketChannelEndPoint@6269d16{l=/127.0.0.1:35372,r=/127.0.0.1:60200,OPEN,fill=-,flush=-,to=0/30000}{io=0/0,kio=0,kro=1}->HttpConnection@208a985[p=HttpParser{s=CONTENT,0 of -1},g=HttpGenerator@5c958b0c{s=END}]=>HttpChannelOverHttp@b9cf227{s=HttpChannelState@365987cf{s=IDLE rs=COMPLETED os=COMPLETED is=IDLE awp=false se=false i=false al=0},r=2,c=true/true,a=IDLE,uri=//localhost:35372/FileServlet/htmltests/xml-test.xml,age=9} parse HeapByteBuffer@1ef04a69[p=0,l=313,c=8192,r=313]={<<<GET /FileServlet/htmltest...nection: keep-alive\r\n\r\n>>> keep-ali...\xCe\x1f\xAf\xC2\x8d\xCey} {}
[DEBUG] parseNext s=CONTENT HeapByteBuffer@1ef04a69[p=0,l=313,c=8192,r=313]={<<<GET /FileServlet/htmltest...nection: keep-alive\r\n\r\n>>> keep-ali...\xCe\x1f\xAf\xC2\x8d\xCey}
[DEBUG] CONTENT --> CONTENT_END
[DEBUG] onContentComplete HttpChannelOverHttp@b9cf227{s=HttpChannelState@365987cf{s=IDLE rs=COMPLETED os=COMPLETED is=IDLE awp=false se=false i=false al=0},r=2,c=true/true,a=IDLE,uri=//localhost:35372/FileServlet/htmltests/xml-test.xml,age=9}
[DEBUG] CONTENT_END --> END
[DEBUG] onRequestComplete HttpChannelOverHttp@b9cf227{s=HttpChannelState@365987cf{s=IDLE rs=COMPLETED os=COMPLETED is=IDLE awp=false se=false i=false al=0},r=2,c=true/true,a=IDLE,uri=//localhost:35372/FileServlet/htmltests/xml-test.xml,age=9}
[DEBUG] HttpInputOverHTTP@35a18e85[c=0,q=0,[0]=null,s=STREAM] addContent EOF
[DEBUG] HttpConnection@208a985::SocketChannelEndPoint@6269d16{l=/127.0.0.1:35372,r=/127.0.0.1:60200,OPEN,fill=-,flush=-,to=0/30000}{io=0/0,kio=0,kro=1}->HttpConnection@208a985[p=HttpParser{s=END,0 of -1},g=HttpGenerator@5c958b0c{s=END}]=>HttpChannelOverHttp@b9cf227{s=HttpChannelState@365987cf{s=IDLE rs=COMPLETED os=COMPLETED is=IDLE awp=false se=false i=false al=0},r=2,c=true/true,a=IDLE,uri=//localhost:35372/FileServlet/htmltests/xml-test.xml,age=10} parsed false HttpParser{s=END,0 of -1}
[DEBUG] recycle HttpChannelState@365987cf{s=IDLE rs=COMPLETED os=COMPLETED is=IDLE awp=false se=false i=false al=0}
[DEBUG] reset HttpParser{s=END,0 of -1}
[DEBUG] END --> START
[DEBUG] !handle TERMINATED HttpChannelOverHttp@b9cf227{s=HttpChannelState@365987cf{s=IDLE rs=BLOCKING os=OPEN is=IDLE awp=false se=false i=true al=0},r=2,c=false/false,a=IDLE,uri=null,age=0}
[DEBUG] HttpConnection@208a985::SocketChannelEndPoint@6269d16{l=/127.0.0.1:35372,r=/127.0.0.1:60200,OPEN,fill=-,flush=-,to=7/30000}{io=0/0,kio=0,kro=1}->HttpConnection@208a985[p=HttpParser{s=START,0 of -1},g=HttpGenerator@5c958b0c{s=START}]=>HttpChannelOverHttp@b9cf227{s=HttpChannelState@365987cf{s=IDLE rs=BLOCKING os=OPEN is=IDLE awp=false se=false i=true al=0},r=2,c=false/false,a=IDLE,uri=null,age=0} parse HeapByteBuffer@1ef04a69[p=0,l=313,c=8192,r=313]={<<<GET /FileServlet/htmltest...nection: keep-alive\r\n\r\n>>> keep-ali...\xCe\x1f\xAf\xC2\x8d\xCey} {}
[DEBUG] parseNext s=START HeapByteBuffer@1ef04a69[p=0,l=313,c=8192,r=313]={<<<GET /FileServlet/htmltest...nection: keep-alive\r\n\r\n>>> keep-ali...\xCe\x1f\xAf\xC2\x8d\xCey}
[DEBUG] START --> SPACE1
[DEBUG] SPACE1 --> URI
[DEBUG] URI --> SPACE2
[DEBUG] SPACE2 --> REQUEST_VERSION
[DEBUG] REQUEST_VERSION --> HEADER
[DEBUG] HEADER:Accept-Encoding: gzip --> IN_VALUE
[DEBUG] HEADER:Accept-Encoding: gzip --> FIELD
[DEBUG] HEADER:User-Agent: Mozilla/5.0 (Windows NT 10.0; Win64; x64) AppleWebKit/537.36 (KHTML, like Gecko) Chrome/79.0.3945.130 Safari/537.36 --> IN_VALUE
[DEBUG] HEADER:User-Agent: Mozilla/5.0 (Windows NT 10.0; Win64; x64) AppleWebKit/537.36 (KHTML, like Gecko) Chrome/79.0.3945.130 Safari/537.36 --> FIELD
[DEBUG] HEADER:Host: localhost:35372 --> IN_VALUE
[DEBUG] HEADER:Host: localhost:35372 --> FIELD
[DEBUG] HEADER:Accept: text/html, image/gif, image/jpeg, *; q=.2, */*; q=.2 --> IN_VALUE
[DEBUG] HEADER:Accept: text/html, image/gif, image/jpeg, *; q=.2, */*; q=.2 --> FIELD
[DEBUG] HEADER:Connection: keep-alive --> IN_VALUE
[DEBUG] HEADER:Connection: keep-alive --> FIELD
[DEBUG] HEADER --> CONTENT
[DEBUG] REQUEST for //localhost:35372/FileServlet/htmltests/xml-test.xml on HttpChannelOverHttp@b9cf227{s=HttpChannelState@365987cf{s=IDLE rs=BLOCKING os=OPEN is=IDLE awp=false se=false i=true al=0},r=3,c=false/false,a=IDLE,uri=//localhost:35372/FileServlet/htmltests/xml-test.xml,age=0}
GET //localhost:35372/FileServlet/htmltests/xml-test.xml HTTP/1.1
Accept-Encoding: gzip
User-Agent: Mozilla/5.0 (Windows NT 10.0; Win64; x64) AppleWebKit/537.36 (KHTML, like Gecko) Chrome/79.0.3945.130 Safari/537.36
Host: localhost:35372
Accept: text/html, image/gif, image/jpeg, *; q=.2, */*; q=.2
Connection: keep-alive


[DEBUG] HttpConnection@208a985::SocketChannelEndPoint@6269d16{l=/127.0.0.1:35372,r=/127.0.0.1:60200,OPEN,fill=-,flush=-,to=8/30000}{io=0/0,kio=0,kro=1}->HttpConnection@208a985[p=HttpParser{s=CONTENT,0 of -1},g=HttpGenerator@5c958b0c{s=START}]=>HttpChannelOverHttp@b9cf227{s=HttpChannelState@365987cf{s=IDLE rs=BLOCKING os=OPEN is=IDLE awp=false se=false i=true al=0},r=3,c=false/false,a=IDLE,uri=//localhost:35372/FileServlet/htmltests/xml-test.xml,age=0} parsed true HttpParser{s=CONTENT,0 of -1}
[DEBUG] releaseRequestBuffer HttpConnection@208a985::SocketChannelEndPoint@6269d16{l=/127.0.0.1:35372,r=/127.0.0.1:60200,OPEN,fill=-,flush=-,to=8/30000}{io=0/0,kio=0,kro=1}->HttpConnection@208a985[p=HttpParser{s=CONTENT,0 of -1},g=HttpGenerator@5c958b0c{s=START}]=>HttpChannelOverHttp@b9cf227{s=HttpChannelState@365987cf{s=IDLE rs=BLOCKING os=OPEN is=IDLE awp=false se=false i=true al=0},r=3,c=false/false,a=IDLE,uri=//localhost:35372/FileServlet/htmltests/xml-test.xml,age=0}
[DEBUG] handle //localhost:35372/FileServlet/htmltests/xml-test.xml HttpChannelOverHttp@b9cf227{s=HttpChannelState@365987cf{s=IDLE rs=BLOCKING os=OPEN is=IDLE awp=false se=false i=true al=0},r=3,c=false/false,a=IDLE,uri=//localhost:35372/FileServlet/htmltests/xml-test.xml,age=0} 
[DEBUG] handling HttpChannelState@365987cf{s=IDLE rs=BLOCKING os=OPEN is=IDLE awp=false se=false i=true al=0}
[DEBUG] action DISPATCH HttpChannelOverHttp@b9cf227{s=HttpChannelState@365987cf{s=HANDLING rs=BLOCKING os=OPEN is=IDLE awp=false se=false i=true al=0},r=3,c=false/false,a=HANDLING,uri=//localhost:35372/FileServlet/htmltests/xml-test.xml,age=0}
[DEBUG] REQUEST GET /FileServlet/htmltests/xml-test.xml on HttpChannelOverHttp@b9cf227{s=HttpChannelState@365987cf{s=HANDLING rs=BLOCKING os=OPEN is=IDLE awp=false se=false i=true al=0},r=3,c=false/false,a=HANDLING,uri=//localhost:35372/FileServlet/htmltests/xml-test.xml,age=0}
[DEBUG] servlet null|/FileServlet|/htmltests/xml-test.xml -> org.jsoup.integration.servlets.FileServlet-60dce7ea==org.jsoup.integration.servlets.FileServlet@c786463a{jsp=null,order=-1,inst=true,async=true,src=EMBEDDED:null,STARTED}
[DEBUG] chain=null
[DEBUG] write(array HeapByteBuffer@26c2ac4e[p=0,l=45,c=8192,r=45]={<<<<doc><val>One<val>Two</val>Three</val></doc>\n>>>\x00\x00\x00\x00\x00\x00\x00\x00\x00...\x00\x00\x00\x00\x00\x00\x00})
[DEBUG] write(array) s=OPEN,api=BLOCKING,sc=false,e=null aggregated !flush DirectByteBuffer@341ca971[p=0,l=45,c=32768,r=45]={<<<<doc><val>One<val>Two</val>Three</val></doc>\n>>>>\n    <st...gue. Pr}
[DEBUG] sendResponse info=null content=DirectByteBuffer@341ca971[p=0,l=45,c=32768,r=45]={<<<<doc><val>One<val>Two</val>Three</val></doc>\n>>>>\n    <st...gue. Pr} complete=false committing=true callback=Blocker@4afdb61a{null}
[DEBUG] COMMIT for /FileServlet/htmltests/xml-test.xml on HttpChannelOverHttp@b9cf227{s=HttpChannelState@365987cf{s=HANDLING rs=BLOCKING os=COMMITTED is=IDLE awp=false se=false i=true al=0},r=3,c=false/false,a=HANDLING,uri=//localhost:35372/FileServlet/htmltests/xml-test.xml,age=6}
200 null HTTP/1.1
Date: Tue, 28 Sep 2021 06:03:38 GMT
Content-Type: text/html


[DEBUG] generate: NEED_HEADER for SendCallback@5755ce19[PROCESSING][i=HTTP/1.1{s=200,h=2,cl=-1},cb=org.eclipse.jetty.server.HttpChannel$SendCallback@49d2627c] (null,[p=0,l=45,c=32768,r=45],false)@START
[DEBUG] generateHeaders HTTP/1.1{s=200,h=2,cl=-1} last=false content=DirectByteBuffer@341ca971[p=0,l=45,c=32768,r=45]={<<<<doc><val>One<val>Two</val>Three</val></doc>\n>>>>\n    <st...gue. Pr}
[DEBUG] Date: Tue, 28 Sep 2021 06:03:38 GMT
Content-Type: text/html


[DEBUG] CHUNKED_CONTENT
[DEBUG] generate: FLUSH for SendCallback@5755ce19[PROCESSING][i=HTTP/1.1{s=200,h=2,cl=-1},cb=org.eclipse.jetty.server.HttpChannel$SendCallback@49d2627c] ([p=0,l=146,c=8192,r=146],[p=0,l=45,c=32768,r=45],false)@COMMITTED
[DEBUG] write: WriteFlusher@2aa8ba10{IDLE}->null [HeapByteBuffer@2a66826a[p=0,l=146,c=8192,r=146]={<<<HTTP/1.1 200 OK\r\nDate: Tu...4.43.v20210629)\r\n\r\n2D\r\n>>>(KHTML, l...\x86&h\xA0{\xC1\xC2},DirectByteBuffer@341ca971[p=0,l=45,c=32768,r=45]={<<<<doc><val>One<val>Two</val>Three</val></doc>\n>>>>\n    <st...gue. Pr}]
[DEBUG] update WriteFlusher@2aa8ba10{WRITING}->null:IDLE-->WRITING
[DEBUG] flushed 191 SocketChannelEndPoint@6269d16{l=/127.0.0.1:35372,r=/127.0.0.1:60200,OPEN,fill=-,flush=W,to=15/30000}{io=0/0,kio=0,kro=1}->HttpConnection@208a985[p=HttpParser{s=CONTENT,0 of -1},g=HttpGenerator@5c958b0c{s=COMMITTED}]=>HttpChannelOverHttp@b9cf227{s=HttpChannelState@365987cf{s=HANDLING rs=BLOCKING os=COMMITTED is=IDLE awp=false se=false i=true al=0},r=3,c=false/false,a=HANDLING,uri=//localhost:35372/FileServlet/htmltests/xml-test.xml,age=8}
[DEBUG] Flushed=true written=191 remaining=0 WriteFlusher@2aa8ba10{WRITING}->null
[DEBUG] update WriteFlusher@2aa8ba10{IDLE}->null:WRITING-->IDLE
[DEBUG] generate: DONE for SendCallback@5755ce19[PROCESSING][i=HTTP/1.1{s=200,h=2,cl=-1},cb=org.eclipse.jetty.server.HttpChannel$SendCallback@49d2627c] ([p=146,l=146,c=8192,r=0],[p=45,l=45,c=32768,r=0],false)@COMMITTED
[DEBUG] onWriteComplete(false,null) s=OPEN,api=BLOCKED,sc=false,e=null->s=OPEN,api=BLOCKING,sc=false,e=null c=null cb=null w=false
[DEBUG] handled=true async=false committed=true on HttpChannelOverHttp@b9cf227{s=HttpChannelState@365987cf{s=HANDLING rs=BLOCKING os=COMMITTED is=IDLE awp=false se=false i=true al=0},r=3,c=false/false,a=HANDLING,uri=//localhost:35372/FileServlet/htmltests/xml-test.xml,age=8}
[DEBUG] unhandle HttpChannelState@365987cf{s=HANDLING rs=BLOCKING os=COMMITTED is=IDLE awp=false se=false i=true al=0}
[DEBUG] nextAction(false) COMPLETE HttpChannelState@365987cf{s=HANDLING rs=COMPLETING os=COMMITTED is=IDLE awp=false se=false i=false al=0}
[DEBUG] action COMPLETE HttpChannelOverHttp@b9cf227{s=HttpChannelState@365987cf{s=HANDLING rs=COMPLETING os=COMMITTED is=IDLE awp=false se=false i=false al=0},r=3,c=false/false,a=HANDLING,uri=//localhost:35372/FileServlet/htmltests/xml-test.xml,age=8}
[DEBUG] complete(org.eclipse.jetty.util.Callback$3@7c2c765e) s=CLOSING,api=BLOCKED,sc=false,e=null s=false e=null, c=HeapByteBuffer@13dae45a[p=0,l=0,c=0,r=0]={<<<>>>}
[DEBUG] sendResponse info=null content=HeapByteBuffer@13dae45a[p=0,l=0,c=0,r=0]={<<<>>>} complete=true committing=false callback=org.eclipse.jetty.server.HttpOutput$WriteCompleteCB@3ffa3396
[DEBUG] generate: CONTINUE for SendCallback@5755ce19[PROCESSING][i=null,cb=org.eclipse.jetty.server.HttpChannel$SendCallback@ce948fb] (null,[p=0,l=0,c=0,r=0],true)@COMPLETING
[DEBUG] generate: NEED_CHUNK for SendCallback@5755ce19[PROCESSING][i=null,cb=org.eclipse.jetty.server.HttpChannel$SendCallback@ce948fb] (null,[p=0,l=0,c=0,r=0],true)@COMPLETING
[DEBUG] generate: FLUSH for SendCallback@5755ce19[PROCESSING][i=null,cb=org.eclipse.jetty.server.HttpChannel$SendCallback@ce948fb] (null,[p=0,l=0,c=0,r=0],true)@COMPLETING
[DEBUG] write: WriteFlusher@2aa8ba10{IDLE}->null [HeapByteBuffer@54b3104a[p=0,l=7,c=1024,r=7]={<<<\r\n0\r\n\r\n>>>\n\x00\x00\x00\x00\x00\x00\x00\x00...\x00\x00\x00\x00\x00\x00\x00}]
[DEBUG] update WriteFlusher@2aa8ba10{WRITING}->null:IDLE-->WRITING
]]></system-out>
  </testcase>
  <testcase name="testPathScopedCookiesOnRedirect" classname="org.jsoup.integration.SessionTest" time="0.28">
    <system-out><![CDATA[[DEBUG] flushed 7 SocketChannelEndPoint@6269d16{l=/127.0.0.1:35372,r=/127.0.0.1:60200,OPEN,fill=-,flush=W,to=5/30000}{io=0/0,kio=0,kro=1}->HttpConnection@208a985[p=HttpParser{s=CONTENT,0 of -1},g=HttpGenerator@5c958b0c{s=COMPLETING}]=>HttpChannelOverHttp@b9cf227{s=HttpChannelState@365987cf{s=HANDLING rs=COMPLETING os=COMMITTED is=IDLE awp=false se=false i=false al=0},r=3,c=false/false,a=HANDLING,uri=//localhost:35372/FileServlet/htmltests/xml-test.xml,age=13}
[DEBUG] Flushed=true written=7 remaining=0 WriteFlusher@2aa8ba10{WRITING}->null
[DEBUG] update WriteFlusher@2aa8ba10{IDLE}->null:WRITING-->IDLE
[DEBUG] generate: DONE for SendCallback@5755ce19[PROCESSING][i=null,cb=org.eclipse.jetty.server.HttpChannel$SendCallback@ce948fb] (null,[p=0,l=0,c=0,r=0],true)@END
[DEBUG] onWriteComplete(true,null) s=CLOSING,api=BLOCKED,sc=false,e=null->s=CLOSED,api=BLOCKING,sc=false,e=null c=null cb=org.eclipse.jetty.util.Callback$3@7c2c765e w=false
[DEBUG] completed HttpChannelState@365987cf{s=HANDLING rs=COMPLETING os=COMPLETED is=IDLE awp=false se=false i=false al=0}
[DEBUG] unhandle HttpChannelState@365987cf{s=HANDLING rs=COMPLETED os=COMPLETED is=IDLE awp=false se=false i=false al=0}
[DEBUG] nextAction(false) TERMINATED HttpChannelState@365987cf{s=IDLE rs=COMPLETED os=COMPLETED is=IDLE awp=false se=false i=false al=0}
[DEBUG] action TERMINATED HttpChannelOverHttp@b9cf227{s=HttpChannelState@365987cf{s=IDLE rs=COMPLETED os=COMPLETED is=IDLE awp=false se=false i=false al=0},r=3,c=true/true,a=IDLE,uri=//localhost:35372/FileServlet/htmltests/xml-test.xml,age=13}
[DEBUG] onCompleted for /FileServlet/htmltests/xml-test.xml written=45
[DEBUG] filled 354 HeapByteBuffer@460916c[p=0,l=354,c=8192,r=354]={<<<GET /CookieServlet?loc=ht...nection: keep-alive\r\n\r\n>>>\r\n\r\n{key:...\x00\x00\x00\x00\x00\x00\x00}
[DEBUG] HttpConnection@208a985::SocketChannelEndPoint@6269d16{l=/127.0.0.1:35372,r=/127.0.0.1:60200,OPEN,fill=-,flush=-,to=0/30000}{io=0/0,kio=0,kro=1}->HttpConnection@208a985[p=HttpParser{s=CONTENT,0 of -1},g=HttpGenerator@5c958b0c{s=END}]=>HttpChannelOverHttp@b9cf227{s=HttpChannelState@365987cf{s=IDLE rs=COMPLETED os=COMPLETED is=IDLE awp=false se=false i=false al=0},r=3,c=true/true,a=IDLE,uri=//localhost:35372/FileServlet/htmltests/xml-test.xml,age=13} filled 354 HeapByteBuffer@460916c[p=0,l=354,c=8192,r=354]={<<<GET /CookieServlet?loc=ht...nection: keep-alive\r\n\r\n>>>\r\n\r\n{key:...\x00\x00\x00\x00\x00\x00\x00}
[DEBUG] HttpConnection@208a985::SocketChannelEndPoint@6269d16{l=/127.0.0.1:35372,r=/127.0.0.1:60200,OPEN,fill=-,flush=-,to=0/30000}{io=0/0,kio=0,kro=1}->HttpConnection@208a985[p=HttpParser{s=CONTENT,0 of -1},g=HttpGenerator@5c958b0c{s=END}]=>HttpChannelOverHttp@b9cf227{s=HttpChannelState@365987cf{s=IDLE rs=COMPLETED os=COMPLETED is=IDLE awp=false se=false i=false al=0},r=3,c=true/true,a=IDLE,uri=//localhost:35372/FileServlet/htmltests/xml-test.xml,age=13} parse HeapByteBuffer@460916c[p=0,l=354,c=8192,r=354]={<<<GET /CookieServlet?loc=ht...nection: keep-alive\r\n\r\n>>>\r\n\r\n{key:...\x00\x00\x00\x00\x00\x00\x00} {}
[DEBUG] parseNext s=CONTENT HeapByteBuffer@460916c[p=0,l=354,c=8192,r=354]={<<<GET /CookieServlet?loc=ht...nection: keep-alive\r\n\r\n>>>\r\n\r\n{key:...\x00\x00\x00\x00\x00\x00\x00}
[DEBUG] CONTENT --> CONTENT_END
[DEBUG] onContentComplete HttpChannelOverHttp@b9cf227{s=HttpChannelState@365987cf{s=IDLE rs=COMPLETED os=COMPLETED is=IDLE awp=false se=false i=false al=0},r=3,c=true/true,a=IDLE,uri=//localhost:35372/FileServlet/htmltests/xml-test.xml,age=13}
[DEBUG] CONTENT_END --> END
[DEBUG] onRequestComplete HttpChannelOverHttp@b9cf227{s=HttpChannelState@365987cf{s=IDLE rs=COMPLETED os=COMPLETED is=IDLE awp=false se=false i=false al=0},r=3,c=true/true,a=IDLE,uri=//localhost:35372/FileServlet/htmltests/xml-test.xml,age=13}
[DEBUG] HttpInputOverHTTP@35a18e85[c=0,q=0,[0]=null,s=STREAM] addContent EOF
[DEBUG] HttpConnection@208a985::SocketChannelEndPoint@6269d16{l=/127.0.0.1:35372,r=/127.0.0.1:60200,OPEN,fill=-,flush=-,to=0/30000}{io=0/0,kio=0,kro=1}->HttpConnection@208a985[p=HttpParser{s=END,0 of -1},g=HttpGenerator@5c958b0c{s=END}]=>HttpChannelOverHttp@b9cf227{s=HttpChannelState@365987cf{s=IDLE rs=COMPLETED os=COMPLETED is=IDLE awp=false se=false i=false al=0},r=3,c=true/true,a=IDLE,uri=//localhost:35372/FileServlet/htmltests/xml-test.xml,age=13} parsed false HttpParser{s=END,0 of -1}
[DEBUG] recycle HttpChannelState@365987cf{s=IDLE rs=COMPLETED os=COMPLETED is=IDLE awp=false se=false i=false al=0}
[DEBUG] reset HttpParser{s=END,0 of -1}
[DEBUG] END --> START
[DEBUG] !handle TERMINATED HttpChannelOverHttp@b9cf227{s=HttpChannelState@365987cf{s=IDLE rs=BLOCKING os=OPEN is=IDLE awp=false se=false i=true al=0},r=3,c=false/false,a=IDLE,uri=null,age=0}
[DEBUG] HttpConnection@208a985::SocketChannelEndPoint@6269d16{l=/127.0.0.1:35372,r=/127.0.0.1:60200,OPEN,fill=-,flush=-,to=0/30000}{io=0/0,kio=0,kro=1}->HttpConnection@208a985[p=HttpParser{s=START,0 of -1},g=HttpGenerator@5c958b0c{s=START}]=>HttpChannelOverHttp@b9cf227{s=HttpChannelState@365987cf{s=IDLE rs=BLOCKING os=OPEN is=IDLE awp=false se=false i=true al=0},r=3,c=false/false,a=IDLE,uri=null,age=0} parse HeapByteBuffer@460916c[p=0,l=354,c=8192,r=354]={<<<GET /CookieServlet?loc=ht...nection: keep-alive\r\n\r\n>>>\r\n\r\n{key:...\x00\x00\x00\x00\x00\x00\x00} {}
[DEBUG] parseNext s=START HeapByteBuffer@460916c[p=0,l=354,c=8192,r=354]={<<<GET /CookieServlet?loc=ht...nection: keep-alive\r\n\r\n>>>\r\n\r\n{key:...\x00\x00\x00\x00\x00\x00\x00}
[DEBUG] START --> SPACE1
[DEBUG] SPACE1 --> URI
[DEBUG] URI --> SPACE2
[DEBUG] SPACE2 --> REQUEST_VERSION
[DEBUG] REQUEST_VERSION --> HEADER
[DEBUG] HEADER:Accept-Encoding: gzip --> IN_VALUE
[DEBUG] HEADER:Accept-Encoding: gzip --> FIELD
[DEBUG] HEADER:User-Agent: Mozilla/5.0 (Windows NT 10.0; Win64; x64) AppleWebKit/537.36 (KHTML, like Gecko) Chrome/79.0.3945.130 Safari/537.36 --> IN_VALUE
[DEBUG] HEADER:User-Agent: Mozilla/5.0 (Windows NT 10.0; Win64; x64) AppleWebKit/537.36 (KHTML, like Gecko) Chrome/79.0.3945.130 Safari/537.36 --> FIELD
[DEBUG] HEADER:Host: localhost:35372 --> IN_VALUE
[DEBUG] HEADER:Host: localhost:35372 --> FIELD
[DEBUG] HEADER:Accept: text/html, image/gif, image/jpeg, *; q=.2, */*; q=.2 --> IN_VALUE
[DEBUG] HEADER:Accept: text/html, image/gif, image/jpeg, *; q=.2, */*; q=.2 --> FIELD
[DEBUG] HEADER:Connection: keep-alive --> IN_VALUE
[DEBUG] HEADER:Connection: keep-alive --> FIELD
[DEBUG] HEADER --> CONTENT
[DEBUG] REQUEST for //localhost:35372/CookieServlet?loc=http%3A%2F%2Flocalhost%3A35372%2FEchoServlet&setCookies=1 on HttpChannelOverHttp@b9cf227{s=HttpChannelState@365987cf{s=IDLE rs=BLOCKING os=OPEN is=IDLE awp=false se=false i=true al=0},r=4,c=false/false,a=IDLE,uri=//localhost:35372/CookieServlet?loc=http%3A%2F%2Flocalhost%3A35372%2FEchoServlet&setCookies=1,age=0}
GET //localhost:35372/CookieServlet?loc=http%3A%2F%2Flocalhost%3A35372%2FEchoServlet&setCookies=1 HTTP/1.1
Accept-Encoding: gzip
User-Agent: Mozilla/5.0 (Windows NT 10.0; Win64; x64) AppleWebKit/537.36 (KHTML, like Gecko) Chrome/79.0.3945.130 Safari/537.36
Host: localhost:35372
Accept: text/html, image/gif, image/jpeg, *; q=.2, */*; q=.2
Connection: keep-alive


[DEBUG] HttpConnection@208a985::SocketChannelEndPoint@6269d16{l=/127.0.0.1:35372,r=/127.0.0.1:60200,OPEN,fill=-,flush=-,to=2/30000}{io=0/0,kio=0,kro=1}->HttpConnection@208a985[p=HttpParser{s=CONTENT,0 of -1},g=HttpGenerator@5c958b0c{s=START}]=>HttpChannelOverHttp@b9cf227{s=HttpChannelState@365987cf{s=IDLE rs=BLOCKING os=OPEN is=IDLE awp=false se=false i=true al=0},r=4,c=false/false,a=IDLE,uri=//localhost:35372/CookieServlet?loc=http%3A%2F%2Flocalhost%3A35372%2FEchoServlet&setCookies=1,age=2} parsed true HttpParser{s=CONTENT,0 of -1}
[DEBUG] releaseRequestBuffer HttpConnection@208a985::SocketChannelEndPoint@6269d16{l=/127.0.0.1:35372,r=/127.0.0.1:60200,OPEN,fill=-,flush=-,to=2/30000}{io=0/0,kio=0,kro=1}->HttpConnection@208a985[p=HttpParser{s=CONTENT,0 of -1},g=HttpGenerator@5c958b0c{s=START}]=>HttpChannelOverHttp@b9cf227{s=HttpChannelState@365987cf{s=IDLE rs=BLOCKING os=OPEN is=IDLE awp=false se=false i=true al=0},r=4,c=false/false,a=IDLE,uri=//localhost:35372/CookieServlet?loc=http%3A%2F%2Flocalhost%3A35372%2FEchoServlet&setCookies=1,age=2}
[DEBUG] handle //localhost:35372/CookieServlet?loc=http%3A%2F%2Flocalhost%3A35372%2FEchoServlet&setCookies=1 HttpChannelOverHttp@b9cf227{s=HttpChannelState@365987cf{s=IDLE rs=BLOCKING os=OPEN is=IDLE awp=false se=false i=true al=0},r=4,c=false/false,a=IDLE,uri=//localhost:35372/CookieServlet?loc=http%3A%2F%2Flocalhost%3A35372%2FEchoServlet&setCookies=1,age=2} 
[DEBUG] handling HttpChannelState@365987cf{s=IDLE rs=BLOCKING os=OPEN is=IDLE awp=false se=false i=true al=0}
[DEBUG] action DISPATCH HttpChannelOverHttp@b9cf227{s=HttpChannelState@365987cf{s=HANDLING rs=BLOCKING os=OPEN is=IDLE awp=false se=false i=true al=0},r=4,c=false/false,a=HANDLING,uri=//localhost:35372/CookieServlet?loc=http%3A%2F%2Flocalhost%3A35372%2FEchoServlet&setCookies=1,age=2}
[DEBUG] REQUEST GET /CookieServlet on HttpChannelOverHttp@b9cf227{s=HttpChannelState@365987cf{s=HANDLING rs=BLOCKING os=OPEN is=IDLE awp=false se=false i=true al=0},r=4,c=false/false,a=HANDLING,uri=//localhost:35372/CookieServlet?loc=http%3A%2F%2Flocalhost%3A35372%2FEchoServlet&setCookies=1,age=2}
[DEBUG] servlet null|/CookieServlet|null -> org.jsoup.integration.servlets.CookieServlet-22b53226==org.jsoup.integration.servlets.CookieServlet@50417851{jsp=null,order=-1,inst=true,async=true,src=EMBEDDED:null,STARTED}
[DEBUG] chain=null
[DEBUG] close() s=CLOSING,api=BLOCKED,sc=false,e=null c=HeapByteBuffer@13dae45a[p=0,l=0,c=0,r=0]={<<<>>>} b=Blocker@4afdb61a{null}
[DEBUG] sendResponse info=null content=HeapByteBuffer@13dae45a[p=0,l=0,c=0,r=0]={<<<>>>} complete=true committing=true callback=Blocker@4afdb61a{null}
[DEBUG] COMMIT for /CookieServlet on HttpChannelOverHttp@b9cf227{s=HttpChannelState@365987cf{s=HANDLING rs=BLOCKING os=COMMITTED is=IDLE awp=false se=false i=true al=0},r=4,c=false/false,a=HANDLING,uri=//localhost:35372/CookieServlet?loc=http%3A%2F%2Flocalhost%3A35372%2FEchoServlet&setCookies=1,age=4}
302 null HTTP/1.1
Date: Tue, 28 Sep 2021 06:03:38 GMT
Set-Cookie: One=Root; Path=/
Expires: Thu, 01 Jan 1970 00:00:00 GMT
Set-Cookie: One=CookieServlet; Path=/CookieServlet; HttpOnly
Set-Cookie: One=EchoServlet; Path=/EchoServlet
Location: http://localhost:35372/EchoServlet


[DEBUG] generate: NEED_HEADER for SendCallback@5755ce19[PROCESSING][i=HTTP/1.1{s=302,h=6,cl=-1},cb=org.eclipse.jetty.server.HttpChannel$SendCallback@277be4a5] (null,[p=0,l=0,c=0,r=0],true)@START
[DEBUG] generateHeaders HTTP/1.1{s=302,h=6,cl=-1} last=true content=HeapByteBuffer@13dae45a[p=0,l=0,c=0,r=0]={<<<>>>}
[DEBUG] Date: Tue, 28 Sep 2021 06:03:38 GMT
Set-Cookie: One=Root; Path=/
Expires: Thu, 01 Jan 1970 00:00:00 GMT
Set-Cookie: One=CookieServlet; Path=/CookieServlet; HttpOnly
Set-Cookie: One=EchoServlet; Path=/EchoServlet
Location: http://localhost:35372/EchoServlet


[DEBUG] CONTENT_LENGTH
[DEBUG] generate: FLUSH for SendCallback@5755ce19[PROCESSING][i=HTTP/1.1{s=302,h=6,cl=-1},cb=org.eclipse.jetty.server.HttpChannel$SendCallback@277be4a5] ([p=0,l=337,c=8192,r=337],[p=0,l=0,c=0,r=0],true)@COMPLETING
[DEBUG] write: WriteFlusher@2aa8ba10{IDLE}->null [HeapByteBuffer@1ef04a69[p=0,l=337,c=8192,r=337]={<<<HTTP/1.1 302 Found\r\nDate:...y(9.4.43.v20210629)\r\n\r\n>>> q=.2, */...\xCe\x1f\xAf\xC2\x8d\xCey}]
[DEBUG] update WriteFlusher@2aa8ba10{WRITING}->null:IDLE-->WRITING
[DEBUG] flushed 337 SocketChannelEndPoint@6269d16{l=/127.0.0.1:35372,r=/127.0.0.1:60200,OPEN,fill=-,flush=W,to=16/30000}{io=0/0,kio=0,kro=1}->HttpConnection@208a985[p=HttpParser{s=CONTENT,0 of -1},g=HttpGenerator@5c958b0c{s=COMPLETING}]=>HttpChannelOverHttp@b9cf227{s=HttpChannelState@365987cf{s=HANDLING rs=BLOCKING os=COMMITTED is=IDLE awp=false se=false i=true al=0},r=4,c=false/false,a=HANDLING,uri=//localhost:35372/CookieServlet?loc=http%3A%2F%2Flocalhost%3A35372%2FEchoServlet&setCookies=1,age=16}
[DEBUG] Flushed=true written=337 remaining=0 WriteFlusher@2aa8ba10{WRITING}->null
[DEBUG] update WriteFlusher@2aa8ba10{IDLE}->null:WRITING-->IDLE
[DEBUG] generate: DONE for SendCallback@5755ce19[PROCESSING][i=HTTP/1.1{s=302,h=6,cl=-1},cb=org.eclipse.jetty.server.HttpChannel$SendCallback@277be4a5] ([p=337,l=337,c=8192,r=0],[p=0,l=0,c=0,r=0],true)@END
[DEBUG] onWriteComplete(true,null) s=CLOSING,api=BLOCKED,sc=false,e=null->s=CLOSED,api=BLOCKING,sc=false,e=null c=null cb=null w=false
[DEBUG] handled=true async=false committed=true on HttpChannelOverHttp@b9cf227{s=HttpChannelState@365987cf{s=HANDLING rs=BLOCKING os=COMPLETED is=IDLE awp=false se=false i=true al=0},r=4,c=false/true,a=HANDLING,uri=//localhost:35372/CookieServlet?loc=http%3A%2F%2Flocalhost%3A35372%2FEchoServlet&setCookies=1,age=16}
[DEBUG] unhandle HttpChannelState@365987cf{s=HANDLING rs=BLOCKING os=COMPLETED is=IDLE awp=false se=false i=true al=0}
[DEBUG] nextAction(false) COMPLETE HttpChannelState@365987cf{s=HANDLING rs=COMPLETING os=COMPLETED is=IDLE awp=false se=false i=false al=0}
[DEBUG] action COMPLETE HttpChannelOverHttp@b9cf227{s=HttpChannelState@365987cf{s=HANDLING rs=COMPLETING os=COMPLETED is=IDLE awp=false se=false i=false al=0},r=4,c=false/true,a=HANDLING,uri=//localhost:35372/CookieServlet?loc=http%3A%2F%2Flocalhost%3A35372%2FEchoServlet&setCookies=1,age=16}
[DEBUG] complete(org.eclipse.jetty.util.Callback$3@6113de21) s=CLOSED,api=BLOCKING,sc=false,e=null s=true e=null, c=null
[DEBUG] completed HttpChannelState@365987cf{s=HANDLING rs=COMPLETING os=COMPLETED is=IDLE awp=false se=false i=false al=0}
[DEBUG] unhandle HttpChannelState@365987cf{s=HANDLING rs=COMPLETED os=COMPLETED is=IDLE awp=false se=false i=false al=0}
[DEBUG] nextAction(false) TERMINATED HttpChannelState@365987cf{s=IDLE rs=COMPLETED os=COMPLETED is=IDLE awp=false se=false i=false al=0}
[DEBUG] action TERMINATED HttpChannelOverHttp@b9cf227{s=HttpChannelState@365987cf{s=IDLE rs=COMPLETED os=COMPLETED is=IDLE awp=false se=false i=false al=0},r=4,c=true/true,a=IDLE,uri=//localhost:35372/CookieServlet?loc=http%3A%2F%2Flocalhost%3A35372%2FEchoServlet&setCookies=1,age=16}
[DEBUG] onCompleted for /CookieServlet written=0
[DEBUG] filled 325 HeapByteBuffer@2a66826a[p=0,l=325,c=8192,r=325]={<<<GET /EchoServlet HTTP/1.1...nection: keep-alive\r\n\r\n>>>iH!\x00\xE1\xE8/\x9d)...\x86&h\xA0{\xC1\xC2}
[DEBUG] HttpConnection@208a985::SocketChannelEndPoint@6269d16{l=/127.0.0.1:35372,r=/127.0.0.1:60200,OPEN,fill=-,flush=-,to=0/30000}{io=0/0,kio=0,kro=1}->HttpConnection@208a985[p=HttpParser{s=CONTENT,0 of -1},g=HttpGenerator@5c958b0c{s=END}]=>HttpChannelOverHttp@b9cf227{s=HttpChannelState@365987cf{s=IDLE rs=COMPLETED os=COMPLETED is=IDLE awp=false se=false i=false al=0},r=4,c=true/true,a=IDLE,uri=//localhost:35372/CookieServlet?loc=http%3A%2F%2Flocalhost%3A35372%2FEchoServlet&setCookies=1,age=17} filled 325 HeapByteBuffer@2a66826a[p=0,l=325,c=8192,r=325]={<<<GET /EchoServlet HTTP/1.1...nection: keep-alive\r\n\r\n>>>iH!\x00\xE1\xE8/\x9d)...\x86&h\xA0{\xC1\xC2}
[DEBUG] HttpConnection@208a985::SocketChannelEndPoint@6269d16{l=/127.0.0.1:35372,r=/127.0.0.1:60200,OPEN,fill=-,flush=-,to=0/30000}{io=0/0,kio=0,kro=1}->HttpConnection@208a985[p=HttpParser{s=CONTENT,0 of -1},g=HttpGenerator@5c958b0c{s=END}]=>HttpChannelOverHttp@b9cf227{s=HttpChannelState@365987cf{s=IDLE rs=COMPLETED os=COMPLETED is=IDLE awp=false se=false i=false al=0},r=4,c=true/true,a=IDLE,uri=//localhost:35372/CookieServlet?loc=http%3A%2F%2Flocalhost%3A35372%2FEchoServlet&setCookies=1,age=17} parse HeapByteBuffer@2a66826a[p=0,l=325,c=8192,r=325]={<<<GET /EchoServlet HTTP/1.1...nection: keep-alive\r\n\r\n>>>iH!\x00\xE1\xE8/\x9d)...\x86&h\xA0{\xC1\xC2} {}
[DEBUG] parseNext s=CONTENT HeapByteBuffer@2a66826a[p=0,l=325,c=8192,r=325]={<<<GET /EchoServlet HTTP/1.1...nection: keep-alive\r\n\r\n>>>iH!\x00\xE1\xE8/\x9d)...\x86&h\xA0{\xC1\xC2}
[DEBUG] CONTENT --> CONTENT_END
[DEBUG] onContentComplete HttpChannelOverHttp@b9cf227{s=HttpChannelState@365987cf{s=IDLE rs=COMPLETED os=COMPLETED is=IDLE awp=false se=false i=false al=0},r=4,c=true/true,a=IDLE,uri=//localhost:35372/CookieServlet?loc=http%3A%2F%2Flocalhost%3A35372%2FEchoServlet&setCookies=1,age=194}
[DEBUG] CONTENT_END --> END
[DEBUG] onRequestComplete HttpChannelOverHttp@b9cf227{s=HttpChannelState@365987cf{s=IDLE rs=COMPLETED os=COMPLETED is=IDLE awp=false se=false i=false al=0},r=4,c=true/true,a=IDLE,uri=//localhost:35372/CookieServlet?loc=http%3A%2F%2Flocalhost%3A35372%2FEchoServlet&setCookies=1,age=194}
[DEBUG] HttpInputOverHTTP@35a18e85[c=0,q=0,[0]=null,s=STREAM] addContent EOF
[DEBUG] HttpConnection@208a985::SocketChannelEndPoint@6269d16{l=/127.0.0.1:35372,r=/127.0.0.1:60200,OPEN,fill=-,flush=-,to=177/30000}{io=0/0,kio=0,kro=1}->HttpConnection@208a985[p=HttpParser{s=END,0 of -1},g=HttpGenerator@5c958b0c{s=END}]=>HttpChannelOverHttp@b9cf227{s=HttpChannelState@365987cf{s=IDLE rs=COMPLETED os=COMPLETED is=IDLE awp=false se=false i=false al=0},r=4,c=true/true,a=IDLE,uri=//localhost:35372/CookieServlet?loc=http%3A%2F%2Flocalhost%3A35372%2FEchoServlet&setCookies=1,age=194} parsed false HttpParser{s=END,0 of -1}
[DEBUG] recycle HttpChannelState@365987cf{s=IDLE rs=COMPLETED os=COMPLETED is=IDLE awp=false se=false i=false al=0}
[DEBUG] reset HttpParser{s=END,0 of -1}
[DEBUG] END --> START
[DEBUG] !handle TERMINATED HttpChannelOverHttp@b9cf227{s=HttpChannelState@365987cf{s=IDLE rs=BLOCKING os=OPEN is=IDLE awp=false se=false i=true al=0},r=4,c=false/false,a=IDLE,uri=null,age=0}
[DEBUG] HttpConnection@208a985::SocketChannelEndPoint@6269d16{l=/127.0.0.1:35372,r=/127.0.0.1:60200,OPEN,fill=-,flush=-,to=177/30000}{io=0/0,kio=0,kro=1}->HttpConnection@208a985[p=HttpParser{s=START,0 of -1},g=HttpGenerator@5c958b0c{s=START}]=>HttpChannelOverHttp@b9cf227{s=HttpChannelState@365987cf{s=IDLE rs=BLOCKING os=OPEN is=IDLE awp=false se=false i=true al=0},r=4,c=false/false,a=IDLE,uri=null,age=0} parse HeapByteBuffer@2a66826a[p=0,l=325,c=8192,r=325]={<<<GET /EchoServlet HTTP/1.1...nection: keep-alive\r\n\r\n>>>iH!\x00\xE1\xE8/\x9d)...\x86&h\xA0{\xC1\xC2} {}
[DEBUG] parseNext s=START HeapByteBuffer@2a66826a[p=0,l=325,c=8192,r=325]={<<<GET /EchoServlet HTTP/1.1...nection: keep-alive\r\n\r\n>>>iH!\x00\xE1\xE8/\x9d)...\x86&h\xA0{\xC1\xC2}
[DEBUG] START --> SPACE1
[DEBUG] SPACE1 --> URI
[DEBUG] URI --> SPACE2
[DEBUG] SPACE2 --> REQUEST_VERSION
[DEBUG] REQUEST_VERSION --> HEADER
[DEBUG] HEADER:Cookie --> VALUE
[DEBUG] HEADER:Cookie --> IN_VALUE
[DEBUG] HEADER:Cookie --> FIELD
[DEBUG] HEADER:Accept-Encoding: gzip --> IN_VALUE
[DEBUG] HEADER:Accept-Encoding: gzip --> FIELD
[DEBUG] HEADER:User-Agent: Mozilla/5.0 (Windows NT 10.0; Win64; x64) AppleWebKit/537.36 (KHTML, like Gecko) Chrome/79.0.3945.130 Safari/537.36 --> IN_VALUE
[DEBUG] HEADER:User-Agent: Mozilla/5.0 (Windows NT 10.0; Win64; x64) AppleWebKit/537.36 (KHTML, like Gecko) Chrome/79.0.3945.130 Safari/537.36 --> FIELD
[DEBUG] HEADER:Host: localhost:35372 --> IN_VALUE
[DEBUG] HEADER:Host: localhost:35372 --> FIELD
[DEBUG] HEADER:Accept: text/html, image/gif, image/jpeg, *; q=.2, */*; q=.2 --> IN_VALUE
[DEBUG] HEADER:Accept: text/html, image/gif, image/jpeg, *; q=.2, */*; q=.2 --> FIELD
[DEBUG] HEADER:Connection: keep-alive --> IN_VALUE
[DEBUG] HEADER:Connection: keep-alive --> FIELD
[DEBUG] HEADER --> CONTENT
[DEBUG] REQUEST for //localhost:35372/EchoServlet on HttpChannelOverHttp@b9cf227{s=HttpChannelState@365987cf{s=IDLE rs=BLOCKING os=OPEN is=IDLE awp=false se=false i=true al=0},r=5,c=false/false,a=IDLE,uri=//localhost:35372/EchoServlet,age=0}
GET //localhost:35372/EchoServlet HTTP/1.1
Cookie: One=EchoServlet; One=Root
Accept-Encoding: gzip
User-Agent: Mozilla/5.0 (Windows NT 10.0; Win64; x64) AppleWebKit/537.36 (KHTML, like Gecko) Chrome/79.0.3945.130 Safari/537.36
Host: localhost:35372
Accept: text/html, image/gif, image/jpeg, *; q=.2, */*; q=.2
Connection: keep-alive


[DEBUG] HttpConnection@208a985::SocketChannelEndPoint@6269d16{l=/127.0.0.1:35372,r=/127.0.0.1:60200,OPEN,fill=-,flush=-,to=178/30000}{io=0/0,kio=0,kro=1}->HttpConnection@208a985[p=HttpParser{s=CONTENT,0 of -1},g=HttpGenerator@5c958b0c{s=START}]=>HttpChannelOverHttp@b9cf227{s=HttpChannelState@365987cf{s=IDLE rs=BLOCKING os=OPEN is=IDLE awp=false se=false i=true al=0},r=5,c=false/false,a=IDLE,uri=//localhost:35372/EchoServlet,age=1} parsed true HttpParser{s=CONTENT,0 of -1}
[DEBUG] releaseRequestBuffer HttpConnection@208a985::SocketChannelEndPoint@6269d16{l=/127.0.0.1:35372,r=/127.0.0.1:60200,OPEN,fill=-,flush=-,to=178/30000}{io=0/0,kio=0,kro=1}->HttpConnection@208a985[p=HttpParser{s=CONTENT,0 of -1},g=HttpGenerator@5c958b0c{s=START}]=>HttpChannelOverHttp@b9cf227{s=HttpChannelState@365987cf{s=IDLE rs=BLOCKING os=OPEN is=IDLE awp=false se=false i=true al=0},r=5,c=false/false,a=IDLE,uri=//localhost:35372/EchoServlet,age=1}
[DEBUG] handle //localhost:35372/EchoServlet HttpChannelOverHttp@b9cf227{s=HttpChannelState@365987cf{s=IDLE rs=BLOCKING os=OPEN is=IDLE awp=false se=false i=true al=0},r=5,c=false/false,a=IDLE,uri=//localhost:35372/EchoServlet,age=1} 
[DEBUG] handling HttpChannelState@365987cf{s=IDLE rs=BLOCKING os=OPEN is=IDLE awp=false se=false i=true al=0}
[DEBUG] action DISPATCH HttpChannelOverHttp@b9cf227{s=HttpChannelState@365987cf{s=HANDLING rs=BLOCKING os=OPEN is=IDLE awp=false se=false i=true al=0},r=5,c=false/false,a=HANDLING,uri=//localhost:35372/EchoServlet,age=1}
[DEBUG] REQUEST GET /EchoServlet on HttpChannelOverHttp@b9cf227{s=HttpChannelState@365987cf{s=HANDLING rs=BLOCKING os=OPEN is=IDLE awp=false se=false i=true al=0},r=5,c=false/false,a=HANDLING,uri=//localhost:35372/EchoServlet,age=1}
[DEBUG] servlet null|/EchoServlet|null -> org.jsoup.integration.servlets.EchoServlet-60d1a32f==org.jsoup.integration.servlets.EchoServlet@1f7ecb09{jsp=null,order=-1,inst=true,async=true,src=EMBEDDED:null,STARTED}
[DEBUG] chain=null
[DEBUG] write(array HeapByteBuffer@27f3be41[p=0,l=235,c=512,r=235]={<<<<title>Webserver Environm...\n    <table border="0">>>>\x00\x00\x00\x00\x00\x00\x00\x00\x00...\x00\x00\x00\x00\x00\x00\x00})
[DEBUG] write(array) s=OPEN,api=BLOCKING,sc=false,e=null aggregated !flush DirectByteBuffer@7c27fa39[p=0,l=235,c=32768,r=235]={<<<<title>Webserver Environm...\n    <table border="0">>>><tr><th>M...gue. Pr}
[DEBUG] write(array HeapByteBuffer@7695f559[p=0,l=36,c=512,r=36]={<<<<tr><th>Method</th><td>GET</td></tr>>>>es</title...\x00\x00\x00\x00\x00\x00\x00})
[DEBUG] write(array) s=OPEN,api=BLOCKING,sc=false,e=null aggregated !flush DirectByteBuffer@7c27fa39[p=0,l=271,c=32768,r=271]={<<<<title>Webserver Environm...d</th><td>GET</td></tr>>>>\n<tr><th>...gue. Pr}
[DEBUG] write(array HeapByteBuffer@e3379e2[p=0,l=1,c=512,r=1]={<<<\n>>>tr><th>Me...\x00\x00\x00\x00\x00\x00\x00})
[DEBUG] write(array) s=OPEN,api=BLOCKING,sc=false,e=null aggregated !flush DirectByteBuffer@7c27fa39[p=0,l=272,c=32768,r=272]={<<<<title>Webserver Environm...</th><td>GET</td></tr>\n>>><tr><th>R...gue. Pr}
[DEBUG] write(array HeapByteBuffer@71ae4cd3[p=0,l=50,c=512,r=50]={<<<<tr><th>Request URI</th><...>/EchoServlet</td></tr>>>> <style t...\x00\x00\x00\x00\x00\x00\x00})
[DEBUG] write(array) s=OPEN,api=BLOCKING,sc=false,e=null aggregated !flush DirectByteBuffer@7c27fa39[p=0,l=322,c=32768,r=322]={<<<<title>Webserver Environm...>/EchoServlet</td></tr>>>>\n<tr><th>...gue. Pr}
[DEBUG] write(array HeapByteBuffer@4b95f511[p=0,l=1,c=512,r=1]={<<<\n>>>tr><th>Re...\x00\x00\x00\x00\x00\x00\x00})
[DEBUG] write(array) s=OPEN,api=BLOCKING,sc=false,e=null aggregated !flush DirectByteBuffer@7c27fa39[p=0,l=323,c=32768,r=323]={<<<<title>Webserver Environm.../EchoServlet</td></tr>\n>>><tr><th>Q...gue. Pr}
[DEBUG] write(array HeapByteBuffer@12f3fe07[p=0,l=39,c=512,r=39]={<<<<tr><th>Query String</th><td></td></tr>>>>t</td></t...\x00\x00\x00\x00\x00\x00\x00})
[DEBUG] write(array) s=OPEN,api=BLOCKING,sc=false,e=null aggregated !flush DirectByteBuffer@7c27fa39[p=0,l=362,c=32768,r=362]={<<<<title>Webserver Environm...ring</th><td></td></tr>>>>\n<tr><th>...gue. Pr}
[DEBUG] write(array HeapByteBuffer@79a69d2[p=0,l=1,c=512,r=1]={<<<\n>>>tr><th>Qu...\x00\x00\x00\x00\x00\x00\x00})
[DEBUG] write(array) s=OPEN,api=BLOCKING,sc=false,e=null aggregated !flush DirectByteBuffer@7c27fa39[p=0,l=363,c=32768,r=363]={<<<<title>Webserver Environm...ing</th><td></td></tr>\n>>><tr><th>C...gue. Pr}
[DEBUG] write(array HeapByteBuffer@4516526[p=0,l=58,c=512,r=58]={<<<<tr><th>Cookie</th><td>On...let; One=Root</td></tr>>>>type="tex...\x00\x00\x00\x00\x00\x00\x00})
[DEBUG] write(array) s=OPEN,api=BLOCKING,sc=false,e=null aggregated !flush DirectByteBuffer@7c27fa39[p=0,l=421,c=32768,r=421]={<<<<title>Webserver Environm...let; One=Root</td></tr>>>>tr>\n<tr><...gue. Pr}
[DEBUG] write(array HeapByteBuffer@608835c0[p=0,l=1,c=512,r=1]={<<<\n>>>tr><th>Co...\x00\x00\x00\x00\x00\x00\x00})
[DEBUG] write(array) s=OPEN,api=BLOCKING,sc=false,e=null aggregated !flush DirectByteBuffer@7c27fa39[p=0,l=422,c=32768,r=422]={<<<<title>Webserver Environm...et; One=Root</td></tr>\n>>>r>\n<tr><t...gue. Pr}
[DEBUG] write(array HeapByteBuffer@6d06fc10[p=0,l=85,c=512,r=85]={<<<<tr><th>Accept</th><td>te....2, */*; q=.2</td></tr>>>>, td, th ...\x00\x00\x00\x00\x00\x00\x00})
[DEBUG] write(array) s=OPEN,api=BLOCKING,sc=false,e=null aggregated !flush DirectByteBuffer@7c27fa39[p=0,l=507,c=32768,r=507]={<<<<title>Webserver Environm....2, */*; q=.2</td></tr>>>>tr>\n<tr><...gue. Pr}
[DEBUG] write(array HeapByteBuffer@3986cc9b[p=0,l=1,c=512,r=1]={<<<\n>>>tr><th>Ac...\x00\x00\x00\x00\x00\x00\x00})
[DEBUG] write(array) s=OPEN,api=BLOCKING,sc=false,e=null aggregated !flush DirectByteBuffer@7c27fa39[p=0,l=508,c=32768,r=508]={<<<<title>Webserver Environm...2, */*; q=.2</td></tr>\n>>>r>\n<tr><t...gue. Pr}
[DEBUG] write(array HeapByteBuffer@36f1f6d8[p=0,l=152,c=512,r=152]={<<<<tr><th>User-Agent</th><t...Safari/537.36</td></tr>>>>      th ...\x00\x00\x00\x00\x00\x00\x00})
[DEBUG] write(array) s=OPEN,api=BLOCKING,sc=false,e=null aggregated !flush DirectByteBuffer@7c27fa39[p=0,l=660,c=32768,r=660]={<<<<title>Webserver Environm...Safari/537.36</td></tr>>>>tr>\n<tr><...gue. Pr}
[DEBUG] write(array HeapByteBuffer@17f6f3f3[p=0,l=1,c=512,r=1]={<<<\n>>>tr><th>Us...\x00\x00\x00\x00\x00\x00\x00})
[DEBUG] write(array) s=OPEN,api=BLOCKING,sc=false,e=null aggregated !flush DirectByteBuffer@7c27fa39[p=0,l=661,c=32768,r=661]={<<<<title>Webserver Environm...afari/537.36</td></tr>\n>>>r>\n<tr><t...gue. Pr}
[DEBUG] write(array HeapByteBuffer@4dca7b61[p=0,l=47,c=512,r=47]={<<<<tr><th>Connection</th><td>keep-alive</td></tr>>>> NT 10.0;...\x00\x00\x00\x00\x00\x00\x00})
[DEBUG] write(array) s=OPEN,api=BLOCKING,sc=false,e=null aggregated !flush DirectByteBuffer@7c27fa39[p=0,l=708,c=32768,r=708]={<<<<title>Webserver Environm...td>keep-alive</td></tr>>>>tr>\n<tr><...gue. Pr}
[DEBUG] write(array HeapByteBuffer@42a78457[p=0,l=1,c=512,r=1]={<<<\n>>>tr><th>Co...\x00\x00\x00\x00\x00\x00\x00})
[DEBUG] write(array) s=OPEN,api=BLOCKING,sc=false,e=null aggregated !flush DirectByteBuffer@7c27fa39[p=0,l=709,c=32768,r=709]={<<<<title>Webserver Environm...d>keep-alive</td></tr>\n>>>r>\n<tr><t...gue. Pr}
[DEBUG] write(array HeapByteBuffer@7bd9eded[p=0,l=46,c=512,r=46]={<<<<tr><th>Host</th><td>localhost:35372</td></tr>>>>> NT 10.0...\x00\x00\x00\x00\x00\x00\x00})
[DEBUG] write(array) s=OPEN,api=BLOCKING,sc=false,e=null aggregated !flush DirectByteBuffer@7c27fa39[p=0,l=755,c=32768,r=755]={<<<<title>Webserver Environm...calhost:35372</td></tr>>>>tr>\n<tr><...gue. Pr}
[DEBUG] write(array HeapByteBuffer@5b90f00e[p=0,l=1,c=512,r=1]={<<<\n>>>tr><th>Ho...\x00\x00\x00\x00\x00\x00\x00})
[DEBUG] write(array) s=OPEN,api=BLOCKING,sc=false,e=null aggregated !flush DirectByteBuffer@7c27fa39[p=0,l=756,c=32768,r=756]={<<<<title>Webserver Environm...alhost:35372</td></tr>\n>>>r>\n<tr><t...gue. Pr}
[DEBUG] write(array HeapByteBuffer@459f896e[p=0,l=46,c=512,r=46]={<<<<tr><th>Accept-Encoding</th><td>gzip</td></tr>>>>> NT 10.0...\x00\x00\x00\x00\x00\x00\x00})
[DEBUG] write(array) s=OPEN,api=BLOCKING,sc=false,e=null aggregated !flush DirectByteBuffer@7c27fa39[p=0,l=802,c=32768,r=802]={<<<<title>Webserver Environm...</th><td>gzip</td></tr>>>>tr>\n<tr><...gue. Pr}
[DEBUG] write(array HeapByteBuffer@3be428b6[p=0,l=1,c=512,r=1]={<<<\n>>>tr><th>Ac...\x00\x00\x00\x00\x00\x00\x00})
[DEBUG] write(array) s=OPEN,api=BLOCKING,sc=false,e=null aggregated !flush DirectByteBuffer@7c27fa39[p=0,l=803,c=32768,r=803]={<<<<title>Webserver Environm.../th><td>gzip</td></tr>\n>>>r>\n<tr><t...gue. Pr}
[DEBUG] write(array HeapByteBuffer@f661ca2[p=0,l=49,c=512,r=49]={<<<<tr><th>Cookie: One</th><...d>EchoServlet</td></tr>>>>T 10.0; W...\x00\x00\x00\x00\x00\x00\x00})
[DEBUG] write(array) s=OPEN,api=BLOCKING,sc=false,e=null aggregated !flush DirectByteBuffer@7c27fa39[p=0,l=852,c=32768,r=852]={<<<<title>Webserver Environm...d>EchoServlet</td></tr>>>>\n<tr><th>...gue. Pr}
[DEBUG] write(array HeapByteBuffer@532a8dc0[p=0,l=1,c=512,r=1]={<<<\n>>>tr><th>Co...\x00\x00\x00\x00\x00\x00\x00})
[DEBUG] write(array) s=OPEN,api=BLOCKING,sc=false,e=null aggregated !flush DirectByteBuffer@7c27fa39[p=0,l=853,c=32768,r=853]={<<<<title>Webserver Environm...>EchoServlet</td></tr>\n>>><tr><th>C...gue. Pr}
[DEBUG] write(array HeapByteBuffer@6ac7aa32[p=0,l=42,c=512,r=42]={<<<<tr><th>Cookie: One</th><td>Root</td></tr>>>>d></tr>T ...\x00\x00\x00\x00\x00\x00\x00})
[DEBUG] write(array) s=OPEN,api=BLOCKING,sc=false,e=null aggregated !flush DirectByteBuffer@7c27fa39[p=0,l=895,c=32768,r=895]={<<<<title>Webserver Environm...</th><td>Root</td></tr>>>>></tr>\n</...gue. Pr}
[DEBUG] write(array HeapByteBuffer@707c9e44[p=0,l=1,c=512,r=1]={<<<\n>>>tr><th>Co...\x00\x00\x00\x00\x00\x00\x00})
[DEBUG] write(array) s=OPEN,api=BLOCKING,sc=false,e=null aggregated !flush DirectByteBuffer@7c27fa39[p=0,l=896,c=32768,r=896]={<<<<title>Webserver Environm.../th><td>Root</td></tr>\n>>></tr>\n</t...gue. Pr}
[DEBUG] filled 0 HeapByteBuffer@460916c[p=0,l=0,c=8192,r=0]={<<<>>>GET /Cook...\x00\x00\x00\x00\x00\x00\x00}
[DEBUG] filled 0 HeapByteBuffer@460916c[p=0,l=0,c=8192,r=0]={<<<>>>GET /Cook...\x00\x00\x00\x00\x00\x00\x00}
[DEBUG] HttpConnection@208a985::SocketChannelEndPoint@6269d16{l=/127.0.0.1:35372,r=/127.0.0.1:60200,OPEN,fill=-,flush=-,to=179/30000}{io=0/0,kio=0,kro=1}->HttpConnection@208a985[p=HttpParser{s=CONTENT,0 of -1},g=HttpGenerator@5c958b0c{s=START}]=>HttpChannelOverHttp@b9cf227{s=HttpChannelState@365987cf{s=HANDLING rs=BLOCKING os=OPEN is=IDLE awp=false se=false i=true al=0},r=5,c=false/false,a=HANDLING,uri=//localhost:35372/EchoServlet,age=2} filled 0 HeapByteBuffer@460916c[p=0,l=0,c=8192,r=0]={<<<>>>GET /Cook...\x00\x00\x00\x00\x00\x00\x00}
[DEBUG] HttpConnection@208a985::SocketChannelEndPoint@6269d16{l=/127.0.0.1:35372,r=/127.0.0.1:60200,OPEN,fill=-,flush=-,to=179/30000}{io=0/0,kio=0,kro=1}->HttpConnection@208a985[p=HttpParser{s=CONTENT,0 of -1},g=HttpGenerator@5c958b0c{s=START}]=>HttpChannelOverHttp@b9cf227{s=HttpChannelState@365987cf{s=HANDLING rs=BLOCKING os=OPEN is=IDLE awp=false se=false i=true al=0},r=5,c=false/false,a=HANDLING,uri=//localhost:35372/EchoServlet,age=2} parse HeapByteBuffer@460916c[p=0,l=0,c=8192,r=0]={<<<>>>GET /Cook...\x00\x00\x00\x00\x00\x00\x00} {}
[DEBUG] parseNext s=CONTENT HeapByteBuffer@460916c[p=0,l=0,c=8192,r=0]={<<<>>>GET /Cook...\x00\x00\x00\x00\x00\x00\x00}
[DEBUG] CONTENT --> CONTENT_END
[DEBUG] onContentComplete HttpChannelOverHttp@b9cf227{s=HttpChannelState@365987cf{s=HANDLING rs=BLOCKING os=OPEN is=IDLE awp=false se=false i=true al=0},r=5,c=false/false,a=HANDLING,uri=//localhost:35372/EchoServlet,age=2}
[DEBUG] CONTENT_END --> END
[DEBUG] onRequestComplete HttpChannelOverHttp@b9cf227{s=HttpChannelState@365987cf{s=HANDLING rs=BLOCKING os=OPEN is=IDLE awp=false se=false i=true al=0},r=5,c=false/false,a=HANDLING,uri=//localhost:35372/EchoServlet,age=2}
[DEBUG] HttpInputOverHTTP@35a18e85[c=0,q=0,[0]=null,s=STREAM] addContent EOF
[DEBUG] HttpConnection@208a985::SocketChannelEndPoint@6269d16{l=/127.0.0.1:35372,r=/127.0.0.1:60200,OPEN,fill=-,flush=-,to=179/30000}{io=0/0,kio=0,kro=1}->HttpConnection@208a985[p=HttpParser{s=END,0 of -1},g=HttpGenerator@5c958b0c{s=START}]=>HttpChannelOverHttp@b9cf227{s=HttpChannelState@365987cf{s=HANDLING rs=BLOCKING os=OPEN is=IDLE awp=false se=false i=true al=0},r=5,c=false/false,a=HANDLING,uri=//localhost:35372/EchoServlet,age=2} parsed false HttpParser{s=END,0 of -1}
[DEBUG] releaseRequestBuffer HttpConnection@208a985::SocketChannelEndPoint@6269d16{l=/127.0.0.1:35372,r=/127.0.0.1:60200,OPEN,fill=-,flush=-,to=179/30000}{io=0/0,kio=0,kro=1}->HttpConnection@208a985[p=HttpParser{s=END,0 of -1},g=HttpGenerator@5c958b0c{s=START}]=>HttpChannelOverHttp@b9cf227{s=HttpChannelState@365987cf{s=HANDLING rs=BLOCKING os=OPEN is=IDLE awp=false se=false i=true al=0},r=5,c=false/false,a=HANDLING,uri=//localhost:35372/EchoServlet,age=2}
[DEBUG] onEof HttpChannelState@365987cf{s=HANDLING rs=BLOCKING os=OPEN is=IDLE awp=false se=false i=true al=0}
[DEBUG] write(array HeapByteBuffer@4fc01fe5[p=0,l=8,c=512,r=8]={<<<</table>>>>Cookie: O...\x00\x00\x00\x00\x00\x00\x00})
[DEBUG] write(array) s=OPEN,api=BLOCKING,sc=false,e=null aggregated !flush DirectByteBuffer@7c27fa39[p=0,l=904,c=32768,r=904]={<<<<title>Webserver Environm...Root</td></tr>\n</table>>>>table>\nug...gue. Pr}
[DEBUG] write(array HeapByteBuffer@4883df50[p=0,l=1,c=512,r=1]={<<<\n>>>/table>Co...\x00\x00\x00\x00\x00\x00\x00})
[DEBUG] write(array) s=OPEN,api=BLOCKING,sc=false,e=null aggregated !flush DirectByteBuffer@7c27fa39[p=0,l=905,c=32768,r=905]={<<<<title>Webserver Environm...oot</td></tr>\n</table>\n>>>able>\nugu...gue. Pr}
[DEBUG] handled=true async=false committed=false on HttpChannelOverHttp@b9cf227{s=HttpChannelState@365987cf{s=HANDLING rs=BLOCKING os=OPEN is=READY awp=false se=false i=true al=0},r=5,c=false/false,a=HANDLING,uri=//localhost:35372/EchoServlet,age=3}
[DEBUG] unhandle HttpChannelState@365987cf{s=HANDLING rs=BLOCKING os=OPEN is=READY awp=false se=false i=true al=0}
[DEBUG] nextAction(false) COMPLETE HttpChannelState@365987cf{s=HANDLING rs=COMPLETING os=OPEN is=READY awp=false se=false i=false al=0}
[DEBUG] action COMPLETE HttpChannelOverHttp@b9cf227{s=HttpChannelState@365987cf{s=HANDLING rs=COMPLETING os=OPEN is=READY awp=false se=false i=false al=0},r=5,c=false/false,a=HANDLING,uri=//localhost:35372/EchoServlet,age=3}
[DEBUG] complete(org.eclipse.jetty.util.Callback$3@1f427a48) s=CLOSING,api=BLOCKED,sc=false,e=null s=false e=null, c=DirectByteBuffer@7c27fa39[p=0,l=905,c=32768,r=905]={<<<<title>Webserver Environm...oot</td></tr>\n</table>\n>>>able>\nugu...gue. Pr}
[DEBUG] sendResponse info=null content=DirectByteBuffer@7c27fa39[p=0,l=905,c=32768,r=905]={<<<<title>Webserver Environm...oot</td></tr>\n</table>\n>>>able>\nugu...gue. Pr} complete=true committing=true callback=org.eclipse.jetty.server.HttpOutput$WriteCompleteCB@b58495a
[DEBUG] COMMIT for /EchoServlet on HttpChannelOverHttp@b9cf227{s=HttpChannelState@365987cf{s=HANDLING rs=COMPLETING os=COMMITTED is=READY awp=false se=false i=false al=0},r=5,c=false/false,a=HANDLING,uri=//localhost:35372/EchoServlet,age=3}
200 null HTTP/1.1
Date: Tue, 28 Sep 2021 06:03:39 GMT
Content-Type: text/html;charset=utf-8
Cache-Control: no-cache
Cache-Control: no-store


[DEBUG] generate: NEED_HEADER for SendCallback@5755ce19[PROCESSING][i=HTTP/1.1{s=200,h=4,cl=-1},cb=org.eclipse.jetty.server.HttpChannel$SendCallback@442850e3] (null,[p=0,l=905,c=32768,r=905],true)@START
[DEBUG] generateHeaders HTTP/1.1{s=200,h=4,cl=-1} last=true content=DirectByteBuffer@7c27fa39[p=0,l=905,c=32768,r=905]={<<<<title>Webserver Environm...oot</td></tr>\n</table>\n>>>able>\nugu...gue. Pr}
[DEBUG] Date: Tue, 28 Sep 2021 06:03:39 GMT
Content-Type: text/html;charset=utf-8
Cache-Control: no-cache
Cache-Control: no-store


[DEBUG] CONTENT_LENGTH
[DEBUG] generate: FLUSH for SendCallback@5755ce19[PROCESSING][i=HTTP/1.1{s=200,h=4,cl=-1},cb=org.eclipse.jetty.server.HttpChannel$SendCallback@442850e3] ([p=0,l=199,c=8192,r=199],[p=0,l=905,c=32768,r=905],true)@COMPLETING
[DEBUG] write: WriteFlusher@2aa8ba10{IDLE}->null [HeapByteBuffer@1ef04a69[p=0,l=199,c=8192,r=199]={<<<HTTP/1.1 200 OK\r\nDate: Tu...y(9.4.43.v20210629)\r\n\r\n>>>: One=Ech...\xCe\x1f\xAf\xC2\x8d\xCey},DirectByteBuffer@7c27fa39[p=0,l=905,c=32768,r=905]={<<<<title>Webserver Environm...oot</td></tr>\n</table>\n>>>able>\nugu...gue. Pr}]
[DEBUG] update WriteFlusher@2aa8ba10{WRITING}->null:IDLE-->WRITING
[DEBUG] flushed 1104 SocketChannelEndPoint@6269d16{l=/127.0.0.1:35372,r=/127.0.0.1:60200,OPEN,fill=-,flush=W,to=183/30000}{io=0/0,kio=0,kro=1}->HttpConnection@208a985[p=HttpParser{s=END,0 of -1},g=HttpGenerator@5c958b0c{s=COMPLETING}]=>HttpChannelOverHttp@b9cf227{s=HttpChannelState@365987cf{s=HANDLING rs=COMPLETING os=COMMITTED is=READY awp=false se=false i=false al=0},r=5,c=false/false,a=HANDLING,uri=//localhost:35372/EchoServlet,age=6}
[DEBUG] Flushed=true written=1104 remaining=0 WriteFlusher@2aa8ba10{WRITING}->null
[DEBUG] update WriteFlusher@2aa8ba10{IDLE}->null:WRITING-->IDLE
[DEBUG] generate: DONE for SendCallback@5755ce19[PROCESSING][i=HTTP/1.1{s=200,h=4,cl=-1},cb=org.eclipse.jetty.server.HttpChannel$SendCallback@442850e3] ([p=199,l=199,c=8192,r=0],[p=905,l=905,c=32768,r=0],true)@END
[DEBUG] onWriteComplete(true,null) s=CLOSING,api=BLOCKED,sc=false,e=null->s=CLOSED,api=BLOCKING,sc=false,e=null c=null cb=org.eclipse.jetty.util.Callback$3@1f427a48 w=false
[DEBUG] completed HttpChannelState@365987cf{s=HANDLING rs=COMPLETING os=COMPLETED is=READY awp=false se=false i=false al=0}
[DEBUG] unhandle HttpChannelState@365987cf{s=HANDLING rs=COMPLETED os=COMPLETED is=READY awp=false se=false i=false al=0}
[DEBUG] nextAction(false) TERMINATED HttpChannelState@365987cf{s=IDLE rs=COMPLETED os=COMPLETED is=READY awp=false se=false i=false al=0}
[DEBUG] action TERMINATED HttpChannelOverHttp@b9cf227{s=HttpChannelState@365987cf{s=IDLE rs=COMPLETED os=COMPLETED is=READY awp=false se=false i=false al=0},r=5,c=true/true,a=IDLE,uri=//localhost:35372/EchoServlet,age=6}
[DEBUG] onCompleted for /EchoServlet written=905
[DEBUG] recycle HttpChannelState@365987cf{s=IDLE rs=COMPLETED os=COMPLETED is=READY awp=false se=false i=false al=0}
[DEBUG] reset HttpParser{s=END,0 of -1}
[DEBUG] END --> START
[DEBUG] !handle TERMINATED HttpChannelOverHttp@b9cf227{s=HttpChannelState@365987cf{s=IDLE rs=BLOCKING os=OPEN is=IDLE awp=false se=false i=true al=0},r=5,c=false/false,a=IDLE,uri=null,age=0}
[DEBUG] filled 325 HeapByteBuffer@2a66826a[p=0,l=325,c=8192,r=325]={<<<GET /EchoServlet HTTP/1.1...nection: keep-alive\r\n\r\n>>>iH!\x00\xE1\xE8/\x9d)...\x86&h\xA0{\xC1\xC2}
[DEBUG] HttpConnection@208a985::SocketChannelEndPoint@6269d16{l=/127.0.0.1:35372,r=/127.0.0.1:60200,OPEN,fill=-,flush=-,to=0/30000}{io=0/0,kio=0,kro=1}->HttpConnection@208a985[p=HttpParser{s=START,0 of -1},g=HttpGenerator@5c958b0c{s=START}]=>HttpChannelOverHttp@b9cf227{s=HttpChannelState@365987cf{s=IDLE rs=BLOCKING os=OPEN is=IDLE awp=false se=false i=true al=0},r=5,c=false/false,a=IDLE,uri=null,age=0} filled 325 HeapByteBuffer@2a66826a[p=0,l=325,c=8192,r=325]={<<<GET /EchoServlet HTTP/1.1...nection: keep-alive\r\n\r\n>>>iH!\x00\xE1\xE8/\x9d)...\x86&h\xA0{\xC1\xC2}
[DEBUG] HttpConnection@208a985::SocketChannelEndPoint@6269d16{l=/127.0.0.1:35372,r=/127.0.0.1:60200,OPEN,fill=-,flush=-,to=0/30000}{io=0/0,kio=0,kro=1}->HttpConnection@208a985[p=HttpParser{s=START,0 of -1},g=HttpGenerator@5c958b0c{s=START}]=>HttpChannelOverHttp@b9cf227{s=HttpChannelState@365987cf{s=IDLE rs=BLOCKING os=OPEN is=IDLE awp=false se=false i=true al=0},r=5,c=false/false,a=IDLE,uri=null,age=0} parse HeapByteBuffer@2a66826a[p=0,l=325,c=8192,r=325]={<<<GET /EchoServlet HTTP/1.1...nection: keep-alive\r\n\r\n>>>iH!\x00\xE1\xE8/\x9d)...\x86&h\xA0{\xC1\xC2} {}
[DEBUG] parseNext s=START HeapByteBuffer@2a66826a[p=0,l=325,c=8192,r=325]={<<<GET /EchoServlet HTTP/1.1...nection: keep-alive\r\n\r\n>>>iH!\x00\xE1\xE8/\x9d)...\x86&h\xA0{\xC1\xC2}
[DEBUG] START --> SPACE1
[DEBUG] SPACE1 --> URI
[DEBUG] URI --> SPACE2
[DEBUG] SPACE2 --> REQUEST_VERSION
[DEBUG] REQUEST_VERSION --> HEADER
[DEBUG] HEADER:Cookie: One=EchoServlet; One=Root --> IN_VALUE
[DEBUG] HEADER:Cookie: One=EchoServlet; One=Root --> FIELD
[DEBUG] HEADER:Accept-Encoding: gzip --> IN_VALUE
[DEBUG] HEADER:Accept-Encoding: gzip --> FIELD
[DEBUG] HEADER:User-Agent: Mozilla/5.0 (Windows NT 10.0; Win64; x64) AppleWebKit/537.36 (KHTML, like Gecko) Chrome/79.0.3945.130 Safari/537.36 --> IN_VALUE
[DEBUG] HEADER:User-Agent: Mozilla/5.0 (Windows NT 10.0; Win64; x64) AppleWebKit/537.36 (KHTML, like Gecko) Chrome/79.0.3945.130 Safari/537.36 --> FIELD
[DEBUG] HEADER:Host: localhost:35372 --> IN_VALUE
[DEBUG] HEADER:Host: localhost:35372 --> FIELD
[DEBUG] HEADER:Accept: text/html, image/gif, image/jpeg, *; q=.2, */*; q=.2 --> IN_VALUE
[DEBUG] HEADER:Accept: text/html, image/gif, image/jpeg, *; q=.2, */*; q=.2 --> FIELD
[DEBUG] HEADER:Connection: keep-alive --> IN_VALUE
[DEBUG] HEADER:Connection: keep-alive --> FIELD
[DEBUG] HEADER --> CONTENT
[DEBUG] REQUEST for //localhost:35372/EchoServlet on HttpChannelOverHttp@b9cf227{s=HttpChannelState@365987cf{s=IDLE rs=BLOCKING os=OPEN is=IDLE awp=false se=false i=true al=0},r=6,c=false/false,a=IDLE,uri=//localhost:35372/EchoServlet,age=0}
GET //localhost:35372/EchoServlet HTTP/1.1
Cookie: One=EchoServlet; One=Root
Accept-Encoding: gzip
User-Agent: Mozilla/5.0 (Windows NT 10.0; Win64; x64) AppleWebKit/537.36 (KHTML, like Gecko) Chrome/79.0.3945.130 Safari/537.36
Host: localhost:35372
Accept: text/html, image/gif, image/jpeg, *; q=.2, */*; q=.2
Connection: keep-alive


[DEBUG] HttpConnection@208a985::SocketChannelEndPoint@6269d16{l=/127.0.0.1:35372,r=/127.0.0.1:60200,OPEN,fill=-,flush=-,to=48/30000}{io=0/0,kio=0,kro=1}->HttpConnection@208a985[p=HttpParser{s=CONTENT,0 of -1},g=HttpGenerator@5c958b0c{s=START}]=>HttpChannelOverHttp@b9cf227{s=HttpChannelState@365987cf{s=IDLE rs=BLOCKING os=OPEN is=IDLE awp=false se=false i=true al=0},r=6,c=false/false,a=IDLE,uri=//localhost:35372/EchoServlet,age=0} parsed true HttpParser{s=CONTENT,0 of -1}
[DEBUG] releaseRequestBuffer HttpConnection@208a985::SocketChannelEndPoint@6269d16{l=/127.0.0.1:35372,r=/127.0.0.1:60200,OPEN,fill=-,flush=-,to=48/30000}{io=0/0,kio=0,kro=1}->HttpConnection@208a985[p=HttpParser{s=CONTENT,0 of -1},g=HttpGenerator@5c958b0c{s=START}]=>HttpChannelOverHttp@b9cf227{s=HttpChannelState@365987cf{s=IDLE rs=BLOCKING os=OPEN is=IDLE awp=false se=false i=true al=0},r=6,c=false/false,a=IDLE,uri=//localhost:35372/EchoServlet,age=0}
[DEBUG] handle //localhost:35372/EchoServlet HttpChannelOverHttp@b9cf227{s=HttpChannelState@365987cf{s=IDLE rs=BLOCKING os=OPEN is=IDLE awp=false se=false i=true al=0},r=6,c=false/false,a=IDLE,uri=//localhost:35372/EchoServlet,age=0} 
[DEBUG] handling HttpChannelState@365987cf{s=IDLE rs=BLOCKING os=OPEN is=IDLE awp=false se=false i=true al=0}
[DEBUG] action DISPATCH HttpChannelOverHttp@b9cf227{s=HttpChannelState@365987cf{s=HANDLING rs=BLOCKING os=OPEN is=IDLE awp=false se=false i=true al=0},r=6,c=false/false,a=HANDLING,uri=//localhost:35372/EchoServlet,age=0}
[DEBUG] REQUEST GET /EchoServlet on HttpChannelOverHttp@b9cf227{s=HttpChannelState@365987cf{s=HANDLING rs=BLOCKING os=OPEN is=IDLE awp=false se=false i=true al=0},r=6,c=false/false,a=HANDLING,uri=//localhost:35372/EchoServlet,age=0}
[DEBUG] servlet null|/EchoServlet|null -> org.jsoup.integration.servlets.EchoServlet-60d1a32f==org.jsoup.integration.servlets.EchoServlet@1f7ecb09{jsp=null,order=-1,inst=true,async=true,src=EMBEDDED:null,STARTED}
[DEBUG] chain=null
[DEBUG] write(array HeapByteBuffer@12076e69[p=0,l=235,c=512,r=235]={<<<<title>Webserver Environm...\n    <table border="0">>>>\x00\x00\x00\x00\x00\x00\x00\x00\x00...\x00\x00\x00\x00\x00\x00\x00})
[DEBUG] write(array) s=OPEN,api=BLOCKING,sc=false,e=null aggregated !flush DirectByteBuffer@38e5eb8d[p=0,l=235,c=32768,r=235]={<<<<title>Webserver Environm...\n    <table border="0">>>><tr><th>M...gue. Pr}
[DEBUG] write(array HeapByteBuffer@1e9bd65b[p=0,l=36,c=512,r=36]={<<<<tr><th>Method</th><td>GET</td></tr>>>>es</title...\x00\x00\x00\x00\x00\x00\x00})
[DEBUG] write(array) s=OPEN,api=BLOCKING,sc=false,e=null aggregated !flush DirectByteBuffer@38e5eb8d[p=0,l=271,c=32768,r=271]={<<<<title>Webserver Environm...d</th><td>GET</td></tr>>>>>\n<tr><th...gue. Pr}
[DEBUG] write(array HeapByteBuffer@57c04e4b[p=0,l=1,c=512,r=1]={<<<\n>>>tr><th>Me...\x00\x00\x00\x00\x00\x00\x00})
[DEBUG] write(array) s=OPEN,api=BLOCKING,sc=false,e=null aggregated !flush DirectByteBuffer@38e5eb8d[p=0,l=272,c=32768,r=272]={<<<<title>Webserver Environm...</th><td>GET</td></tr>\n>>>\n<tr><th>...gue. Pr}
[DEBUG] write(array HeapByteBuffer@51e9b318[p=0,l=50,c=512,r=50]={<<<<tr><th>Request URI</th><...>/EchoServlet</td></tr>>>> <style t...\x00\x00\x00\x00\x00\x00\x00})
[DEBUG] write(array) s=OPEN,api=BLOCKING,sc=false,e=null aggregated !flush DirectByteBuffer@38e5eb8d[p=0,l=322,c=32768,r=322]={<<<<title>Webserver Environm...>/EchoServlet</td></tr>>>>>\n<tr><th...gue. Pr}
[DEBUG] write(array HeapByteBuffer@7834eb6a[p=0,l=1,c=512,r=1]={<<<\n>>>tr><th>Re...\x00\x00\x00\x00\x00\x00\x00})
[DEBUG] write(array) s=OPEN,api=BLOCKING,sc=false,e=null aggregated !flush DirectByteBuffer@38e5eb8d[p=0,l=323,c=32768,r=323]={<<<<title>Webserver Environm.../EchoServlet</td></tr>\n>>>\n<tr><th>...gue. Pr}
[DEBUG] write(array HeapByteBuffer@385dd339[p=0,l=39,c=512,r=39]={<<<<tr><th>Query String</th><td></td></tr>>>>t</td></t...\x00\x00\x00\x00\x00\x00\x00})
[DEBUG] write(array) s=OPEN,api=BLOCKING,sc=false,e=null aggregated !flush DirectByteBuffer@38e5eb8d[p=0,l=362,c=32768,r=362]={<<<<title>Webserver Environm...ring</th><td></td></tr>>>>>\n<tr><th...gue. Pr}
[DEBUG] write(array HeapByteBuffer@6d3a606f[p=0,l=1,c=512,r=1]={<<<\n>>>tr><th>Qu...\x00\x00\x00\x00\x00\x00\x00})
[DEBUG] write(array) s=OPEN,api=BLOCKING,sc=false,e=null aggregated !flush DirectByteBuffer@38e5eb8d[p=0,l=363,c=32768,r=363]={<<<<title>Webserver Environm...ing</th><td></td></tr>\n>>>\n<tr><th>...gue. Pr}
[DEBUG] write(array HeapByteBuffer@71576fa3[p=0,l=58,c=512,r=58]={<<<<tr><th>Cookie</th><td>On...let; One=Root</td></tr>>>>type="tex...\x00\x00\x00\x00\x00\x00\x00})
[DEBUG] write(array) s=OPEN,api=BLOCKING,sc=false,e=null aggregated !flush DirectByteBuffer@38e5eb8d[p=0,l=421,c=32768,r=421]={<<<<title>Webserver Environm...let; One=Root</td></tr>>>>*; q=.2, ...gue. Pr}
[DEBUG] write(array HeapByteBuffer@2e67b558[p=0,l=1,c=512,r=1]={<<<\n>>>tr><th>Co...\x00\x00\x00\x00\x00\x00\x00})
[DEBUG] write(array) s=OPEN,api=BLOCKING,sc=false,e=null aggregated !flush DirectByteBuffer@38e5eb8d[p=0,l=422,c=32768,r=422]={<<<<title>Webserver Environm...et; One=Root</td></tr>\n>>>; q=.2, *...gue. Pr}
[DEBUG] write(array HeapByteBuffer@78f56fb6[p=0,l=85,c=512,r=85]={<<<<tr><th>Accept</th><td>te....2, */*; q=.2</td></tr>>>>, td, th ...\x00\x00\x00\x00\x00\x00\x00})
[DEBUG] write(array) s=OPEN,api=BLOCKING,sc=false,e=null aggregated !flush DirectByteBuffer@38e5eb8d[p=0,l=507,c=32768,r=507]={<<<<title>Webserver Environm....2, */*; q=.2</td></tr>>>>Win64; x6...gue. Pr}
[DEBUG] write(array HeapByteBuffer@467241df[p=0,l=1,c=512,r=1]={<<<\n>>>tr><th>Ac...\x00\x00\x00\x00\x00\x00\x00})
[DEBUG] write(array) s=OPEN,api=BLOCKING,sc=false,e=null aggregated !flush DirectByteBuffer@38e5eb8d[p=0,l=508,c=32768,r=508]={<<<<title>Webserver Environm...2, */*; q=.2</td></tr>\n>>>in64; x64...gue. Pr}
[DEBUG] write(array HeapByteBuffer@c9204c5[p=0,l=152,c=512,r=152]={<<<<tr><th>User-Agent</th><t...Safari/537.36</td></tr>>>>      th ...\x00\x00\x00\x00\x00\x00\x00})
[DEBUG] write(array) s=OPEN,api=BLOCKING,sc=false,e=null aggregated !flush DirectByteBuffer@38e5eb8d[p=0,l=660,c=32768,r=660]={<<<<title>Webserver Environm...Safari/537.36</td></tr>>>>ost</th><...gue. Pr}
[DEBUG] write(array HeapByteBuffer@1f4cbd7a[p=0,l=1,c=512,r=1]={<<<\n>>>tr><th>Us...\x00\x00\x00\x00\x00\x00\x00})
[DEBUG] write(array) s=OPEN,api=BLOCKING,sc=false,e=null aggregated !flush DirectByteBuffer@38e5eb8d[p=0,l=661,c=32768,r=661]={<<<<title>Webserver Environm...afari/537.36</td></tr>\n>>>st</th><t...gue. Pr}
[DEBUG] write(array HeapByteBuffer@4c17e9fa[p=0,l=47,c=512,r=47]={<<<<tr><th>Connection</th><td>keep-alive</td></tr>>>> NT 10.0;...\x00\x00\x00\x00\x00\x00\x00})
[DEBUG] write(array) s=OPEN,api=BLOCKING,sc=false,e=null aggregated !flush DirectByteBuffer@38e5eb8d[p=0,l=708,c=32768,r=708]={<<<<title>Webserver Environm...td>keep-alive</td></tr>>>>cept-Enco...gue. Pr}
[DEBUG] write(array HeapByteBuffer@183f351e[p=0,l=1,c=512,r=1]={<<<\n>>>tr><th>Co...\x00\x00\x00\x00\x00\x00\x00})
[DEBUG] write(array) s=OPEN,api=BLOCKING,sc=false,e=null aggregated !flush DirectByteBuffer@38e5eb8d[p=0,l=709,c=32768,r=709]={<<<<title>Webserver Environm...d>keep-alive</td></tr>\n>>>ept-Encod...gue. Pr}
[DEBUG] write(array HeapByteBuffer@417bef0[p=0,l=46,c=512,r=46]={<<<<tr><th>Host</th><td>localhost:35372</td></tr>>>>> NT 10.0...\x00\x00\x00\x00\x00\x00\x00})
[DEBUG] write(array) s=OPEN,api=BLOCKING,sc=false,e=null aggregated !flush DirectByteBuffer@38e5eb8d[p=0,l=755,c=32768,r=755]={<<<<title>Webserver Environm...calhost:35372</td></tr>>>>ntent-Len...gue. Pr}
[DEBUG] write(array HeapByteBuffer@7eca7465[p=0,l=1,c=512,r=1]={<<<\n>>>tr><th>Ho...\x00\x00\x00\x00\x00\x00\x00})
[DEBUG] write(array) s=OPEN,api=BLOCKING,sc=false,e=null aggregated !flush DirectByteBuffer@38e5eb8d[p=0,l=756,c=32768,r=756]={<<<<title>Webserver Environm...alhost:35372</td></tr>\n>>>tent-Leng...gue. Pr}
[DEBUG] write(array HeapByteBuffer@de11a7f[p=0,l=46,c=512,r=46]={<<<<tr><th>Accept-Encoding</th><td>gzip</td></tr>>>>> NT 10.0...\x00\x00\x00\x00\x00\x00\x00})
[DEBUG] write(array) s=OPEN,api=BLOCKING,sc=false,e=null aggregated !flush DirectByteBuffer@38e5eb8d[p=0,l=802,c=32768,r=802]={<<<<title>Webserver Environm...</th><td>gzip</td></tr>>>>ntent-Typ...gue. Pr}
[DEBUG] write(array HeapByteBuffer@6c174918[p=0,l=1,c=512,r=1]={<<<\n>>>tr><th>Ac...\x00\x00\x00\x00\x00\x00\x00})
[DEBUG] write(array) s=OPEN,api=BLOCKING,sc=false,e=null aggregated !flush DirectByteBuffer@38e5eb8d[p=0,l=803,c=32768,r=803]={<<<<title>Webserver Environm.../th><td>gzip</td></tr>\n>>>tent-Type...gue. Pr}
[DEBUG] write(array HeapByteBuffer@554e9a54[p=0,l=49,c=512,r=49]={<<<<tr><th>Cookie: One</th><...d>EchoServlet</td></tr>>>>T 10.0; W...\x00\x00\x00\x00\x00\x00\x00})
[DEBUG] write(array) s=OPEN,api=BLOCKING,sc=false,e=null aggregated !flush DirectByteBuffer@38e5eb8d[p=0,l=852,c=32768,r=852]={<<<<title>Webserver Environm...d>EchoServlet</td></tr>>>>Dr2-jyGCj...gue. Pr}
[DEBUG] write(array HeapByteBuffer@780ab5c4[p=0,l=1,c=512,r=1]={<<<\n>>>tr><th>Co...\x00\x00\x00\x00\x00\x00\x00})
[DEBUG] write(array) s=OPEN,api=BLOCKING,sc=false,e=null aggregated !flush DirectByteBuffer@38e5eb8d[p=0,l=853,c=32768,r=853]={<<<<title>Webserver Environm...>EchoServlet</td></tr>\n>>>r2-jyGCjO...gue. Pr}
[DEBUG] write(array HeapByteBuffer@7d3d7a58[p=0,l=42,c=512,r=42]={<<<<tr><th>Cookie: One</th><td>Root</td></tr>>>>d></tr>T ...\x00\x00\x00\x00\x00\x00\x00})
[DEBUG] write(array) s=OPEN,api=BLOCKING,sc=false,e=null aggregated !flush DirectByteBuffer@38e5eb8d[p=0,l=895,c=32768,r=895]={<<<<title>Webserver Environm...</th><td>Root</td></tr>>>>tr><th>fi...gue. Pr}
[DEBUG] write(array HeapByteBuffer@2bb4b36e[p=0,l=1,c=512,r=1]={<<<\n>>>tr><th>Co...\x00\x00\x00\x00\x00\x00\x00})
[DEBUG] write(array) s=OPEN,api=BLOCKING,sc=false,e=null aggregated !flush DirectByteBuffer@38e5eb8d[p=0,l=896,c=32768,r=896]={<<<<title>Webserver Environm.../th><td>Root</td></tr>\n>>>r><th>fir...gue. Pr}
[DEBUG] filled 0 HeapByteBuffer@460916c[p=0,l=0,c=8192,r=0]={<<<>>>GET /Cook...\x00\x00\x00\x00\x00\x00\x00}
[DEBUG] filled 0 HeapByteBuffer@460916c[p=0,l=0,c=8192,r=0]={<<<>>>GET /Cook...\x00\x00\x00\x00\x00\x00\x00}
[DEBUG] HttpConnection@208a985::SocketChannelEndPoint@6269d16{l=/127.0.0.1:35372,r=/127.0.0.1:60200,OPEN,fill=-,flush=-,to=57/30000}{io=0/0,kio=0,kro=1}->HttpConnection@208a985[p=HttpParser{s=CONTENT,0 of -1},g=HttpGenerator@5c958b0c{s=START}]=>HttpChannelOverHttp@b9cf227{s=HttpChannelState@365987cf{s=HANDLING rs=BLOCKING os=OPEN is=IDLE awp=false se=false i=true al=0},r=6,c=false/false,a=HANDLING,uri=//localhost:35372/EchoServlet,age=9} filled 0 HeapByteBuffer@460916c[p=0,l=0,c=8192,r=0]={<<<>>>GET /Cook...\x00\x00\x00\x00\x00\x00\x00}
[DEBUG] HttpConnection@208a985::SocketChannelEndPoint@6269d16{l=/127.0.0.1:35372,r=/127.0.0.1:60200,OPEN,fill=-,flush=-,to=58/30000}{io=0/0,kio=0,kro=1}->HttpConnection@208a985[p=HttpParser{s=CONTENT,0 of -1},g=HttpGenerator@5c958b0c{s=START}]=>HttpChannelOverHttp@b9cf227{s=HttpChannelState@365987cf{s=HANDLING rs=BLOCKING os=OPEN is=IDLE awp=false se=false i=true al=0},r=6,c=false/false,a=HANDLING,uri=//localhost:35372/EchoServlet,age=9} parse HeapByteBuffer@460916c[p=0,l=0,c=8192,r=0]={<<<>>>GET /Cook...\x00\x00\x00\x00\x00\x00\x00} {}
[DEBUG] parseNext s=CONTENT HeapByteBuffer@460916c[p=0,l=0,c=8192,r=0]={<<<>>>GET /Cook...\x00\x00\x00\x00\x00\x00\x00}
[DEBUG] CONTENT --> CONTENT_END
[DEBUG] onContentComplete HttpChannelOverHttp@b9cf227{s=HttpChannelState@365987cf{s=HANDLING rs=BLOCKING os=OPEN is=IDLE awp=false se=false i=true al=0},r=6,c=false/false,a=HANDLING,uri=//localhost:35372/EchoServlet,age=10}
[DEBUG] CONTENT_END --> END
[DEBUG] onRequestComplete HttpChannelOverHttp@b9cf227{s=HttpChannelState@365987cf{s=HANDLING rs=BLOCKING os=OPEN is=IDLE awp=false se=false i=true al=0},r=6,c=false/false,a=HANDLING,uri=//localhost:35372/EchoServlet,age=10}
[DEBUG] HttpInputOverHTTP@35a18e85[c=0,q=0,[0]=null,s=STREAM] addContent EOF
[DEBUG] HttpConnection@208a985::SocketChannelEndPoint@6269d16{l=/127.0.0.1:35372,r=/127.0.0.1:60200,OPEN,fill=-,flush=-,to=59/30000}{io=0/0,kio=0,kro=1}->HttpConnection@208a985[p=HttpParser{s=END,0 of -1},g=HttpGenerator@5c958b0c{s=START}]=>HttpChannelOverHttp@b9cf227{s=HttpChannelState@365987cf{s=HANDLING rs=BLOCKING os=OPEN is=IDLE awp=false se=false i=true al=0},r=6,c=false/false,a=HANDLING,uri=//localhost:35372/EchoServlet,age=11} parsed false HttpParser{s=END,0 of -1}
[DEBUG] releaseRequestBuffer HttpConnection@208a985::SocketChannelEndPoint@6269d16{l=/127.0.0.1:35372,r=/127.0.0.1:60200,OPEN,fill=-,flush=-,to=59/30000}{io=0/0,kio=0,kro=1}->HttpConnection@208a985[p=HttpParser{s=END,0 of -1},g=HttpGenerator@5c958b0c{s=START}]=>HttpChannelOverHttp@b9cf227{s=HttpChannelState@365987cf{s=HANDLING rs=BLOCKING os=OPEN is=IDLE awp=false se=false i=true al=0},r=6,c=false/false,a=HANDLING,uri=//localhost:35372/EchoServlet,age=11}
[DEBUG] onEof HttpChannelState@365987cf{s=HANDLING rs=BLOCKING os=OPEN is=IDLE awp=false se=false i=true al=0}
[DEBUG] write(array HeapByteBuffer@a891076[p=0,l=8,c=512,r=8]={<<<</table>>>>Cookie: O...\x00\x00\x00\x00\x00\x00\x00})
[DEBUG] write(array) s=OPEN,api=BLOCKING,sc=false,e=null aggregated !flush DirectByteBuffer@38e5eb8d[p=0,l=904,c=32768,r=904]={<<<<title>Webserver Environm...Root</td></tr>\n</table>>>>rstname</...gue. Pr}
[DEBUG] write(array HeapByteBuffer@27803076[p=0,l=1,c=512,r=1]={<<<\n>>>/table>Co...\x00\x00\x00\x00\x00\x00\x00})
[DEBUG] write(array) s=OPEN,api=BLOCKING,sc=false,e=null aggregated !flush DirectByteBuffer@38e5eb8d[p=0,l=905,c=32768,r=905]={<<<<title>Webserver Environm...oot</td></tr>\n</table>\n>>>stname</t...gue. Pr}
[DEBUG] handled=true async=false committed=false on HttpChannelOverHttp@b9cf227{s=HttpChannelState@365987cf{s=HANDLING rs=BLOCKING os=OPEN is=READY awp=false se=false i=true al=0},r=6,c=false/false,a=HANDLING,uri=//localhost:35372/EchoServlet,age=13}
[DEBUG] unhandle HttpChannelState@365987cf{s=HANDLING rs=BLOCKING os=OPEN is=READY awp=false se=false i=true al=0}
[DEBUG] nextAction(false) COMPLETE HttpChannelState@365987cf{s=HANDLING rs=COMPLETING os=OPEN is=READY awp=false se=false i=false al=0}
[DEBUG] action COMPLETE HttpChannelOverHttp@b9cf227{s=HttpChannelState@365987cf{s=HANDLING rs=COMPLETING os=OPEN is=READY awp=false se=false i=false al=0},r=6,c=false/false,a=HANDLING,uri=//localhost:35372/EchoServlet,age=13}
[DEBUG] complete(org.eclipse.jetty.util.Callback$3@31796164) s=CLOSING,api=BLOCKED,sc=false,e=null s=false e=null, c=DirectByteBuffer@38e5eb8d[p=0,l=905,c=32768,r=905]={<<<<title>Webserver Environm...oot</td></tr>\n</table>\n>>>stname</t...gue. Pr}
[DEBUG] sendResponse info=null content=DirectByteBuffer@38e5eb8d[p=0,l=905,c=32768,r=905]={<<<<title>Webserver Environm...oot</td></tr>\n</table>\n>>>stname</t...gue. Pr} complete=true committing=true callback=org.eclipse.jetty.server.HttpOutput$WriteCompleteCB@3fd88be6
[DEBUG] COMMIT for /EchoServlet on HttpChannelOverHttp@b9cf227{s=HttpChannelState@365987cf{s=HANDLING rs=COMPLETING os=COMMITTED is=READY awp=false se=false i=false al=0},r=6,c=false/false,a=HANDLING,uri=//localhost:35372/EchoServlet,age=13}
200 null HTTP/1.1
Date: Tue, 28 Sep 2021 06:03:39 GMT
Content-Type: text/html;charset=utf-8
Cache-Control: no-cache
Cache-Control: no-store


[DEBUG] generate: NEED_HEADER for SendCallback@5755ce19[PROCESSING][i=HTTP/1.1{s=200,h=4,cl=-1},cb=org.eclipse.jetty.server.HttpChannel$SendCallback@7d1036cb] (null,[p=0,l=905,c=32768,r=905],true)@START
[DEBUG] generateHeaders HTTP/1.1{s=200,h=4,cl=-1} last=true content=DirectByteBuffer@38e5eb8d[p=0,l=905,c=32768,r=905]={<<<<title>Webserver Environm...oot</td></tr>\n</table>\n>>>stname</t...gue. Pr}
[DEBUG] Date: Tue, 28 Sep 2021 06:03:39 GMT
Content-Type: text/html;charset=utf-8
Cache-Control: no-cache
Cache-Control: no-store


[DEBUG] CONTENT_LENGTH
[DEBUG] generate: FLUSH for SendCallback@5755ce19[PROCESSING][i=HTTP/1.1{s=200,h=4,cl=-1},cb=org.eclipse.jetty.server.HttpChannel$SendCallback@7d1036cb] ([p=0,l=199,c=8192,r=199],[p=0,l=905,c=32768,r=905],true)@COMPLETING
[DEBUG] write: WriteFlusher@2aa8ba10{IDLE}->null [HeapByteBuffer@1ef04a69[p=0,l=199,c=8192,r=199]={<<<HTTP/1.1 200 OK\r\nDate: Tu...y(9.4.43.v20210629)\r\n\r\n>>>: One=Ech...\xCe\x1f\xAf\xC2\x8d\xCey},DirectByteBuffer@38e5eb8d[p=0,l=905,c=32768,r=905]={<<<<title>Webserver Environm...oot</td></tr>\n</table>\n>>>stname</t...gue. Pr}]
[DEBUG] update WriteFlusher@2aa8ba10{WRITING}->null:IDLE-->WRITING
[DEBUG] flushed 1104 SocketChannelEndPoint@6269d16{l=/127.0.0.1:35372,r=/127.0.0.1:60200,OPEN,fill=-,flush=W,to=69/30000}{io=0/0,kio=0,kro=1}->HttpConnection@208a985[p=HttpParser{s=END,0 of -1},g=HttpGenerator@5c958b0c{s=COMPLETING}]=>HttpChannelOverHttp@b9cf227{s=HttpChannelState@365987cf{s=HANDLING rs=COMPLETING os=COMMITTED is=READY awp=false se=false i=false al=0},r=6,c=false/false,a=HANDLING,uri=//localhost:35372/EchoServlet,age=21}
[DEBUG] Flushed=true written=1104 remaining=0 WriteFlusher@2aa8ba10{WRITING}->null
[DEBUG] update WriteFlusher@2aa8ba10{IDLE}->null:WRITING-->IDLE
[DEBUG] generate: DONE for SendCallback@5755ce19[PROCESSING][i=HTTP/1.1{s=200,h=4,cl=-1},cb=org.eclipse.jetty.server.HttpChannel$SendCallback@7d1036cb] ([p=199,l=199,c=8192,r=0],[p=905,l=905,c=32768,r=0],true)@END
[DEBUG] onWriteComplete(true,null) s=CLOSING,api=BLOCKED,sc=false,e=null->s=CLOSED,api=BLOCKING,sc=false,e=null c=null cb=org.eclipse.jetty.util.Callback$3@31796164 w=false
[DEBUG] completed HttpChannelState@365987cf{s=HANDLING rs=COMPLETING os=COMPLETED is=READY awp=false se=false i=false al=0}
[DEBUG] unhandle HttpChannelState@365987cf{s=HANDLING rs=COMPLETED os=COMPLETED is=READY awp=false se=false i=false al=0}
[DEBUG] nextAction(false) TERMINATED HttpChannelState@365987cf{s=IDLE rs=COMPLETED os=COMPLETED is=READY awp=false se=false i=false al=0}
[DEBUG] action TERMINATED HttpChannelOverHttp@b9cf227{s=HttpChannelState@365987cf{s=IDLE rs=COMPLETED os=COMPLETED is=READY awp=false se=false i=false al=0},r=6,c=true/true,a=IDLE,uri=//localhost:35372/EchoServlet,age=22}
[DEBUG] onCompleted for /EchoServlet written=905
[DEBUG] recycle HttpChannelState@365987cf{s=IDLE rs=COMPLETED os=COMPLETED is=READY awp=false se=false i=false al=0}
[DEBUG] reset HttpParser{s=END,0 of -1}
[DEBUG] END --> START
[DEBUG] !handle TERMINATED HttpChannelOverHttp@b9cf227{s=HttpChannelState@365987cf{s=IDLE rs=BLOCKING os=OPEN is=IDLE awp=false se=false i=true al=0},r=6,c=false/false,a=IDLE,uri=null,age=0}
[DEBUG] filled 329 HeapByteBuffer@2a66826a[p=0,l=329,c=8192,r=329]={<<<GET /CookieServlet HTTP/1...nection: keep-alive\r\n\r\n>>>\xE1\xE8/\x9d)\xC2\xDfT\xB8...\x86&h\xA0{\xC1\xC2}
[DEBUG] HttpConnection@208a985::SocketChannelEndPoint@6269d16{l=/127.0.0.1:35372,r=/127.0.0.1:60200,OPEN,fill=-,flush=-,to=0/30000}{io=0/0,kio=0,kro=1}->HttpConnection@208a985[p=HttpParser{s=START,0 of -1},g=HttpGenerator@5c958b0c{s=START}]=>HttpChannelOverHttp@b9cf227{s=HttpChannelState@365987cf{s=IDLE rs=BLOCKING os=OPEN is=IDLE awp=false se=false i=true al=0},r=6,c=false/false,a=IDLE,uri=null,age=0} filled 329 HeapByteBuffer@2a66826a[p=0,l=329,c=8192,r=329]={<<<GET /CookieServlet HTTP/1...nection: keep-alive\r\n\r\n>>>\xE1\xE8/\x9d)\xC2\xDfT\xB8...\x86&h\xA0{\xC1\xC2}
[DEBUG] HttpConnection@208a985::SocketChannelEndPoint@6269d16{l=/127.0.0.1:35372,r=/127.0.0.1:60200,OPEN,fill=-,flush=-,to=0/30000}{io=0/0,kio=0,kro=1}->HttpConnection@208a985[p=HttpParser{s=START,0 of -1},g=HttpGenerator@5c958b0c{s=START}]=>HttpChannelOverHttp@b9cf227{s=HttpChannelState@365987cf{s=IDLE rs=BLOCKING os=OPEN is=IDLE awp=false se=false i=true al=0},r=6,c=false/false,a=IDLE,uri=null,age=0} parse HeapByteBuffer@2a66826a[p=0,l=329,c=8192,r=329]={<<<GET /CookieServlet HTTP/1...nection: keep-alive\r\n\r\n>>>\xE1\xE8/\x9d)\xC2\xDfT\xB8...\x86&h\xA0{\xC1\xC2} {}
[DEBUG] parseNext s=START HeapByteBuffer@2a66826a[p=0,l=329,c=8192,r=329]={<<<GET /CookieServlet HTTP/1...nection: keep-alive\r\n\r\n>>>\xE1\xE8/\x9d)\xC2\xDfT\xB8...\x86&h\xA0{\xC1\xC2}
[DEBUG] START --> SPACE1
[DEBUG] SPACE1 --> URI
[DEBUG] URI --> SPACE2
[DEBUG] SPACE2 --> REQUEST_VERSION
[DEBUG] REQUEST_VERSION --> HEADER
[DEBUG] HEADER:Cookie --> VALUE
[DEBUG] HEADER:Cookie --> IN_VALUE
[DEBUG] HEADER:Cookie --> FIELD
[DEBUG] HEADER:Accept-Encoding: gzip --> IN_VALUE
[DEBUG] HEADER:Accept-Encoding: gzip --> FIELD
[DEBUG] HEADER:User-Agent: Mozilla/5.0 (Windows NT 10.0; Win64; x64) AppleWebKit/537.36 (KHTML, like Gecko) Chrome/79.0.3945.130 Safari/537.36 --> IN_VALUE
[DEBUG] HEADER:User-Agent: Mozilla/5.0 (Windows NT 10.0; Win64; x64) AppleWebKit/537.36 (KHTML, like Gecko) Chrome/79.0.3945.130 Safari/537.36 --> FIELD
[DEBUG] HEADER:Host: localhost:35372 --> IN_VALUE
[DEBUG] HEADER:Host: localhost:35372 --> FIELD
[DEBUG] HEADER:Accept: text/html, image/gif, image/jpeg, *; q=.2, */*; q=.2 --> IN_VALUE
[DEBUG] HEADER:Accept: text/html, image/gif, image/jpeg, *; q=.2, */*; q=.2 --> FIELD
[DEBUG] HEADER:Connection: keep-alive --> IN_VALUE
[DEBUG] HEADER:Connection: keep-alive --> FIELD
[DEBUG] HEADER --> CONTENT
[DEBUG] REQUEST for //localhost:35372/CookieServlet on HttpChannelOverHttp@b9cf227{s=HttpChannelState@365987cf{s=IDLE rs=BLOCKING os=OPEN is=IDLE awp=false se=false i=true al=0},r=7,c=false/false,a=IDLE,uri=//localhost:35372/CookieServlet,age=0}
GET //localhost:35372/CookieServlet HTTP/1.1
Cookie: One=CookieServlet; One=Root
Accept-Encoding: gzip
User-Agent: Mozilla/5.0 (Windows NT 10.0; Win64; x64) AppleWebKit/537.36 (KHTML, like Gecko) Chrome/79.0.3945.130 Safari/537.36
Host: localhost:35372
Accept: text/html, image/gif, image/jpeg, *; q=.2, */*; q=.2
Connection: keep-alive


[DEBUG] HttpConnection@208a985::SocketChannelEndPoint@6269d16{l=/127.0.0.1:35372,r=/127.0.0.1:60200,OPEN,fill=-,flush=-,to=0/30000}{io=0/0,kio=0,kro=1}->HttpConnection@208a985[p=HttpParser{s=CONTENT,0 of -1},g=HttpGenerator@5c958b0c{s=START}]=>HttpChannelOverHttp@b9cf227{s=HttpChannelState@365987cf{s=IDLE rs=BLOCKING os=OPEN is=IDLE awp=false se=false i=true al=0},r=7,c=false/false,a=IDLE,uri=//localhost:35372/CookieServlet,age=0} parsed true HttpParser{s=CONTENT,0 of -1}
[DEBUG] releaseRequestBuffer HttpConnection@208a985::SocketChannelEndPoint@6269d16{l=/127.0.0.1:35372,r=/127.0.0.1:60200,OPEN,fill=-,flush=-,to=0/30000}{io=0/0,kio=0,kro=1}->HttpConnection@208a985[p=HttpParser{s=CONTENT,0 of -1},g=HttpGenerator@5c958b0c{s=START}]=>HttpChannelOverHttp@b9cf227{s=HttpChannelState@365987cf{s=IDLE rs=BLOCKING os=OPEN is=IDLE awp=false se=false i=true al=0},r=7,c=false/false,a=IDLE,uri=//localhost:35372/CookieServlet,age=0}
[DEBUG] handle //localhost:35372/CookieServlet HttpChannelOverHttp@b9cf227{s=HttpChannelState@365987cf{s=IDLE rs=BLOCKING os=OPEN is=IDLE awp=false se=false i=true al=0},r=7,c=false/false,a=IDLE,uri=//localhost:35372/CookieServlet,age=1} 
[DEBUG] handling HttpChannelState@365987cf{s=IDLE rs=BLOCKING os=OPEN is=IDLE awp=false se=false i=true al=0}
[DEBUG] action DISPATCH HttpChannelOverHttp@b9cf227{s=HttpChannelState@365987cf{s=HANDLING rs=BLOCKING os=OPEN is=IDLE awp=false se=false i=true al=0},r=7,c=false/false,a=HANDLING,uri=//localhost:35372/CookieServlet,age=1}
[DEBUG] REQUEST GET /CookieServlet on HttpChannelOverHttp@b9cf227{s=HttpChannelState@365987cf{s=HANDLING rs=BLOCKING os=OPEN is=IDLE awp=false se=false i=true al=0},r=7,c=false/false,a=HANDLING,uri=//localhost:35372/CookieServlet,age=1}
[DEBUG] servlet null|/CookieServlet|null -> org.jsoup.integration.servlets.CookieServlet-22b53226==org.jsoup.integration.servlets.CookieServlet@50417851{jsp=null,order=-1,inst=true,async=true,src=EMBEDDED:null,STARTED}
[DEBUG] chain=null
[DEBUG] write(array HeapByteBuffer@5b35ba9f[p=0,l=7,c=512,r=7]={<<<<table>>>>>Cookie: ...\x00\x00\x00\x00\x00\x00\x00})
[DEBUG] write(array) s=OPEN,api=BLOCKING,sc=false,e=null aggregated !flush DirectByteBuffer@67223954[p=0,l=7,c=32768,r=7]={<<<<table>>>>al>One<va...gue. Pr}
[DEBUG] write(array HeapByteBuffer@21bd82dc[p=0,l=1,c=512,r=1]={<<<\n>>>table>>Co...\x00\x00\x00\x00\x00\x00\x00})
[DEBUG] write(array) s=OPEN,api=BLOCKING,sc=false,e=null aggregated !flush DirectByteBuffer@67223954[p=0,l=8,c=32768,r=8]={<<<<table>\n>>>l>One<val...gue. Pr}
[DEBUG] write(array HeapByteBuffer@5a41aab6[p=0,l=43,c=512,r=43]={<<<<tr><th>One</th><td>CookieServlet</td></tr>>>>></tr>T 1...\x00\x00\x00\x00\x00\x00\x00})
[DEBUG] write(array) s=OPEN,api=BLOCKING,sc=false,e=null aggregated !flush DirectByteBuffer@67223954[p=0,l=51,c=32768,r=51]={<<<<table>\n<tr><th>One</th><...CookieServlet</td></tr>>>><style ty...gue. Pr}
[DEBUG] write(array HeapByteBuffer@261b795b[p=0,l=1,c=512,r=1]={<<<\n>>>tr><th>On...\x00\x00\x00\x00\x00\x00\x00})
[DEBUG] write(array) s=OPEN,api=BLOCKING,sc=false,e=null aggregated !flush DirectByteBuffer@67223954[p=0,l=52,c=32768,r=52]={<<<<table>\n<tr><th>One</th><...ookieServlet</td></tr>\n>>>style typ...gue. Pr}
[DEBUG] write(array HeapByteBuffer@500cde45[p=0,l=34,c=512,r=34]={<<<<tr><th>One</th><td>Root</td></tr>>>>/td></tr>...\x00\x00\x00\x00\x00\x00\x00})
[DEBUG] write(array) s=OPEN,api=BLOCKING,sc=false,e=null aggregated !flush DirectByteBuffer@67223954[p=0,l=86,c=32768,r=86]={<<<<table>\n<tr><th>One</th><...</th><td>Root</td></tr>>>> td, th {...gue. Pr}
[DEBUG] write(array HeapByteBuffer@1dea0dfa[p=0,l=1,c=512,r=1]={<<<\n>>>tr><th>On...\x00\x00\x00\x00\x00\x00\x00})
[DEBUG] write(array) s=OPEN,api=BLOCKING,sc=false,e=null aggregated !flush DirectByteBuffer@67223954[p=0,l=87,c=32768,r=87]={<<<<table>\n<tr><th>One</th><.../th><td>Root</td></tr>\n>>>td, th {f...gue. Pr}
[DEBUG] write(array HeapByteBuffer@4a2910eb[p=0,l=8,c=512,r=8]={<<<</table>>>>One</th><...\x00\x00\x00\x00\x00\x00\x00})
[DEBUG] write(array) s=OPEN,api=BLOCKING,sc=false,e=null aggregated !flush DirectByteBuffer@67223954[p=0,l=95,c=32768,r=95]={<<<<table>\n<tr><th>One</th><...Root</td></tr>\n</table>>>>font: 10p...gue. Pr}
[DEBUG] write(array HeapByteBuffer@37056954[p=0,l=1,c=512,r=1]={<<<\n>>>/table>On...\x00\x00\x00\x00\x00\x00\x00})
[DEBUG] write(array) s=OPEN,api=BLOCKING,sc=false,e=null aggregated !flush DirectByteBuffer@67223954[p=0,l=96,c=32768,r=96]={<<<<table>\n<tr><th>One</th><...oot</td></tr>\n</table>\n>>>ont: 10pt...gue. Pr}
[DEBUG] handled=true async=false committed=false on HttpChannelOverHttp@b9cf227{s=HttpChannelState@365987cf{s=HANDLING rs=BLOCKING os=OPEN is=IDLE awp=false se=false i=true al=0},r=7,c=false/false,a=HANDLING,uri=//localhost:35372/CookieServlet,age=1}
[DEBUG] unhandle HttpChannelState@365987cf{s=HANDLING rs=BLOCKING os=OPEN is=IDLE awp=false se=false i=true al=0}
[DEBUG] nextAction(false) COMPLETE HttpChannelState@365987cf{s=HANDLING rs=COMPLETING os=OPEN is=IDLE awp=false se=false i=false al=0}
[DEBUG] action COMPLETE HttpChannelOverHttp@b9cf227{s=HttpChannelState@365987cf{s=HANDLING rs=COMPLETING os=OPEN is=IDLE awp=false se=false i=false al=0},r=7,c=false/false,a=HANDLING,uri=//localhost:35372/CookieServlet,age=1}
[DEBUG] filled 0 HeapByteBuffer@460916c[p=0,l=0,c=8192,r=0]={<<<>>>GET /Cook...\x00\x00\x00\x00\x00\x00\x00}
[DEBUG] filled 0 HeapByteBuffer@460916c[p=0,l=0,c=8192,r=0]={<<<>>>GET /Cook...\x00\x00\x00\x00\x00\x00\x00}
[DEBUG] HttpConnection@208a985::SocketChannelEndPoint@6269d16{l=/127.0.0.1:35372,r=/127.0.0.1:60200,OPEN,fill=-,flush=-,to=1/30000}{io=0/0,kio=0,kro=1}->HttpConnection@208a985[p=HttpParser{s=CONTENT,0 of -1},g=HttpGenerator@5c958b0c{s=START}]=>HttpChannelOverHttp@b9cf227{s=HttpChannelState@365987cf{s=HANDLING rs=COMPLETING os=OPEN is=IDLE awp=false se=false i=false al=0},r=7,c=false/false,a=HANDLING,uri=//localhost:35372/CookieServlet,age=1} filled 0 HeapByteBuffer@460916c[p=0,l=0,c=8192,r=0]={<<<>>>GET /Cook...\x00\x00\x00\x00\x00\x00\x00}
[DEBUG] HttpConnection@208a985::SocketChannelEndPoint@6269d16{l=/127.0.0.1:35372,r=/127.0.0.1:60200,OPEN,fill=-,flush=-,to=1/30000}{io=0/0,kio=0,kro=1}->HttpConnection@208a985[p=HttpParser{s=CONTENT,0 of -1},g=HttpGenerator@5c958b0c{s=START}]=>HttpChannelOverHttp@b9cf227{s=HttpChannelState@365987cf{s=HANDLING rs=COMPLETING os=OPEN is=IDLE awp=false se=false i=false al=0},r=7,c=false/false,a=HANDLING,uri=//localhost:35372/CookieServlet,age=1} parse HeapByteBuffer@460916c[p=0,l=0,c=8192,r=0]={<<<>>>GET /Cook...\x00\x00\x00\x00\x00\x00\x00} {}
[DEBUG] parseNext s=CONTENT HeapByteBuffer@460916c[p=0,l=0,c=8192,r=0]={<<<>>>GET /Cook...\x00\x00\x00\x00\x00\x00\x00}
[DEBUG] CONTENT --> CONTENT_END
[DEBUG] onContentComplete HttpChannelOverHttp@b9cf227{s=HttpChannelState@365987cf{s=HANDLING rs=COMPLETING os=OPEN is=IDLE awp=false se=false i=false al=0},r=7,c=false/false,a=HANDLING,uri=//localhost:35372/CookieServlet,age=1}
[DEBUG] CONTENT_END --> END
[DEBUG] onRequestComplete HttpChannelOverHttp@b9cf227{s=HttpChannelState@365987cf{s=HANDLING rs=COMPLETING os=OPEN is=IDLE awp=false se=false i=false al=0},r=7,c=false/false,a=HANDLING,uri=//localhost:35372/CookieServlet,age=2}
[DEBUG] HttpInputOverHTTP@35a18e85[c=0,q=0,[0]=null,s=STREAM] addContent EOF
[DEBUG] HttpConnection@208a985::SocketChannelEndPoint@6269d16{l=/127.0.0.1:35372,r=/127.0.0.1:60200,OPEN,fill=-,flush=-,to=1/30000}{io=0/0,kio=0,kro=1}->HttpConnection@208a985[p=HttpParser{s=END,0 of -1},g=HttpGenerator@5c958b0c{s=START}]=>HttpChannelOverHttp@b9cf227{s=HttpChannelState@365987cf{s=HANDLING rs=COMPLETING os=OPEN is=IDLE awp=false se=false i=false al=0},r=7,c=false/false,a=HANDLING,uri=//localhost:35372/CookieServlet,age=2} parsed false HttpParser{s=END,0 of -1}
[DEBUG] releaseRequestBuffer HttpConnection@208a985::SocketChannelEndPoint@6269d16{l=/127.0.0.1:35372,r=/127.0.0.1:60200,OPEN,fill=-,flush=-,to=1/30000}{io=0/0,kio=0,kro=1}->HttpConnection@208a985[p=HttpParser{s=END,0 of -1},g=HttpGenerator@5c958b0c{s=START}]=>HttpChannelOverHttp@b9cf227{s=HttpChannelState@365987cf{s=HANDLING rs=COMPLETING os=OPEN is=IDLE awp=false se=false i=false al=0},r=7,c=false/false,a=HANDLING,uri=//localhost:35372/CookieServlet,age=2}
[DEBUG] complete(org.eclipse.jetty.util.Callback$3@14d7707) s=CLOSING,api=BLOCKED,sc=false,e=null s=false e=null, c=DirectByteBuffer@67223954[p=0,l=96,c=32768,r=96]={<<<<table>\n<tr><th>One</th><...oot</td></tr>\n</table>\n>>>ont: 10pt...gue. Pr}
[DEBUG] sendResponse info=null content=DirectByteBuffer@67223954[p=0,l=96,c=32768,r=96]={<<<<table>\n<tr><th>One</th><...oot</td></tr>\n</table>\n>>>ont: 10pt...gue. Pr} complete=true committing=true callback=org.eclipse.jetty.server.HttpOutput$WriteCompleteCB@4c052f09
[DEBUG] COMMIT for /CookieServlet on HttpChannelOverHttp@b9cf227{s=HttpChannelState@365987cf{s=HANDLING rs=COMPLETING os=COMMITTED is=IDLE awp=false se=false i=false al=0},r=7,c=false/false,a=HANDLING,uri=//localhost:35372/CookieServlet,age=2}
200 null HTTP/1.1
Date: Tue, 28 Sep 2021 06:03:39 GMT
Content-Type: text/html;charset=utf-8


[DEBUG] generate: NEED_HEADER for SendCallback@5755ce19[PROCESSING][i=HTTP/1.1{s=200,h=2,cl=-1},cb=org.eclipse.jetty.server.HttpChannel$SendCallback@4ea9d02a] (null,[p=0,l=96,c=32768,r=96],true)@START
[DEBUG] generateHeaders HTTP/1.1{s=200,h=2,cl=-1} last=true content=DirectByteBuffer@67223954[p=0,l=96,c=32768,r=96]={<<<<table>\n<tr><th>One</th><...oot</td></tr>\n</table>\n>>>ont: 10pt...gue. Pr}
[DEBUG] Date: Tue, 28 Sep 2021 06:03:39 GMT
Content-Type: text/html;charset=utf-8


[DEBUG] CONTENT_LENGTH
[DEBUG] generate: FLUSH for SendCallback@5755ce19[PROCESSING][i=HTTP/1.1{s=200,h=2,cl=-1},cb=org.eclipse.jetty.server.HttpChannel$SendCallback@4ea9d02a] ([p=0,l=148,c=8192,r=148],[p=0,l=96,c=32768,r=96],true)@COMPLETING
[DEBUG] write: WriteFlusher@2aa8ba10{IDLE}->null [HeapByteBuffer@1ef04a69[p=0,l=148,c=8192,r=148]={<<<HTTP/1.1 200 OK\r\nDate: Tu...y(9.4.43.v20210629)\r\n\r\n>>>nt-Length...\xCe\x1f\xAf\xC2\x8d\xCey},DirectByteBuffer@67223954[p=0,l=96,c=32768,r=96]={<<<<table>\n<tr><th>One</th><...oot</td></tr>\n</table>\n>>>ont: 10pt...gue. Pr}]
[DEBUG] update WriteFlusher@2aa8ba10{WRITING}->null:IDLE-->WRITING
]]></system-out>
  </testcase>
  <testcase name="testPathScopedCookies" classname="org.jsoup.integration.SessionTest" time="0.063">
    <system-out><![CDATA[[DEBUG] flushed 244 SocketChannelEndPoint@6269d16{l=/127.0.0.1:35372,r=/127.0.0.1:60200,OPEN,fill=-,flush=W,to=15/30000}{io=0/0,kio=0,kro=1}->HttpConnection@208a985[p=HttpParser{s=END,0 of -1},g=HttpGenerator@5c958b0c{s=COMPLETING}]=>HttpChannelOverHttp@b9cf227{s=HttpChannelState@365987cf{s=HANDLING rs=COMPLETING os=COMMITTED is=IDLE awp=false se=false i=false al=0},r=7,c=false/false,a=HANDLING,uri=//localhost:35372/CookieServlet,age=15}
[DEBUG] Flushed=true written=244 remaining=0 WriteFlusher@2aa8ba10{WRITING}->null
[DEBUG] update WriteFlusher@2aa8ba10{IDLE}->null:WRITING-->IDLE
[DEBUG] generate: DONE for SendCallback@5755ce19[PROCESSING][i=HTTP/1.1{s=200,h=2,cl=-1},cb=org.eclipse.jetty.server.HttpChannel$SendCallback@4ea9d02a] ([p=148,l=148,c=8192,r=0],[p=96,l=96,c=32768,r=0],true)@END
[DEBUG] onWriteComplete(true,null) s=CLOSING,api=BLOCKED,sc=false,e=null->s=CLOSED,api=BLOCKING,sc=false,e=null c=null cb=org.eclipse.jetty.util.Callback$3@14d7707 w=false
[DEBUG] completed HttpChannelState@365987cf{s=HANDLING rs=COMPLETING os=COMPLETED is=IDLE awp=false se=false i=false al=0}
[DEBUG] unhandle HttpChannelState@365987cf{s=HANDLING rs=COMPLETED os=COMPLETED is=IDLE awp=false se=false i=false al=0}
[DEBUG] nextAction(false) TERMINATED HttpChannelState@365987cf{s=IDLE rs=COMPLETED os=COMPLETED is=IDLE awp=false se=false i=false al=0}
[DEBUG] action TERMINATED HttpChannelOverHttp@b9cf227{s=HttpChannelState@365987cf{s=IDLE rs=COMPLETED os=COMPLETED is=IDLE awp=false se=false i=false al=0},r=7,c=true/true,a=IDLE,uri=//localhost:35372/CookieServlet,age=16}
[DEBUG] onCompleted for /CookieServlet written=96
[DEBUG] recycle HttpChannelState@365987cf{s=IDLE rs=COMPLETED os=COMPLETED is=IDLE awp=false se=false i=false al=0}
[DEBUG] reset HttpParser{s=END,0 of -1}
[DEBUG] END --> START
[DEBUG] !handle TERMINATED HttpChannelOverHttp@b9cf227{s=HttpChannelState@365987cf{s=IDLE rs=BLOCKING os=OPEN is=IDLE awp=false se=false i=true al=0},r=7,c=false/false,a=IDLE,uri=null,age=0}
[DEBUG] filled 196 HeapByteBuffer@2a66826a[p=0,l=196,c=8192,r=196]={<<<GET /CookieServlet HTTP/1...nection: keep-alive\r\n\r\n>>>45.130 Sa...\x86&h\xA0{\xC1\xC2}
[DEBUG] HttpConnection@208a985::SocketChannelEndPoint@6269d16{l=/127.0.0.1:35372,r=/127.0.0.1:60200,OPEN,fill=-,flush=-,to=0/30000}{io=0/0,kio=0,kro=1}->HttpConnection@208a985[p=HttpParser{s=START,0 of -1},g=HttpGenerator@5c958b0c{s=START}]=>HttpChannelOverHttp@b9cf227{s=HttpChannelState@365987cf{s=IDLE rs=BLOCKING os=OPEN is=IDLE awp=false se=false i=true al=0},r=7,c=false/false,a=IDLE,uri=null,age=0} filled 196 HeapByteBuffer@2a66826a[p=0,l=196,c=8192,r=196]={<<<GET /CookieServlet HTTP/1...nection: keep-alive\r\n\r\n>>>45.130 Sa...\x86&h\xA0{\xC1\xC2}
[DEBUG] HttpConnection@208a985::SocketChannelEndPoint@6269d16{l=/127.0.0.1:35372,r=/127.0.0.1:60200,OPEN,fill=-,flush=-,to=0/30000}{io=0/0,kio=0,kro=1}->HttpConnection@208a985[p=HttpParser{s=START,0 of -1},g=HttpGenerator@5c958b0c{s=START}]=>HttpChannelOverHttp@b9cf227{s=HttpChannelState@365987cf{s=IDLE rs=BLOCKING os=OPEN is=IDLE awp=false se=false i=true al=0},r=7,c=false/false,a=IDLE,uri=null,age=0} parse HeapByteBuffer@2a66826a[p=0,l=196,c=8192,r=196]={<<<GET /CookieServlet HTTP/1...nection: keep-alive\r\n\r\n>>>45.130 Sa...\x86&h\xA0{\xC1\xC2} {}
[DEBUG] parseNext s=START HeapByteBuffer@2a66826a[p=0,l=196,c=8192,r=196]={<<<GET /CookieServlet HTTP/1...nection: keep-alive\r\n\r\n>>>45.130 Sa...\x86&h\xA0{\xC1\xC2}
[DEBUG] START --> SPACE1
[DEBUG] SPACE1 --> URI
[DEBUG] URI --> SPACE2
[DEBUG] SPACE2 --> REQUEST_VERSION
[DEBUG] REQUEST_VERSION --> HEADER
[DEBUG] HEADER:Accept-Encoding: gzip --> IN_VALUE
[DEBUG] HEADER:Accept-Encoding: gzip --> FIELD
[DEBUG] HEADER:User-Agent --> VALUE
[DEBUG] HEADER:User-Agent --> IN_VALUE
[DEBUG] HEADER:User-Agent --> FIELD
[DEBUG] HEADER:Host: localhost:35372 --> IN_VALUE
[DEBUG] HEADER:Host: localhost:35372 --> FIELD
[DEBUG] HEADER:Accept: text/html, image/gif, image/jpeg, *; q=.2, */*; q=.2 --> IN_VALUE
[DEBUG] HEADER:Accept: text/html, image/gif, image/jpeg, *; q=.2, */*; q=.2 --> FIELD
[DEBUG] HEADER:Connection: keep-alive --> IN_VALUE
[DEBUG] HEADER:Connection: keep-alive --> FIELD
[DEBUG] HEADER --> CONTENT
[DEBUG] REQUEST for //localhost:35372/CookieServlet on HttpChannelOverHttp@b9cf227{s=HttpChannelState@365987cf{s=IDLE rs=BLOCKING os=OPEN is=IDLE awp=false se=false i=true al=0},r=8,c=false/false,a=IDLE,uri=//localhost:35372/CookieServlet,age=0}
GET //localhost:35372/CookieServlet HTTP/1.1
Accept-Encoding: gzip
User-Agent: Jsoup Testalot v0.1
Host: localhost:35372
Accept: text/html, image/gif, image/jpeg, *; q=.2, */*; q=.2
Connection: keep-alive


[DEBUG] HttpConnection@208a985::SocketChannelEndPoint@6269d16{l=/127.0.0.1:35372,r=/127.0.0.1:60200,OPEN,fill=-,flush=-,to=0/30000}{io=0/0,kio=0,kro=1}->HttpConnection@208a985[p=HttpParser{s=CONTENT,0 of -1},g=HttpGenerator@5c958b0c{s=START}]=>HttpChannelOverHttp@b9cf227{s=HttpChannelState@365987cf{s=IDLE rs=BLOCKING os=OPEN is=IDLE awp=false se=false i=true al=0},r=8,c=false/false,a=IDLE,uri=//localhost:35372/CookieServlet,age=0} parsed true HttpParser{s=CONTENT,0 of -1}
[DEBUG] releaseRequestBuffer HttpConnection@208a985::SocketChannelEndPoint@6269d16{l=/127.0.0.1:35372,r=/127.0.0.1:60200,OPEN,fill=-,flush=-,to=0/30000}{io=0/0,kio=0,kro=1}->HttpConnection@208a985[p=HttpParser{s=CONTENT,0 of -1},g=HttpGenerator@5c958b0c{s=START}]=>HttpChannelOverHttp@b9cf227{s=HttpChannelState@365987cf{s=IDLE rs=BLOCKING os=OPEN is=IDLE awp=false se=false i=true al=0},r=8,c=false/false,a=IDLE,uri=//localhost:35372/CookieServlet,age=0}
[DEBUG] handle //localhost:35372/CookieServlet HttpChannelOverHttp@b9cf227{s=HttpChannelState@365987cf{s=IDLE rs=BLOCKING os=OPEN is=IDLE awp=false se=false i=true al=0},r=8,c=false/false,a=IDLE,uri=//localhost:35372/CookieServlet,age=1} 
[DEBUG] handling HttpChannelState@365987cf{s=IDLE rs=BLOCKING os=OPEN is=IDLE awp=false se=false i=true al=0}
[DEBUG] action DISPATCH HttpChannelOverHttp@b9cf227{s=HttpChannelState@365987cf{s=HANDLING rs=BLOCKING os=OPEN is=IDLE awp=false se=false i=true al=0},r=8,c=false/false,a=HANDLING,uri=//localhost:35372/CookieServlet,age=1}
[DEBUG] REQUEST GET /CookieServlet on HttpChannelOverHttp@b9cf227{s=HttpChannelState@365987cf{s=HANDLING rs=BLOCKING os=OPEN is=IDLE awp=false se=false i=true al=0},r=8,c=false/false,a=HANDLING,uri=//localhost:35372/CookieServlet,age=1}
[DEBUG] servlet null|/CookieServlet|null -> org.jsoup.integration.servlets.CookieServlet-22b53226==org.jsoup.integration.servlets.CookieServlet@50417851{jsp=null,order=-1,inst=true,async=true,src=EMBEDDED:null,STARTED}
[DEBUG] chain=null
[DEBUG] write(array HeapByteBuffer@527a4f62[p=0,l=7,c=512,r=7]={<<<<table>>>>>One</th>...\x00\x00\x00\x00\x00\x00\x00})
[DEBUG] write(array) s=OPEN,api=BLOCKING,sc=false,e=null aggregated !flush DirectByteBuffer@341ca971[p=0,l=7,c=32768,r=7]={<<<<table>>>>al>One<va...gue. Pr}
[DEBUG] write(array HeapByteBuffer@38e5ff65[p=0,l=1,c=512,r=1]={<<<\n>>>table>>On...\x00\x00\x00\x00\x00\x00\x00})
[DEBUG] write(array) s=OPEN,api=BLOCKING,sc=false,e=null aggregated !flush DirectByteBuffer@341ca971[p=0,l=8,c=32768,r=8]={<<<<table>\n>>>l>One<val...gue. Pr}
[DEBUG] write(array HeapByteBuffer@5d7de217[p=0,l=8,c=512,r=8]={<<<</table>>>>One</th><...\x00\x00\x00\x00\x00\x00\x00})
[DEBUG] write(array) s=OPEN,api=BLOCKING,sc=false,e=null aggregated !flush DirectByteBuffer@341ca971[p=0,l=16,c=32768,r=16]={<<<<table>\n</table>>>>l>Two</va...gue. Pr}
[DEBUG] write(array HeapByteBuffer@5dd55112[p=0,l=1,c=512,r=1]={<<<\n>>>/table>On...\x00\x00\x00\x00\x00\x00\x00})
[DEBUG] write(array) s=OPEN,api=BLOCKING,sc=false,e=null aggregated !flush DirectByteBuffer@341ca971[p=0,l=17,c=32768,r=17]={<<<<table>\n</table>\n>>>>Two</val...gue. Pr}
[DEBUG] handled=true async=false committed=false on HttpChannelOverHttp@b9cf227{s=HttpChannelState@365987cf{s=HANDLING rs=BLOCKING os=OPEN is=IDLE awp=false se=false i=true al=0},r=8,c=false/false,a=HANDLING,uri=//localhost:35372/CookieServlet,age=1}
[DEBUG] unhandle HttpChannelState@365987cf{s=HANDLING rs=BLOCKING os=OPEN is=IDLE awp=false se=false i=true al=0}
[DEBUG] nextAction(false) COMPLETE HttpChannelState@365987cf{s=HANDLING rs=COMPLETING os=OPEN is=IDLE awp=false se=false i=false al=0}
[DEBUG] action COMPLETE HttpChannelOverHttp@b9cf227{s=HttpChannelState@365987cf{s=HANDLING rs=COMPLETING os=OPEN is=IDLE awp=false se=false i=false al=0},r=8,c=false/false,a=HANDLING,uri=//localhost:35372/CookieServlet,age=1}
[DEBUG] filled 0 HeapByteBuffer@460916c[p=0,l=0,c=8192,r=0]={<<<>>>GET /Cook...\x00\x00\x00\x00\x00\x00\x00}
[DEBUG] filled 0 HeapByteBuffer@460916c[p=0,l=0,c=8192,r=0]={<<<>>>GET /Cook...\x00\x00\x00\x00\x00\x00\x00}
[DEBUG] HttpConnection@208a985::SocketChannelEndPoint@6269d16{l=/127.0.0.1:35372,r=/127.0.0.1:60200,OPEN,fill=-,flush=-,to=1/30000}{io=0/0,kio=0,kro=1}->HttpConnection@208a985[p=HttpParser{s=CONTENT,0 of -1},g=HttpGenerator@5c958b0c{s=START}]=>HttpChannelOverHttp@b9cf227{s=HttpChannelState@365987cf{s=HANDLING rs=COMPLETING os=OPEN is=IDLE awp=false se=false i=false al=0},r=8,c=false/false,a=HANDLING,uri=//localhost:35372/CookieServlet,age=1} filled 0 HeapByteBuffer@460916c[p=0,l=0,c=8192,r=0]={<<<>>>GET /Cook...\x00\x00\x00\x00\x00\x00\x00}
[DEBUG] HttpConnection@208a985::SocketChannelEndPoint@6269d16{l=/127.0.0.1:35372,r=/127.0.0.1:60200,OPEN,fill=-,flush=-,to=1/30000}{io=0/0,kio=0,kro=1}->HttpConnection@208a985[p=HttpParser{s=CONTENT,0 of -1},g=HttpGenerator@5c958b0c{s=START}]=>HttpChannelOverHttp@b9cf227{s=HttpChannelState@365987cf{s=HANDLING rs=COMPLETING os=OPEN is=IDLE awp=false se=false i=false al=0},r=8,c=false/false,a=HANDLING,uri=//localhost:35372/CookieServlet,age=1} parse HeapByteBuffer@460916c[p=0,l=0,c=8192,r=0]={<<<>>>GET /Cook...\x00\x00\x00\x00\x00\x00\x00} {}
[DEBUG] parseNext s=CONTENT HeapByteBuffer@460916c[p=0,l=0,c=8192,r=0]={<<<>>>GET /Cook...\x00\x00\x00\x00\x00\x00\x00}
[DEBUG] CONTENT --> CONTENT_END
[DEBUG] onContentComplete HttpChannelOverHttp@b9cf227{s=HttpChannelState@365987cf{s=HANDLING rs=COMPLETING os=OPEN is=IDLE awp=false se=false i=false al=0},r=8,c=false/false,a=HANDLING,uri=//localhost:35372/CookieServlet,age=1}
[DEBUG] CONTENT_END --> END
[DEBUG] onRequestComplete HttpChannelOverHttp@b9cf227{s=HttpChannelState@365987cf{s=HANDLING rs=COMPLETING os=OPEN is=IDLE awp=false se=false i=false al=0},r=8,c=false/false,a=HANDLING,uri=//localhost:35372/CookieServlet,age=1}
[DEBUG] HttpInputOverHTTP@35a18e85[c=0,q=0,[0]=null,s=STREAM] addContent EOF
[DEBUG] HttpConnection@208a985::SocketChannelEndPoint@6269d16{l=/127.0.0.1:35372,r=/127.0.0.1:60200,OPEN,fill=-,flush=-,to=1/30000}{io=0/0,kio=0,kro=1}->HttpConnection@208a985[p=HttpParser{s=END,0 of -1},g=HttpGenerator@5c958b0c{s=START}]=>HttpChannelOverHttp@b9cf227{s=HttpChannelState@365987cf{s=HANDLING rs=COMPLETING os=OPEN is=IDLE awp=false se=false i=false al=0},r=8,c=false/false,a=HANDLING,uri=//localhost:35372/CookieServlet,age=1} parsed false HttpParser{s=END,0 of -1}
[DEBUG] releaseRequestBuffer HttpConnection@208a985::SocketChannelEndPoint@6269d16{l=/127.0.0.1:35372,r=/127.0.0.1:60200,OPEN,fill=-,flush=-,to=1/30000}{io=0/0,kio=0,kro=1}->HttpConnection@208a985[p=HttpParser{s=END,0 of -1},g=HttpGenerator@5c958b0c{s=START}]=>HttpChannelOverHttp@b9cf227{s=HttpChannelState@365987cf{s=HANDLING rs=COMPLETING os=OPEN is=IDLE awp=false se=false i=false al=0},r=8,c=false/false,a=HANDLING,uri=//localhost:35372/CookieServlet,age=2}
[DEBUG] complete(org.eclipse.jetty.util.Callback$3@5d540495) s=CLOSING,api=BLOCKED,sc=false,e=null s=false e=null, c=DirectByteBuffer@341ca971[p=0,l=17,c=32768,r=17]={<<<<table>\n</table>\n>>>>Two</val...gue. Pr}
[DEBUG] sendResponse info=null content=DirectByteBuffer@341ca971[p=0,l=17,c=32768,r=17]={<<<<table>\n</table>\n>>>>Two</val...gue. Pr} complete=true committing=true callback=org.eclipse.jetty.server.HttpOutput$WriteCompleteCB@4a5dd68d
[DEBUG] COMMIT for /CookieServlet on HttpChannelOverHttp@b9cf227{s=HttpChannelState@365987cf{s=HANDLING rs=COMPLETING os=COMMITTED is=IDLE awp=false se=false i=false al=0},r=8,c=false/false,a=HANDLING,uri=//localhost:35372/CookieServlet,age=2}
200 null HTTP/1.1
Date: Tue, 28 Sep 2021 06:03:39 GMT
Content-Type: text/html;charset=utf-8


[DEBUG] generate: NEED_HEADER for SendCallback@5755ce19[PROCESSING][i=HTTP/1.1{s=200,h=2,cl=-1},cb=org.eclipse.jetty.server.HttpChannel$SendCallback@7802f88b] (null,[p=0,l=17,c=32768,r=17],true)@START
[DEBUG] generateHeaders HTTP/1.1{s=200,h=2,cl=-1} last=true content=DirectByteBuffer@341ca971[p=0,l=17,c=32768,r=17]={<<<<table>\n</table>\n>>>>Two</val...gue. Pr}
[DEBUG] Date: Tue, 28 Sep 2021 06:03:39 GMT
Content-Type: text/html;charset=utf-8


[DEBUG] CONTENT_LENGTH
[DEBUG] generate: FLUSH for SendCallback@5755ce19[PROCESSING][i=HTTP/1.1{s=200,h=2,cl=-1},cb=org.eclipse.jetty.server.HttpChannel$SendCallback@7802f88b] ([p=0,l=148,c=8192,r=148],[p=0,l=17,c=32768,r=17],true)@COMPLETING
[DEBUG] write: WriteFlusher@2aa8ba10{IDLE}->null [HeapByteBuffer@1ef04a69[p=0,l=148,c=8192,r=148]={<<<HTTP/1.1 200 OK\r\nDate: Tu...y(9.4.43.v20210629)\r\n\r\n>>>nt-Length...\xCe\x1f\xAf\xC2\x8d\xCey},DirectByteBuffer@341ca971[p=0,l=17,c=32768,r=17]={<<<<table>\n</table>\n>>>>Two</val...gue. Pr}]
[DEBUG] update WriteFlusher@2aa8ba10{WRITING}->null:IDLE-->WRITING
[DEBUG] flushed 165 SocketChannelEndPoint@6269d16{l=/127.0.0.1:35372,r=/127.0.0.1:60200,OPEN,fill=-,flush=W,to=4/30000}{io=0/0,kio=0,kro=1}->HttpConnection@208a985[p=HttpParser{s=END,0 of -1},g=HttpGenerator@5c958b0c{s=COMPLETING}]=>HttpChannelOverHttp@b9cf227{s=HttpChannelState@365987cf{s=HANDLING rs=COMPLETING os=COMMITTED is=IDLE awp=false se=false i=false al=0},r=8,c=false/false,a=HANDLING,uri=//localhost:35372/CookieServlet,age=4}
[DEBUG] Flushed=true written=165 remaining=0 WriteFlusher@2aa8ba10{WRITING}->null
[DEBUG] update WriteFlusher@2aa8ba10{IDLE}->null:WRITING-->IDLE
[DEBUG] generate: DONE for SendCallback@5755ce19[PROCESSING][i=HTTP/1.1{s=200,h=2,cl=-1},cb=org.eclipse.jetty.server.HttpChannel$SendCallback@7802f88b] ([p=148,l=148,c=8192,r=0],[p=17,l=17,c=32768,r=0],true)@END
[DEBUG] onWriteComplete(true,null) s=CLOSING,api=BLOCKED,sc=false,e=null->s=CLOSED,api=BLOCKING,sc=false,e=null c=null cb=org.eclipse.jetty.util.Callback$3@5d540495 w=false
[DEBUG] completed HttpChannelState@365987cf{s=HANDLING rs=COMPLETING os=COMPLETED is=IDLE awp=false se=false i=false al=0}
[DEBUG] unhandle HttpChannelState@365987cf{s=HANDLING rs=COMPLETED os=COMPLETED is=IDLE awp=false se=false i=false al=0}
[DEBUG] nextAction(false) TERMINATED HttpChannelState@365987cf{s=IDLE rs=COMPLETED os=COMPLETED is=IDLE awp=false se=false i=false al=0}
[DEBUG] action TERMINATED HttpChannelOverHttp@b9cf227{s=HttpChannelState@365987cf{s=IDLE rs=COMPLETED os=COMPLETED is=IDLE awp=false se=false i=false al=0},r=8,c=true/true,a=IDLE,uri=//localhost:35372/CookieServlet,age=4}
[DEBUG] onCompleted for /CookieServlet written=17
[DEBUG] recycle HttpChannelState@365987cf{s=IDLE rs=COMPLETED os=COMPLETED is=IDLE awp=false se=false i=false al=0}
[DEBUG] reset HttpParser{s=END,0 of -1}
[DEBUG] END --> START
[DEBUG] !handle TERMINATED HttpChannelOverHttp@b9cf227{s=HttpChannelState@365987cf{s=IDLE rs=BLOCKING os=OPEN is=IDLE awp=false se=false i=true al=0},r=8,c=false/false,a=IDLE,uri=null,age=0}
[DEBUG] filled 209 HeapByteBuffer@2a66826a[p=0,l=209,c=8192,r=209]={<<<GET /CookieServlet?setCoo...nection: keep-alive\r\n\r\n>>>/537.36\r\n...\x86&h\xA0{\xC1\xC2}
[DEBUG] HttpConnection@208a985::SocketChannelEndPoint@6269d16{l=/127.0.0.1:35372,r=/127.0.0.1:60200,OPEN,fill=-,flush=-,to=0/30000}{io=0/0,kio=0,kro=1}->HttpConnection@208a985[p=HttpParser{s=START,0 of -1},g=HttpGenerator@5c958b0c{s=START}]=>HttpChannelOverHttp@b9cf227{s=HttpChannelState@365987cf{s=IDLE rs=BLOCKING os=OPEN is=IDLE awp=false se=false i=true al=0},r=8,c=false/false,a=IDLE,uri=null,age=0} filled 209 HeapByteBuffer@2a66826a[p=0,l=209,c=8192,r=209]={<<<GET /CookieServlet?setCoo...nection: keep-alive\r\n\r\n>>>/537.36\r\n...\x86&h\xA0{\xC1\xC2}
[DEBUG] HttpConnection@208a985::SocketChannelEndPoint@6269d16{l=/127.0.0.1:35372,r=/127.0.0.1:60200,OPEN,fill=-,flush=-,to=0/30000}{io=0/0,kio=0,kro=1}->HttpConnection@208a985[p=HttpParser{s=START,0 of -1},g=HttpGenerator@5c958b0c{s=START}]=>HttpChannelOverHttp@b9cf227{s=HttpChannelState@365987cf{s=IDLE rs=BLOCKING os=OPEN is=IDLE awp=false se=false i=true al=0},r=8,c=false/false,a=IDLE,uri=null,age=0} parse HeapByteBuffer@2a66826a[p=0,l=209,c=8192,r=209]={<<<GET /CookieServlet?setCoo...nection: keep-alive\r\n\r\n>>>/537.36\r\n...\x86&h\xA0{\xC1\xC2} {}
[DEBUG] parseNext s=START HeapByteBuffer@2a66826a[p=0,l=209,c=8192,r=209]={<<<GET /CookieServlet?setCoo...nection: keep-alive\r\n\r\n>>>/537.36\r\n...\x86&h\xA0{\xC1\xC2}
[DEBUG] START --> SPACE1
[DEBUG] SPACE1 --> URI
[DEBUG] URI --> SPACE2
[DEBUG] SPACE2 --> REQUEST_VERSION
[DEBUG] REQUEST_VERSION --> HEADER
[DEBUG] HEADER:Accept-Encoding: gzip --> IN_VALUE
[DEBUG] HEADER:Accept-Encoding: gzip --> FIELD
[DEBUG] HEADER:User-Agent: Jsoup Testalot v0.1 --> IN_VALUE
[DEBUG] HEADER:User-Agent: Jsoup Testalot v0.1 --> FIELD
[DEBUG] HEADER:Host: localhost:35372 --> IN_VALUE
[DEBUG] HEADER:Host: localhost:35372 --> FIELD
[DEBUG] HEADER:Accept: text/html, image/gif, image/jpeg, *; q=.2, */*; q=.2 --> IN_VALUE
[DEBUG] HEADER:Accept: text/html, image/gif, image/jpeg, *; q=.2, */*; q=.2 --> FIELD
[DEBUG] HEADER:Connection: keep-alive --> IN_VALUE
[DEBUG] HEADER:Connection: keep-alive --> FIELD
[DEBUG] HEADER --> CONTENT
[DEBUG] REQUEST for //localhost:35372/CookieServlet?setCookies=1 on HttpChannelOverHttp@b9cf227{s=HttpChannelState@365987cf{s=IDLE rs=BLOCKING os=OPEN is=IDLE awp=false se=false i=true al=0},r=9,c=false/false,a=IDLE,uri=//localhost:35372/CookieServlet?setCookies=1,age=0}
GET //localhost:35372/CookieServlet?setCookies=1 HTTP/1.1
Accept-Encoding: gzip
User-Agent: Jsoup Testalot v0.1
Host: localhost:35372
Accept: text/html, image/gif, image/jpeg, *; q=.2, */*; q=.2
Connection: keep-alive


[DEBUG] HttpConnection@208a985::SocketChannelEndPoint@6269d16{l=/127.0.0.1:35372,r=/127.0.0.1:60200,OPEN,fill=-,flush=-,to=0/30000}{io=0/0,kio=0,kro=1}->HttpConnection@208a985[p=HttpParser{s=CONTENT,0 of -1},g=HttpGenerator@5c958b0c{s=START}]=>HttpChannelOverHttp@b9cf227{s=HttpChannelState@365987cf{s=IDLE rs=BLOCKING os=OPEN is=IDLE awp=false se=false i=true al=0},r=9,c=false/false,a=IDLE,uri=//localhost:35372/CookieServlet?setCookies=1,age=0} parsed true HttpParser{s=CONTENT,0 of -1}
[DEBUG] releaseRequestBuffer HttpConnection@208a985::SocketChannelEndPoint@6269d16{l=/127.0.0.1:35372,r=/127.0.0.1:60200,OPEN,fill=-,flush=-,to=0/30000}{io=0/0,kio=0,kro=1}->HttpConnection@208a985[p=HttpParser{s=CONTENT,0 of -1},g=HttpGenerator@5c958b0c{s=START}]=>HttpChannelOverHttp@b9cf227{s=HttpChannelState@365987cf{s=IDLE rs=BLOCKING os=OPEN is=IDLE awp=false se=false i=true al=0},r=9,c=false/false,a=IDLE,uri=//localhost:35372/CookieServlet?setCookies=1,age=0}
[DEBUG] handle //localhost:35372/CookieServlet?setCookies=1 HttpChannelOverHttp@b9cf227{s=HttpChannelState@365987cf{s=IDLE rs=BLOCKING os=OPEN is=IDLE awp=false se=false i=true al=0},r=9,c=false/false,a=IDLE,uri=//localhost:35372/CookieServlet?setCookies=1,age=0} 
[DEBUG] handling HttpChannelState@365987cf{s=IDLE rs=BLOCKING os=OPEN is=IDLE awp=false se=false i=true al=0}
[DEBUG] action DISPATCH HttpChannelOverHttp@b9cf227{s=HttpChannelState@365987cf{s=HANDLING rs=BLOCKING os=OPEN is=IDLE awp=false se=false i=true al=0},r=9,c=false/false,a=HANDLING,uri=//localhost:35372/CookieServlet?setCookies=1,age=0}
[DEBUG] REQUEST GET /CookieServlet on HttpChannelOverHttp@b9cf227{s=HttpChannelState@365987cf{s=HANDLING rs=BLOCKING os=OPEN is=IDLE awp=false se=false i=true al=0},r=9,c=false/false,a=HANDLING,uri=//localhost:35372/CookieServlet?setCookies=1,age=0}
[DEBUG] servlet null|/CookieServlet|null -> org.jsoup.integration.servlets.CookieServlet-22b53226==org.jsoup.integration.servlets.CookieServlet@50417851{jsp=null,order=-1,inst=true,async=true,src=EMBEDDED:null,STARTED}
[DEBUG] chain=null
[DEBUG] write(array HeapByteBuffer@fa87b58[p=0,l=7,c=512,r=7]={<<<<table>>>>>One</th>...\x00\x00\x00\x00\x00\x00\x00})
[DEBUG] write(array) s=OPEN,api=BLOCKING,sc=false,e=null aggregated !flush DirectByteBuffer@7c27fa39[p=0,l=7,c=32768,r=7]={<<<<table>>>>Webserver...gue. Pr}
[DEBUG] write(array HeapByteBuffer@72a5a694[p=0,l=1,c=512,r=1]={<<<\n>>>table>>On...\x00\x00\x00\x00\x00\x00\x00})
[DEBUG] write(array) s=OPEN,api=BLOCKING,sc=false,e=null aggregated !flush DirectByteBuffer@7c27fa39[p=0,l=8,c=32768,r=8]={<<<<table>\n>>>ebserver ...gue. Pr}
[DEBUG] write(array HeapByteBuffer@5668fff3[p=0,l=8,c=512,r=8]={<<<</table>>>>One</th><...\x00\x00\x00\x00\x00\x00\x00})
[DEBUG] write(array) s=OPEN,api=BLOCKING,sc=false,e=null aggregated !flush DirectByteBuffer@7c27fa39[p=0,l=16,c=32768,r=16]={<<<<table>\n</table>>>> Environm...gue. Pr}
[DEBUG] write(array HeapByteBuffer@39419315[p=0,l=1,c=512,r=1]={<<<\n>>>/table>On...\x00\x00\x00\x00\x00\x00\x00})
[DEBUG] write(array) s=OPEN,api=BLOCKING,sc=false,e=null aggregated !flush DirectByteBuffer@7c27fa39[p=0,l=17,c=32768,r=17]={<<<<table>\n</table>\n>>>Environme...gue. Pr}
[DEBUG] handled=true async=false committed=false on HttpChannelOverHttp@b9cf227{s=HttpChannelState@365987cf{s=HANDLING rs=BLOCKING os=OPEN is=IDLE awp=false se=false i=true al=0},r=9,c=false/false,a=HANDLING,uri=//localhost:35372/CookieServlet?setCookies=1,age=1}
[DEBUG] unhandle HttpChannelState@365987cf{s=HANDLING rs=BLOCKING os=OPEN is=IDLE awp=false se=false i=true al=0}
[DEBUG] nextAction(false) COMPLETE HttpChannelState@365987cf{s=HANDLING rs=COMPLETING os=OPEN is=IDLE awp=false se=false i=false al=0}
[DEBUG] action COMPLETE HttpChannelOverHttp@b9cf227{s=HttpChannelState@365987cf{s=HANDLING rs=COMPLETING os=OPEN is=IDLE awp=false se=false i=false al=0},r=9,c=false/false,a=HANDLING,uri=//localhost:35372/CookieServlet?setCookies=1,age=1}
[DEBUG] filled 0 HeapByteBuffer@460916c[p=0,l=0,c=8192,r=0]={<<<>>>GET /Cook...\x00\x00\x00\x00\x00\x00\x00}
[DEBUG] filled 0 HeapByteBuffer@460916c[p=0,l=0,c=8192,r=0]={<<<>>>GET /Cook...\x00\x00\x00\x00\x00\x00\x00}
[DEBUG] HttpConnection@208a985::SocketChannelEndPoint@6269d16{l=/127.0.0.1:35372,r=/127.0.0.1:60200,OPEN,fill=-,flush=-,to=1/30000}{io=0/0,kio=0,kro=1}->HttpConnection@208a985[p=HttpParser{s=CONTENT,0 of -1},g=HttpGenerator@5c958b0c{s=START}]=>HttpChannelOverHttp@b9cf227{s=HttpChannelState@365987cf{s=HANDLING rs=COMPLETING os=OPEN is=IDLE awp=false se=false i=false al=0},r=9,c=false/false,a=HANDLING,uri=//localhost:35372/CookieServlet?setCookies=1,age=1} filled 0 HeapByteBuffer@460916c[p=0,l=0,c=8192,r=0]={<<<>>>GET /Cook...\x00\x00\x00\x00\x00\x00\x00}
[DEBUG] HttpConnection@208a985::SocketChannelEndPoint@6269d16{l=/127.0.0.1:35372,r=/127.0.0.1:60200,OPEN,fill=-,flush=-,to=1/30000}{io=0/0,kio=0,kro=1}->HttpConnection@208a985[p=HttpParser{s=CONTENT,0 of -1},g=HttpGenerator@5c958b0c{s=START}]=>HttpChannelOverHttp@b9cf227{s=HttpChannelState@365987cf{s=HANDLING rs=COMPLETING os=OPEN is=IDLE awp=false se=false i=false al=0},r=9,c=false/false,a=HANDLING,uri=//localhost:35372/CookieServlet?setCookies=1,age=1} parse HeapByteBuffer@460916c[p=0,l=0,c=8192,r=0]={<<<>>>GET /Cook...\x00\x00\x00\x00\x00\x00\x00} {}
[DEBUG] parseNext s=CONTENT HeapByteBuffer@460916c[p=0,l=0,c=8192,r=0]={<<<>>>GET /Cook...\x00\x00\x00\x00\x00\x00\x00}
[DEBUG] CONTENT --> CONTENT_END
[DEBUG] onContentComplete HttpChannelOverHttp@b9cf227{s=HttpChannelState@365987cf{s=HANDLING rs=COMPLETING os=OPEN is=IDLE awp=false se=false i=false al=0},r=9,c=false/false,a=HANDLING,uri=//localhost:35372/CookieServlet?setCookies=1,age=1}
[DEBUG] CONTENT_END --> END
[DEBUG] onRequestComplete HttpChannelOverHttp@b9cf227{s=HttpChannelState@365987cf{s=HANDLING rs=COMPLETING os=OPEN is=IDLE awp=false se=false i=false al=0},r=9,c=false/false,a=HANDLING,uri=//localhost:35372/CookieServlet?setCookies=1,age=1}
[DEBUG] HttpInputOverHTTP@35a18e85[c=0,q=0,[0]=null,s=STREAM] addContent EOF
[DEBUG] HttpConnection@208a985::SocketChannelEndPoint@6269d16{l=/127.0.0.1:35372,r=/127.0.0.1:60200,OPEN,fill=-,flush=-,to=1/30000}{io=0/0,kio=0,kro=1}->HttpConnection@208a985[p=HttpParser{s=END,0 of -1},g=HttpGenerator@5c958b0c{s=START}]=>HttpChannelOverHttp@b9cf227{s=HttpChannelState@365987cf{s=HANDLING rs=COMPLETING os=OPEN is=IDLE awp=false se=false i=false al=0},r=9,c=false/false,a=HANDLING,uri=//localhost:35372/CookieServlet?setCookies=1,age=1} parsed false HttpParser{s=END,0 of -1}
[DEBUG] releaseRequestBuffer HttpConnection@208a985::SocketChannelEndPoint@6269d16{l=/127.0.0.1:35372,r=/127.0.0.1:60200,OPEN,fill=-,flush=-,to=1/30000}{io=0/0,kio=0,kro=1}->HttpConnection@208a985[p=HttpParser{s=END,0 of -1},g=HttpGenerator@5c958b0c{s=START}]=>HttpChannelOverHttp@b9cf227{s=HttpChannelState@365987cf{s=HANDLING rs=COMPLETING os=OPEN is=IDLE awp=false se=false i=false al=0},r=9,c=false/false,a=HANDLING,uri=//localhost:35372/CookieServlet?setCookies=1,age=1}
[DEBUG] complete(org.eclipse.jetty.util.Callback$3@757f4dde) s=CLOSING,api=BLOCKED,sc=false,e=null s=false e=null, c=DirectByteBuffer@7c27fa39[p=0,l=17,c=32768,r=17]={<<<<table>\n</table>\n>>>Environme...gue. Pr}
[DEBUG] sendResponse info=null content=DirectByteBuffer@7c27fa39[p=0,l=17,c=32768,r=17]={<<<<table>\n</table>\n>>>Environme...gue. Pr} complete=true committing=true callback=org.eclipse.jetty.server.HttpOutput$WriteCompleteCB@2ab1c4e3
[DEBUG] COMMIT for /CookieServlet on HttpChannelOverHttp@b9cf227{s=HttpChannelState@365987cf{s=HANDLING rs=COMPLETING os=COMMITTED is=IDLE awp=false se=false i=false al=0},r=9,c=false/false,a=HANDLING,uri=//localhost:35372/CookieServlet?setCookies=1,age=1}
200 null HTTP/1.1
Date: Tue, 28 Sep 2021 06:03:39 GMT
Set-Cookie: One=Root; Path=/
Expires: Thu, 01 Jan 1970 00:00:00 GMT
Set-Cookie: One=CookieServlet; Path=/CookieServlet; HttpOnly
Set-Cookie: One=EchoServlet; Path=/EchoServlet
Content-Type: text/html;charset=utf-8


[DEBUG] generate: NEED_HEADER for SendCallback@5755ce19[PROCESSING][i=HTTP/1.1{s=200,h=6,cl=-1},cb=org.eclipse.jetty.server.HttpChannel$SendCallback@3b372121] (null,[p=0,l=17,c=32768,r=17],true)@START
[DEBUG] generateHeaders HTTP/1.1{s=200,h=6,cl=-1} last=true content=DirectByteBuffer@7c27fa39[p=0,l=17,c=32768,r=17]={<<<<table>\n</table>\n>>>Environme...gue. Pr}
[DEBUG] Date: Tue, 28 Sep 2021 06:03:39 GMT
Set-Cookie: One=Root; Path=/
Expires: Thu, 01 Jan 1970 00:00:00 GMT
Set-Cookie: One=CookieServlet; Path=/CookieServlet; HttpOnly
Set-Cookie: One=EchoServlet; Path=/EchoServlet
Content-Type: text/html;charset=utf-8


[DEBUG] CONTENT_LENGTH
[DEBUG] generate: FLUSH for SendCallback@5755ce19[PROCESSING][i=HTTP/1.1{s=200,h=6,cl=-1},cb=org.eclipse.jetty.server.HttpChannel$SendCallback@3b372121] ([p=0,l=328,c=8192,r=328],[p=0,l=17,c=32768,r=17],true)@COMPLETING
[DEBUG] write: WriteFlusher@2aa8ba10{IDLE}->null [HeapByteBuffer@1ef04a69[p=0,l=328,c=8192,r=328]={<<<HTTP/1.1 200 OK\r\nDate: Tu...y(9.4.43.v20210629)\r\n\r\n>>>0629)\r\n\r\n...\xCe\x1f\xAf\xC2\x8d\xCey},DirectByteBuffer@7c27fa39[p=0,l=17,c=32768,r=17]={<<<<table>\n</table>\n>>>Environme...gue. Pr}]
[DEBUG] update WriteFlusher@2aa8ba10{WRITING}->null:IDLE-->WRITING
[DEBUG] flushed 345 SocketChannelEndPoint@6269d16{l=/127.0.0.1:35372,r=/127.0.0.1:60200,OPEN,fill=-,flush=W,to=6/30000}{io=0/0,kio=0,kro=1}->HttpConnection@208a985[p=HttpParser{s=END,0 of -1},g=HttpGenerator@5c958b0c{s=COMPLETING}]=>HttpChannelOverHttp@b9cf227{s=HttpChannelState@365987cf{s=HANDLING rs=COMPLETING os=COMMITTED is=IDLE awp=false se=false i=false al=0},r=9,c=false/false,a=HANDLING,uri=//localhost:35372/CookieServlet?setCookies=1,age=6}
[DEBUG] Flushed=true written=345 remaining=0 WriteFlusher@2aa8ba10{WRITING}->null
[DEBUG] update WriteFlusher@2aa8ba10{IDLE}->null:WRITING-->IDLE
[DEBUG] generate: DONE for SendCallback@5755ce19[PROCESSING][i=HTTP/1.1{s=200,h=6,cl=-1},cb=org.eclipse.jetty.server.HttpChannel$SendCallback@3b372121] ([p=328,l=328,c=8192,r=0],[p=17,l=17,c=32768,r=0],true)@END
[DEBUG] onWriteComplete(true,null) s=CLOSING,api=BLOCKED,sc=false,e=null->s=CLOSED,api=BLOCKING,sc=false,e=null c=null cb=org.eclipse.jetty.util.Callback$3@757f4dde w=false
[DEBUG] completed HttpChannelState@365987cf{s=HANDLING rs=COMPLETING os=COMPLETED is=IDLE awp=false se=false i=false al=0}
[DEBUG] unhandle HttpChannelState@365987cf{s=HANDLING rs=COMPLETED os=COMPLETED is=IDLE awp=false se=false i=false al=0}
[DEBUG] nextAction(false) TERMINATED HttpChannelState@365987cf{s=IDLE rs=COMPLETED os=COMPLETED is=IDLE awp=false se=false i=false al=0}
[DEBUG] action TERMINATED HttpChannelOverHttp@b9cf227{s=HttpChannelState@365987cf{s=IDLE rs=COMPLETED os=COMPLETED is=IDLE awp=false se=false i=false al=0},r=9,c=true/true,a=IDLE,uri=//localhost:35372/CookieServlet?setCookies=1,age=6}
[DEBUG] onCompleted for /CookieServlet written=17
[DEBUG] recycle HttpChannelState@365987cf{s=IDLE rs=COMPLETED os=COMPLETED is=IDLE awp=false se=false i=false al=0}
[DEBUG] reset HttpParser{s=END,0 of -1}
[DEBUG] END --> START
[DEBUG] !handle TERMINATED HttpChannelOverHttp@b9cf227{s=HttpChannelState@365987cf{s=IDLE rs=BLOCKING os=OPEN is=IDLE awp=false se=false i=true al=0},r=9,c=false/false,a=IDLE,uri=null,age=0}
[DEBUG] filled 233 HeapByteBuffer@2a66826a[p=0,l=233,c=8192,r=233]={<<<GET /CookieServlet HTTP/1...nection: keep-alive\r\n\r\n>>>:35372\r\nA...\x86&h\xA0{\xC1\xC2}
[DEBUG] HttpConnection@208a985::SocketChannelEndPoint@6269d16{l=/127.0.0.1:35372,r=/127.0.0.1:60200,OPEN,fill=-,flush=-,to=0/30000}{io=0/0,kio=0,kro=1}->HttpConnection@208a985[p=HttpParser{s=START,0 of -1},g=HttpGenerator@5c958b0c{s=START}]=>HttpChannelOverHttp@b9cf227{s=HttpChannelState@365987cf{s=IDLE rs=BLOCKING os=OPEN is=IDLE awp=false se=false i=true al=0},r=9,c=false/false,a=IDLE,uri=null,age=0} filled 233 HeapByteBuffer@2a66826a[p=0,l=233,c=8192,r=233]={<<<GET /CookieServlet HTTP/1...nection: keep-alive\r\n\r\n>>>:35372\r\nA...\x86&h\xA0{\xC1\xC2}
[DEBUG] HttpConnection@208a985::SocketChannelEndPoint@6269d16{l=/127.0.0.1:35372,r=/127.0.0.1:60200,OPEN,fill=-,flush=-,to=0/30000}{io=0/0,kio=0,kro=1}->HttpConnection@208a985[p=HttpParser{s=START,0 of -1},g=HttpGenerator@5c958b0c{s=START}]=>HttpChannelOverHttp@b9cf227{s=HttpChannelState@365987cf{s=IDLE rs=BLOCKING os=OPEN is=IDLE awp=false se=false i=true al=0},r=9,c=false/false,a=IDLE,uri=null,age=0} parse HeapByteBuffer@2a66826a[p=0,l=233,c=8192,r=233]={<<<GET /CookieServlet HTTP/1...nection: keep-alive\r\n\r\n>>>:35372\r\nA...\x86&h\xA0{\xC1\xC2} {}
[DEBUG] parseNext s=START HeapByteBuffer@2a66826a[p=0,l=233,c=8192,r=233]={<<<GET /CookieServlet HTTP/1...nection: keep-alive\r\n\r\n>>>:35372\r\nA...\x86&h\xA0{\xC1\xC2}
[DEBUG] START --> SPACE1
[DEBUG] SPACE1 --> URI
[DEBUG] URI --> SPACE2
[DEBUG] SPACE2 --> REQUEST_VERSION
[DEBUG] REQUEST_VERSION --> HEADER
[DEBUG] HEADER:Cookie: One=CookieServlet; One=Root --> IN_VALUE
[DEBUG] HEADER:Cookie: One=CookieServlet; One=Root --> FIELD
[DEBUG] HEADER:Accept-Encoding: gzip --> IN_VALUE
[DEBUG] HEADER:Accept-Encoding: gzip --> FIELD
[DEBUG] HEADER:User-Agent: Jsoup Testalot v0.1 --> IN_VALUE
[DEBUG] HEADER:User-Agent: Jsoup Testalot v0.1 --> FIELD
[DEBUG] HEADER:Host: localhost:35372 --> IN_VALUE
[DEBUG] HEADER:Host: localhost:35372 --> FIELD
[DEBUG] HEADER:Accept: text/html, image/gif, image/jpeg, *; q=.2, */*; q=.2 --> IN_VALUE
[DEBUG] HEADER:Accept: text/html, image/gif, image/jpeg, *; q=.2, */*; q=.2 --> FIELD
[DEBUG] HEADER:Connection: keep-alive --> IN_VALUE
[DEBUG] HEADER:Connection: keep-alive --> FIELD
[DEBUG] HEADER --> CONTENT
[DEBUG] REQUEST for //localhost:35372/CookieServlet on HttpChannelOverHttp@b9cf227{s=HttpChannelState@365987cf{s=IDLE rs=BLOCKING os=OPEN is=IDLE awp=false se=false i=true al=0},r=10,c=false/false,a=IDLE,uri=//localhost:35372/CookieServlet,age=0}
GET //localhost:35372/CookieServlet HTTP/1.1
Cookie: One=CookieServlet; One=Root
Accept-Encoding: gzip
User-Agent: Jsoup Testalot v0.1
Host: localhost:35372
Accept: text/html, image/gif, image/jpeg, *; q=.2, */*; q=.2
Connection: keep-alive


[DEBUG] HttpConnection@208a985::SocketChannelEndPoint@6269d16{l=/127.0.0.1:35372,r=/127.0.0.1:60200,OPEN,fill=-,flush=-,to=0/30000}{io=0/0,kio=0,kro=1}->HttpConnection@208a985[p=HttpParser{s=CONTENT,0 of -1},g=HttpGenerator@5c958b0c{s=START}]=>HttpChannelOverHttp@b9cf227{s=HttpChannelState@365987cf{s=IDLE rs=BLOCKING os=OPEN is=IDLE awp=false se=false i=true al=0},r=10,c=false/false,a=IDLE,uri=//localhost:35372/CookieServlet,age=0} parsed true HttpParser{s=CONTENT,0 of -1}
[DEBUG] releaseRequestBuffer HttpConnection@208a985::SocketChannelEndPoint@6269d16{l=/127.0.0.1:35372,r=/127.0.0.1:60200,OPEN,fill=-,flush=-,to=0/30000}{io=0/0,kio=0,kro=1}->HttpConnection@208a985[p=HttpParser{s=CONTENT,0 of -1},g=HttpGenerator@5c958b0c{s=START}]=>HttpChannelOverHttp@b9cf227{s=HttpChannelState@365987cf{s=IDLE rs=BLOCKING os=OPEN is=IDLE awp=false se=false i=true al=0},r=10,c=false/false,a=IDLE,uri=//localhost:35372/CookieServlet,age=0}
[DEBUG] handle //localhost:35372/CookieServlet HttpChannelOverHttp@b9cf227{s=HttpChannelState@365987cf{s=IDLE rs=BLOCKING os=OPEN is=IDLE awp=false se=false i=true al=0},r=10,c=false/false,a=IDLE,uri=//localhost:35372/CookieServlet,age=0} 
[DEBUG] handling HttpChannelState@365987cf{s=IDLE rs=BLOCKING os=OPEN is=IDLE awp=false se=false i=true al=0}
[DEBUG] action DISPATCH HttpChannelOverHttp@b9cf227{s=HttpChannelState@365987cf{s=HANDLING rs=BLOCKING os=OPEN is=IDLE awp=false se=false i=true al=0},r=10,c=false/false,a=HANDLING,uri=//localhost:35372/CookieServlet,age=0}
[DEBUG] REQUEST GET /CookieServlet on HttpChannelOverHttp@b9cf227{s=HttpChannelState@365987cf{s=HANDLING rs=BLOCKING os=OPEN is=IDLE awp=false se=false i=true al=0},r=10,c=false/false,a=HANDLING,uri=//localhost:35372/CookieServlet,age=0}
[DEBUG] servlet null|/CookieServlet|null -> org.jsoup.integration.servlets.CookieServlet-22b53226==org.jsoup.integration.servlets.CookieServlet@50417851{jsp=null,order=-1,inst=true,async=true,src=EMBEDDED:null,STARTED}
[DEBUG] chain=null
[DEBUG] write(array HeapByteBuffer@e5bd469[p=0,l=7,c=512,r=7]={<<<<table>>>>>One</th>...\x00\x00\x00\x00\x00\x00\x00})
[DEBUG] write(array) s=OPEN,api=BLOCKING,sc=false,e=null aggregated !flush DirectByteBuffer@38e5eb8d[p=0,l=7,c=32768,r=7]={<<<<table>>>>Webserver...gue. Pr}
[DEBUG] write(array HeapByteBuffer@14579c1[p=0,l=1,c=512,r=1]={<<<\n>>>table>>On...\x00\x00\x00\x00\x00\x00\x00})
[DEBUG] write(array) s=OPEN,api=BLOCKING,sc=false,e=null aggregated !flush DirectByteBuffer@38e5eb8d[p=0,l=8,c=32768,r=8]={<<<<table>\n>>>ebserver ...gue. Pr}
[DEBUG] write(array HeapByteBuffer@25f733d6[p=0,l=43,c=512,r=43]={<<<<tr><th>One</th><td>CookieServlet</td></tr>>>>></tr>T 1...\x00\x00\x00\x00\x00\x00\x00})
[DEBUG] write(array) s=OPEN,api=BLOCKING,sc=false,e=null aggregated !flush DirectByteBuffer@38e5eb8d[p=0,l=51,c=32768,r=51]={<<<<table>\n<tr><th>One</th><...CookieServlet</td></tr>>>><style ty...gue. Pr}
[DEBUG] write(array HeapByteBuffer@27cb2060[p=0,l=1,c=512,r=1]={<<<\n>>>tr><th>On...\x00\x00\x00\x00\x00\x00\x00})
[DEBUG] write(array) s=OPEN,api=BLOCKING,sc=false,e=null aggregated !flush DirectByteBuffer@38e5eb8d[p=0,l=52,c=32768,r=52]={<<<<table>\n<tr><th>One</th><...ookieServlet</td></tr>\n>>>style typ...gue. Pr}
[DEBUG] write(array HeapByteBuffer@77e3406c[p=0,l=34,c=512,r=34]={<<<<tr><th>One</th><td>Root</td></tr>>>>/td></tr>...\x00\x00\x00\x00\x00\x00\x00})
[DEBUG] write(array) s=OPEN,api=BLOCKING,sc=false,e=null aggregated !flush DirectByteBuffer@38e5eb8d[p=0,l=86,c=32768,r=86]={<<<<table>\n<tr><th>One</th><...</th><td>Root</td></tr>>>> td, th {...gue. Pr}
[DEBUG] write(array HeapByteBuffer@5d42a420[p=0,l=1,c=512,r=1]={<<<\n>>>tr><th>On...\x00\x00\x00\x00\x00\x00\x00})
[DEBUG] write(array) s=OPEN,api=BLOCKING,sc=false,e=null aggregated !flush DirectByteBuffer@38e5eb8d[p=0,l=87,c=32768,r=87]={<<<<table>\n<tr><th>One</th><.../th><td>Root</td></tr>\n>>>td, th {f...gue. Pr}
[DEBUG] write(array HeapByteBuffer@41b755dd[p=0,l=8,c=512,r=8]={<<<</table>>>>One</th><...\x00\x00\x00\x00\x00\x00\x00})
[DEBUG] write(array) s=OPEN,api=BLOCKING,sc=false,e=null aggregated !flush DirectByteBuffer@38e5eb8d[p=0,l=95,c=32768,r=95]={<<<<table>\n<tr><th>One</th><...Root</td></tr>\n</table>>>>font: 10p...gue. Pr}
[DEBUG] write(array HeapByteBuffer@3f01b5ab[p=0,l=1,c=512,r=1]={<<<\n>>>/table>On...\x00\x00\x00\x00\x00\x00\x00})
[DEBUG] write(array) s=OPEN,api=BLOCKING,sc=false,e=null aggregated !flush DirectByteBuffer@38e5eb8d[p=0,l=96,c=32768,r=96]={<<<<table>\n<tr><th>One</th><...oot</td></tr>\n</table>\n>>>ont: 10pt...gue. Pr}
[DEBUG] handled=true async=false committed=false on HttpChannelOverHttp@b9cf227{s=HttpChannelState@365987cf{s=HANDLING rs=BLOCKING os=OPEN is=IDLE awp=false se=false i=true al=0},r=10,c=false/false,a=HANDLING,uri=//localhost:35372/CookieServlet,age=1}
[DEBUG] unhandle HttpChannelState@365987cf{s=HANDLING rs=BLOCKING os=OPEN is=IDLE awp=false se=false i=true al=0}
[DEBUG] nextAction(false) COMPLETE HttpChannelState@365987cf{s=HANDLING rs=COMPLETING os=OPEN is=IDLE awp=false se=false i=false al=0}
[DEBUG] action COMPLETE HttpChannelOverHttp@b9cf227{s=HttpChannelState@365987cf{s=HANDLING rs=COMPLETING os=OPEN is=IDLE awp=false se=false i=false al=0},r=10,c=false/false,a=HANDLING,uri=//localhost:35372/CookieServlet,age=1}
[DEBUG] filled 0 HeapByteBuffer@460916c[p=0,l=0,c=8192,r=0]={<<<>>>GET /Cook...\x00\x00\x00\x00\x00\x00\x00}
[DEBUG] filled 0 HeapByteBuffer@460916c[p=0,l=0,c=8192,r=0]={<<<>>>GET /Cook...\x00\x00\x00\x00\x00\x00\x00}
[DEBUG] HttpConnection@208a985::SocketChannelEndPoint@6269d16{l=/127.0.0.1:35372,r=/127.0.0.1:60200,OPEN,fill=-,flush=-,to=1/30000}{io=0/0,kio=0,kro=1}->HttpConnection@208a985[p=HttpParser{s=CONTENT,0 of -1},g=HttpGenerator@5c958b0c{s=START}]=>HttpChannelOverHttp@b9cf227{s=HttpChannelState@365987cf{s=HANDLING rs=COMPLETING os=OPEN is=IDLE awp=false se=false i=false al=0},r=10,c=false/false,a=HANDLING,uri=//localhost:35372/CookieServlet,age=1} filled 0 HeapByteBuffer@460916c[p=0,l=0,c=8192,r=0]={<<<>>>GET /Cook...\x00\x00\x00\x00\x00\x00\x00}
[DEBUG] HttpConnection@208a985::SocketChannelEndPoint@6269d16{l=/127.0.0.1:35372,r=/127.0.0.1:60200,OPEN,fill=-,flush=-,to=1/30000}{io=0/0,kio=0,kro=1}->HttpConnection@208a985[p=HttpParser{s=CONTENT,0 of -1},g=HttpGenerator@5c958b0c{s=START}]=>HttpChannelOverHttp@b9cf227{s=HttpChannelState@365987cf{s=HANDLING rs=COMPLETING os=OPEN is=IDLE awp=false se=false i=false al=0},r=10,c=false/false,a=HANDLING,uri=//localhost:35372/CookieServlet,age=1} parse HeapByteBuffer@460916c[p=0,l=0,c=8192,r=0]={<<<>>>GET /Cook...\x00\x00\x00\x00\x00\x00\x00} {}
[DEBUG] parseNext s=CONTENT HeapByteBuffer@460916c[p=0,l=0,c=8192,r=0]={<<<>>>GET /Cook...\x00\x00\x00\x00\x00\x00\x00}
[DEBUG] CONTENT --> CONTENT_END
[DEBUG] onContentComplete HttpChannelOverHttp@b9cf227{s=HttpChannelState@365987cf{s=HANDLING rs=COMPLETING os=OPEN is=IDLE awp=false se=false i=false al=0},r=10,c=false/false,a=HANDLING,uri=//localhost:35372/CookieServlet,age=1}
[DEBUG] CONTENT_END --> END
[DEBUG] onRequestComplete HttpChannelOverHttp@b9cf227{s=HttpChannelState@365987cf{s=HANDLING rs=COMPLETING os=OPEN is=IDLE awp=false se=false i=false al=0},r=10,c=false/false,a=HANDLING,uri=//localhost:35372/CookieServlet,age=1}
[DEBUG] HttpInputOverHTTP@35a18e85[c=0,q=0,[0]=null,s=STREAM] addContent EOF
[DEBUG] HttpConnection@208a985::SocketChannelEndPoint@6269d16{l=/127.0.0.1:35372,r=/127.0.0.1:60200,OPEN,fill=-,flush=-,to=10/30000}{io=0/0,kio=0,kro=1}->HttpConnection@208a985[p=HttpParser{s=END,0 of -1},g=HttpGenerator@5c958b0c{s=START}]=>HttpChannelOverHttp@b9cf227{s=HttpChannelState@365987cf{s=HANDLING rs=COMPLETING os=OPEN is=IDLE awp=false se=false i=false al=0},r=10,c=false/false,a=HANDLING,uri=//localhost:35372/CookieServlet,age=11} parsed false HttpParser{s=END,0 of -1}
[DEBUG] releaseRequestBuffer HttpConnection@208a985::SocketChannelEndPoint@6269d16{l=/127.0.0.1:35372,r=/127.0.0.1:60200,OPEN,fill=-,flush=-,to=11/30000}{io=0/0,kio=0,kro=1}->HttpConnection@208a985[p=HttpParser{s=END,0 of -1},g=HttpGenerator@5c958b0c{s=START}]=>HttpChannelOverHttp@b9cf227{s=HttpChannelState@365987cf{s=HANDLING rs=COMPLETING os=OPEN is=IDLE awp=false se=false i=false al=0},r=10,c=false/false,a=HANDLING,uri=//localhost:35372/CookieServlet,age=11}
[DEBUG] complete(org.eclipse.jetty.util.Callback$3@520c7207) s=CLOSING,api=BLOCKED,sc=false,e=null s=false e=null, c=DirectByteBuffer@38e5eb8d[p=0,l=96,c=32768,r=96]={<<<<table>\n<tr><th>One</th><...oot</td></tr>\n</table>\n>>>ont: 10pt...gue. Pr}
[DEBUG] sendResponse info=null content=DirectByteBuffer@38e5eb8d[p=0,l=96,c=32768,r=96]={<<<<table>\n<tr><th>One</th><...oot</td></tr>\n</table>\n>>>ont: 10pt...gue. Pr} complete=true committing=true callback=org.eclipse.jetty.server.HttpOutput$WriteCompleteCB@1aa7afc2
[DEBUG] COMMIT for /CookieServlet on HttpChannelOverHttp@b9cf227{s=HttpChannelState@365987cf{s=HANDLING rs=COMPLETING os=COMMITTED is=IDLE awp=false se=false i=false al=0},r=10,c=false/false,a=HANDLING,uri=//localhost:35372/CookieServlet,age=11}
200 null HTTP/1.1
Date: Tue, 28 Sep 2021 06:03:39 GMT
Content-Type: text/html;charset=utf-8


[DEBUG] generate: NEED_HEADER for SendCallback@5755ce19[PROCESSING][i=HTTP/1.1{s=200,h=2,cl=-1},cb=org.eclipse.jetty.server.HttpChannel$SendCallback@614508f6] (null,[p=0,l=96,c=32768,r=96],true)@START
[DEBUG] generateHeaders HTTP/1.1{s=200,h=2,cl=-1} last=true content=DirectByteBuffer@38e5eb8d[p=0,l=96,c=32768,r=96]={<<<<table>\n<tr><th>One</th><...oot</td></tr>\n</table>\n>>>ont: 10pt...gue. Pr}
[DEBUG] Date: Tue, 28 Sep 2021 06:03:39 GMT
Content-Type: text/html;charset=utf-8


[DEBUG] CONTENT_LENGTH
[DEBUG] generate: FLUSH for SendCallback@5755ce19[PROCESSING][i=HTTP/1.1{s=200,h=2,cl=-1},cb=org.eclipse.jetty.server.HttpChannel$SendCallback@614508f6] ([p=0,l=148,c=8192,r=148],[p=0,l=96,c=32768,r=96],true)@COMPLETING
[DEBUG] write: WriteFlusher@2aa8ba10{IDLE}->null [HeapByteBuffer@1ef04a69[p=0,l=148,c=8192,r=148]={<<<HTTP/1.1 200 OK\r\nDate: Tu...y(9.4.43.v20210629)\r\n\r\n>>>rvlet; Pa...\xCe\x1f\xAf\xC2\x8d\xCey},DirectByteBuffer@38e5eb8d[p=0,l=96,c=32768,r=96]={<<<<table>\n<tr><th>One</th><...oot</td></tr>\n</table>\n>>>ont: 10pt...gue. Pr}]
[DEBUG] update WriteFlusher@2aa8ba10{WRITING}->null:IDLE-->WRITING
[DEBUG] flushed 244 SocketChannelEndPoint@6269d16{l=/127.0.0.1:35372,r=/127.0.0.1:60200,OPEN,fill=-,flush=W,to=12/30000}{io=0/0,kio=0,kro=1}->HttpConnection@208a985[p=HttpParser{s=END,0 of -1},g=HttpGenerator@5c958b0c{s=COMPLETING}]=>HttpChannelOverHttp@b9cf227{s=HttpChannelState@365987cf{s=HANDLING rs=COMPLETING os=COMMITTED is=IDLE awp=false se=false i=false al=0},r=10,c=false/false,a=HANDLING,uri=//localhost:35372/CookieServlet,age=12}
[DEBUG] Flushed=true written=244 remaining=0 WriteFlusher@2aa8ba10{WRITING}->null
[DEBUG] update WriteFlusher@2aa8ba10{IDLE}->null:WRITING-->IDLE
[DEBUG] generate: DONE for SendCallback@5755ce19[PROCESSING][i=HTTP/1.1{s=200,h=2,cl=-1},cb=org.eclipse.jetty.server.HttpChannel$SendCallback@614508f6] ([p=148,l=148,c=8192,r=0],[p=96,l=96,c=32768,r=0],true)@END
[DEBUG] onWriteComplete(true,null) s=CLOSING,api=BLOCKED,sc=false,e=null->s=CLOSED,api=BLOCKING,sc=false,e=null c=null cb=org.eclipse.jetty.util.Callback$3@520c7207 w=false
[DEBUG] completed HttpChannelState@365987cf{s=HANDLING rs=COMPLETING os=COMPLETED is=IDLE awp=false se=false i=false al=0}
[DEBUG] unhandle HttpChannelState@365987cf{s=HANDLING rs=COMPLETED os=COMPLETED is=IDLE awp=false se=false i=false al=0}
[DEBUG] nextAction(false) TERMINATED HttpChannelState@365987cf{s=IDLE rs=COMPLETED os=COMPLETED is=IDLE awp=false se=false i=false al=0}
[DEBUG] action TERMINATED HttpChannelOverHttp@b9cf227{s=HttpChannelState@365987cf{s=IDLE rs=COMPLETED os=COMPLETED is=IDLE awp=false se=false i=false al=0},r=10,c=true/true,a=IDLE,uri=//localhost:35372/CookieServlet,age=12}
[DEBUG] onCompleted for /CookieServlet written=96
[DEBUG] recycle HttpChannelState@365987cf{s=IDLE rs=COMPLETED os=COMPLETED is=IDLE awp=false se=false i=false al=0}
[DEBUG] reset HttpParser{s=END,0 of -1}
[DEBUG] END --> START
[DEBUG] !handle TERMINATED HttpChannelOverHttp@b9cf227{s=HttpChannelState@365987cf{s=IDLE rs=BLOCKING os=OPEN is=IDLE awp=false se=false i=true al=0},r=10,c=false/false,a=IDLE,uri=null,age=0}
[DEBUG] filled 229 HeapByteBuffer@2a66826a[p=0,l=229,c=8192,r=229]={<<<GET /EchoServlet HTTP/1.1...nection: keep-alive\r\n\r\n>>>\r\n\r\n:3537...\x86&h\xA0{\xC1\xC2}
[DEBUG] HttpConnection@208a985::SocketChannelEndPoint@6269d16{l=/127.0.0.1:35372,r=/127.0.0.1:60200,OPEN,fill=-,flush=-,to=0/30000}{io=0/0,kio=0,kro=1}->HttpConnection@208a985[p=HttpParser{s=START,0 of -1},g=HttpGenerator@5c958b0c{s=START}]=>HttpChannelOverHttp@b9cf227{s=HttpChannelState@365987cf{s=IDLE rs=BLOCKING os=OPEN is=IDLE awp=false se=false i=true al=0},r=10,c=false/false,a=IDLE,uri=null,age=0} filled 229 HeapByteBuffer@2a66826a[p=0,l=229,c=8192,r=229]={<<<GET /EchoServlet HTTP/1.1...nection: keep-alive\r\n\r\n>>>\r\n\r\n:3537...\x86&h\xA0{\xC1\xC2}
[DEBUG] HttpConnection@208a985::SocketChannelEndPoint@6269d16{l=/127.0.0.1:35372,r=/127.0.0.1:60200,OPEN,fill=-,flush=-,to=0/30000}{io=0/0,kio=0,kro=1}->HttpConnection@208a985[p=HttpParser{s=START,0 of -1},g=HttpGenerator@5c958b0c{s=START}]=>HttpChannelOverHttp@b9cf227{s=HttpChannelState@365987cf{s=IDLE rs=BLOCKING os=OPEN is=IDLE awp=false se=false i=true al=0},r=10,c=false/false,a=IDLE,uri=null,age=0} parse HeapByteBuffer@2a66826a[p=0,l=229,c=8192,r=229]={<<<GET /EchoServlet HTTP/1.1...nection: keep-alive\r\n\r\n>>>\r\n\r\n:3537...\x86&h\xA0{\xC1\xC2} {}
[DEBUG] parseNext s=START HeapByteBuffer@2a66826a[p=0,l=229,c=8192,r=229]={<<<GET /EchoServlet HTTP/1.1...nection: keep-alive\r\n\r\n>>>\r\n\r\n:3537...\x86&h\xA0{\xC1\xC2}
[DEBUG] START --> SPACE1
[DEBUG] SPACE1 --> URI
[DEBUG] URI --> SPACE2
[DEBUG] SPACE2 --> REQUEST_VERSION
[DEBUG] REQUEST_VERSION --> HEADER
[DEBUG] HEADER:Cookie: One=EchoServlet; One=Root --> IN_VALUE
[DEBUG] HEADER:Cookie: One=EchoServlet; One=Root --> FIELD
[DEBUG] HEADER:Accept-Encoding: gzip --> IN_VALUE
[DEBUG] HEADER:Accept-Encoding: gzip --> FIELD
[DEBUG] HEADER:User-Agent: Jsoup Testalot v0.1 --> IN_VALUE
[DEBUG] HEADER:User-Agent: Jsoup Testalot v0.1 --> FIELD
[DEBUG] HEADER:Host: localhost:35372 --> IN_VALUE
[DEBUG] HEADER:Host: localhost:35372 --> FIELD
[DEBUG] HEADER:Accept: text/html, image/gif, image/jpeg, *; q=.2, */*; q=.2 --> IN_VALUE
[DEBUG] HEADER:Accept: text/html, image/gif, image/jpeg, *; q=.2, */*; q=.2 --> FIELD
[DEBUG] HEADER:Connection: keep-alive --> IN_VALUE
[DEBUG] HEADER:Connection: keep-alive --> FIELD
[DEBUG] HEADER --> CONTENT
[DEBUG] REQUEST for //localhost:35372/EchoServlet on HttpChannelOverHttp@b9cf227{s=HttpChannelState@365987cf{s=IDLE rs=BLOCKING os=OPEN is=IDLE awp=false se=false i=true al=0},r=11,c=false/false,a=IDLE,uri=//localhost:35372/EchoServlet,age=0}
GET //localhost:35372/EchoServlet HTTP/1.1
Cookie: One=EchoServlet; One=Root
Accept-Encoding: gzip
User-Agent: Jsoup Testalot v0.1
Host: localhost:35372
Accept: text/html, image/gif, image/jpeg, *; q=.2, */*; q=.2
Connection: keep-alive


[DEBUG] HttpConnection@208a985::SocketChannelEndPoint@6269d16{l=/127.0.0.1:35372,r=/127.0.0.1:60200,OPEN,fill=-,flush=-,to=1/30000}{io=0/0,kio=0,kro=1}->HttpConnection@208a985[p=HttpParser{s=CONTENT,0 of -1},g=HttpGenerator@5c958b0c{s=START}]=>HttpChannelOverHttp@b9cf227{s=HttpChannelState@365987cf{s=IDLE rs=BLOCKING os=OPEN is=IDLE awp=false se=false i=true al=0},r=11,c=false/false,a=IDLE,uri=//localhost:35372/EchoServlet,age=0} parsed true HttpParser{s=CONTENT,0 of -1}
[DEBUG] releaseRequestBuffer HttpConnection@208a985::SocketChannelEndPoint@6269d16{l=/127.0.0.1:35372,r=/127.0.0.1:60200,OPEN,fill=-,flush=-,to=1/30000}{io=0/0,kio=0,kro=1}->HttpConnection@208a985[p=HttpParser{s=CONTENT,0 of -1},g=HttpGenerator@5c958b0c{s=START}]=>HttpChannelOverHttp@b9cf227{s=HttpChannelState@365987cf{s=IDLE rs=BLOCKING os=OPEN is=IDLE awp=false se=false i=true al=0},r=11,c=false/false,a=IDLE,uri=//localhost:35372/EchoServlet,age=0}
[DEBUG] handle //localhost:35372/EchoServlet HttpChannelOverHttp@b9cf227{s=HttpChannelState@365987cf{s=IDLE rs=BLOCKING os=OPEN is=IDLE awp=false se=false i=true al=0},r=11,c=false/false,a=IDLE,uri=//localhost:35372/EchoServlet,age=0} 
[DEBUG] handling HttpChannelState@365987cf{s=IDLE rs=BLOCKING os=OPEN is=IDLE awp=false se=false i=true al=0}
[DEBUG] action DISPATCH HttpChannelOverHttp@b9cf227{s=HttpChannelState@365987cf{s=HANDLING rs=BLOCKING os=OPEN is=IDLE awp=false se=false i=true al=0},r=11,c=false/false,a=HANDLING,uri=//localhost:35372/EchoServlet,age=0}
[DEBUG] REQUEST GET /EchoServlet on HttpChannelOverHttp@b9cf227{s=HttpChannelState@365987cf{s=HANDLING rs=BLOCKING os=OPEN is=IDLE awp=false se=false i=true al=0},r=11,c=false/false,a=HANDLING,uri=//localhost:35372/EchoServlet,age=0}
[DEBUG] servlet null|/EchoServlet|null -> org.jsoup.integration.servlets.EchoServlet-60d1a32f==org.jsoup.integration.servlets.EchoServlet@1f7ecb09{jsp=null,order=-1,inst=true,async=true,src=EMBEDDED:null,STARTED}
[DEBUG] chain=null
[DEBUG] write(array HeapByteBuffer@53db5598[p=0,l=235,c=512,r=235]={<<<<title>Webserver Environm...\n    <table border="0">>>>\x00\x00\x00\x00\x00\x00\x00\x00\x00...\x00\x00\x00\x00\x00\x00\x00})
[DEBUG] write(array) s=OPEN,api=BLOCKING,sc=false,e=null aggregated !flush DirectByteBuffer@67223954[p=0,l=235,c=32768,r=235]={<<<<title>Webserver Environm...\n    <table border="0">>>><tr><th>M...gue. Pr}
[DEBUG] write(array HeapByteBuffer@62f699ae[p=0,l=36,c=512,r=36]={<<<<tr><th>Method</th><td>GET</td></tr>>>>es</title...\x00\x00\x00\x00\x00\x00\x00})
[DEBUG] write(array) s=OPEN,api=BLOCKING,sc=false,e=null aggregated !flush DirectByteBuffer@67223954[p=0,l=271,c=32768,r=271]={<<<<title>Webserver Environm...d</th><td>GET</td></tr>>>>\n<tr><th>...gue. Pr}
[DEBUG] write(array HeapByteBuffer@4508f38d[p=0,l=1,c=512,r=1]={<<<\n>>>tr><th>Me...\x00\x00\x00\x00\x00\x00\x00})
[DEBUG] write(array) s=OPEN,api=BLOCKING,sc=false,e=null aggregated !flush DirectByteBuffer@67223954[p=0,l=272,c=32768,r=272]={<<<<title>Webserver Environm...</th><td>GET</td></tr>\n>>><tr><th>R...gue. Pr}
[DEBUG] write(array HeapByteBuffer@cc34162[p=0,l=50,c=512,r=50]={<<<<tr><th>Request URI</th><...>/EchoServlet</td></tr>>>> <style t...\x00\x00\x00\x00\x00\x00\x00})
[DEBUG] write(array) s=OPEN,api=BLOCKING,sc=false,e=null aggregated !flush DirectByteBuffer@67223954[p=0,l=322,c=32768,r=322]={<<<<title>Webserver Environm...>/EchoServlet</td></tr>>>>\n<tr><th>...gue. Pr}
[DEBUG] write(array HeapByteBuffer@5bdb2f7[p=0,l=1,c=512,r=1]={<<<\n>>>tr><th>Re...\x00\x00\x00\x00\x00\x00\x00})
[DEBUG] write(array) s=OPEN,api=BLOCKING,sc=false,e=null aggregated !flush DirectByteBuffer@67223954[p=0,l=323,c=32768,r=323]={<<<<title>Webserver Environm.../EchoServlet</td></tr>\n>>><tr><th>Q...gue. Pr}
[DEBUG] write(array HeapByteBuffer@53507007[p=0,l=39,c=512,r=39]={<<<<tr><th>Query String</th><td></td></tr>>>>t</td></t...\x00\x00\x00\x00\x00\x00\x00})
[DEBUG] write(array) s=OPEN,api=BLOCKING,sc=false,e=null aggregated !flush DirectByteBuffer@67223954[p=0,l=362,c=32768,r=362]={<<<<title>Webserver Environm...ring</th><td></td></tr>>>>\n<tr><th>...gue. Pr}
[DEBUG] write(array HeapByteBuffer@51c6757b[p=0,l=1,c=512,r=1]={<<<\n>>>tr><th>Qu...\x00\x00\x00\x00\x00\x00\x00})
[DEBUG] write(array) s=OPEN,api=BLOCKING,sc=false,e=null aggregated !flush DirectByteBuffer@67223954[p=0,l=363,c=32768,r=363]={<<<<title>Webserver Environm...ing</th><td></td></tr>\n>>><tr><th>R...gue. Pr}
[DEBUG] write(array HeapByteBuffer@4798e670[p=0,l=58,c=512,r=58]={<<<<tr><th>Cookie</th><td>On...let; One=Root</td></tr>>>>type="tex...\x00\x00\x00\x00\x00\x00\x00})
[DEBUG] write(array) s=OPEN,api=BLOCKING,sc=false,e=null aggregated !flush DirectByteBuffer@67223954[p=0,l=421,c=32768,r=421]={<<<<title>Webserver Environm...let; One=Root</td></tr>>>>>Accept</...gue. Pr}
[DEBUG] write(array HeapByteBuffer@2fdade7e[p=0,l=1,c=512,r=1]={<<<\n>>>tr><th>Co...\x00\x00\x00\x00\x00\x00\x00})
[DEBUG] write(array) s=OPEN,api=BLOCKING,sc=false,e=null aggregated !flush DirectByteBuffer@67223954[p=0,l=422,c=32768,r=422]={<<<<title>Webserver Environm...et; One=Root</td></tr>\n>>>Accept</t...gue. Pr}
[DEBUG] write(array HeapByteBuffer@7fda53ca[p=0,l=85,c=512,r=85]={<<<<tr><th>Accept</th><td>te....2, */*; q=.2</td></tr>>>>, td, th ...\x00\x00\x00\x00\x00\x00\x00})
[DEBUG] write(array) s=OPEN,api=BLOCKING,sc=false,e=null aggregated !flush DirectByteBuffer@67223954[p=0,l=507,c=32768,r=507]={<<<<title>Webserver Environm....2, */*; q=.2</td></tr>>>>>User-Age...gue. Pr}
[DEBUG] write(array HeapByteBuffer@1dd59ce7[p=0,l=1,c=512,r=1]={<<<\n>>>tr><th>Ac...\x00\x00\x00\x00\x00\x00\x00})
[DEBUG] write(array) s=OPEN,api=BLOCKING,sc=false,e=null aggregated !flush DirectByteBuffer@67223954[p=0,l=508,c=32768,r=508]={<<<<title>Webserver Environm...2, */*; q=.2</td></tr>\n>>>User-Agen...gue. Pr}
[DEBUG] write(array HeapByteBuffer@1d7e524b[p=0,l=56,c=512,r=56]={<<<<tr><th>User-Agent</th><t...Testalot v0.1</td></tr>>>> *; q=.2,...\x00\x00\x00\x00\x00\x00\x00})
[DEBUG] write(array) s=OPEN,api=BLOCKING,sc=false,e=null aggregated !flush DirectByteBuffer@67223954[p=0,l=564,c=32768,r=564]={<<<<title>Webserver Environm...Testalot v0.1</td></tr>>>>x64) Appl...gue. Pr}
[DEBUG] write(array HeapByteBuffer@642e56b4[p=0,l=1,c=512,r=1]={<<<\n>>>tr><th>Us...\x00\x00\x00\x00\x00\x00\x00})
[DEBUG] write(array) s=OPEN,api=BLOCKING,sc=false,e=null aggregated !flush DirectByteBuffer@67223954[p=0,l=565,c=32768,r=565]={<<<<title>Webserver Environm...estalot v0.1</td></tr>\n>>>64) Apple...gue. Pr}
[DEBUG] write(array HeapByteBuffer@49c71df8[p=0,l=47,c=512,r=47]={<<<<tr><th>Connection</th><td>keep-alive</td></tr>>>>/td></tr>...\x00\x00\x00\x00\x00\x00\x00})
[DEBUG] write(array) s=OPEN,api=BLOCKING,sc=false,e=null aggregated !flush DirectByteBuffer@67223954[p=0,l=612,c=32768,r=612]={<<<<title>Webserver Environm...td>keep-alive</td></tr>>>>me/79.0.3...gue. Pr}
[DEBUG] write(array HeapByteBuffer@78449283[p=0,l=1,c=512,r=1]={<<<\n>>>tr><th>Co...\x00\x00\x00\x00\x00\x00\x00})
[DEBUG] write(array) s=OPEN,api=BLOCKING,sc=false,e=null aggregated !flush DirectByteBuffer@67223954[p=0,l=613,c=32768,r=613]={<<<<title>Webserver Environm...d>keep-alive</td></tr>\n>>>e/79.0.39...gue. Pr}
[DEBUG] write(array HeapByteBuffer@17477bca[p=0,l=46,c=512,r=46]={<<<<tr><th>Host</th><td>localhost:35372</td></tr>>>>>/td></tr...\x00\x00\x00\x00\x00\x00\x00})
[DEBUG] write(array) s=OPEN,api=BLOCKING,sc=false,e=null aggregated !flush DirectByteBuffer@67223954[p=0,l=659,c=32768,r=659]={<<<<title>Webserver Environm...calhost:35372</td></tr>>>>h>Connect...gue. Pr}
[DEBUG] write(array HeapByteBuffer@1ca0460[p=0,l=1,c=512,r=1]={<<<\n>>>tr><th>Ho...\x00\x00\x00\x00\x00\x00\x00})
[DEBUG] write(array) s=OPEN,api=BLOCKING,sc=false,e=null aggregated !flush DirectByteBuffer@67223954[p=0,l=660,c=32768,r=660]={<<<<title>Webserver Environm...alhost:35372</td></tr>\n>>>>Connecti...gue. Pr}
[DEBUG] write(array HeapByteBuffer@7013e17c[p=0,l=46,c=512,r=46]={<<<<tr><th>Accept-Encoding</th><td>gzip</td></tr>>>>>/td></tr...\x00\x00\x00\x00\x00\x00\x00})
[DEBUG] write(array) s=OPEN,api=BLOCKING,sc=false,e=null aggregated !flush DirectByteBuffer@67223954[p=0,l=706,c=32768,r=706]={<<<<title>Webserver Environm...</th><td>gzip</td></tr>>>>th>Sec-Fe...gue. Pr}
[DEBUG] write(array HeapByteBuffer@2c9fb577[p=0,l=1,c=512,r=1]={<<<\n>>>tr><th>Ac...\x00\x00\x00\x00\x00\x00\x00})
[DEBUG] write(array) s=OPEN,api=BLOCKING,sc=false,e=null aggregated !flush DirectByteBuffer@67223954[p=0,l=707,c=32768,r=707]={<<<<title>Webserver Environm.../th><td>gzip</td></tr>\n>>>h>Sec-Fet...gue. Pr}
[DEBUG] write(array HeapByteBuffer@aa0205[p=0,l=49,c=512,r=49]={<<<<tr><th>Cookie: One</th><...d>EchoServlet</td></tr>>>>d></tr> *...\x00\x00\x00\x00\x00\x00\x00})
[DEBUG] write(array) s=OPEN,api=BLOCKING,sc=false,e=null aggregated !flush DirectByteBuffer@67223954[p=0,l=756,c=32768,r=756]={<<<<title>Webserver Environm...d>EchoServlet</td></tr>>>>><th>Host...gue. Pr}
[DEBUG] write(array HeapByteBuffer@5192ff74[p=0,l=1,c=512,r=1]={<<<\n>>>tr><th>Co...\x00\x00\x00\x00\x00\x00\x00})
[DEBUG] write(array) s=OPEN,api=BLOCKING,sc=false,e=null aggregated !flush DirectByteBuffer@67223954[p=0,l=757,c=32768,r=757]={<<<<title>Webserver Environm...>EchoServlet</td></tr>\n>>><th>Host<...gue. Pr}
[DEBUG] write(array HeapByteBuffer@3e65ec3b[p=0,l=42,c=512,r=42]={<<<<tr><th>Cookie: One</th><td>Root</td></tr>>>>d></tr>d>...\x00\x00\x00\x00\x00\x00\x00})
[DEBUG] write(array) s=OPEN,api=BLOCKING,sc=false,e=null aggregated !flush DirectByteBuffer@67223954[p=0,l=799,c=32768,r=799]={<<<<title>Webserver Environm...</th><td>Root</td></tr>>>>\n<tr><th>...gue. Pr}
[DEBUG] write(array HeapByteBuffer@6f80c28d[p=0,l=1,c=512,r=1]={<<<\n>>>tr><th>Co...\x00\x00\x00\x00\x00\x00\x00})
[DEBUG] write(array) s=OPEN,api=BLOCKING,sc=false,e=null aggregated !flush DirectByteBuffer@67223954[p=0,l=800,c=32768,r=800]={<<<<title>Webserver Environm.../th><td>Root</td></tr>\n>>><tr><th>A...gue. Pr}
[DEBUG] filled 0 HeapByteBuffer@460916c[p=0,l=0,c=8192,r=0]={<<<>>>GET /Cook...\x00\x00\x00\x00\x00\x00\x00}
[DEBUG] filled 0 HeapByteBuffer@460916c[p=0,l=0,c=8192,r=0]={<<<>>>GET /Cook...\x00\x00\x00\x00\x00\x00\x00}
[DEBUG] HttpConnection@208a985::SocketChannelEndPoint@6269d16{l=/127.0.0.1:35372,r=/127.0.0.1:60200,OPEN,fill=-,flush=-,to=2/30000}{io=0/0,kio=0,kro=1}->HttpConnection@208a985[p=HttpParser{s=CONTENT,0 of -1},g=HttpGenerator@5c958b0c{s=START}]=>HttpChannelOverHttp@b9cf227{s=HttpChannelState@365987cf{s=HANDLING rs=BLOCKING os=OPEN is=IDLE awp=false se=false i=true al=0},r=11,c=false/false,a=HANDLING,uri=//localhost:35372/EchoServlet,age=1} filled 0 HeapByteBuffer@460916c[p=0,l=0,c=8192,r=0]={<<<>>>GET /Cook...\x00\x00\x00\x00\x00\x00\x00}
[DEBUG] HttpConnection@208a985::SocketChannelEndPoint@6269d16{l=/127.0.0.1:35372,r=/127.0.0.1:60200,OPEN,fill=-,flush=-,to=2/30000}{io=0/0,kio=0,kro=1}->HttpConnection@208a985[p=HttpParser{s=CONTENT,0 of -1},g=HttpGenerator@5c958b0c{s=START}]=>HttpChannelOverHttp@b9cf227{s=HttpChannelState@365987cf{s=HANDLING rs=BLOCKING os=OPEN is=IDLE awp=false se=false i=true al=0},r=11,c=false/false,a=HANDLING,uri=//localhost:35372/EchoServlet,age=1} parse HeapByteBuffer@460916c[p=0,l=0,c=8192,r=0]={<<<>>>GET /Cook...\x00\x00\x00\x00\x00\x00\x00} {}
[DEBUG] parseNext s=CONTENT HeapByteBuffer@460916c[p=0,l=0,c=8192,r=0]={<<<>>>GET /Cook...\x00\x00\x00\x00\x00\x00\x00}
[DEBUG] CONTENT --> CONTENT_END
[DEBUG] onContentComplete HttpChannelOverHttp@b9cf227{s=HttpChannelState@365987cf{s=HANDLING rs=BLOCKING os=OPEN is=IDLE awp=false se=false i=true al=0},r=11,c=false/false,a=HANDLING,uri=//localhost:35372/EchoServlet,age=1}
[DEBUG] CONTENT_END --> END
[DEBUG] onRequestComplete HttpChannelOverHttp@b9cf227{s=HttpChannelState@365987cf{s=HANDLING rs=BLOCKING os=OPEN is=IDLE awp=false se=false i=true al=0},r=11,c=false/false,a=HANDLING,uri=//localhost:35372/EchoServlet,age=1}
[DEBUG] HttpInputOverHTTP@35a18e85[c=0,q=0,[0]=null,s=STREAM] addContent EOF
[DEBUG] HttpConnection@208a985::SocketChannelEndPoint@6269d16{l=/127.0.0.1:35372,r=/127.0.0.1:60200,OPEN,fill=-,flush=-,to=2/30000}{io=0/0,kio=0,kro=1}->HttpConnection@208a985[p=HttpParser{s=END,0 of -1},g=HttpGenerator@5c958b0c{s=START}]=>HttpChannelOverHttp@b9cf227{s=HttpChannelState@365987cf{s=HANDLING rs=BLOCKING os=OPEN is=IDLE awp=false se=false i=true al=0},r=11,c=false/false,a=HANDLING,uri=//localhost:35372/EchoServlet,age=1} parsed false HttpParser{s=END,0 of -1}
[DEBUG] releaseRequestBuffer HttpConnection@208a985::SocketChannelEndPoint@6269d16{l=/127.0.0.1:35372,r=/127.0.0.1:60200,OPEN,fill=-,flush=-,to=2/30000}{io=0/0,kio=0,kro=1}->HttpConnection@208a985[p=HttpParser{s=END,0 of -1},g=HttpGenerator@5c958b0c{s=START}]=>HttpChannelOverHttp@b9cf227{s=HttpChannelState@365987cf{s=HANDLING rs=BLOCKING os=OPEN is=IDLE awp=false se=false i=true al=0},r=11,c=false/false,a=HANDLING,uri=//localhost:35372/EchoServlet,age=1}
[DEBUG] onEof HttpChannelState@365987cf{s=HANDLING rs=BLOCKING os=OPEN is=IDLE awp=false se=false i=true al=0}
[DEBUG] write(array HeapByteBuffer@3fea5f52[p=0,l=8,c=512,r=8]={<<<</table>>>>Cookie: O...\x00\x00\x00\x00\x00\x00\x00})
[DEBUG] write(array) s=OPEN,api=BLOCKING,sc=false,e=null aggregated !flush DirectByteBuffer@67223954[p=0,l=808,c=32768,r=808]={<<<<title>Webserver Environm...Root</td></tr>\n</table>>>>Accept-En...gue. Pr}
[DEBUG] write(array HeapByteBuffer@79457e84[p=0,l=1,c=512,r=1]={<<<\n>>>/table>Co...\x00\x00\x00\x00\x00\x00\x00})
[DEBUG] write(array) s=OPEN,api=BLOCKING,sc=false,e=null aggregated !flush DirectByteBuffer@67223954[p=0,l=809,c=32768,r=809]={<<<<title>Webserver Environm...oot</td></tr>\n</table>\n>>>ccept-Enc...gue. Pr}
[DEBUG] handled=true async=false committed=false on HttpChannelOverHttp@b9cf227{s=HttpChannelState@365987cf{s=HANDLING rs=BLOCKING os=OPEN is=READY awp=false se=false i=true al=0},r=11,c=false/false,a=HANDLING,uri=//localhost:35372/EchoServlet,age=2}
[DEBUG] unhandle HttpChannelState@365987cf{s=HANDLING rs=BLOCKING os=OPEN is=READY awp=false se=false i=true al=0}
[DEBUG] nextAction(false) COMPLETE HttpChannelState@365987cf{s=HANDLING rs=COMPLETING os=OPEN is=READY awp=false se=false i=false al=0}
[DEBUG] action COMPLETE HttpChannelOverHttp@b9cf227{s=HttpChannelState@365987cf{s=HANDLING rs=COMPLETING os=OPEN is=READY awp=false se=false i=false al=0},r=11,c=false/false,a=HANDLING,uri=//localhost:35372/EchoServlet,age=2}
[DEBUG] complete(org.eclipse.jetty.util.Callback$3@68d041a3) s=CLOSING,api=BLOCKED,sc=false,e=null s=false e=null, c=DirectByteBuffer@67223954[p=0,l=809,c=32768,r=809]={<<<<title>Webserver Environm...oot</td></tr>\n</table>\n>>>ccept-Enc...gue. Pr}
[DEBUG] sendResponse info=null content=DirectByteBuffer@67223954[p=0,l=809,c=32768,r=809]={<<<<title>Webserver Environm...oot</td></tr>\n</table>\n>>>ccept-Enc...gue. Pr} complete=true committing=true callback=org.eclipse.jetty.server.HttpOutput$WriteCompleteCB@12d629e
[DEBUG] COMMIT for /EchoServlet on HttpChannelOverHttp@b9cf227{s=HttpChannelState@365987cf{s=HANDLING rs=COMPLETING os=COMMITTED is=READY awp=false se=false i=false al=0},r=11,c=false/false,a=HANDLING,uri=//localhost:35372/EchoServlet,age=2}
200 null HTTP/1.1
Date: Tue, 28 Sep 2021 06:03:39 GMT
Content-Type: text/html;charset=utf-8
Cache-Control: no-cache
Cache-Control: no-store


[DEBUG] generate: NEED_HEADER for SendCallback@5755ce19[PROCESSING][i=HTTP/1.1{s=200,h=4,cl=-1},cb=org.eclipse.jetty.server.HttpChannel$SendCallback@6cd0ad26] (null,[p=0,l=809,c=32768,r=809],true)@START
[DEBUG] generateHeaders HTTP/1.1{s=200,h=4,cl=-1} last=true content=DirectByteBuffer@67223954[p=0,l=809,c=32768,r=809]={<<<<title>Webserver Environm...oot</td></tr>\n</table>\n>>>ccept-Enc...gue. Pr}
[DEBUG] Date: Tue, 28 Sep 2021 06:03:39 GMT
Content-Type: text/html;charset=utf-8
Cache-Control: no-cache
Cache-Control: no-store


[DEBUG] CONTENT_LENGTH
[DEBUG] generate: FLUSH for SendCallback@5755ce19[PROCESSING][i=HTTP/1.1{s=200,h=4,cl=-1},cb=org.eclipse.jetty.server.HttpChannel$SendCallback@6cd0ad26] ([p=0,l=199,c=8192,r=199],[p=0,l=809,c=32768,r=809],true)@COMPLETING
[DEBUG] write: WriteFlusher@2aa8ba10{IDLE}->null [HeapByteBuffer@1ef04a69[p=0,l=199,c=8192,r=199]={<<<HTTP/1.1 200 OK\r\nDate: Tu...y(9.4.43.v20210629)\r\n\r\n>>>ne=EchoSe...\xCe\x1f\xAf\xC2\x8d\xCey},DirectByteBuffer@67223954[p=0,l=809,c=32768,r=809]={<<<<title>Webserver Environm...oot</td></tr>\n</table>\n>>>ccept-Enc...gue. Pr}]
[DEBUG] update WriteFlusher@2aa8ba10{WRITING}->null:IDLE-->WRITING
[DEBUG] flushed 1008 SocketChannelEndPoint@6269d16{l=/127.0.0.1:35372,r=/127.0.0.1:60200,OPEN,fill=-,flush=W,to=9/30000}{io=0/0,kio=0,kro=1}->HttpConnection@208a985[p=HttpParser{s=END,0 of -1},g=HttpGenerator@5c958b0c{s=COMPLETING}]=>HttpChannelOverHttp@b9cf227{s=HttpChannelState@365987cf{s=HANDLING rs=COMPLETING os=COMMITTED is=READY awp=false se=false i=false al=0},r=11,c=false/false,a=HANDLING,uri=//localhost:35372/EchoServlet,age=9}
[DEBUG] Flushed=true written=1008 remaining=0 WriteFlusher@2aa8ba10{WRITING}->null
[DEBUG] update WriteFlusher@2aa8ba10{IDLE}->null:WRITING-->IDLE
[DEBUG] generate: DONE for SendCallback@5755ce19[PROCESSING][i=HTTP/1.1{s=200,h=4,cl=-1},cb=org.eclipse.jetty.server.HttpChannel$SendCallback@6cd0ad26] ([p=199,l=199,c=8192,r=0],[p=809,l=809,c=32768,r=0],true)@END
[DEBUG] onWriteComplete(true,null) s=CLOSING,api=BLOCKED,sc=false,e=null->s=CLOSED,api=BLOCKING,sc=false,e=null c=null cb=org.eclipse.jetty.util.Callback$3@68d041a3 w=false
[DEBUG] completed HttpChannelState@365987cf{s=HANDLING rs=COMPLETING os=COMPLETED is=READY awp=false se=false i=false al=0}
[DEBUG] unhandle HttpChannelState@365987cf{s=HANDLING rs=COMPLETED os=COMPLETED is=READY awp=false se=false i=false al=0}
[DEBUG] nextAction(false) TERMINATED HttpChannelState@365987cf{s=IDLE rs=COMPLETED os=COMPLETED is=READY awp=false se=false i=false al=0}
[DEBUG] action TERMINATED HttpChannelOverHttp@b9cf227{s=HttpChannelState@365987cf{s=IDLE rs=COMPLETED os=COMPLETED is=READY awp=false se=false i=false al=0},r=11,c=true/true,a=IDLE,uri=//localhost:35372/EchoServlet,age=9}
[DEBUG] onCompleted for /EchoServlet written=809
[DEBUG] recycle HttpChannelState@365987cf{s=IDLE rs=COMPLETED os=COMPLETED is=READY awp=false se=false i=false al=0}
[DEBUG] reset HttpParser{s=END,0 of -1}
[DEBUG] END --> START
[DEBUG] !handle TERMINATED HttpChannelOverHttp@b9cf227{s=HttpChannelState@365987cf{s=IDLE rs=BLOCKING os=OPEN is=IDLE awp=false se=false i=true al=0},r=11,c=false/false,a=IDLE,uri=null,age=0}
[DEBUG] filled 292 HeapByteBuffer@2a66826a[p=0,l=292,c=8192,r=292]={<<<GET /CookieServlet HTTP/1...nection: keep-alive\r\n\r\n>>>*/*; q=.2...\x86&h\xA0{\xC1\xC2}
[DEBUG] HttpConnection@208a985::SocketChannelEndPoint@6269d16{l=/127.0.0.1:35372,r=/127.0.0.1:60200,OPEN,fill=-,flush=-,to=0/30000}{io=0/0,kio=0,kro=1}->HttpConnection@208a985[p=HttpParser{s=START,0 of -1},g=HttpGenerator@5c958b0c{s=START}]=>HttpChannelOverHttp@b9cf227{s=HttpChannelState@365987cf{s=IDLE rs=BLOCKING os=OPEN is=IDLE awp=false se=false i=true al=0},r=11,c=false/false,a=IDLE,uri=null,age=0} filled 292 HeapByteBuffer@2a66826a[p=0,l=292,c=8192,r=292]={<<<GET /CookieServlet HTTP/1...nection: keep-alive\r\n\r\n>>>*/*; q=.2...\x86&h\xA0{\xC1\xC2}
[DEBUG] HttpConnection@208a985::SocketChannelEndPoint@6269d16{l=/127.0.0.1:35372,r=/127.0.0.1:60200,OPEN,fill=-,flush=-,to=0/30000}{io=0/0,kio=0,kro=1}->HttpConnection@208a985[p=HttpParser{s=START,0 of -1},g=HttpGenerator@5c958b0c{s=START}]=>HttpChannelOverHttp@b9cf227{s=HttpChannelState@365987cf{s=IDLE rs=BLOCKING os=OPEN is=IDLE awp=false se=false i=true al=0},r=11,c=false/false,a=IDLE,uri=null,age=0} parse HeapByteBuffer@2a66826a[p=0,l=292,c=8192,r=292]={<<<GET /CookieServlet HTTP/1...nection: keep-alive\r\n\r\n>>>*/*; q=.2...\x86&h\xA0{\xC1\xC2} {}
[DEBUG] parseNext s=START HeapByteBuffer@2a66826a[p=0,l=292,c=8192,r=292]={<<<GET /CookieServlet HTTP/1...nection: keep-alive\r\n\r\n>>>*/*; q=.2...\x86&h\xA0{\xC1\xC2}
[DEBUG] START --> SPACE1
[DEBUG] SPACE1 --> URI
[DEBUG] URI --> SPACE2
[DEBUG] SPACE2 --> REQUEST_VERSION
[DEBUG] REQUEST_VERSION --> HEADER
[DEBUG] HEADER:Accept-Encoding: gzip --> IN_VALUE
[DEBUG] HEADER:Accept-Encoding: gzip --> FIELD
[DEBUG] HEADER:User-Agent: Mozilla/5.0 (Windows NT 10.0; Win64; x64) AppleWebKit/537.36 (KHTML, like Gecko) Chrome/79.0.3945.130 Safari/537.36 --> IN_VALUE
[DEBUG] HEADER:User-Agent: Mozilla/5.0 (Windows NT 10.0; Win64; x64) AppleWebKit/537.36 (KHTML, like Gecko) Chrome/79.0.3945.130 Safari/537.36 --> FIELD
[DEBUG] HEADER:Host: localhost:35372 --> IN_VALUE
[DEBUG] HEADER:Host: localhost:35372 --> FIELD
[DEBUG] HEADER:Accept: text/html, image/gif, image/jpeg, *; q=.2, */*; q=.2 --> IN_VALUE
[DEBUG] HEADER:Accept: text/html, image/gif, image/jpeg, *; q=.2, */*; q=.2 --> FIELD
[DEBUG] HEADER:Connection: keep-alive --> IN_VALUE
[DEBUG] HEADER:Connection: keep-alive --> FIELD
[DEBUG] HEADER --> CONTENT
[DEBUG] REQUEST for //localhost:35372/CookieServlet on HttpChannelOverHttp@b9cf227{s=HttpChannelState@365987cf{s=IDLE rs=BLOCKING os=OPEN is=IDLE awp=false se=false i=true al=0},r=12,c=false/false,a=IDLE,uri=//localhost:35372/CookieServlet,age=0}
GET //localhost:35372/CookieServlet HTTP/1.1
Accept-Encoding: gzip
User-Agent: Mozilla/5.0 (Windows NT 10.0; Win64; x64) AppleWebKit/537.36 (KHTML, like Gecko) Chrome/79.0.3945.130 Safari/537.36
Host: localhost:35372
Accept: text/html, image/gif, image/jpeg, *; q=.2, */*; q=.2
Connection: keep-alive


[DEBUG] HttpConnection@208a985::SocketChannelEndPoint@6269d16{l=/127.0.0.1:35372,r=/127.0.0.1:60200,OPEN,fill=-,flush=-,to=0/30000}{io=0/0,kio=0,kro=1}->HttpConnection@208a985[p=HttpParser{s=CONTENT,0 of -1},g=HttpGenerator@5c958b0c{s=START}]=>HttpChannelOverHttp@b9cf227{s=HttpChannelState@365987cf{s=IDLE rs=BLOCKING os=OPEN is=IDLE awp=false se=false i=true al=0},r=12,c=false/false,a=IDLE,uri=//localhost:35372/CookieServlet,age=1} parsed true HttpParser{s=CONTENT,0 of -1}
[DEBUG] releaseRequestBuffer HttpConnection@208a985::SocketChannelEndPoint@6269d16{l=/127.0.0.1:35372,r=/127.0.0.1:60200,OPEN,fill=-,flush=-,to=0/30000}{io=0/0,kio=0,kro=1}->HttpConnection@208a985[p=HttpParser{s=CONTENT,0 of -1},g=HttpGenerator@5c958b0c{s=START}]=>HttpChannelOverHttp@b9cf227{s=HttpChannelState@365987cf{s=IDLE rs=BLOCKING os=OPEN is=IDLE awp=false se=false i=true al=0},r=12,c=false/false,a=IDLE,uri=//localhost:35372/CookieServlet,age=1}
[DEBUG] handle //localhost:35372/CookieServlet HttpChannelOverHttp@b9cf227{s=HttpChannelState@365987cf{s=IDLE rs=BLOCKING os=OPEN is=IDLE awp=false se=false i=true al=0},r=12,c=false/false,a=IDLE,uri=//localhost:35372/CookieServlet,age=1} 
[DEBUG] handling HttpChannelState@365987cf{s=IDLE rs=BLOCKING os=OPEN is=IDLE awp=false se=false i=true al=0}
[DEBUG] action DISPATCH HttpChannelOverHttp@b9cf227{s=HttpChannelState@365987cf{s=HANDLING rs=BLOCKING os=OPEN is=IDLE awp=false se=false i=true al=0},r=12,c=false/false,a=HANDLING,uri=//localhost:35372/CookieServlet,age=1}
[DEBUG] REQUEST GET /CookieServlet on HttpChannelOverHttp@b9cf227{s=HttpChannelState@365987cf{s=HANDLING rs=BLOCKING os=OPEN is=IDLE awp=false se=false i=true al=0},r=12,c=false/false,a=HANDLING,uri=//localhost:35372/CookieServlet,age=1}
[DEBUG] servlet null|/CookieServlet|null -> org.jsoup.integration.servlets.CookieServlet-22b53226==org.jsoup.integration.servlets.CookieServlet@50417851{jsp=null,order=-1,inst=true,async=true,src=EMBEDDED:null,STARTED}
[DEBUG] chain=null
[DEBUG] write(array HeapByteBuffer@3e334f66[p=0,l=7,c=512,r=7]={<<<<table>>>>>Cookie: ...\x00\x00\x00\x00\x00\x00\x00})
[DEBUG] write(array) s=OPEN,api=BLOCKING,sc=false,e=null aggregated !flush DirectByteBuffer@341ca971[p=0,l=7,c=32768,r=7]={<<<<table>>>>\n</table>...gue. Pr}
[DEBUG] write(array HeapByteBuffer@5484cc5a[p=0,l=1,c=512,r=1]={<<<\n>>>table>>Co...\x00\x00\x00\x00\x00\x00\x00})
[DEBUG] write(array) s=OPEN,api=BLOCKING,sc=false,e=null aggregated !flush DirectByteBuffer@341ca971[p=0,l=8,c=32768,r=8]={<<<<table>\n>>></table>\n...gue. Pr}
[DEBUG] write(array HeapByteBuffer@3e576dc6[p=0,l=8,c=512,r=8]={<<<</table>>>>Cookie: O...\x00\x00\x00\x00\x00\x00\x00})
[DEBUG] write(array) s=OPEN,api=BLOCKING,sc=false,e=null aggregated !flush DirectByteBuffer@341ca971[p=0,l=16,c=32768,r=16]={<<<<table>\n</table>>>>\n>Two</va...gue. Pr}
[DEBUG] write(array HeapByteBuffer@57075eb7[p=0,l=1,c=512,r=1]={<<<\n>>>/table>Co...\x00\x00\x00\x00\x00\x00\x00})
[DEBUG] write(array) s=OPEN,api=BLOCKING,sc=false,e=null aggregated !flush DirectByteBuffer@341ca971[p=0,l=17,c=32768,r=17]={<<<<table>\n</table>\n>>>>Two</val...gue. Pr}
[DEBUG] handled=true async=false committed=false on HttpChannelOverHttp@b9cf227{s=HttpChannelState@365987cf{s=HANDLING rs=BLOCKING os=OPEN is=IDLE awp=false se=false i=true al=0},r=12,c=false/false,a=HANDLING,uri=//localhost:35372/CookieServlet,age=1}
[DEBUG] unhandle HttpChannelState@365987cf{s=HANDLING rs=BLOCKING os=OPEN is=IDLE awp=false se=false i=true al=0}
[DEBUG] nextAction(false) COMPLETE HttpChannelState@365987cf{s=HANDLING rs=COMPLETING os=OPEN is=IDLE awp=false se=false i=false al=0}
[DEBUG] action COMPLETE HttpChannelOverHttp@b9cf227{s=HttpChannelState@365987cf{s=HANDLING rs=COMPLETING os=OPEN is=IDLE awp=false se=false i=false al=0},r=12,c=false/false,a=HANDLING,uri=//localhost:35372/CookieServlet,age=1}
[DEBUG] filled 0 HeapByteBuffer@460916c[p=0,l=0,c=8192,r=0]={<<<>>>GET /Cook...\x00\x00\x00\x00\x00\x00\x00}
[DEBUG] filled 0 HeapByteBuffer@460916c[p=0,l=0,c=8192,r=0]={<<<>>>GET /Cook...\x00\x00\x00\x00\x00\x00\x00}
[DEBUG] HttpConnection@208a985::SocketChannelEndPoint@6269d16{l=/127.0.0.1:35372,r=/127.0.0.1:60200,OPEN,fill=-,flush=-,to=1/30000}{io=0/0,kio=0,kro=1}->HttpConnection@208a985[p=HttpParser{s=CONTENT,0 of -1},g=HttpGenerator@5c958b0c{s=START}]=>HttpChannelOverHttp@b9cf227{s=HttpChannelState@365987cf{s=HANDLING rs=COMPLETING os=OPEN is=IDLE awp=false se=false i=false al=0},r=12,c=false/false,a=HANDLING,uri=//localhost:35372/CookieServlet,age=2} filled 0 HeapByteBuffer@460916c[p=0,l=0,c=8192,r=0]={<<<>>>GET /Cook...\x00\x00\x00\x00\x00\x00\x00}
[DEBUG] HttpConnection@208a985::SocketChannelEndPoint@6269d16{l=/127.0.0.1:35372,r=/127.0.0.1:60200,OPEN,fill=-,flush=-,to=1/30000}{io=0/0,kio=0,kro=1}->HttpConnection@208a985[p=HttpParser{s=CONTENT,0 of -1},g=HttpGenerator@5c958b0c{s=START}]=>HttpChannelOverHttp@b9cf227{s=HttpChannelState@365987cf{s=HANDLING rs=COMPLETING os=OPEN is=IDLE awp=false se=false i=false al=0},r=12,c=false/false,a=HANDLING,uri=//localhost:35372/CookieServlet,age=2} parse HeapByteBuffer@460916c[p=0,l=0,c=8192,r=0]={<<<>>>GET /Cook...\x00\x00\x00\x00\x00\x00\x00} {}
[DEBUG] parseNext s=CONTENT HeapByteBuffer@460916c[p=0,l=0,c=8192,r=0]={<<<>>>GET /Cook...\x00\x00\x00\x00\x00\x00\x00}
[DEBUG] CONTENT --> CONTENT_END
[DEBUG] onContentComplete HttpChannelOverHttp@b9cf227{s=HttpChannelState@365987cf{s=HANDLING rs=COMPLETING os=OPEN is=IDLE awp=false se=false i=false al=0},r=12,c=false/false,a=HANDLING,uri=//localhost:35372/CookieServlet,age=2}
[DEBUG] CONTENT_END --> END
[DEBUG] onRequestComplete HttpChannelOverHttp@b9cf227{s=HttpChannelState@365987cf{s=HANDLING rs=COMPLETING os=OPEN is=IDLE awp=false se=false i=false al=0},r=12,c=false/false,a=HANDLING,uri=//localhost:35372/CookieServlet,age=2}
[DEBUG] HttpInputOverHTTP@35a18e85[c=0,q=0,[0]=null,s=STREAM] addContent EOF
[DEBUG] HttpConnection@208a985::SocketChannelEndPoint@6269d16{l=/127.0.0.1:35372,r=/127.0.0.1:60200,OPEN,fill=-,flush=-,to=1/30000}{io=0/0,kio=0,kro=1}->HttpConnection@208a985[p=HttpParser{s=END,0 of -1},g=HttpGenerator@5c958b0c{s=START}]=>HttpChannelOverHttp@b9cf227{s=HttpChannelState@365987cf{s=HANDLING rs=COMPLETING os=OPEN is=IDLE awp=false se=false i=false al=0},r=12,c=false/false,a=HANDLING,uri=//localhost:35372/CookieServlet,age=2} parsed false HttpParser{s=END,0 of -1}
[DEBUG] releaseRequestBuffer HttpConnection@208a985::SocketChannelEndPoint@6269d16{l=/127.0.0.1:35372,r=/127.0.0.1:60200,OPEN,fill=-,flush=-,to=1/30000}{io=0/0,kio=0,kro=1}->HttpConnection@208a985[p=HttpParser{s=END,0 of -1},g=HttpGenerator@5c958b0c{s=START}]=>HttpChannelOverHttp@b9cf227{s=HttpChannelState@365987cf{s=HANDLING rs=COMPLETING os=OPEN is=IDLE awp=false se=false i=false al=0},r=12,c=false/false,a=HANDLING,uri=//localhost:35372/CookieServlet,age=2}
[DEBUG] complete(org.eclipse.jetty.util.Callback$3@73eb634e) s=CLOSING,api=BLOCKED,sc=false,e=null s=false e=null, c=DirectByteBuffer@341ca971[p=0,l=17,c=32768,r=17]={<<<<table>\n</table>\n>>>>Two</val...gue. Pr}
[DEBUG] sendResponse info=null content=DirectByteBuffer@341ca971[p=0,l=17,c=32768,r=17]={<<<<table>\n</table>\n>>>>Two</val...gue. Pr} complete=true committing=true callback=org.eclipse.jetty.server.HttpOutput$WriteCompleteCB@17f8775
[DEBUG] COMMIT for /CookieServlet on HttpChannelOverHttp@b9cf227{s=HttpChannelState@365987cf{s=HANDLING rs=COMPLETING os=COMMITTED is=IDLE awp=false se=false i=false al=0},r=12,c=false/false,a=HANDLING,uri=//localhost:35372/CookieServlet,age=2}
200 null HTTP/1.1
Date: Tue, 28 Sep 2021 06:03:39 GMT
Content-Type: text/html;charset=utf-8


[DEBUG] generate: NEED_HEADER for SendCallback@5755ce19[PROCESSING][i=HTTP/1.1{s=200,h=2,cl=-1},cb=org.eclipse.jetty.server.HttpChannel$SendCallback@443f3c1] (null,[p=0,l=17,c=32768,r=17],true)@START
[DEBUG] generateHeaders HTTP/1.1{s=200,h=2,cl=-1} last=true content=DirectByteBuffer@341ca971[p=0,l=17,c=32768,r=17]={<<<<table>\n</table>\n>>>>Two</val...gue. Pr}
[DEBUG] Date: Tue, 28 Sep 2021 06:03:39 GMT
Content-Type: text/html;charset=utf-8


[DEBUG] CONTENT_LENGTH
[DEBUG] generate: FLUSH for SendCallback@5755ce19[PROCESSING][i=HTTP/1.1{s=200,h=2,cl=-1},cb=org.eclipse.jetty.server.HttpChannel$SendCallback@443f3c1] ([p=0,l=148,c=8192,r=148],[p=0,l=17,c=32768,r=17],true)@COMPLETING
[DEBUG] write: WriteFlusher@2aa8ba10{IDLE}->null [HeapByteBuffer@1ef04a69[p=0,l=148,c=8192,r=148]={<<<HTTP/1.1 200 OK\r\nDate: Tu...y(9.4.43.v20210629)\r\n\r\n>>>nt-Length...\xCe\x1f\xAf\xC2\x8d\xCey},DirectByteBuffer@341ca971[p=0,l=17,c=32768,r=17]={<<<<table>\n</table>\n>>>>Two</val...gue. Pr}]
[DEBUG] update WriteFlusher@2aa8ba10{WRITING}->null:IDLE-->WRITING
[DEBUG] flushed 165 SocketChannelEndPoint@6269d16{l=/127.0.0.1:35372,r=/127.0.0.1:60200,OPEN,fill=-,flush=W,to=3/30000}{io=0/0,kio=0,kro=1}->HttpConnection@208a985[p=HttpParser{s=END,0 of -1},g=HttpGenerator@5c958b0c{s=COMPLETING}]=>HttpChannelOverHttp@b9cf227{s=HttpChannelState@365987cf{s=HANDLING rs=COMPLETING os=COMMITTED is=IDLE awp=false se=false i=false al=0},r=12,c=false/false,a=HANDLING,uri=//localhost:35372/CookieServlet,age=3}
[DEBUG] Flushed=true written=165 remaining=0 WriteFlusher@2aa8ba10{WRITING}->null
[DEBUG] update WriteFlusher@2aa8ba10{IDLE}->null:WRITING-->IDLE
[DEBUG] generate: DONE for SendCallback@5755ce19[PROCESSING][i=HTTP/1.1{s=200,h=2,cl=-1},cb=org.eclipse.jetty.server.HttpChannel$SendCallback@443f3c1] ([p=148,l=148,c=8192,r=0],[p=17,l=17,c=32768,r=0],true)@END
[DEBUG] onWriteComplete(true,null) s=CLOSING,api=BLOCKED,sc=false,e=null->s=CLOSED,api=BLOCKING,sc=false,e=null c=null cb=org.eclipse.jetty.util.Callback$3@73eb634e w=false
[DEBUG] completed HttpChannelState@365987cf{s=HANDLING rs=COMPLETING os=COMPLETED is=IDLE awp=false se=false i=false al=0}
[DEBUG] unhandle HttpChannelState@365987cf{s=HANDLING rs=COMPLETED os=COMPLETED is=IDLE awp=false se=false i=false al=0}
[DEBUG] nextAction(false) TERMINATED HttpChannelState@365987cf{s=IDLE rs=COMPLETED os=COMPLETED is=IDLE awp=false se=false i=false al=0}
[DEBUG] action TERMINATED HttpChannelOverHttp@b9cf227{s=HttpChannelState@365987cf{s=IDLE rs=COMPLETED os=COMPLETED is=IDLE awp=false se=false i=false al=0},r=12,c=true/true,a=IDLE,uri=//localhost:35372/CookieServlet,age=3}
[DEBUG] onCompleted for /CookieServlet written=17
[DEBUG] recycle HttpChannelState@365987cf{s=IDLE rs=COMPLETED os=COMPLETED is=IDLE awp=false se=false i=false al=0}
[DEBUG] reset HttpParser{s=END,0 of -1}
[DEBUG] END --> START
[DEBUG] !handle TERMINATED HttpChannelOverHttp@b9cf227{s=HttpChannelState@365987cf{s=IDLE rs=BLOCKING os=OPEN is=IDLE awp=false se=false i=true al=0},r=12,c=false/false,a=IDLE,uri=null,age=0}
[DEBUG] filled 242 HeapByteBuffer@2a66826a[p=0,l=242,c=8192,r=242]={<<<GET /CookieServlet HTTP/1...nection: keep-alive\r\n\r\n>>>eg, *; q=...\x86&h\xA0{\xC1\xC2}
[DEBUG] HttpConnection@208a985::SocketChannelEndPoint@6269d16{l=/127.0.0.1:35372,r=/127.0.0.1:60200,OPEN,fill=-,flush=-,to=0/30000}{io=0/0,kio=0,kro=1}->HttpConnection@208a985[p=HttpParser{s=START,0 of -1},g=HttpGenerator@5c958b0c{s=START}]=>HttpChannelOverHttp@b9cf227{s=HttpChannelState@365987cf{s=IDLE rs=BLOCKING os=OPEN is=IDLE awp=false se=false i=true al=0},r=12,c=false/false,a=IDLE,uri=null,age=0} filled 242 HeapByteBuffer@2a66826a[p=0,l=242,c=8192,r=242]={<<<GET /CookieServlet HTTP/1...nection: keep-alive\r\n\r\n>>>eg, *; q=...\x86&h\xA0{\xC1\xC2}
[DEBUG] HttpConnection@208a985::SocketChannelEndPoint@6269d16{l=/127.0.0.1:35372,r=/127.0.0.1:60200,OPEN,fill=-,flush=-,to=0/30000}{io=0/0,kio=0,kro=1}->HttpConnection@208a985[p=HttpParser{s=START,0 of -1},g=HttpGenerator@5c958b0c{s=START}]=>HttpChannelOverHttp@b9cf227{s=HttpChannelState@365987cf{s=IDLE rs=BLOCKING os=OPEN is=IDLE awp=false se=false i=true al=0},r=12,c=false/false,a=IDLE,uri=null,age=0} parse HeapByteBuffer@2a66826a[p=0,l=242,c=8192,r=242]={<<<GET /CookieServlet HTTP/1...nection: keep-alive\r\n\r\n>>>eg, *; q=...\x86&h\xA0{\xC1\xC2} {}
[DEBUG] parseNext s=START HeapByteBuffer@2a66826a[p=0,l=242,c=8192,r=242]={<<<GET /CookieServlet HTTP/1...nection: keep-alive\r\n\r\n>>>eg, *; q=...\x86&h\xA0{\xC1\xC2}
[DEBUG] START --> SPACE1
[DEBUG] SPACE1 --> URI
[DEBUG] URI --> SPACE2
[DEBUG] SPACE2 --> REQUEST_VERSION
[DEBUG] REQUEST_VERSION --> HEADER
[DEBUG] HEADER:Cookie --> VALUE
[DEBUG] HEADER:Cookie --> IN_VALUE
[DEBUG] HEADER:Cookie --> FIELD
[DEBUG] HEADER:Accept-Encoding: gzip --> IN_VALUE
[DEBUG] HEADER:Accept-Encoding: gzip --> FIELD
[DEBUG] HEADER:User-Agent: Jsoup Testalot v0.1 --> IN_VALUE
[DEBUG] HEADER:User-Agent: Jsoup Testalot v0.1 --> FIELD
[DEBUG] HEADER:Host: localhost:35372 --> IN_VALUE
[DEBUG] HEADER:Host: localhost:35372 --> FIELD
[DEBUG] HEADER:Accept: text/html, image/gif, image/jpeg, *; q=.2, */*; q=.2 --> IN_VALUE
[DEBUG] HEADER:Accept: text/html, image/gif, image/jpeg, *; q=.2, */*; q=.2 --> FIELD
[DEBUG] HEADER:Connection: keep-alive --> IN_VALUE
[DEBUG] HEADER:Connection: keep-alive --> FIELD
[DEBUG] HEADER --> CONTENT
[DEBUG] REQUEST for //localhost:35372/CookieServlet on HttpChannelOverHttp@b9cf227{s=HttpChannelState@365987cf{s=IDLE rs=BLOCKING os=OPEN is=IDLE awp=false se=false i=true al=0},r=13,c=false/false,a=IDLE,uri=//localhost:35372/CookieServlet,age=0}
GET //localhost:35372/CookieServlet HTTP/1.1
Cookie: Bar=Qux; One=CookieServlet; One=Root
Accept-Encoding: gzip
User-Agent: Jsoup Testalot v0.1
Host: localhost:35372
Accept: text/html, image/gif, image/jpeg, *; q=.2, */*; q=.2
Connection: keep-alive


[DEBUG] HttpConnection@208a985::SocketChannelEndPoint@6269d16{l=/127.0.0.1:35372,r=/127.0.0.1:60200,OPEN,fill=-,flush=-,to=0/30000}{io=0/0,kio=0,kro=1}->HttpConnection@208a985[p=HttpParser{s=CONTENT,0 of -1},g=HttpGenerator@5c958b0c{s=START}]=>HttpChannelOverHttp@b9cf227{s=HttpChannelState@365987cf{s=IDLE rs=BLOCKING os=OPEN is=IDLE awp=false se=false i=true al=0},r=13,c=false/false,a=IDLE,uri=//localhost:35372/CookieServlet,age=0} parsed true HttpParser{s=CONTENT,0 of -1}
[DEBUG] releaseRequestBuffer HttpConnection@208a985::SocketChannelEndPoint@6269d16{l=/127.0.0.1:35372,r=/127.0.0.1:60200,OPEN,fill=-,flush=-,to=0/30000}{io=0/0,kio=0,kro=1}->HttpConnection@208a985[p=HttpParser{s=CONTENT,0 of -1},g=HttpGenerator@5c958b0c{s=START}]=>HttpChannelOverHttp@b9cf227{s=HttpChannelState@365987cf{s=IDLE rs=BLOCKING os=OPEN is=IDLE awp=false se=false i=true al=0},r=13,c=false/false,a=IDLE,uri=//localhost:35372/CookieServlet,age=0}
[DEBUG] handle //localhost:35372/CookieServlet HttpChannelOverHttp@b9cf227{s=HttpChannelState@365987cf{s=IDLE rs=BLOCKING os=OPEN is=IDLE awp=false se=false i=true al=0},r=13,c=false/false,a=IDLE,uri=//localhost:35372/CookieServlet,age=0} 
[DEBUG] handling HttpChannelState@365987cf{s=IDLE rs=BLOCKING os=OPEN is=IDLE awp=false se=false i=true al=0}
[DEBUG] action DISPATCH HttpChannelOverHttp@b9cf227{s=HttpChannelState@365987cf{s=HANDLING rs=BLOCKING os=OPEN is=IDLE awp=false se=false i=true al=0},r=13,c=false/false,a=HANDLING,uri=//localhost:35372/CookieServlet,age=0}
[DEBUG] REQUEST GET /CookieServlet on HttpChannelOverHttp@b9cf227{s=HttpChannelState@365987cf{s=HANDLING rs=BLOCKING os=OPEN is=IDLE awp=false se=false i=true al=0},r=13,c=false/false,a=HANDLING,uri=//localhost:35372/CookieServlet,age=0}
[DEBUG] servlet null|/CookieServlet|null -> org.jsoup.integration.servlets.CookieServlet-22b53226==org.jsoup.integration.servlets.CookieServlet@50417851{jsp=null,order=-1,inst=true,async=true,src=EMBEDDED:null,STARTED}
[DEBUG] chain=null
[DEBUG] write(array HeapByteBuffer@69dcf718[p=0,l=7,c=512,r=7]={<<<<table>>>>>Cookie: ...\x00\x00\x00\x00\x00\x00\x00})
[DEBUG] write(array) s=OPEN,api=BLOCKING,sc=false,e=null aggregated !flush DirectByteBuffer@7c27fa39[p=0,l=7,c=32768,r=7]={<<<<table>>>>\n</table>...gue. Pr}
[DEBUG] write(array HeapByteBuffer@4185087e[p=0,l=1,c=512,r=1]={<<<\n>>>table>>Co...\x00\x00\x00\x00\x00\x00\x00})
[DEBUG] write(array) s=OPEN,api=BLOCKING,sc=false,e=null aggregated !flush DirectByteBuffer@7c27fa39[p=0,l=8,c=32768,r=8]={<<<<table>\n>>></table>\n...gue. Pr}
[DEBUG] write(array HeapByteBuffer@3cbc6b14[p=0,l=33,c=512,r=33]={<<<<tr><th>Bar</th><td>Qux</td></tr>>>>/td></tr>...\x00\x00\x00\x00\x00\x00\x00})
[DEBUG] write(array) s=OPEN,api=BLOCKING,sc=false,e=null aggregated !flush DirectByteBuffer@7c27fa39[p=0,l=41,c=32768,r=41]={<<<<table>\n<tr><th>Bar</th><td>Qux</td></tr>>>>itle>\n   ...gue. Pr}
[DEBUG] write(array HeapByteBuffer@27fa4ab9[p=0,l=1,c=512,r=1]={<<<\n>>>tr><th>Ba...\x00\x00\x00\x00\x00\x00\x00})
[DEBUG] write(array) s=OPEN,api=BLOCKING,sc=false,e=null aggregated !flush DirectByteBuffer@7c27fa39[p=0,l=42,c=32768,r=42]={<<<<table>\n<tr><th>Bar</th><td>Qux</td></tr>\n>>>tle>\n    ...gue. Pr}
[DEBUG] write(array HeapByteBuffer@29900d69[p=0,l=43,c=512,r=43]={<<<<tr><th>One</th><td>CookieServlet</td></tr>>>>></tr>d><...\x00\x00\x00\x00\x00\x00\x00})
[DEBUG] write(array) s=OPEN,api=BLOCKING,sc=false,e=null aggregated !flush DirectByteBuffer@7c27fa39[p=0,l=85,c=32768,r=85]={<<<<table>\n<tr><th>Bar</th><...CookieServlet</td></tr>>>>, td, th ...gue. Pr}
[DEBUG] write(array HeapByteBuffer@403f26dd[p=0,l=1,c=512,r=1]={<<<\n>>>tr><th>On...\x00\x00\x00\x00\x00\x00\x00})
[DEBUG] write(array) s=OPEN,api=BLOCKING,sc=false,e=null aggregated !flush DirectByteBuffer@7c27fa39[p=0,l=86,c=32768,r=86]={<<<<table>\n<tr><th>Bar</th><...ookieServlet</td></tr>\n>>> td, th {...gue. Pr}
[DEBUG] write(array HeapByteBuffer@1f041105[p=0,l=34,c=512,r=34]={<<<<tr><th>One</th><td>Root</td></tr>>>>/td></tr>...\x00\x00\x00\x00\x00\x00\x00})
[DEBUG] write(array) s=OPEN,api=BLOCKING,sc=false,e=null aggregated !flush DirectByteBuffer@7c27fa39[p=0,l=120,c=32768,r=120]={<<<<table>\n<tr><th>Bar</th><...</th><td>Root</td></tr>>>>, sans-se...gue. Pr}
[DEBUG] write(array HeapByteBuffer@6ade3fde[p=0,l=1,c=512,r=1]={<<<\n>>>tr><th>On...\x00\x00\x00\x00\x00\x00\x00})
[DEBUG] write(array) s=OPEN,api=BLOCKING,sc=false,e=null aggregated !flush DirectByteBuffer@7c27fa39[p=0,l=121,c=32768,r=121]={<<<<table>\n<tr><th>Bar</th><.../th><td>Root</td></tr>\n>>> sans-ser...gue. Pr}
[DEBUG] write(array HeapByteBuffer@430c8ca9[p=0,l=8,c=512,r=8]={<<<</table>>>>One</th><...\x00\x00\x00\x00\x00\x00\x00})
[DEBUG] write(array) s=OPEN,api=BLOCKING,sc=false,e=null aggregated !flush DirectByteBuffer@7c27fa39[p=0,l=129,c=32768,r=129]={<<<<table>\n<tr><th>Bar</th><...Root</td></tr>\n</table>>>>rif; text...gue. Pr}
[DEBUG] write(array HeapByteBuffer@7a3c43db[p=0,l=1,c=512,r=1]={<<<\n>>>/table>On...\x00\x00\x00\x00\x00\x00\x00})
[DEBUG] write(array) s=OPEN,api=BLOCKING,sc=false,e=null aggregated !flush DirectByteBuffer@7c27fa39[p=0,l=130,c=32768,r=130]={<<<<table>\n<tr><th>Bar</th><...oot</td></tr>\n</table>\n>>>if; text-...gue. Pr}
[DEBUG] handled=true async=false committed=false on HttpChannelOverHttp@b9cf227{s=HttpChannelState@365987cf{s=HANDLING rs=BLOCKING os=OPEN is=IDLE awp=false se=false i=true al=0},r=13,c=false/false,a=HANDLING,uri=//localhost:35372/CookieServlet,age=1}
[DEBUG] unhandle HttpChannelState@365987cf{s=HANDLING rs=BLOCKING os=OPEN is=IDLE awp=false se=false i=true al=0}
[DEBUG] nextAction(false) COMPLETE HttpChannelState@365987cf{s=HANDLING rs=COMPLETING os=OPEN is=IDLE awp=false se=false i=false al=0}
[DEBUG] action COMPLETE HttpChannelOverHttp@b9cf227{s=HttpChannelState@365987cf{s=HANDLING rs=COMPLETING os=OPEN is=IDLE awp=false se=false i=false al=0},r=13,c=false/false,a=HANDLING,uri=//localhost:35372/CookieServlet,age=1}
[DEBUG] filled 0 HeapByteBuffer@460916c[p=0,l=0,c=8192,r=0]={<<<>>>GET /Cook...\x00\x00\x00\x00\x00\x00\x00}
[DEBUG] filled 0 HeapByteBuffer@460916c[p=0,l=0,c=8192,r=0]={<<<>>>GET /Cook...\x00\x00\x00\x00\x00\x00\x00}
[DEBUG] HttpConnection@208a985::SocketChannelEndPoint@6269d16{l=/127.0.0.1:35372,r=/127.0.0.1:60200,OPEN,fill=-,flush=-,to=1/30000}{io=0/0,kio=0,kro=1}->HttpConnection@208a985[p=HttpParser{s=CONTENT,0 of -1},g=HttpGenerator@5c958b0c{s=START}]=>HttpChannelOverHttp@b9cf227{s=HttpChannelState@365987cf{s=HANDLING rs=COMPLETING os=OPEN is=IDLE awp=false se=false i=false al=0},r=13,c=false/false,a=HANDLING,uri=//localhost:35372/CookieServlet,age=1} filled 0 HeapByteBuffer@460916c[p=0,l=0,c=8192,r=0]={<<<>>>GET /Cook...\x00\x00\x00\x00\x00\x00\x00}
[DEBUG] HttpConnection@208a985::SocketChannelEndPoint@6269d16{l=/127.0.0.1:35372,r=/127.0.0.1:60200,OPEN,fill=-,flush=-,to=1/30000}{io=0/0,kio=0,kro=1}->HttpConnection@208a985[p=HttpParser{s=CONTENT,0 of -1},g=HttpGenerator@5c958b0c{s=START}]=>HttpChannelOverHttp@b9cf227{s=HttpChannelState@365987cf{s=HANDLING rs=COMPLETING os=OPEN is=IDLE awp=false se=false i=false al=0},r=13,c=false/false,a=HANDLING,uri=//localhost:35372/CookieServlet,age=1} parse HeapByteBuffer@460916c[p=0,l=0,c=8192,r=0]={<<<>>>GET /Cook...\x00\x00\x00\x00\x00\x00\x00} {}
[DEBUG] parseNext s=CONTENT HeapByteBuffer@460916c[p=0,l=0,c=8192,r=0]={<<<>>>GET /Cook...\x00\x00\x00\x00\x00\x00\x00}
[DEBUG] CONTENT --> CONTENT_END
[DEBUG] onContentComplete HttpChannelOverHttp@b9cf227{s=HttpChannelState@365987cf{s=HANDLING rs=COMPLETING os=OPEN is=IDLE awp=false se=false i=false al=0},r=13,c=false/false,a=HANDLING,uri=//localhost:35372/CookieServlet,age=1}
[DEBUG] CONTENT_END --> END
[DEBUG] onRequestComplete HttpChannelOverHttp@b9cf227{s=HttpChannelState@365987cf{s=HANDLING rs=COMPLETING os=OPEN is=IDLE awp=false se=false i=false al=0},r=13,c=false/false,a=HANDLING,uri=//localhost:35372/CookieServlet,age=1}
[DEBUG] HttpInputOverHTTP@35a18e85[c=0,q=0,[0]=null,s=STREAM] addContent EOF
[DEBUG] HttpConnection@208a985::SocketChannelEndPoint@6269d16{l=/127.0.0.1:35372,r=/127.0.0.1:60200,OPEN,fill=-,flush=-,to=1/30000}{io=0/0,kio=0,kro=1}->HttpConnection@208a985[p=HttpParser{s=END,0 of -1},g=HttpGenerator@5c958b0c{s=START}]=>HttpChannelOverHttp@b9cf227{s=HttpChannelState@365987cf{s=HANDLING rs=COMPLETING os=OPEN is=IDLE awp=false se=false i=false al=0},r=13,c=false/false,a=HANDLING,uri=//localhost:35372/CookieServlet,age=2} parsed false HttpParser{s=END,0 of -1}
[DEBUG] releaseRequestBuffer HttpConnection@208a985::SocketChannelEndPoint@6269d16{l=/127.0.0.1:35372,r=/127.0.0.1:60200,OPEN,fill=-,flush=-,to=1/30000}{io=0/0,kio=0,kro=1}->HttpConnection@208a985[p=HttpParser{s=END,0 of -1},g=HttpGenerator@5c958b0c{s=START}]=>HttpChannelOverHttp@b9cf227{s=HttpChannelState@365987cf{s=HANDLING rs=COMPLETING os=OPEN is=IDLE awp=false se=false i=false al=0},r=13,c=false/false,a=HANDLING,uri=//localhost:35372/CookieServlet,age=2}
[DEBUG] complete(org.eclipse.jetty.util.Callback$3@458ff9a0) s=CLOSING,api=BLOCKED,sc=false,e=null s=false e=null, c=DirectByteBuffer@7c27fa39[p=0,l=130,c=32768,r=130]={<<<<table>\n<tr><th>Bar</th><...oot</td></tr>\n</table>\n>>>if; text-...gue. Pr}
[DEBUG] sendResponse info=null content=DirectByteBuffer@7c27fa39[p=0,l=130,c=32768,r=130]={<<<<table>\n<tr><th>Bar</th><...oot</td></tr>\n</table>\n>>>if; text-...gue. Pr} complete=true committing=true callback=org.eclipse.jetty.server.HttpOutput$WriteCompleteCB@5e341e00
[DEBUG] COMMIT for /CookieServlet on HttpChannelOverHttp@b9cf227{s=HttpChannelState@365987cf{s=HANDLING rs=COMPLETING os=COMMITTED is=IDLE awp=false se=false i=false al=0},r=13,c=false/false,a=HANDLING,uri=//localhost:35372/CookieServlet,age=2}
200 null HTTP/1.1
Date: Tue, 28 Sep 2021 06:03:39 GMT
Content-Type: text/html;charset=utf-8


[DEBUG] generate: NEED_HEADER for SendCallback@5755ce19[PROCESSING][i=HTTP/1.1{s=200,h=2,cl=-1},cb=org.eclipse.jetty.server.HttpChannel$SendCallback@797aa8ab] (null,[p=0,l=130,c=32768,r=130],true)@START
[DEBUG] generateHeaders HTTP/1.1{s=200,h=2,cl=-1} last=true content=DirectByteBuffer@7c27fa39[p=0,l=130,c=32768,r=130]={<<<<table>\n<tr><th>Bar</th><...oot</td></tr>\n</table>\n>>>if; text-...gue. Pr}
[DEBUG] Date: Tue, 28 Sep 2021 06:03:39 GMT
Content-Type: text/html;charset=utf-8


[DEBUG] CONTENT_LENGTH
[DEBUG] generate: FLUSH for SendCallback@5755ce19[PROCESSING][i=HTTP/1.1{s=200,h=2,cl=-1},cb=org.eclipse.jetty.server.HttpChannel$SendCallback@797aa8ab] ([p=0,l=149,c=8192,r=149],[p=0,l=130,c=32768,r=130],true)@COMPLETING
[DEBUG] write: WriteFlusher@2aa8ba10{IDLE}->null [HeapByteBuffer@1ef04a69[p=0,l=149,c=8192,r=149]={<<<HTTP/1.1 200 OK\r\nDate: Tu...y(9.4.43.v20210629)\r\n\r\n>>>t-Length:...\xCe\x1f\xAf\xC2\x8d\xCey},DirectByteBuffer@7c27fa39[p=0,l=130,c=32768,r=130]={<<<<table>\n<tr><th>Bar</th><...oot</td></tr>\n</table>\n>>>if; text-...gue. Pr}]
[DEBUG] update WriteFlusher@2aa8ba10{WRITING}->null:IDLE-->WRITING
]]></system-out>
  </testcase>
</testsuite>